
<!DOCTYPE html>
<html>


<head>
	<meta charset='utf-8' /> 
	<meta name='description' content='' />
	<meta name='robots' content='noodp, noydir' />
	<meta name='viewport' content='width=device-width, initial-scale=1' />
	<meta id="timeStampFormat" name="timeStampFormat" content='MMM d, yyyy hh:mm:ss a'/>
	
	<link href='https://fonts.googleapis.com/css?family=Source+Sans+Pro:400,600' rel='stylesheet' type='text/css' />
	<link href="https://fonts.googleapis.com/icon?family=Material+Icons" rel="stylesheet" />

		<link href='https://cdn.rawgit.com/anshooarora/extentreports-java/b4a58fcfd1e137bd9287244035a7c80d3d73b3af/dist/css/extent.css' type='text/css' rel='stylesheet' />
	
	<title>ExtentReports</title>

	<style type='text/css'>
	</style>
</head>

	<body class='extent standard default hide-overflow bdd-report'>
		<div id='theme-selector' alt='Click to toggle theme. To enable by default, use theme configuration.' title='Click to toggle theme. To enable by default, use theme configuration.'>
			<span><i class='material-icons'>desktop_windows</i></span>
		</div>

<nav>
	<div class="nav-wrapper">
		<a href="#!" class="brand-logo blue darken-3">Extent</a>

		<!-- slideout menu -->
		<ul id='slide-out' class='side-nav fixed hide-on-med-and-down'>
			<li class='waves-effect active'><a href='#!' view='test-view' onclick="configureView(0);chartsView('test');"><i class='material-icons'>dashboard</i></a></li>
						<li class='waves-effect'><a href='#!' view='category-view' onclick="configureView(1)"><i class='material-icons'>label_outline</i></a></li>
			<li class='waves-effect'><a href='#!' view='exception-view' onclick="configureView(2)"><i class='material-icons'>bug_report</i></a></li>
			<li class='waves-effect'><a href='#!' onclick="configureView(-1);chartsView('dashboard');" view='dashboard-view'><i class='material-icons'>track_changes</i></i></a></li>
		</ul>

		<!-- report name -->
		<span class='report-name'>ExtentReports</span>
		
		<!-- report headline -->
		<span class='report-headline'></span>

		<!-- nav-right -->
		<ul id='nav-mobile' class='right hide-on-med-and-down nav-right'>
			<li>
                <a href='#!'>
                    <span class='label suite-start-time blue darken-3'>Dec 19, 2018 05:50:56 PM</span>
				</a>
			</li>
			<li>
                <a href='#!'>
                    <span class='label blue darken-3'>3.1.5</span>
				</a>
			</li>
		</ul>
	</div>
</nav>

		<!-- container -->
		<div class='container'>

<div id='test-view' class='view'>
				
	<section id='controls'>
		<div class='controls grey lighten-4'>
			<!-- test toggle -->
			<div class='chip transparent'>
				<a class='dropdown-button tests-toggle' data-activates='tests-toggle' data-constrainwidth='true' data-beloworigin='true' data-hover='true' href='#'>
					<i class='material-icons'>warning</i> Status
				</a>
				<ul id='tests-toggle' class='dropdown-content'>
											<li status='pass'><a href='#!'>Pass <i class='material-icons green-text'>check_circle</i></a></li>
						<li status='fail'><a href='#!'>Fail <i class='material-icons red-text'>cancel</i></a></li>
						<li status='skip'><a href='#!'>Skip <i class='material-icons cyan-text'>redo</i></a></li>
					<li class='divider'></li>
					<li status='clear' clear='true'><a href='#!'>Clear Filters <i class='material-icons'>clear</i></a></li>
				</ul>
			</div>
			<!-- test toggle -->

			<!-- category toggle -->
			<div class='chip transparent'>
				<a class='dropdown-button category-toggle' data-activates='category-toggle' data-constrainwidth='false' data-beloworigin='true' data-hover='true' href='#'>
					<i class='material-icons'>local_offer</i> Category
				</a>
				<ul id='category-toggle' class='dropdown-content'>
					<li><a href='#'>@TC_01_Login</a></li>
					<li><a href='#'>@TC_02_12</a></li>
					<li><a href='#'>@TC_03</a></li>
					<li><a href='#'>@TC_04_05_07_08_09_10_11</a></li>
					<li><a href='#'>@TC_02_DV_2390_Declaration_with_verification</a></li>
					<li><a href='#'>@TC_03_DV_2390_Declaration_with_verification</a></li>
					<li><a href='#'>@TC_04_DV_2390_Declaration_with_verification</a></li>
					<li><a href='#'>@TC_05_06_DV_2390_Declaration_with_verification</a></li>
					<li><a href='#'>@TC_07_08_09_14_15_17_18_19_20_DV_2390_Declaration_with_verification</a></li>
					<li><a href='#'>@TC_16_DV_2390_Declaration_with_verification</a></li>
					<li><a href='#'>@TC_10_11_13_DV_2390_Declaration_with_verification</a></li>
					<li><a href='#'>@TC_21_DV_2390_Declaration_with_verification</a></li>
					<li><a href='#'>@TC_24_DV_2390_Declaration_with_verification</a></li>
					<li><a href='#'>@TC_22_23_25_26_27_DV_2390_Declaration_with_verification</a></li>
					<li><a href='#'>@TC_02_03_04_05_06_07_VAT_e-Filing_Preview</a></li>
					<li><a href='#'>@TC_02</a></li>
					<li><a href='#'>@TC_04_e-filing_landing_screen</a></li>
					<li><a href='#'>@TC_05_e-filing_landing_screen</a></li>
					<li><a href='#'>@TC_08_e-filing_landing_screen</a></li>
					<li><a href='#'>@TC_10_e-filing_landing_screen</a></li>
					<li class='divider'></li>
					<li class='clear'><a href='#!' clear='true'>Clear Filters</a></li>
				</ul>
			</div>
			<!-- category toggle -->

			<!-- clear filters -->
			<div class='chip transparent hide'>
				<a class='' id='clear-filters' alt='Clear Filters' title='Clear Filters'>
					<i class='material-icons'>close</i> Clear
				</a>
			</div>
			<!-- clear filters -->

			<!-- enable dashboard -->
			<div id='toggle-test-view-charts' class='chip transparent'>
				<a class='pink-text' id='enable-dashboard' alt='Enable Dashboard' title='Enable Dashboard'>
					<i class='material-icons'>track_changes</i> Dashboard
				</a>
			</div>
			<!-- enable dashboard -->

			<!-- search -->
			<div class='chip transparent' alt='Search Tests' title='Search Tests'>
				<a href="#" class='search-div'>
					<i class='material-icons'>search</i> Search
				</a>

				<div class='input-field left hide'>
					<input id='search-tests' type='text' class='validate browser-default' placeholder='Search Tests...'>
				</div>
				
			</div>
			<!-- search -->
		</div>
	</section>


<div id='test-view-charts' class='subview-full'>
	<div id='charts-row' class='row nm-v nm-h'>
		<div class='col s12 m4 l4 np-h'>
			<div class='card-panel nm-v'>
				<div class='left panel-name'>Features</div>
				<div class='chart-box'>
					<canvas id='parent-analysis' width='100' height='80'></canvas>
				</div>
				<div class='block text-small'>
					<span class='tooltipped' data-position='top' data-tooltip='25%'><span class='strong'>1</span> feature(s) passed</span>
				</div>
				<div class='block text-small'>
					<span class='strong tooltipped' data-position='top' data-tooltip='75%'>3</span> feature(s) failed, <span class='strong tooltipped' data-position='top' data-tooltip='0%'>0</span> others
				</div>
			</div>
		</div>
		
		<div class='col s12 m4 l4 np-h'>
			<div class='card-panel nm-v'>
				<div class='left panel-name'>Scenarios</div>
				<div class='chart-box'>
					<canvas id='child-analysis' width='100' height='80'></canvas>
				</div>
				<div class='block text-small'>
					<span class='tooltipped' data-position='top' data-tooltip='27.273%'><span class='strong'>6</span> scenario(s) passed</span>
				</div>
				<div class='block text-small'>
					<span class='strong tooltipped' data-position='top' data-tooltip='72.727%'>16</span> scenario(s) failed, <span class='strong tooltipped' data-position='top' data-tooltip='0%'>0</span> others
				</div>
			</div>
		</div>
		
		<div class='col s12 m4 l4 np-h'>
			<div class='card-panel nm-v'>
				<div class='left panel-name'>Steps</div>
				<div class='chart-box'>
					<canvas id='grandchild-analysis' width='100' height='80'></canvas>
				</div>
				<div class='block text-small'>
					<span class='tooltipped' data-position='top' data-tooltip='36.937%'><span class='strong'>82</span> step(s) passed</span>
				</div>
				<div class='block text-small'>
					<span class='strong tooltipped' data-position='top' data-tooltip='7.207%'>16</span> step(s) failed, <span class='strong tooltipped' data-position='top' data-tooltip='55.856%'>124</span> others
				</div>
			</div>
		</div>
	</div>
</div>

	<div class='subview-left left'>
		
		<div class='view-summary'>
			<h5>Features</h5>
			<ul id='test-collection' class='test-collection'>
				
				
				<li class='test displayed active has-leaf pass' status='pass' bdd='true' test-id='1'>
					<div class='test-heading'>
						<span class='test-name'>User is on Tax Calculation</span>
						<span class='test-time'>Dec 19, 2018 05:50:56 PM</span>
						<span class='test-status right pass'>pass</span>
					</div>
					<div class='test-content hide'>
<div class='scenariooutline node' test-id='2' status='pass'>
	<span class='duration right label'>0h 0m 27s+813ms</span>
	<div class='desc'>
		<b>ScenarioOutline</b>
		<span class="desc-text">DRC Tax Portal Login</span>
	</div>
	<ul class='steps'>
		<li test-id='3' class='node scenario pass' status='pass'>
			<div class='category-list'>
				<span class='category label white-text'>@TC_01_Login</span>
			</div>
			
			<b>Scenario</b>
			
			<span class="bdd-step-name">DRC Tax Portal Login</span>
			
				<ul class='steps'>
					<li test-id='4' class='node given pass' status='pass'><b>Given</b>
						<span class="bdd-step-name">Given User Login "e-file_Login_001" "Login into tax payer"</span>
							<div class='pre'>passed</div>
					</li>
					<li test-id='5' class='node and pass' status='pass'><b>And</b>
						<span class="bdd-step-name">And User Enter email "testarun111224@mailinator.com" and  password "Arun123"</span>
							<div class='pre'>passed</div>
					</li>
					<li test-id='6' class='node and pass' status='pass'><b>And</b>
						<span class="bdd-step-name">And User Click on SignIn</span>
						<ul class='screenshots right'>
							<li><a data-featherlight="image" href="E:\DRC Merge Regreation\DRC-Automation\test-output\Wed Dec 19\screenshots\DRC Tax Portal Login_175056.png"><i class='material-icons'>panorama</i></a></li>
						</ul>
							<div class='pre'>passed</div>
					</li>
				</ul>
		</li>
	</ul>
</div>
<div class='scenariooutline node' test-id='7' status='pass'>
	<span class='duration right label'>0h 1m 27s+296ms</span>
	<div class='desc'>
		<b>ScenarioOutline</b>
		<span class="desc-text">Validate proceed button functionality</span>
	</div>
	<ul class='steps'>
		<li test-id='8' class='node scenario pass' status='pass'>
			<div class='category-list'>
				<span class='category label white-text'>@TC_02_12</span>
			</div>
			
			<b>Scenario</b>
			
			<span class="bdd-step-name">Validate proceed button functionality</span>
			
				<ul class='steps'>
					<li test-id='9' class='node given pass' status='pass'><b>Given</b>
						<span class="bdd-step-name">Given User is on Vat e-Filing Page "Tax_Cal_02,12" "validate proceed functionality and see offset"</span>
							<div class='pre'>passed</div>
					</li>
					<li test-id='10' class='node and pass' status='pass'><b>And</b>
						<span class="bdd-step-name">And User click on Dashboard</span>
							<div class='pre'>passed</div>
					</li>
					<li test-id='11' class='node and pass' status='pass'><b>And</b>
						<span class="bdd-step-name">And User click on Tab</span>
							<div class='pre'>passed</div>
					</li>
					<li test-id='12' class='node and pass' status='pass'><b>And</b>
						<span class="bdd-step-name">And clicks on e-filing to fill data</span>
							<div class='pre'>passed</div>
					</li>
					<li test-id='13' class='node and pass' status='pass'><b>And</b>
						<span class="bdd-step-name">And User click on browser and upload file "DRC Test Data.xlsx" for tax calculation</span>
							<div class='pre'>passed</div>
					</li>
					<li test-id='14' class='node and pass' status='pass'><b>And</b>
						<span class="bdd-step-name">And User click on check box and click on submit button</span>
							<div class='pre'>passed</div>
					</li>
					<li test-id='15' class='node and pass' status='pass'><b>And</b>
						<span class="bdd-step-name">And Enter OTP and click on verify button and click on Ok button</span>
							<div class='pre'>passed</div>
					</li>
					<li test-id='16' class='node and pass' status='pass'><b>And</b>
						<span class="bdd-step-name">And User is navigate to Tax Calculation page</span>
							<div class='pre'>passed</div>
					</li>
					<li test-id='17' class='node and pass' status='pass'><b>And</b>
						<span class="bdd-step-name">And User click on proceed button on tax calculation</span>
							<div class='pre'>passed</div>
					</li>
					<li test-id='18' class='node and pass' status='pass'><b>And</b>
						<span class="bdd-step-name">And User see pop up for offset successful</span>
						<ul class='screenshots right'>
							<li><a data-featherlight="image" href="E:\DRC Merge Regreation\DRC-Automation\test-output\Wed Dec 19\screenshots\Validate proceed button functionality_175124.png"><i class='material-icons'>panorama</i></a></li>
						</ul>
							<div class='pre'>passed</div>
					</li>
				</ul>
		</li>
	</ul>
</div>
<div class='scenariooutline node' test-id='19' status='pass'>
	<span class='duration right label'>0h 0m 23s+735ms</span>
	<div class='desc'>
		<b>ScenarioOutline</b>
		<span class="desc-text">Validate the Period field.</span>
	</div>
	<ul class='steps'>
		<li test-id='20' class='node scenario pass' status='pass'>
			<div class='category-list'>
				<span class='category label white-text'>@TC_03</span>
			</div>
			
			<b>Scenario</b>
			
			<span class="bdd-step-name">Validate the Period field.</span>
			
				<ul class='steps'>
					<li test-id='21' class='node given pass' status='pass'><b>Given</b>
						<span class="bdd-step-name">Given User is on Vat e-Filing Page "Tax_Cal_03" "Validate the Period field"</span>
							<div class='pre'>passed</div>
					</li>
					<li test-id='22' class='node and pass' status='pass'><b>And</b>
						<span class="bdd-step-name">And User click on Dashboard</span>
							<div class='pre'>passed</div>
					</li>
					<li test-id='23' class='node and pass' status='pass'><b>And</b>
						<span class="bdd-step-name">And User click on Tab</span>
							<div class='pre'>passed</div>
					</li>
					<li test-id='24' class='node and pass' status='pass'><b>And</b>
						<span class="bdd-step-name">And User click on collpase icon for filing "eDec"</span>
							<div class='pre'>passed</div>
					</li>
					<li test-id='25' class='node and pass' status='pass'><b>And</b>
						<span class="bdd-step-name">And User click on file button "eDecC" and navigate to e-declaration page</span>
							<div class='pre'>passed</div>
					</li>
					<li test-id='26' class='node and pass' status='pass'><b>And</b>
						<span class="bdd-step-name">And User verify period "December, 2018" for Tax Calculation</span>
						<ul class='screenshots right'>
							<li><a data-featherlight="image" href="E:\DRC Merge Regreation\DRC-Automation\test-output\Wed Dec 19\screenshots\Validate the Period field._175252.png"><i class='material-icons'>panorama</i></a></li>
						</ul>
							<div class='pre'>passed</div>
					</li>
				</ul>
		</li>
	</ul>
</div>
<div class='scenariooutline node' test-id='27' status='pass'>
	<span class='duration right label'>0h 1m 58s+406ms</span>
	<div class='desc'>
		<b>ScenarioOutline</b>
		<span class="desc-text">Validate Tax calculation values are displayed</span>
	</div>
	<ul class='steps'>
		<li test-id='28' class='node scenario pass' status='pass'>
			<div class='category-list'>
				<span class='category label white-text'>@TC_04_05_07_08_09_10_11</span>
			</div>
			
			<b>Scenario</b>
			
			<span class="bdd-step-name">Validate Tax calculation values are displayed</span>
			
				<ul class='steps'>
					<li test-id='29' class='node given pass' status='pass'><b>Given</b>
						<span class="bdd-step-name">Given User is on Vat e-Filing Page "Tax_Cal_04_05_07_08_09_10_11" "validate Tax calculation values are displayed"</span>
							<div class='pre'>passed</div>
					</li>
					<li test-id='30' class='node and pass' status='pass'><b>And</b>
						<span class="bdd-step-name">And User click on Dashboard</span>
							<div class='pre'>passed</div>
					</li>
					<li test-id='31' class='node and pass' status='pass'><b>And</b>
						<span class="bdd-step-name">And User click on Tab</span>
							<div class='pre'>passed</div>
					</li>
					<li test-id='32' class='node and pass' status='pass'><b>And</b>
						<span class="bdd-step-name">And clicks on e-filing to fill data</span>
							<div class='pre'>passed</div>
					</li>
					<li test-id='33' class='node and pass' status='pass'><b>And</b>
						<span class="bdd-step-name">And User entered value "500" "500" "500" "500" "500" "500" "500" "500" "500" for Operation Performed  on calculation</span>
							<div class='pre'>passed</div>
					</li>
					<li test-id='34' class='node and pass' status='pass'><b>And</b>
						<span class="bdd-step-name">And User entered value "10" "10" "10" "10" "10" "10" "10" "10" for Tax Deductible On calculation</span>
							<div class='pre'>passed</div>
					</li>
					<li test-id='35' class='node and pass' status='pass'><b>And</b>
						<span class="bdd-step-name">And User entered value "10" "10" "10" "10" for Adjustment on calculation</span>
							<div class='pre'>passed</div>
					</li>
					<li test-id='36' class='node and pass' status='pass'><b>And</b>
						<span class="bdd-step-name">And User entered value "10" for Tax Calculation on calculation</span>
							<div class='pre'>passed</div>
					</li>
					<li test-id='37' class='node and pass' status='pass'><b>And</b>
						<span class="bdd-step-name">And User click on check box and click on submit button</span>
							<div class='pre'>passed</div>
					</li>
					<li test-id='38' class='node and pass' status='pass'><b>And</b>
						<span class="bdd-step-name">And Enter OTP and click on verify button and click on Ok button</span>
							<div class='pre'>passed</div>
					</li>
					<li test-id='39' class='node and pass' status='pass'><b>And</b>
						<span class="bdd-step-name">And User is navigate to Tax Calculation page</span>
							<div class='pre'>passed</div>
					</li>
					<li test-id='40' class='node and pass' status='pass'><b>And</b>
						<span class="bdd-step-name">And User verify Tax calculation</span>
							<div class='pre'>passed</div>
					</li>
					<li test-id='41' class='node and pass' status='pass'><b>And</b>
						<span class="bdd-step-name">And User click on previous button on tax calculation and navigate to e-filing landing screen</span>
						<ul class='screenshots right'>
							<li><a data-featherlight="image" href="E:\DRC Merge Regreation\DRC-Automation\test-output\Wed Dec 19\screenshots\Validate Tax calculation values are displayed_175316.png"><i class='material-icons'>panorama</i></a></li>
						</ul>
							<div class='pre'>passed</div>
					</li>
				</ul>
		</li>
	</ul>
</div>
					</div>
				</li>
				
				
				<li class='test displayed active has-leaf fail' status='fail' bdd='true' test-id='42'>
					<div class='test-heading'>
						<span class='test-name'>E-filing -> Filing -> Declaration with verification and confirmation of e-declaration</span>
						<span class='test-time'>Dec 19, 2018 05:55:16 PM</span>
						<span class='test-status right fail'>fail</span>
					</div>
					<div class='test-content hide'>
<div class='scenariooutline node' test-id='43' status='pass'>
	<span class='duration right label'>0h 1m 52s+502ms</span>
	<div class='desc'>
		<b>ScenarioOutline</b>
		<span class="desc-text">Validate whether the tax payer is able to e-file</span>
	</div>
	<ul class='steps'>
		<li test-id='44' class='node scenario pass' status='pass'>
			<div class='category-list'>
				<span class='category label white-text'>@TC_02_DV_2390_Declaration_with_verification</span>
			</div>
			
			<b>Scenario</b>
			
			<span class="bdd-step-name">Validate whether the tax payer is able to e-file</span>
			
				<ul class='steps'>
					<li test-id='45' class='node given pass' status='pass'><b>Given</b>
						<span class="bdd-step-name">Given User is on Vat e-Filing Page "Declaration_Verification_02" "validate tax payer is able to e-file and period field"</span>
							<div class='pre'>passed</div>
					</li>
					<li test-id='46' class='node and pass' status='pass'><b>And</b>
						<span class="bdd-step-name">And User click on Dashboard</span>
							<div class='pre'>passed</div>
					</li>
					<li test-id='47' class='node and pass' status='pass'><b>And</b>
						<span class="bdd-step-name">And User click on Tab</span>
							<div class='pre'>passed</div>
					</li>
					<li test-id='48' class='node and pass' status='pass'><b>And</b>
						<span class="bdd-step-name">And clicks on e-filing to fill data</span>
							<div class='pre'>passed</div>
					</li>
					<li test-id='49' class='node and pass' status='pass'><b>And</b>
						<span class="bdd-step-name">And User entered value "10000" "7000" "5000" "500" "500" "500" "500" "500" "500" for Operation Performed</span>
							<div class='pre'>passed</div>
					</li>
					<li test-id='50' class='node and pass' status='pass'><b>And</b>
						<span class="bdd-step-name">And User entered value "500" "500" "500" "500" "500" "500" "500" "500" for Tax Deductible On</span>
							<div class='pre'>passed</div>
					</li>
					<li test-id='51' class='node and pass' status='pass'><b>And</b>
						<span class="bdd-step-name">And User entered value "500" "500" "500" "500" for Adjustment</span>
							<div class='pre'>passed</div>
					</li>
					<li test-id='52' class='node and pass' status='pass'><b>And</b>
						<span class="bdd-step-name">And User entered value "10000" for Tax Calculation</span>
							<div class='pre'>passed</div>
					</li>
					<li test-id='53' class='node and pass' status='pass'><b>And</b>
						<span class="bdd-step-name">And User click on browser and upload file "DRC Test Data.xlsx"</span>
							<div class='pre'>passed</div>
					</li>
					<li test-id='54' class='node and pass' status='pass'><b>And</b>
						<span class="bdd-step-name">And User see uploaded file name in field</span>
							<div class='pre'>passed</div>
					</li>
					<li test-id='55' class='node and pass' status='pass'><b>And</b>
						<span class="bdd-step-name">And User click on check box and click on submit button</span>
							<div class='pre'>passed</div>
					</li>
					<li test-id='56' class='node and pass' status='pass'><b>And</b>
						<span class="bdd-step-name">And Enter OTP and click on verify button and click on Ok button</span>
						<ul class='screenshots right'>
							<li><a data-featherlight="image" href="E:\DRC Merge Regreation\DRC-Automation\test-output\Wed Dec 19\screenshots\Validate whether the tax payer is able to e-file_175516.png"><i class='material-icons'>panorama</i></a></li>
						</ul>
							<div class='pre'>passed</div>
					</li>
				</ul>
		</li>
	</ul>
</div>
<div class='scenariooutline node' test-id='57' status='fail'>
	<span class='duration right label'>0h 0m 32s+891ms</span>
	<div class='desc'>
		<b>ScenarioOutline</b>
		<span class="desc-text">Validate the text fields on e-filing declaration page.</span>
	</div>
	<ul class='steps'>
		<li test-id='58' class='node scenario fail' status='fail'>
			<div class='category-list'>
				<span class='category label white-text'>@TC_03_DV_2390_Declaration_with_verification</span>
			</div>
			
			<b>Scenario</b>
			
			<span class="bdd-step-name">Validate the text fields on e-filing declaration page.</span>
			
				<ul class='steps'>
					<li test-id='59' class='node given pass' status='pass'><b>Given</b>
						<span class="bdd-step-name">Given User is on Vat e-Filing Page "Declaration_Verification_03_1" "Validate the text fields"</span>
							<div class='pre'>passed</div>
					</li>
					<li test-id='60' class='node and pass' status='pass'><b>And</b>
						<span class="bdd-step-name">And User click on Dashboard</span>
							<div class='pre'>passed</div>
					</li>
					<li test-id='61' class='node and pass' status='pass'><b>And</b>
						<span class="bdd-step-name">And User click on Tab</span>
							<div class='pre'>passed</div>
					</li>
					<li test-id='62' class='node and fail' status='fail'><b>And</b>
						<span class="bdd-step-name">And clicks on e-filing to fill data</span>
							<div class='pre'><pre>org.openqa.selenium.NoSuchElementException: no such element: Unable to locate element: {"method":"xpath","selector":"(//div[@class='list-item-th text-left'])[1]"}
  (Session info: chrome=71.0.3578.98)
  (Driver info: chromedriver=2.43.600210 (68dcf5eebde37173d4027fa8635e332711d2874a),platform=Windows NT 10.0.17134 x86_64) (WARNING: The server did not provide any stacktrace information)
Command duration or timeout: 0 milliseconds
For documentation on this error, please visit: http://seleniumhq.org/exceptions/no_such_element.html
Build info: version: '3.11.0', revision: 'e59cfb3', time: '2018-03-11T20:26:55.152Z'
System info: host: '1R-23', ip: '172.16.3.23', os.name: 'Windows 10', os.arch: 'amd64', os.version: '10.0', java.version: '1.8.0_171'
Driver info: org.openqa.selenium.chrome.ChromeDriver
Capabilities {acceptInsecureCerts: false, acceptSslCerts: false, applicationCacheEnabled: false, browserConnectionEnabled: false, browserName: chrome, chrome: {chromedriverVersion: 2.43.600210 (68dcf5eebde371..., userDataDir: C:\Users\FRANKE~1.MEH\AppDa...}, cssSelectorsEnabled: true, databaseEnabled: false, goog:chromeOptions: {debuggerAddress: localhost:64796}, handlesAlerts: true, hasTouchScreen: false, javascriptEnabled: true, locationContextEnabled: true, mobileEmulationEnabled: false, nativeEvents: true, networkConnectionEnabled: false, pageLoadStrategy: normal, platform: XP, platformName: XP, rotatable: false, setWindowRect: true, takesHeapSnapshot: true, takesScreenshot: true, unexpectedAlertBehaviour: , unhandledPromptBehavior: , version: 71.0.3578.98, webStorageEnabled: true}
Session ID: c9d0cac89675cf9bc7bc42169b5b4b6f
*** Element info: {Using=xpath, value=(//div[@class='list-item-th text-left'])[1]}
	at sun.reflect.NativeConstructorAccessorImpl.newInstance0(Native Method)
	at sun.reflect.NativeConstructorAccessorImpl.newInstance(Unknown Source)
	at sun.reflect.DelegatingConstructorAccessorImpl.newInstance(Unknown Source)
	at java.lang.reflect.Constructor.newInstance(Unknown Source)
	at org.openqa.selenium.remote.ErrorHandler.createThrowable(ErrorHandler.java:214)
	at org.openqa.selenium.remote.ErrorHandler.throwIfResponseFailed(ErrorHandler.java:166)
	at org.openqa.selenium.remote.http.JsonHttpResponseCodec.reconstructValue(JsonHttpResponseCodec.java:40)
	at org.openqa.selenium.remote.http.AbstractHttpResponseCodec.decode(AbstractHttpResponseCodec.java:80)
	at org.openqa.selenium.remote.http.AbstractHttpResponseCodec.decode(AbstractHttpResponseCodec.java:44)
	at org.openqa.selenium.remote.HttpCommandExecutor.execute(HttpCommandExecutor.java:158)
	at org.openqa.selenium.remote.service.DriverCommandExecutor.execute(DriverCommandExecutor.java:83)
	at org.openqa.selenium.remote.RemoteWebDriver.execute(RemoteWebDriver.java:545)
	at org.openqa.selenium.remote.RemoteWebDriver.findElement(RemoteWebDriver.java:319)
	at org.openqa.selenium.remote.RemoteWebDriver.findElementByXPath(RemoteWebDriver.java:421)
	at org.openqa.selenium.By$ByXPath.findElement(By.java:361)
	at org.openqa.selenium.remote.RemoteWebDriver.findElement(RemoteWebDriver.java:311)
	at org.drc.vat.StepDefinitions.DV_2391_eFile_Preview.clicks_on_e_filing_to_fill_data(DV_2391_eFile_Preview.java:64)
	at ?.And clicks on e-filing to fill data(features/09_DV_2390_e_filing.feature:31)
</pre></div>
					</li>
					<li test-id='63' class='node and skip' status='skip'><b>And</b>
						<span class="bdd-step-name">And User check value "-10000" "-7000" "-5000" "-500" "-500" "-500" "-500" "-500" "-500" for Operation Performed</span>
							<div class='pre'>skipped</div>
					</li>
					<li test-id='64' class='node and skip' status='skip'><b>And</b>
						<span class="bdd-step-name">And User check value "-500" "-500" "-500" "-500" "-500" "-500" "-500" "-500" for Tax Deductible On</span>
							<div class='pre'>skipped</div>
					</li>
					<li test-id='65' class='node and skip' status='skip'><b>And</b>
						<span class="bdd-step-name">And User check value "-500" "-500" "500" "500" for Adjustment</span>
							<div class='pre'>skipped</div>
					</li>
					<li test-id='66' class='node and skip' status='skip'><b>And</b>
						<span class="bdd-step-name">And User check value "10000" for Tax Calculation</span>
						<ul class='screenshots right'>
							<li><a data-featherlight="image" href="E:\DRC Merge Regreation\DRC-Automation\test-output\Wed Dec 19\screenshots\Validate the text fields on e-filing declaration page._175709.png"><i class='material-icons'>panorama</i></a></li>
						</ul>
							<div class='pre'>skipped</div>
					</li>
				</ul>
		</li>
		<li test-id='67' class='node scenario fail' status='fail'>
			<div class='category-list'>
				<span class='category label white-text'>@TC_03_DV_2390_Declaration_with_verification</span>
			</div>
			
			<b>Scenario</b>
			
			<span class="bdd-step-name">Validate the text fields on e-filing declaration page.</span>
			
				<ul class='steps'>
					<li test-id='68' class='node given pass' status='pass'><b>Given</b>
						<span class="bdd-step-name">Given User is on Vat e-Filing Page "Declaration_Verification_03_2" "Validate the text fields"</span>
							<div class='pre'>passed</div>
					</li>
					<li test-id='69' class='node and fail' status='fail'><b>And</b>
						<span class="bdd-step-name">And User click on Dashboard</span>
							<div class='pre'><textarea>org.openqa.selenium.WebDriverException: unknown error: Element <div _ngcontent-c5="" class="d-flex ng-tns-c5-2 ng-star-inserted" ng-reflect-klass="d-flex" ng-reflect-ng-class="[object Object]" title="Dashboard">...</div> is not clickable at point (125, 115). Other element would receive the click: <div _ngcontent-c0="" class="loader d-flex align-items-center justify-content-center ng-star-inserted">...</div>
  (Session info: chrome=71.0.3578.98)
  (Driver info: chromedriver=2.43.600210 (68dcf5eebde37173d4027fa8635e332711d2874a),platform=Windows NT 10.0.17134 x86_64) (WARNING: The server did not provide any stacktrace information)
Command duration or timeout: 0 milliseconds
Build info: version: '3.11.0', revision: 'e59cfb3', time: '2018-03-11T20:26:55.152Z'
System info: host: '1R-23', ip: '172.16.3.23', os.name: 'Windows 10', os.arch: 'amd64', os.version: '10.0', java.version: '1.8.0_171'
Driver info: org.openqa.selenium.chrome.ChromeDriver
Capabilities {acceptInsecureCerts: false, acceptSslCerts: false, applicationCacheEnabled: false, browserConnectionEnabled: false, browserName: chrome, chrome: {chromedriverVersion: 2.43.600210 (68dcf5eebde371..., userDataDir: C:\Users\FRANKE~1.MEH\AppDa...}, cssSelectorsEnabled: true, databaseEnabled: false, goog:chromeOptions: {debuggerAddress: localhost:64796}, handlesAlerts: true, hasTouchScreen: false, javascriptEnabled: true, locationContextEnabled: true, mobileEmulationEnabled: false, nativeEvents: true, networkConnectionEnabled: false, pageLoadStrategy: normal, platform: XP, platformName: XP, rotatable: false, setWindowRect: true, takesHeapSnapshot: true, takesScreenshot: true, unexpectedAlertBehaviour: , unhandledPromptBehavior: , version: 71.0.3578.98, webStorageEnabled: true}
Session ID: c9d0cac89675cf9bc7bc42169b5b4b6f
	at sun.reflect.NativeConstructorAccessorImpl.newInstance0(Native Method)
	at sun.reflect.NativeConstructorAccessorImpl.newInstance(Unknown Source)
	at sun.reflect.DelegatingConstructorAccessorImpl.newInstance(Unknown Source)
	at java.lang.reflect.Constructor.newInstance(Unknown Source)
	at org.openqa.selenium.remote.ErrorHandler.createThrowable(ErrorHandler.java:214)
	at org.openqa.selenium.remote.ErrorHandler.throwIfResponseFailed(ErrorHandler.java:166)
	at org.openqa.selenium.remote.http.JsonHttpResponseCodec.reconstructValue(JsonHttpResponseCodec.java:40)
	at org.openqa.selenium.remote.http.AbstractHttpResponseCodec.decode(AbstractHttpResponseCodec.java:80)
	at org.openqa.selenium.remote.http.AbstractHttpResponseCodec.decode(AbstractHttpResponseCodec.java:44)
	at org.openqa.selenium.remote.HttpCommandExecutor.execute(HttpCommandExecutor.java:158)
	at org.openqa.selenium.remote.service.DriverCommandExecutor.execute(DriverCommandExecutor.java:83)
	at org.openqa.selenium.remote.RemoteWebDriver.execute(RemoteWebDriver.java:545)
	at org.openqa.selenium.remote.RemoteWebElement.execute(RemoteWebElement.java:279)
	at org.openqa.selenium.remote.RemoteWebElement.click(RemoteWebElement.java:83)
	at org.drc.vat.appmanager.HelperBase.clickOn(HelperBase.java:96)
	at org.drc.vat.StepDefinitions.DV_2882_Manual_Assessed_LandingScreen.user_click_on_Dashboard(DV_2882_Manual_Assessed_LandingScreen.java:26)
	at ?.And User click on Dashboard(features/09_DV_2390_e_filing.feature:29)
</textarea></div>
					</li>
					<li test-id='70' class='node and skip' status='skip'><b>And</b>
						<span class="bdd-step-name">And User click on Tab</span>
							<div class='pre'>skipped</div>
					</li>
					<li test-id='71' class='node and skip' status='skip'><b>And</b>
						<span class="bdd-step-name">And clicks on e-filing to fill data</span>
							<div class='pre'>skipped</div>
					</li>
					<li test-id='72' class='node and skip' status='skip'><b>And</b>
						<span class="bdd-step-name">And User check value "A0b00" "b000" "c000" "d00" "e00" "s00" "h00" "a00" "sd0" for Operation Performed</span>
							<div class='pre'>skipped</div>
					</li>
					<li test-id='73' class='node and skip' status='skip'><b>And</b>
						<span class="bdd-step-name">And User check value "j00" "f00" "h00" "h00" "a00" "h00" "h00" "h00" for Tax Deductible On</span>
							<div class='pre'>skipped</div>
					</li>
					<li test-id='74' class='node and skip' status='skip'><b>And</b>
						<span class="bdd-step-name">And User check value "gh00" "h00" "g00" "f00" for Adjustment</span>
							<div class='pre'>skipped</div>
					</li>
					<li test-id='75' class='node and skip' status='skip'><b>And</b>
						<span class="bdd-step-name">And User check value "h000" for Tax Calculation</span>
						<ul class='screenshots right'>
							<li><a data-featherlight="image" href="E:\DRC Merge Regreation\DRC-Automation\test-output\Wed Dec 19\screenshots\Validate the text fields on e-filing declaration page._175736.png"><i class='material-icons'>panorama</i></a></li>
						</ul>
							<div class='pre'>skipped</div>
					</li>
				</ul>
		</li>
	</ul>
</div>
<div class='scenariooutline node' test-id='76' status='fail'>
	<span class='duration right label'>0h 0m 5s+576ms</span>
	<div class='desc'>
		<b>ScenarioOutline</b>
		<span class="desc-text">Validate the Period field.</span>
	</div>
	<ul class='steps'>
		<li test-id='77' class='node scenario fail' status='fail'>
			<div class='category-list'>
				<span class='category label white-text'>@TC_04_DV_2390_Declaration_with_verification</span>
			</div>
			
			<b>Scenario</b>
			
			<span class="bdd-step-name">Validate the Period field.</span>
			
				<ul class='steps'>
					<li test-id='78' class='node given pass' status='pass'><b>Given</b>
						<span class="bdd-step-name">Given User is on Vat e-Filing Page "Declaration_Verification_04" "Validate the Period field"</span>
							<div class='pre'>passed</div>
					</li>
					<li test-id='79' class='node and fail' status='fail'><b>And</b>
						<span class="bdd-step-name">And User click on Dashboard</span>
							<div class='pre'><textarea>org.openqa.selenium.WebDriverException: unknown error: Element <div _ngcontent-c5="" class="d-flex ng-tns-c5-2 ng-star-inserted" ng-reflect-klass="d-flex" ng-reflect-ng-class="[object Object]" title="Dashboard">...</div> is not clickable at point (125, 115). Other element would receive the click: <div _ngcontent-c0="" class="loader d-flex align-items-center justify-content-center ng-star-inserted">...</div>
  (Session info: chrome=71.0.3578.98)
  (Driver info: chromedriver=2.43.600210 (68dcf5eebde37173d4027fa8635e332711d2874a),platform=Windows NT 10.0.17134 x86_64) (WARNING: The server did not provide any stacktrace information)
Command duration or timeout: 0 milliseconds
Build info: version: '3.11.0', revision: 'e59cfb3', time: '2018-03-11T20:26:55.152Z'
System info: host: '1R-23', ip: '172.16.3.23', os.name: 'Windows 10', os.arch: 'amd64', os.version: '10.0', java.version: '1.8.0_171'
Driver info: org.openqa.selenium.chrome.ChromeDriver
Capabilities {acceptInsecureCerts: false, acceptSslCerts: false, applicationCacheEnabled: false, browserConnectionEnabled: false, browserName: chrome, chrome: {chromedriverVersion: 2.43.600210 (68dcf5eebde371..., userDataDir: C:\Users\FRANKE~1.MEH\AppDa...}, cssSelectorsEnabled: true, databaseEnabled: false, goog:chromeOptions: {debuggerAddress: localhost:64796}, handlesAlerts: true, hasTouchScreen: false, javascriptEnabled: true, locationContextEnabled: true, mobileEmulationEnabled: false, nativeEvents: true, networkConnectionEnabled: false, pageLoadStrategy: normal, platform: XP, platformName: XP, rotatable: false, setWindowRect: true, takesHeapSnapshot: true, takesScreenshot: true, unexpectedAlertBehaviour: , unhandledPromptBehavior: , version: 71.0.3578.98, webStorageEnabled: true}
Session ID: c9d0cac89675cf9bc7bc42169b5b4b6f
	at sun.reflect.NativeConstructorAccessorImpl.newInstance0(Native Method)
	at sun.reflect.NativeConstructorAccessorImpl.newInstance(Unknown Source)
	at sun.reflect.DelegatingConstructorAccessorImpl.newInstance(Unknown Source)
	at java.lang.reflect.Constructor.newInstance(Unknown Source)
	at org.openqa.selenium.remote.ErrorHandler.createThrowable(ErrorHandler.java:214)
	at org.openqa.selenium.remote.ErrorHandler.throwIfResponseFailed(ErrorHandler.java:166)
	at org.openqa.selenium.remote.http.JsonHttpResponseCodec.reconstructValue(JsonHttpResponseCodec.java:40)
	at org.openqa.selenium.remote.http.AbstractHttpResponseCodec.decode(AbstractHttpResponseCodec.java:80)
	at org.openqa.selenium.remote.http.AbstractHttpResponseCodec.decode(AbstractHttpResponseCodec.java:44)
	at org.openqa.selenium.remote.HttpCommandExecutor.execute(HttpCommandExecutor.java:158)
	at org.openqa.selenium.remote.service.DriverCommandExecutor.execute(DriverCommandExecutor.java:83)
	at org.openqa.selenium.remote.RemoteWebDriver.execute(RemoteWebDriver.java:545)
	at org.openqa.selenium.remote.RemoteWebElement.execute(RemoteWebElement.java:279)
	at org.openqa.selenium.remote.RemoteWebElement.click(RemoteWebElement.java:83)
	at org.drc.vat.appmanager.HelperBase.clickOn(HelperBase.java:96)
	at org.drc.vat.StepDefinitions.DV_2882_Manual_Assessed_LandingScreen.user_click_on_Dashboard(DV_2882_Manual_Assessed_LandingScreen.java:26)
	at ?.And User click on Dashboard(features/09_DV_2390_e_filing.feature:45)
</textarea></div>
					</li>
					<li test-id='80' class='node and skip' status='skip'><b>And</b>
						<span class="bdd-step-name">And User click on Tab</span>
							<div class='pre'>skipped</div>
					</li>
					<li test-id='81' class='node and skip' status='skip'><b>And</b>
						<span class="bdd-step-name">And User click on collpase icon for filing "eDec"</span>
							<div class='pre'>skipped</div>
					</li>
					<li test-id='82' class='node and skip' status='skip'><b>And</b>
						<span class="bdd-step-name">And User click on file button "eDecC" and navigate to e-declaration page</span>
							<div class='pre'>skipped</div>
					</li>
					<li test-id='83' class='node and skip' status='skip'><b>And</b>
						<span class="bdd-step-name">And User verify period "December, 2018" for Tax Calculation</span>
						<ul class='screenshots right'>
							<li><a data-featherlight="image" href="E:\DRC Merge Regreation\DRC-Automation\test-output\Wed Dec 19\screenshots\Validate the Period field._175742.png"><i class='material-icons'>panorama</i></a></li>
						</ul>
							<div class='pre'>skipped</div>
					</li>
				</ul>
		</li>
	</ul>
</div>
<div class='scenariooutline node' test-id='84' status='fail'>
	<span class='duration right label'>0h 0m 5s+592ms</span>
	<div class='desc'>
		<b>ScenarioOutline</b>
		<span class="desc-text">Validate the delivery of services field under Turnover realized column</span>
	</div>
	<ul class='steps'>
		<li test-id='85' class='node scenario fail' status='fail'>
			<div class='category-list'>
				<span class='category label white-text'>@TC_05_06_DV_2390_Declaration_with_verification</span>
			</div>
			
			<b>Scenario</b>
			
			<span class="bdd-step-name">Validate the delivery of services field under Turnover realized column</span>
			
				<ul class='steps'>
					<li test-id='86' class='node given pass' status='pass'><b>Given</b>
						<span class="bdd-step-name">Given User is on Vat e-Filing Page "Declaration_Verification_05_06" "validate delivery of services field"</span>
							<div class='pre'>passed</div>
					</li>
					<li test-id='87' class='node and fail' status='fail'><b>And</b>
						<span class="bdd-step-name">And User click on Dashboard</span>
							<div class='pre'><textarea>org.openqa.selenium.WebDriverException: unknown error: Element <div _ngcontent-c5="" class="d-flex ng-tns-c5-2 ng-star-inserted" ng-reflect-klass="d-flex" ng-reflect-ng-class="[object Object]" title="Dashboard">...</div> is not clickable at point (125, 115). Other element would receive the click: <div _ngcontent-c0="" class="loader d-flex align-items-center justify-content-center ng-star-inserted">...</div>
  (Session info: chrome=71.0.3578.98)
  (Driver info: chromedriver=2.43.600210 (68dcf5eebde37173d4027fa8635e332711d2874a),platform=Windows NT 10.0.17134 x86_64) (WARNING: The server did not provide any stacktrace information)
Command duration or timeout: 0 milliseconds
Build info: version: '3.11.0', revision: 'e59cfb3', time: '2018-03-11T20:26:55.152Z'
System info: host: '1R-23', ip: '172.16.3.23', os.name: 'Windows 10', os.arch: 'amd64', os.version: '10.0', java.version: '1.8.0_171'
Driver info: org.openqa.selenium.chrome.ChromeDriver
Capabilities {acceptInsecureCerts: false, acceptSslCerts: false, applicationCacheEnabled: false, browserConnectionEnabled: false, browserName: chrome, chrome: {chromedriverVersion: 2.43.600210 (68dcf5eebde371..., userDataDir: C:\Users\FRANKE~1.MEH\AppDa...}, cssSelectorsEnabled: true, databaseEnabled: false, goog:chromeOptions: {debuggerAddress: localhost:64796}, handlesAlerts: true, hasTouchScreen: false, javascriptEnabled: true, locationContextEnabled: true, mobileEmulationEnabled: false, nativeEvents: true, networkConnectionEnabled: false, pageLoadStrategy: normal, platform: XP, platformName: XP, rotatable: false, setWindowRect: true, takesHeapSnapshot: true, takesScreenshot: true, unexpectedAlertBehaviour: , unhandledPromptBehavior: , version: 71.0.3578.98, webStorageEnabled: true}
Session ID: c9d0cac89675cf9bc7bc42169b5b4b6f
	at sun.reflect.NativeConstructorAccessorImpl.newInstance0(Native Method)
	at sun.reflect.NativeConstructorAccessorImpl.newInstance(Unknown Source)
	at sun.reflect.DelegatingConstructorAccessorImpl.newInstance(Unknown Source)
	at java.lang.reflect.Constructor.newInstance(Unknown Source)
	at org.openqa.selenium.remote.ErrorHandler.createThrowable(ErrorHandler.java:214)
	at org.openqa.selenium.remote.ErrorHandler.throwIfResponseFailed(ErrorHandler.java:166)
	at org.openqa.selenium.remote.http.JsonHttpResponseCodec.reconstructValue(JsonHttpResponseCodec.java:40)
	at org.openqa.selenium.remote.http.AbstractHttpResponseCodec.decode(AbstractHttpResponseCodec.java:80)
	at org.openqa.selenium.remote.http.AbstractHttpResponseCodec.decode(AbstractHttpResponseCodec.java:44)
	at org.openqa.selenium.remote.HttpCommandExecutor.execute(HttpCommandExecutor.java:158)
	at org.openqa.selenium.remote.service.DriverCommandExecutor.execute(DriverCommandExecutor.java:83)
	at org.openqa.selenium.remote.RemoteWebDriver.execute(RemoteWebDriver.java:545)
	at org.openqa.selenium.remote.RemoteWebElement.execute(RemoteWebElement.java:279)
	at org.openqa.selenium.remote.RemoteWebElement.click(RemoteWebElement.java:83)
	at org.drc.vat.appmanager.HelperBase.clickOn(HelperBase.java:96)
	at org.drc.vat.StepDefinitions.DV_2882_Manual_Assessed_LandingScreen.user_click_on_Dashboard(DV_2882_Manual_Assessed_LandingScreen.java:26)
	at ?.And User click on Dashboard(features/09_DV_2390_e_filing.feature:58)
</textarea></div>
					</li>
					<li test-id='88' class='node and skip' status='skip'><b>And</b>
						<span class="bdd-step-name">And User click on Tab</span>
							<div class='pre'>skipped</div>
					</li>
					<li test-id='89' class='node and skip' status='skip'><b>And</b>
						<span class="bdd-step-name">And clicks on e-filing to fill data</span>
							<div class='pre'>skipped</div>
					</li>
					<li test-id='90' class='node and skip' status='skip'><b>And</b>
						<span class="bdd-step-name">And User entered value "5000" "2000" for Delivery of services</span>
							<div class='pre'>skipped</div>
					</li>
					<li test-id='91' class='node and skip' status='skip'><b>And</b>
						<span class="bdd-step-name">And User check entered value for Delivery of services</span>
							<div class='pre'>skipped</div>
					</li>
					<li test-id='92' class='node and skip' status='skip'><b>And</b>
						<span class="bdd-step-name">And User entered value "2000" "5000" for Delivery of services</span>
							<div class='pre'>skipped</div>
					</li>
					<li test-id='93' class='node and skip' status='skip'><b>And</b>
						<span class="bdd-step-name">And User see message "Turnover realized can not be less than taxable turnover"</span>
						<ul class='screenshots right'>
							<li><a data-featherlight="image" href="E:\DRC Merge Regreation\DRC-Automation\test-output\Wed Dec 19\screenshots\Validate the delivery of services field under Turnover realized column_175748.png"><i class='material-icons'>panorama</i></a></li>
						</ul>
							<div class='pre'>skipped</div>
					</li>
				</ul>
		</li>
	</ul>
</div>
<div class='scenariooutline node' test-id='94' status='fail'>
	<span class='duration right label'>0h 0m 26s+544ms</span>
	<div class='desc'>
		<b>ScenarioOutline</b>
		<span class="desc-text">Validate the amounts under VAT collected column (16%) , Total FC taxble turnover , total vat collected (16%) , Net VAT to be paid ,VAT Credit,Amount to Pay,VAT credit carried forward,  Vat on externally financed public procurement</span>
	</div>
	<ul class='steps'>
		<li test-id='95' class='node scenario fail' status='fail'>
			<div class='category-list'>
				<span class='category label white-text'>@TC_07_08_09_14_15_17_18_19_20_DV_2390_Declaration_with_verification</span>
			</div>
			
			<b>Scenario</b>
			
			<span class="bdd-step-name">Validate the amounts under VAT collected column (16%) , Total FC taxble turnover , total vat collected (16%) , Net VAT to be paid ,VAT Credit,Amount to Pay,VAT credit carried forward,  Vat on externally financed public procurement</span>
			
				<ul class='steps'>
					<li test-id='96' class='node given pass' status='pass'><b>Given</b>
						<span class="bdd-step-name">Given User is on Vat e-Filing Page "<TestcaseID>" "Enter data in E-filling form"</span>
							<div class='pre'>passed</div>
					</li>
					<li test-id='97' class='node and pass' status='pass'><b>And</b>
						<span class="bdd-step-name">And User click on Dashboard</span>
							<div class='pre'>passed</div>
					</li>
					<li test-id='98' class='node and pass' status='pass'><b>And</b>
						<span class="bdd-step-name">And User click on Tab</span>
							<div class='pre'>passed</div>
					</li>
					<li test-id='99' class='node and fail' status='fail'><b>And</b>
						<span class="bdd-step-name">And clicks on e-filing to fill data</span>
							<div class='pre'><pre>org.openqa.selenium.NoSuchElementException: no such element: Unable to locate element: {"method":"xpath","selector":"(//div[@class='list-item-th text-left'])[1]"}
  (Session info: chrome=71.0.3578.98)
  (Driver info: chromedriver=2.43.600210 (68dcf5eebde37173d4027fa8635e332711d2874a),platform=Windows NT 10.0.17134 x86_64) (WARNING: The server did not provide any stacktrace information)
Command duration or timeout: 0 milliseconds
For documentation on this error, please visit: http://seleniumhq.org/exceptions/no_such_element.html
Build info: version: '3.11.0', revision: 'e59cfb3', time: '2018-03-11T20:26:55.152Z'
System info: host: '1R-23', ip: '172.16.3.23', os.name: 'Windows 10', os.arch: 'amd64', os.version: '10.0', java.version: '1.8.0_171'
Driver info: org.openqa.selenium.chrome.ChromeDriver
Capabilities {acceptInsecureCerts: false, acceptSslCerts: false, applicationCacheEnabled: false, browserConnectionEnabled: false, browserName: chrome, chrome: {chromedriverVersion: 2.43.600210 (68dcf5eebde371..., userDataDir: C:\Users\FRANKE~1.MEH\AppDa...}, cssSelectorsEnabled: true, databaseEnabled: false, goog:chromeOptions: {debuggerAddress: localhost:64796}, handlesAlerts: true, hasTouchScreen: false, javascriptEnabled: true, locationContextEnabled: true, mobileEmulationEnabled: false, nativeEvents: true, networkConnectionEnabled: false, pageLoadStrategy: normal, platform: XP, platformName: XP, rotatable: false, setWindowRect: true, takesHeapSnapshot: true, takesScreenshot: true, unexpectedAlertBehaviour: , unhandledPromptBehavior: , version: 71.0.3578.98, webStorageEnabled: true}
Session ID: c9d0cac89675cf9bc7bc42169b5b4b6f
*** Element info: {Using=xpath, value=(//div[@class='list-item-th text-left'])[1]}
	at sun.reflect.NativeConstructorAccessorImpl.newInstance0(Native Method)
	at sun.reflect.NativeConstructorAccessorImpl.newInstance(Unknown Source)
	at sun.reflect.DelegatingConstructorAccessorImpl.newInstance(Unknown Source)
	at java.lang.reflect.Constructor.newInstance(Unknown Source)
	at org.openqa.selenium.remote.ErrorHandler.createThrowable(ErrorHandler.java:214)
	at org.openqa.selenium.remote.ErrorHandler.throwIfResponseFailed(ErrorHandler.java:166)
	at org.openqa.selenium.remote.http.JsonHttpResponseCodec.reconstructValue(JsonHttpResponseCodec.java:40)
	at org.openqa.selenium.remote.http.AbstractHttpResponseCodec.decode(AbstractHttpResponseCodec.java:80)
	at org.openqa.selenium.remote.http.AbstractHttpResponseCodec.decode(AbstractHttpResponseCodec.java:44)
	at org.openqa.selenium.remote.HttpCommandExecutor.execute(HttpCommandExecutor.java:158)
	at org.openqa.selenium.remote.service.DriverCommandExecutor.execute(DriverCommandExecutor.java:83)
	at org.openqa.selenium.remote.RemoteWebDriver.execute(RemoteWebDriver.java:545)
	at org.openqa.selenium.remote.RemoteWebDriver.findElement(RemoteWebDriver.java:319)
	at org.openqa.selenium.remote.RemoteWebDriver.findElementByXPath(RemoteWebDriver.java:421)
	at org.openqa.selenium.By$ByXPath.findElement(By.java:361)
	at org.openqa.selenium.remote.RemoteWebDriver.findElement(RemoteWebDriver.java:311)
	at org.drc.vat.StepDefinitions.DV_2391_eFile_Preview.clicks_on_e_filing_to_fill_data(DV_2391_eFile_Preview.java:64)
	at ?.And clicks on e-filing to fill data(features/09_DV_2390_e_filing.feature:75)
</pre></div>
					</li>
					<li test-id='100' class='node and skip' status='skip'><b>And</b>
						<span class="bdd-step-name">And Enter data in Operation Performed "500","500","500" , "500","500", "500" ,"500", "500","500" for amount under vat collected</span>
							<div class='pre'>skipped</div>
					</li>
					<li test-id='101' class='node and skip' status='skip'><b>And</b>
						<span class="bdd-step-name">And Enter data in Deduction "10" ,"10", "10" ,"10","10","10" ,"10" ,"10" and validate total value for Amount of VAT Deductible</span>
							<div class='pre'>skipped</div>
					</li>
					<li test-id='102' class='node and skip' status='skip'><b>And</b>
						<span class="bdd-step-name">And User entered value "10" "10" "10" "10" for Adjustment calculation</span>
							<div class='pre'>skipped</div>
					</li>
					<li test-id='103' class='node and skip' status='skip'><b>And</b>
						<span class="bdd-step-name">And calculate tax calculations and enter "10"</span>
						<ul class='screenshots right'>
							<li><a data-featherlight="image" href="E:\DRC Merge Regreation\DRC-Automation\test-output\Wed Dec 19\screenshots\Validate the amounts under VAT collected column (16%) , Total FC taxble turnover , total vat collected (16%) , Net VAT to be paid ,VAT Credit,Amount to Pay,VAT credit carried forward,  Vat on externally financed public procurement_175755.png"><i class='material-icons'>panorama</i></a></li>
						</ul>
							<div class='pre'>skipped</div>
					</li>
				</ul>
		</li>
	</ul>
</div>
<div class='scenariooutline node' test-id='104' status='fail'>
	<span class='duration right label'>0h 2m 50s+154ms</span>
	<div class='desc'>
		<b>ScenarioOutline</b>
		<span class="desc-text">Validate result of the formula  in Net VAT to be paid field under Tax Calculation section</span>
	</div>
	<ul class='steps'>
		<li test-id='105' class='node scenario pass' status='pass'>
			<div class='category-list'>
				<span class='category label white-text'>@TC_16_DV_2390_Declaration_with_verification</span>
			</div>
			
			<b>Scenario</b>
			
			<span class="bdd-step-name">Validate result of the formula  in Net VAT to be paid field under Tax Calculation section</span>
			
				<ul class='steps'>
					<li test-id='106' class='node given pass' status='pass'><b>Given</b>
						<span class="bdd-step-name">Given User is on Vat e-Filing Page "Declaration_Verification_16_1" "Enter data in E-filling form  Net VAT to be paid is Negative"</span>
							<div class='pre'>passed</div>
					</li>
					<li test-id='107' class='node and pass' status='pass'><b>And</b>
						<span class="bdd-step-name">And User click on Dashboard</span>
							<div class='pre'>passed</div>
					</li>
					<li test-id='108' class='node and pass' status='pass'><b>And</b>
						<span class="bdd-step-name">And User click on Tab</span>
							<div class='pre'>passed</div>
					</li>
					<li test-id='109' class='node and pass' status='pass'><b>And</b>
						<span class="bdd-step-name">And clicks on e-filing to fill data</span>
							<div class='pre'>passed</div>
					</li>
					<li test-id='110' class='node and pass' status='pass'><b>And</b>
						<span class="bdd-step-name">And Enter data in Operation Performed "0","0","0" , "0","0", "0" ,"0", "0","0" for amount under vat collected</span>
							<div class='pre'>passed</div>
					</li>
					<li test-id='111' class='node and pass' status='pass'><b>And</b>
						<span class="bdd-step-name">And Enter data in Deduction "500" ,"500", "500" ,"500","500","500" ,"500" ,"500" and validate total value for Amount of VAT Deductible</span>
							<div class='pre'>passed</div>
					</li>
					<li test-id='112' class='node and pass' status='pass'><b>And</b>
						<span class="bdd-step-name">And User entered value "0" "0" "0" "0" for Adjustment calculation</span>
							<div class='pre'>passed</div>
					</li>
					<li test-id='113' class='node and pass' status='pass'><b>And</b>
						<span class="bdd-step-name">And calculate tax calculations and enter "0"</span>
							<div class='pre'>passed</div>
					</li>
					<li test-id='114' class='node and pass' status='pass'><b>And</b>
						<span class="bdd-step-name">And User click on check box and click on submit button</span>
							<div class='pre'>passed</div>
					</li>
					<li test-id='115' class='node and pass' status='pass'><b>And</b>
						<span class="bdd-step-name">And Enter OTP and click on verify button and click on Ok button</span>
						<ul class='screenshots right'>
							<li><a data-featherlight="image" href="E:\DRC Merge Regreation\DRC-Automation\test-output\Wed Dec 19\screenshots\Validate result of the formula  in Net VAT to be paid field under Tax Calculation section_175822.png"><i class='material-icons'>panorama</i></a></li>
						</ul>
							<div class='pre'>passed</div>
					</li>
				</ul>
		</li>
		<li test-id='116' class='node scenario fail' status='fail'>
			<div class='category-list'>
				<span class='category label white-text'>@TC_16_DV_2390_Declaration_with_verification</span>
			</div>
			
			<b>Scenario</b>
			
			<span class="bdd-step-name">Validate result of the formula  in Net VAT to be paid field under Tax Calculation section</span>
			
				<ul class='steps'>
					<li test-id='117' class='node given pass' status='pass'><b>Given</b>
						<span class="bdd-step-name">Given User is on Vat e-Filing Page "Declaration_Verification_16_2" "Enter data in E-filling form Net VAT to be paid is Zero"</span>
							<div class='pre'>passed</div>
					</li>
					<li test-id='118' class='node and pass' status='pass'><b>And</b>
						<span class="bdd-step-name">And User click on Dashboard</span>
							<div class='pre'>passed</div>
					</li>
					<li test-id='119' class='node and pass' status='pass'><b>And</b>
						<span class="bdd-step-name">And User click on Tab</span>
							<div class='pre'>passed</div>
					</li>
					<li test-id='120' class='node and pass' status='pass'><b>And</b>
						<span class="bdd-step-name">And clicks on e-filing to fill data</span>
							<div class='pre'>passed</div>
					</li>
					<li test-id='121' class='node and pass' status='pass'><b>And</b>
						<span class="bdd-step-name">And Enter data in Operation Performed "500","500","500" , "500","500", "500" ,"500", "500","500" for amount under vat collected</span>
							<div class='pre'>passed</div>
					</li>
					<li test-id='122' class='node and pass' status='pass'><b>And</b>
						<span class="bdd-step-name">And Enter data in Deduction "2000" ,"200", "2000" ,"200","2000","200" ,"2000" ,"200" and validate total value for Amount of VAT Deductible</span>
							<div class='pre'>passed</div>
					</li>
					<li test-id='123' class='node and pass' status='pass'><b>And</b>
						<span class="bdd-step-name">And User entered value "0" "0" "0" "0" for Adjustment calculation</span>
							<div class='pre'>passed</div>
					</li>
					<li test-id='124' class='node and pass' status='pass'><b>And</b>
						<span class="bdd-step-name">And calculate tax calculations and enter "0"</span>
							<div class='pre'>passed</div>
					</li>
					<li test-id='125' class='node and pass' status='pass'><b>And</b>
						<span class="bdd-step-name">And User click on check box and click on submit button</span>
							<div class='pre'>passed</div>
					</li>
					<li test-id='126' class='node and fail' status='fail'><b>And</b>
						<span class="bdd-step-name">And Enter OTP and click on verify button and click on Ok button</span>
						<ul class='screenshots right'>
							<li><a data-featherlight="image" href="E:\DRC Merge Regreation\DRC-Automation\test-output\Wed Dec 19\screenshots\Validate result of the formula  in Net VAT to be paid field under Tax Calculation section_175946.png"><i class='material-icons'>panorama</i></a></li>
						</ul>
							<div class='pre'><pre>org.openqa.selenium.NoSuchElementException: no such element: Unable to locate element: {"method":"xpath","selector":"//*[@title='OK']"}
  (Session info: chrome=71.0.3578.98)
  (Driver info: chromedriver=2.43.600210 (68dcf5eebde37173d4027fa8635e332711d2874a),platform=Windows NT 10.0.17134 x86_64) (WARNING: The server did not provide any stacktrace information)
Command duration or timeout: 0 milliseconds
For documentation on this error, please visit: http://seleniumhq.org/exceptions/no_such_element.html
Build info: version: '3.11.0', revision: 'e59cfb3', time: '2018-03-11T20:26:55.152Z'
System info: host: '1R-23', ip: '172.16.3.23', os.name: 'Windows 10', os.arch: 'amd64', os.version: '10.0', java.version: '1.8.0_171'
Driver info: org.openqa.selenium.chrome.ChromeDriver
Capabilities {acceptInsecureCerts: false, acceptSslCerts: false, applicationCacheEnabled: false, browserConnectionEnabled: false, browserName: chrome, chrome: {chromedriverVersion: 2.43.600210 (68dcf5eebde371..., userDataDir: C:\Users\FRANKE~1.MEH\AppDa...}, cssSelectorsEnabled: true, databaseEnabled: false, goog:chromeOptions: {debuggerAddress: localhost:64796}, handlesAlerts: true, hasTouchScreen: false, javascriptEnabled: true, locationContextEnabled: true, mobileEmulationEnabled: false, nativeEvents: true, networkConnectionEnabled: false, pageLoadStrategy: normal, platform: XP, platformName: XP, rotatable: false, setWindowRect: true, takesHeapSnapshot: true, takesScreenshot: true, unexpectedAlertBehaviour: , unhandledPromptBehavior: , version: 71.0.3578.98, webStorageEnabled: true}
Session ID: c9d0cac89675cf9bc7bc42169b5b4b6f
*** Element info: {Using=xpath, value=//*[@title='OK']}
	at sun.reflect.NativeConstructorAccessorImpl.newInstance0(Native Method)
	at sun.reflect.NativeConstructorAccessorImpl.newInstance(Unknown Source)
	at sun.reflect.DelegatingConstructorAccessorImpl.newInstance(Unknown Source)
	at java.lang.reflect.Constructor.newInstance(Unknown Source)
	at org.openqa.selenium.remote.ErrorHandler.createThrowable(ErrorHandler.java:214)
	at org.openqa.selenium.remote.ErrorHandler.throwIfResponseFailed(ErrorHandler.java:166)
	at org.openqa.selenium.remote.http.JsonHttpResponseCodec.reconstructValue(JsonHttpResponseCodec.java:40)
	at org.openqa.selenium.remote.http.AbstractHttpResponseCodec.decode(AbstractHttpResponseCodec.java:80)
	at org.openqa.selenium.remote.http.AbstractHttpResponseCodec.decode(AbstractHttpResponseCodec.java:44)
	at org.openqa.selenium.remote.HttpCommandExecutor.execute(HttpCommandExecutor.java:158)
	at org.openqa.selenium.remote.service.DriverCommandExecutor.execute(DriverCommandExecutor.java:83)
	at org.openqa.selenium.remote.RemoteWebDriver.execute(RemoteWebDriver.java:545)
	at org.openqa.selenium.remote.RemoteWebDriver.findElement(RemoteWebDriver.java:319)
	at org.openqa.selenium.remote.RemoteWebDriver.findElementByXPath(RemoteWebDriver.java:421)
	at org.openqa.selenium.By$ByXPath.findElement(By.java:361)
	at org.openqa.selenium.remote.RemoteWebDriver.findElement(RemoteWebDriver.java:311)
	at org.drc.vat.StepDefinitions.DV_2391_eFile_Preview.enter_OTP_and_click_on_verify_button_and_click_on_Ok_button(DV_2391_eFile_Preview.java:122)
	at ?.And Enter OTP and click on verify button and click on Ok button(features/09_DV_2390_e_filing.feature:98)
</pre></div>
					</li>
				</ul>
		</li>
	</ul>
</div>
<div class='scenariooutline node' test-id='127' status='fail'>
	<span class='duration right label'>0h 0m 5s+605ms</span>
	<div class='desc'>
		<b>ScenarioOutline</b>
		<span class="desc-text">Validate the amount in Total(FC) field of Assets,Goods,Raw Materials, and Other goods and services under Deductions</span>
	</div>
	<ul class='steps'>
		<li test-id='128' class='node scenario fail' status='fail'>
			<div class='category-list'>
				<span class='category label white-text'>@TC_10_11_13_DV_2390_Declaration_with_verification</span>
			</div>
			
			<b>Scenario</b>
			
			<span class="bdd-step-name">Validate the amount in Total(FC) field of Assets,Goods,Raw Materials, and Other goods and services under Deductions</span>
			
				<ul class='steps'>
					<li test-id='129' class='node given pass' status='pass'><b>Given</b>
						<span class="bdd-step-name">Given User is on Vat e-Filing Page "Declaration_Verification_10_11_13" "Enter data in E-filling form"</span>
							<div class='pre'>passed</div>
					</li>
					<li test-id='130' class='node and fail' status='fail'><b>And</b>
						<span class="bdd-step-name">And User click on Dashboard</span>
							<div class='pre'><textarea>org.openqa.selenium.WebDriverException: unknown error: Element <div _ngcontent-c5="" class="d-flex ng-tns-c5-2 ng-star-inserted" ng-reflect-klass="d-flex" ng-reflect-ng-class="[object Object]" title="Dashboard">...</div> is not clickable at point (125, 115). Other element would receive the click: <div _ngcontent-c0="" class="loader d-flex align-items-center justify-content-center ng-star-inserted">...</div>
  (Session info: chrome=71.0.3578.98)
  (Driver info: chromedriver=2.43.600210 (68dcf5eebde37173d4027fa8635e332711d2874a),platform=Windows NT 10.0.17134 x86_64) (WARNING: The server did not provide any stacktrace information)
Command duration or timeout: 0 milliseconds
Build info: version: '3.11.0', revision: 'e59cfb3', time: '2018-03-11T20:26:55.152Z'
System info: host: '1R-23', ip: '172.16.3.23', os.name: 'Windows 10', os.arch: 'amd64', os.version: '10.0', java.version: '1.8.0_171'
Driver info: org.openqa.selenium.chrome.ChromeDriver
Capabilities {acceptInsecureCerts: false, acceptSslCerts: false, applicationCacheEnabled: false, browserConnectionEnabled: false, browserName: chrome, chrome: {chromedriverVersion: 2.43.600210 (68dcf5eebde371..., userDataDir: C:\Users\FRANKE~1.MEH\AppDa...}, cssSelectorsEnabled: true, databaseEnabled: false, goog:chromeOptions: {debuggerAddress: localhost:64796}, handlesAlerts: true, hasTouchScreen: false, javascriptEnabled: true, locationContextEnabled: true, mobileEmulationEnabled: false, nativeEvents: true, networkConnectionEnabled: false, pageLoadStrategy: normal, platform: XP, platformName: XP, rotatable: false, setWindowRect: true, takesHeapSnapshot: true, takesScreenshot: true, unexpectedAlertBehaviour: , unhandledPromptBehavior: , version: 71.0.3578.98, webStorageEnabled: true}
Session ID: c9d0cac89675cf9bc7bc42169b5b4b6f
	at sun.reflect.NativeConstructorAccessorImpl.newInstance0(Native Method)
	at sun.reflect.NativeConstructorAccessorImpl.newInstance(Unknown Source)
	at sun.reflect.DelegatingConstructorAccessorImpl.newInstance(Unknown Source)
	at java.lang.reflect.Constructor.newInstance(Unknown Source)
	at org.openqa.selenium.remote.ErrorHandler.createThrowable(ErrorHandler.java:214)
	at org.openqa.selenium.remote.ErrorHandler.throwIfResponseFailed(ErrorHandler.java:166)
	at org.openqa.selenium.remote.http.JsonHttpResponseCodec.reconstructValue(JsonHttpResponseCodec.java:40)
	at org.openqa.selenium.remote.http.AbstractHttpResponseCodec.decode(AbstractHttpResponseCodec.java:80)
	at org.openqa.selenium.remote.http.AbstractHttpResponseCodec.decode(AbstractHttpResponseCodec.java:44)
	at org.openqa.selenium.remote.HttpCommandExecutor.execute(HttpCommandExecutor.java:158)
	at org.openqa.selenium.remote.service.DriverCommandExecutor.execute(DriverCommandExecutor.java:83)
	at org.openqa.selenium.remote.RemoteWebDriver.execute(RemoteWebDriver.java:545)
	at org.openqa.selenium.remote.RemoteWebElement.execute(RemoteWebElement.java:279)
	at org.openqa.selenium.remote.RemoteWebElement.click(RemoteWebElement.java:83)
	at org.drc.vat.appmanager.HelperBase.clickOn(HelperBase.java:96)
	at org.drc.vat.StepDefinitions.DV_2882_Manual_Assessed_LandingScreen.user_click_on_Dashboard(DV_2882_Manual_Assessed_LandingScreen.java:26)
	at ?.And User click on Dashboard(features/09_DV_2390_e_filing.feature:110)
</textarea></div>
					</li>
					<li test-id='131' class='node and skip' status='skip'><b>And</b>
						<span class="bdd-step-name">And User click on Tab</span>
							<div class='pre'>skipped</div>
					</li>
					<li test-id='132' class='node and skip' status='skip'><b>And</b>
						<span class="bdd-step-name">And clicks on e-filing to fill data</span>
							<div class='pre'>skipped</div>
					</li>
					<li test-id='133' class='node and skip' status='skip'><b>And</b>
						<span class="bdd-step-name">And Enter data in Deduction "120" ,"200", "10" ,"10","10","10" ,"20" ,"20" and validate total value for Amount of VAT Deductible</span>
							<div class='pre'>skipped</div>
					</li>
					<li test-id='134' class='node and skip' status='skip'><b>And</b>
						<span class="bdd-step-name">And User validate Amount of VAT Deductible</span>
						<ul class='screenshots right'>
							<li><a data-featherlight="image" href="E:\DRC Merge Regreation\DRC-Automation\test-output\Wed Dec 19\screenshots\Validate the amount in Total(FC) field of Assets,Goods,Raw Materials, and Other goods and services under Deductions_180112.png"><i class='material-icons'>panorama</i></a></li>
						</ul>
							<div class='pre'>skipped</div>
					</li>
				</ul>
		</li>
	</ul>
</div>
<div class='scenariooutline node' test-id='135' status='fail'>
	<span class='duration right label'>0h 0m 5s+575ms</span>
	<div class='desc'>
		<b>ScenarioOutline</b>
		<span class="desc-text">Validate the e-filing schedule Upload functionality</span>
	</div>
	<ul class='steps'>
		<li test-id='136' class='node scenario fail' status='fail'>
			<div class='category-list'>
				<span class='category label white-text'>@TC_21_DV_2390_Declaration_with_verification</span>
			</div>
			
			<b>Scenario</b>
			
			<span class="bdd-step-name">Validate the e-filing schedule Upload functionality</span>
			
				<ul class='steps'>
					<li test-id='137' class='node given pass' status='pass'><b>Given</b>
						<span class="bdd-step-name">Given User is on Vat e-Filing Page "Declaration_Verification_21" "validate Upload functionality"</span>
							<div class='pre'>passed</div>
					</li>
					<li test-id='138' class='node and fail' status='fail'><b>And</b>
						<span class="bdd-step-name">And User click on Dashboard</span>
							<div class='pre'><textarea>org.openqa.selenium.WebDriverException: unknown error: Element <div _ngcontent-c5="" class="d-flex ng-tns-c5-2 ng-star-inserted" ng-reflect-klass="d-flex" ng-reflect-ng-class="[object Object]" title="Dashboard">...</div> is not clickable at point (125, 115). Other element would receive the click: <div _ngcontent-c0="" class="loader d-flex align-items-center justify-content-center ng-star-inserted">...</div>
  (Session info: chrome=71.0.3578.98)
  (Driver info: chromedriver=2.43.600210 (68dcf5eebde37173d4027fa8635e332711d2874a),platform=Windows NT 10.0.17134 x86_64) (WARNING: The server did not provide any stacktrace information)
Command duration or timeout: 0 milliseconds
Build info: version: '3.11.0', revision: 'e59cfb3', time: '2018-03-11T20:26:55.152Z'
System info: host: '1R-23', ip: '172.16.3.23', os.name: 'Windows 10', os.arch: 'amd64', os.version: '10.0', java.version: '1.8.0_171'
Driver info: org.openqa.selenium.chrome.ChromeDriver
Capabilities {acceptInsecureCerts: false, acceptSslCerts: false, applicationCacheEnabled: false, browserConnectionEnabled: false, browserName: chrome, chrome: {chromedriverVersion: 2.43.600210 (68dcf5eebde371..., userDataDir: C:\Users\FRANKE~1.MEH\AppDa...}, cssSelectorsEnabled: true, databaseEnabled: false, goog:chromeOptions: {debuggerAddress: localhost:64796}, handlesAlerts: true, hasTouchScreen: false, javascriptEnabled: true, locationContextEnabled: true, mobileEmulationEnabled: false, nativeEvents: true, networkConnectionEnabled: false, pageLoadStrategy: normal, platform: XP, platformName: XP, rotatable: false, setWindowRect: true, takesHeapSnapshot: true, takesScreenshot: true, unexpectedAlertBehaviour: , unhandledPromptBehavior: , version: 71.0.3578.98, webStorageEnabled: true}
Session ID: c9d0cac89675cf9bc7bc42169b5b4b6f
	at sun.reflect.NativeConstructorAccessorImpl.newInstance0(Native Method)
	at sun.reflect.NativeConstructorAccessorImpl.newInstance(Unknown Source)
	at sun.reflect.DelegatingConstructorAccessorImpl.newInstance(Unknown Source)
	at java.lang.reflect.Constructor.newInstance(Unknown Source)
	at org.openqa.selenium.remote.ErrorHandler.createThrowable(ErrorHandler.java:214)
	at org.openqa.selenium.remote.ErrorHandler.throwIfResponseFailed(ErrorHandler.java:166)
	at org.openqa.selenium.remote.http.JsonHttpResponseCodec.reconstructValue(JsonHttpResponseCodec.java:40)
	at org.openqa.selenium.remote.http.AbstractHttpResponseCodec.decode(AbstractHttpResponseCodec.java:80)
	at org.openqa.selenium.remote.http.AbstractHttpResponseCodec.decode(AbstractHttpResponseCodec.java:44)
	at org.openqa.selenium.remote.HttpCommandExecutor.execute(HttpCommandExecutor.java:158)
	at org.openqa.selenium.remote.service.DriverCommandExecutor.execute(DriverCommandExecutor.java:83)
	at org.openqa.selenium.remote.RemoteWebDriver.execute(RemoteWebDriver.java:545)
	at org.openqa.selenium.remote.RemoteWebElement.execute(RemoteWebElement.java:279)
	at org.openqa.selenium.remote.RemoteWebElement.click(RemoteWebElement.java:83)
	at org.drc.vat.appmanager.HelperBase.clickOn(HelperBase.java:96)
	at org.drc.vat.StepDefinitions.DV_2882_Manual_Assessed_LandingScreen.user_click_on_Dashboard(DV_2882_Manual_Assessed_LandingScreen.java:26)
	at ?.And User click on Dashboard(features/09_DV_2390_e_filing.feature:123)
</textarea></div>
					</li>
					<li test-id='139' class='node and skip' status='skip'><b>And</b>
						<span class="bdd-step-name">And User click on Tab</span>
							<div class='pre'>skipped</div>
					</li>
					<li test-id='140' class='node and skip' status='skip'><b>And</b>
						<span class="bdd-step-name">And clicks on e-filing to fill data</span>
							<div class='pre'>skipped</div>
					</li>
					<li test-id='141' class='node and skip' status='skip'><b>And</b>
						<span class="bdd-step-name">And User click on browse button</span>
							<div class='pre'>skipped</div>
					</li>
					<li test-id='142' class='node and skip' status='skip'><b>And</b>
						<span class="bdd-step-name">And User select file format pdf "certificate.pdf" and see message "Selected file format is not supported"</span>
							<div class='pre'>skipped</div>
					</li>
					<li test-id='143' class='node and skip' status='skip'><b>And</b>
						<span class="bdd-step-name">And User click on browse button</span>
							<div class='pre'>skipped</div>
					</li>
					<li test-id='144' class='node and skip' status='skip'><b>And</b>
						<span class="bdd-step-name">And User select file format image "test img.PNG" and see message "Selected file format is not supported"</span>
							<div class='pre'>skipped</div>
					</li>
					<li test-id='145' class='node and skip' status='skip'><b>And</b>
						<span class="bdd-step-name">And User click on browse button</span>
							<div class='pre'>skipped</div>
					</li>
					<li test-id='146' class='node and skip' status='skip'><b>And</b>
						<span class="bdd-step-name">And User select file format word "test word.docx" and see message "Selected file format is not supported"</span>
							<div class='pre'>skipped</div>
					</li>
					<li test-id='147' class='node and skip' status='skip'><b>And</b>
						<span class="bdd-step-name">And User click on browse button and upload file more than two mp "SampleXLSFile.xls" and validate mess "File size must be less than 2MB"</span>
							<div class='pre'>skipped</div>
					</li>
					<li test-id='148' class='node and skip' status='skip'><b>And</b>
						<span class="bdd-step-name">And User click on browse button and upload file less than two mp "DRC Test Data.xlsx" and user see file name "Officers List With Tax Center.xlsx"</span>
							<div class='pre'>skipped</div>
					</li>
					<li test-id='149' class='node and skip' status='skip'><b>And</b>
						<span class="bdd-step-name">And User click on cancel button and excel file gets removed and user see "No file selected"</span>
						<ul class='screenshots right'>
							<li><a data-featherlight="image" href="E:\DRC Merge Regreation\DRC-Automation\test-output\Wed Dec 19\screenshots\Validate the e-filing schedule Upload functionality_180119.png"><i class='material-icons'>panorama</i></a></li>
						</ul>
							<div class='pre'>skipped</div>
					</li>
				</ul>
		</li>
	</ul>
</div>
<div class='scenariooutline node' test-id='150' status='fail'>
	<span class='duration right label'>0h 0m 5s+580ms</span>
	<div class='desc'>
		<b>ScenarioOutline</b>
		<span class="desc-text">Validate the Save Draft button functionality.</span>
	</div>
	<ul class='steps'>
		<li test-id='151' class='node scenario fail' status='fail'>
			<div class='category-list'>
				<span class='category label white-text'>@TC_24_DV_2390_Declaration_with_verification</span>
			</div>
			
			<b>Scenario</b>
			
			<span class="bdd-step-name">Validate the Save Draft button functionality.</span>
			
				<ul class='steps'>
					<li test-id='152' class='node given pass' status='pass'><b>Given</b>
						<span class="bdd-step-name">Given User is on Vat e-Filing Page "Declaration_Verification_24" "validate Save Draft  functionality"</span>
							<div class='pre'>passed</div>
					</li>
					<li test-id='153' class='node and fail' status='fail'><b>And</b>
						<span class="bdd-step-name">And User click on Dashboard</span>
							<div class='pre'><textarea>org.openqa.selenium.WebDriverException: unknown error: Element <div _ngcontent-c5="" class="d-flex ng-tns-c5-2 ng-star-inserted" ng-reflect-klass="d-flex" ng-reflect-ng-class="[object Object]" title="Dashboard">...</div> is not clickable at point (125, 115). Other element would receive the click: <div _ngcontent-c0="" class="loader d-flex align-items-center justify-content-center ng-star-inserted">...</div>
  (Session info: chrome=71.0.3578.98)
  (Driver info: chromedriver=2.43.600210 (68dcf5eebde37173d4027fa8635e332711d2874a),platform=Windows NT 10.0.17134 x86_64) (WARNING: The server did not provide any stacktrace information)
Command duration or timeout: 0 milliseconds
Build info: version: '3.11.0', revision: 'e59cfb3', time: '2018-03-11T20:26:55.152Z'
System info: host: '1R-23', ip: '172.16.3.23', os.name: 'Windows 10', os.arch: 'amd64', os.version: '10.0', java.version: '1.8.0_171'
Driver info: org.openqa.selenium.chrome.ChromeDriver
Capabilities {acceptInsecureCerts: false, acceptSslCerts: false, applicationCacheEnabled: false, browserConnectionEnabled: false, browserName: chrome, chrome: {chromedriverVersion: 2.43.600210 (68dcf5eebde371..., userDataDir: C:\Users\FRANKE~1.MEH\AppDa...}, cssSelectorsEnabled: true, databaseEnabled: false, goog:chromeOptions: {debuggerAddress: localhost:64796}, handlesAlerts: true, hasTouchScreen: false, javascriptEnabled: true, locationContextEnabled: true, mobileEmulationEnabled: false, nativeEvents: true, networkConnectionEnabled: false, pageLoadStrategy: normal, platform: XP, platformName: XP, rotatable: false, setWindowRect: true, takesHeapSnapshot: true, takesScreenshot: true, unexpectedAlertBehaviour: , unhandledPromptBehavior: , version: 71.0.3578.98, webStorageEnabled: true}
Session ID: c9d0cac89675cf9bc7bc42169b5b4b6f
	at sun.reflect.NativeConstructorAccessorImpl.newInstance0(Native Method)
	at sun.reflect.NativeConstructorAccessorImpl.newInstance(Unknown Source)
	at sun.reflect.DelegatingConstructorAccessorImpl.newInstance(Unknown Source)
	at java.lang.reflect.Constructor.newInstance(Unknown Source)
	at org.openqa.selenium.remote.ErrorHandler.createThrowable(ErrorHandler.java:214)
	at org.openqa.selenium.remote.ErrorHandler.throwIfResponseFailed(ErrorHandler.java:166)
	at org.openqa.selenium.remote.http.JsonHttpResponseCodec.reconstructValue(JsonHttpResponseCodec.java:40)
	at org.openqa.selenium.remote.http.AbstractHttpResponseCodec.decode(AbstractHttpResponseCodec.java:80)
	at org.openqa.selenium.remote.http.AbstractHttpResponseCodec.decode(AbstractHttpResponseCodec.java:44)
	at org.openqa.selenium.remote.HttpCommandExecutor.execute(HttpCommandExecutor.java:158)
	at org.openqa.selenium.remote.service.DriverCommandExecutor.execute(DriverCommandExecutor.java:83)
	at org.openqa.selenium.remote.RemoteWebDriver.execute(RemoteWebDriver.java:545)
	at org.openqa.selenium.remote.RemoteWebElement.execute(RemoteWebElement.java:279)
	at org.openqa.selenium.remote.RemoteWebElement.click(RemoteWebElement.java:83)
	at org.drc.vat.appmanager.HelperBase.clickOn(HelperBase.java:96)
	at org.drc.vat.StepDefinitions.DV_2882_Manual_Assessed_LandingScreen.user_click_on_Dashboard(DV_2882_Manual_Assessed_LandingScreen.java:26)
	at ?.And User click on Dashboard(features/09_DV_2390_e_filing.feature:144)
</textarea></div>
					</li>
					<li test-id='154' class='node and skip' status='skip'><b>And</b>
						<span class="bdd-step-name">And User click on Tab</span>
							<div class='pre'>skipped</div>
					</li>
					<li test-id='155' class='node and skip' status='skip'><b>And</b>
						<span class="bdd-step-name">And clicks on e-filing to fill data</span>
							<div class='pre'>skipped</div>
					</li>
					<li test-id='156' class='node and skip' status='skip'><b>And</b>
						<span class="bdd-step-name">And User click on Save draft button and check message "e-Filing declaration drafted successfully"</span>
							<div class='pre'>skipped</div>
					</li>
					<li test-id='157' class='node and skip' status='skip'><b>And</b>
						<span class="bdd-step-name">And User entered value "10000" "7000" "5000" "500" "500" "500" "500" "500" "500" for Operation Performed</span>
							<div class='pre'>skipped</div>
					</li>
					<li test-id='158' class='node and skip' status='skip'><b>And</b>
						<span class="bdd-step-name">And User click on Save draft button and check message "e-Filing declaration drafted successfully"</span>
							<div class='pre'>skipped</div>
					</li>
					<li test-id='159' class='node and skip' status='skip'><b>And</b>
						<span class="bdd-step-name">And User entered value "500" "500" "500" "500" "500" "500" "500" "500" for Tax Deductible On</span>
							<div class='pre'>skipped</div>
					</li>
					<li test-id='160' class='node and skip' status='skip'><b>And</b>
						<span class="bdd-step-name">And User click on Save draft button and check message "e-Filing declaration drafted successfully"</span>
							<div class='pre'>skipped</div>
					</li>
					<li test-id='161' class='node and skip' status='skip'><b>And</b>
						<span class="bdd-step-name">And User entered value "500" "500" "500" "500" for Adjustment</span>
							<div class='pre'>skipped</div>
					</li>
					<li test-id='162' class='node and skip' status='skip'><b>And</b>
						<span class="bdd-step-name">And User click on Save draft button and check message "e-Filing declaration drafted successfully"</span>
							<div class='pre'>skipped</div>
					</li>
					<li test-id='163' class='node and skip' status='skip'><b>And</b>
						<span class="bdd-step-name">And User entered value "10000" for Tax Calculation</span>
							<div class='pre'>skipped</div>
					</li>
					<li test-id='164' class='node and skip' status='skip'><b>And</b>
						<span class="bdd-step-name">And User click on Save draft button and check message "e-Filing declaration drafted successfully"</span>
							<div class='pre'>skipped</div>
					</li>
					<li test-id='165' class='node and skip' status='skip'><b>And</b>
						<span class="bdd-step-name">And User click on browser and upload file "DRC Test Data.xlsx"</span>
							<div class='pre'>skipped</div>
					</li>
					<li test-id='166' class='node and skip' status='skip'><b>And</b>
						<span class="bdd-step-name">And User click on Save draft button and check message "e-Filing declaration drafted successfully"</span>
						<ul class='screenshots right'>
							<li><a data-featherlight="image" href="E:\DRC Merge Regreation\DRC-Automation\test-output\Wed Dec 19\screenshots\Validate the Save Draft button functionality._180125.png"><i class='material-icons'>panorama</i></a></li>
						</ul>
							<div class='pre'>skipped</div>
					</li>
				</ul>
		</li>
	</ul>
</div>
<div class='scenariooutline node' test-id='167' status='fail'>
	<span class='duration right label'>0h 0m 5s+606ms</span>
	<div class='desc'>
		<b>ScenarioOutline</b>
		<span class="desc-text">Validate the check box functionality , authorized Signatory ,Previous button , Submit button functionality</span>
	</div>
	<ul class='steps'>
		<li test-id='168' class='node scenario fail' status='fail'>
			<div class='category-list'>
				<span class='category label white-text'>@TC_22_23_25_26_27_DV_2390_Declaration_with_verification</span>
			</div>
			
			<b>Scenario</b>
			
			<span class="bdd-step-name">Validate the check box functionality , authorized Signatory ,Previous button , Submit button functionality</span>
			
				<ul class='steps'>
					<li test-id='169' class='node given pass' status='pass'><b>Given</b>
						<span class="bdd-step-name">Given User is on Vat e-Filing Page "Declaration_Verification_22_23_25_26_27" "validate period field"</span>
							<div class='pre'>passed</div>
					</li>
					<li test-id='170' class='node and fail' status='fail'><b>And</b>
						<span class="bdd-step-name">And User click on Dashboard</span>
							<div class='pre'><textarea>org.openqa.selenium.WebDriverException: unknown error: Element <div _ngcontent-c5="" class="d-flex ng-tns-c5-2 ng-star-inserted" ng-reflect-klass="d-flex" ng-reflect-ng-class="[object Object]" title="Dashboard">...</div> is not clickable at point (125, 115). Other element would receive the click: <div _ngcontent-c0="" class="loader d-flex align-items-center justify-content-center ng-star-inserted">...</div>
  (Session info: chrome=71.0.3578.98)
  (Driver info: chromedriver=2.43.600210 (68dcf5eebde37173d4027fa8635e332711d2874a),platform=Windows NT 10.0.17134 x86_64) (WARNING: The server did not provide any stacktrace information)
Command duration or timeout: 0 milliseconds
Build info: version: '3.11.0', revision: 'e59cfb3', time: '2018-03-11T20:26:55.152Z'
System info: host: '1R-23', ip: '172.16.3.23', os.name: 'Windows 10', os.arch: 'amd64', os.version: '10.0', java.version: '1.8.0_171'
Driver info: org.openqa.selenium.chrome.ChromeDriver
Capabilities {acceptInsecureCerts: false, acceptSslCerts: false, applicationCacheEnabled: false, browserConnectionEnabled: false, browserName: chrome, chrome: {chromedriverVersion: 2.43.600210 (68dcf5eebde371..., userDataDir: C:\Users\FRANKE~1.MEH\AppDa...}, cssSelectorsEnabled: true, databaseEnabled: false, goog:chromeOptions: {debuggerAddress: localhost:64796}, handlesAlerts: true, hasTouchScreen: false, javascriptEnabled: true, locationContextEnabled: true, mobileEmulationEnabled: false, nativeEvents: true, networkConnectionEnabled: false, pageLoadStrategy: normal, platform: XP, platformName: XP, rotatable: false, setWindowRect: true, takesHeapSnapshot: true, takesScreenshot: true, unexpectedAlertBehaviour: , unhandledPromptBehavior: , version: 71.0.3578.98, webStorageEnabled: true}
Session ID: c9d0cac89675cf9bc7bc42169b5b4b6f
	at sun.reflect.NativeConstructorAccessorImpl.newInstance0(Native Method)
	at sun.reflect.NativeConstructorAccessorImpl.newInstance(Unknown Source)
	at sun.reflect.DelegatingConstructorAccessorImpl.newInstance(Unknown Source)
	at java.lang.reflect.Constructor.newInstance(Unknown Source)
	at org.openqa.selenium.remote.ErrorHandler.createThrowable(ErrorHandler.java:214)
	at org.openqa.selenium.remote.ErrorHandler.throwIfResponseFailed(ErrorHandler.java:166)
	at org.openqa.selenium.remote.http.JsonHttpResponseCodec.reconstructValue(JsonHttpResponseCodec.java:40)
	at org.openqa.selenium.remote.http.AbstractHttpResponseCodec.decode(AbstractHttpResponseCodec.java:80)
	at org.openqa.selenium.remote.http.AbstractHttpResponseCodec.decode(AbstractHttpResponseCodec.java:44)
	at org.openqa.selenium.remote.HttpCommandExecutor.execute(HttpCommandExecutor.java:158)
	at org.openqa.selenium.remote.service.DriverCommandExecutor.execute(DriverCommandExecutor.java:83)
	at org.openqa.selenium.remote.RemoteWebDriver.execute(RemoteWebDriver.java:545)
	at org.openqa.selenium.remote.RemoteWebElement.execute(RemoteWebElement.java:279)
	at org.openqa.selenium.remote.RemoteWebElement.click(RemoteWebElement.java:83)
	at org.drc.vat.appmanager.HelperBase.clickOn(HelperBase.java:96)
	at org.drc.vat.StepDefinitions.DV_2882_Manual_Assessed_LandingScreen.user_click_on_Dashboard(DV_2882_Manual_Assessed_LandingScreen.java:26)
	at ?.And User click on Dashboard(features/09_DV_2390_e_filing.feature:166)
</textarea></div>
					</li>
					<li test-id='171' class='node and skip' status='skip'><b>And</b>
						<span class="bdd-step-name">And User click on Tab</span>
							<div class='pre'>skipped</div>
					</li>
					<li test-id='172' class='node and skip' status='skip'><b>And</b>
						<span class="bdd-step-name">And clicks on e-filing to fill data</span>
							<div class='pre'>skipped</div>
					</li>
					<li test-id='173' class='node and skip' status='skip'><b>And</b>
						<span class="bdd-step-name">And User click on checkbox</span>
							<div class='pre'>skipped</div>
					</li>
					<li test-id='174' class='node and skip' status='skip'><b>And</b>
						<span class="bdd-step-name">And User see Authorized Signatory field is activated</span>
							<div class='pre'>skipped</div>
					</li>
					<li test-id='175' class='node and skip' status='skip'><b>And</b>
						<span class="bdd-step-name">And User again click on checkbox and validate field is deactivated</span>
							<div class='pre'>skipped</div>
					</li>
					<li test-id='176' class='node and skip' status='skip'><b>And</b>
						<span class="bdd-step-name">And User again click on checkbox and click on Authorized Signatory field</span>
							<div class='pre'>skipped</div>
					</li>
					<li test-id='177' class='node and skip' status='skip'><b>And</b>
						<span class="bdd-step-name">And User see Authorized Signatory name</span>
							<div class='pre'>skipped</div>
					</li>
					<li test-id='178' class='node and skip' status='skip'><b>And</b>
						<span class="bdd-step-name">And User validate submit button is disable</span>
							<div class='pre'>skipped</div>
					</li>
					<li test-id='179' class='node and skip' status='skip'><b>And</b>
						<span class="bdd-step-name">And User click on Authorized Signatory</span>
							<div class='pre'>skipped</div>
					</li>
					<li test-id='180' class='node and skip' status='skip'><b>And</b>
						<span class="bdd-step-name">And User validate submit button is activate</span>
							<div class='pre'>skipped</div>
					</li>
					<li test-id='181' class='node and skip' status='skip'><b>And</b>
						<span class="bdd-step-name">And User click on previous button and navigate to Vat e-filing page</span>
							<div class='pre'>skipped</div>
					</li>
					<li test-id='182' class='node and skip' status='skip'><b>And</b>
						<span class="bdd-step-name">And clicks on e-filing to fill data</span>
							<div class='pre'>skipped</div>
					</li>
					<li test-id='183' class='node and skip' status='skip'><b>And</b>
						<span class="bdd-step-name">And User click on previous button</span>
							<div class='pre'>skipped</div>
					</li>
					<li test-id='184' class='node and skip' status='skip'><b>And</b>
						<span class="bdd-step-name">And User validate page is navigated to vat e-filing landing screen</span>
							<div class='pre'>skipped</div>
					</li>
					<li test-id='185' class='node and skip' status='skip'><b>And</b>
						<span class="bdd-step-name">And clicks on e-filing to fill data</span>
							<div class='pre'>skipped</div>
					</li>
					<li test-id='186' class='node and skip' status='skip'><b>And</b>
						<span class="bdd-step-name">And User entered value "10000" "7000" "5000" "500" "500" "500" "500" "500" "500" for Operation Performed</span>
							<div class='pre'>skipped</div>
					</li>
					<li test-id='187' class='node and skip' status='skip'><b>And</b>
						<span class="bdd-step-name">And User entered value "500" "500" "500" "500" "500" "500" "500" "500" for Tax Deductible On</span>
							<div class='pre'>skipped</div>
					</li>
					<li test-id='188' class='node and skip' status='skip'><b>And</b>
						<span class="bdd-step-name">And User entered value "500" "500" "500" "500" for Adjustment</span>
							<div class='pre'>skipped</div>
					</li>
					<li test-id='189' class='node and skip' status='skip'><b>And</b>
						<span class="bdd-step-name">And User entered value "10000" for Tax Calculation</span>
							<div class='pre'>skipped</div>
					</li>
					<li test-id='190' class='node and skip' status='skip'><b>And</b>
						<span class="bdd-step-name">And User click on check box and click on submit button</span>
							<div class='pre'>skipped</div>
					</li>
					<li test-id='191' class='node and skip' status='skip'><b>And</b>
						<span class="bdd-step-name">And User validate Otp pop up window should appear</span>
							<div class='pre'>skipped</div>
					</li>
					<li test-id='192' class='node and skip' status='skip'><b>And</b>
						<span class="bdd-step-name">And User click on verify button and validate message "Enter Verification Code"</span>
							<div class='pre'>skipped</div>
					</li>
					<li test-id='193' class='node and skip' status='skip'><b>And</b>
						<span class="bdd-step-name">And User enter invalid data numbers "123456" and click on verify and see mess "Please enter valid OTP"</span>
							<div class='pre'>skipped</div>
					</li>
					<li test-id='194' class='node and skip' status='skip'><b>And</b>
						<span class="bdd-step-name">And User enter invalid data special character "!@$@$3^" and click on verify and see mess "Please enter valid OTP"</span>
							<div class='pre'>skipped</div>
					</li>
					<li test-id='195' class='node and skip' status='skip'><b>And</b>
						<span class="bdd-step-name">And User enter Alpha numeric "asd1123" and click on verify and see mess "Please enter valid OTP"</span>
							<div class='pre'>skipped</div>
					</li>
					<li test-id='196' class='node and skip' status='skip'><b>And</b>
						<span class="bdd-step-name">And User click on close icon</span>
							<div class='pre'>skipped</div>
					</li>
					<li test-id='197' class='node and skip' status='skip'><b>And</b>
						<span class="bdd-step-name">And User again click on submit button</span>
							<div class='pre'>skipped</div>
					</li>
					<li test-id='198' class='node and skip' status='skip'><b>And</b>
						<span class="bdd-step-name">And User waits for more than two min and click on verify button and see message "Enter Verification Code"</span>
						<ul class='screenshots right'>
							<li><a data-featherlight="image" href="E:\DRC Merge Regreation\DRC-Automation\test-output\Wed Dec 19\screenshots\Validate the check box functionality , authorized Signatory ,Previous button , Submit button functionality_180131.png"><i class='material-icons'>panorama</i></a></li>
						</ul>
							<div class='pre'>skipped</div>
					</li>
				</ul>
		</li>
	</ul>
</div>
					</div>
				</li>
				
				
				<li class='test displayed active has-leaf fail' status='fail' bdd='true' test-id='199'>
					<div class='test-heading'>
						<span class='test-name'>User is on e file landing screen and click on Preview button</span>
						<span class='test-time'>Dec 19, 2018 06:01:37 PM</span>
						<span class='test-status right fail'>fail</span>
					</div>
					<div class='test-content hide'>
<div class='scenariooutline node' test-id='200' status='fail'>
	<span class='duration right label'>0h 0m 5s+579ms</span>
	<div class='desc'>
		<b>ScenarioOutline</b>
		<span class="desc-text">User verify Operations Performed Section ,Tax Deductible , Adjustment along with Download,preview  functionality</span>
	</div>
	<ul class='steps'>
		<li test-id='201' class='node scenario fail' status='fail'>
			<div class='category-list'>
				<span class='category label white-text'>@TC_02_03_04_05_06_07_VAT_e-Filing_Preview</span>
			</div>
			
			<b>Scenario</b>
			
			<span class="bdd-step-name">User verify Operations Performed Section ,Tax Deductible , Adjustment along with Download,preview  functionality</span>
			
				<ul class='steps'>
					<li test-id='202' class='node given pass' status='pass'><b>Given</b>
						<span class="bdd-step-name">Given User is on Vat e-Filing Page "e-file_Preview_02_03_04_05_06_07" "user verify Operations Performed Section ,Tax Deductible , Adjustment along with Download,preview  functionality"</span>
							<div class='pre'>passed</div>
					</li>
					<li test-id='203' class='node and fail' status='fail'><b>And</b>
						<span class="bdd-step-name">And User click on Dashboard</span>
							<div class='pre'><textarea>org.openqa.selenium.WebDriverException: unknown error: Element <div _ngcontent-c5="" class="d-flex ng-tns-c5-2 ng-star-inserted" ng-reflect-klass="d-flex" ng-reflect-ng-class="[object Object]" title="Dashboard">...</div> is not clickable at point (125, 115). Other element would receive the click: <div _ngcontent-c0="" class="loader d-flex align-items-center justify-content-center ng-star-inserted">...</div>
  (Session info: chrome=71.0.3578.98)
  (Driver info: chromedriver=2.43.600210 (68dcf5eebde37173d4027fa8635e332711d2874a),platform=Windows NT 10.0.17134 x86_64) (WARNING: The server did not provide any stacktrace information)
Command duration or timeout: 0 milliseconds
Build info: version: '3.11.0', revision: 'e59cfb3', time: '2018-03-11T20:26:55.152Z'
System info: host: '1R-23', ip: '172.16.3.23', os.name: 'Windows 10', os.arch: 'amd64', os.version: '10.0', java.version: '1.8.0_171'
Driver info: org.openqa.selenium.chrome.ChromeDriver
Capabilities {acceptInsecureCerts: false, acceptSslCerts: false, applicationCacheEnabled: false, browserConnectionEnabled: false, browserName: chrome, chrome: {chromedriverVersion: 2.43.600210 (68dcf5eebde371..., userDataDir: C:\Users\FRANKE~1.MEH\AppDa...}, cssSelectorsEnabled: true, databaseEnabled: false, goog:chromeOptions: {debuggerAddress: localhost:64796}, handlesAlerts: true, hasTouchScreen: false, javascriptEnabled: true, locationContextEnabled: true, mobileEmulationEnabled: false, nativeEvents: true, networkConnectionEnabled: false, pageLoadStrategy: normal, platform: XP, platformName: XP, rotatable: false, setWindowRect: true, takesHeapSnapshot: true, takesScreenshot: true, unexpectedAlertBehaviour: , unhandledPromptBehavior: , version: 71.0.3578.98, webStorageEnabled: true}
Session ID: c9d0cac89675cf9bc7bc42169b5b4b6f
	at sun.reflect.NativeConstructorAccessorImpl.newInstance0(Native Method)
	at sun.reflect.NativeConstructorAccessorImpl.newInstance(Unknown Source)
	at sun.reflect.DelegatingConstructorAccessorImpl.newInstance(Unknown Source)
	at java.lang.reflect.Constructor.newInstance(Unknown Source)
	at org.openqa.selenium.remote.ErrorHandler.createThrowable(ErrorHandler.java:214)
	at org.openqa.selenium.remote.ErrorHandler.throwIfResponseFailed(ErrorHandler.java:166)
	at org.openqa.selenium.remote.http.JsonHttpResponseCodec.reconstructValue(JsonHttpResponseCodec.java:40)
	at org.openqa.selenium.remote.http.AbstractHttpResponseCodec.decode(AbstractHttpResponseCodec.java:80)
	at org.openqa.selenium.remote.http.AbstractHttpResponseCodec.decode(AbstractHttpResponseCodec.java:44)
	at org.openqa.selenium.remote.HttpCommandExecutor.execute(HttpCommandExecutor.java:158)
	at org.openqa.selenium.remote.service.DriverCommandExecutor.execute(DriverCommandExecutor.java:83)
	at org.openqa.selenium.remote.RemoteWebDriver.execute(RemoteWebDriver.java:545)
	at org.openqa.selenium.remote.RemoteWebElement.execute(RemoteWebElement.java:279)
	at org.openqa.selenium.remote.RemoteWebElement.click(RemoteWebElement.java:83)
	at org.drc.vat.appmanager.HelperBase.clickOn(HelperBase.java:96)
	at org.drc.vat.StepDefinitions.DV_2882_Manual_Assessed_LandingScreen.user_click_on_Dashboard(DV_2882_Manual_Assessed_LandingScreen.java:26)
	at ?.And User click on Dashboard(features/10_DV_2391_eFile_Preview.feature:6)
</textarea></div>
					</li>
					<li test-id='204' class='node and skip' status='skip'><b>And</b>
						<span class="bdd-step-name">And User click on Tab</span>
							<div class='pre'>skipped</div>
					</li>
					<li test-id='205' class='node and skip' status='skip'><b>And</b>
						<span class="bdd-step-name">And clicks on e-filing to fill data</span>
							<div class='pre'>skipped</div>
					</li>
					<li test-id='206' class='node and skip' status='skip'><b>And</b>
						<span class="bdd-step-name">And User entered value "100000" "7000" "5000" "500" "500" "500" "500" "500" "500" for Operation Performed on preview</span>
							<div class='pre'>skipped</div>
					</li>
					<li test-id='207' class='node and skip' status='skip'><b>And</b>
						<span class="bdd-step-name">And User entered value "500" "500" "500" "500" "500" "500" "500" "500" for Tax Deductible On preview</span>
							<div class='pre'>skipped</div>
					</li>
					<li test-id='208' class='node and skip' status='skip'><b>And</b>
						<span class="bdd-step-name">And User entered value "500" "500" "500" "500" for Adjustment on preview</span>
							<div class='pre'>skipped</div>
					</li>
					<li test-id='209' class='node and skip' status='skip'><b>And</b>
						<span class="bdd-step-name">And User entered value "100000" for Tax Calculation on preview</span>
							<div class='pre'>skipped</div>
					</li>
					<li test-id='210' class='node and skip' status='skip'><b>And</b>
						<span class="bdd-step-name">And User click on check box and click on submit button</span>
							<div class='pre'>skipped</div>
					</li>
					<li test-id='211' class='node and skip' status='skip'><b>And</b>
						<span class="bdd-step-name">And Enter OTP and click on verify button and click on Ok button</span>
							<div class='pre'>skipped</div>
					</li>
					<li test-id='212' class='node and skip' status='skip'><b>And</b>
						<span class="bdd-step-name">And User is navigate to Tax Calculation page</span>
							<div class='pre'>skipped</div>
					</li>
					<li test-id='213' class='node and skip' status='skip'><b>And</b>
						<span class="bdd-step-name">And User click on previous button and navigate to Vat e-filing page</span>
							<div class='pre'>skipped</div>
					</li>
					<li test-id='214' class='node and skip' status='skip'><b>And</b>
						<span class="bdd-step-name">And User click on Preview</span>
							<div class='pre'>skipped</div>
					</li>
					<li test-id='215' class='node and skip' status='skip'><b>And</b>
						<span class="bdd-step-name">And User validate Operations Performed Section</span>
							<div class='pre'>skipped</div>
					</li>
					<li test-id='216' class='node and skip' status='skip'><b>And</b>
						<span class="bdd-step-name">And User validate Tax Deductible On</span>
							<div class='pre'>skipped</div>
					</li>
					<li test-id='217' class='node and skip' status='skip'><b>And</b>
						<span class="bdd-step-name">And User validate Adjustment</span>
							<div class='pre'>skipped</div>
					</li>
					<li test-id='218' class='node and skip' status='skip'><b>And</b>
						<span class="bdd-step-name">And User click on download button and user validate file should get downloaded</span>
						<ul class='screenshots right'>
							<li><a data-featherlight="image" href="E:\DRC Merge Regreation\DRC-Automation\test-output\Wed Dec 19\screenshots\User verify Operations Performed Section ,Tax Deductible , Adjustment along with Download,preview  functionality_180137.png"><i class='material-icons'>panorama</i></a></li>
						</ul>
							<div class='pre'>skipped</div>
					</li>
				</ul>
		</li>
	</ul>
</div>
					</div>
				</li>
				
				
				<li class='test displayed active has-leaf fail' status='fail' bdd='true' test-id='219'>
					<div class='test-heading'>
						<span class='test-name'>User is on e-filing landing screen</span>
						<span class='test-time'>Dec 19, 2018 06:01:44 PM</span>
						<span class='test-status right fail'>fail</span>
					</div>
					<div class='test-content hide'>
<div class='scenariooutline node' test-id='220' status='fail'>
	<span class='duration right label'>0h 0m 5s+576ms</span>
	<div class='desc'>
		<b>ScenarioOutline</b>
		<span class="desc-text">Validate the Download templates button functionality</span>
	</div>
	<ul class='steps'>
		<li test-id='221' class='node scenario fail' status='fail'>
			<div class='category-list'>
				<span class='category label white-text'>@TC_02</span>
			</div>
			
			<b>Scenario</b>
			
			<span class="bdd-step-name">Validate the Download templates button functionality</span>
			
				<ul class='steps'>
					<li test-id='222' class='node given pass' status='pass'><b>Given</b>
						<span class="bdd-step-name">Given User is on Vat e-Filing Page "Landing_Screen_02" "download template"</span>
							<div class='pre'>passed</div>
					</li>
					<li test-id='223' class='node and fail' status='fail'><b>And</b>
						<span class="bdd-step-name">And User click on Dashboard</span>
							<div class='pre'><textarea>org.openqa.selenium.WebDriverException: unknown error: Element <div _ngcontent-c5="" class="d-flex ng-tns-c5-2 ng-star-inserted" ng-reflect-klass="d-flex" ng-reflect-ng-class="[object Object]" title="Dashboard">...</div> is not clickable at point (125, 115). Other element would receive the click: <div _ngcontent-c0="" class="loader d-flex align-items-center justify-content-center ng-star-inserted">...</div>
  (Session info: chrome=71.0.3578.98)
  (Driver info: chromedriver=2.43.600210 (68dcf5eebde37173d4027fa8635e332711d2874a),platform=Windows NT 10.0.17134 x86_64) (WARNING: The server did not provide any stacktrace information)
Command duration or timeout: 0 milliseconds
Build info: version: '3.11.0', revision: 'e59cfb3', time: '2018-03-11T20:26:55.152Z'
System info: host: '1R-23', ip: '172.16.3.23', os.name: 'Windows 10', os.arch: 'amd64', os.version: '10.0', java.version: '1.8.0_171'
Driver info: org.openqa.selenium.chrome.ChromeDriver
Capabilities {acceptInsecureCerts: false, acceptSslCerts: false, applicationCacheEnabled: false, browserConnectionEnabled: false, browserName: chrome, chrome: {chromedriverVersion: 2.43.600210 (68dcf5eebde371..., userDataDir: C:\Users\FRANKE~1.MEH\AppDa...}, cssSelectorsEnabled: true, databaseEnabled: false, goog:chromeOptions: {debuggerAddress: localhost:64796}, handlesAlerts: true, hasTouchScreen: false, javascriptEnabled: true, locationContextEnabled: true, mobileEmulationEnabled: false, nativeEvents: true, networkConnectionEnabled: false, pageLoadStrategy: normal, platform: XP, platformName: XP, rotatable: false, setWindowRect: true, takesHeapSnapshot: true, takesScreenshot: true, unexpectedAlertBehaviour: , unhandledPromptBehavior: , version: 71.0.3578.98, webStorageEnabled: true}
Session ID: c9d0cac89675cf9bc7bc42169b5b4b6f
	at sun.reflect.NativeConstructorAccessorImpl.newInstance0(Native Method)
	at sun.reflect.NativeConstructorAccessorImpl.newInstance(Unknown Source)
	at sun.reflect.DelegatingConstructorAccessorImpl.newInstance(Unknown Source)
	at java.lang.reflect.Constructor.newInstance(Unknown Source)
	at org.openqa.selenium.remote.ErrorHandler.createThrowable(ErrorHandler.java:214)
	at org.openqa.selenium.remote.ErrorHandler.throwIfResponseFailed(ErrorHandler.java:166)
	at org.openqa.selenium.remote.http.JsonHttpResponseCodec.reconstructValue(JsonHttpResponseCodec.java:40)
	at org.openqa.selenium.remote.http.AbstractHttpResponseCodec.decode(AbstractHttpResponseCodec.java:80)
	at org.openqa.selenium.remote.http.AbstractHttpResponseCodec.decode(AbstractHttpResponseCodec.java:44)
	at org.openqa.selenium.remote.HttpCommandExecutor.execute(HttpCommandExecutor.java:158)
	at org.openqa.selenium.remote.service.DriverCommandExecutor.execute(DriverCommandExecutor.java:83)
	at org.openqa.selenium.remote.RemoteWebDriver.execute(RemoteWebDriver.java:545)
	at org.openqa.selenium.remote.RemoteWebElement.execute(RemoteWebElement.java:279)
	at org.openqa.selenium.remote.RemoteWebElement.click(RemoteWebElement.java:83)
	at org.drc.vat.appmanager.HelperBase.clickOn(HelperBase.java:96)
	at org.drc.vat.StepDefinitions.DV_2882_Manual_Assessed_LandingScreen.user_click_on_Dashboard(DV_2882_Manual_Assessed_LandingScreen.java:26)
	at ?.And User click on Dashboard(features/11_1_DV_2394_Landing_Screen.feature:21)
</textarea></div>
					</li>
					<li test-id='224' class='node and skip' status='skip'><b>And</b>
						<span class="bdd-step-name">And User click on Tab</span>
							<div class='pre'>skipped</div>
					</li>
					<li test-id='225' class='node and skip' status='skip'><b>And</b>
						<span class="bdd-step-name">And User click on Download Template</span>
							<div class='pre'>skipped</div>
					</li>
					<li test-id='226' class='node then skip' status='skip'><b>Then</b>
						<span class="bdd-step-name">Then User verify download file</span>
						<ul class='screenshots right'>
							<li><a data-featherlight="image" href="E:\DRC Merge Regreation\DRC-Automation\test-output\Wed Dec 19\screenshots\Validate the Download templates button functionality_180144.png"><i class='material-icons'>panorama</i></a></li>
						</ul>
							<div class='pre'>skipped</div>
					</li>
				</ul>
		</li>
	</ul>
</div>
<div class='scenariooutline node' test-id='227' status='fail'>
	<span class='duration right label'>0h 0m 5s+582ms</span>
	<div class='desc'>
		<b>ScenarioOutline</b>
		<span class="desc-text">Validate the Financial Year dropdown functionality.</span>
	</div>
	<ul class='steps'>
		<li test-id='228' class='node scenario fail' status='fail'>
			<div class='category-list'>
				<span class='category label white-text'>@TC_04_e-filing_landing_screen</span>
			</div>
			
			<b>Scenario</b>
			
			<span class="bdd-step-name">Validate the Financial Year dropdown functionality.</span>
			
				<ul class='steps'>
					<li test-id='229' class='node given pass' status='pass'><b>Given</b>
						<span class="bdd-step-name">Given User is on Vat e-Filing Page "Landing_Screen_04" "Finicial year functionality"</span>
							<div class='pre'>passed</div>
					</li>
					<li test-id='230' class='node and fail' status='fail'><b>And</b>
						<span class="bdd-step-name">And User click on Dashboard</span>
							<div class='pre'><textarea>org.openqa.selenium.WebDriverException: unknown error: Element <div _ngcontent-c5="" class="d-flex ng-tns-c5-2 ng-star-inserted" ng-reflect-klass="d-flex" ng-reflect-ng-class="[object Object]" title="Dashboard">...</div> is not clickable at point (125, 115). Other element would receive the click: <modal-container class="modal fade show" role="dialog" tabindex="-1" aria-modal="true" style="display: block;">...</modal-container>
  (Session info: chrome=71.0.3578.98)
  (Driver info: chromedriver=2.43.600210 (68dcf5eebde37173d4027fa8635e332711d2874a),platform=Windows NT 10.0.17134 x86_64) (WARNING: The server did not provide any stacktrace information)
Command duration or timeout: 0 milliseconds
Build info: version: '3.11.0', revision: 'e59cfb3', time: '2018-03-11T20:26:55.152Z'
System info: host: '1R-23', ip: '172.16.3.23', os.name: 'Windows 10', os.arch: 'amd64', os.version: '10.0', java.version: '1.8.0_171'
Driver info: org.openqa.selenium.chrome.ChromeDriver
Capabilities {acceptInsecureCerts: false, acceptSslCerts: false, applicationCacheEnabled: false, browserConnectionEnabled: false, browserName: chrome, chrome: {chromedriverVersion: 2.43.600210 (68dcf5eebde371..., userDataDir: C:\Users\FRANKE~1.MEH\AppDa...}, cssSelectorsEnabled: true, databaseEnabled: false, goog:chromeOptions: {debuggerAddress: localhost:64796}, handlesAlerts: true, hasTouchScreen: false, javascriptEnabled: true, locationContextEnabled: true, mobileEmulationEnabled: false, nativeEvents: true, networkConnectionEnabled: false, pageLoadStrategy: normal, platform: XP, platformName: XP, rotatable: false, setWindowRect: true, takesHeapSnapshot: true, takesScreenshot: true, unexpectedAlertBehaviour: , unhandledPromptBehavior: , version: 71.0.3578.98, webStorageEnabled: true}
Session ID: c9d0cac89675cf9bc7bc42169b5b4b6f
	at sun.reflect.NativeConstructorAccessorImpl.newInstance0(Native Method)
	at sun.reflect.NativeConstructorAccessorImpl.newInstance(Unknown Source)
	at sun.reflect.DelegatingConstructorAccessorImpl.newInstance(Unknown Source)
	at java.lang.reflect.Constructor.newInstance(Unknown Source)
	at org.openqa.selenium.remote.ErrorHandler.createThrowable(ErrorHandler.java:214)
	at org.openqa.selenium.remote.ErrorHandler.throwIfResponseFailed(ErrorHandler.java:166)
	at org.openqa.selenium.remote.http.JsonHttpResponseCodec.reconstructValue(JsonHttpResponseCodec.java:40)
	at org.openqa.selenium.remote.http.AbstractHttpResponseCodec.decode(AbstractHttpResponseCodec.java:80)
	at org.openqa.selenium.remote.http.AbstractHttpResponseCodec.decode(AbstractHttpResponseCodec.java:44)
	at org.openqa.selenium.remote.HttpCommandExecutor.execute(HttpCommandExecutor.java:158)
	at org.openqa.selenium.remote.service.DriverCommandExecutor.execute(DriverCommandExecutor.java:83)
	at org.openqa.selenium.remote.RemoteWebDriver.execute(RemoteWebDriver.java:545)
	at org.openqa.selenium.remote.RemoteWebElement.execute(RemoteWebElement.java:279)
	at org.openqa.selenium.remote.RemoteWebElement.click(RemoteWebElement.java:83)
	at org.drc.vat.appmanager.HelperBase.clickOn(HelperBase.java:96)
	at org.drc.vat.StepDefinitions.DV_2882_Manual_Assessed_LandingScreen.user_click_on_Dashboard(DV_2882_Manual_Assessed_LandingScreen.java:26)
	at ?.And User click on Dashboard(features/11_1_DV_2394_Landing_Screen.feature:35)
</textarea></div>
					</li>
					<li test-id='231' class='node and skip' status='skip'><b>And</b>
						<span class="bdd-step-name">And User click on Tab</span>
							<div class='pre'>skipped</div>
					</li>
					<li test-id='232' class='node and skip' status='skip'><b>And</b>
						<span class="bdd-step-name">And user see Total Liability</span>
							<div class='pre'>skipped</div>
					</li>
					<li test-id='233' class='node and skip' status='skip'><b>And</b>
						<span class="bdd-step-name">And User click on Finicial year dropdown "drp_Year2018"</span>
							<div class='pre'>skipped</div>
					</li>
					<li test-id='234' class='node and skip' status='skip'><b>And</b>
						<span class="bdd-step-name">And User see all month record from that year "TextJan" to "TextDec"</span>
							<div class='pre'>skipped</div>
					</li>
					<li test-id='235' class='node and skip' status='skip'><b>And</b>
						<span class="bdd-step-name">And User see Total Liability is not changed</span>
						<ul class='screenshots right'>
							<li><a data-featherlight="image" href="E:\DRC Merge Regreation\DRC-Automation\test-output\Wed Dec 19\screenshots\Validate the Financial Year dropdown functionality._180150.png"><i class='material-icons'>panorama</i></a></li>
						</ul>
							<div class='pre'>skipped</div>
					</li>
				</ul>
		</li>
	</ul>
</div>
<div class='scenariooutline node' test-id='236' status='fail'>
	<span class='duration right label'>0h 0m 5s+568ms</span>
	<div class='desc'>
		<b>ScenarioOutline</b>
		<span class="desc-text">Validate the Status functionality whether the e-filing , payment and assessment are pending for that particular month</span>
	</div>
	<ul class='steps'>
		<li test-id='237' class='node scenario fail' status='fail'>
			<div class='category-list'>
				<span class='category label white-text'>@TC_05_e-filing_landing_screen</span>
			</div>
			
			<b>Scenario</b>
			
			<span class="bdd-step-name">Validate the Status functionality whether the e-filing , payment and assessment are pending for that particular month</span>
			
				<ul class='steps'>
					<li test-id='238' class='node given pass' status='pass'><b>Given</b>
						<span class="bdd-step-name">Given User is on Vat e-Filing Page "Landing_Screen_05" "validate status functionality"</span>
							<div class='pre'>passed</div>
					</li>
					<li test-id='239' class='node and fail' status='fail'><b>And</b>
						<span class="bdd-step-name">And User click on Dashboard</span>
							<div class='pre'><textarea>org.openqa.selenium.WebDriverException: unknown error: Element <div _ngcontent-c5="" class="d-flex ng-tns-c5-2 ng-star-inserted" ng-reflect-klass="d-flex" ng-reflect-ng-class="[object Object]" title="Dashboard">...</div> is not clickable at point (125, 115). Other element would receive the click: <modal-container class="modal fade show" role="dialog" tabindex="-1" aria-modal="true" style="display: block;">...</modal-container>
  (Session info: chrome=71.0.3578.98)
  (Driver info: chromedriver=2.43.600210 (68dcf5eebde37173d4027fa8635e332711d2874a),platform=Windows NT 10.0.17134 x86_64) (WARNING: The server did not provide any stacktrace information)
Command duration or timeout: 0 milliseconds
Build info: version: '3.11.0', revision: 'e59cfb3', time: '2018-03-11T20:26:55.152Z'
System info: host: '1R-23', ip: '172.16.3.23', os.name: 'Windows 10', os.arch: 'amd64', os.version: '10.0', java.version: '1.8.0_171'
Driver info: org.openqa.selenium.chrome.ChromeDriver
Capabilities {acceptInsecureCerts: false, acceptSslCerts: false, applicationCacheEnabled: false, browserConnectionEnabled: false, browserName: chrome, chrome: {chromedriverVersion: 2.43.600210 (68dcf5eebde371..., userDataDir: C:\Users\FRANKE~1.MEH\AppDa...}, cssSelectorsEnabled: true, databaseEnabled: false, goog:chromeOptions: {debuggerAddress: localhost:64796}, handlesAlerts: true, hasTouchScreen: false, javascriptEnabled: true, locationContextEnabled: true, mobileEmulationEnabled: false, nativeEvents: true, networkConnectionEnabled: false, pageLoadStrategy: normal, platform: XP, platformName: XP, rotatable: false, setWindowRect: true, takesHeapSnapshot: true, takesScreenshot: true, unexpectedAlertBehaviour: , unhandledPromptBehavior: , version: 71.0.3578.98, webStorageEnabled: true}
Session ID: c9d0cac89675cf9bc7bc42169b5b4b6f
	at sun.reflect.NativeConstructorAccessorImpl.newInstance0(Native Method)
	at sun.reflect.NativeConstructorAccessorImpl.newInstance(Unknown Source)
	at sun.reflect.DelegatingConstructorAccessorImpl.newInstance(Unknown Source)
	at java.lang.reflect.Constructor.newInstance(Unknown Source)
	at org.openqa.selenium.remote.ErrorHandler.createThrowable(ErrorHandler.java:214)
	at org.openqa.selenium.remote.ErrorHandler.throwIfResponseFailed(ErrorHandler.java:166)
	at org.openqa.selenium.remote.http.JsonHttpResponseCodec.reconstructValue(JsonHttpResponseCodec.java:40)
	at org.openqa.selenium.remote.http.AbstractHttpResponseCodec.decode(AbstractHttpResponseCodec.java:80)
	at org.openqa.selenium.remote.http.AbstractHttpResponseCodec.decode(AbstractHttpResponseCodec.java:44)
	at org.openqa.selenium.remote.HttpCommandExecutor.execute(HttpCommandExecutor.java:158)
	at org.openqa.selenium.remote.service.DriverCommandExecutor.execute(DriverCommandExecutor.java:83)
	at org.openqa.selenium.remote.RemoteWebDriver.execute(RemoteWebDriver.java:545)
	at org.openqa.selenium.remote.RemoteWebElement.execute(RemoteWebElement.java:279)
	at org.openqa.selenium.remote.RemoteWebElement.click(RemoteWebElement.java:83)
	at org.drc.vat.appmanager.HelperBase.clickOn(HelperBase.java:96)
	at org.drc.vat.StepDefinitions.DV_2882_Manual_Assessed_LandingScreen.user_click_on_Dashboard(DV_2882_Manual_Assessed_LandingScreen.java:26)
	at ?.And User click on Dashboard(features/11_1_DV_2394_Landing_Screen.feature:50)
</textarea></div>
					</li>
					<li test-id='240' class='node and skip' status='skip'><b>And</b>
						<span class="bdd-step-name">And User click on Tab</span>
							<div class='pre'>skipped</div>
					</li>
					<li test-id='241' class='node and skip' status='skip'><b>And</b>
						<span class="bdd-step-name">And User click on Finicial year dropdown "drp_Year2018"</span>
							<div class='pre'>skipped</div>
					</li>
					<li test-id='242' class='node and skip' status='skip'><b>And</b>
						<span class="bdd-step-name">And clicks on e-filing to check</span>
						<ul class='screenshots right'>
							<li><a data-featherlight="image" href="E:\DRC Merge Regreation\DRC-Automation\test-output\Wed Dec 19\screenshots\Validate the Status functionality whether the e-filing , payment and assessment are pending for that particular month_180156.png"><i class='material-icons'>panorama</i></a></li>
						</ul>
							<div class='pre'>skipped</div>
					</li>
				</ul>
		</li>
	</ul>
</div>
<div class='scenariooutline node' test-id='243' status='fail'>
	<span class='duration right label'>0h 0m 5s+578ms</span>
	<div class='desc'>
		<b>ScenarioOutline</b>
		<span class="desc-text">Validate the PAY button functionality whether user can successfully pay the amount for that particular month</span>
	</div>
	<ul class='steps'>
		<li test-id='244' class='node scenario fail' status='fail'>
			<div class='category-list'>
				<span class='category label white-text'>@TC_08_e-filing_landing_screen</span>
			</div>
			
			<b>Scenario</b>
			
			<span class="bdd-step-name">Validate the PAY button functionality whether user can successfully pay the amount for that particular month</span>
			
				<ul class='steps'>
					<li test-id='245' class='node given pass' status='pass'><b>Given</b>
						<span class="bdd-step-name">Given User is on Vat e-Filing Page "Landing_Screen_08" "validate pay button functionality"</span>
							<div class='pre'>passed</div>
					</li>
					<li test-id='246' class='node and fail' status='fail'><b>And</b>
						<span class="bdd-step-name">And User click on Dashboard</span>
							<div class='pre'><textarea>org.openqa.selenium.WebDriverException: unknown error: Element <div _ngcontent-c5="" class="d-flex ng-tns-c5-2 ng-star-inserted" ng-reflect-klass="d-flex" ng-reflect-ng-class="[object Object]" title="Dashboard">...</div> is not clickable at point (125, 115). Other element would receive the click: <modal-container class="modal fade show" role="dialog" tabindex="-1" aria-modal="true" style="display: block;">...</modal-container>
  (Session info: chrome=71.0.3578.98)
  (Driver info: chromedriver=2.43.600210 (68dcf5eebde37173d4027fa8635e332711d2874a),platform=Windows NT 10.0.17134 x86_64) (WARNING: The server did not provide any stacktrace information)
Command duration or timeout: 0 milliseconds
Build info: version: '3.11.0', revision: 'e59cfb3', time: '2018-03-11T20:26:55.152Z'
System info: host: '1R-23', ip: '172.16.3.23', os.name: 'Windows 10', os.arch: 'amd64', os.version: '10.0', java.version: '1.8.0_171'
Driver info: org.openqa.selenium.chrome.ChromeDriver
Capabilities {acceptInsecureCerts: false, acceptSslCerts: false, applicationCacheEnabled: false, browserConnectionEnabled: false, browserName: chrome, chrome: {chromedriverVersion: 2.43.600210 (68dcf5eebde371..., userDataDir: C:\Users\FRANKE~1.MEH\AppDa...}, cssSelectorsEnabled: true, databaseEnabled: false, goog:chromeOptions: {debuggerAddress: localhost:64796}, handlesAlerts: true, hasTouchScreen: false, javascriptEnabled: true, locationContextEnabled: true, mobileEmulationEnabled: false, nativeEvents: true, networkConnectionEnabled: false, pageLoadStrategy: normal, platform: XP, platformName: XP, rotatable: false, setWindowRect: true, takesHeapSnapshot: true, takesScreenshot: true, unexpectedAlertBehaviour: , unhandledPromptBehavior: , version: 71.0.3578.98, webStorageEnabled: true}
Session ID: c9d0cac89675cf9bc7bc42169b5b4b6f
	at sun.reflect.NativeConstructorAccessorImpl.newInstance0(Native Method)
	at sun.reflect.NativeConstructorAccessorImpl.newInstance(Unknown Source)
	at sun.reflect.DelegatingConstructorAccessorImpl.newInstance(Unknown Source)
	at java.lang.reflect.Constructor.newInstance(Unknown Source)
	at org.openqa.selenium.remote.ErrorHandler.createThrowable(ErrorHandler.java:214)
	at org.openqa.selenium.remote.ErrorHandler.throwIfResponseFailed(ErrorHandler.java:166)
	at org.openqa.selenium.remote.http.JsonHttpResponseCodec.reconstructValue(JsonHttpResponseCodec.java:40)
	at org.openqa.selenium.remote.http.AbstractHttpResponseCodec.decode(AbstractHttpResponseCodec.java:80)
	at org.openqa.selenium.remote.http.AbstractHttpResponseCodec.decode(AbstractHttpResponseCodec.java:44)
	at org.openqa.selenium.remote.HttpCommandExecutor.execute(HttpCommandExecutor.java:158)
	at org.openqa.selenium.remote.service.DriverCommandExecutor.execute(DriverCommandExecutor.java:83)
	at org.openqa.selenium.remote.RemoteWebDriver.execute(RemoteWebDriver.java:545)
	at org.openqa.selenium.remote.RemoteWebElement.execute(RemoteWebElement.java:279)
	at org.openqa.selenium.remote.RemoteWebElement.click(RemoteWebElement.java:83)
	at org.drc.vat.appmanager.HelperBase.clickOn(HelperBase.java:96)
	at org.drc.vat.StepDefinitions.DV_2882_Manual_Assessed_LandingScreen.user_click_on_Dashboard(DV_2882_Manual_Assessed_LandingScreen.java:26)
	at ?.And User click on Dashboard(features/11_1_DV_2394_Landing_Screen.feature:92)
</textarea></div>
					</li>
					<li test-id='247' class='node and skip' status='skip'><b>And</b>
						<span class="bdd-step-name">And User click on Tab</span>
							<div class='pre'>skipped</div>
					</li>
					<li test-id='248' class='node and skip' status='skip'><b>And</b>
						<span class="bdd-step-name">And clicks on e-filing on landing screen</span>
							<div class='pre'>skipped</div>
					</li>
					<li test-id='249' class='node and skip' status='skip'><b>And</b>
						<span class="bdd-step-name">And User entered value "10000" "7000" "5000" "500" "500" "500" "500" "500" "500" for Operation Performed on preview</span>
							<div class='pre'>skipped</div>
					</li>
					<li test-id='250' class='node and skip' status='skip'><b>And</b>
						<span class="bdd-step-name">And User click on check box and click on submit button</span>
							<div class='pre'>skipped</div>
					</li>
					<li test-id='251' class='node and skip' status='skip'><b>And</b>
						<span class="bdd-step-name">And Enter OTP and click on verify button and click on Ok button</span>
							<div class='pre'>skipped</div>
					</li>
					<li test-id='252' class='node and skip' status='skip'><b>And</b>
						<span class="bdd-step-name">And User is navigate to Tax Calculation page</span>
							<div class='pre'>skipped</div>
					</li>
					<li test-id='253' class='node and skip' status='skip'><b>And</b>
						<span class="bdd-step-name">And User click on previous button and navigate to Vat e-filing page</span>
							<div class='pre'>skipped</div>
					</li>
					<li test-id='254' class='node and skip' status='skip'><b>And</b>
						<span class="bdd-step-name">And User see Preview button is display and pay button gets enable and user click on pay button</span>
							<div class='pre'>skipped</div>
					</li>
					<li test-id='255' class='node and skip' status='skip'><b>And</b>
						<span class="bdd-step-name">And User click on proceed button and navigate to Payment of tax page</span>
							<div class='pre'>skipped</div>
					</li>
					<li test-id='256' class='node and skip' status='skip'><b>And</b>
						<span class="bdd-step-name">And cliccks on "Over the Counter" and verify details</span>
							<div class='pre'>skipped</div>
					</li>
					<li test-id='257' class='node and skip' status='skip'><b>And</b>
						<span class="bdd-step-name">And Execute query for payment</span>
						<ul class='screenshots right'>
							<li><a data-featherlight="image" href="E:\DRC Merge Regreation\DRC-Automation\test-output\Wed Dec 19\screenshots\Validate the PAY button functionality whether user can successfully pay the amount for that particular month_180202.png"><i class='material-icons'>panorama</i></a></li>
						</ul>
							<div class='pre'>skipped</div>
					</li>
				</ul>
		</li>
	</ul>
</div>
<div class='scenariooutline node' test-id='258' status='fail'>
	<span class='duration right label'>0h 0m 5s+579ms</span>
	<div class='desc'>
		<b>ScenarioOutline</b>
		<span class="desc-text">Validate the PAY button functionality whether user can successfully pay the amount for that particular month</span>
	</div>
	<ul class='steps'>
		<li test-id='259' class='node scenario fail' status='fail'>
			<div class='category-list'>
				<span class='category label white-text'>@TC_10_e-filing_landing_screen</span>
			</div>
			
			<b>Scenario</b>
			
			<span class="bdd-step-name">Validate the PAY button functionality whether user can successfully pay the amount for that particular month</span>
			
				<ul class='steps'>
					<li test-id='260' class='node given pass' status='pass'><b>Given</b>
						<span class="bdd-step-name">Given User is on Vat e-Filing Page "Landing_Screen_10" "<Description>"</span>
							<div class='pre'>passed</div>
					</li>
					<li test-id='261' class='node and fail' status='fail'><b>And</b>
						<span class="bdd-step-name">And User click on Dashboard</span>
							<div class='pre'><textarea>org.openqa.selenium.WebDriverException: unknown error: Element <div _ngcontent-c5="" class="d-flex ng-tns-c5-2 ng-star-inserted" ng-reflect-klass="d-flex" ng-reflect-ng-class="[object Object]" title="Dashboard">...</div> is not clickable at point (125, 115). Other element would receive the click: <modal-container class="modal fade show" role="dialog" tabindex="-1" aria-modal="true" style="display: block;">...</modal-container>
  (Session info: chrome=71.0.3578.98)
  (Driver info: chromedriver=2.43.600210 (68dcf5eebde37173d4027fa8635e332711d2874a),platform=Windows NT 10.0.17134 x86_64) (WARNING: The server did not provide any stacktrace information)
Command duration or timeout: 0 milliseconds
Build info: version: '3.11.0', revision: 'e59cfb3', time: '2018-03-11T20:26:55.152Z'
System info: host: '1R-23', ip: '172.16.3.23', os.name: 'Windows 10', os.arch: 'amd64', os.version: '10.0', java.version: '1.8.0_171'
Driver info: org.openqa.selenium.chrome.ChromeDriver
Capabilities {acceptInsecureCerts: false, acceptSslCerts: false, applicationCacheEnabled: false, browserConnectionEnabled: false, browserName: chrome, chrome: {chromedriverVersion: 2.43.600210 (68dcf5eebde371..., userDataDir: C:\Users\FRANKE~1.MEH\AppDa...}, cssSelectorsEnabled: true, databaseEnabled: false, goog:chromeOptions: {debuggerAddress: localhost:64796}, handlesAlerts: true, hasTouchScreen: false, javascriptEnabled: true, locationContextEnabled: true, mobileEmulationEnabled: false, nativeEvents: true, networkConnectionEnabled: false, pageLoadStrategy: normal, platform: XP, platformName: XP, rotatable: false, setWindowRect: true, takesHeapSnapshot: true, takesScreenshot: true, unexpectedAlertBehaviour: , unhandledPromptBehavior: , version: 71.0.3578.98, webStorageEnabled: true}
Session ID: c9d0cac89675cf9bc7bc42169b5b4b6f
	at sun.reflect.NativeConstructorAccessorImpl.newInstance0(Native Method)
	at sun.reflect.NativeConstructorAccessorImpl.newInstance(Unknown Source)
	at sun.reflect.DelegatingConstructorAccessorImpl.newInstance(Unknown Source)
	at java.lang.reflect.Constructor.newInstance(Unknown Source)
	at org.openqa.selenium.remote.ErrorHandler.createThrowable(ErrorHandler.java:214)
	at org.openqa.selenium.remote.ErrorHandler.throwIfResponseFailed(ErrorHandler.java:166)
	at org.openqa.selenium.remote.http.JsonHttpResponseCodec.reconstructValue(JsonHttpResponseCodec.java:40)
	at org.openqa.selenium.remote.http.AbstractHttpResponseCodec.decode(AbstractHttpResponseCodec.java:80)
	at org.openqa.selenium.remote.http.AbstractHttpResponseCodec.decode(AbstractHttpResponseCodec.java:44)
	at org.openqa.selenium.remote.HttpCommandExecutor.execute(HttpCommandExecutor.java:158)
	at org.openqa.selenium.remote.service.DriverCommandExecutor.execute(DriverCommandExecutor.java:83)
	at org.openqa.selenium.remote.RemoteWebDriver.execute(RemoteWebDriver.java:545)
	at org.openqa.selenium.remote.RemoteWebElement.execute(RemoteWebElement.java:279)
	at org.openqa.selenium.remote.RemoteWebElement.click(RemoteWebElement.java:83)
	at org.drc.vat.appmanager.HelperBase.clickOn(HelperBase.java:96)
	at org.drc.vat.StepDefinitions.DV_2882_Manual_Assessed_LandingScreen.user_click_on_Dashboard(DV_2882_Manual_Assessed_LandingScreen.java:26)
	at ?.And User click on Dashboard(features/11_1_DV_2394_Landing_Screen.feature:124)
</textarea></div>
					</li>
					<li test-id='262' class='node and skip' status='skip'><b>And</b>
						<span class="bdd-step-name">And User click on Tab</span>
							<div class='pre'>skipped</div>
					</li>
					<li test-id='263' class='node and skip' status='skip'><b>And</b>
						<span class="bdd-step-name">And User click on collpase icon for filing "eJan"</span>
							<div class='pre'>skipped</div>
					</li>
					<li test-id='264' class='node and skip' status='skip'><b>And</b>
						<span class="bdd-step-name">And User click on Pay button "eJanP"</span>
							<div class='pre'>skipped</div>
					</li>
					<li test-id='265' class='node and skip' status='skip'><b>And</b>
						<span class="bdd-step-name">And User click on proceed button and navigate to Payment of tax page</span>
							<div class='pre'>skipped</div>
					</li>
					<li test-id='266' class='node and skip' status='skip'><b>And</b>
						<span class="bdd-step-name">And cliccks on "Over the Counter" and verify details</span>
							<div class='pre'>skipped</div>
					</li>
					<li test-id='267' class='node and skip' status='skip'><b>And</b>
						<span class="bdd-step-name">And Execute query for payment</span>
							<div class='pre'>skipped</div>
					</li>
					<li test-id='268' class='node and skip' status='skip'><b>And</b>
						<span class="bdd-step-name">And User logout</span>
						<ul class='screenshots right'>
							<li><a data-featherlight="image" href="E:\DRC Merge Regreation\DRC-Automation\test-output\Wed Dec 19\screenshots\Validate the PAY button functionality whether user can successfully pay the amount for that particular month_180208.png"><i class='material-icons'>panorama</i></a></li>
						</ul>
							<div class='pre'>skipped</div>
					</li>
				</ul>
		</li>
	</ul>
</div>
					</div>
				</li>
			</ul>
		</div>
	</div>
	<!-- subview left -->

	<div class='subview-right left'>
		<div class='view-summary'>
			<h5 class='test-name'></h5>

			<div id='step-filters' class="right">
				<span class="blue-text" status="info" alt="info" title="info"><i class="material-icons">info_outline</i></span>
				<span class="green-text" status="pass" alt="pass" title="pass"><i class="material-icons">check_circle</i></span>
				<span class="red-text" status="fail" alt="fail" title="fail"><i class="material-icons">cancel</i></span>
				<span class="red-text text-darken-4" status="fatal" alt="fatal" title="fatal"><i class="material-icons">cancel</i></span>
				<span class="pink-text text-lighten-1" status="error" alt="error" title="error"><i class="material-icons">error</i></span>
				<span class="orange-text" alt="warning" status="warning" title="warning"><i class="material-icons">warning</i></span>
				<span class="teal-text" status="skip" alt="skip" title="skip"><i class="material-icons">redo</i></span>
				<span status="clear" alt="Clear filters" title="Clear filters"><i class="material-icons">clear</i></span>
			</div>
		</div>
	</div>
	<!-- subview right -->

</div>
<!-- test view -->
<div id='category-view' class='view hide'>

	<section id='controls'>
		<div class='controls grey lighten-4'>
			<!-- search -->
			<div class='chip transparent' alt='Search Tests' title='Search Tests'>
				<a href="#" class='search-div'>
					<i class='material-icons'>search</i> Search
				</a>
				
				<div class='input-field left hide'>
					<input id='search-tests' type='text' class='validate browser-default' placeholder='Search Tests...'>
				</div>
				
			</div>
			<!-- search -->
		</div>
	</section>

	<div class='subview-left left'>
		
		<div class='view-summary'>
			<h5>Categories</h3>
			<ul id='category-collection' class='category-collection'>
				
				<li class='category displayed active'>
					<div class='category-heading'>
						<span class='category-name'>@TC_01_Login</span>
						<span class='category-status right'>
							<span class='label pass'>1</span>
						</span>
					</div>
					<div class='category-content hide'>
						<div class='category-status-counts'>
							<span class='label green accent-4 white-text'>Passed: 1</span>
							
							
						</div>
					
						<div class='category-tests'>
							<table class='bordered table-results'>
								<thead>
									<tr>
										<th>Timestamp</th>
										<th>TestName</th>
										<th>Status</th>
									</tr>
								</thead>
								<tbody>
									<tr>
										<td>Dec 19, 2018 05:50:56 PM</td>
										<td class='linked' test-id='3'>User is on Tax Calculation.DRC Tax Portal Login.DRC Tax Portal Login</td>
										<td><span class='test-status pass'>pass</span></td>
									</tr>
								</tbody>
							</table>
						</div>
					</div>
				</li>
				<li class='category displayed active'>
					<div class='category-heading'>
						<span class='category-name'>@TC_02_12</span>
						<span class='category-status right'>
							<span class='label pass'>1</span>
						</span>
					</div>
					<div class='category-content hide'>
						<div class='category-status-counts'>
							<span class='label green accent-4 white-text'>Passed: 1</span>
							
							
						</div>
					
						<div class='category-tests'>
							<table class='bordered table-results'>
								<thead>
									<tr>
										<th>Timestamp</th>
										<th>TestName</th>
										<th>Status</th>
									</tr>
								</thead>
								<tbody>
									<tr>
										<td>Dec 19, 2018 05:51:24 PM</td>
										<td class='linked' test-id='8'>User is on Tax Calculation.Validate proceed button functionality.Validate proceed button functionality</td>
										<td><span class='test-status pass'>pass</span></td>
									</tr>
								</tbody>
							</table>
						</div>
					</div>
				</li>
				<li class='category displayed active'>
					<div class='category-heading'>
						<span class='category-name'>@TC_03</span>
						<span class='category-status right'>
							<span class='label pass'>1</span>
						</span>
					</div>
					<div class='category-content hide'>
						<div class='category-status-counts'>
							<span class='label green accent-4 white-text'>Passed: 1</span>
							
							
						</div>
					
						<div class='category-tests'>
							<table class='bordered table-results'>
								<thead>
									<tr>
										<th>Timestamp</th>
										<th>TestName</th>
										<th>Status</th>
									</tr>
								</thead>
								<tbody>
									<tr>
										<td>Dec 19, 2018 05:52:52 PM</td>
										<td class='linked' test-id='20'>User is on Tax Calculation.Validate the Period field..Validate the Period field.</td>
										<td><span class='test-status pass'>pass</span></td>
									</tr>
								</tbody>
							</table>
						</div>
					</div>
				</li>
				<li class='category displayed active'>
					<div class='category-heading'>
						<span class='category-name'>@TC_04_05_07_08_09_10_11</span>
						<span class='category-status right'>
							<span class='label pass'>1</span>
						</span>
					</div>
					<div class='category-content hide'>
						<div class='category-status-counts'>
							<span class='label green accent-4 white-text'>Passed: 1</span>
							
							
						</div>
					
						<div class='category-tests'>
							<table class='bordered table-results'>
								<thead>
									<tr>
										<th>Timestamp</th>
										<th>TestName</th>
										<th>Status</th>
									</tr>
								</thead>
								<tbody>
									<tr>
										<td>Dec 19, 2018 05:53:16 PM</td>
										<td class='linked' test-id='28'>User is on Tax Calculation.Validate Tax calculation values are displayed.Validate Tax calculation values are displayed</td>
										<td><span class='test-status pass'>pass</span></td>
									</tr>
								</tbody>
							</table>
						</div>
					</div>
				</li>
				<li class='category displayed active'>
					<div class='category-heading'>
						<span class='category-name'>@TC_02_DV_2390_Declaration_with_verification</span>
						<span class='category-status right'>
							<span class='label pass'>1</span>
						</span>
					</div>
					<div class='category-content hide'>
						<div class='category-status-counts'>
							<span class='label green accent-4 white-text'>Passed: 1</span>
							
							
						</div>
					
						<div class='category-tests'>
							<table class='bordered table-results'>
								<thead>
									<tr>
										<th>Timestamp</th>
										<th>TestName</th>
										<th>Status</th>
									</tr>
								</thead>
								<tbody>
									<tr>
										<td>Dec 19, 2018 05:55:16 PM</td>
										<td class='linked' test-id='44'>E-filing -> Filing -> Declaration with verification and confirmation of e-declaration.Validate whether the tax payer is able to e-file.Validate whether the tax payer is able to e-file</td>
										<td><span class='test-status pass'>pass</span></td>
									</tr>
								</tbody>
							</table>
						</div>
					</div>
				</li>
				<li class='category displayed active'>
					<div class='category-heading'>
						<span class='category-name'>@TC_03_DV_2390_Declaration_with_verification</span>
						<span class='category-status right'>
							<span class='label fail'>2</span>
						</span>
					</div>
					<div class='category-content hide'>
						<div class='category-status-counts'>
							
							<span class='label red lighten-1 white-text'>Failed: 2</span>
							
						</div>
					
						<div class='category-tests'>
							<table class='bordered table-results'>
								<thead>
									<tr>
										<th>Timestamp</th>
										<th>TestName</th>
										<th>Status</th>
									</tr>
								</thead>
								<tbody>
									<tr>
										<td>Dec 19, 2018 05:57:09 PM</td>
										<td class='linked' test-id='58'>E-filing -> Filing -> Declaration with verification and confirmation of e-declaration.Validate the text fields on e-filing declaration page..Validate the text fields on e-filing declaration page.</td>
										<td><span class='test-status fail'>fail</span></td>
									</tr>
									<tr>
										<td>Dec 19, 2018 05:57:36 PM</td>
										<td class='linked' test-id='67'>E-filing -> Filing -> Declaration with verification and confirmation of e-declaration.Validate the text fields on e-filing declaration page..Validate the text fields on e-filing declaration page.</td>
										<td><span class='test-status fail'>fail</span></td>
									</tr>
								</tbody>
							</table>
						</div>
					</div>
				</li>
				<li class='category displayed active'>
					<div class='category-heading'>
						<span class='category-name'>@TC_04_DV_2390_Declaration_with_verification</span>
						<span class='category-status right'>
							<span class='label fail'>1</span>
						</span>
					</div>
					<div class='category-content hide'>
						<div class='category-status-counts'>
							
							<span class='label red lighten-1 white-text'>Failed: 1</span>
							
						</div>
					
						<div class='category-tests'>
							<table class='bordered table-results'>
								<thead>
									<tr>
										<th>Timestamp</th>
										<th>TestName</th>
										<th>Status</th>
									</tr>
								</thead>
								<tbody>
									<tr>
										<td>Dec 19, 2018 05:57:42 PM</td>
										<td class='linked' test-id='77'>E-filing -> Filing -> Declaration with verification and confirmation of e-declaration.Validate the Period field..Validate the Period field.</td>
										<td><span class='test-status fail'>fail</span></td>
									</tr>
								</tbody>
							</table>
						</div>
					</div>
				</li>
				<li class='category displayed active'>
					<div class='category-heading'>
						<span class='category-name'>@TC_05_06_DV_2390_Declaration_with_verification</span>
						<span class='category-status right'>
							<span class='label fail'>1</span>
						</span>
					</div>
					<div class='category-content hide'>
						<div class='category-status-counts'>
							
							<span class='label red lighten-1 white-text'>Failed: 1</span>
							
						</div>
					
						<div class='category-tests'>
							<table class='bordered table-results'>
								<thead>
									<tr>
										<th>Timestamp</th>
										<th>TestName</th>
										<th>Status</th>
									</tr>
								</thead>
								<tbody>
									<tr>
										<td>Dec 19, 2018 05:57:48 PM</td>
										<td class='linked' test-id='85'>E-filing -> Filing -> Declaration with verification and confirmation of e-declaration.Validate the delivery of services field under Turnover realized column.Validate the delivery of services field under Turnover realized column</td>
										<td><span class='test-status fail'>fail</span></td>
									</tr>
								</tbody>
							</table>
						</div>
					</div>
				</li>
				<li class='category displayed active'>
					<div class='category-heading'>
						<span class='category-name'>@TC_07_08_09_14_15_17_18_19_20_DV_2390_Declaration_with_verification</span>
						<span class='category-status right'>
							<span class='label fail'>1</span>
						</span>
					</div>
					<div class='category-content hide'>
						<div class='category-status-counts'>
							
							<span class='label red lighten-1 white-text'>Failed: 1</span>
							
						</div>
					
						<div class='category-tests'>
							<table class='bordered table-results'>
								<thead>
									<tr>
										<th>Timestamp</th>
										<th>TestName</th>
										<th>Status</th>
									</tr>
								</thead>
								<tbody>
									<tr>
										<td>Dec 19, 2018 05:57:55 PM</td>
										<td class='linked' test-id='95'>E-filing -> Filing -> Declaration with verification and confirmation of e-declaration.Validate the amounts under VAT collected column (16%) , Total FC taxble turnover , total vat collected (16%) , Net VAT to be paid ,VAT Credit,Amount to Pay,VAT credit carried forward,  Vat on externally financed public procurement.Validate the amounts under VAT collected column (16%) , Total FC taxble turnover , total vat collected (16%) , Net VAT to be paid ,VAT Credit,Amount to Pay,VAT credit carried forward,  Vat on externally financed public procurement</td>
										<td><span class='test-status fail'>fail</span></td>
									</tr>
								</tbody>
							</table>
						</div>
					</div>
				</li>
				<li class='category displayed active'>
					<div class='category-heading'>
						<span class='category-name'>@TC_16_DV_2390_Declaration_with_verification</span>
						<span class='category-status right'>
							<span class='label pass'>1</span>
							<span class='label fail'>1</span>
						</span>
					</div>
					<div class='category-content hide'>
						<div class='category-status-counts'>
							<span class='label green accent-4 white-text'>Passed: 1</span>
							<span class='label red lighten-1 white-text'>Failed: 1</span>
							
						</div>
					
						<div class='category-tests'>
							<table class='bordered table-results'>
								<thead>
									<tr>
										<th>Timestamp</th>
										<th>TestName</th>
										<th>Status</th>
									</tr>
								</thead>
								<tbody>
									<tr>
										<td>Dec 19, 2018 05:58:22 PM</td>
										<td class='linked' test-id='105'>E-filing -> Filing -> Declaration with verification and confirmation of e-declaration.Validate result of the formula  in Net VAT to be paid field under Tax Calculation section.Validate result of the formula  in Net VAT to be paid field under Tax Calculation section</td>
										<td><span class='test-status pass'>pass</span></td>
									</tr>
									<tr>
										<td>Dec 19, 2018 05:59:46 PM</td>
										<td class='linked' test-id='116'>E-filing -> Filing -> Declaration with verification and confirmation of e-declaration.Validate result of the formula  in Net VAT to be paid field under Tax Calculation section.Validate result of the formula  in Net VAT to be paid field under Tax Calculation section</td>
										<td><span class='test-status fail'>fail</span></td>
									</tr>
								</tbody>
							</table>
						</div>
					</div>
				</li>
				<li class='category displayed active'>
					<div class='category-heading'>
						<span class='category-name'>@TC_10_11_13_DV_2390_Declaration_with_verification</span>
						<span class='category-status right'>
							<span class='label fail'>1</span>
						</span>
					</div>
					<div class='category-content hide'>
						<div class='category-status-counts'>
							
							<span class='label red lighten-1 white-text'>Failed: 1</span>
							
						</div>
					
						<div class='category-tests'>
							<table class='bordered table-results'>
								<thead>
									<tr>
										<th>Timestamp</th>
										<th>TestName</th>
										<th>Status</th>
									</tr>
								</thead>
								<tbody>
									<tr>
										<td>Dec 19, 2018 06:01:12 PM</td>
										<td class='linked' test-id='128'>E-filing -> Filing -> Declaration with verification and confirmation of e-declaration.Validate the amount in Total(FC) field of Assets,Goods,Raw Materials, and Other goods and services under Deductions.Validate the amount in Total(FC) field of Assets,Goods,Raw Materials, and Other goods and services under Deductions</td>
										<td><span class='test-status fail'>fail</span></td>
									</tr>
								</tbody>
							</table>
						</div>
					</div>
				</li>
				<li class='category displayed active'>
					<div class='category-heading'>
						<span class='category-name'>@TC_21_DV_2390_Declaration_with_verification</span>
						<span class='category-status right'>
							<span class='label fail'>1</span>
						</span>
					</div>
					<div class='category-content hide'>
						<div class='category-status-counts'>
							
							<span class='label red lighten-1 white-text'>Failed: 1</span>
							
						</div>
					
						<div class='category-tests'>
							<table class='bordered table-results'>
								<thead>
									<tr>
										<th>Timestamp</th>
										<th>TestName</th>
										<th>Status</th>
									</tr>
								</thead>
								<tbody>
									<tr>
										<td>Dec 19, 2018 06:01:19 PM</td>
										<td class='linked' test-id='136'>E-filing -> Filing -> Declaration with verification and confirmation of e-declaration.Validate the e-filing schedule Upload functionality.Validate the e-filing schedule Upload functionality</td>
										<td><span class='test-status fail'>fail</span></td>
									</tr>
								</tbody>
							</table>
						</div>
					</div>
				</li>
				<li class='category displayed active'>
					<div class='category-heading'>
						<span class='category-name'>@TC_24_DV_2390_Declaration_with_verification</span>
						<span class='category-status right'>
							<span class='label fail'>1</span>
						</span>
					</div>
					<div class='category-content hide'>
						<div class='category-status-counts'>
							
							<span class='label red lighten-1 white-text'>Failed: 1</span>
							
						</div>
					
						<div class='category-tests'>
							<table class='bordered table-results'>
								<thead>
									<tr>
										<th>Timestamp</th>
										<th>TestName</th>
										<th>Status</th>
									</tr>
								</thead>
								<tbody>
									<tr>
										<td>Dec 19, 2018 06:01:25 PM</td>
										<td class='linked' test-id='151'>E-filing -> Filing -> Declaration with verification and confirmation of e-declaration.Validate the Save Draft button functionality..Validate the Save Draft button functionality.</td>
										<td><span class='test-status fail'>fail</span></td>
									</tr>
								</tbody>
							</table>
						</div>
					</div>
				</li>
				<li class='category displayed active'>
					<div class='category-heading'>
						<span class='category-name'>@TC_22_23_25_26_27_DV_2390_Declaration_with_verification</span>
						<span class='category-status right'>
							<span class='label fail'>1</span>
						</span>
					</div>
					<div class='category-content hide'>
						<div class='category-status-counts'>
							
							<span class='label red lighten-1 white-text'>Failed: 1</span>
							
						</div>
					
						<div class='category-tests'>
							<table class='bordered table-results'>
								<thead>
									<tr>
										<th>Timestamp</th>
										<th>TestName</th>
										<th>Status</th>
									</tr>
								</thead>
								<tbody>
									<tr>
										<td>Dec 19, 2018 06:01:31 PM</td>
										<td class='linked' test-id='168'>E-filing -> Filing -> Declaration with verification and confirmation of e-declaration.Validate the check box functionality , authorized Signatory ,Previous button , Submit button functionality.Validate the check box functionality , authorized Signatory ,Previous button , Submit button functionality</td>
										<td><span class='test-status fail'>fail</span></td>
									</tr>
								</tbody>
							</table>
						</div>
					</div>
				</li>
				<li class='category displayed active'>
					<div class='category-heading'>
						<span class='category-name'>@TC_02_03_04_05_06_07_VAT_e-Filing_Preview</span>
						<span class='category-status right'>
							<span class='label fail'>1</span>
						</span>
					</div>
					<div class='category-content hide'>
						<div class='category-status-counts'>
							
							<span class='label red lighten-1 white-text'>Failed: 1</span>
							
						</div>
					
						<div class='category-tests'>
							<table class='bordered table-results'>
								<thead>
									<tr>
										<th>Timestamp</th>
										<th>TestName</th>
										<th>Status</th>
									</tr>
								</thead>
								<tbody>
									<tr>
										<td>Dec 19, 2018 06:01:37 PM</td>
										<td class='linked' test-id='201'>User is on e file landing screen and click on Preview button.User verify Operations Performed Section ,Tax Deductible , Adjustment along with Download,preview  functionality.User verify Operations Performed Section ,Tax Deductible , Adjustment along with Download,preview  functionality</td>
										<td><span class='test-status fail'>fail</span></td>
									</tr>
								</tbody>
							</table>
						</div>
					</div>
				</li>
				<li class='category displayed active'>
					<div class='category-heading'>
						<span class='category-name'>@TC_02</span>
						<span class='category-status right'>
							<span class='label fail'>1</span>
						</span>
					</div>
					<div class='category-content hide'>
						<div class='category-status-counts'>
							
							<span class='label red lighten-1 white-text'>Failed: 1</span>
							
						</div>
					
						<div class='category-tests'>
							<table class='bordered table-results'>
								<thead>
									<tr>
										<th>Timestamp</th>
										<th>TestName</th>
										<th>Status</th>
									</tr>
								</thead>
								<tbody>
									<tr>
										<td>Dec 19, 2018 06:01:44 PM</td>
										<td class='linked' test-id='221'>User is on e-filing landing screen.Validate the Download templates button functionality.Validate the Download templates button functionality</td>
										<td><span class='test-status fail'>fail</span></td>
									</tr>
								</tbody>
							</table>
						</div>
					</div>
				</li>
				<li class='category displayed active'>
					<div class='category-heading'>
						<span class='category-name'>@TC_04_e-filing_landing_screen</span>
						<span class='category-status right'>
							<span class='label fail'>1</span>
						</span>
					</div>
					<div class='category-content hide'>
						<div class='category-status-counts'>
							
							<span class='label red lighten-1 white-text'>Failed: 1</span>
							
						</div>
					
						<div class='category-tests'>
							<table class='bordered table-results'>
								<thead>
									<tr>
										<th>Timestamp</th>
										<th>TestName</th>
										<th>Status</th>
									</tr>
								</thead>
								<tbody>
									<tr>
										<td>Dec 19, 2018 06:01:50 PM</td>
										<td class='linked' test-id='228'>User is on e-filing landing screen.Validate the Financial Year dropdown functionality..Validate the Financial Year dropdown functionality.</td>
										<td><span class='test-status fail'>fail</span></td>
									</tr>
								</tbody>
							</table>
						</div>
					</div>
				</li>
				<li class='category displayed active'>
					<div class='category-heading'>
						<span class='category-name'>@TC_05_e-filing_landing_screen</span>
						<span class='category-status right'>
							<span class='label fail'>1</span>
						</span>
					</div>
					<div class='category-content hide'>
						<div class='category-status-counts'>
							
							<span class='label red lighten-1 white-text'>Failed: 1</span>
							
						</div>
					
						<div class='category-tests'>
							<table class='bordered table-results'>
								<thead>
									<tr>
										<th>Timestamp</th>
										<th>TestName</th>
										<th>Status</th>
									</tr>
								</thead>
								<tbody>
									<tr>
										<td>Dec 19, 2018 06:01:56 PM</td>
										<td class='linked' test-id='237'>User is on e-filing landing screen.Validate the Status functionality whether the e-filing , payment and assessment are pending for that particular month.Validate the Status functionality whether the e-filing , payment and assessment are pending for that particular month</td>
										<td><span class='test-status fail'>fail</span></td>
									</tr>
								</tbody>
							</table>
						</div>
					</div>
				</li>
				<li class='category displayed active'>
					<div class='category-heading'>
						<span class='category-name'>@TC_08_e-filing_landing_screen</span>
						<span class='category-status right'>
							<span class='label fail'>1</span>
						</span>
					</div>
					<div class='category-content hide'>
						<div class='category-status-counts'>
							
							<span class='label red lighten-1 white-text'>Failed: 1</span>
							
						</div>
					
						<div class='category-tests'>
							<table class='bordered table-results'>
								<thead>
									<tr>
										<th>Timestamp</th>
										<th>TestName</th>
										<th>Status</th>
									</tr>
								</thead>
								<tbody>
									<tr>
										<td>Dec 19, 2018 06:02:02 PM</td>
										<td class='linked' test-id='244'>User is on e-filing landing screen.Validate the PAY button functionality whether user can successfully pay the amount for that particular month.Validate the PAY button functionality whether user can successfully pay the amount for that particular month</td>
										<td><span class='test-status fail'>fail</span></td>
									</tr>
								</tbody>
							</table>
						</div>
					</div>
				</li>
				<li class='category displayed active'>
					<div class='category-heading'>
						<span class='category-name'>@TC_10_e-filing_landing_screen</span>
						<span class='category-status right'>
							<span class='label fail'>1</span>
						</span>
					</div>
					<div class='category-content hide'>
						<div class='category-status-counts'>
							
							<span class='label red lighten-1 white-text'>Failed: 1</span>
							
						</div>
					
						<div class='category-tests'>
							<table class='bordered table-results'>
								<thead>
									<tr>
										<th>Timestamp</th>
										<th>TestName</th>
										<th>Status</th>
									</tr>
								</thead>
								<tbody>
									<tr>
										<td>Dec 19, 2018 06:02:08 PM</td>
										<td class='linked' test-id='259'>User is on e-filing landing screen.Validate the PAY button functionality whether user can successfully pay the amount for that particular month.Validate the PAY button functionality whether user can successfully pay the amount for that particular month</td>
										<td><span class='test-status fail'>fail</span></td>
									</tr>
								</tbody>
							</table>
						</div>
					</div>
				</li>

			</ul>
		</div>
	</div>

	<div class='subview-right left'>
		<div class='view-summary'>
			<h5 class='category-name'></h5>
		</div>
	</div>
</div>
<!-- category view -->
<div id='exception-view' class='view hide'>

    <section id='controls'>
        <div class='controls grey lighten-4'>
            <!-- search -->
            <div class='chip transparent' alt='Search Tests' title='Search Tests'>
                <a href="#" class='search-div'>
                    <i class='material-icons'>search</i> Search
                </a>

                <div class='input-field left hide'>
                    <input id='search-tests' type='text' class='validate browser-default' placeholder='Search Tests...'>
                </div>

            </div>
            <!-- search -->
        </div>
    </section>

    <div class='subview-left left'>

        <div class='view-summary'>
            <h5>Exceptions</h3>
                <ul id='exception-collection' class='exception-collection'>

                        <li class='exception displayed active'>
                            <div class='exception-heading'>
                                <span class='exception-name'>org.openqa.selenium.NoSuchElementException</span>
                                <span class='exception-count right'><span class='label red lighten-1 white-text'>3</span></span>
                            </div>
                            <div class='exception-content hide'>
                                <div class='exception-tests'>
                                    <table class='bordered table-results'>
                                        <thead>
                                        <tr>
                                            <th>Timestamp</th>
                                            <th>TestName</th>
                                            <th>Status</th>
                                        </tr>
                                        </thead>
                                        <tbody>
                                                    <tr>
                                                        <td>Dec 19, 2018 05:57:29 PM</td>
                                                        <td class='linked' test-id='62'>E-filing -> Filing -> Declaration with verification and confirmation of e-declaration.Validate the text fields on e-filing declaration page..Validate the text fields on e-filing declaration page..And clicks on e-filing to fill data</td>
                                                        <td><pre><pre>org.openqa.selenium.NoSuchElementException: no such element: Unable to locate element: {"method":"xpath","selector":"(//div[@class='list-item-th text-left'])[1]"}
  (Session info: chrome=71.0.3578.98)
  (Driver info: chromedriver=2.43.600210 (68dcf5eebde37173d4027fa8635e332711d2874a),platform=Windows NT 10.0.17134 x86_64) (WARNING: The server did not provide any stacktrace information)
Command duration or timeout: 0 milliseconds
For documentation on this error, please visit: http://seleniumhq.org/exceptions/no_such_element.html
Build info: version: '3.11.0', revision: 'e59cfb3', time: '2018-03-11T20:26:55.152Z'
System info: host: '1R-23', ip: '172.16.3.23', os.name: 'Windows 10', os.arch: 'amd64', os.version: '10.0', java.version: '1.8.0_171'
Driver info: org.openqa.selenium.chrome.ChromeDriver
Capabilities {acceptInsecureCerts: false, acceptSslCerts: false, applicationCacheEnabled: false, browserConnectionEnabled: false, browserName: chrome, chrome: {chromedriverVersion: 2.43.600210 (68dcf5eebde371..., userDataDir: C:\Users\FRANKE~1.MEH\AppDa...}, cssSelectorsEnabled: true, databaseEnabled: false, goog:chromeOptions: {debuggerAddress: localhost:64796}, handlesAlerts: true, hasTouchScreen: false, javascriptEnabled: true, locationContextEnabled: true, mobileEmulationEnabled: false, nativeEvents: true, networkConnectionEnabled: false, pageLoadStrategy: normal, platform: XP, platformName: XP, rotatable: false, setWindowRect: true, takesHeapSnapshot: true, takesScreenshot: true, unexpectedAlertBehaviour: , unhandledPromptBehavior: , version: 71.0.3578.98, webStorageEnabled: true}
Session ID: c9d0cac89675cf9bc7bc42169b5b4b6f
*** Element info: {Using=xpath, value=(//div[@class='list-item-th text-left'])[1]}
	at sun.reflect.NativeConstructorAccessorImpl.newInstance0(Native Method)
	at sun.reflect.NativeConstructorAccessorImpl.newInstance(Unknown Source)
	at sun.reflect.DelegatingConstructorAccessorImpl.newInstance(Unknown Source)
	at java.lang.reflect.Constructor.newInstance(Unknown Source)
	at org.openqa.selenium.remote.ErrorHandler.createThrowable(ErrorHandler.java:214)
	at org.openqa.selenium.remote.ErrorHandler.throwIfResponseFailed(ErrorHandler.java:166)
	at org.openqa.selenium.remote.http.JsonHttpResponseCodec.reconstructValue(JsonHttpResponseCodec.java:40)
	at org.openqa.selenium.remote.http.AbstractHttpResponseCodec.decode(AbstractHttpResponseCodec.java:80)
	at org.openqa.selenium.remote.http.AbstractHttpResponseCodec.decode(AbstractHttpResponseCodec.java:44)
	at org.openqa.selenium.remote.HttpCommandExecutor.execute(HttpCommandExecutor.java:158)
	at org.openqa.selenium.remote.service.DriverCommandExecutor.execute(DriverCommandExecutor.java:83)
	at org.openqa.selenium.remote.RemoteWebDriver.execute(RemoteWebDriver.java:545)
	at org.openqa.selenium.remote.RemoteWebDriver.findElement(RemoteWebDriver.java:319)
	at org.openqa.selenium.remote.RemoteWebDriver.findElementByXPath(RemoteWebDriver.java:421)
	at org.openqa.selenium.By$ByXPath.findElement(By.java:361)
	at org.openqa.selenium.remote.RemoteWebDriver.findElement(RemoteWebDriver.java:311)
	at org.drc.vat.StepDefinitions.DV_2391_eFile_Preview.clicks_on_e_filing_to_fill_data(DV_2391_eFile_Preview.java:64)
	at ?.And clicks on e-filing to fill data(features/09_DV_2390_e_filing.feature:31)
</pre></pre></td>
                                                    </tr>
                                                    <tr>
                                                        <td>Dec 19, 2018 05:58:15 PM</td>
                                                        <td class='linked' test-id='99'>E-filing -> Filing -> Declaration with verification and confirmation of e-declaration.Validate the amounts under VAT collected column (16%) , Total FC taxble turnover , total vat collected (16%) , Net VAT to be paid ,VAT Credit,Amount to Pay,VAT credit carried forward,  Vat on externally financed public procurement.Validate the amounts under VAT collected column (16%) , Total FC taxble turnover , total vat collected (16%) , Net VAT to be paid ,VAT Credit,Amount to Pay,VAT credit carried forward,  Vat on externally financed public procurement.And clicks on e-filing to fill data</td>
                                                        <td><pre><pre>org.openqa.selenium.NoSuchElementException: no such element: Unable to locate element: {"method":"xpath","selector":"(//div[@class='list-item-th text-left'])[1]"}
  (Session info: chrome=71.0.3578.98)
  (Driver info: chromedriver=2.43.600210 (68dcf5eebde37173d4027fa8635e332711d2874a),platform=Windows NT 10.0.17134 x86_64) (WARNING: The server did not provide any stacktrace information)
Command duration or timeout: 0 milliseconds
For documentation on this error, please visit: http://seleniumhq.org/exceptions/no_such_element.html
Build info: version: '3.11.0', revision: 'e59cfb3', time: '2018-03-11T20:26:55.152Z'
System info: host: '1R-23', ip: '172.16.3.23', os.name: 'Windows 10', os.arch: 'amd64', os.version: '10.0', java.version: '1.8.0_171'
Driver info: org.openqa.selenium.chrome.ChromeDriver
Capabilities {acceptInsecureCerts: false, acceptSslCerts: false, applicationCacheEnabled: false, browserConnectionEnabled: false, browserName: chrome, chrome: {chromedriverVersion: 2.43.600210 (68dcf5eebde371..., userDataDir: C:\Users\FRANKE~1.MEH\AppDa...}, cssSelectorsEnabled: true, databaseEnabled: false, goog:chromeOptions: {debuggerAddress: localhost:64796}, handlesAlerts: true, hasTouchScreen: false, javascriptEnabled: true, locationContextEnabled: true, mobileEmulationEnabled: false, nativeEvents: true, networkConnectionEnabled: false, pageLoadStrategy: normal, platform: XP, platformName: XP, rotatable: false, setWindowRect: true, takesHeapSnapshot: true, takesScreenshot: true, unexpectedAlertBehaviour: , unhandledPromptBehavior: , version: 71.0.3578.98, webStorageEnabled: true}
Session ID: c9d0cac89675cf9bc7bc42169b5b4b6f
*** Element info: {Using=xpath, value=(//div[@class='list-item-th text-left'])[1]}
	at sun.reflect.NativeConstructorAccessorImpl.newInstance0(Native Method)
	at sun.reflect.NativeConstructorAccessorImpl.newInstance(Unknown Source)
	at sun.reflect.DelegatingConstructorAccessorImpl.newInstance(Unknown Source)
	at java.lang.reflect.Constructor.newInstance(Unknown Source)
	at org.openqa.selenium.remote.ErrorHandler.createThrowable(ErrorHandler.java:214)
	at org.openqa.selenium.remote.ErrorHandler.throwIfResponseFailed(ErrorHandler.java:166)
	at org.openqa.selenium.remote.http.JsonHttpResponseCodec.reconstructValue(JsonHttpResponseCodec.java:40)
	at org.openqa.selenium.remote.http.AbstractHttpResponseCodec.decode(AbstractHttpResponseCodec.java:80)
	at org.openqa.selenium.remote.http.AbstractHttpResponseCodec.decode(AbstractHttpResponseCodec.java:44)
	at org.openqa.selenium.remote.HttpCommandExecutor.execute(HttpCommandExecutor.java:158)
	at org.openqa.selenium.remote.service.DriverCommandExecutor.execute(DriverCommandExecutor.java:83)
	at org.openqa.selenium.remote.RemoteWebDriver.execute(RemoteWebDriver.java:545)
	at org.openqa.selenium.remote.RemoteWebDriver.findElement(RemoteWebDriver.java:319)
	at org.openqa.selenium.remote.RemoteWebDriver.findElementByXPath(RemoteWebDriver.java:421)
	at org.openqa.selenium.By$ByXPath.findElement(By.java:361)
	at org.openqa.selenium.remote.RemoteWebDriver.findElement(RemoteWebDriver.java:311)
	at org.drc.vat.StepDefinitions.DV_2391_eFile_Preview.clicks_on_e_filing_to_fill_data(DV_2391_eFile_Preview.java:64)
	at ?.And clicks on e-filing to fill data(features/09_DV_2390_e_filing.feature:75)
</pre></pre></td>
                                                    </tr>
                                                    <tr>
                                                        <td>Dec 19, 2018 06:00:47 PM</td>
                                                        <td class='linked' test-id='126'>E-filing -> Filing -> Declaration with verification and confirmation of e-declaration.Validate result of the formula  in Net VAT to be paid field under Tax Calculation section.Validate result of the formula  in Net VAT to be paid field under Tax Calculation section.And Enter OTP and click on verify button and click on Ok button</td>
                                                        <td><pre><pre>org.openqa.selenium.NoSuchElementException: no such element: Unable to locate element: {"method":"xpath","selector":"//*[@title='OK']"}
  (Session info: chrome=71.0.3578.98)
  (Driver info: chromedriver=2.43.600210 (68dcf5eebde37173d4027fa8635e332711d2874a),platform=Windows NT 10.0.17134 x86_64) (WARNING: The server did not provide any stacktrace information)
Command duration or timeout: 0 milliseconds
For documentation on this error, please visit: http://seleniumhq.org/exceptions/no_such_element.html
Build info: version: '3.11.0', revision: 'e59cfb3', time: '2018-03-11T20:26:55.152Z'
System info: host: '1R-23', ip: '172.16.3.23', os.name: 'Windows 10', os.arch: 'amd64', os.version: '10.0', java.version: '1.8.0_171'
Driver info: org.openqa.selenium.chrome.ChromeDriver
Capabilities {acceptInsecureCerts: false, acceptSslCerts: false, applicationCacheEnabled: false, browserConnectionEnabled: false, browserName: chrome, chrome: {chromedriverVersion: 2.43.600210 (68dcf5eebde371..., userDataDir: C:\Users\FRANKE~1.MEH\AppDa...}, cssSelectorsEnabled: true, databaseEnabled: false, goog:chromeOptions: {debuggerAddress: localhost:64796}, handlesAlerts: true, hasTouchScreen: false, javascriptEnabled: true, locationContextEnabled: true, mobileEmulationEnabled: false, nativeEvents: true, networkConnectionEnabled: false, pageLoadStrategy: normal, platform: XP, platformName: XP, rotatable: false, setWindowRect: true, takesHeapSnapshot: true, takesScreenshot: true, unexpectedAlertBehaviour: , unhandledPromptBehavior: , version: 71.0.3578.98, webStorageEnabled: true}
Session ID: c9d0cac89675cf9bc7bc42169b5b4b6f
*** Element info: {Using=xpath, value=//*[@title='OK']}
	at sun.reflect.NativeConstructorAccessorImpl.newInstance0(Native Method)
	at sun.reflect.NativeConstructorAccessorImpl.newInstance(Unknown Source)
	at sun.reflect.DelegatingConstructorAccessorImpl.newInstance(Unknown Source)
	at java.lang.reflect.Constructor.newInstance(Unknown Source)
	at org.openqa.selenium.remote.ErrorHandler.createThrowable(ErrorHandler.java:214)
	at org.openqa.selenium.remote.ErrorHandler.throwIfResponseFailed(ErrorHandler.java:166)
	at org.openqa.selenium.remote.http.JsonHttpResponseCodec.reconstructValue(JsonHttpResponseCodec.java:40)
	at org.openqa.selenium.remote.http.AbstractHttpResponseCodec.decode(AbstractHttpResponseCodec.java:80)
	at org.openqa.selenium.remote.http.AbstractHttpResponseCodec.decode(AbstractHttpResponseCodec.java:44)
	at org.openqa.selenium.remote.HttpCommandExecutor.execute(HttpCommandExecutor.java:158)
	at org.openqa.selenium.remote.service.DriverCommandExecutor.execute(DriverCommandExecutor.java:83)
	at org.openqa.selenium.remote.RemoteWebDriver.execute(RemoteWebDriver.java:545)
	at org.openqa.selenium.remote.RemoteWebDriver.findElement(RemoteWebDriver.java:319)
	at org.openqa.selenium.remote.RemoteWebDriver.findElementByXPath(RemoteWebDriver.java:421)
	at org.openqa.selenium.By$ByXPath.findElement(By.java:361)
	at org.openqa.selenium.remote.RemoteWebDriver.findElement(RemoteWebDriver.java:311)
	at org.drc.vat.StepDefinitions.DV_2391_eFile_Preview.enter_OTP_and_click_on_verify_button_and_click_on_Ok_button(DV_2391_eFile_Preview.java:122)
	at ?.And Enter OTP and click on verify button and click on Ok button(features/09_DV_2390_e_filing.feature:98)
</pre></pre></td>
                                                    </tr>
                                        </tbody>
                                    </table>
                                </div>
                            </div>
                        </li>
                        <li class='exception displayed active'>
                            <div class='exception-heading'>
                                <span class='exception-name'>org.openqa.selenium.WebDriverException</span>
                                <span class='exception-count right'><span class='label red lighten-1 white-text'>13</span></span>
                            </div>
                            <div class='exception-content hide'>
                                <div class='exception-tests'>
                                    <table class='bordered table-results'>
                                        <thead>
                                        <tr>
                                            <th>Timestamp</th>
                                            <th>TestName</th>
                                            <th>Status</th>
                                        </tr>
                                        </thead>
                                        <tbody>
                                                    <tr>
                                                        <td>Dec 19, 2018 05:57:41 PM</td>
                                                        <td class='linked' test-id='69'>E-filing -> Filing -> Declaration with verification and confirmation of e-declaration.Validate the text fields on e-filing declaration page..Validate the text fields on e-filing declaration page..And User click on Dashboard</td>
                                                        <td><pre><textarea>org.openqa.selenium.WebDriverException: unknown error: Element <div _ngcontent-c5="" class="d-flex ng-tns-c5-2 ng-star-inserted" ng-reflect-klass="d-flex" ng-reflect-ng-class="[object Object]" title="Dashboard">...</div> is not clickable at point (125, 115). Other element would receive the click: <div _ngcontent-c0="" class="loader d-flex align-items-center justify-content-center ng-star-inserted">...</div>
  (Session info: chrome=71.0.3578.98)
  (Driver info: chromedriver=2.43.600210 (68dcf5eebde37173d4027fa8635e332711d2874a),platform=Windows NT 10.0.17134 x86_64) (WARNING: The server did not provide any stacktrace information)
Command duration or timeout: 0 milliseconds
Build info: version: '3.11.0', revision: 'e59cfb3', time: '2018-03-11T20:26:55.152Z'
System info: host: '1R-23', ip: '172.16.3.23', os.name: 'Windows 10', os.arch: 'amd64', os.version: '10.0', java.version: '1.8.0_171'
Driver info: org.openqa.selenium.chrome.ChromeDriver
Capabilities {acceptInsecureCerts: false, acceptSslCerts: false, applicationCacheEnabled: false, browserConnectionEnabled: false, browserName: chrome, chrome: {chromedriverVersion: 2.43.600210 (68dcf5eebde371..., userDataDir: C:\Users\FRANKE~1.MEH\AppDa...}, cssSelectorsEnabled: true, databaseEnabled: false, goog:chromeOptions: {debuggerAddress: localhost:64796}, handlesAlerts: true, hasTouchScreen: false, javascriptEnabled: true, locationContextEnabled: true, mobileEmulationEnabled: false, nativeEvents: true, networkConnectionEnabled: false, pageLoadStrategy: normal, platform: XP, platformName: XP, rotatable: false, setWindowRect: true, takesHeapSnapshot: true, takesScreenshot: true, unexpectedAlertBehaviour: , unhandledPromptBehavior: , version: 71.0.3578.98, webStorageEnabled: true}
Session ID: c9d0cac89675cf9bc7bc42169b5b4b6f
	at sun.reflect.NativeConstructorAccessorImpl.newInstance0(Native Method)
	at sun.reflect.NativeConstructorAccessorImpl.newInstance(Unknown Source)
	at sun.reflect.DelegatingConstructorAccessorImpl.newInstance(Unknown Source)
	at java.lang.reflect.Constructor.newInstance(Unknown Source)
	at org.openqa.selenium.remote.ErrorHandler.createThrowable(ErrorHandler.java:214)
	at org.openqa.selenium.remote.ErrorHandler.throwIfResponseFailed(ErrorHandler.java:166)
	at org.openqa.selenium.remote.http.JsonHttpResponseCodec.reconstructValue(JsonHttpResponseCodec.java:40)
	at org.openqa.selenium.remote.http.AbstractHttpResponseCodec.decode(AbstractHttpResponseCodec.java:80)
	at org.openqa.selenium.remote.http.AbstractHttpResponseCodec.decode(AbstractHttpResponseCodec.java:44)
	at org.openqa.selenium.remote.HttpCommandExecutor.execute(HttpCommandExecutor.java:158)
	at org.openqa.selenium.remote.service.DriverCommandExecutor.execute(DriverCommandExecutor.java:83)
	at org.openqa.selenium.remote.RemoteWebDriver.execute(RemoteWebDriver.java:545)
	at org.openqa.selenium.remote.RemoteWebElement.execute(RemoteWebElement.java:279)
	at org.openqa.selenium.remote.RemoteWebElement.click(RemoteWebElement.java:83)
	at org.drc.vat.appmanager.HelperBase.clickOn(HelperBase.java:96)
	at org.drc.vat.StepDefinitions.DV_2882_Manual_Assessed_LandingScreen.user_click_on_Dashboard(DV_2882_Manual_Assessed_LandingScreen.java:26)
	at ?.And User click on Dashboard(features/09_DV_2390_e_filing.feature:29)
</textarea></pre></td>
                                                    </tr>
                                                    <tr>
                                                        <td>Dec 19, 2018 05:57:48 PM</td>
                                                        <td class='linked' test-id='79'>E-filing -> Filing -> Declaration with verification and confirmation of e-declaration.Validate the Period field..Validate the Period field..And User click on Dashboard</td>
                                                        <td><pre><textarea>org.openqa.selenium.WebDriverException: unknown error: Element <div _ngcontent-c5="" class="d-flex ng-tns-c5-2 ng-star-inserted" ng-reflect-klass="d-flex" ng-reflect-ng-class="[object Object]" title="Dashboard">...</div> is not clickable at point (125, 115). Other element would receive the click: <div _ngcontent-c0="" class="loader d-flex align-items-center justify-content-center ng-star-inserted">...</div>
  (Session info: chrome=71.0.3578.98)
  (Driver info: chromedriver=2.43.600210 (68dcf5eebde37173d4027fa8635e332711d2874a),platform=Windows NT 10.0.17134 x86_64) (WARNING: The server did not provide any stacktrace information)
Command duration or timeout: 0 milliseconds
Build info: version: '3.11.0', revision: 'e59cfb3', time: '2018-03-11T20:26:55.152Z'
System info: host: '1R-23', ip: '172.16.3.23', os.name: 'Windows 10', os.arch: 'amd64', os.version: '10.0', java.version: '1.8.0_171'
Driver info: org.openqa.selenium.chrome.ChromeDriver
Capabilities {acceptInsecureCerts: false, acceptSslCerts: false, applicationCacheEnabled: false, browserConnectionEnabled: false, browserName: chrome, chrome: {chromedriverVersion: 2.43.600210 (68dcf5eebde371..., userDataDir: C:\Users\FRANKE~1.MEH\AppDa...}, cssSelectorsEnabled: true, databaseEnabled: false, goog:chromeOptions: {debuggerAddress: localhost:64796}, handlesAlerts: true, hasTouchScreen: false, javascriptEnabled: true, locationContextEnabled: true, mobileEmulationEnabled: false, nativeEvents: true, networkConnectionEnabled: false, pageLoadStrategy: normal, platform: XP, platformName: XP, rotatable: false, setWindowRect: true, takesHeapSnapshot: true, takesScreenshot: true, unexpectedAlertBehaviour: , unhandledPromptBehavior: , version: 71.0.3578.98, webStorageEnabled: true}
Session ID: c9d0cac89675cf9bc7bc42169b5b4b6f
	at sun.reflect.NativeConstructorAccessorImpl.newInstance0(Native Method)
	at sun.reflect.NativeConstructorAccessorImpl.newInstance(Unknown Source)
	at sun.reflect.DelegatingConstructorAccessorImpl.newInstance(Unknown Source)
	at java.lang.reflect.Constructor.newInstance(Unknown Source)
	at org.openqa.selenium.remote.ErrorHandler.createThrowable(ErrorHandler.java:214)
	at org.openqa.selenium.remote.ErrorHandler.throwIfResponseFailed(ErrorHandler.java:166)
	at org.openqa.selenium.remote.http.JsonHttpResponseCodec.reconstructValue(JsonHttpResponseCodec.java:40)
	at org.openqa.selenium.remote.http.AbstractHttpResponseCodec.decode(AbstractHttpResponseCodec.java:80)
	at org.openqa.selenium.remote.http.AbstractHttpResponseCodec.decode(AbstractHttpResponseCodec.java:44)
	at org.openqa.selenium.remote.HttpCommandExecutor.execute(HttpCommandExecutor.java:158)
	at org.openqa.selenium.remote.service.DriverCommandExecutor.execute(DriverCommandExecutor.java:83)
	at org.openqa.selenium.remote.RemoteWebDriver.execute(RemoteWebDriver.java:545)
	at org.openqa.selenium.remote.RemoteWebElement.execute(RemoteWebElement.java:279)
	at org.openqa.selenium.remote.RemoteWebElement.click(RemoteWebElement.java:83)
	at org.drc.vat.appmanager.HelperBase.clickOn(HelperBase.java:96)
	at org.drc.vat.StepDefinitions.DV_2882_Manual_Assessed_LandingScreen.user_click_on_Dashboard(DV_2882_Manual_Assessed_LandingScreen.java:26)
	at ?.And User click on Dashboard(features/09_DV_2390_e_filing.feature:45)
</textarea></pre></td>
                                                    </tr>
                                                    <tr>
                                                        <td>Dec 19, 2018 05:57:54 PM</td>
                                                        <td class='linked' test-id='87'>E-filing -> Filing -> Declaration with verification and confirmation of e-declaration.Validate the delivery of services field under Turnover realized column.Validate the delivery of services field under Turnover realized column.And User click on Dashboard</td>
                                                        <td><pre><textarea>org.openqa.selenium.WebDriverException: unknown error: Element <div _ngcontent-c5="" class="d-flex ng-tns-c5-2 ng-star-inserted" ng-reflect-klass="d-flex" ng-reflect-ng-class="[object Object]" title="Dashboard">...</div> is not clickable at point (125, 115). Other element would receive the click: <div _ngcontent-c0="" class="loader d-flex align-items-center justify-content-center ng-star-inserted">...</div>
  (Session info: chrome=71.0.3578.98)
  (Driver info: chromedriver=2.43.600210 (68dcf5eebde37173d4027fa8635e332711d2874a),platform=Windows NT 10.0.17134 x86_64) (WARNING: The server did not provide any stacktrace information)
Command duration or timeout: 0 milliseconds
Build info: version: '3.11.0', revision: 'e59cfb3', time: '2018-03-11T20:26:55.152Z'
System info: host: '1R-23', ip: '172.16.3.23', os.name: 'Windows 10', os.arch: 'amd64', os.version: '10.0', java.version: '1.8.0_171'
Driver info: org.openqa.selenium.chrome.ChromeDriver
Capabilities {acceptInsecureCerts: false, acceptSslCerts: false, applicationCacheEnabled: false, browserConnectionEnabled: false, browserName: chrome, chrome: {chromedriverVersion: 2.43.600210 (68dcf5eebde371..., userDataDir: C:\Users\FRANKE~1.MEH\AppDa...}, cssSelectorsEnabled: true, databaseEnabled: false, goog:chromeOptions: {debuggerAddress: localhost:64796}, handlesAlerts: true, hasTouchScreen: false, javascriptEnabled: true, locationContextEnabled: true, mobileEmulationEnabled: false, nativeEvents: true, networkConnectionEnabled: false, pageLoadStrategy: normal, platform: XP, platformName: XP, rotatable: false, setWindowRect: true, takesHeapSnapshot: true, takesScreenshot: true, unexpectedAlertBehaviour: , unhandledPromptBehavior: , version: 71.0.3578.98, webStorageEnabled: true}
Session ID: c9d0cac89675cf9bc7bc42169b5b4b6f
	at sun.reflect.NativeConstructorAccessorImpl.newInstance0(Native Method)
	at sun.reflect.NativeConstructorAccessorImpl.newInstance(Unknown Source)
	at sun.reflect.DelegatingConstructorAccessorImpl.newInstance(Unknown Source)
	at java.lang.reflect.Constructor.newInstance(Unknown Source)
	at org.openqa.selenium.remote.ErrorHandler.createThrowable(ErrorHandler.java:214)
	at org.openqa.selenium.remote.ErrorHandler.throwIfResponseFailed(ErrorHandler.java:166)
	at org.openqa.selenium.remote.http.JsonHttpResponseCodec.reconstructValue(JsonHttpResponseCodec.java:40)
	at org.openqa.selenium.remote.http.AbstractHttpResponseCodec.decode(AbstractHttpResponseCodec.java:80)
	at org.openqa.selenium.remote.http.AbstractHttpResponseCodec.decode(AbstractHttpResponseCodec.java:44)
	at org.openqa.selenium.remote.HttpCommandExecutor.execute(HttpCommandExecutor.java:158)
	at org.openqa.selenium.remote.service.DriverCommandExecutor.execute(DriverCommandExecutor.java:83)
	at org.openqa.selenium.remote.RemoteWebDriver.execute(RemoteWebDriver.java:545)
	at org.openqa.selenium.remote.RemoteWebElement.execute(RemoteWebElement.java:279)
	at org.openqa.selenium.remote.RemoteWebElement.click(RemoteWebElement.java:83)
	at org.drc.vat.appmanager.HelperBase.clickOn(HelperBase.java:96)
	at org.drc.vat.StepDefinitions.DV_2882_Manual_Assessed_LandingScreen.user_click_on_Dashboard(DV_2882_Manual_Assessed_LandingScreen.java:26)
	at ?.And User click on Dashboard(features/09_DV_2390_e_filing.feature:58)
</textarea></pre></td>
                                                    </tr>
                                                    <tr>
                                                        <td>Dec 19, 2018 06:01:18 PM</td>
                                                        <td class='linked' test-id='130'>E-filing -> Filing -> Declaration with verification and confirmation of e-declaration.Validate the amount in Total(FC) field of Assets,Goods,Raw Materials, and Other goods and services under Deductions.Validate the amount in Total(FC) field of Assets,Goods,Raw Materials, and Other goods and services under Deductions.And User click on Dashboard</td>
                                                        <td><pre><textarea>org.openqa.selenium.WebDriverException: unknown error: Element <div _ngcontent-c5="" class="d-flex ng-tns-c5-2 ng-star-inserted" ng-reflect-klass="d-flex" ng-reflect-ng-class="[object Object]" title="Dashboard">...</div> is not clickable at point (125, 115). Other element would receive the click: <div _ngcontent-c0="" class="loader d-flex align-items-center justify-content-center ng-star-inserted">...</div>
  (Session info: chrome=71.0.3578.98)
  (Driver info: chromedriver=2.43.600210 (68dcf5eebde37173d4027fa8635e332711d2874a),platform=Windows NT 10.0.17134 x86_64) (WARNING: The server did not provide any stacktrace information)
Command duration or timeout: 0 milliseconds
Build info: version: '3.11.0', revision: 'e59cfb3', time: '2018-03-11T20:26:55.152Z'
System info: host: '1R-23', ip: '172.16.3.23', os.name: 'Windows 10', os.arch: 'amd64', os.version: '10.0', java.version: '1.8.0_171'
Driver info: org.openqa.selenium.chrome.ChromeDriver
Capabilities {acceptInsecureCerts: false, acceptSslCerts: false, applicationCacheEnabled: false, browserConnectionEnabled: false, browserName: chrome, chrome: {chromedriverVersion: 2.43.600210 (68dcf5eebde371..., userDataDir: C:\Users\FRANKE~1.MEH\AppDa...}, cssSelectorsEnabled: true, databaseEnabled: false, goog:chromeOptions: {debuggerAddress: localhost:64796}, handlesAlerts: true, hasTouchScreen: false, javascriptEnabled: true, locationContextEnabled: true, mobileEmulationEnabled: false, nativeEvents: true, networkConnectionEnabled: false, pageLoadStrategy: normal, platform: XP, platformName: XP, rotatable: false, setWindowRect: true, takesHeapSnapshot: true, takesScreenshot: true, unexpectedAlertBehaviour: , unhandledPromptBehavior: , version: 71.0.3578.98, webStorageEnabled: true}
Session ID: c9d0cac89675cf9bc7bc42169b5b4b6f
	at sun.reflect.NativeConstructorAccessorImpl.newInstance0(Native Method)
	at sun.reflect.NativeConstructorAccessorImpl.newInstance(Unknown Source)
	at sun.reflect.DelegatingConstructorAccessorImpl.newInstance(Unknown Source)
	at java.lang.reflect.Constructor.newInstance(Unknown Source)
	at org.openqa.selenium.remote.ErrorHandler.createThrowable(ErrorHandler.java:214)
	at org.openqa.selenium.remote.ErrorHandler.throwIfResponseFailed(ErrorHandler.java:166)
	at org.openqa.selenium.remote.http.JsonHttpResponseCodec.reconstructValue(JsonHttpResponseCodec.java:40)
	at org.openqa.selenium.remote.http.AbstractHttpResponseCodec.decode(AbstractHttpResponseCodec.java:80)
	at org.openqa.selenium.remote.http.AbstractHttpResponseCodec.decode(AbstractHttpResponseCodec.java:44)
	at org.openqa.selenium.remote.HttpCommandExecutor.execute(HttpCommandExecutor.java:158)
	at org.openqa.selenium.remote.service.DriverCommandExecutor.execute(DriverCommandExecutor.java:83)
	at org.openqa.selenium.remote.RemoteWebDriver.execute(RemoteWebDriver.java:545)
	at org.openqa.selenium.remote.RemoteWebElement.execute(RemoteWebElement.java:279)
	at org.openqa.selenium.remote.RemoteWebElement.click(RemoteWebElement.java:83)
	at org.drc.vat.appmanager.HelperBase.clickOn(HelperBase.java:96)
	at org.drc.vat.StepDefinitions.DV_2882_Manual_Assessed_LandingScreen.user_click_on_Dashboard(DV_2882_Manual_Assessed_LandingScreen.java:26)
	at ?.And User click on Dashboard(features/09_DV_2390_e_filing.feature:110)
</textarea></pre></td>
                                                    </tr>
                                                    <tr>
                                                        <td>Dec 19, 2018 06:01:24 PM</td>
                                                        <td class='linked' test-id='138'>E-filing -> Filing -> Declaration with verification and confirmation of e-declaration.Validate the e-filing schedule Upload functionality.Validate the e-filing schedule Upload functionality.And User click on Dashboard</td>
                                                        <td><pre><textarea>org.openqa.selenium.WebDriverException: unknown error: Element <div _ngcontent-c5="" class="d-flex ng-tns-c5-2 ng-star-inserted" ng-reflect-klass="d-flex" ng-reflect-ng-class="[object Object]" title="Dashboard">...</div> is not clickable at point (125, 115). Other element would receive the click: <div _ngcontent-c0="" class="loader d-flex align-items-center justify-content-center ng-star-inserted">...</div>
  (Session info: chrome=71.0.3578.98)
  (Driver info: chromedriver=2.43.600210 (68dcf5eebde37173d4027fa8635e332711d2874a),platform=Windows NT 10.0.17134 x86_64) (WARNING: The server did not provide any stacktrace information)
Command duration or timeout: 0 milliseconds
Build info: version: '3.11.0', revision: 'e59cfb3', time: '2018-03-11T20:26:55.152Z'
System info: host: '1R-23', ip: '172.16.3.23', os.name: 'Windows 10', os.arch: 'amd64', os.version: '10.0', java.version: '1.8.0_171'
Driver info: org.openqa.selenium.chrome.ChromeDriver
Capabilities {acceptInsecureCerts: false, acceptSslCerts: false, applicationCacheEnabled: false, browserConnectionEnabled: false, browserName: chrome, chrome: {chromedriverVersion: 2.43.600210 (68dcf5eebde371..., userDataDir: C:\Users\FRANKE~1.MEH\AppDa...}, cssSelectorsEnabled: true, databaseEnabled: false, goog:chromeOptions: {debuggerAddress: localhost:64796}, handlesAlerts: true, hasTouchScreen: false, javascriptEnabled: true, locationContextEnabled: true, mobileEmulationEnabled: false, nativeEvents: true, networkConnectionEnabled: false, pageLoadStrategy: normal, platform: XP, platformName: XP, rotatable: false, setWindowRect: true, takesHeapSnapshot: true, takesScreenshot: true, unexpectedAlertBehaviour: , unhandledPromptBehavior: , version: 71.0.3578.98, webStorageEnabled: true}
Session ID: c9d0cac89675cf9bc7bc42169b5b4b6f
	at sun.reflect.NativeConstructorAccessorImpl.newInstance0(Native Method)
	at sun.reflect.NativeConstructorAccessorImpl.newInstance(Unknown Source)
	at sun.reflect.DelegatingConstructorAccessorImpl.newInstance(Unknown Source)
	at java.lang.reflect.Constructor.newInstance(Unknown Source)
	at org.openqa.selenium.remote.ErrorHandler.createThrowable(ErrorHandler.java:214)
	at org.openqa.selenium.remote.ErrorHandler.throwIfResponseFailed(ErrorHandler.java:166)
	at org.openqa.selenium.remote.http.JsonHttpResponseCodec.reconstructValue(JsonHttpResponseCodec.java:40)
	at org.openqa.selenium.remote.http.AbstractHttpResponseCodec.decode(AbstractHttpResponseCodec.java:80)
	at org.openqa.selenium.remote.http.AbstractHttpResponseCodec.decode(AbstractHttpResponseCodec.java:44)
	at org.openqa.selenium.remote.HttpCommandExecutor.execute(HttpCommandExecutor.java:158)
	at org.openqa.selenium.remote.service.DriverCommandExecutor.execute(DriverCommandExecutor.java:83)
	at org.openqa.selenium.remote.RemoteWebDriver.execute(RemoteWebDriver.java:545)
	at org.openqa.selenium.remote.RemoteWebElement.execute(RemoteWebElement.java:279)
	at org.openqa.selenium.remote.RemoteWebElement.click(RemoteWebElement.java:83)
	at org.drc.vat.appmanager.HelperBase.clickOn(HelperBase.java:96)
	at org.drc.vat.StepDefinitions.DV_2882_Manual_Assessed_LandingScreen.user_click_on_Dashboard(DV_2882_Manual_Assessed_LandingScreen.java:26)
	at ?.And User click on Dashboard(features/09_DV_2390_e_filing.feature:123)
</textarea></pre></td>
                                                    </tr>
                                                    <tr>
                                                        <td>Dec 19, 2018 06:01:30 PM</td>
                                                        <td class='linked' test-id='153'>E-filing -> Filing -> Declaration with verification and confirmation of e-declaration.Validate the Save Draft button functionality..Validate the Save Draft button functionality..And User click on Dashboard</td>
                                                        <td><pre><textarea>org.openqa.selenium.WebDriverException: unknown error: Element <div _ngcontent-c5="" class="d-flex ng-tns-c5-2 ng-star-inserted" ng-reflect-klass="d-flex" ng-reflect-ng-class="[object Object]" title="Dashboard">...</div> is not clickable at point (125, 115). Other element would receive the click: <div _ngcontent-c0="" class="loader d-flex align-items-center justify-content-center ng-star-inserted">...</div>
  (Session info: chrome=71.0.3578.98)
  (Driver info: chromedriver=2.43.600210 (68dcf5eebde37173d4027fa8635e332711d2874a),platform=Windows NT 10.0.17134 x86_64) (WARNING: The server did not provide any stacktrace information)
Command duration or timeout: 0 milliseconds
Build info: version: '3.11.0', revision: 'e59cfb3', time: '2018-03-11T20:26:55.152Z'
System info: host: '1R-23', ip: '172.16.3.23', os.name: 'Windows 10', os.arch: 'amd64', os.version: '10.0', java.version: '1.8.0_171'
Driver info: org.openqa.selenium.chrome.ChromeDriver
Capabilities {acceptInsecureCerts: false, acceptSslCerts: false, applicationCacheEnabled: false, browserConnectionEnabled: false, browserName: chrome, chrome: {chromedriverVersion: 2.43.600210 (68dcf5eebde371..., userDataDir: C:\Users\FRANKE~1.MEH\AppDa...}, cssSelectorsEnabled: true, databaseEnabled: false, goog:chromeOptions: {debuggerAddress: localhost:64796}, handlesAlerts: true, hasTouchScreen: false, javascriptEnabled: true, locationContextEnabled: true, mobileEmulationEnabled: false, nativeEvents: true, networkConnectionEnabled: false, pageLoadStrategy: normal, platform: XP, platformName: XP, rotatable: false, setWindowRect: true, takesHeapSnapshot: true, takesScreenshot: true, unexpectedAlertBehaviour: , unhandledPromptBehavior: , version: 71.0.3578.98, webStorageEnabled: true}
Session ID: c9d0cac89675cf9bc7bc42169b5b4b6f
	at sun.reflect.NativeConstructorAccessorImpl.newInstance0(Native Method)
	at sun.reflect.NativeConstructorAccessorImpl.newInstance(Unknown Source)
	at sun.reflect.DelegatingConstructorAccessorImpl.newInstance(Unknown Source)
	at java.lang.reflect.Constructor.newInstance(Unknown Source)
	at org.openqa.selenium.remote.ErrorHandler.createThrowable(ErrorHandler.java:214)
	at org.openqa.selenium.remote.ErrorHandler.throwIfResponseFailed(ErrorHandler.java:166)
	at org.openqa.selenium.remote.http.JsonHttpResponseCodec.reconstructValue(JsonHttpResponseCodec.java:40)
	at org.openqa.selenium.remote.http.AbstractHttpResponseCodec.decode(AbstractHttpResponseCodec.java:80)
	at org.openqa.selenium.remote.http.AbstractHttpResponseCodec.decode(AbstractHttpResponseCodec.java:44)
	at org.openqa.selenium.remote.HttpCommandExecutor.execute(HttpCommandExecutor.java:158)
	at org.openqa.selenium.remote.service.DriverCommandExecutor.execute(DriverCommandExecutor.java:83)
	at org.openqa.selenium.remote.RemoteWebDriver.execute(RemoteWebDriver.java:545)
	at org.openqa.selenium.remote.RemoteWebElement.execute(RemoteWebElement.java:279)
	at org.openqa.selenium.remote.RemoteWebElement.click(RemoteWebElement.java:83)
	at org.drc.vat.appmanager.HelperBase.clickOn(HelperBase.java:96)
	at org.drc.vat.StepDefinitions.DV_2882_Manual_Assessed_LandingScreen.user_click_on_Dashboard(DV_2882_Manual_Assessed_LandingScreen.java:26)
	at ?.And User click on Dashboard(features/09_DV_2390_e_filing.feature:144)
</textarea></pre></td>
                                                    </tr>
                                                    <tr>
                                                        <td>Dec 19, 2018 06:01:37 PM</td>
                                                        <td class='linked' test-id='170'>E-filing -> Filing -> Declaration with verification and confirmation of e-declaration.Validate the check box functionality , authorized Signatory ,Previous button , Submit button functionality.Validate the check box functionality , authorized Signatory ,Previous button , Submit button functionality.And User click on Dashboard</td>
                                                        <td><pre><textarea>org.openqa.selenium.WebDriverException: unknown error: Element <div _ngcontent-c5="" class="d-flex ng-tns-c5-2 ng-star-inserted" ng-reflect-klass="d-flex" ng-reflect-ng-class="[object Object]" title="Dashboard">...</div> is not clickable at point (125, 115). Other element would receive the click: <div _ngcontent-c0="" class="loader d-flex align-items-center justify-content-center ng-star-inserted">...</div>
  (Session info: chrome=71.0.3578.98)
  (Driver info: chromedriver=2.43.600210 (68dcf5eebde37173d4027fa8635e332711d2874a),platform=Windows NT 10.0.17134 x86_64) (WARNING: The server did not provide any stacktrace information)
Command duration or timeout: 0 milliseconds
Build info: version: '3.11.0', revision: 'e59cfb3', time: '2018-03-11T20:26:55.152Z'
System info: host: '1R-23', ip: '172.16.3.23', os.name: 'Windows 10', os.arch: 'amd64', os.version: '10.0', java.version: '1.8.0_171'
Driver info: org.openqa.selenium.chrome.ChromeDriver
Capabilities {acceptInsecureCerts: false, acceptSslCerts: false, applicationCacheEnabled: false, browserConnectionEnabled: false, browserName: chrome, chrome: {chromedriverVersion: 2.43.600210 (68dcf5eebde371..., userDataDir: C:\Users\FRANKE~1.MEH\AppDa...}, cssSelectorsEnabled: true, databaseEnabled: false, goog:chromeOptions: {debuggerAddress: localhost:64796}, handlesAlerts: true, hasTouchScreen: false, javascriptEnabled: true, locationContextEnabled: true, mobileEmulationEnabled: false, nativeEvents: true, networkConnectionEnabled: false, pageLoadStrategy: normal, platform: XP, platformName: XP, rotatable: false, setWindowRect: true, takesHeapSnapshot: true, takesScreenshot: true, unexpectedAlertBehaviour: , unhandledPromptBehavior: , version: 71.0.3578.98, webStorageEnabled: true}
Session ID: c9d0cac89675cf9bc7bc42169b5b4b6f
	at sun.reflect.NativeConstructorAccessorImpl.newInstance0(Native Method)
	at sun.reflect.NativeConstructorAccessorImpl.newInstance(Unknown Source)
	at sun.reflect.DelegatingConstructorAccessorImpl.newInstance(Unknown Source)
	at java.lang.reflect.Constructor.newInstance(Unknown Source)
	at org.openqa.selenium.remote.ErrorHandler.createThrowable(ErrorHandler.java:214)
	at org.openqa.selenium.remote.ErrorHandler.throwIfResponseFailed(ErrorHandler.java:166)
	at org.openqa.selenium.remote.http.JsonHttpResponseCodec.reconstructValue(JsonHttpResponseCodec.java:40)
	at org.openqa.selenium.remote.http.AbstractHttpResponseCodec.decode(AbstractHttpResponseCodec.java:80)
	at org.openqa.selenium.remote.http.AbstractHttpResponseCodec.decode(AbstractHttpResponseCodec.java:44)
	at org.openqa.selenium.remote.HttpCommandExecutor.execute(HttpCommandExecutor.java:158)
	at org.openqa.selenium.remote.service.DriverCommandExecutor.execute(DriverCommandExecutor.java:83)
	at org.openqa.selenium.remote.RemoteWebDriver.execute(RemoteWebDriver.java:545)
	at org.openqa.selenium.remote.RemoteWebElement.execute(RemoteWebElement.java:279)
	at org.openqa.selenium.remote.RemoteWebElement.click(RemoteWebElement.java:83)
	at org.drc.vat.appmanager.HelperBase.clickOn(HelperBase.java:96)
	at org.drc.vat.StepDefinitions.DV_2882_Manual_Assessed_LandingScreen.user_click_on_Dashboard(DV_2882_Manual_Assessed_LandingScreen.java:26)
	at ?.And User click on Dashboard(features/09_DV_2390_e_filing.feature:166)
</textarea></pre></td>
                                                    </tr>
                                                    <tr>
                                                        <td>Dec 19, 2018 06:01:43 PM</td>
                                                        <td class='linked' test-id='203'>User is on e file landing screen and click on Preview button.User verify Operations Performed Section ,Tax Deductible , Adjustment along with Download,preview  functionality.User verify Operations Performed Section ,Tax Deductible , Adjustment along with Download,preview  functionality.And User click on Dashboard</td>
                                                        <td><pre><textarea>org.openqa.selenium.WebDriverException: unknown error: Element <div _ngcontent-c5="" class="d-flex ng-tns-c5-2 ng-star-inserted" ng-reflect-klass="d-flex" ng-reflect-ng-class="[object Object]" title="Dashboard">...</div> is not clickable at point (125, 115). Other element would receive the click: <div _ngcontent-c0="" class="loader d-flex align-items-center justify-content-center ng-star-inserted">...</div>
  (Session info: chrome=71.0.3578.98)
  (Driver info: chromedriver=2.43.600210 (68dcf5eebde37173d4027fa8635e332711d2874a),platform=Windows NT 10.0.17134 x86_64) (WARNING: The server did not provide any stacktrace information)
Command duration or timeout: 0 milliseconds
Build info: version: '3.11.0', revision: 'e59cfb3', time: '2018-03-11T20:26:55.152Z'
System info: host: '1R-23', ip: '172.16.3.23', os.name: 'Windows 10', os.arch: 'amd64', os.version: '10.0', java.version: '1.8.0_171'
Driver info: org.openqa.selenium.chrome.ChromeDriver
Capabilities {acceptInsecureCerts: false, acceptSslCerts: false, applicationCacheEnabled: false, browserConnectionEnabled: false, browserName: chrome, chrome: {chromedriverVersion: 2.43.600210 (68dcf5eebde371..., userDataDir: C:\Users\FRANKE~1.MEH\AppDa...}, cssSelectorsEnabled: true, databaseEnabled: false, goog:chromeOptions: {debuggerAddress: localhost:64796}, handlesAlerts: true, hasTouchScreen: false, javascriptEnabled: true, locationContextEnabled: true, mobileEmulationEnabled: false, nativeEvents: true, networkConnectionEnabled: false, pageLoadStrategy: normal, platform: XP, platformName: XP, rotatable: false, setWindowRect: true, takesHeapSnapshot: true, takesScreenshot: true, unexpectedAlertBehaviour: , unhandledPromptBehavior: , version: 71.0.3578.98, webStorageEnabled: true}
Session ID: c9d0cac89675cf9bc7bc42169b5b4b6f
	at sun.reflect.NativeConstructorAccessorImpl.newInstance0(Native Method)
	at sun.reflect.NativeConstructorAccessorImpl.newInstance(Unknown Source)
	at sun.reflect.DelegatingConstructorAccessorImpl.newInstance(Unknown Source)
	at java.lang.reflect.Constructor.newInstance(Unknown Source)
	at org.openqa.selenium.remote.ErrorHandler.createThrowable(ErrorHandler.java:214)
	at org.openqa.selenium.remote.ErrorHandler.throwIfResponseFailed(ErrorHandler.java:166)
	at org.openqa.selenium.remote.http.JsonHttpResponseCodec.reconstructValue(JsonHttpResponseCodec.java:40)
	at org.openqa.selenium.remote.http.AbstractHttpResponseCodec.decode(AbstractHttpResponseCodec.java:80)
	at org.openqa.selenium.remote.http.AbstractHttpResponseCodec.decode(AbstractHttpResponseCodec.java:44)
	at org.openqa.selenium.remote.HttpCommandExecutor.execute(HttpCommandExecutor.java:158)
	at org.openqa.selenium.remote.service.DriverCommandExecutor.execute(DriverCommandExecutor.java:83)
	at org.openqa.selenium.remote.RemoteWebDriver.execute(RemoteWebDriver.java:545)
	at org.openqa.selenium.remote.RemoteWebElement.execute(RemoteWebElement.java:279)
	at org.openqa.selenium.remote.RemoteWebElement.click(RemoteWebElement.java:83)
	at org.drc.vat.appmanager.HelperBase.clickOn(HelperBase.java:96)
	at org.drc.vat.StepDefinitions.DV_2882_Manual_Assessed_LandingScreen.user_click_on_Dashboard(DV_2882_Manual_Assessed_LandingScreen.java:26)
	at ?.And User click on Dashboard(features/10_DV_2391_eFile_Preview.feature:6)
</textarea></pre></td>
                                                    </tr>
                                                    <tr>
                                                        <td>Dec 19, 2018 06:01:49 PM</td>
                                                        <td class='linked' test-id='223'>User is on e-filing landing screen.Validate the Download templates button functionality.Validate the Download templates button functionality.And User click on Dashboard</td>
                                                        <td><pre><textarea>org.openqa.selenium.WebDriverException: unknown error: Element <div _ngcontent-c5="" class="d-flex ng-tns-c5-2 ng-star-inserted" ng-reflect-klass="d-flex" ng-reflect-ng-class="[object Object]" title="Dashboard">...</div> is not clickable at point (125, 115). Other element would receive the click: <div _ngcontent-c0="" class="loader d-flex align-items-center justify-content-center ng-star-inserted">...</div>
  (Session info: chrome=71.0.3578.98)
  (Driver info: chromedriver=2.43.600210 (68dcf5eebde37173d4027fa8635e332711d2874a),platform=Windows NT 10.0.17134 x86_64) (WARNING: The server did not provide any stacktrace information)
Command duration or timeout: 0 milliseconds
Build info: version: '3.11.0', revision: 'e59cfb3', time: '2018-03-11T20:26:55.152Z'
System info: host: '1R-23', ip: '172.16.3.23', os.name: 'Windows 10', os.arch: 'amd64', os.version: '10.0', java.version: '1.8.0_171'
Driver info: org.openqa.selenium.chrome.ChromeDriver
Capabilities {acceptInsecureCerts: false, acceptSslCerts: false, applicationCacheEnabled: false, browserConnectionEnabled: false, browserName: chrome, chrome: {chromedriverVersion: 2.43.600210 (68dcf5eebde371..., userDataDir: C:\Users\FRANKE~1.MEH\AppDa...}, cssSelectorsEnabled: true, databaseEnabled: false, goog:chromeOptions: {debuggerAddress: localhost:64796}, handlesAlerts: true, hasTouchScreen: false, javascriptEnabled: true, locationContextEnabled: true, mobileEmulationEnabled: false, nativeEvents: true, networkConnectionEnabled: false, pageLoadStrategy: normal, platform: XP, platformName: XP, rotatable: false, setWindowRect: true, takesHeapSnapshot: true, takesScreenshot: true, unexpectedAlertBehaviour: , unhandledPromptBehavior: , version: 71.0.3578.98, webStorageEnabled: true}
Session ID: c9d0cac89675cf9bc7bc42169b5b4b6f
	at sun.reflect.NativeConstructorAccessorImpl.newInstance0(Native Method)
	at sun.reflect.NativeConstructorAccessorImpl.newInstance(Unknown Source)
	at sun.reflect.DelegatingConstructorAccessorImpl.newInstance(Unknown Source)
	at java.lang.reflect.Constructor.newInstance(Unknown Source)
	at org.openqa.selenium.remote.ErrorHandler.createThrowable(ErrorHandler.java:214)
	at org.openqa.selenium.remote.ErrorHandler.throwIfResponseFailed(ErrorHandler.java:166)
	at org.openqa.selenium.remote.http.JsonHttpResponseCodec.reconstructValue(JsonHttpResponseCodec.java:40)
	at org.openqa.selenium.remote.http.AbstractHttpResponseCodec.decode(AbstractHttpResponseCodec.java:80)
	at org.openqa.selenium.remote.http.AbstractHttpResponseCodec.decode(AbstractHttpResponseCodec.java:44)
	at org.openqa.selenium.remote.HttpCommandExecutor.execute(HttpCommandExecutor.java:158)
	at org.openqa.selenium.remote.service.DriverCommandExecutor.execute(DriverCommandExecutor.java:83)
	at org.openqa.selenium.remote.RemoteWebDriver.execute(RemoteWebDriver.java:545)
	at org.openqa.selenium.remote.RemoteWebElement.execute(RemoteWebElement.java:279)
	at org.openqa.selenium.remote.RemoteWebElement.click(RemoteWebElement.java:83)
	at org.drc.vat.appmanager.HelperBase.clickOn(HelperBase.java:96)
	at org.drc.vat.StepDefinitions.DV_2882_Manual_Assessed_LandingScreen.user_click_on_Dashboard(DV_2882_Manual_Assessed_LandingScreen.java:26)
	at ?.And User click on Dashboard(features/11_1_DV_2394_Landing_Screen.feature:21)
</textarea></pre></td>
                                                    </tr>
                                                    <tr>
                                                        <td>Dec 19, 2018 06:01:55 PM</td>
                                                        <td class='linked' test-id='230'>User is on e-filing landing screen.Validate the Financial Year dropdown functionality..Validate the Financial Year dropdown functionality..And User click on Dashboard</td>
                                                        <td><pre><textarea>org.openqa.selenium.WebDriverException: unknown error: Element <div _ngcontent-c5="" class="d-flex ng-tns-c5-2 ng-star-inserted" ng-reflect-klass="d-flex" ng-reflect-ng-class="[object Object]" title="Dashboard">...</div> is not clickable at point (125, 115). Other element would receive the click: <modal-container class="modal fade show" role="dialog" tabindex="-1" aria-modal="true" style="display: block;">...</modal-container>
  (Session info: chrome=71.0.3578.98)
  (Driver info: chromedriver=2.43.600210 (68dcf5eebde37173d4027fa8635e332711d2874a),platform=Windows NT 10.0.17134 x86_64) (WARNING: The server did not provide any stacktrace information)
Command duration or timeout: 0 milliseconds
Build info: version: '3.11.0', revision: 'e59cfb3', time: '2018-03-11T20:26:55.152Z'
System info: host: '1R-23', ip: '172.16.3.23', os.name: 'Windows 10', os.arch: 'amd64', os.version: '10.0', java.version: '1.8.0_171'
Driver info: org.openqa.selenium.chrome.ChromeDriver
Capabilities {acceptInsecureCerts: false, acceptSslCerts: false, applicationCacheEnabled: false, browserConnectionEnabled: false, browserName: chrome, chrome: {chromedriverVersion: 2.43.600210 (68dcf5eebde371..., userDataDir: C:\Users\FRANKE~1.MEH\AppDa...}, cssSelectorsEnabled: true, databaseEnabled: false, goog:chromeOptions: {debuggerAddress: localhost:64796}, handlesAlerts: true, hasTouchScreen: false, javascriptEnabled: true, locationContextEnabled: true, mobileEmulationEnabled: false, nativeEvents: true, networkConnectionEnabled: false, pageLoadStrategy: normal, platform: XP, platformName: XP, rotatable: false, setWindowRect: true, takesHeapSnapshot: true, takesScreenshot: true, unexpectedAlertBehaviour: , unhandledPromptBehavior: , version: 71.0.3578.98, webStorageEnabled: true}
Session ID: c9d0cac89675cf9bc7bc42169b5b4b6f
	at sun.reflect.NativeConstructorAccessorImpl.newInstance0(Native Method)
	at sun.reflect.NativeConstructorAccessorImpl.newInstance(Unknown Source)
	at sun.reflect.DelegatingConstructorAccessorImpl.newInstance(Unknown Source)
	at java.lang.reflect.Constructor.newInstance(Unknown Source)
	at org.openqa.selenium.remote.ErrorHandler.createThrowable(ErrorHandler.java:214)
	at org.openqa.selenium.remote.ErrorHandler.throwIfResponseFailed(ErrorHandler.java:166)
	at org.openqa.selenium.remote.http.JsonHttpResponseCodec.reconstructValue(JsonHttpResponseCodec.java:40)
	at org.openqa.selenium.remote.http.AbstractHttpResponseCodec.decode(AbstractHttpResponseCodec.java:80)
	at org.openqa.selenium.remote.http.AbstractHttpResponseCodec.decode(AbstractHttpResponseCodec.java:44)
	at org.openqa.selenium.remote.HttpCommandExecutor.execute(HttpCommandExecutor.java:158)
	at org.openqa.selenium.remote.service.DriverCommandExecutor.execute(DriverCommandExecutor.java:83)
	at org.openqa.selenium.remote.RemoteWebDriver.execute(RemoteWebDriver.java:545)
	at org.openqa.selenium.remote.RemoteWebElement.execute(RemoteWebElement.java:279)
	at org.openqa.selenium.remote.RemoteWebElement.click(RemoteWebElement.java:83)
	at org.drc.vat.appmanager.HelperBase.clickOn(HelperBase.java:96)
	at org.drc.vat.StepDefinitions.DV_2882_Manual_Assessed_LandingScreen.user_click_on_Dashboard(DV_2882_Manual_Assessed_LandingScreen.java:26)
	at ?.And User click on Dashboard(features/11_1_DV_2394_Landing_Screen.feature:35)
</textarea></pre></td>
                                                    </tr>
                                                    <tr>
                                                        <td>Dec 19, 2018 06:02:02 PM</td>
                                                        <td class='linked' test-id='239'>User is on e-filing landing screen.Validate the Status functionality whether the e-filing , payment and assessment are pending for that particular month.Validate the Status functionality whether the e-filing , payment and assessment are pending for that particular month.And User click on Dashboard</td>
                                                        <td><pre><textarea>org.openqa.selenium.WebDriverException: unknown error: Element <div _ngcontent-c5="" class="d-flex ng-tns-c5-2 ng-star-inserted" ng-reflect-klass="d-flex" ng-reflect-ng-class="[object Object]" title="Dashboard">...</div> is not clickable at point (125, 115). Other element would receive the click: <modal-container class="modal fade show" role="dialog" tabindex="-1" aria-modal="true" style="display: block;">...</modal-container>
  (Session info: chrome=71.0.3578.98)
  (Driver info: chromedriver=2.43.600210 (68dcf5eebde37173d4027fa8635e332711d2874a),platform=Windows NT 10.0.17134 x86_64) (WARNING: The server did not provide any stacktrace information)
Command duration or timeout: 0 milliseconds
Build info: version: '3.11.0', revision: 'e59cfb3', time: '2018-03-11T20:26:55.152Z'
System info: host: '1R-23', ip: '172.16.3.23', os.name: 'Windows 10', os.arch: 'amd64', os.version: '10.0', java.version: '1.8.0_171'
Driver info: org.openqa.selenium.chrome.ChromeDriver
Capabilities {acceptInsecureCerts: false, acceptSslCerts: false, applicationCacheEnabled: false, browserConnectionEnabled: false, browserName: chrome, chrome: {chromedriverVersion: 2.43.600210 (68dcf5eebde371..., userDataDir: C:\Users\FRANKE~1.MEH\AppDa...}, cssSelectorsEnabled: true, databaseEnabled: false, goog:chromeOptions: {debuggerAddress: localhost:64796}, handlesAlerts: true, hasTouchScreen: false, javascriptEnabled: true, locationContextEnabled: true, mobileEmulationEnabled: false, nativeEvents: true, networkConnectionEnabled: false, pageLoadStrategy: normal, platform: XP, platformName: XP, rotatable: false, setWindowRect: true, takesHeapSnapshot: true, takesScreenshot: true, unexpectedAlertBehaviour: , unhandledPromptBehavior: , version: 71.0.3578.98, webStorageEnabled: true}
Session ID: c9d0cac89675cf9bc7bc42169b5b4b6f
	at sun.reflect.NativeConstructorAccessorImpl.newInstance0(Native Method)
	at sun.reflect.NativeConstructorAccessorImpl.newInstance(Unknown Source)
	at sun.reflect.DelegatingConstructorAccessorImpl.newInstance(Unknown Source)
	at java.lang.reflect.Constructor.newInstance(Unknown Source)
	at org.openqa.selenium.remote.ErrorHandler.createThrowable(ErrorHandler.java:214)
	at org.openqa.selenium.remote.ErrorHandler.throwIfResponseFailed(ErrorHandler.java:166)
	at org.openqa.selenium.remote.http.JsonHttpResponseCodec.reconstructValue(JsonHttpResponseCodec.java:40)
	at org.openqa.selenium.remote.http.AbstractHttpResponseCodec.decode(AbstractHttpResponseCodec.java:80)
	at org.openqa.selenium.remote.http.AbstractHttpResponseCodec.decode(AbstractHttpResponseCodec.java:44)
	at org.openqa.selenium.remote.HttpCommandExecutor.execute(HttpCommandExecutor.java:158)
	at org.openqa.selenium.remote.service.DriverCommandExecutor.execute(DriverCommandExecutor.java:83)
	at org.openqa.selenium.remote.RemoteWebDriver.execute(RemoteWebDriver.java:545)
	at org.openqa.selenium.remote.RemoteWebElement.execute(RemoteWebElement.java:279)
	at org.openqa.selenium.remote.RemoteWebElement.click(RemoteWebElement.java:83)
	at org.drc.vat.appmanager.HelperBase.clickOn(HelperBase.java:96)
	at org.drc.vat.StepDefinitions.DV_2882_Manual_Assessed_LandingScreen.user_click_on_Dashboard(DV_2882_Manual_Assessed_LandingScreen.java:26)
	at ?.And User click on Dashboard(features/11_1_DV_2394_Landing_Screen.feature:50)
</textarea></pre></td>
                                                    </tr>
                                                    <tr>
                                                        <td>Dec 19, 2018 06:02:08 PM</td>
                                                        <td class='linked' test-id='246'>User is on e-filing landing screen.Validate the PAY button functionality whether user can successfully pay the amount for that particular month.Validate the PAY button functionality whether user can successfully pay the amount for that particular month.And User click on Dashboard</td>
                                                        <td><pre><textarea>org.openqa.selenium.WebDriverException: unknown error: Element <div _ngcontent-c5="" class="d-flex ng-tns-c5-2 ng-star-inserted" ng-reflect-klass="d-flex" ng-reflect-ng-class="[object Object]" title="Dashboard">...</div> is not clickable at point (125, 115). Other element would receive the click: <modal-container class="modal fade show" role="dialog" tabindex="-1" aria-modal="true" style="display: block;">...</modal-container>
  (Session info: chrome=71.0.3578.98)
  (Driver info: chromedriver=2.43.600210 (68dcf5eebde37173d4027fa8635e332711d2874a),platform=Windows NT 10.0.17134 x86_64) (WARNING: The server did not provide any stacktrace information)
Command duration or timeout: 0 milliseconds
Build info: version: '3.11.0', revision: 'e59cfb3', time: '2018-03-11T20:26:55.152Z'
System info: host: '1R-23', ip: '172.16.3.23', os.name: 'Windows 10', os.arch: 'amd64', os.version: '10.0', java.version: '1.8.0_171'
Driver info: org.openqa.selenium.chrome.ChromeDriver
Capabilities {acceptInsecureCerts: false, acceptSslCerts: false, applicationCacheEnabled: false, browserConnectionEnabled: false, browserName: chrome, chrome: {chromedriverVersion: 2.43.600210 (68dcf5eebde371..., userDataDir: C:\Users\FRANKE~1.MEH\AppDa...}, cssSelectorsEnabled: true, databaseEnabled: false, goog:chromeOptions: {debuggerAddress: localhost:64796}, handlesAlerts: true, hasTouchScreen: false, javascriptEnabled: true, locationContextEnabled: true, mobileEmulationEnabled: false, nativeEvents: true, networkConnectionEnabled: false, pageLoadStrategy: normal, platform: XP, platformName: XP, rotatable: false, setWindowRect: true, takesHeapSnapshot: true, takesScreenshot: true, unexpectedAlertBehaviour: , unhandledPromptBehavior: , version: 71.0.3578.98, webStorageEnabled: true}
Session ID: c9d0cac89675cf9bc7bc42169b5b4b6f
	at sun.reflect.NativeConstructorAccessorImpl.newInstance0(Native Method)
	at sun.reflect.NativeConstructorAccessorImpl.newInstance(Unknown Source)
	at sun.reflect.DelegatingConstructorAccessorImpl.newInstance(Unknown Source)
	at java.lang.reflect.Constructor.newInstance(Unknown Source)
	at org.openqa.selenium.remote.ErrorHandler.createThrowable(ErrorHandler.java:214)
	at org.openqa.selenium.remote.ErrorHandler.throwIfResponseFailed(ErrorHandler.java:166)
	at org.openqa.selenium.remote.http.JsonHttpResponseCodec.reconstructValue(JsonHttpResponseCodec.java:40)
	at org.openqa.selenium.remote.http.AbstractHttpResponseCodec.decode(AbstractHttpResponseCodec.java:80)
	at org.openqa.selenium.remote.http.AbstractHttpResponseCodec.decode(AbstractHttpResponseCodec.java:44)
	at org.openqa.selenium.remote.HttpCommandExecutor.execute(HttpCommandExecutor.java:158)
	at org.openqa.selenium.remote.service.DriverCommandExecutor.execute(DriverCommandExecutor.java:83)
	at org.openqa.selenium.remote.RemoteWebDriver.execute(RemoteWebDriver.java:545)
	at org.openqa.selenium.remote.RemoteWebElement.execute(RemoteWebElement.java:279)
	at org.openqa.selenium.remote.RemoteWebElement.click(RemoteWebElement.java:83)
	at org.drc.vat.appmanager.HelperBase.clickOn(HelperBase.java:96)
	at org.drc.vat.StepDefinitions.DV_2882_Manual_Assessed_LandingScreen.user_click_on_Dashboard(DV_2882_Manual_Assessed_LandingScreen.java:26)
	at ?.And User click on Dashboard(features/11_1_DV_2394_Landing_Screen.feature:92)
</textarea></pre></td>
                                                    </tr>
                                                    <tr>
                                                        <td>Dec 19, 2018 06:02:14 PM</td>
                                                        <td class='linked' test-id='261'>User is on e-filing landing screen.Validate the PAY button functionality whether user can successfully pay the amount for that particular month.Validate the PAY button functionality whether user can successfully pay the amount for that particular month.And User click on Dashboard</td>
                                                        <td><pre><textarea>org.openqa.selenium.WebDriverException: unknown error: Element <div _ngcontent-c5="" class="d-flex ng-tns-c5-2 ng-star-inserted" ng-reflect-klass="d-flex" ng-reflect-ng-class="[object Object]" title="Dashboard">...</div> is not clickable at point (125, 115). Other element would receive the click: <modal-container class="modal fade show" role="dialog" tabindex="-1" aria-modal="true" style="display: block;">...</modal-container>
  (Session info: chrome=71.0.3578.98)
  (Driver info: chromedriver=2.43.600210 (68dcf5eebde37173d4027fa8635e332711d2874a),platform=Windows NT 10.0.17134 x86_64) (WARNING: The server did not provide any stacktrace information)
Command duration or timeout: 0 milliseconds
Build info: version: '3.11.0', revision: 'e59cfb3', time: '2018-03-11T20:26:55.152Z'
System info: host: '1R-23', ip: '172.16.3.23', os.name: 'Windows 10', os.arch: 'amd64', os.version: '10.0', java.version: '1.8.0_171'
Driver info: org.openqa.selenium.chrome.ChromeDriver
Capabilities {acceptInsecureCerts: false, acceptSslCerts: false, applicationCacheEnabled: false, browserConnectionEnabled: false, browserName: chrome, chrome: {chromedriverVersion: 2.43.600210 (68dcf5eebde371..., userDataDir: C:\Users\FRANKE~1.MEH\AppDa...}, cssSelectorsEnabled: true, databaseEnabled: false, goog:chromeOptions: {debuggerAddress: localhost:64796}, handlesAlerts: true, hasTouchScreen: false, javascriptEnabled: true, locationContextEnabled: true, mobileEmulationEnabled: false, nativeEvents: true, networkConnectionEnabled: false, pageLoadStrategy: normal, platform: XP, platformName: XP, rotatable: false, setWindowRect: true, takesHeapSnapshot: true, takesScreenshot: true, unexpectedAlertBehaviour: , unhandledPromptBehavior: , version: 71.0.3578.98, webStorageEnabled: true}
Session ID: c9d0cac89675cf9bc7bc42169b5b4b6f
	at sun.reflect.NativeConstructorAccessorImpl.newInstance0(Native Method)
	at sun.reflect.NativeConstructorAccessorImpl.newInstance(Unknown Source)
	at sun.reflect.DelegatingConstructorAccessorImpl.newInstance(Unknown Source)
	at java.lang.reflect.Constructor.newInstance(Unknown Source)
	at org.openqa.selenium.remote.ErrorHandler.createThrowable(ErrorHandler.java:214)
	at org.openqa.selenium.remote.ErrorHandler.throwIfResponseFailed(ErrorHandler.java:166)
	at org.openqa.selenium.remote.http.JsonHttpResponseCodec.reconstructValue(JsonHttpResponseCodec.java:40)
	at org.openqa.selenium.remote.http.AbstractHttpResponseCodec.decode(AbstractHttpResponseCodec.java:80)
	at org.openqa.selenium.remote.http.AbstractHttpResponseCodec.decode(AbstractHttpResponseCodec.java:44)
	at org.openqa.selenium.remote.HttpCommandExecutor.execute(HttpCommandExecutor.java:158)
	at org.openqa.selenium.remote.service.DriverCommandExecutor.execute(DriverCommandExecutor.java:83)
	at org.openqa.selenium.remote.RemoteWebDriver.execute(RemoteWebDriver.java:545)
	at org.openqa.selenium.remote.RemoteWebElement.execute(RemoteWebElement.java:279)
	at org.openqa.selenium.remote.RemoteWebElement.click(RemoteWebElement.java:83)
	at org.drc.vat.appmanager.HelperBase.clickOn(HelperBase.java:96)
	at org.drc.vat.StepDefinitions.DV_2882_Manual_Assessed_LandingScreen.user_click_on_Dashboard(DV_2882_Manual_Assessed_LandingScreen.java:26)
	at ?.And User click on Dashboard(features/11_1_DV_2394_Landing_Screen.feature:124)
</textarea></pre></td>
                                                    </tr>
                                        </tbody>
                                    </table>
                                </div>
                            </div>
                        </li>
                </ul>
        </div>
    </div>

    <div class='subview-right left'>
        <div class='view-summary'>
            <h5 class='exception-name'></h5>
        </div>
    </div>
</div>
<!-- exception view -->
<div id='dashboard-view' class='view hide'>
	<div class='card-panel transparent np-v'>
		<h5>Dashboard</h5>

		<div class='row'>
			<div class='col s2'>
				<div class='card-panel r'>
					Features
					<div class='panel-lead'>4</div>
				</div>
			</div>
			<div class='col s2'>
				<div class='card-panel r'>
					Scenarios
					<div class='panel-lead'>22</div>
				</div>
			</div>
			<div class='col s2'>
				<div class='card-panel r'>
					Steps
					<div class='panel-lead'>222</div>
				</div>
			</div>
			<div class='col s2'>
				<div class='card-panel r'>
					Start
					<div class='panel-lead'>Dec 19, 2018 05:50:56 PM</div>
				</div>
			</div>
			<div class='col s2'>
				<div class='card-panel r'>
			 		End
			 		<div class='panel-lead'>Dec 19, 2018 06:02:14 PM</div>
				</div>
			</div>
			<div class='col s2'>
				<div class='card-panel r'>
					Time Taken
					<div class='panel-lead'>0h 11m 18s+870ms</div>
				</div>
			</div>
			<div class='col s6'>
				<div class='card-panel dashboard-categories'>
					<span class='right label cyan white-text'>Categories</span><p>&nbsp;</p>
					
					<table>
						<tr>
							<th>Name</th>
							<th>Passed</th>
							<th>Failed</th>
							<th>Others</th>
							<th>Passed %</th>
						</tr>
						<tr>
							<td>@TC_01_Login</td>
							<td>1</td>
							<td>0</td>
							<td>0</td>
							<td>
									100%
							</td>
						</tr>
						<tr>
							<td>@TC_02_12</td>
							<td>1</td>
							<td>0</td>
							<td>0</td>
							<td>
									100%
							</td>
						</tr>
						<tr>
							<td>@TC_03</td>
							<td>1</td>
							<td>0</td>
							<td>0</td>
							<td>
									100%
							</td>
						</tr>
						<tr>
							<td>@TC_04_05_07_08_09_10_11</td>
							<td>1</td>
							<td>0</td>
							<td>0</td>
							<td>
									100%
							</td>
						</tr>
						<tr>
							<td>@TC_02_DV_2390_Declaration_with_verification</td>
							<td>1</td>
							<td>0</td>
							<td>0</td>
							<td>
									100%
							</td>
						</tr>
						<tr>
							<td>@TC_03_DV_2390_Declaration_with_verification</td>
							<td>0</td>
							<td>2</td>
							<td>0</td>
							<td>
									0%
							</td>
						</tr>
						<tr>
							<td>@TC_04_DV_2390_Declaration_with_verification</td>
							<td>0</td>
							<td>1</td>
							<td>0</td>
							<td>
									0%
							</td>
						</tr>
						<tr>
							<td>@TC_05_06_DV_2390_Declaration_with_verification</td>
							<td>0</td>
							<td>1</td>
							<td>0</td>
							<td>
									0%
							</td>
						</tr>
						<tr>
							<td>@TC_07_08_09_14_15_17_18_19_20_DV_2390_Declaration_with_verification</td>
							<td>0</td>
							<td>1</td>
							<td>0</td>
							<td>
									0%
							</td>
						</tr>
						<tr>
							<td>@TC_16_DV_2390_Declaration_with_verification</td>
							<td>1</td>
							<td>1</td>
							<td>0</td>
							<td>
									50%
							</td>
						</tr>
						<tr>
							<td>@TC_10_11_13_DV_2390_Declaration_with_verification</td>
							<td>0</td>
							<td>1</td>
							<td>0</td>
							<td>
									0%
							</td>
						</tr>
						<tr>
							<td>@TC_21_DV_2390_Declaration_with_verification</td>
							<td>0</td>
							<td>1</td>
							<td>0</td>
							<td>
									0%
							</td>
						</tr>
						<tr>
							<td>@TC_24_DV_2390_Declaration_with_verification</td>
							<td>0</td>
							<td>1</td>
							<td>0</td>
							<td>
									0%
							</td>
						</tr>
						<tr>
							<td>@TC_22_23_25_26_27_DV_2390_Declaration_with_verification</td>
							<td>0</td>
							<td>1</td>
							<td>0</td>
							<td>
									0%
							</td>
						</tr>
						<tr>
							<td>@TC_02_03_04_05_06_07_VAT_e-Filing_Preview</td>
							<td>0</td>
							<td>1</td>
							<td>0</td>
							<td>
									0%
							</td>
						</tr>
						<tr>
							<td>@TC_02</td>
							<td>0</td>
							<td>1</td>
							<td>0</td>
							<td>
									0%
							</td>
						</tr>
						<tr>
							<td>@TC_04_e-filing_landing_screen</td>
							<td>0</td>
							<td>1</td>
							<td>0</td>
							<td>
									0%
							</td>
						</tr>
						<tr>
							<td>@TC_05_e-filing_landing_screen</td>
							<td>0</td>
							<td>1</td>
							<td>0</td>
							<td>
									0%
							</td>
						</tr>
						<tr>
							<td>@TC_08_e-filing_landing_screen</td>
							<td>0</td>
							<td>1</td>
							<td>0</td>
							<td>
									0%
							</td>
						</tr>
						<tr>
							<td>@TC_10_e-filing_landing_screen</td>
							<td>0</td>
							<td>1</td>
							<td>0</td>
							<td>
									0%
							</td>
						</tr>
					</table>
				</div>
			</div>
		</div>
	</div>
</div>
<!-- dashboard view -->
<!-- testrunner-logs view -->
		</div>
		<!-- container -->

		<script>
			var statusGroup = {
				passParent: 1,
				failParent: 3,
				fatalParent: 0,
				errorParent: 0,
				warningParent: 0,
				skipParent: 0,
				exceptionsParent: 3,
				
				passChild: 6,
				failChild: 16,
				fatalChild: 0,
				errorChild: 0,
				warningChild: 0,
				skipChild: 0,
				infoChild: 0,
				exceptionsChild: 16,
				
				passGrandChild: 82,
				failGrandChild: 16,
				fatalGrandChild: 0,
				errorGrandChild: 0,
				warningGrandChild: 0,
				skipGrandChild: 124,
				infoGrandChild: 0,
				exceptionsGrandChild: 140,
			};
		</script>
		
			<script src='https://cdn.rawgit.com/anshooarora/extentreports-java/fca20fb7653aade98810546ab96a2a4360e3e712/dist/js/extent.js' type='text/javascript'></script>
		
		
 		<script type='text/javascript'>
 		</script>
	</body>
	
</html>
