
<!DOCTYPE html>
<html>


<head>
	<meta charset='utf-8' /> 
	<meta name='description' content='' />
	<meta name='robots' content='noodp, noydir' />
	<meta name='viewport' content='width=device-width, initial-scale=1' />
	<meta id="timeStampFormat" name="timeStampFormat" content='MMM d, yyyy hh:mm:ss a'/>
	
	<link href='https://fonts.googleapis.com/css?family=Source+Sans+Pro:400,600' rel='stylesheet' type='text/css' />
	<link href="https://fonts.googleapis.com/icon?family=Material+Icons" rel="stylesheet" />

		<link href='https://cdn.rawgit.com/anshooarora/extentreports-java/b4a58fcfd1e137bd9287244035a7c80d3d73b3af/dist/css/extent.css' type='text/css' rel='stylesheet' />
	
	<title>ExtentReports</title>

	<style type='text/css'>
	</style>
</head>

	<body class='extent standard default hide-overflow bdd-report'>
		<div id='theme-selector' alt='Click to toggle theme. To enable by default, use theme configuration.' title='Click to toggle theme. To enable by default, use theme configuration.'>
			<span><i class='material-icons'>desktop_windows</i></span>
		</div>

<nav>
	<div class="nav-wrapper">
		<a href="#!" class="brand-logo blue darken-3">Extent</a>

		<!-- slideout menu -->
		<ul id='slide-out' class='side-nav fixed hide-on-med-and-down'>
			<li class='waves-effect active'><a href='#!' view='test-view' onclick="configureView(0);chartsView('test');"><i class='material-icons'>dashboard</i></a></li>
						<li class='waves-effect'><a href='#!' view='category-view' onclick="configureView(1)"><i class='material-icons'>label_outline</i></a></li>
			<li class='waves-effect'><a href='#!' view='exception-view' onclick="configureView(2)"><i class='material-icons'>bug_report</i></a></li>
			<li class='waves-effect'><a href='#!' onclick="configureView(-1);chartsView('dashboard');" view='dashboard-view'><i class='material-icons'>track_changes</i></i></a></li>
		</ul>

		<!-- report name -->
		<span class='report-name'>ExtentReports</span>
		
		<!-- report headline -->
		<span class='report-headline'></span>

		<!-- nav-right -->
		<ul id='nav-mobile' class='right hide-on-med-and-down nav-right'>
			<li>
                <a href='#!'>
                    <span class='label suite-start-time blue darken-3'>Dec 31, 2018 06:44:03 PM</span>
				</a>
			</li>
			<li>
                <a href='#!'>
                    <span class='label blue darken-3'>3.1.5</span>
				</a>
			</li>
		</ul>
	</div>
</nav>

		<!-- container -->
		<div class='container'>

<div id='test-view' class='view'>
				
	<section id='controls'>
		<div class='controls grey lighten-4'>
			<!-- test toggle -->
			<div class='chip transparent'>
				<a class='dropdown-button tests-toggle' data-activates='tests-toggle' data-constrainwidth='true' data-beloworigin='true' data-hover='true' href='#'>
					<i class='material-icons'>warning</i> Status
				</a>
				<ul id='tests-toggle' class='dropdown-content'>
											<li status='pass'><a href='#!'>Pass <i class='material-icons green-text'>check_circle</i></a></li>
						<li status='fail'><a href='#!'>Fail <i class='material-icons red-text'>cancel</i></a></li>
						<li status='skip'><a href='#!'>Skip <i class='material-icons cyan-text'>redo</i></a></li>
					<li class='divider'></li>
					<li status='clear' clear='true'><a href='#!'>Clear Filters <i class='material-icons'>clear</i></a></li>
				</ul>
			</div>
			<!-- test toggle -->

			<!-- category toggle -->
			<div class='chip transparent'>
				<a class='dropdown-button category-toggle' data-activates='category-toggle' data-constrainwidth='false' data-beloworigin='true' data-hover='true' href='#'>
					<i class='material-icons'>local_offer</i> Category
				</a>
				<ul id='category-toggle' class='dropdown-content'>
					<li><a href='#'>@DebtManagementUnAssignedDebt</a></li>
					<li><a href='#'>@mtc_19</a></li>
					<li><a href='#'>@mtc_03</a></li>
					<li><a href='#'>@mtc_04</a></li>
					<li><a href='#'>@mtc_05</a></li>
					<li><a href='#'>@mtc_14</a></li>
					<li><a href='#'>@mtc_12</a></li>
					<li><a href='#'>@TotalAgeBracket</a></li>
					<li><a href='#'>@mtc_15</a></li>
					<li><a href='#'>@mtc_16</a></li>
					<li><a href='#'>@TotalOther</a></li>
					<li><a href='#'>@mtc_17</a></li>
					<li><a href='#'>@Total</a></li>
					<li><a href='#'>@mtc_07</a></li>
					<li><a href='#'>@mtc_08</a></li>
					<li><a href='#'>@mtc_09</a></li>
					<li><a href='#'>@mtc_06</a></li>
					<li><a href='#'>@columnverify</a></li>
					<li><a href='#'>@mtc_13</a></li>
					<li><a href='#'>@mtc_11</a></li>
					<li><a href='#'>@mtc_10</a></li>
					<li><a href='#'>@mtc18</a></li>
					<li><a href='#'>@mtc_02</a></li>
					<li class='divider'></li>
					<li class='clear'><a href='#!' clear='true'>Clear Filters</a></li>
				</ul>
			</div>
			<!-- category toggle -->

			<!-- clear filters -->
			<div class='chip transparent hide'>
				<a class='' id='clear-filters' alt='Clear Filters' title='Clear Filters'>
					<i class='material-icons'>close</i> Clear
				</a>
			</div>
			<!-- clear filters -->

			<!-- enable dashboard -->
			<div id='toggle-test-view-charts' class='chip transparent'>
				<a class='pink-text' id='enable-dashboard' alt='Enable Dashboard' title='Enable Dashboard'>
					<i class='material-icons'>track_changes</i> Dashboard
				</a>
			</div>
			<!-- enable dashboard -->

			<!-- search -->
			<div class='chip transparent' alt='Search Tests' title='Search Tests'>
				<a href="#" class='search-div'>
					<i class='material-icons'>search</i> Search
				</a>

				<div class='input-field left hide'>
					<input id='search-tests' type='text' class='validate browser-default' placeholder='Search Tests...'>
				</div>
				
			</div>
			<!-- search -->
		</div>
	</section>


<div id='test-view-charts' class='subview-full'>
	<div id='charts-row' class='row nm-v nm-h'>
		<div class='col s12 m4 l4 np-h'>
			<div class='card-panel nm-v'>
				<div class='left panel-name'>Features</div>
				<div class='chart-box'>
					<canvas id='parent-analysis' width='100' height='80'></canvas>
				</div>
				<div class='block text-small'>
					<span class='tooltipped' data-position='top' data-tooltip='0%'><span class='strong'>0</span> feature(s) passed</span>
				</div>
				<div class='block text-small'>
					<span class='strong tooltipped' data-position='top' data-tooltip='100%'>1</span> feature(s) failed, <span class='strong tooltipped' data-position='top' data-tooltip='0%'>0</span> others
				</div>
			</div>
		</div>
		
		<div class='col s12 m4 l4 np-h'>
			<div class='card-panel nm-v'>
				<div class='left panel-name'>Scenarios</div>
				<div class='chart-box'>
					<canvas id='child-analysis' width='100' height='80'></canvas>
				</div>
				<div class='block text-small'>
					<span class='tooltipped' data-position='top' data-tooltip='58.824%'><span class='strong'>10</span> scenario(s) passed</span>
				</div>
				<div class='block text-small'>
					<span class='strong tooltipped' data-position='top' data-tooltip='41.176%'>7</span> scenario(s) failed, <span class='strong tooltipped' data-position='top' data-tooltip='0%'>0</span> others
				</div>
			</div>
		</div>
		
		<div class='col s12 m4 l4 np-h'>
			<div class='card-panel nm-v'>
				<div class='left panel-name'>Steps</div>
				<div class='chart-box'>
					<canvas id='grandchild-analysis' width='100' height='80'></canvas>
				</div>
				<div class='block text-small'>
					<span class='tooltipped' data-position='top' data-tooltip='80.328%'><span class='strong'>98</span> step(s) passed</span>
				</div>
				<div class='block text-small'>
					<span class='strong tooltipped' data-position='top' data-tooltip='5.738%'>7</span> step(s) failed, <span class='strong tooltipped' data-position='top' data-tooltip='13.934%'>17</span> others
				</div>
			</div>
		</div>
	</div>
</div>

	<div class='subview-left left'>
		
		<div class='view-summary'>
			<h5>Features</h5>
			<ul id='test-collection' class='test-collection'>
				
				
				<li class='test displayed active has-leaf fail' status='fail' bdd='true' test-id='1'>
					<div class='test-heading'>
						<span class='test-name'>The Supervisor can assign the collection officer the pending amount from the TaxPayer</span>
						<span class='test-time'>Dec 31, 2018 06:44:03 PM</span>
						<span class='test-status right fail'>fail</span>
					</div>
					<div class='test-content hide'>
<div class='scenariooutline node' test-id='2' status='pass'>
	<span class='duration right label'>0h 0m 39s+16ms</span>
	<div class='desc'>
		<b>ScenarioOutline</b>
		<span class="desc-text">Validate the close (X) icon functionality on officer selection Pop-up internal portal</span>
	</div>
	<ul class='steps'>
		<li test-id='3' class='node scenario pass' status='pass'>
			<div class='category-list'>
				<span class='category label white-text'>@DebtManagementUnAssignedDebt</span>
				<span class='category label white-text'>@mtc_19</span>
			</div>
			
			<b>Scenario</b>
			
			<span class="bdd-step-name">Validate the close (X) icon functionality on officer selection Pop-up internal portal</span>
			
				<ul class='steps'>
					<li test-id='4' class='node given pass' status='pass'><b>Given</b>
						<span class="bdd-step-name">Given "DRC_ATC_DebtManagement_Unassigned_18""Validate the close (X) icon functionality on officer selection Pop-up"DGI "<officer>""<uname>""<password>""<location>"should be logged in to the internal portal</span>
							<div class='pre'>passed</div>
					</li>
					<li test-id='5' class='node when pass' status='pass'><b>When</b>
						<span class="bdd-step-name">When clicked on Debt Management Module must be on Debt Management Module</span>
							<div class='pre'>passed</div>
					</li>
					<li test-id='6' class='node when pass' status='pass'><b>When</b>
						<span class="bdd-step-name">When Clicked on pending amount for "0-3 Months"</span>
							<div class='pre'>passed</div>
					</li>
					<li test-id='7' class='node then pass' status='pass'><b>Then</b>
						<span class="bdd-step-name">Then user is on Pending debts</span>
							<div class='pre'>passed</div>
					</li>
					<li test-id='8' class='node then pass' status='pass'><b>Then</b>
						<span class="bdd-step-name">Then selects unassigned debt and selects the officer and closes the popup window</span>
						<ul class='screenshots right'>
							<li><a data-featherlight="image" href="F:\DRC-Automation\test-output\Mon Dec 31\screenshots\Validate the close (X) icon functionality on officer selection Pop-up internal portal_184403.png"><i class='material-icons'>panorama</i></a></li>
						</ul>
							<div class='pre'>passed</div>
					</li>
				</ul>
		</li>
	</ul>
</div>
<div class='scenariooutline node' test-id='9' status='pass'>
	<span class='duration right label'>0h 0m 16s+908ms</span>
	<div class='desc'>
		<b>ScenarioOutline</b>
		<span class="desc-text">Validate the date picker functionality.</span>
	</div>
	<ul class='steps'>
		<li test-id='10' class='node scenario pass' status='pass'>
			<div class='category-list'>
				<span class='category label white-text'>@mtc_03</span>
				<span class='category label white-text'>@DebtManagementUnAssignedDebt</span>
			</div>
			
			<b>Scenario</b>
			
			<span class="bdd-step-name">Validate the date picker functionality.</span>
			
				<ul class='steps'>
					<li test-id='11' class='node given pass' status='pass'><b>Given</b>
						<span class="bdd-step-name">Given "DRC_ATC_DebtManagement_Unassigned_03""Validate the close (X) icon functionality on officer selection Pop-up"DGI "<officer>""<uname>""<password>""<location>"should be logged in to the internal portal</span>
							<div class='pre'>passed</div>
					</li>
					<li test-id='12' class='node when pass' status='pass'><b>When</b>
						<span class="bdd-step-name">When clicked on Debt Management Module must be on Debt Management Module</span>
							<div class='pre'>passed</div>
					</li>
					<li test-id='13' class='node when pass' status='pass'><b>When</b>
						<span class="bdd-step-name">When Clicked on pending amount for "0-3 Months"</span>
							<div class='pre'>passed</div>
					</li>
					<li test-id='14' class='node then pass' status='pass'><b>Then</b>
						<span class="bdd-step-name">Then user is on Pending debts</span>
							<div class='pre'>passed</div>
					</li>
					<li test-id='15' class='node then pass' status='pass'><b>Then</b>
						<span class="bdd-step-name">Then Date selection should be disabled and should be same as debt management</span>
						<ul class='screenshots right'>
							<li><a data-featherlight="image" href="F:\DRC-Automation\test-output\Mon Dec 31\screenshots\Validate the date picker functionality._184443.png"><i class='material-icons'>panorama</i></a></li>
						</ul>
							<div class='pre'>passed</div>
					</li>
				</ul>
		</li>
	</ul>
</div>
<div class='scenariooutline node' test-id='16' status='fail'>
	<span class='duration right label'>0h 1m 59s+190ms</span>
	<div class='desc'>
		<b>ScenarioOutline</b>
		<span class="desc-text">Validate the sorting functionality</span>
	</div>
	<ul class='steps'>
		<li test-id='17' class='node scenario fail' status='fail'>
			<div class='category-list'>
				<span class='category label white-text'>@DebtManagementUnAssignedDebt</span>
				<span class='category label white-text'>@mtc_04</span>
			</div>
			
			<b>Scenario</b>
			
			<span class="bdd-step-name">Validate the sorting functionality</span>
			
				<ul class='steps'>
					<li test-id='18' class='node given pass' status='pass'><b>Given</b>
						<span class="bdd-step-name">Given "DRC_ATC_DebtManagement_Unassigned_04""Validate the sorting functionality"DGI "<officer>""<uname>""<password>""<location>"should be logged in to the internal portal</span>
							<div class='pre'>passed</div>
					</li>
					<li test-id='19' class='node when pass' status='pass'><b>When</b>
						<span class="bdd-step-name">When clicked on Debt Management Module must be on Debt Management Module</span>
							<div class='pre'>passed</div>
					</li>
					<li test-id='20' class='node when pass' status='pass'><b>When</b>
						<span class="bdd-step-name">When Clicked on pending amount for "0-3 Months"</span>
							<div class='pre'>passed</div>
					</li>
					<li test-id='21' class='node then pass' status='pass'><b>Then</b>
						<span class="bdd-step-name">Then user is on Pending debts</span>
							<div class='pre'>passed</div>
					</li>
					<li test-id='22' class='node then pass' status='pass'><b>Then</b>
						<span class="bdd-step-name">Then clicks on "NITVA" column on Debt Management</span>
							<div class='pre'>passed</div>
					</li>
					<li test-id='23' class='node then pass' status='pass'><b>Then</b>
						<span class="bdd-step-name">Then "NITVA" should be in ascending order</span>
							<div class='pre'>passed</div>
					</li>
					<li test-id='24' class='node then pass' status='pass'><b>Then</b>
						<span class="bdd-step-name">Then clicks on "NITVA" column on Debt Management</span>
							<div class='pre'>passed</div>
					</li>
					<li test-id='25' class='node then pass' status='pass'><b>Then</b>
						<span class="bdd-step-name">Then "NITVA" should be in descending order</span>
							<div class='pre'>passed</div>
					</li>
					<li test-id='26' class='node then pass' status='pass'><b>Then</b>
						<span class="bdd-step-name">Then clicks on "Taxpayer" column on Debt Management</span>
							<div class='pre'>passed</div>
					</li>
					<li test-id='27' class='node then pass' status='pass'><b>Then</b>
						<span class="bdd-step-name">Then "TaxPayer" should be in ascending order</span>
							<div class='pre'>passed</div>
					</li>
					<li test-id='28' class='node then pass' status='pass'><b>Then</b>
						<span class="bdd-step-name">Then clicks on "Taxpayer" column on Debt Management</span>
							<div class='pre'>passed</div>
					</li>
					<li test-id='29' class='node then pass' status='pass'><b>Then</b>
						<span class="bdd-step-name">Then "TaxPayer" should be in descending order</span>
							<div class='pre'>passed</div>
					</li>
					<li test-id='30' class='node then pass' status='pass'><b>Then</b>
						<span class="bdd-step-name">Then clicks on "City" column on Debt Management</span>
							<div class='pre'>passed</div>
					</li>
					<li test-id='31' class='node then pass' status='pass'><b>Then</b>
						<span class="bdd-step-name">Then "City" should be in ascending order</span>
							<div class='pre'>passed</div>
					</li>
					<li test-id='32' class='node then fail' status='fail'><b>Then</b>
						<span class="bdd-step-name">Then clicks on "City" column on Debt Management</span>
							<div class='pre'><pre>org.openqa.selenium.TimeoutException: Expected condition failed: waiting for element to be clickable: By.xpath: //table//span[text()='City']/following::span (tried for 60 second(s) with 500 milliseconds interval)
	at org.openqa.selenium.support.ui.WebDriverWait.timeoutException(WebDriverWait.java:81)
	at org.openqa.selenium.support.ui.FluentWait.until(FluentWait.java:271)
	at org.drc.vat.appmanager.HelperBase.clickOn(HelperBase.java:97)
	at org.drc.vat.StepDefinitions.DebtManagementUnassignedDebt.clicks_on_column_on_Debt_Management(DebtManagementUnassignedDebt.java:111)
	at ?.Then clicks on "City" column on Debt Management(features/33_DebtManagementUnassignedDebt.feature:62)
Caused by: org.openqa.selenium.NoSuchElementException: Cannot locate an element using By.xpath: //table//span[text()='City']/following::span
For documentation on this error, please visit: http://seleniumhq.org/exceptions/no_such_element.html
Build info: version: '3.11.0', revision: 'e59cfb3', time: '2018-03-11T20:26:55.152Z'
System info: host: '1R-22', ip: '172.16.3.22', os.name: 'Windows 10', os.arch: 'amd64', os.version: '10.0', java.version: '1.8.0_171'
Driver info: driver.version: unknown
	at org.openqa.selenium.support.ui.ExpectedConditions.lambda$findElement$0(ExpectedConditions.java:896)
	at java.util.Optional.orElseThrow(Unknown Source)
	at org.openqa.selenium.support.ui.ExpectedConditions.findElement(ExpectedConditions.java:895)
	at org.openqa.selenium.support.ui.ExpectedConditions.access$000(ExpectedConditions.java:44)
	at org.openqa.selenium.support.ui.ExpectedConditions$7.apply(ExpectedConditions.java:206)
	at org.openqa.selenium.support.ui.ExpectedConditions$7.apply(ExpectedConditions.java:202)
	at org.openqa.selenium.support.ui.ExpectedConditions$22.apply(ExpectedConditions.java:657)
	at org.openqa.selenium.support.ui.ExpectedConditions$22.apply(ExpectedConditions.java:654)
	at org.openqa.selenium.support.ui.FluentWait.until(FluentWait.java:248)
	at org.drc.vat.appmanager.HelperBase.clickOn(HelperBase.java:97)
	at org.drc.vat.StepDefinitions.DebtManagementUnassignedDebt.clicks_on_column_on_Debt_Management(DebtManagementUnassignedDebt.java:111)
	at sun.reflect.NativeMethodAccessorImpl.invoke0(Native Method)
	at sun.reflect.NativeMethodAccessorImpl.invoke(Unknown Source)
	at sun.reflect.DelegatingMethodAccessorImpl.invoke(Unknown Source)
	at java.lang.reflect.Method.invoke(Unknown Source)
	at cucumber.runtime.Utils$1.call(Utils.java:40)
	at cucumber.runtime.Timeout.timeout(Timeout.java:16)
	at cucumber.runtime.Utils.invoke(Utils.java:34)
	at cucumber.runtime.java.JavaStepDefinition.execute(JavaStepDefinition.java:38)
	at cucumber.runtime.StepDefinitionMatch.runStep(StepDefinitionMatch.java:37)
	at cucumber.runtime.Runtime.runStep(Runtime.java:300)
	at cucumber.runtime.model.StepContainer.runStep(StepContainer.java:44)
	at cucumber.runtime.model.StepContainer.runSteps(StepContainer.java:39)
	at cucumber.runtime.model.CucumberScenario.run(CucumberScenario.java:44)
	at cucumber.runtime.model.CucumberScenarioOutline.run(CucumberScenarioOutline.java:46)
	at cucumber.runtime.model.CucumberFeature.run(CucumberFeature.java:165)
	at cucumber.api.testng.TestNGCucumberRunner.runCucumber(TestNGCucumberRunner.java:63)
	at cucumber.api.testng.AbstractTestNGCucumberTests.feature(AbstractTestNGCucumberTests.java:21)
	at sun.reflect.NativeMethodAccessorImpl.invoke0(Native Method)
	at sun.reflect.NativeMethodAccessorImpl.invoke(Unknown Source)
	at sun.reflect.DelegatingMethodAccessorImpl.invoke(Unknown Source)
	at java.lang.reflect.Method.invoke(Unknown Source)
	at org.testng.internal.MethodInvocationHelper.invokeMethod(MethodInvocationHelper.java:86)
	at org.testng.internal.Invoker.invokeMethod(Invoker.java:643)
	at org.testng.internal.Invoker.invokeTestMethod(Invoker.java:820)
	at org.testng.internal.Invoker.invokeTestMethods(Invoker.java:1128)
	at org.testng.internal.TestMethodWorker.invokeTestMethods(TestMethodWorker.java:129)
	at org.testng.internal.TestMethodWorker.run(TestMethodWorker.java:112)
	at org.testng.TestRunner.privateRun(TestRunner.java:782)
	at org.testng.TestRunner.run(TestRunner.java:632)
	at org.testng.SuiteRunner.runTest(SuiteRunner.java:366)
	at org.testng.SuiteRunner.runSequentially(SuiteRunner.java:361)
	at org.testng.SuiteRunner.privateRun(SuiteRunner.java:319)
	at org.testng.SuiteRunner.run(SuiteRunner.java:268)
	at org.testng.SuiteRunnerWorker.runSuite(SuiteRunnerWorker.java:52)
	at org.testng.SuiteRunnerWorker.run(SuiteRunnerWorker.java:86)
	at org.testng.TestNG.runSuitesSequentially(TestNG.java:1244)
	at org.testng.TestNG.runSuitesLocally(TestNG.java:1169)
	at org.testng.TestNG.run(TestNG.java:1064)
	at org.testng.remote.AbstractRemoteTestNG.run(AbstractRemoteTestNG.java:114)
	at org.testng.remote.RemoteTestNG.initAndRun(RemoteTestNG.java:251)
	at org.testng.remote.RemoteTestNG.main(RemoteTestNG.java:77)
</pre></div>
					</li>
					<li test-id='33' class='node then skip' status='skip'><b>Then</b>
						<span class="bdd-step-name">Then "City" should be in descending order</span>
							<div class='pre'>skipped</div>
					</li>
					<li test-id='34' class='node then skip' status='skip'><b>Then</b>
						<span class="bdd-step-name">Then clicks on "0-3 Months" column on Debt Management</span>
							<div class='pre'>skipped</div>
					</li>
					<li test-id='35' class='node then skip' status='skip'><b>Then</b>
						<span class="bdd-step-name">Then "ageing" should be in ascending order</span>
							<div class='pre'>skipped</div>
					</li>
					<li test-id='36' class='node then skip' status='skip'><b>Then</b>
						<span class="bdd-step-name">Then clicks on "0-3 Months" column on Debt Management</span>
							<div class='pre'>skipped</div>
					</li>
					<li test-id='37' class='node then skip' status='skip'><b>Then</b>
						<span class="bdd-step-name">Then "ageing" should be in descending order</span>
							<div class='pre'>skipped</div>
					</li>
					<li test-id='38' class='node then skip' status='skip'><b>Then</b>
						<span class="bdd-step-name">Then clicks on "Others" column on Debt Management</span>
							<div class='pre'>skipped</div>
					</li>
					<li test-id='39' class='node then skip' status='skip'><b>Then</b>
						<span class="bdd-step-name">Then "Others" should be in ascending order</span>
							<div class='pre'>skipped</div>
					</li>
					<li test-id='40' class='node then skip' status='skip'><b>Then</b>
						<span class="bdd-step-name">Then clicks on "Others" column on Debt Management</span>
							<div class='pre'>skipped</div>
					</li>
					<li test-id='41' class='node then skip' status='skip'><b>Then</b>
						<span class="bdd-step-name">Then "Others" should be in descending order</span>
							<div class='pre'>skipped</div>
					</li>
					<li test-id='42' class='node then skip' status='skip'><b>Then</b>
						<span class="bdd-step-name">Then clicks on "Total" column on Debt Management</span>
							<div class='pre'>skipped</div>
					</li>
					<li test-id='43' class='node then skip' status='skip'><b>Then</b>
						<span class="bdd-step-name">Then "Total" should be in ascending order</span>
							<div class='pre'>skipped</div>
					</li>
					<li test-id='44' class='node then skip' status='skip'><b>Then</b>
						<span class="bdd-step-name">Then clicks on "Total" column on Debt Management</span>
							<div class='pre'>skipped</div>
					</li>
					<li test-id='45' class='node then skip' status='skip'><b>Then</b>
						<span class="bdd-step-name">Then "Total" should be in descending order</span>
						<ul class='screenshots right'>
							<li><a data-featherlight="image" href="F:\DRC-Automation\test-output\Mon Dec 31\screenshots\Validate the sorting functionality_184500.png"><i class='material-icons'>panorama</i></a></li>
						</ul>
							<div class='pre'>skipped</div>
					</li>
				</ul>
		</li>
	</ul>
</div>
<div class='scenariooutline node' test-id='46' status='pass'>
	<span class='duration right label'>0h 0m 17s+954ms</span>
	<div class='desc'>
		<b>ScenarioOutline</b>
		<span class="desc-text">Validate the Filter drop down functionality on Debt screen</span>
	</div>
	<ul class='steps'>
		<li test-id='47' class='node scenario pass' status='pass'>
			<div class='category-list'>
				<span class='category label white-text'>@DebtManagementUnAssignedDebt</span>
				<span class='category label white-text'>@mtc_05</span>
			</div>
			
			<b>Scenario</b>
			
			<span class="bdd-step-name">Validate the Filter drop down functionality on Debt screen</span>
			
				<ul class='steps'>
					<li test-id='48' class='node given pass' status='pass'><b>Given</b>
						<span class="bdd-step-name">Given "DRC_ATC_DebtManagement_Unassigned_05""Validate the Filter drop down functionality on Debt screen"DGI "<officer>""<uname>""<password>""<location>"should be logged in to the internal portal</span>
							<div class='pre'>passed</div>
					</li>
					<li test-id='49' class='node when pass' status='pass'><b>When</b>
						<span class="bdd-step-name">When clicked on Debt Management Module must be on Debt Management Module</span>
							<div class='pre'>passed</div>
					</li>
					<li test-id='50' class='node when pass' status='pass'><b>When</b>
						<span class="bdd-step-name">When Clicked on pending amount for "0-3 Months"</span>
							<div class='pre'>passed</div>
					</li>
					<li test-id='51' class='node then pass' status='pass'><b>Then</b>
						<span class="bdd-step-name">Then user is on Pending debts</span>
							<div class='pre'>passed</div>
					</li>
					<li test-id='52' class='node then pass' status='pass'><b>Then</b>
						<span class="bdd-step-name">Then Clicks on Filter dropdown button</span>
							<div class='pre'>passed</div>
					</li>
					<li test-id='53' class='node then pass' status='pass'><b>Then</b>
						<span class="bdd-step-name">Then Search by Nitva number"20181102044822580" and Records should be displayed</span>
						<ul class='screenshots right'>
							<li><a data-featherlight="image" href="F:\DRC-Automation\test-output\Mon Dec 31\screenshots\Validate the Filter drop down functionality on Debt screen_184700.png"><i class='material-icons'>panorama</i></a></li>
						</ul>
							<div class='pre'>passed</div>
					</li>
				</ul>
		</li>
	</ul>
</div>
<div class='scenariooutline node' test-id='54' status='pass'>
	<span class='duration right label'>0h 0m 19s+376ms</span>
	<div class='desc'>
		<b>ScenarioOutline</b>
		<span class="desc-text">Validate view icon functionality</span>
	</div>
	<ul class='steps'>
		<li test-id='55' class='node scenario pass' status='pass'>
			<div class='category-list'>
				<span class='category label white-text'>@mtc_14</span>
				<span class='category label white-text'>@DebtManagementUnAssignedDebt</span>
			</div>
			
			<b>Scenario</b>
			
			<span class="bdd-step-name">Validate view icon functionality</span>
			
				<ul class='steps'>
					<li test-id='56' class='node given pass' status='pass'><b>Given</b>
						<span class="bdd-step-name">Given "DRC_ATC_DebtManagement_Unassigned_14""Validate view icon functionality"DGI "<officer>""<uname>""<password>""<location>"should be logged in to the internal portal</span>
							<div class='pre'>passed</div>
					</li>
					<li test-id='57' class='node when pass' status='pass'><b>When</b>
						<span class="bdd-step-name">When clicked on Debt Management Module must be on Debt Management Module</span>
							<div class='pre'>passed</div>
					</li>
					<li test-id='58' class='node when pass' status='pass'><b>When</b>
						<span class="bdd-step-name">When Clicked on pending amount for "0-3 Months"</span>
							<div class='pre'>passed</div>
					</li>
					<li test-id='59' class='node then pass' status='pass'><b>Then</b>
						<span class="bdd-step-name">Then user is on Pending debts</span>
							<div class='pre'>passed</div>
					</li>
					<li test-id='60' class='node then pass' status='pass'><b>Then</b>
						<span class="bdd-step-name">Then user Clicks on View button on Debt Managemnt and is on Taxpayer profile</span>
							<div class='pre'>passed</div>
					</li>
					<li test-id='61' class='node and pass' status='pass'><b>And</b>
						<span class="bdd-step-name">And Clicks previous Button on Taxpayer profile and is on Debt Management</span>
						<ul class='screenshots right'>
							<li><a data-featherlight="image" href="F:\DRC-Automation\test-output\Mon Dec 31\screenshots\Validate view icon functionality_184719.png"><i class='material-icons'>panorama</i></a></li>
						</ul>
							<div class='pre'>passed</div>
					</li>
				</ul>
		</li>
	</ul>
</div>
<div class='scenariooutline node' test-id='62' status='pass'>
	<span class='duration right label'>0h 0m 19s+187ms</span>
	<div class='desc'>
		<b>ScenarioOutline</b>
		<span class="desc-text">Validate previous button functionality</span>
	</div>
	<ul class='steps'>
		<li test-id='63' class='node scenario pass' status='pass'>
			<div class='category-list'>
				<span class='category label white-text'>@mtc_12</span>
				<span class='category label white-text'>@DebtManagementUnAssignedDebt</span>
			</div>
			
			<b>Scenario</b>
			
			<span class="bdd-step-name">Validate previous button functionality</span>
			
				<ul class='steps'>
					<li test-id='64' class='node given pass' status='pass'><b>Given</b>
						<span class="bdd-step-name">Given "DRC_ATC_DebtManagement_Unassigned_12""Validate previous button functionality."DGI "<officer>""<uname>""<password>""<location>"should be logged in to the internal portal</span>
							<div class='pre'>passed</div>
					</li>
					<li test-id='65' class='node when pass' status='pass'><b>When</b>
						<span class="bdd-step-name">When clicked on Debt Management Module must be on Debt Management Module</span>
							<div class='pre'>passed</div>
					</li>
					<li test-id='66' class='node when pass' status='pass'><b>When</b>
						<span class="bdd-step-name">When Clicked on pending amount for "0-3 Months"</span>
							<div class='pre'>passed</div>
					</li>
					<li test-id='67' class='node then pass' status='pass'><b>Then</b>
						<span class="bdd-step-name">Then user is on Pending debts</span>
							<div class='pre'>passed</div>
					</li>
					<li test-id='68' class='node then pass' status='pass'><b>Then</b>
						<span class="bdd-step-name">Then user clicks on Previous Button on Debt Unassigned and is on Debt Management List</span>
						<ul class='screenshots right'>
							<li><a data-featherlight="image" href="F:\DRC-Automation\test-output\Mon Dec 31\screenshots\Validate previous button functionality_184739.png"><i class='material-icons'>panorama</i></a></li>
						</ul>
							<div class='pre'>passed</div>
					</li>
				</ul>
		</li>
	</ul>
</div>
<div class='scenariooutline node' test-id='69' status='pass'>
	<span class='duration right label'>0h 0m 17s+818ms</span>
	<div class='desc'>
		<b>ScenarioOutline</b>
		<span class="desc-text">Verify the total (FC) tile on list of Pending Debt Taxpayer</span>
	</div>
	<ul class='steps'>
		<li test-id='70' class='node scenario pass' status='pass'>
			<div class='category-list'>
				<span class='category label white-text'>@TotalAgeBracket</span>
				<span class='category label white-text'>@DebtManagementUnAssignedDebt</span>
				<span class='category label white-text'>@mtc_15</span>
			</div>
			
			<b>Scenario</b>
			
			<span class="bdd-step-name">Verify the total (FC) tile on list of Pending Debt Taxpayer</span>
			
				<ul class='steps'>
					<li test-id='71' class='node given pass' status='pass'><b>Given</b>
						<span class="bdd-step-name">Given "DRC_ATC_DebtManagement_Unassigned_15""Verify the total (FC) tile on list of Pending Debt Taxpayer."DGI "<officer>""<uname>""<password>""<location>"should be logged in to the internal portal</span>
							<div class='pre'>passed</div>
					</li>
					<li test-id='72' class='node when pass' status='pass'><b>When</b>
						<span class="bdd-step-name">When clicked on Debt Management Module must be on Debt Management Module</span>
							<div class='pre'>passed</div>
					</li>
					<li test-id='73' class='node when pass' status='pass'><b>When</b>
						<span class="bdd-step-name">When Clicked on pending amount for "0-3 Months"</span>
							<div class='pre'>passed</div>
					</li>
					<li test-id='74' class='node then pass' status='pass'><b>Then</b>
						<span class="bdd-step-name">Then user is on Pending debts</span>
							<div class='pre'>passed</div>
					</li>
					<li test-id='75' class='node then pass' status='pass'><b>Then</b>
						<span class="bdd-step-name">Then Total amount for that particular"0-3 Months" period  should  be displayed in  ageing bracket (FC) tile</span>
						<ul class='screenshots right'>
							<li><a data-featherlight="image" href="F:\DRC-Automation\test-output\Mon Dec 31\screenshots\Verify the total (FC) tile on list of Pending Debt Taxpayer_184759.png"><i class='material-icons'>panorama</i></a></li>
						</ul>
							<div class='pre'>passed</div>
					</li>
				</ul>
		</li>
	</ul>
</div>
<div class='scenariooutline node' test-id='76' status='pass'>
	<span class='duration right label'>0h 0m 17s+671ms</span>
	<div class='desc'>
		<b>ScenarioOutline</b>
		<span class="desc-text">Verify the Others (FC) tile on list of Pending Debt Taxpayer page</span>
	</div>
	<ul class='steps'>
		<li test-id='77' class='node scenario pass' status='pass'>
			<div class='category-list'>
				<span class='category label white-text'>@DebtManagementUnAssignedDebt</span>
				<span class='category label white-text'>@mtc_16</span>
				<span class='category label white-text'>@TotalOther</span>
			</div>
			
			<b>Scenario</b>
			
			<span class="bdd-step-name">Verify the Others (FC) tile on list of Pending Debt Taxpayer page</span>
			
				<ul class='steps'>
					<li test-id='78' class='node given pass' status='pass'><b>Given</b>
						<span class="bdd-step-name">Given "DRC_ATC_DebtManagement_Unassigned_16""Verify the Other (FC) tile on list of Pending Debt Taxpayer page"DGI "<officer>""<uname>""<password>""<location>"should be logged in to the internal portal</span>
							<div class='pre'>passed</div>
					</li>
					<li test-id='79' class='node when pass' status='pass'><b>When</b>
						<span class="bdd-step-name">When clicked on Debt Management Module must be on Debt Management Module</span>
							<div class='pre'>passed</div>
					</li>
					<li test-id='80' class='node when pass' status='pass'><b>When</b>
						<span class="bdd-step-name">When Clicked on pending amount for "0-3 Months"</span>
							<div class='pre'>passed</div>
					</li>
					<li test-id='81' class='node then pass' status='pass'><b>Then</b>
						<span class="bdd-step-name">Then user is on Pending debts</span>
							<div class='pre'>passed</div>
					</li>
					<li test-id='82' class='node then pass' status='pass'><b>Then</b>
						<span class="bdd-step-name">Then Total amount of remaining age bracket should  be displayed in Others (FC) tile</span>
						<ul class='screenshots right'>
							<li><a data-featherlight="image" href="F:\DRC-Automation\test-output\Mon Dec 31\screenshots\Verify the Others (FC) tile on list of Pending Debt Taxpayer page_184818.png"><i class='material-icons'>panorama</i></a></li>
						</ul>
							<div class='pre'>passed</div>
					</li>
				</ul>
		</li>
	</ul>
</div>
<div class='scenariooutline node' test-id='83' status='pass'>
	<span class='duration right label'>0h 0m 17s+43ms</span>
	<div class='desc'>
		<b>ScenarioOutline</b>
		<span class="desc-text">Verify the total (FC) tile on list of Pending Debt Taxpayer</span>
	</div>
	<ul class='steps'>
		<li test-id='84' class='node scenario pass' status='pass'>
			<div class='category-list'>
				<span class='category label white-text'>@DebtManagementUnAssignedDebt</span>
				<span class='category label white-text'>@mtc_17</span>
				<span class='category label white-text'>@Total</span>
			</div>
			
			<b>Scenario</b>
			
			<span class="bdd-step-name">Verify the total (FC) tile on list of Pending Debt Taxpayer</span>
			
				<ul class='steps'>
					<li test-id='85' class='node given pass' status='pass'><b>Given</b>
						<span class="bdd-step-name">Given "DRC_ATC_DebtManagement_Unassigned_17""Verify the total (FC) tile on list of Pending Debt Taxpayer."DGI "<officer>""<uname>""<password>""<location>"should be logged in to the internal portal</span>
							<div class='pre'>passed</div>
					</li>
					<li test-id='86' class='node when pass' status='pass'><b>When</b>
						<span class="bdd-step-name">When clicked on Debt Management Module must be on Debt Management Module</span>
							<div class='pre'>passed</div>
					</li>
					<li test-id='87' class='node when pass' status='pass'><b>When</b>
						<span class="bdd-step-name">When Clicked on pending amount for "0-3 Months"</span>
							<div class='pre'>passed</div>
					</li>
					<li test-id='88' class='node then pass' status='pass'><b>Then</b>
						<span class="bdd-step-name">Then user is on Pending debts</span>
							<div class='pre'>passed</div>
					</li>
					<li test-id='89' class='node then pass' status='pass'><b>Then</b>
						<span class="bdd-step-name">Then Total amount should  be displayed including respective "0-3 Months"ageing bracket (FC)+ Other (FC)</span>
						<ul class='screenshots right'>
							<li><a data-featherlight="image" href="F:\DRC-Automation\test-output\Mon Dec 31\screenshots\Verify the total (FC) tile on list of Pending Debt Taxpayer_184836.png"><i class='material-icons'>panorama</i></a></li>
						</ul>
							<div class='pre'>passed</div>
					</li>
				</ul>
		</li>
	</ul>
</div>
<div class='scenariooutline node' test-id='90' status='pass'>
	<span class='duration right label'>0h 0m 24s+946ms</span>
	<div class='desc'>
		<b>ScenarioOutline</b>
		<span class="desc-text">Validate the Search button functionality with only value in From field</span>
	</div>
	<ul class='steps'>
		<li test-id='91' class='node scenario pass' status='pass'>
			<div class='category-list'>
				<span class='category label white-text'>@DebtManagementUnAssignedDebt</span>
				<span class='category label white-text'>@mtc_07</span>
			</div>
			
			<b>Scenario</b>
			
			<span class="bdd-step-name">Validate the Search button functionality with only value in From field</span>
			
				<ul class='steps'>
					<li test-id='92' class='node given pass' status='pass'><b>Given</b>
						<span class="bdd-step-name">Given "DRC_ATC_DebtManagement_Unassigned_07""Validate the Search button functionality with only value in From field"DGI "<officer>""<uname>""<password>""<location>"should be logged in to the internal portal</span>
							<div class='pre'>passed</div>
					</li>
					<li test-id='93' class='node when pass' status='pass'><b>When</b>
						<span class="bdd-step-name">When clicked on Debt Management Module must be on Debt Management Module</span>
							<div class='pre'>passed</div>
					</li>
					<li test-id='94' class='node when pass' status='pass'><b>When</b>
						<span class="bdd-step-name">When Clicked on pending amount for "0-3 Months"</span>
							<div class='pre'>passed</div>
					</li>
					<li test-id='95' class='node then pass' status='pass'><b>Then</b>
						<span class="bdd-step-name">Then user is on Pending debts</span>
							<div class='pre'>passed</div>
					</li>
					<li test-id='96' class='node then pass' status='pass'><b>Then</b>
						<span class="bdd-step-name">Then Clicks on Filter dropdown button</span>
							<div class='pre'>passed</div>
					</li>
					<li test-id='97' class='node then pass' status='pass'><b>Then</b>
						<span class="bdd-step-name">Then Selects "0-3 Months" from debt age</span>
							<div class='pre'>passed</div>
					</li>
					<li test-id='98' class='node then pass' status='pass'><b>Then</b>
						<span class="bdd-step-name">Then Enter value "0"in the from value range</span>
							<div class='pre'>passed</div>
					</li>
					<li test-id='99' class='node then pass' status='pass'><b>Then</b>
						<span class="bdd-step-name">Then click on search button Records should be displayed in "0-3 Months" as per From "0" value</span>
						<ul class='screenshots right'>
							<li><a data-featherlight="image" href="F:\DRC-Automation\test-output\Mon Dec 31\screenshots\Validate the Search button functionality with only value in From field_184854.png"><i class='material-icons'>panorama</i></a></li>
						</ul>
							<div class='pre'>passed</div>
					</li>
				</ul>
		</li>
	</ul>
</div>
<div class='scenariooutline node' test-id='100' status='fail'>
	<span class='duration right label'>0h 1m 23s+696ms</span>
	<div class='desc'>
		<b>ScenarioOutline</b>
		<span class="desc-text">Validate the Search button functionality with only value in to field</span>
	</div>
	<ul class='steps'>
		<li test-id='101' class='node scenario fail' status='fail'>
			<div class='category-list'>
				<span class='category label white-text'>@DebtManagementUnAssignedDebt</span>
				<span class='category label white-text'>@mtc_08</span>
			</div>
			
			<b>Scenario</b>
			
			<span class="bdd-step-name">Validate the Search button functionality with only value in to field</span>
			
				<ul class='steps'>
					<li test-id='102' class='node given pass' status='pass'><b>Given</b>
						<span class="bdd-step-name">Given "DRC_ATC_DebtManagement_Unassigned_08""Validate the Search button functionality with only value in to field"DGI "<officer>""<uname>""<password>""<location>"should be logged in to the internal portal</span>
							<div class='pre'>passed</div>
					</li>
					<li test-id='103' class='node when pass' status='pass'><b>When</b>
						<span class="bdd-step-name">When clicked on Debt Management Module must be on Debt Management Module</span>
							<div class='pre'>passed</div>
					</li>
					<li test-id='104' class='node when pass' status='pass'><b>When</b>
						<span class="bdd-step-name">When Clicked on pending amount for "0-3 Months"</span>
							<div class='pre'>passed</div>
					</li>
					<li test-id='105' class='node then pass' status='pass'><b>Then</b>
						<span class="bdd-step-name">Then user is on Pending debts</span>
							<div class='pre'>passed</div>
					</li>
					<li test-id='106' class='node then pass' status='pass'><b>Then</b>
						<span class="bdd-step-name">Then Clicks on Filter dropdown button</span>
							<div class='pre'>passed</div>
					</li>
					<li test-id='107' class='node then pass' status='pass'><b>Then</b>
						<span class="bdd-step-name">Then Selects "0-3 Months" from debt age</span>
							<div class='pre'>passed</div>
					</li>
					<li test-id='108' class='node then pass' status='pass'><b>Then</b>
						<span class="bdd-step-name">Then Enter value "50000"in the to value range</span>
							<div class='pre'>passed</div>
					</li>
					<li test-id='109' class='node then fail' status='fail'><b>Then</b>
						<span class="bdd-step-name">Then click on search button Records should be displayed in "0-3 Months" as per To"50000" value</span>
						<ul class='screenshots right'>
							<li><a data-featherlight="image" href="F:\DRC-Automation\test-output\Mon Dec 31\screenshots\Validate the Search button functionality with only value in to field_184920.png"><i class='material-icons'>panorama</i></a></li>
						</ul>
							<div class='pre'><pre>org.openqa.selenium.TimeoutException: Expected condition failed: waiting for element to be clickable: By.xpath: //button[@title='search'] (tried for 60 second(s) with 500 milliseconds interval)
	at org.openqa.selenium.support.ui.WebDriverWait.timeoutException(WebDriverWait.java:81)
	at org.openqa.selenium.support.ui.FluentWait.until(FluentWait.java:271)
	at org.drc.vat.appmanager.HelperBase.clickOn(HelperBase.java:97)
	at org.drc.vat.StepDefinitions.DebtManagementUnassignedDebt.click_on_search_button_Records_should_be_displayed_in_as_per_To_value(DebtManagementUnassignedDebt.java:399)
	at ?.Then click on search button Records should be displayed in "0-3 Months" as per To"50000" value(features/33_DebtManagementUnassignedDebt.feature:179)
Caused by: org.openqa.selenium.NoSuchElementException: Cannot locate an element using By.xpath: //button[@title='search']
For documentation on this error, please visit: http://seleniumhq.org/exceptions/no_such_element.html
Build info: version: '3.11.0', revision: 'e59cfb3', time: '2018-03-11T20:26:55.152Z'
System info: host: '1R-22', ip: '172.16.3.22', os.name: 'Windows 10', os.arch: 'amd64', os.version: '10.0', java.version: '1.8.0_171'
Driver info: driver.version: unknown
	at org.openqa.selenium.support.ui.ExpectedConditions.lambda$findElement$0(ExpectedConditions.java:896)
	at java.util.Optional.orElseThrow(Unknown Source)
	at org.openqa.selenium.support.ui.ExpectedConditions.findElement(ExpectedConditions.java:895)
	at org.openqa.selenium.support.ui.ExpectedConditions.access$000(ExpectedConditions.java:44)
	at org.openqa.selenium.support.ui.ExpectedConditions$7.apply(ExpectedConditions.java:206)
	at org.openqa.selenium.support.ui.ExpectedConditions$7.apply(ExpectedConditions.java:202)
	at org.openqa.selenium.support.ui.ExpectedConditions$22.apply(ExpectedConditions.java:657)
	at org.openqa.selenium.support.ui.ExpectedConditions$22.apply(ExpectedConditions.java:654)
	at org.openqa.selenium.support.ui.FluentWait.until(FluentWait.java:248)
	at org.drc.vat.appmanager.HelperBase.clickOn(HelperBase.java:97)
	at org.drc.vat.StepDefinitions.DebtManagementUnassignedDebt.click_on_search_button_Records_should_be_displayed_in_as_per_To_value(DebtManagementUnassignedDebt.java:399)
	at sun.reflect.NativeMethodAccessorImpl.invoke0(Native Method)
	at sun.reflect.NativeMethodAccessorImpl.invoke(Unknown Source)
	at sun.reflect.DelegatingMethodAccessorImpl.invoke(Unknown Source)
	at java.lang.reflect.Method.invoke(Unknown Source)
	at cucumber.runtime.Utils$1.call(Utils.java:40)
	at cucumber.runtime.Timeout.timeout(Timeout.java:16)
	at cucumber.runtime.Utils.invoke(Utils.java:34)
	at cucumber.runtime.java.JavaStepDefinition.execute(JavaStepDefinition.java:38)
	at cucumber.runtime.StepDefinitionMatch.runStep(StepDefinitionMatch.java:37)
	at cucumber.runtime.Runtime.runStep(Runtime.java:300)
	at cucumber.runtime.model.StepContainer.runStep(StepContainer.java:44)
	at cucumber.runtime.model.StepContainer.runSteps(StepContainer.java:39)
	at cucumber.runtime.model.CucumberScenario.run(CucumberScenario.java:44)
	at cucumber.runtime.model.CucumberScenarioOutline.run(CucumberScenarioOutline.java:46)
	at cucumber.runtime.model.CucumberFeature.run(CucumberFeature.java:165)
	at cucumber.api.testng.TestNGCucumberRunner.runCucumber(TestNGCucumberRunner.java:63)
	at cucumber.api.testng.AbstractTestNGCucumberTests.feature(AbstractTestNGCucumberTests.java:21)
	at sun.reflect.NativeMethodAccessorImpl.invoke0(Native Method)
	at sun.reflect.NativeMethodAccessorImpl.invoke(Unknown Source)
	at sun.reflect.DelegatingMethodAccessorImpl.invoke(Unknown Source)
	at java.lang.reflect.Method.invoke(Unknown Source)
	at org.testng.internal.MethodInvocationHelper.invokeMethod(MethodInvocationHelper.java:86)
	at org.testng.internal.Invoker.invokeMethod(Invoker.java:643)
	at org.testng.internal.Invoker.invokeTestMethod(Invoker.java:820)
	at org.testng.internal.Invoker.invokeTestMethods(Invoker.java:1128)
	at org.testng.internal.TestMethodWorker.invokeTestMethods(TestMethodWorker.java:129)
	at org.testng.internal.TestMethodWorker.run(TestMethodWorker.java:112)
	at org.testng.TestRunner.privateRun(TestRunner.java:782)
	at org.testng.TestRunner.run(TestRunner.java:632)
	at org.testng.SuiteRunner.runTest(SuiteRunner.java:366)
	at org.testng.SuiteRunner.runSequentially(SuiteRunner.java:361)
	at org.testng.SuiteRunner.privateRun(SuiteRunner.java:319)
	at org.testng.SuiteRunner.run(SuiteRunner.java:268)
	at org.testng.SuiteRunnerWorker.runSuite(SuiteRunnerWorker.java:52)
	at org.testng.SuiteRunnerWorker.run(SuiteRunnerWorker.java:86)
	at org.testng.TestNG.runSuitesSequentially(TestNG.java:1244)
	at org.testng.TestNG.runSuitesLocally(TestNG.java:1169)
	at org.testng.TestNG.run(TestNG.java:1064)
	at org.testng.remote.AbstractRemoteTestNG.run(AbstractRemoteTestNG.java:114)
	at org.testng.remote.RemoteTestNG.initAndRun(RemoteTestNG.java:251)
	at org.testng.remote.RemoteTestNG.main(RemoteTestNG.java:77)
</pre></div>
					</li>
				</ul>
		</li>
	</ul>
</div>
<div class='scenariooutline node' test-id='110' status='pass'>
	<span class='duration right label'>0h 0m 17s+225ms</span>
	<div class='desc'>
		<b>ScenarioOutline</b>
		<span class="desc-text">Validate the Search button functionality</span>
	</div>
	<ul class='steps'>
		<li test-id='111' class='node scenario pass' status='pass'>
			<div class='category-list'>
				<span class='category label white-text'>@DebtManagementUnAssignedDebt</span>
				<span class='category label white-text'>@mtc_09</span>
			</div>
			
			<b>Scenario</b>
			
			<span class="bdd-step-name">Validate the Search button functionality</span>
			
				<ul class='steps'>
					<li test-id='112' class='node given pass' status='pass'><b>Given</b>
						<span class="bdd-step-name">Given "DRC_ATC_DebtManagement_Unassigned_09""Validate the Search button functionality"DGI "<officer>""<uname>""<password>""<location>"should be logged in to the internal portal</span>
							<div class='pre'>passed</div>
					</li>
					<li test-id='113' class='node when pass' status='pass'><b>When</b>
						<span class="bdd-step-name">When clicked on Debt Management Module must be on Debt Management Module</span>
							<div class='pre'>passed</div>
					</li>
					<li test-id='114' class='node when pass' status='pass'><b>When</b>
						<span class="bdd-step-name">When Clicked on pending amount for "0-3 Months"</span>
							<div class='pre'>passed</div>
					</li>
					<li test-id='115' class='node then pass' status='pass'><b>Then</b>
						<span class="bdd-step-name">Then user is on Pending debts</span>
							<div class='pre'>passed</div>
					</li>
					<li test-id='116' class='node then pass' status='pass'><b>Then</b>
						<span class="bdd-step-name">Then Clicks on Filter dropdown button</span>
							<div class='pre'>passed</div>
					</li>
					<li test-id='117' class='node then pass' status='pass'><b>Then</b>
						<span class="bdd-step-name">Then if keeps blank in From and To value range, Search button should be disabled</span>
						<ul class='screenshots right'>
							<li><a data-featherlight="image" href="F:\DRC-Automation\test-output\Mon Dec 31\screenshots\Validate the Search button functionality_185044.png"><i class='material-icons'>panorama</i></a></li>
						</ul>
							<div class='pre'>passed</div>
					</li>
				</ul>
		</li>
	</ul>
</div>
<div class='scenariooutline node' test-id='118' status='fail'>
	<span class='duration right label'>0h 1m 24s+636ms</span>
	<div class='desc'>
		<b>ScenarioOutline</b>
		<span class="desc-text">Validate the Reset button functionality</span>
	</div>
	<ul class='steps'>
		<li test-id='119' class='node scenario fail' status='fail'>
			<div class='category-list'>
				<span class='category label white-text'>@DebtManagementUnAssignedDebt</span>
				<span class='category label white-text'>@mtc_06</span>
			</div>
			
			<b>Scenario</b>
			
			<span class="bdd-step-name">Validate the Reset button functionality</span>
			
				<ul class='steps'>
					<li test-id='120' class='node given pass' status='pass'><b>Given</b>
						<span class="bdd-step-name">Given "DRC_ATC_DebtManagement_Unassigned_06""Validate the Reset button functionality"DGI "<officer>""<uname>""<password>""<location>"should be logged in to the internal portal</span>
							<div class='pre'>passed</div>
					</li>
					<li test-id='121' class='node when pass' status='pass'><b>When</b>
						<span class="bdd-step-name">When clicked on Debt Management Module must be on Debt Management Module</span>
							<div class='pre'>passed</div>
					</li>
					<li test-id='122' class='node when pass' status='pass'><b>When</b>
						<span class="bdd-step-name">When Clicked on pending amount for "0-3 Months"</span>
							<div class='pre'>passed</div>
					</li>
					<li test-id='123' class='node then pass' status='pass'><b>Then</b>
						<span class="bdd-step-name">Then user is on Pending debts</span>
							<div class='pre'>passed</div>
					</li>
					<li test-id='124' class='node then fail' status='fail'><b>Then</b>
						<span class="bdd-step-name">Then user enters uses first records in the to filter the records click again on filter option to reset the previously filtered records</span>
						<ul class='screenshots right'>
							<li><a data-featherlight="image" href="F:\DRC-Automation\test-output\Mon Dec 31\screenshots\Validate the Reset button functionality_185102.png"><i class='material-icons'>panorama</i></a></li>
						</ul>
							<div class='pre'><pre>org.openqa.selenium.TimeoutException: Expected condition failed: waiting for element to be clickable: By.xpath: //button[@title='search'] (tried for 60 second(s) with 500 milliseconds interval)
	at org.openqa.selenium.support.ui.WebDriverWait.timeoutException(WebDriverWait.java:81)
	at org.openqa.selenium.support.ui.FluentWait.until(FluentWait.java:271)
	at org.drc.vat.appmanager.HelperBase.clickOn(HelperBase.java:97)
	at org.drc.vat.StepDefinitions.DebtManagementUnassignedDebt.user_enters_uses_first_records_in_the_to_filter_the_records_click_again_on_filter_option_to_reset_the_previously_filtered_records(DebtManagementUnassignedDebt.java:455)
	at ?.Then user enters uses first records in the to filter the records click again on filter option to reset the previously filtered records(features/33_DebtManagementUnassignedDebt.feature:204)
Caused by: org.openqa.selenium.NoSuchElementException: Cannot locate an element using By.xpath: //button[@title='search']
For documentation on this error, please visit: http://seleniumhq.org/exceptions/no_such_element.html
Build info: version: '3.11.0', revision: 'e59cfb3', time: '2018-03-11T20:26:55.152Z'
System info: host: '1R-22', ip: '172.16.3.22', os.name: 'Windows 10', os.arch: 'amd64', os.version: '10.0', java.version: '1.8.0_171'
Driver info: driver.version: unknown
	at org.openqa.selenium.support.ui.ExpectedConditions.lambda$findElement$0(ExpectedConditions.java:896)
	at java.util.Optional.orElseThrow(Unknown Source)
	at org.openqa.selenium.support.ui.ExpectedConditions.findElement(ExpectedConditions.java:895)
	at org.openqa.selenium.support.ui.ExpectedConditions.access$000(ExpectedConditions.java:44)
	at org.openqa.selenium.support.ui.ExpectedConditions$7.apply(ExpectedConditions.java:206)
	at org.openqa.selenium.support.ui.ExpectedConditions$7.apply(ExpectedConditions.java:202)
	at org.openqa.selenium.support.ui.ExpectedConditions$22.apply(ExpectedConditions.java:657)
	at org.openqa.selenium.support.ui.ExpectedConditions$22.apply(ExpectedConditions.java:654)
	at org.openqa.selenium.support.ui.FluentWait.until(FluentWait.java:248)
	at org.drc.vat.appmanager.HelperBase.clickOn(HelperBase.java:97)
	at org.drc.vat.StepDefinitions.DebtManagementUnassignedDebt.user_enters_uses_first_records_in_the_to_filter_the_records_click_again_on_filter_option_to_reset_the_previously_filtered_records(DebtManagementUnassignedDebt.java:455)
	at sun.reflect.NativeMethodAccessorImpl.invoke0(Native Method)
	at sun.reflect.NativeMethodAccessorImpl.invoke(Unknown Source)
	at sun.reflect.DelegatingMethodAccessorImpl.invoke(Unknown Source)
	at java.lang.reflect.Method.invoke(Unknown Source)
	at cucumber.runtime.Utils$1.call(Utils.java:40)
	at cucumber.runtime.Timeout.timeout(Timeout.java:16)
	at cucumber.runtime.Utils.invoke(Utils.java:34)
	at cucumber.runtime.java.JavaStepDefinition.execute(JavaStepDefinition.java:38)
	at cucumber.runtime.StepDefinitionMatch.runStep(StepDefinitionMatch.java:37)
	at cucumber.runtime.Runtime.runStep(Runtime.java:300)
	at cucumber.runtime.model.StepContainer.runStep(StepContainer.java:44)
	at cucumber.runtime.model.StepContainer.runSteps(StepContainer.java:39)
	at cucumber.runtime.model.CucumberScenario.run(CucumberScenario.java:44)
	at cucumber.runtime.model.CucumberScenarioOutline.run(CucumberScenarioOutline.java:46)
	at cucumber.runtime.model.CucumberFeature.run(CucumberFeature.java:165)
	at cucumber.api.testng.TestNGCucumberRunner.runCucumber(TestNGCucumberRunner.java:63)
	at cucumber.api.testng.AbstractTestNGCucumberTests.feature(AbstractTestNGCucumberTests.java:21)
	at sun.reflect.NativeMethodAccessorImpl.invoke0(Native Method)
	at sun.reflect.NativeMethodAccessorImpl.invoke(Unknown Source)
	at sun.reflect.DelegatingMethodAccessorImpl.invoke(Unknown Source)
	at java.lang.reflect.Method.invoke(Unknown Source)
	at org.testng.internal.MethodInvocationHelper.invokeMethod(MethodInvocationHelper.java:86)
	at org.testng.internal.Invoker.invokeMethod(Invoker.java:643)
	at org.testng.internal.Invoker.invokeTestMethod(Invoker.java:820)
	at org.testng.internal.Invoker.invokeTestMethods(Invoker.java:1128)
	at org.testng.internal.TestMethodWorker.invokeTestMethods(TestMethodWorker.java:129)
	at org.testng.internal.TestMethodWorker.run(TestMethodWorker.java:112)
	at org.testng.TestRunner.privateRun(TestRunner.java:782)
	at org.testng.TestRunner.run(TestRunner.java:632)
	at org.testng.SuiteRunner.runTest(SuiteRunner.java:366)
	at org.testng.SuiteRunner.runSequentially(SuiteRunner.java:361)
	at org.testng.SuiteRunner.privateRun(SuiteRunner.java:319)
	at org.testng.SuiteRunner.run(SuiteRunner.java:268)
	at org.testng.SuiteRunnerWorker.runSuite(SuiteRunnerWorker.java:52)
	at org.testng.SuiteRunnerWorker.run(SuiteRunnerWorker.java:86)
	at org.testng.TestNG.runSuitesSequentially(TestNG.java:1244)
	at org.testng.TestNG.runSuitesLocally(TestNG.java:1169)
	at org.testng.TestNG.run(TestNG.java:1064)
	at org.testng.remote.AbstractRemoteTestNG.run(AbstractRemoteTestNG.java:114)
	at org.testng.remote.RemoteTestNG.initAndRun(RemoteTestNG.java:251)
	at org.testng.remote.RemoteTestNG.main(RemoteTestNG.java:77)
</pre></div>
					</li>
				</ul>
		</li>
	</ul>
</div>
<div class='scenariooutline node' test-id='125' status='fail'>
	<span class='duration right label'>0h 0m 18s+142ms</span>
	<div class='desc'>
		<b>ScenarioOutline</b>
		<span class="desc-text">Verify the tax payer details columns (NITVA, Tax payer Name, City)</span>
	</div>
	<ul class='steps'>
		<li test-id='126' class='node scenario fail' status='fail'>
			<div class='category-list'>
				<span class='category label white-text'>@columnverify</span>
				<span class='category label white-text'>@mtc_13</span>
				<span class='category label white-text'>@DebtManagementUnAssignedDebt</span>
			</div>
			
			<b>Scenario</b>
			
			<span class="bdd-step-name">Verify the tax payer details columns (NITVA, Tax payer Name, City)</span>
			
				<ul class='steps'>
					<li test-id='127' class='node given pass' status='pass'><b>Given</b>
						<span class="bdd-step-name">Given "DRC_ATC_DebtManagement_Unassigned_13""Verify the tax payer details columns (NITVA, Tax payer Name, City)"DGI "<officer>""<uname>""<password>""<location>"should be logged in to the internal portal</span>
							<div class='pre'>passed</div>
					</li>
					<li test-id='128' class='node when pass' status='pass'><b>When</b>
						<span class="bdd-step-name">When clicked on Debt Management Module must be on Debt Management Module</span>
							<div class='pre'>passed</div>
					</li>
					<li test-id='129' class='node when pass' status='pass'><b>When</b>
						<span class="bdd-step-name">When Clicked on pending amount for "0-3 Months"</span>
							<div class='pre'>passed</div>
					</li>
					<li test-id='130' class='node then pass' status='pass'><b>Then</b>
						<span class="bdd-step-name">Then user is on Pending debts</span>
							<div class='pre'>passed</div>
					</li>
					<li test-id='131' class='node then fail' status='fail'><b>Then</b>
						<span class="bdd-step-name">Then Column should be "NITVA" "TaxPayer" "City" "0-3 Months" "Others" "Total" "View"</span>
						<ul class='screenshots right'>
							<li><a data-featherlight="image" href="F:\DRC-Automation\test-output\Mon Dec 31\screenshots\Verify the tax payer details columns (NITVA, Tax payer Name, City)_185228.png"><i class='material-icons'>panorama</i></a></li>
						</ul>
							<div class='pre'><pre>org.openqa.selenium.NoSuchElementException: no such element: Unable to locate element: {"method":"xpath","selector":"//th[9]"}
  (Session info: chrome=71.0.3578.98)
  (Driver info: chromedriver=2.43.600210 (68dcf5eebde37173d4027fa8635e332711d2874a),platform=Windows NT 10.0.17134 x86_64) (WARNING: The server did not provide any stacktrace information)
Command duration or timeout: 0 milliseconds
For documentation on this error, please visit: http://seleniumhq.org/exceptions/no_such_element.html
Build info: version: '3.11.0', revision: 'e59cfb3', time: '2018-03-11T20:26:55.152Z'
System info: host: '1R-22', ip: '172.16.3.22', os.name: 'Windows 10', os.arch: 'amd64', os.version: '10.0', java.version: '1.8.0_171'
Driver info: org.openqa.selenium.chrome.ChromeDriver
Capabilities {acceptInsecureCerts: false, acceptSslCerts: false, applicationCacheEnabled: false, browserConnectionEnabled: false, browserName: chrome, chrome: {chromedriverVersion: 2.43.600210 (68dcf5eebde371..., userDataDir: C:\Users\SRIJO~1.VAL\AppDat...}, cssSelectorsEnabled: true, databaseEnabled: false, goog:chromeOptions: {debuggerAddress: localhost:50003}, handlesAlerts: true, hasTouchScreen: false, javascriptEnabled: true, locationContextEnabled: true, mobileEmulationEnabled: false, nativeEvents: true, networkConnectionEnabled: false, pageLoadStrategy: normal, platform: XP, platformName: XP, rotatable: false, setWindowRect: true, takesHeapSnapshot: true, takesScreenshot: true, unexpectedAlertBehaviour: , unhandledPromptBehavior: , version: 71.0.3578.98, webStorageEnabled: true}
Session ID: eb137ea849b64a709d3f0e3be6a114cb
*** Element info: {Using=xpath, value=//th[9]}
	at sun.reflect.NativeConstructorAccessorImpl.newInstance0(Native Method)
	at sun.reflect.NativeConstructorAccessorImpl.newInstance(Unknown Source)
	at sun.reflect.DelegatingConstructorAccessorImpl.newInstance(Unknown Source)
	at java.lang.reflect.Constructor.newInstance(Unknown Source)
	at org.openqa.selenium.remote.ErrorHandler.createThrowable(ErrorHandler.java:214)
	at org.openqa.selenium.remote.ErrorHandler.throwIfResponseFailed(ErrorHandler.java:166)
	at org.openqa.selenium.remote.http.JsonHttpResponseCodec.reconstructValue(JsonHttpResponseCodec.java:40)
	at org.openqa.selenium.remote.http.AbstractHttpResponseCodec.decode(AbstractHttpResponseCodec.java:80)
	at org.openqa.selenium.remote.http.AbstractHttpResponseCodec.decode(AbstractHttpResponseCodec.java:44)
	at org.openqa.selenium.remote.HttpCommandExecutor.execute(HttpCommandExecutor.java:158)
	at org.openqa.selenium.remote.service.DriverCommandExecutor.execute(DriverCommandExecutor.java:83)
	at org.openqa.selenium.remote.RemoteWebDriver.execute(RemoteWebDriver.java:545)
	at org.openqa.selenium.remote.RemoteWebDriver.findElement(RemoteWebDriver.java:319)
	at org.openqa.selenium.remote.RemoteWebDriver.findElementByXPath(RemoteWebDriver.java:421)
	at org.openqa.selenium.By$ByXPath.findElement(By.java:361)
	at org.openqa.selenium.remote.RemoteWebDriver.findElement(RemoteWebDriver.java:311)
	at org.drc.vat.appmanager.HelperBase.elementText(HelperBase.java:309)
	at org.drc.vat.StepDefinitions.DebtManagementUnassignedDebt.column_should_be(DebtManagementUnassignedDebt.java:344)
	at ?.Then Column should be "NITVA" "TaxPayer" "City" "0-3 Months" "Others" "Total" "View"(features/33_DebtManagementUnassignedDebt.feature:216)
</pre></div>
					</li>
				</ul>
		</li>
	</ul>
</div>
<div class='scenariooutline node' test-id='132' status='fail'>
	<span class='duration right label'>0h 0m 20s+428ms</span>
	<div class='desc'>
		<b>ScenarioOutline</b>
		<span class="desc-text">Validate the pagination functionality</span>
	</div>
	<ul class='steps'>
		<li test-id='133' class='node scenario fail' status='fail'>
			<div class='category-list'>
				<span class='category label white-text'>@mtc_11</span>
				<span class='category label white-text'>@DebtManagementUnAssignedDebt</span>
			</div>
			
			<b>Scenario</b>
			
			<span class="bdd-step-name">Validate the pagination functionality</span>
			
				<ul class='steps'>
					<li test-id='134' class='node given pass' status='pass'><b>Given</b>
						<span class="bdd-step-name">Given "DRC_ATC_DebtManagement_Unassigned_11""Validate the pagination functionality"DGI "<officer>""<uname>""<password>""<location>"should be logged in to the internal portal</span>
							<div class='pre'>passed</div>
					</li>
					<li test-id='135' class='node when pass' status='pass'><b>When</b>
						<span class="bdd-step-name">When clicked on Debt Management Module must be on Debt Management Module</span>
							<div class='pre'>passed</div>
					</li>
					<li test-id='136' class='node when pass' status='pass'><b>When</b>
						<span class="bdd-step-name">When Clicked on pending amount for "0-3 Months"</span>
							<div class='pre'>passed</div>
					</li>
					<li test-id='137' class='node then pass' status='pass'><b>Then</b>
						<span class="bdd-step-name">Then user is on Pending debts</span>
							<div class='pre'>passed</div>
					</li>
					<li test-id='138' class='node then pass' status='pass'><b>Then</b>
						<span class="bdd-step-name">Then Click on Last button on debt pending it should be on last page</span>
							<div class='pre'>passed</div>
					</li>
					<li test-id='139' class='node then pass' status='pass'><b>Then</b>
						<span class="bdd-step-name">Then click on First button it should be on First page of pending debt</span>
							<div class='pre'>passed</div>
					</li>
					<li test-id='140' class='node then fail' status='fail'><b>Then</b>
						<span class="bdd-step-name">Then click on next button it should be second page of pendign debt</span>
							<div class='pre'><textarea>org.openqa.selenium.WebDriverException: unknown error: Element <a class="page-link rounded" tabindex="1">...</a> is not clickable at point (1002, 911). Other element would receive the click: <ul class="pagination justify-content-end mb-0">...</ul>
  (Session info: chrome=71.0.3578.98)
  (Driver info: chromedriver=2.43.600210 (68dcf5eebde37173d4027fa8635e332711d2874a),platform=Windows NT 10.0.17134 x86_64) (WARNING: The server did not provide any stacktrace information)
Command duration or timeout: 0 milliseconds
Build info: version: '3.11.0', revision: 'e59cfb3', time: '2018-03-11T20:26:55.152Z'
System info: host: '1R-22', ip: '172.16.3.22', os.name: 'Windows 10', os.arch: 'amd64', os.version: '10.0', java.version: '1.8.0_171'
Driver info: org.openqa.selenium.chrome.ChromeDriver
Capabilities {acceptInsecureCerts: false, acceptSslCerts: false, applicationCacheEnabled: false, browserConnectionEnabled: false, browserName: chrome, chrome: {chromedriverVersion: 2.43.600210 (68dcf5eebde371..., userDataDir: C:\Users\SRIJO~1.VAL\AppDat...}, cssSelectorsEnabled: true, databaseEnabled: false, goog:chromeOptions: {debuggerAddress: localhost:50003}, handlesAlerts: true, hasTouchScreen: false, javascriptEnabled: true, locationContextEnabled: true, mobileEmulationEnabled: false, nativeEvents: true, networkConnectionEnabled: false, pageLoadStrategy: normal, platform: XP, platformName: XP, rotatable: false, setWindowRect: true, takesHeapSnapshot: true, takesScreenshot: true, unexpectedAlertBehaviour: , unhandledPromptBehavior: , version: 71.0.3578.98, webStorageEnabled: true}
Session ID: eb137ea849b64a709d3f0e3be6a114cb
	at sun.reflect.NativeConstructorAccessorImpl.newInstance0(Native Method)
	at sun.reflect.NativeConstructorAccessorImpl.newInstance(Unknown Source)
	at sun.reflect.DelegatingConstructorAccessorImpl.newInstance(Unknown Source)
	at java.lang.reflect.Constructor.newInstance(Unknown Source)
	at org.openqa.selenium.remote.ErrorHandler.createThrowable(ErrorHandler.java:214)
	at org.openqa.selenium.remote.ErrorHandler.throwIfResponseFailed(ErrorHandler.java:166)
	at org.openqa.selenium.remote.http.JsonHttpResponseCodec.reconstructValue(JsonHttpResponseCodec.java:40)
	at org.openqa.selenium.remote.http.AbstractHttpResponseCodec.decode(AbstractHttpResponseCodec.java:80)
	at org.openqa.selenium.remote.http.AbstractHttpResponseCodec.decode(AbstractHttpResponseCodec.java:44)
	at org.openqa.selenium.remote.HttpCommandExecutor.execute(HttpCommandExecutor.java:158)
	at org.openqa.selenium.remote.service.DriverCommandExecutor.execute(DriverCommandExecutor.java:83)
	at org.openqa.selenium.remote.RemoteWebDriver.execute(RemoteWebDriver.java:545)
	at org.openqa.selenium.remote.RemoteWebElement.execute(RemoteWebElement.java:279)
	at org.openqa.selenium.remote.RemoteWebElement.click(RemoteWebElement.java:83)
	at org.drc.vat.StepDefinitions.DebtManagementUnassignedDebt.click_on_next_button_it_should_be_second_page_of_pendign_debt(DebtManagementUnassignedDebt.java:489)
	at ?.Then click on next button it should be second page of pendign debt(features/33_DebtManagementUnassignedDebt.feature:230)
</textarea></div>
					</li>
					<li test-id='141' class='node then skip' status='skip'><b>Then</b>
						<span class="bdd-step-name">Then Click on previous button it should be First page of pending Debt</span>
						<ul class='screenshots right'>
							<li><a data-featherlight="image" href="F:\DRC-Automation\test-output\Mon Dec 31\screenshots\Validate the pagination functionality_185247.png"><i class='material-icons'>panorama</i></a></li>
						</ul>
							<div class='pre'>skipped</div>
					</li>
				</ul>
		</li>
	</ul>
</div>
<div class='scenariooutline node' test-id='142' status='fail'>
	<span class='duration right label'>0h 0m 22s+104ms</span>
	<div class='desc'>
		<b>ScenarioOutline</b>
		<span class="desc-text">Validate Assign officer button functionality</span>
	</div>
	<ul class='steps'>
		<li test-id='143' class='node scenario fail' status='fail'>
			<div class='category-list'>
				<span class='category label white-text'>@mtc_10</span>
				<span class='category label white-text'>@DebtManagementUnAssignedDebt</span>
				<span class='category label white-text'>@mtc18</span>
			</div>
			
			<b>Scenario</b>
			
			<span class="bdd-step-name">Validate Assign officer button functionality</span>
			
				<ul class='steps'>
					<li test-id='144' class='node given pass' status='pass'><b>Given</b>
						<span class="bdd-step-name">Given "DRC_ATC_DebtManagement_Unassigned_10""Validate Assign officer button functionality"DGI "<officer>""<uname>""<password>""<location>"should be logged in to the internal portal</span>
							<div class='pre'>passed</div>
					</li>
					<li test-id='145' class='node when pass' status='pass'><b>When</b>
						<span class="bdd-step-name">When clicked on Debt Management Module must be on Debt Management Module</span>
							<div class='pre'>passed</div>
					</li>
					<li test-id='146' class='node when pass' status='pass'><b>When</b>
						<span class="bdd-step-name">When Clicked on pending amount for "0-3 Months"</span>
							<div class='pre'>passed</div>
					</li>
					<li test-id='147' class='node then pass' status='pass'><b>Then</b>
						<span class="bdd-step-name">Then user is on Pending debts</span>
							<div class='pre'>passed</div>
					</li>
					<li test-id='148' class='node then pass' status='pass'><b>Then</b>
						<span class="bdd-step-name">Then user selects all the records for assigning all the records should be selected</span>
							<div class='pre'>passed</div>
					</li>
					<li test-id='149' class='node then pass' status='pass'><b>Then</b>
						<span class="bdd-step-name">Then click on assign button</span>
							<div class='pre'>passed</div>
					</li>
					<li test-id='150' class='node then fail' status='fail'><b>Then</b>
						<span class="bdd-step-name">Then click on save button ,It should be disabled</span>
						<ul class='screenshots right'>
							<li><a data-featherlight="image" href="F:\DRC-Automation\test-output\Mon Dec 31\screenshots\Validate Assign officer button functionality_185308.png"><i class='material-icons'>panorama</i></a></li>
						</ul>
							<div class='pre'><pre>org.openqa.selenium.NoSuchElementException: no such element: Unable to locate element: {"method":"xpath","selector":"btn_dsave"}
  (Session info: chrome=71.0.3578.98)
  (Driver info: chromedriver=2.43.600210 (68dcf5eebde37173d4027fa8635e332711d2874a),platform=Windows NT 10.0.17134 x86_64) (WARNING: The server did not provide any stacktrace information)
Command duration or timeout: 0 milliseconds
For documentation on this error, please visit: http://seleniumhq.org/exceptions/no_such_element.html
Build info: version: '3.11.0', revision: 'e59cfb3', time: '2018-03-11T20:26:55.152Z'
System info: host: '1R-22', ip: '172.16.3.22', os.name: 'Windows 10', os.arch: 'amd64', os.version: '10.0', java.version: '1.8.0_171'
Driver info: org.openqa.selenium.chrome.ChromeDriver
Capabilities {acceptInsecureCerts: false, acceptSslCerts: false, applicationCacheEnabled: false, browserConnectionEnabled: false, browserName: chrome, chrome: {chromedriverVersion: 2.43.600210 (68dcf5eebde371..., userDataDir: C:\Users\SRIJO~1.VAL\AppDat...}, cssSelectorsEnabled: true, databaseEnabled: false, goog:chromeOptions: {debuggerAddress: localhost:50003}, handlesAlerts: true, hasTouchScreen: false, javascriptEnabled: true, locationContextEnabled: true, mobileEmulationEnabled: false, nativeEvents: true, networkConnectionEnabled: false, pageLoadStrategy: normal, platform: XP, platformName: XP, rotatable: false, setWindowRect: true, takesHeapSnapshot: true, takesScreenshot: true, unexpectedAlertBehaviour: , unhandledPromptBehavior: , version: 71.0.3578.98, webStorageEnabled: true}
Session ID: eb137ea849b64a709d3f0e3be6a114cb
*** Element info: {Using=xpath, value=btn_dsave}
	at sun.reflect.NativeConstructorAccessorImpl.newInstance0(Native Method)
	at sun.reflect.NativeConstructorAccessorImpl.newInstance(Unknown Source)
	at sun.reflect.DelegatingConstructorAccessorImpl.newInstance(Unknown Source)
	at java.lang.reflect.Constructor.newInstance(Unknown Source)
	at org.openqa.selenium.remote.ErrorHandler.createThrowable(ErrorHandler.java:214)
	at org.openqa.selenium.remote.ErrorHandler.throwIfResponseFailed(ErrorHandler.java:166)
	at org.openqa.selenium.remote.http.JsonHttpResponseCodec.reconstructValue(JsonHttpResponseCodec.java:40)
	at org.openqa.selenium.remote.http.AbstractHttpResponseCodec.decode(AbstractHttpResponseCodec.java:80)
	at org.openqa.selenium.remote.http.AbstractHttpResponseCodec.decode(AbstractHttpResponseCodec.java:44)
	at org.openqa.selenium.remote.HttpCommandExecutor.execute(HttpCommandExecutor.java:158)
	at org.openqa.selenium.remote.service.DriverCommandExecutor.execute(DriverCommandExecutor.java:83)
	at org.openqa.selenium.remote.RemoteWebDriver.execute(RemoteWebDriver.java:545)
	at org.openqa.selenium.remote.RemoteWebDriver.findElement(RemoteWebDriver.java:319)
	at org.openqa.selenium.remote.RemoteWebDriver.findElementByXPath(RemoteWebDriver.java:421)
	at org.openqa.selenium.By$ByXPath.findElement(By.java:361)
	at org.openqa.selenium.remote.RemoteWebDriver.findElement(RemoteWebDriver.java:311)
	at org.drc.vat.StepDefinitions.DebtManagementUnassignedDebt.click_on_save_button_It_should_be_disabled(DebtManagementUnassignedDebt.java:523)
	at ?.Then click on save button ,It should be disabled(features/33_DebtManagementUnassignedDebt.feature:245)
</pre></div>
					</li>
				</ul>
		</li>
	</ul>
</div>
<div class='scenariooutline node' test-id='151' status='fail'>
	<span class='duration right label'>0h 0m 5s+683ms</span>
	<div class='desc'>
		<b>ScenarioOutline</b>
		<span class="desc-text">Validate the assign officer button functionality with valid data</span>
	</div>
	<ul class='steps'>
		<li test-id='152' class='node scenario fail' status='fail'>
			<div class='category-list'>
				<span class='category label white-text'>@mtc_02</span>
				<span class='category label white-text'>@DebtManagementUnAssignedDebt</span>
			</div>
			
			<b>Scenario</b>
			
			<span class="bdd-step-name">Validate the assign officer button functionality with valid data</span>
			
				<ul class='steps'>
					<li test-id='153' class='node given pass' status='pass'><b>Given</b>
						<span class="bdd-step-name">Given "DRC_ATC_DebtManagement_Unassigned_02""Validate the assign officer button functionality with valid data"DGI "<officer>""<uname>""<password>""<location>"should be logged in to the internal portal</span>
							<div class='pre'>passed</div>
					</li>
					<li test-id='154' class='node when fail' status='fail'><b>When</b>
						<span class="bdd-step-name">When clicked on Debt Management Module must be on Debt Management Module</span>
							<div class='pre'><textarea>org.openqa.selenium.WebDriverException: unknown error: Element <a _ngcontent-c7="" class="d-flex td-none align-items-center flex-nowrap d-block w-100 icon-container ng-tns-c7-9 ng-star-inserted" ng-reflect-router-link="debt-management" href="/debt-management">...</a> is not clickable at point (125, 468). Other element would receive the click: <modal-container class="modal fade show" role="dialog" tabindex="-1" style="display: block;" aria-modal="true">...</modal-container>
  (Session info: chrome=71.0.3578.98)
  (Driver info: chromedriver=2.43.600210 (68dcf5eebde37173d4027fa8635e332711d2874a),platform=Windows NT 10.0.17134 x86_64) (WARNING: The server did not provide any stacktrace information)
Command duration or timeout: 0 milliseconds
Build info: version: '3.11.0', revision: 'e59cfb3', time: '2018-03-11T20:26:55.152Z'
System info: host: '1R-22', ip: '172.16.3.22', os.name: 'Windows 10', os.arch: 'amd64', os.version: '10.0', java.version: '1.8.0_171'
Driver info: org.openqa.selenium.chrome.ChromeDriver
Capabilities {acceptInsecureCerts: false, acceptSslCerts: false, applicationCacheEnabled: false, browserConnectionEnabled: false, browserName: chrome, chrome: {chromedriverVersion: 2.43.600210 (68dcf5eebde371..., userDataDir: C:\Users\SRIJO~1.VAL\AppDat...}, cssSelectorsEnabled: true, databaseEnabled: false, goog:chromeOptions: {debuggerAddress: localhost:50003}, handlesAlerts: true, hasTouchScreen: false, javascriptEnabled: true, locationContextEnabled: true, mobileEmulationEnabled: false, nativeEvents: true, networkConnectionEnabled: false, pageLoadStrategy: normal, platform: XP, platformName: XP, rotatable: false, setWindowRect: true, takesHeapSnapshot: true, takesScreenshot: true, unexpectedAlertBehaviour: , unhandledPromptBehavior: , version: 71.0.3578.98, webStorageEnabled: true}
Session ID: eb137ea849b64a709d3f0e3be6a114cb
	at sun.reflect.NativeConstructorAccessorImpl.newInstance0(Native Method)
	at sun.reflect.NativeConstructorAccessorImpl.newInstance(Unknown Source)
	at sun.reflect.DelegatingConstructorAccessorImpl.newInstance(Unknown Source)
	at java.lang.reflect.Constructor.newInstance(Unknown Source)
	at org.openqa.selenium.remote.ErrorHandler.createThrowable(ErrorHandler.java:214)
	at org.openqa.selenium.remote.ErrorHandler.throwIfResponseFailed(ErrorHandler.java:166)
	at org.openqa.selenium.remote.http.JsonHttpResponseCodec.reconstructValue(JsonHttpResponseCodec.java:40)
	at org.openqa.selenium.remote.http.AbstractHttpResponseCodec.decode(AbstractHttpResponseCodec.java:80)
	at org.openqa.selenium.remote.http.AbstractHttpResponseCodec.decode(AbstractHttpResponseCodec.java:44)
	at org.openqa.selenium.remote.HttpCommandExecutor.execute(HttpCommandExecutor.java:158)
	at org.openqa.selenium.remote.service.DriverCommandExecutor.execute(DriverCommandExecutor.java:83)
	at org.openqa.selenium.remote.RemoteWebDriver.execute(RemoteWebDriver.java:545)
	at org.openqa.selenium.remote.RemoteWebElement.execute(RemoteWebElement.java:279)
	at org.openqa.selenium.remote.RemoteWebElement.click(RemoteWebElement.java:83)
	at org.drc.vat.appmanager.HelperBase.clickOn(HelperBase.java:97)
	at org.drc.vat.StepDefinitions.DebtManagementLandingScreen.clicked_on_Debt_Management_Module_must_be_on_Debt_Management_Module(DebtManagementLandingScreen.java:77)
	at ?.When clicked on Debt Management Module must be on Debt Management Module(features/33_DebtManagementUnassignedDebt.feature:254)
</textarea></div>
					</li>
					<li test-id='155' class='node when skip' status='skip'><b>When</b>
						<span class="bdd-step-name">When Clicked on pending amount for "0-3 Months"</span>
							<div class='pre'>skipped</div>
					</li>
					<li test-id='156' class='node then skip' status='skip'><b>Then</b>
						<span class="bdd-step-name">Then user is on Pending debts</span>
							<div class='pre'>skipped</div>
					</li>
					<li test-id='157' class='node then skip' status='skip'><b>Then</b>
						<span class="bdd-step-name">Then user selects the user with Nitva "20180914110455648" and assigns to officer and is on Case Management</span>
						<ul class='screenshots right'>
							<li><a data-featherlight="image" href="F:\DRC-Automation\test-output\Mon Dec 31\screenshots\Validate the assign officer button functionality with valid data_185331.png"><i class='material-icons'>panorama</i></a></li>
						</ul>
							<div class='pre'>skipped</div>
					</li>
				</ul>
		</li>
	</ul>
</div>
					</div>
				</li>
			</ul>
		</div>
	</div>
	<!-- subview left -->

	<div class='subview-right left'>
		<div class='view-summary'>
			<h5 class='test-name'></h5>

			<div id='step-filters' class="right">
				<span class="blue-text" status="info" alt="info" title="info"><i class="material-icons">info_outline</i></span>
				<span class="green-text" status="pass" alt="pass" title="pass"><i class="material-icons">check_circle</i></span>
				<span class="red-text" status="fail" alt="fail" title="fail"><i class="material-icons">cancel</i></span>
				<span class="red-text text-darken-4" status="fatal" alt="fatal" title="fatal"><i class="material-icons">cancel</i></span>
				<span class="pink-text text-lighten-1" status="error" alt="error" title="error"><i class="material-icons">error</i></span>
				<span class="orange-text" alt="warning" status="warning" title="warning"><i class="material-icons">warning</i></span>
				<span class="teal-text" status="skip" alt="skip" title="skip"><i class="material-icons">redo</i></span>
				<span status="clear" alt="Clear filters" title="Clear filters"><i class="material-icons">clear</i></span>
			</div>
		</div>
	</div>
	<!-- subview right -->

</div>
<!-- test view -->
<div id='category-view' class='view hide'>

	<section id='controls'>
		<div class='controls grey lighten-4'>
			<!-- search -->
			<div class='chip transparent' alt='Search Tests' title='Search Tests'>
				<a href="#" class='search-div'>
					<i class='material-icons'>search</i> Search
				</a>
				
				<div class='input-field left hide'>
					<input id='search-tests' type='text' class='validate browser-default' placeholder='Search Tests...'>
				</div>
				
			</div>
			<!-- search -->
		</div>
	</section>

	<div class='subview-left left'>
		
		<div class='view-summary'>
			<h5>Categories</h3>
			<ul id='category-collection' class='category-collection'>
				
				<li class='category displayed active'>
					<div class='category-heading'>
						<span class='category-name'>@DebtManagementUnAssignedDebt</span>
						<span class='category-status right'>
							<span class='label pass'>10</span>
							<span class='label fail'>8</span>
						</span>
					</div>
					<div class='category-content hide'>
						<div class='category-status-counts'>
							<span class='label green accent-4 white-text'>Passed: 10</span>
							<span class='label red lighten-1 white-text'>Failed: 8</span>
							
						</div>
					
						<div class='category-tests'>
							<table class='bordered table-results'>
								<thead>
									<tr>
										<th>Timestamp</th>
										<th>TestName</th>
										<th>Status</th>
									</tr>
								</thead>
								<tbody>
									<tr>
										<td>Dec 31, 2018 06:44:03 PM</td>
										<td class='linked' test-id='1'>The Supervisor can assign the collection officer the pending amount from the TaxPayer</td>
										<td><span class='test-status fail'>fail</span></td>
									</tr>
									<tr>
										<td>Dec 31, 2018 06:44:03 PM</td>
										<td class='linked' test-id='3'>The Supervisor can assign the collection officer the pending amount from the TaxPayer.Validate the close (X) icon functionality on officer selection Pop-up internal portal.Validate the close (X) icon functionality on officer selection Pop-up internal portal</td>
										<td><span class='test-status pass'>pass</span></td>
									</tr>
									<tr>
										<td>Dec 31, 2018 06:44:43 PM</td>
										<td class='linked' test-id='10'>The Supervisor can assign the collection officer the pending amount from the TaxPayer.Validate the date picker functionality..Validate the date picker functionality.</td>
										<td><span class='test-status pass'>pass</span></td>
									</tr>
									<tr>
										<td>Dec 31, 2018 06:45:00 PM</td>
										<td class='linked' test-id='17'>The Supervisor can assign the collection officer the pending amount from the TaxPayer.Validate the sorting functionality.Validate the sorting functionality</td>
										<td><span class='test-status fail'>fail</span></td>
									</tr>
									<tr>
										<td>Dec 31, 2018 06:47:00 PM</td>
										<td class='linked' test-id='47'>The Supervisor can assign the collection officer the pending amount from the TaxPayer.Validate the Filter drop down functionality on Debt screen.Validate the Filter drop down functionality on Debt screen</td>
										<td><span class='test-status pass'>pass</span></td>
									</tr>
									<tr>
										<td>Dec 31, 2018 06:47:19 PM</td>
										<td class='linked' test-id='55'>The Supervisor can assign the collection officer the pending amount from the TaxPayer.Validate view icon functionality.Validate view icon functionality</td>
										<td><span class='test-status pass'>pass</span></td>
									</tr>
									<tr>
										<td>Dec 31, 2018 06:47:39 PM</td>
										<td class='linked' test-id='63'>The Supervisor can assign the collection officer the pending amount from the TaxPayer.Validate previous button functionality.Validate previous button functionality</td>
										<td><span class='test-status pass'>pass</span></td>
									</tr>
									<tr>
										<td>Dec 31, 2018 06:47:59 PM</td>
										<td class='linked' test-id='70'>The Supervisor can assign the collection officer the pending amount from the TaxPayer.Verify the total (FC) tile on list of Pending Debt Taxpayer.Verify the total (FC) tile on list of Pending Debt Taxpayer</td>
										<td><span class='test-status pass'>pass</span></td>
									</tr>
									<tr>
										<td>Dec 31, 2018 06:48:18 PM</td>
										<td class='linked' test-id='77'>The Supervisor can assign the collection officer the pending amount from the TaxPayer.Verify the Others (FC) tile on list of Pending Debt Taxpayer page.Verify the Others (FC) tile on list of Pending Debt Taxpayer page</td>
										<td><span class='test-status pass'>pass</span></td>
									</tr>
									<tr>
										<td>Dec 31, 2018 06:48:36 PM</td>
										<td class='linked' test-id='84'>The Supervisor can assign the collection officer the pending amount from the TaxPayer.Verify the total (FC) tile on list of Pending Debt Taxpayer.Verify the total (FC) tile on list of Pending Debt Taxpayer</td>
										<td><span class='test-status pass'>pass</span></td>
									</tr>
									<tr>
										<td>Dec 31, 2018 06:48:54 PM</td>
										<td class='linked' test-id='91'>The Supervisor can assign the collection officer the pending amount from the TaxPayer.Validate the Search button functionality with only value in From field.Validate the Search button functionality with only value in From field</td>
										<td><span class='test-status pass'>pass</span></td>
									</tr>
									<tr>
										<td>Dec 31, 2018 06:49:20 PM</td>
										<td class='linked' test-id='101'>The Supervisor can assign the collection officer the pending amount from the TaxPayer.Validate the Search button functionality with only value in to field.Validate the Search button functionality with only value in to field</td>
										<td><span class='test-status fail'>fail</span></td>
									</tr>
									<tr>
										<td>Dec 31, 2018 06:50:44 PM</td>
										<td class='linked' test-id='111'>The Supervisor can assign the collection officer the pending amount from the TaxPayer.Validate the Search button functionality.Validate the Search button functionality</td>
										<td><span class='test-status pass'>pass</span></td>
									</tr>
									<tr>
										<td>Dec 31, 2018 06:51:02 PM</td>
										<td class='linked' test-id='119'>The Supervisor can assign the collection officer the pending amount from the TaxPayer.Validate the Reset button functionality.Validate the Reset button functionality</td>
										<td><span class='test-status fail'>fail</span></td>
									</tr>
									<tr>
										<td>Dec 31, 2018 06:52:28 PM</td>
										<td class='linked' test-id='126'>The Supervisor can assign the collection officer the pending amount from the TaxPayer.Verify the tax payer details columns (NITVA, Tax payer Name, City).Verify the tax payer details columns (NITVA, Tax payer Name, City)</td>
										<td><span class='test-status fail'>fail</span></td>
									</tr>
									<tr>
										<td>Dec 31, 2018 06:52:47 PM</td>
										<td class='linked' test-id='133'>The Supervisor can assign the collection officer the pending amount from the TaxPayer.Validate the pagination functionality.Validate the pagination functionality</td>
										<td><span class='test-status fail'>fail</span></td>
									</tr>
									<tr>
										<td>Dec 31, 2018 06:53:08 PM</td>
										<td class='linked' test-id='143'>The Supervisor can assign the collection officer the pending amount from the TaxPayer.Validate Assign officer button functionality.Validate Assign officer button functionality</td>
										<td><span class='test-status fail'>fail</span></td>
									</tr>
									<tr>
										<td>Dec 31, 2018 06:53:31 PM</td>
										<td class='linked' test-id='152'>The Supervisor can assign the collection officer the pending amount from the TaxPayer.Validate the assign officer button functionality with valid data.Validate the assign officer button functionality with valid data</td>
										<td><span class='test-status fail'>fail</span></td>
									</tr>
								</tbody>
							</table>
						</div>
					</div>
				</li>
				<li class='category displayed active'>
					<div class='category-heading'>
						<span class='category-name'>@mtc_19</span>
						<span class='category-status right'>
							<span class='label pass'>1</span>
						</span>
					</div>
					<div class='category-content hide'>
						<div class='category-status-counts'>
							<span class='label green accent-4 white-text'>Passed: 1</span>
							
							
						</div>
					
						<div class='category-tests'>
							<table class='bordered table-results'>
								<thead>
									<tr>
										<th>Timestamp</th>
										<th>TestName</th>
										<th>Status</th>
									</tr>
								</thead>
								<tbody>
									<tr>
										<td>Dec 31, 2018 06:44:03 PM</td>
										<td class='linked' test-id='3'>The Supervisor can assign the collection officer the pending amount from the TaxPayer.Validate the close (X) icon functionality on officer selection Pop-up internal portal.Validate the close (X) icon functionality on officer selection Pop-up internal portal</td>
										<td><span class='test-status pass'>pass</span></td>
									</tr>
								</tbody>
							</table>
						</div>
					</div>
				</li>
				<li class='category displayed active'>
					<div class='category-heading'>
						<span class='category-name'>@mtc_03</span>
						<span class='category-status right'>
							<span class='label pass'>1</span>
						</span>
					</div>
					<div class='category-content hide'>
						<div class='category-status-counts'>
							<span class='label green accent-4 white-text'>Passed: 1</span>
							
							
						</div>
					
						<div class='category-tests'>
							<table class='bordered table-results'>
								<thead>
									<tr>
										<th>Timestamp</th>
										<th>TestName</th>
										<th>Status</th>
									</tr>
								</thead>
								<tbody>
									<tr>
										<td>Dec 31, 2018 06:44:43 PM</td>
										<td class='linked' test-id='10'>The Supervisor can assign the collection officer the pending amount from the TaxPayer.Validate the date picker functionality..Validate the date picker functionality.</td>
										<td><span class='test-status pass'>pass</span></td>
									</tr>
								</tbody>
							</table>
						</div>
					</div>
				</li>
				<li class='category displayed active'>
					<div class='category-heading'>
						<span class='category-name'>@mtc_04</span>
						<span class='category-status right'>
							<span class='label fail'>1</span>
						</span>
					</div>
					<div class='category-content hide'>
						<div class='category-status-counts'>
							
							<span class='label red lighten-1 white-text'>Failed: 1</span>
							
						</div>
					
						<div class='category-tests'>
							<table class='bordered table-results'>
								<thead>
									<tr>
										<th>Timestamp</th>
										<th>TestName</th>
										<th>Status</th>
									</tr>
								</thead>
								<tbody>
									<tr>
										<td>Dec 31, 2018 06:45:00 PM</td>
										<td class='linked' test-id='17'>The Supervisor can assign the collection officer the pending amount from the TaxPayer.Validate the sorting functionality.Validate the sorting functionality</td>
										<td><span class='test-status fail'>fail</span></td>
									</tr>
								</tbody>
							</table>
						</div>
					</div>
				</li>
				<li class='category displayed active'>
					<div class='category-heading'>
						<span class='category-name'>@mtc_05</span>
						<span class='category-status right'>
							<span class='label pass'>1</span>
						</span>
					</div>
					<div class='category-content hide'>
						<div class='category-status-counts'>
							<span class='label green accent-4 white-text'>Passed: 1</span>
							
							
						</div>
					
						<div class='category-tests'>
							<table class='bordered table-results'>
								<thead>
									<tr>
										<th>Timestamp</th>
										<th>TestName</th>
										<th>Status</th>
									</tr>
								</thead>
								<tbody>
									<tr>
										<td>Dec 31, 2018 06:47:00 PM</td>
										<td class='linked' test-id='47'>The Supervisor can assign the collection officer the pending amount from the TaxPayer.Validate the Filter drop down functionality on Debt screen.Validate the Filter drop down functionality on Debt screen</td>
										<td><span class='test-status pass'>pass</span></td>
									</tr>
								</tbody>
							</table>
						</div>
					</div>
				</li>
				<li class='category displayed active'>
					<div class='category-heading'>
						<span class='category-name'>@mtc_14</span>
						<span class='category-status right'>
							<span class='label pass'>1</span>
						</span>
					</div>
					<div class='category-content hide'>
						<div class='category-status-counts'>
							<span class='label green accent-4 white-text'>Passed: 1</span>
							
							
						</div>
					
						<div class='category-tests'>
							<table class='bordered table-results'>
								<thead>
									<tr>
										<th>Timestamp</th>
										<th>TestName</th>
										<th>Status</th>
									</tr>
								</thead>
								<tbody>
									<tr>
										<td>Dec 31, 2018 06:47:19 PM</td>
										<td class='linked' test-id='55'>The Supervisor can assign the collection officer the pending amount from the TaxPayer.Validate view icon functionality.Validate view icon functionality</td>
										<td><span class='test-status pass'>pass</span></td>
									</tr>
								</tbody>
							</table>
						</div>
					</div>
				</li>
				<li class='category displayed active'>
					<div class='category-heading'>
						<span class='category-name'>@mtc_12</span>
						<span class='category-status right'>
							<span class='label pass'>1</span>
						</span>
					</div>
					<div class='category-content hide'>
						<div class='category-status-counts'>
							<span class='label green accent-4 white-text'>Passed: 1</span>
							
							
						</div>
					
						<div class='category-tests'>
							<table class='bordered table-results'>
								<thead>
									<tr>
										<th>Timestamp</th>
										<th>TestName</th>
										<th>Status</th>
									</tr>
								</thead>
								<tbody>
									<tr>
										<td>Dec 31, 2018 06:47:39 PM</td>
										<td class='linked' test-id='63'>The Supervisor can assign the collection officer the pending amount from the TaxPayer.Validate previous button functionality.Validate previous button functionality</td>
										<td><span class='test-status pass'>pass</span></td>
									</tr>
								</tbody>
							</table>
						</div>
					</div>
				</li>
				<li class='category displayed active'>
					<div class='category-heading'>
						<span class='category-name'>@TotalAgeBracket</span>
						<span class='category-status right'>
							<span class='label pass'>1</span>
						</span>
					</div>
					<div class='category-content hide'>
						<div class='category-status-counts'>
							<span class='label green accent-4 white-text'>Passed: 1</span>
							
							
						</div>
					
						<div class='category-tests'>
							<table class='bordered table-results'>
								<thead>
									<tr>
										<th>Timestamp</th>
										<th>TestName</th>
										<th>Status</th>
									</tr>
								</thead>
								<tbody>
									<tr>
										<td>Dec 31, 2018 06:47:59 PM</td>
										<td class='linked' test-id='70'>The Supervisor can assign the collection officer the pending amount from the TaxPayer.Verify the total (FC) tile on list of Pending Debt Taxpayer.Verify the total (FC) tile on list of Pending Debt Taxpayer</td>
										<td><span class='test-status pass'>pass</span></td>
									</tr>
								</tbody>
							</table>
						</div>
					</div>
				</li>
				<li class='category displayed active'>
					<div class='category-heading'>
						<span class='category-name'>@mtc_15</span>
						<span class='category-status right'>
							<span class='label pass'>1</span>
						</span>
					</div>
					<div class='category-content hide'>
						<div class='category-status-counts'>
							<span class='label green accent-4 white-text'>Passed: 1</span>
							
							
						</div>
					
						<div class='category-tests'>
							<table class='bordered table-results'>
								<thead>
									<tr>
										<th>Timestamp</th>
										<th>TestName</th>
										<th>Status</th>
									</tr>
								</thead>
								<tbody>
									<tr>
										<td>Dec 31, 2018 06:47:59 PM</td>
										<td class='linked' test-id='70'>The Supervisor can assign the collection officer the pending amount from the TaxPayer.Verify the total (FC) tile on list of Pending Debt Taxpayer.Verify the total (FC) tile on list of Pending Debt Taxpayer</td>
										<td><span class='test-status pass'>pass</span></td>
									</tr>
								</tbody>
							</table>
						</div>
					</div>
				</li>
				<li class='category displayed active'>
					<div class='category-heading'>
						<span class='category-name'>@mtc_16</span>
						<span class='category-status right'>
							<span class='label pass'>1</span>
						</span>
					</div>
					<div class='category-content hide'>
						<div class='category-status-counts'>
							<span class='label green accent-4 white-text'>Passed: 1</span>
							
							
						</div>
					
						<div class='category-tests'>
							<table class='bordered table-results'>
								<thead>
									<tr>
										<th>Timestamp</th>
										<th>TestName</th>
										<th>Status</th>
									</tr>
								</thead>
								<tbody>
									<tr>
										<td>Dec 31, 2018 06:48:18 PM</td>
										<td class='linked' test-id='77'>The Supervisor can assign the collection officer the pending amount from the TaxPayer.Verify the Others (FC) tile on list of Pending Debt Taxpayer page.Verify the Others (FC) tile on list of Pending Debt Taxpayer page</td>
										<td><span class='test-status pass'>pass</span></td>
									</tr>
								</tbody>
							</table>
						</div>
					</div>
				</li>
				<li class='category displayed active'>
					<div class='category-heading'>
						<span class='category-name'>@TotalOther</span>
						<span class='category-status right'>
							<span class='label pass'>1</span>
						</span>
					</div>
					<div class='category-content hide'>
						<div class='category-status-counts'>
							<span class='label green accent-4 white-text'>Passed: 1</span>
							
							
						</div>
					
						<div class='category-tests'>
							<table class='bordered table-results'>
								<thead>
									<tr>
										<th>Timestamp</th>
										<th>TestName</th>
										<th>Status</th>
									</tr>
								</thead>
								<tbody>
									<tr>
										<td>Dec 31, 2018 06:48:18 PM</td>
										<td class='linked' test-id='77'>The Supervisor can assign the collection officer the pending amount from the TaxPayer.Verify the Others (FC) tile on list of Pending Debt Taxpayer page.Verify the Others (FC) tile on list of Pending Debt Taxpayer page</td>
										<td><span class='test-status pass'>pass</span></td>
									</tr>
								</tbody>
							</table>
						</div>
					</div>
				</li>
				<li class='category displayed active'>
					<div class='category-heading'>
						<span class='category-name'>@mtc_17</span>
						<span class='category-status right'>
							<span class='label pass'>1</span>
						</span>
					</div>
					<div class='category-content hide'>
						<div class='category-status-counts'>
							<span class='label green accent-4 white-text'>Passed: 1</span>
							
							
						</div>
					
						<div class='category-tests'>
							<table class='bordered table-results'>
								<thead>
									<tr>
										<th>Timestamp</th>
										<th>TestName</th>
										<th>Status</th>
									</tr>
								</thead>
								<tbody>
									<tr>
										<td>Dec 31, 2018 06:48:36 PM</td>
										<td class='linked' test-id='84'>The Supervisor can assign the collection officer the pending amount from the TaxPayer.Verify the total (FC) tile on list of Pending Debt Taxpayer.Verify the total (FC) tile on list of Pending Debt Taxpayer</td>
										<td><span class='test-status pass'>pass</span></td>
									</tr>
								</tbody>
							</table>
						</div>
					</div>
				</li>
				<li class='category displayed active'>
					<div class='category-heading'>
						<span class='category-name'>@Total</span>
						<span class='category-status right'>
							<span class='label pass'>1</span>
						</span>
					</div>
					<div class='category-content hide'>
						<div class='category-status-counts'>
							<span class='label green accent-4 white-text'>Passed: 1</span>
							
							
						</div>
					
						<div class='category-tests'>
							<table class='bordered table-results'>
								<thead>
									<tr>
										<th>Timestamp</th>
										<th>TestName</th>
										<th>Status</th>
									</tr>
								</thead>
								<tbody>
									<tr>
										<td>Dec 31, 2018 06:48:36 PM</td>
										<td class='linked' test-id='84'>The Supervisor can assign the collection officer the pending amount from the TaxPayer.Verify the total (FC) tile on list of Pending Debt Taxpayer.Verify the total (FC) tile on list of Pending Debt Taxpayer</td>
										<td><span class='test-status pass'>pass</span></td>
									</tr>
								</tbody>
							</table>
						</div>
					</div>
				</li>
				<li class='category displayed active'>
					<div class='category-heading'>
						<span class='category-name'>@mtc_07</span>
						<span class='category-status right'>
							<span class='label pass'>1</span>
						</span>
					</div>
					<div class='category-content hide'>
						<div class='category-status-counts'>
							<span class='label green accent-4 white-text'>Passed: 1</span>
							
							
						</div>
					
						<div class='category-tests'>
							<table class='bordered table-results'>
								<thead>
									<tr>
										<th>Timestamp</th>
										<th>TestName</th>
										<th>Status</th>
									</tr>
								</thead>
								<tbody>
									<tr>
										<td>Dec 31, 2018 06:48:54 PM</td>
										<td class='linked' test-id='91'>The Supervisor can assign the collection officer the pending amount from the TaxPayer.Validate the Search button functionality with only value in From field.Validate the Search button functionality with only value in From field</td>
										<td><span class='test-status pass'>pass</span></td>
									</tr>
								</tbody>
							</table>
						</div>
					</div>
				</li>
				<li class='category displayed active'>
					<div class='category-heading'>
						<span class='category-name'>@mtc_08</span>
						<span class='category-status right'>
							<span class='label fail'>1</span>
						</span>
					</div>
					<div class='category-content hide'>
						<div class='category-status-counts'>
							
							<span class='label red lighten-1 white-text'>Failed: 1</span>
							
						</div>
					
						<div class='category-tests'>
							<table class='bordered table-results'>
								<thead>
									<tr>
										<th>Timestamp</th>
										<th>TestName</th>
										<th>Status</th>
									</tr>
								</thead>
								<tbody>
									<tr>
										<td>Dec 31, 2018 06:49:20 PM</td>
										<td class='linked' test-id='101'>The Supervisor can assign the collection officer the pending amount from the TaxPayer.Validate the Search button functionality with only value in to field.Validate the Search button functionality with only value in to field</td>
										<td><span class='test-status fail'>fail</span></td>
									</tr>
								</tbody>
							</table>
						</div>
					</div>
				</li>
				<li class='category displayed active'>
					<div class='category-heading'>
						<span class='category-name'>@mtc_09</span>
						<span class='category-status right'>
							<span class='label pass'>1</span>
						</span>
					</div>
					<div class='category-content hide'>
						<div class='category-status-counts'>
							<span class='label green accent-4 white-text'>Passed: 1</span>
							
							
						</div>
					
						<div class='category-tests'>
							<table class='bordered table-results'>
								<thead>
									<tr>
										<th>Timestamp</th>
										<th>TestName</th>
										<th>Status</th>
									</tr>
								</thead>
								<tbody>
									<tr>
										<td>Dec 31, 2018 06:50:44 PM</td>
										<td class='linked' test-id='111'>The Supervisor can assign the collection officer the pending amount from the TaxPayer.Validate the Search button functionality.Validate the Search button functionality</td>
										<td><span class='test-status pass'>pass</span></td>
									</tr>
								</tbody>
							</table>
						</div>
					</div>
				</li>
				<li class='category displayed active'>
					<div class='category-heading'>
						<span class='category-name'>@mtc_06</span>
						<span class='category-status right'>
							<span class='label fail'>1</span>
						</span>
					</div>
					<div class='category-content hide'>
						<div class='category-status-counts'>
							
							<span class='label red lighten-1 white-text'>Failed: 1</span>
							
						</div>
					
						<div class='category-tests'>
							<table class='bordered table-results'>
								<thead>
									<tr>
										<th>Timestamp</th>
										<th>TestName</th>
										<th>Status</th>
									</tr>
								</thead>
								<tbody>
									<tr>
										<td>Dec 31, 2018 06:51:02 PM</td>
										<td class='linked' test-id='119'>The Supervisor can assign the collection officer the pending amount from the TaxPayer.Validate the Reset button functionality.Validate the Reset button functionality</td>
										<td><span class='test-status fail'>fail</span></td>
									</tr>
								</tbody>
							</table>
						</div>
					</div>
				</li>
				<li class='category displayed active'>
					<div class='category-heading'>
						<span class='category-name'>@columnverify</span>
						<span class='category-status right'>
							<span class='label fail'>1</span>
						</span>
					</div>
					<div class='category-content hide'>
						<div class='category-status-counts'>
							
							<span class='label red lighten-1 white-text'>Failed: 1</span>
							
						</div>
					
						<div class='category-tests'>
							<table class='bordered table-results'>
								<thead>
									<tr>
										<th>Timestamp</th>
										<th>TestName</th>
										<th>Status</th>
									</tr>
								</thead>
								<tbody>
									<tr>
										<td>Dec 31, 2018 06:52:28 PM</td>
										<td class='linked' test-id='126'>The Supervisor can assign the collection officer the pending amount from the TaxPayer.Verify the tax payer details columns (NITVA, Tax payer Name, City).Verify the tax payer details columns (NITVA, Tax payer Name, City)</td>
										<td><span class='test-status fail'>fail</span></td>
									</tr>
								</tbody>
							</table>
						</div>
					</div>
				</li>
				<li class='category displayed active'>
					<div class='category-heading'>
						<span class='category-name'>@mtc_13</span>
						<span class='category-status right'>
							<span class='label fail'>1</span>
						</span>
					</div>
					<div class='category-content hide'>
						<div class='category-status-counts'>
							
							<span class='label red lighten-1 white-text'>Failed: 1</span>
							
						</div>
					
						<div class='category-tests'>
							<table class='bordered table-results'>
								<thead>
									<tr>
										<th>Timestamp</th>
										<th>TestName</th>
										<th>Status</th>
									</tr>
								</thead>
								<tbody>
									<tr>
										<td>Dec 31, 2018 06:52:28 PM</td>
										<td class='linked' test-id='126'>The Supervisor can assign the collection officer the pending amount from the TaxPayer.Verify the tax payer details columns (NITVA, Tax payer Name, City).Verify the tax payer details columns (NITVA, Tax payer Name, City)</td>
										<td><span class='test-status fail'>fail</span></td>
									</tr>
								</tbody>
							</table>
						</div>
					</div>
				</li>
				<li class='category displayed active'>
					<div class='category-heading'>
						<span class='category-name'>@mtc_11</span>
						<span class='category-status right'>
							<span class='label fail'>1</span>
						</span>
					</div>
					<div class='category-content hide'>
						<div class='category-status-counts'>
							
							<span class='label red lighten-1 white-text'>Failed: 1</span>
							
						</div>
					
						<div class='category-tests'>
							<table class='bordered table-results'>
								<thead>
									<tr>
										<th>Timestamp</th>
										<th>TestName</th>
										<th>Status</th>
									</tr>
								</thead>
								<tbody>
									<tr>
										<td>Dec 31, 2018 06:52:47 PM</td>
										<td class='linked' test-id='133'>The Supervisor can assign the collection officer the pending amount from the TaxPayer.Validate the pagination functionality.Validate the pagination functionality</td>
										<td><span class='test-status fail'>fail</span></td>
									</tr>
								</tbody>
							</table>
						</div>
					</div>
				</li>
				<li class='category displayed active'>
					<div class='category-heading'>
						<span class='category-name'>@mtc_10</span>
						<span class='category-status right'>
							<span class='label fail'>1</span>
						</span>
					</div>
					<div class='category-content hide'>
						<div class='category-status-counts'>
							
							<span class='label red lighten-1 white-text'>Failed: 1</span>
							
						</div>
					
						<div class='category-tests'>
							<table class='bordered table-results'>
								<thead>
									<tr>
										<th>Timestamp</th>
										<th>TestName</th>
										<th>Status</th>
									</tr>
								</thead>
								<tbody>
									<tr>
										<td>Dec 31, 2018 06:53:08 PM</td>
										<td class='linked' test-id='143'>The Supervisor can assign the collection officer the pending amount from the TaxPayer.Validate Assign officer button functionality.Validate Assign officer button functionality</td>
										<td><span class='test-status fail'>fail</span></td>
									</tr>
								</tbody>
							</table>
						</div>
					</div>
				</li>
				<li class='category displayed active'>
					<div class='category-heading'>
						<span class='category-name'>@mtc18</span>
						<span class='category-status right'>
							<span class='label fail'>1</span>
						</span>
					</div>
					<div class='category-content hide'>
						<div class='category-status-counts'>
							
							<span class='label red lighten-1 white-text'>Failed: 1</span>
							
						</div>
					
						<div class='category-tests'>
							<table class='bordered table-results'>
								<thead>
									<tr>
										<th>Timestamp</th>
										<th>TestName</th>
										<th>Status</th>
									</tr>
								</thead>
								<tbody>
									<tr>
										<td>Dec 31, 2018 06:53:08 PM</td>
										<td class='linked' test-id='143'>The Supervisor can assign the collection officer the pending amount from the TaxPayer.Validate Assign officer button functionality.Validate Assign officer button functionality</td>
										<td><span class='test-status fail'>fail</span></td>
									</tr>
								</tbody>
							</table>
						</div>
					</div>
				</li>
				<li class='category displayed active'>
					<div class='category-heading'>
						<span class='category-name'>@mtc_02</span>
						<span class='category-status right'>
							<span class='label fail'>1</span>
						</span>
					</div>
					<div class='category-content hide'>
						<div class='category-status-counts'>
							
							<span class='label red lighten-1 white-text'>Failed: 1</span>
							
						</div>
					
						<div class='category-tests'>
							<table class='bordered table-results'>
								<thead>
									<tr>
										<th>Timestamp</th>
										<th>TestName</th>
										<th>Status</th>
									</tr>
								</thead>
								<tbody>
									<tr>
										<td>Dec 31, 2018 06:53:31 PM</td>
										<td class='linked' test-id='152'>The Supervisor can assign the collection officer the pending amount from the TaxPayer.Validate the assign officer button functionality with valid data.Validate the assign officer button functionality with valid data</td>
										<td><span class='test-status fail'>fail</span></td>
									</tr>
								</tbody>
							</table>
						</div>
					</div>
				</li>

			</ul>
		</div>
	</div>

	<div class='subview-right left'>
		<div class='view-summary'>
			<h5 class='category-name'></h5>
		</div>
	</div>
</div>
<!-- category view -->
<div id='exception-view' class='view hide'>

    <section id='controls'>
        <div class='controls grey lighten-4'>
            <!-- search -->
            <div class='chip transparent' alt='Search Tests' title='Search Tests'>
                <a href="#" class='search-div'>
                    <i class='material-icons'>search</i> Search
                </a>

                <div class='input-field left hide'>
                    <input id='search-tests' type='text' class='validate browser-default' placeholder='Search Tests...'>
                </div>

            </div>
            <!-- search -->
        </div>
    </section>

    <div class='subview-left left'>

        <div class='view-summary'>
            <h5>Exceptions</h3>
                <ul id='exception-collection' class='exception-collection'>

                        <li class='exception displayed active'>
                            <div class='exception-heading'>
                                <span class='exception-name'>org.openqa.selenium.TimeoutException</span>
                                <span class='exception-count right'><span class='label red lighten-1 white-text'>3</span></span>
                            </div>
                            <div class='exception-content hide'>
                                <div class='exception-tests'>
                                    <table class='bordered table-results'>
                                        <thead>
                                        <tr>
                                            <th>Timestamp</th>
                                            <th>TestName</th>
                                            <th>Status</th>
                                        </tr>
                                        </thead>
                                        <tbody>
                                                    <tr>
                                                        <td>Dec 31, 2018 06:45:57 PM</td>
                                                        <td class='linked' test-id='32'>The Supervisor can assign the collection officer the pending amount from the TaxPayer.Validate the sorting functionality.Validate the sorting functionality.Then clicks on "City" column on Debt Management</td>
                                                        <td><pre><pre>org.openqa.selenium.TimeoutException: Expected condition failed: waiting for element to be clickable: By.xpath: //table//span[text()='City']/following::span (tried for 60 second(s) with 500 milliseconds interval)
	at org.openqa.selenium.support.ui.WebDriverWait.timeoutException(WebDriverWait.java:81)
	at org.openqa.selenium.support.ui.FluentWait.until(FluentWait.java:271)
	at org.drc.vat.appmanager.HelperBase.clickOn(HelperBase.java:97)
	at org.drc.vat.StepDefinitions.DebtManagementUnassignedDebt.clicks_on_column_on_Debt_Management(DebtManagementUnassignedDebt.java:111)
	at ?.Then clicks on "City" column on Debt Management(features/33_DebtManagementUnassignedDebt.feature:62)
Caused by: org.openqa.selenium.NoSuchElementException: Cannot locate an element using By.xpath: //table//span[text()='City']/following::span
For documentation on this error, please visit: http://seleniumhq.org/exceptions/no_such_element.html
Build info: version: '3.11.0', revision: 'e59cfb3', time: '2018-03-11T20:26:55.152Z'
System info: host: '1R-22', ip: '172.16.3.22', os.name: 'Windows 10', os.arch: 'amd64', os.version: '10.0', java.version: '1.8.0_171'
Driver info: driver.version: unknown
	at org.openqa.selenium.support.ui.ExpectedConditions.lambda$findElement$0(ExpectedConditions.java:896)
	at java.util.Optional.orElseThrow(Unknown Source)
	at org.openqa.selenium.support.ui.ExpectedConditions.findElement(ExpectedConditions.java:895)
	at org.openqa.selenium.support.ui.ExpectedConditions.access$000(ExpectedConditions.java:44)
	at org.openqa.selenium.support.ui.ExpectedConditions$7.apply(ExpectedConditions.java:206)
	at org.openqa.selenium.support.ui.ExpectedConditions$7.apply(ExpectedConditions.java:202)
	at org.openqa.selenium.support.ui.ExpectedConditions$22.apply(ExpectedConditions.java:657)
	at org.openqa.selenium.support.ui.ExpectedConditions$22.apply(ExpectedConditions.java:654)
	at org.openqa.selenium.support.ui.FluentWait.until(FluentWait.java:248)
	at org.drc.vat.appmanager.HelperBase.clickOn(HelperBase.java:97)
	at org.drc.vat.StepDefinitions.DebtManagementUnassignedDebt.clicks_on_column_on_Debt_Management(DebtManagementUnassignedDebt.java:111)
	at sun.reflect.NativeMethodAccessorImpl.invoke0(Native Method)
	at sun.reflect.NativeMethodAccessorImpl.invoke(Unknown Source)
	at sun.reflect.DelegatingMethodAccessorImpl.invoke(Unknown Source)
	at java.lang.reflect.Method.invoke(Unknown Source)
	at cucumber.runtime.Utils$1.call(Utils.java:40)
	at cucumber.runtime.Timeout.timeout(Timeout.java:16)
	at cucumber.runtime.Utils.invoke(Utils.java:34)
	at cucumber.runtime.java.JavaStepDefinition.execute(JavaStepDefinition.java:38)
	at cucumber.runtime.StepDefinitionMatch.runStep(StepDefinitionMatch.java:37)
	at cucumber.runtime.Runtime.runStep(Runtime.java:300)
	at cucumber.runtime.model.StepContainer.runStep(StepContainer.java:44)
	at cucumber.runtime.model.StepContainer.runSteps(StepContainer.java:39)
	at cucumber.runtime.model.CucumberScenario.run(CucumberScenario.java:44)
	at cucumber.runtime.model.CucumberScenarioOutline.run(CucumberScenarioOutline.java:46)
	at cucumber.runtime.model.CucumberFeature.run(CucumberFeature.java:165)
	at cucumber.api.testng.TestNGCucumberRunner.runCucumber(TestNGCucumberRunner.java:63)
	at cucumber.api.testng.AbstractTestNGCucumberTests.feature(AbstractTestNGCucumberTests.java:21)
	at sun.reflect.NativeMethodAccessorImpl.invoke0(Native Method)
	at sun.reflect.NativeMethodAccessorImpl.invoke(Unknown Source)
	at sun.reflect.DelegatingMethodAccessorImpl.invoke(Unknown Source)
	at java.lang.reflect.Method.invoke(Unknown Source)
	at org.testng.internal.MethodInvocationHelper.invokeMethod(MethodInvocationHelper.java:86)
	at org.testng.internal.Invoker.invokeMethod(Invoker.java:643)
	at org.testng.internal.Invoker.invokeTestMethod(Invoker.java:820)
	at org.testng.internal.Invoker.invokeTestMethods(Invoker.java:1128)
	at org.testng.internal.TestMethodWorker.invokeTestMethods(TestMethodWorker.java:129)
	at org.testng.internal.TestMethodWorker.run(TestMethodWorker.java:112)
	at org.testng.TestRunner.privateRun(TestRunner.java:782)
	at org.testng.TestRunner.run(TestRunner.java:632)
	at org.testng.SuiteRunner.runTest(SuiteRunner.java:366)
	at org.testng.SuiteRunner.runSequentially(SuiteRunner.java:361)
	at org.testng.SuiteRunner.privateRun(SuiteRunner.java:319)
	at org.testng.SuiteRunner.run(SuiteRunner.java:268)
	at org.testng.SuiteRunnerWorker.runSuite(SuiteRunnerWorker.java:52)
	at org.testng.SuiteRunnerWorker.run(SuiteRunnerWorker.java:86)
	at org.testng.TestNG.runSuitesSequentially(TestNG.java:1244)
	at org.testng.TestNG.runSuitesLocally(TestNG.java:1169)
	at org.testng.TestNG.run(TestNG.java:1064)
	at org.testng.remote.AbstractRemoteTestNG.run(AbstractRemoteTestNG.java:114)
	at org.testng.remote.RemoteTestNG.initAndRun(RemoteTestNG.java:251)
	at org.testng.remote.RemoteTestNG.main(RemoteTestNG.java:77)
</pre></pre></td>
                                                    </tr>
                                                    <tr>
                                                        <td>Dec 31, 2018 06:49:42 PM</td>
                                                        <td class='linked' test-id='109'>The Supervisor can assign the collection officer the pending amount from the TaxPayer.Validate the Search button functionality with only value in to field.Validate the Search button functionality with only value in to field.Then click on search button Records should be displayed in "0-3 Months" as per To"50000" value</td>
                                                        <td><pre><pre>org.openqa.selenium.TimeoutException: Expected condition failed: waiting for element to be clickable: By.xpath: //button[@title='search'] (tried for 60 second(s) with 500 milliseconds interval)
	at org.openqa.selenium.support.ui.WebDriverWait.timeoutException(WebDriverWait.java:81)
	at org.openqa.selenium.support.ui.FluentWait.until(FluentWait.java:271)
	at org.drc.vat.appmanager.HelperBase.clickOn(HelperBase.java:97)
	at org.drc.vat.StepDefinitions.DebtManagementUnassignedDebt.click_on_search_button_Records_should_be_displayed_in_as_per_To_value(DebtManagementUnassignedDebt.java:399)
	at ?.Then click on search button Records should be displayed in "0-3 Months" as per To"50000" value(features/33_DebtManagementUnassignedDebt.feature:179)
Caused by: org.openqa.selenium.NoSuchElementException: Cannot locate an element using By.xpath: //button[@title='search']
For documentation on this error, please visit: http://seleniumhq.org/exceptions/no_such_element.html
Build info: version: '3.11.0', revision: 'e59cfb3', time: '2018-03-11T20:26:55.152Z'
System info: host: '1R-22', ip: '172.16.3.22', os.name: 'Windows 10', os.arch: 'amd64', os.version: '10.0', java.version: '1.8.0_171'
Driver info: driver.version: unknown
	at org.openqa.selenium.support.ui.ExpectedConditions.lambda$findElement$0(ExpectedConditions.java:896)
	at java.util.Optional.orElseThrow(Unknown Source)
	at org.openqa.selenium.support.ui.ExpectedConditions.findElement(ExpectedConditions.java:895)
	at org.openqa.selenium.support.ui.ExpectedConditions.access$000(ExpectedConditions.java:44)
	at org.openqa.selenium.support.ui.ExpectedConditions$7.apply(ExpectedConditions.java:206)
	at org.openqa.selenium.support.ui.ExpectedConditions$7.apply(ExpectedConditions.java:202)
	at org.openqa.selenium.support.ui.ExpectedConditions$22.apply(ExpectedConditions.java:657)
	at org.openqa.selenium.support.ui.ExpectedConditions$22.apply(ExpectedConditions.java:654)
	at org.openqa.selenium.support.ui.FluentWait.until(FluentWait.java:248)
	at org.drc.vat.appmanager.HelperBase.clickOn(HelperBase.java:97)
	at org.drc.vat.StepDefinitions.DebtManagementUnassignedDebt.click_on_search_button_Records_should_be_displayed_in_as_per_To_value(DebtManagementUnassignedDebt.java:399)
	at sun.reflect.NativeMethodAccessorImpl.invoke0(Native Method)
	at sun.reflect.NativeMethodAccessorImpl.invoke(Unknown Source)
	at sun.reflect.DelegatingMethodAccessorImpl.invoke(Unknown Source)
	at java.lang.reflect.Method.invoke(Unknown Source)
	at cucumber.runtime.Utils$1.call(Utils.java:40)
	at cucumber.runtime.Timeout.timeout(Timeout.java:16)
	at cucumber.runtime.Utils.invoke(Utils.java:34)
	at cucumber.runtime.java.JavaStepDefinition.execute(JavaStepDefinition.java:38)
	at cucumber.runtime.StepDefinitionMatch.runStep(StepDefinitionMatch.java:37)
	at cucumber.runtime.Runtime.runStep(Runtime.java:300)
	at cucumber.runtime.model.StepContainer.runStep(StepContainer.java:44)
	at cucumber.runtime.model.StepContainer.runSteps(StepContainer.java:39)
	at cucumber.runtime.model.CucumberScenario.run(CucumberScenario.java:44)
	at cucumber.runtime.model.CucumberScenarioOutline.run(CucumberScenarioOutline.java:46)
	at cucumber.runtime.model.CucumberFeature.run(CucumberFeature.java:165)
	at cucumber.api.testng.TestNGCucumberRunner.runCucumber(TestNGCucumberRunner.java:63)
	at cucumber.api.testng.AbstractTestNGCucumberTests.feature(AbstractTestNGCucumberTests.java:21)
	at sun.reflect.NativeMethodAccessorImpl.invoke0(Native Method)
	at sun.reflect.NativeMethodAccessorImpl.invoke(Unknown Source)
	at sun.reflect.DelegatingMethodAccessorImpl.invoke(Unknown Source)
	at java.lang.reflect.Method.invoke(Unknown Source)
	at org.testng.internal.MethodInvocationHelper.invokeMethod(MethodInvocationHelper.java:86)
	at org.testng.internal.Invoker.invokeMethod(Invoker.java:643)
	at org.testng.internal.Invoker.invokeTestMethod(Invoker.java:820)
	at org.testng.internal.Invoker.invokeTestMethods(Invoker.java:1128)
	at org.testng.internal.TestMethodWorker.invokeTestMethods(TestMethodWorker.java:129)
	at org.testng.internal.TestMethodWorker.run(TestMethodWorker.java:112)
	at org.testng.TestRunner.privateRun(TestRunner.java:782)
	at org.testng.TestRunner.run(TestRunner.java:632)
	at org.testng.SuiteRunner.runTest(SuiteRunner.java:366)
	at org.testng.SuiteRunner.runSequentially(SuiteRunner.java:361)
	at org.testng.SuiteRunner.privateRun(SuiteRunner.java:319)
	at org.testng.SuiteRunner.run(SuiteRunner.java:268)
	at org.testng.SuiteRunnerWorker.runSuite(SuiteRunnerWorker.java:52)
	at org.testng.SuiteRunnerWorker.run(SuiteRunnerWorker.java:86)
	at org.testng.TestNG.runSuitesSequentially(TestNG.java:1244)
	at org.testng.TestNG.runSuitesLocally(TestNG.java:1169)
	at org.testng.TestNG.run(TestNG.java:1064)
	at org.testng.remote.AbstractRemoteTestNG.run(AbstractRemoteTestNG.java:114)
	at org.testng.remote.RemoteTestNG.initAndRun(RemoteTestNG.java:251)
	at org.testng.remote.RemoteTestNG.main(RemoteTestNG.java:77)
</pre></pre></td>
                                                    </tr>
                                                    <tr>
                                                        <td>Dec 31, 2018 06:51:19 PM</td>
                                                        <td class='linked' test-id='124'>The Supervisor can assign the collection officer the pending amount from the TaxPayer.Validate the Reset button functionality.Validate the Reset button functionality.Then user enters uses first records in the to filter the records click again on filter option to reset the previously filtered records</td>
                                                        <td><pre><pre>org.openqa.selenium.TimeoutException: Expected condition failed: waiting for element to be clickable: By.xpath: //button[@title='search'] (tried for 60 second(s) with 500 milliseconds interval)
	at org.openqa.selenium.support.ui.WebDriverWait.timeoutException(WebDriverWait.java:81)
	at org.openqa.selenium.support.ui.FluentWait.until(FluentWait.java:271)
	at org.drc.vat.appmanager.HelperBase.clickOn(HelperBase.java:97)
	at org.drc.vat.StepDefinitions.DebtManagementUnassignedDebt.user_enters_uses_first_records_in_the_to_filter_the_records_click_again_on_filter_option_to_reset_the_previously_filtered_records(DebtManagementUnassignedDebt.java:455)
	at ?.Then user enters uses first records in the to filter the records click again on filter option to reset the previously filtered records(features/33_DebtManagementUnassignedDebt.feature:204)
Caused by: org.openqa.selenium.NoSuchElementException: Cannot locate an element using By.xpath: //button[@title='search']
For documentation on this error, please visit: http://seleniumhq.org/exceptions/no_such_element.html
Build info: version: '3.11.0', revision: 'e59cfb3', time: '2018-03-11T20:26:55.152Z'
System info: host: '1R-22', ip: '172.16.3.22', os.name: 'Windows 10', os.arch: 'amd64', os.version: '10.0', java.version: '1.8.0_171'
Driver info: driver.version: unknown
	at org.openqa.selenium.support.ui.ExpectedConditions.lambda$findElement$0(ExpectedConditions.java:896)
	at java.util.Optional.orElseThrow(Unknown Source)
	at org.openqa.selenium.support.ui.ExpectedConditions.findElement(ExpectedConditions.java:895)
	at org.openqa.selenium.support.ui.ExpectedConditions.access$000(ExpectedConditions.java:44)
	at org.openqa.selenium.support.ui.ExpectedConditions$7.apply(ExpectedConditions.java:206)
	at org.openqa.selenium.support.ui.ExpectedConditions$7.apply(ExpectedConditions.java:202)
	at org.openqa.selenium.support.ui.ExpectedConditions$22.apply(ExpectedConditions.java:657)
	at org.openqa.selenium.support.ui.ExpectedConditions$22.apply(ExpectedConditions.java:654)
	at org.openqa.selenium.support.ui.FluentWait.until(FluentWait.java:248)
	at org.drc.vat.appmanager.HelperBase.clickOn(HelperBase.java:97)
	at org.drc.vat.StepDefinitions.DebtManagementUnassignedDebt.user_enters_uses_first_records_in_the_to_filter_the_records_click_again_on_filter_option_to_reset_the_previously_filtered_records(DebtManagementUnassignedDebt.java:455)
	at sun.reflect.NativeMethodAccessorImpl.invoke0(Native Method)
	at sun.reflect.NativeMethodAccessorImpl.invoke(Unknown Source)
	at sun.reflect.DelegatingMethodAccessorImpl.invoke(Unknown Source)
	at java.lang.reflect.Method.invoke(Unknown Source)
	at cucumber.runtime.Utils$1.call(Utils.java:40)
	at cucumber.runtime.Timeout.timeout(Timeout.java:16)
	at cucumber.runtime.Utils.invoke(Utils.java:34)
	at cucumber.runtime.java.JavaStepDefinition.execute(JavaStepDefinition.java:38)
	at cucumber.runtime.StepDefinitionMatch.runStep(StepDefinitionMatch.java:37)
	at cucumber.runtime.Runtime.runStep(Runtime.java:300)
	at cucumber.runtime.model.StepContainer.runStep(StepContainer.java:44)
	at cucumber.runtime.model.StepContainer.runSteps(StepContainer.java:39)
	at cucumber.runtime.model.CucumberScenario.run(CucumberScenario.java:44)
	at cucumber.runtime.model.CucumberScenarioOutline.run(CucumberScenarioOutline.java:46)
	at cucumber.runtime.model.CucumberFeature.run(CucumberFeature.java:165)
	at cucumber.api.testng.TestNGCucumberRunner.runCucumber(TestNGCucumberRunner.java:63)
	at cucumber.api.testng.AbstractTestNGCucumberTests.feature(AbstractTestNGCucumberTests.java:21)
	at sun.reflect.NativeMethodAccessorImpl.invoke0(Native Method)
	at sun.reflect.NativeMethodAccessorImpl.invoke(Unknown Source)
	at sun.reflect.DelegatingMethodAccessorImpl.invoke(Unknown Source)
	at java.lang.reflect.Method.invoke(Unknown Source)
	at org.testng.internal.MethodInvocationHelper.invokeMethod(MethodInvocationHelper.java:86)
	at org.testng.internal.Invoker.invokeMethod(Invoker.java:643)
	at org.testng.internal.Invoker.invokeTestMethod(Invoker.java:820)
	at org.testng.internal.Invoker.invokeTestMethods(Invoker.java:1128)
	at org.testng.internal.TestMethodWorker.invokeTestMethods(TestMethodWorker.java:129)
	at org.testng.internal.TestMethodWorker.run(TestMethodWorker.java:112)
	at org.testng.TestRunner.privateRun(TestRunner.java:782)
	at org.testng.TestRunner.run(TestRunner.java:632)
	at org.testng.SuiteRunner.runTest(SuiteRunner.java:366)
	at org.testng.SuiteRunner.runSequentially(SuiteRunner.java:361)
	at org.testng.SuiteRunner.privateRun(SuiteRunner.java:319)
	at org.testng.SuiteRunner.run(SuiteRunner.java:268)
	at org.testng.SuiteRunnerWorker.runSuite(SuiteRunnerWorker.java:52)
	at org.testng.SuiteRunnerWorker.run(SuiteRunnerWorker.java:86)
	at org.testng.TestNG.runSuitesSequentially(TestNG.java:1244)
	at org.testng.TestNG.runSuitesLocally(TestNG.java:1169)
	at org.testng.TestNG.run(TestNG.java:1064)
	at org.testng.remote.AbstractRemoteTestNG.run(AbstractRemoteTestNG.java:114)
	at org.testng.remote.RemoteTestNG.initAndRun(RemoteTestNG.java:251)
	at org.testng.remote.RemoteTestNG.main(RemoteTestNG.java:77)
</pre></pre></td>
                                                    </tr>
                                        </tbody>
                                    </table>
                                </div>
                            </div>
                        </li>
                        <li class='exception displayed active'>
                            <div class='exception-heading'>
                                <span class='exception-name'>org.openqa.selenium.NoSuchElementException</span>
                                <span class='exception-count right'><span class='label red lighten-1 white-text'>2</span></span>
                            </div>
                            <div class='exception-content hide'>
                                <div class='exception-tests'>
                                    <table class='bordered table-results'>
                                        <thead>
                                        <tr>
                                            <th>Timestamp</th>
                                            <th>TestName</th>
                                            <th>Status</th>
                                        </tr>
                                        </thead>
                                        <tbody>
                                                    <tr>
                                                        <td>Dec 31, 2018 06:52:45 PM</td>
                                                        <td class='linked' test-id='131'>The Supervisor can assign the collection officer the pending amount from the TaxPayer.Verify the tax payer details columns (NITVA, Tax payer Name, City).Verify the tax payer details columns (NITVA, Tax payer Name, City).Then Column should be "NITVA" "TaxPayer" "City" "0-3 Months" "Others" "Total" "View"</td>
                                                        <td><pre><pre>org.openqa.selenium.NoSuchElementException: no such element: Unable to locate element: {"method":"xpath","selector":"//th[9]"}
  (Session info: chrome=71.0.3578.98)
  (Driver info: chromedriver=2.43.600210 (68dcf5eebde37173d4027fa8635e332711d2874a),platform=Windows NT 10.0.17134 x86_64) (WARNING: The server did not provide any stacktrace information)
Command duration or timeout: 0 milliseconds
For documentation on this error, please visit: http://seleniumhq.org/exceptions/no_such_element.html
Build info: version: '3.11.0', revision: 'e59cfb3', time: '2018-03-11T20:26:55.152Z'
System info: host: '1R-22', ip: '172.16.3.22', os.name: 'Windows 10', os.arch: 'amd64', os.version: '10.0', java.version: '1.8.0_171'
Driver info: org.openqa.selenium.chrome.ChromeDriver
Capabilities {acceptInsecureCerts: false, acceptSslCerts: false, applicationCacheEnabled: false, browserConnectionEnabled: false, browserName: chrome, chrome: {chromedriverVersion: 2.43.600210 (68dcf5eebde371..., userDataDir: C:\Users\SRIJO~1.VAL\AppDat...}, cssSelectorsEnabled: true, databaseEnabled: false, goog:chromeOptions: {debuggerAddress: localhost:50003}, handlesAlerts: true, hasTouchScreen: false, javascriptEnabled: true, locationContextEnabled: true, mobileEmulationEnabled: false, nativeEvents: true, networkConnectionEnabled: false, pageLoadStrategy: normal, platform: XP, platformName: XP, rotatable: false, setWindowRect: true, takesHeapSnapshot: true, takesScreenshot: true, unexpectedAlertBehaviour: , unhandledPromptBehavior: , version: 71.0.3578.98, webStorageEnabled: true}
Session ID: eb137ea849b64a709d3f0e3be6a114cb
*** Element info: {Using=xpath, value=//th[9]}
	at sun.reflect.NativeConstructorAccessorImpl.newInstance0(Native Method)
	at sun.reflect.NativeConstructorAccessorImpl.newInstance(Unknown Source)
	at sun.reflect.DelegatingConstructorAccessorImpl.newInstance(Unknown Source)
	at java.lang.reflect.Constructor.newInstance(Unknown Source)
	at org.openqa.selenium.remote.ErrorHandler.createThrowable(ErrorHandler.java:214)
	at org.openqa.selenium.remote.ErrorHandler.throwIfResponseFailed(ErrorHandler.java:166)
	at org.openqa.selenium.remote.http.JsonHttpResponseCodec.reconstructValue(JsonHttpResponseCodec.java:40)
	at org.openqa.selenium.remote.http.AbstractHttpResponseCodec.decode(AbstractHttpResponseCodec.java:80)
	at org.openqa.selenium.remote.http.AbstractHttpResponseCodec.decode(AbstractHttpResponseCodec.java:44)
	at org.openqa.selenium.remote.HttpCommandExecutor.execute(HttpCommandExecutor.java:158)
	at org.openqa.selenium.remote.service.DriverCommandExecutor.execute(DriverCommandExecutor.java:83)
	at org.openqa.selenium.remote.RemoteWebDriver.execute(RemoteWebDriver.java:545)
	at org.openqa.selenium.remote.RemoteWebDriver.findElement(RemoteWebDriver.java:319)
	at org.openqa.selenium.remote.RemoteWebDriver.findElementByXPath(RemoteWebDriver.java:421)
	at org.openqa.selenium.By$ByXPath.findElement(By.java:361)
	at org.openqa.selenium.remote.RemoteWebDriver.findElement(RemoteWebDriver.java:311)
	at org.drc.vat.appmanager.HelperBase.elementText(HelperBase.java:309)
	at org.drc.vat.StepDefinitions.DebtManagementUnassignedDebt.column_should_be(DebtManagementUnassignedDebt.java:344)
	at ?.Then Column should be "NITVA" "TaxPayer" "City" "0-3 Months" "Others" "Total" "View"(features/33_DebtManagementUnassignedDebt.feature:216)
</pre></pre></td>
                                                    </tr>
                                                    <tr>
                                                        <td>Dec 31, 2018 06:53:29 PM</td>
                                                        <td class='linked' test-id='150'>The Supervisor can assign the collection officer the pending amount from the TaxPayer.Validate Assign officer button functionality.Validate Assign officer button functionality.Then click on save button ,It should be disabled</td>
                                                        <td><pre><pre>org.openqa.selenium.NoSuchElementException: no such element: Unable to locate element: {"method":"xpath","selector":"btn_dsave"}
  (Session info: chrome=71.0.3578.98)
  (Driver info: chromedriver=2.43.600210 (68dcf5eebde37173d4027fa8635e332711d2874a),platform=Windows NT 10.0.17134 x86_64) (WARNING: The server did not provide any stacktrace information)
Command duration or timeout: 0 milliseconds
For documentation on this error, please visit: http://seleniumhq.org/exceptions/no_such_element.html
Build info: version: '3.11.0', revision: 'e59cfb3', time: '2018-03-11T20:26:55.152Z'
System info: host: '1R-22', ip: '172.16.3.22', os.name: 'Windows 10', os.arch: 'amd64', os.version: '10.0', java.version: '1.8.0_171'
Driver info: org.openqa.selenium.chrome.ChromeDriver
Capabilities {acceptInsecureCerts: false, acceptSslCerts: false, applicationCacheEnabled: false, browserConnectionEnabled: false, browserName: chrome, chrome: {chromedriverVersion: 2.43.600210 (68dcf5eebde371..., userDataDir: C:\Users\SRIJO~1.VAL\AppDat...}, cssSelectorsEnabled: true, databaseEnabled: false, goog:chromeOptions: {debuggerAddress: localhost:50003}, handlesAlerts: true, hasTouchScreen: false, javascriptEnabled: true, locationContextEnabled: true, mobileEmulationEnabled: false, nativeEvents: true, networkConnectionEnabled: false, pageLoadStrategy: normal, platform: XP, platformName: XP, rotatable: false, setWindowRect: true, takesHeapSnapshot: true, takesScreenshot: true, unexpectedAlertBehaviour: , unhandledPromptBehavior: , version: 71.0.3578.98, webStorageEnabled: true}
Session ID: eb137ea849b64a709d3f0e3be6a114cb
*** Element info: {Using=xpath, value=btn_dsave}
	at sun.reflect.NativeConstructorAccessorImpl.newInstance0(Native Method)
	at sun.reflect.NativeConstructorAccessorImpl.newInstance(Unknown Source)
	at sun.reflect.DelegatingConstructorAccessorImpl.newInstance(Unknown Source)
	at java.lang.reflect.Constructor.newInstance(Unknown Source)
	at org.openqa.selenium.remote.ErrorHandler.createThrowable(ErrorHandler.java:214)
	at org.openqa.selenium.remote.ErrorHandler.throwIfResponseFailed(ErrorHandler.java:166)
	at org.openqa.selenium.remote.http.JsonHttpResponseCodec.reconstructValue(JsonHttpResponseCodec.java:40)
	at org.openqa.selenium.remote.http.AbstractHttpResponseCodec.decode(AbstractHttpResponseCodec.java:80)
	at org.openqa.selenium.remote.http.AbstractHttpResponseCodec.decode(AbstractHttpResponseCodec.java:44)
	at org.openqa.selenium.remote.HttpCommandExecutor.execute(HttpCommandExecutor.java:158)
	at org.openqa.selenium.remote.service.DriverCommandExecutor.execute(DriverCommandExecutor.java:83)
	at org.openqa.selenium.remote.RemoteWebDriver.execute(RemoteWebDriver.java:545)
	at org.openqa.selenium.remote.RemoteWebDriver.findElement(RemoteWebDriver.java:319)
	at org.openqa.selenium.remote.RemoteWebDriver.findElementByXPath(RemoteWebDriver.java:421)
	at org.openqa.selenium.By$ByXPath.findElement(By.java:361)
	at org.openqa.selenium.remote.RemoteWebDriver.findElement(RemoteWebDriver.java:311)
	at org.drc.vat.StepDefinitions.DebtManagementUnassignedDebt.click_on_save_button_It_should_be_disabled(DebtManagementUnassignedDebt.java:523)
	at ?.Then click on save button ,It should be disabled(features/33_DebtManagementUnassignedDebt.feature:245)
</pre></pre></td>
                                                    </tr>
                                        </tbody>
                                    </table>
                                </div>
                            </div>
                        </li>
                        <li class='exception displayed active'>
                            <div class='exception-heading'>
                                <span class='exception-name'>org.openqa.selenium.WebDriverException</span>
                                <span class='exception-count right'><span class='label red lighten-1 white-text'>2</span></span>
                            </div>
                            <div class='exception-content hide'>
                                <div class='exception-tests'>
                                    <table class='bordered table-results'>
                                        <thead>
                                        <tr>
                                            <th>Timestamp</th>
                                            <th>TestName</th>
                                            <th>Status</th>
                                        </tr>
                                        </thead>
                                        <tbody>
                                                    <tr>
                                                        <td>Dec 31, 2018 06:53:07 PM</td>
                                                        <td class='linked' test-id='140'>The Supervisor can assign the collection officer the pending amount from the TaxPayer.Validate the pagination functionality.Validate the pagination functionality.Then click on next button it should be second page of pendign debt</td>
                                                        <td><pre><textarea>org.openqa.selenium.WebDriverException: unknown error: Element <a class="page-link rounded" tabindex="1">...</a> is not clickable at point (1002, 911). Other element would receive the click: <ul class="pagination justify-content-end mb-0">...</ul>
  (Session info: chrome=71.0.3578.98)
  (Driver info: chromedriver=2.43.600210 (68dcf5eebde37173d4027fa8635e332711d2874a),platform=Windows NT 10.0.17134 x86_64) (WARNING: The server did not provide any stacktrace information)
Command duration or timeout: 0 milliseconds
Build info: version: '3.11.0', revision: 'e59cfb3', time: '2018-03-11T20:26:55.152Z'
System info: host: '1R-22', ip: '172.16.3.22', os.name: 'Windows 10', os.arch: 'amd64', os.version: '10.0', java.version: '1.8.0_171'
Driver info: org.openqa.selenium.chrome.ChromeDriver
Capabilities {acceptInsecureCerts: false, acceptSslCerts: false, applicationCacheEnabled: false, browserConnectionEnabled: false, browserName: chrome, chrome: {chromedriverVersion: 2.43.600210 (68dcf5eebde371..., userDataDir: C:\Users\SRIJO~1.VAL\AppDat...}, cssSelectorsEnabled: true, databaseEnabled: false, goog:chromeOptions: {debuggerAddress: localhost:50003}, handlesAlerts: true, hasTouchScreen: false, javascriptEnabled: true, locationContextEnabled: true, mobileEmulationEnabled: false, nativeEvents: true, networkConnectionEnabled: false, pageLoadStrategy: normal, platform: XP, platformName: XP, rotatable: false, setWindowRect: true, takesHeapSnapshot: true, takesScreenshot: true, unexpectedAlertBehaviour: , unhandledPromptBehavior: , version: 71.0.3578.98, webStorageEnabled: true}
Session ID: eb137ea849b64a709d3f0e3be6a114cb
	at sun.reflect.NativeConstructorAccessorImpl.newInstance0(Native Method)
	at sun.reflect.NativeConstructorAccessorImpl.newInstance(Unknown Source)
	at sun.reflect.DelegatingConstructorAccessorImpl.newInstance(Unknown Source)
	at java.lang.reflect.Constructor.newInstance(Unknown Source)
	at org.openqa.selenium.remote.ErrorHandler.createThrowable(ErrorHandler.java:214)
	at org.openqa.selenium.remote.ErrorHandler.throwIfResponseFailed(ErrorHandler.java:166)
	at org.openqa.selenium.remote.http.JsonHttpResponseCodec.reconstructValue(JsonHttpResponseCodec.java:40)
	at org.openqa.selenium.remote.http.AbstractHttpResponseCodec.decode(AbstractHttpResponseCodec.java:80)
	at org.openqa.selenium.remote.http.AbstractHttpResponseCodec.decode(AbstractHttpResponseCodec.java:44)
	at org.openqa.selenium.remote.HttpCommandExecutor.execute(HttpCommandExecutor.java:158)
	at org.openqa.selenium.remote.service.DriverCommandExecutor.execute(DriverCommandExecutor.java:83)
	at org.openqa.selenium.remote.RemoteWebDriver.execute(RemoteWebDriver.java:545)
	at org.openqa.selenium.remote.RemoteWebElement.execute(RemoteWebElement.java:279)
	at org.openqa.selenium.remote.RemoteWebElement.click(RemoteWebElement.java:83)
	at org.drc.vat.StepDefinitions.DebtManagementUnassignedDebt.click_on_next_button_it_should_be_second_page_of_pendign_debt(DebtManagementUnassignedDebt.java:489)
	at ?.Then click on next button it should be second page of pendign debt(features/33_DebtManagementUnassignedDebt.feature:230)
</textarea></pre></td>
                                                    </tr>
                                                    <tr>
                                                        <td>Dec 31, 2018 06:53:36 PM</td>
                                                        <td class='linked' test-id='154'>The Supervisor can assign the collection officer the pending amount from the TaxPayer.Validate the assign officer button functionality with valid data.Validate the assign officer button functionality with valid data.When clicked on Debt Management Module must be on Debt Management Module</td>
                                                        <td><pre><textarea>org.openqa.selenium.WebDriverException: unknown error: Element <a _ngcontent-c7="" class="d-flex td-none align-items-center flex-nowrap d-block w-100 icon-container ng-tns-c7-9 ng-star-inserted" ng-reflect-router-link="debt-management" href="/debt-management">...</a> is not clickable at point (125, 468). Other element would receive the click: <modal-container class="modal fade show" role="dialog" tabindex="-1" style="display: block;" aria-modal="true">...</modal-container>
  (Session info: chrome=71.0.3578.98)
  (Driver info: chromedriver=2.43.600210 (68dcf5eebde37173d4027fa8635e332711d2874a),platform=Windows NT 10.0.17134 x86_64) (WARNING: The server did not provide any stacktrace information)
Command duration or timeout: 0 milliseconds
Build info: version: '3.11.0', revision: 'e59cfb3', time: '2018-03-11T20:26:55.152Z'
System info: host: '1R-22', ip: '172.16.3.22', os.name: 'Windows 10', os.arch: 'amd64', os.version: '10.0', java.version: '1.8.0_171'
Driver info: org.openqa.selenium.chrome.ChromeDriver
Capabilities {acceptInsecureCerts: false, acceptSslCerts: false, applicationCacheEnabled: false, browserConnectionEnabled: false, browserName: chrome, chrome: {chromedriverVersion: 2.43.600210 (68dcf5eebde371..., userDataDir: C:\Users\SRIJO~1.VAL\AppDat...}, cssSelectorsEnabled: true, databaseEnabled: false, goog:chromeOptions: {debuggerAddress: localhost:50003}, handlesAlerts: true, hasTouchScreen: false, javascriptEnabled: true, locationContextEnabled: true, mobileEmulationEnabled: false, nativeEvents: true, networkConnectionEnabled: false, pageLoadStrategy: normal, platform: XP, platformName: XP, rotatable: false, setWindowRect: true, takesHeapSnapshot: true, takesScreenshot: true, unexpectedAlertBehaviour: , unhandledPromptBehavior: , version: 71.0.3578.98, webStorageEnabled: true}
Session ID: eb137ea849b64a709d3f0e3be6a114cb
	at sun.reflect.NativeConstructorAccessorImpl.newInstance0(Native Method)
	at sun.reflect.NativeConstructorAccessorImpl.newInstance(Unknown Source)
	at sun.reflect.DelegatingConstructorAccessorImpl.newInstance(Unknown Source)
	at java.lang.reflect.Constructor.newInstance(Unknown Source)
	at org.openqa.selenium.remote.ErrorHandler.createThrowable(ErrorHandler.java:214)
	at org.openqa.selenium.remote.ErrorHandler.throwIfResponseFailed(ErrorHandler.java:166)
	at org.openqa.selenium.remote.http.JsonHttpResponseCodec.reconstructValue(JsonHttpResponseCodec.java:40)
	at org.openqa.selenium.remote.http.AbstractHttpResponseCodec.decode(AbstractHttpResponseCodec.java:80)
	at org.openqa.selenium.remote.http.AbstractHttpResponseCodec.decode(AbstractHttpResponseCodec.java:44)
	at org.openqa.selenium.remote.HttpCommandExecutor.execute(HttpCommandExecutor.java:158)
	at org.openqa.selenium.remote.service.DriverCommandExecutor.execute(DriverCommandExecutor.java:83)
	at org.openqa.selenium.remote.RemoteWebDriver.execute(RemoteWebDriver.java:545)
	at org.openqa.selenium.remote.RemoteWebElement.execute(RemoteWebElement.java:279)
	at org.openqa.selenium.remote.RemoteWebElement.click(RemoteWebElement.java:83)
	at org.drc.vat.appmanager.HelperBase.clickOn(HelperBase.java:97)
	at org.drc.vat.StepDefinitions.DebtManagementLandingScreen.clicked_on_Debt_Management_Module_must_be_on_Debt_Management_Module(DebtManagementLandingScreen.java:77)
	at ?.When clicked on Debt Management Module must be on Debt Management Module(features/33_DebtManagementUnassignedDebt.feature:254)
</textarea></pre></td>
                                                    </tr>
                                        </tbody>
                                    </table>
                                </div>
                            </div>
                        </li>
                </ul>
        </div>
    </div>

    <div class='subview-right left'>
        <div class='view-summary'>
            <h5 class='exception-name'></h5>
        </div>
    </div>
</div>
<!-- exception view -->
<div id='dashboard-view' class='view hide'>
	<div class='card-panel transparent np-v'>
		<h5>Dashboard</h5>

		<div class='row'>
			<div class='col s2'>
				<div class='card-panel r'>
					Features
					<div class='panel-lead'>1</div>
				</div>
			</div>
			<div class='col s2'>
				<div class='card-panel r'>
					Scenarios
					<div class='panel-lead'>17</div>
				</div>
			</div>
			<div class='col s2'>
				<div class='card-panel r'>
					Steps
					<div class='panel-lead'>122</div>
				</div>
			</div>
			<div class='col s2'>
				<div class='card-panel r'>
					Start
					<div class='panel-lead'>Dec 31, 2018 06:44:03 PM</div>
				</div>
			</div>
			<div class='col s2'>
				<div class='card-panel r'>
			 		End
			 		<div class='panel-lead'>Dec 31, 2018 06:53:37 PM</div>
				</div>
			</div>
			<div class='col s2'>
				<div class='card-panel r'>
					Time Taken
					<div class='panel-lead'>0h 9m 34s+482ms</div>
				</div>
			</div>
			<div class='col s6'>
				<div class='card-panel dashboard-categories'>
					<span class='right label cyan white-text'>Categories</span><p>&nbsp;</p>
					
					<table>
						<tr>
							<th>Name</th>
							<th>Passed</th>
							<th>Failed</th>
							<th>Others</th>
							<th>Passed %</th>
						</tr>
						<tr>
							<td>@DebtManagementUnAssignedDebt</td>
							<td>10</td>
							<td>8</td>
							<td>0</td>
							<td>
									55.556%
							</td>
						</tr>
						<tr>
							<td>@mtc_19</td>
							<td>1</td>
							<td>0</td>
							<td>0</td>
							<td>
									100%
							</td>
						</tr>
						<tr>
							<td>@mtc_03</td>
							<td>1</td>
							<td>0</td>
							<td>0</td>
							<td>
									100%
							</td>
						</tr>
						<tr>
							<td>@mtc_04</td>
							<td>0</td>
							<td>1</td>
							<td>0</td>
							<td>
									0%
							</td>
						</tr>
						<tr>
							<td>@mtc_05</td>
							<td>1</td>
							<td>0</td>
							<td>0</td>
							<td>
									100%
							</td>
						</tr>
						<tr>
							<td>@mtc_14</td>
							<td>1</td>
							<td>0</td>
							<td>0</td>
							<td>
									100%
							</td>
						</tr>
						<tr>
							<td>@mtc_12</td>
							<td>1</td>
							<td>0</td>
							<td>0</td>
							<td>
									100%
							</td>
						</tr>
						<tr>
							<td>@TotalAgeBracket</td>
							<td>1</td>
							<td>0</td>
							<td>0</td>
							<td>
									100%
							</td>
						</tr>
						<tr>
							<td>@mtc_15</td>
							<td>1</td>
							<td>0</td>
							<td>0</td>
							<td>
									100%
							</td>
						</tr>
						<tr>
							<td>@mtc_16</td>
							<td>1</td>
							<td>0</td>
							<td>0</td>
							<td>
									100%
							</td>
						</tr>
						<tr>
							<td>@TotalOther</td>
							<td>1</td>
							<td>0</td>
							<td>0</td>
							<td>
									100%
							</td>
						</tr>
						<tr>
							<td>@mtc_17</td>
							<td>1</td>
							<td>0</td>
							<td>0</td>
							<td>
									100%
							</td>
						</tr>
						<tr>
							<td>@Total</td>
							<td>1</td>
							<td>0</td>
							<td>0</td>
							<td>
									100%
							</td>
						</tr>
						<tr>
							<td>@mtc_07</td>
							<td>1</td>
							<td>0</td>
							<td>0</td>
							<td>
									100%
							</td>
						</tr>
						<tr>
							<td>@mtc_08</td>
							<td>0</td>
							<td>1</td>
							<td>0</td>
							<td>
									0%
							</td>
						</tr>
						<tr>
							<td>@mtc_09</td>
							<td>1</td>
							<td>0</td>
							<td>0</td>
							<td>
									100%
							</td>
						</tr>
						<tr>
							<td>@mtc_06</td>
							<td>0</td>
							<td>1</td>
							<td>0</td>
							<td>
									0%
							</td>
						</tr>
						<tr>
							<td>@columnverify</td>
							<td>0</td>
							<td>1</td>
							<td>0</td>
							<td>
									0%
							</td>
						</tr>
						<tr>
							<td>@mtc_13</td>
							<td>0</td>
							<td>1</td>
							<td>0</td>
							<td>
									0%
							</td>
						</tr>
						<tr>
							<td>@mtc_11</td>
							<td>0</td>
							<td>1</td>
							<td>0</td>
							<td>
									0%
							</td>
						</tr>
						<tr>
							<td>@mtc_10</td>
							<td>0</td>
							<td>1</td>
							<td>0</td>
							<td>
									0%
							</td>
						</tr>
						<tr>
							<td>@mtc18</td>
							<td>0</td>
							<td>1</td>
							<td>0</td>
							<td>
									0%
							</td>
						</tr>
						<tr>
							<td>@mtc_02</td>
							<td>0</td>
							<td>1</td>
							<td>0</td>
							<td>
									0%
							</td>
						</tr>
					</table>
				</div>
			</div>
		</div>
	</div>
</div>
<!-- dashboard view -->
<!-- testrunner-logs view -->
		</div>
		<!-- container -->

		<script>
			var statusGroup = {
				passParent: 0,
				failParent: 1,
				fatalParent: 0,
				errorParent: 0,
				warningParent: 0,
				skipParent: 0,
				exceptionsParent: 1,
				
				passChild: 10,
				failChild: 7,
				fatalChild: 0,
				errorChild: 0,
				warningChild: 0,
				skipChild: 0,
				infoChild: 0,
				exceptionsChild: 7,
				
				passGrandChild: 98,
				failGrandChild: 7,
				fatalGrandChild: 0,
				errorGrandChild: 0,
				warningGrandChild: 0,
				skipGrandChild: 17,
				infoGrandChild: 0,
				exceptionsGrandChild: 24,
			};
		</script>
		
			<script src='https://cdn.rawgit.com/anshooarora/extentreports-java/fca20fb7653aade98810546ab96a2a4360e3e712/dist/js/extent.js' type='text/javascript'></script>
		
		
 		<script type='text/javascript'>
 		</script>
	</body>
	
</html>
