
<!DOCTYPE html>
<html>


<head>
	<meta charset='utf-8' /> 
	<meta name='description' content='' />
	<meta name='robots' content='noodp, noydir' />
	<meta name='viewport' content='width=device-width, initial-scale=1' />
	<meta id="timeStampFormat" name="timeStampFormat" content='MMM d, yyyy hh:mm:ss a'/>
	
	<link href='https://fonts.googleapis.com/css?family=Source+Sans+Pro:400,600' rel='stylesheet' type='text/css' />
	<link href="https://fonts.googleapis.com/icon?family=Material+Icons" rel="stylesheet" />

		<link href='https://cdn.rawgit.com/anshooarora/extentreports-java/b4a58fcfd1e137bd9287244035a7c80d3d73b3af/dist/css/extent.css' type='text/css' rel='stylesheet' />
	
	<title>ExtentReports</title>

	<style type='text/css'>
	</style>
</head>

	<body class='extent standard default hide-overflow bdd-report'>
		<div id='theme-selector' alt='Click to toggle theme. To enable by default, use theme configuration.' title='Click to toggle theme. To enable by default, use theme configuration.'>
			<span><i class='material-icons'>desktop_windows</i></span>
		</div>

<nav>
	<div class="nav-wrapper">
		<a href="#!" class="brand-logo blue darken-3">Extent</a>

		<!-- slideout menu -->
		<ul id='slide-out' class='side-nav fixed hide-on-med-and-down'>
			<li class='waves-effect active'><a href='#!' view='test-view' onclick="configureView(0);chartsView('test');"><i class='material-icons'>dashboard</i></a></li>
						<li class='waves-effect'><a href='#!' view='exception-view' onclick="configureView(2)"><i class='material-icons'>bug_report</i></a></li>
			<li class='waves-effect'><a href='#!' onclick="configureView(-1);chartsView('dashboard');" view='dashboard-view'><i class='material-icons'>track_changes</i></i></a></li>
		</ul>

		<!-- report name -->
		<span class='report-name'>ExtentReports</span>
		
		<!-- report headline -->
		<span class='report-headline'></span>

		<!-- nav-right -->
		<ul id='nav-mobile' class='right hide-on-med-and-down nav-right'>
			<li>
                <a href='#!'>
                    <span class='label suite-start-time blue darken-3'>Jun 28, 2018 07:24:19 PM</span>
				</a>
			</li>
			<li>
                <a href='#!'>
                    <span class='label blue darken-3'>3.1.5</span>
				</a>
			</li>
		</ul>
	</div>
</nav>

		<!-- container -->
		<div class='container'>

<div id='test-view' class='view'>
				
	<section id='controls'>
		<div class='controls grey lighten-4'>
			<!-- test toggle -->
			<div class='chip transparent'>
				<a class='dropdown-button tests-toggle' data-activates='tests-toggle' data-constrainwidth='true' data-beloworigin='true' data-hover='true' href='#'>
					<i class='material-icons'>warning</i> Status
				</a>
				<ul id='tests-toggle' class='dropdown-content'>
											<li status='pass'><a href='#!'>Pass <i class='material-icons green-text'>check_circle</i></a></li>
						<li status='fail'><a href='#!'>Fail <i class='material-icons red-text'>cancel</i></a></li>
						<li status='skip'><a href='#!'>Skip <i class='material-icons cyan-text'>redo</i></a></li>
					<li class='divider'></li>
					<li status='clear' clear='true'><a href='#!'>Clear Filters <i class='material-icons'>clear</i></a></li>
				</ul>
			</div>
			<!-- test toggle -->

			<!-- category toggle -->
			<!-- category toggle -->

			<!-- clear filters -->
			<div class='chip transparent hide'>
				<a class='' id='clear-filters' alt='Clear Filters' title='Clear Filters'>
					<i class='material-icons'>close</i> Clear
				</a>
			</div>
			<!-- clear filters -->

			<!-- enable dashboard -->
			<div id='toggle-test-view-charts' class='chip transparent'>
				<a class='pink-text' id='enable-dashboard' alt='Enable Dashboard' title='Enable Dashboard'>
					<i class='material-icons'>track_changes</i> Dashboard
				</a>
			</div>
			<!-- enable dashboard -->

			<!-- search -->
			<div class='chip transparent' alt='Search Tests' title='Search Tests'>
				<a href="#" class='search-div'>
					<i class='material-icons'>search</i> Search
				</a>

				<div class='input-field left hide'>
					<input id='search-tests' type='text' class='validate browser-default' placeholder='Search Tests...'>
				</div>
				
			</div>
			<!-- search -->
		</div>
	</section>


<div id='test-view-charts' class='subview-full'>
	<div id='charts-row' class='row nm-v nm-h'>
		<div class='col s12 m4 l4 np-h'>
			<div class='card-panel nm-v'>
				<div class='left panel-name'>Features</div>
				<div class='chart-box'>
					<canvas id='parent-analysis' width='100' height='80'></canvas>
				</div>
				<div class='block text-small'>
					<span class='tooltipped' data-position='top' data-tooltip='0%'><span class='strong'>0</span> feature(s) passed</span>
				</div>
				<div class='block text-small'>
					<span class='strong tooltipped' data-position='top' data-tooltip='100%'>1</span> feature(s) failed, <span class='strong tooltipped' data-position='top' data-tooltip='0%'>0</span> others
				</div>
			</div>
		</div>
		
		<div class='col s12 m4 l4 np-h'>
			<div class='card-panel nm-v'>
				<div class='left panel-name'>Scenarios</div>
				<div class='chart-box'>
					<canvas id='child-analysis' width='100' height='80'></canvas>
				</div>
				<div class='block text-small'>
					<span class='tooltipped' data-position='top' data-tooltip='39.024%'><span class='strong'>16</span> scenario(s) passed</span>
				</div>
				<div class='block text-small'>
					<span class='strong tooltipped' data-position='top' data-tooltip='60.976%'>25</span> scenario(s) failed, <span class='strong tooltipped' data-position='top' data-tooltip='0%'>0</span> others
				</div>
			</div>
		</div>
		
		<div class='col s12 m4 l4 np-h'>
			<div class='card-panel nm-v'>
				<div class='left panel-name'>Steps</div>
				<div class='chart-box'>
					<canvas id='grandchild-analysis' width='100' height='80'></canvas>
				</div>
				<div class='block text-small'>
					<span class='tooltipped' data-position='top' data-tooltip='75.521%'><span class='strong'>145</span> step(s) passed</span>
				</div>
				<div class='block text-small'>
					<span class='strong tooltipped' data-position='top' data-tooltip='13.021%'>25</span> step(s) failed, <span class='strong tooltipped' data-position='top' data-tooltip='11.458%'>22</span> others
				</div>
			</div>
		</div>
	</div>
</div>

	<div class='subview-left left'>
		
		<div class='view-summary'>
			<h5>Features</h5>
			<ul id='test-collection' class='test-collection'>
				
				
				<li class='test displayed active has-leaf fail' status='fail' bdd='true' test-id='1'>
					<div class='test-heading'>
						<span class='test-name'>User is on Manage VAT Registration</span>
						<span class='test-time'>Jun 28, 2018 07:24:19 PM</span>
						<span class='test-status right fail'>fail</span>
					</div>
					<div class='test-content hide'>
<div class='scenariooutline node' test-id='2' status='fail'>
	<span class='duration right label'>0h 6m 48s+259ms</span>
	<div class='desc'>
		<b>ScenarioOutline</b>
		<span class="desc-text">Validate Filter Functionality</span>
	</div>
	<ul class='steps'>
		<li test-id='3' class='node scenario fail' status='fail'>
			
			<b>Scenario</b>
			
			<span class="bdd-step-name">Validate Filter Functionality</span>
			
				<ul class='steps'>
					<li test-id='4' class='node given pass' status='pass'><b>Given</b>
						<span class="bdd-step-name">Given User is on Internal Portal</span>
							<div class='pre'>passed</div>
					</li>
					<li test-id='5' class='node when pass' status='pass'><b>When</b>
						<span class="bdd-step-name">When user selects Manage Vat Registraion</span>
							<div class='pre'>passed</div>
					</li>
					<li test-id='6' class='node then pass' status='pass'><b>Then</b>
						<span class="bdd-step-name">Then user selects value from filter drop down "Priority"</span>
							<div class='pre'>passed</div>
					</li>
					<li test-id='7' class='node and pass' status='pass'><b>And</b>
						<span class="bdd-step-name">And enters data in type here text box "1"</span>
							<div class='pre'>passed</div>
					</li>
					<li test-id='8' class='node then fail' status='fail'><b>Then</b>
						<span class="bdd-step-name">Then clicks on download pdf button</span>
						<ul class='screenshots right'>
							<li><a data-featherlight="image" href="D:\DRC_Franky\DRC_VAT\test-output\Thu Jun 28\screenshots\Validate Filter Functionality_192419.png"><i class='material-icons'>panorama</i></a></li>
						</ul>
							<div class='pre'><pre>org.openqa.selenium.NoSuchElementException: no such element: Unable to locate element: {"method":"xpath","selector":"//*[contains(@class,'btn btn-primary mr-2 ng-star-inserted')]"}
  (Session info: chrome=67.0.3396.99)
  (Driver info: chromedriver=2.38.552522 (437e6fbedfa8762dec75e2c5b3ddb86763dc9dcb),platform=Windows NT 10.0.16299 x86_64) (WARNING: The server did not provide any stacktrace information)
Command duration or timeout: 0 milliseconds
For documentation on this error, please visit: http://seleniumhq.org/exceptions/no_such_element.html
Build info: version: '3.11.0', revision: 'e59cfb3', time: '2018-03-11T20:26:55.152Z'
System info: host: 'CS84-PC', ip: '192.168.194.2', os.name: 'Windows 10', os.arch: 'amd64', os.version: '10.0', java.version: '1.8.0_171'
Driver info: org.openqa.selenium.chrome.ChromeDriver
Capabilities {acceptInsecureCerts: false, acceptSslCerts: false, applicationCacheEnabled: false, browserConnectionEnabled: false, browserName: chrome, chrome: {chromedriverVersion: 2.38.552522 (437e6fbedfa876..., userDataDir: C:\Users\admin\AppData\Loca...}, cssSelectorsEnabled: true, databaseEnabled: false, handlesAlerts: true, hasTouchScreen: false, javascriptEnabled: true, locationContextEnabled: true, mobileEmulationEnabled: false, nativeEvents: true, networkConnectionEnabled: false, pageLoadStrategy: normal, platform: XP, platformName: XP, rotatable: false, setWindowRect: true, takesHeapSnapshot: true, takesScreenshot: true, unexpectedAlertBehaviour: , unhandledPromptBehavior: , version: 67.0.3396.99, webStorageEnabled: true}
Session ID: e8f06dd9b3ead4f6926a056f34376cd2
*** Element info: {Using=xpath, value=//*[contains(@class,'btn btn-primary mr-2 ng-star-inserted')]}
	at sun.reflect.NativeConstructorAccessorImpl.newInstance0(Native Method)
	at sun.reflect.NativeConstructorAccessorImpl.newInstance(Unknown Source)
	at sun.reflect.DelegatingConstructorAccessorImpl.newInstance(Unknown Source)
	at java.lang.reflect.Constructor.newInstance(Unknown Source)
	at org.openqa.selenium.remote.ErrorHandler.createThrowable(ErrorHandler.java:214)
	at org.openqa.selenium.remote.ErrorHandler.throwIfResponseFailed(ErrorHandler.java:166)
	at org.openqa.selenium.remote.http.JsonHttpResponseCodec.reconstructValue(JsonHttpResponseCodec.java:40)
	at org.openqa.selenium.remote.http.AbstractHttpResponseCodec.decode(AbstractHttpResponseCodec.java:80)
	at org.openqa.selenium.remote.http.AbstractHttpResponseCodec.decode(AbstractHttpResponseCodec.java:44)
	at org.openqa.selenium.remote.HttpCommandExecutor.execute(HttpCommandExecutor.java:158)
	at org.openqa.selenium.remote.service.DriverCommandExecutor.execute(DriverCommandExecutor.java:83)
	at org.openqa.selenium.remote.RemoteWebDriver.execute(RemoteWebDriver.java:545)
	at org.openqa.selenium.remote.RemoteWebDriver.findElement(RemoteWebDriver.java:319)
	at org.openqa.selenium.remote.RemoteWebDriver.findElementByXPath(RemoteWebDriver.java:421)
	at org.openqa.selenium.By$ByXPath.findElement(By.java:361)
	at org.openqa.selenium.remote.RemoteWebDriver.findElement(RemoteWebDriver.java:311)
	at org.drc.vat.appmanager.HelperBase.clickOn(HelperBase.java:60)
	at org.drc.vat.StepDefinitions.ManageVatRegistration.clicks_on_download_pdf_button(ManageVatRegistration.java:67)
	at ?.Then clicks on download pdf button(features/ManageVatRegistration.feature:8)
</pre></div>
					</li>
				</ul>
		</li>
		<li test-id='9' class='node scenario fail' status='fail'>
			
			<b>Scenario</b>
			
			<span class="bdd-step-name">Validate Filter Functionality</span>
			
				<ul class='steps'>
					<li test-id='10' class='node given pass' status='pass'><b>Given</b>
						<span class="bdd-step-name">Given User is on Internal Portal</span>
							<div class='pre'>passed</div>
					</li>
					<li test-id='11' class='node when pass' status='pass'><b>When</b>
						<span class="bdd-step-name">When user selects Manage Vat Registraion</span>
							<div class='pre'>passed</div>
					</li>
					<li test-id='12' class='node then pass' status='pass'><b>Then</b>
						<span class="bdd-step-name">Then user selects value from filter drop down "Priority"</span>
							<div class='pre'>passed</div>
					</li>
					<li test-id='13' class='node and pass' status='pass'><b>And</b>
						<span class="bdd-step-name">And enters data in type here text box "0"</span>
							<div class='pre'>passed</div>
					</li>
					<li test-id='14' class='node then fail' status='fail'><b>Then</b>
						<span class="bdd-step-name">Then clicks on download pdf button</span>
						<ul class='screenshots right'>
							<li><a data-featherlight="image" href="D:\DRC_Franky\DRC_VAT\test-output\Thu Jun 28\screenshots\Validate Filter Functionality_192450.png"><i class='material-icons'>panorama</i></a></li>
						</ul>
							<div class='pre'><pre>org.openqa.selenium.NoSuchElementException: no such element: Unable to locate element: {"method":"xpath","selector":"//*[contains(@class,'btn btn-primary mr-2 ng-star-inserted')]"}
  (Session info: chrome=67.0.3396.99)
  (Driver info: chromedriver=2.38.552522 (437e6fbedfa8762dec75e2c5b3ddb86763dc9dcb),platform=Windows NT 10.0.16299 x86_64) (WARNING: The server did not provide any stacktrace information)
Command duration or timeout: 0 milliseconds
For documentation on this error, please visit: http://seleniumhq.org/exceptions/no_such_element.html
Build info: version: '3.11.0', revision: 'e59cfb3', time: '2018-03-11T20:26:55.152Z'
System info: host: 'CS84-PC', ip: '192.168.194.2', os.name: 'Windows 10', os.arch: 'amd64', os.version: '10.0', java.version: '1.8.0_171'
Driver info: org.openqa.selenium.chrome.ChromeDriver
Capabilities {acceptInsecureCerts: false, acceptSslCerts: false, applicationCacheEnabled: false, browserConnectionEnabled: false, browserName: chrome, chrome: {chromedriverVersion: 2.38.552522 (437e6fbedfa876..., userDataDir: C:\Users\admin\AppData\Loca...}, cssSelectorsEnabled: true, databaseEnabled: false, handlesAlerts: true, hasTouchScreen: false, javascriptEnabled: true, locationContextEnabled: true, mobileEmulationEnabled: false, nativeEvents: true, networkConnectionEnabled: false, pageLoadStrategy: normal, platform: XP, platformName: XP, rotatable: false, setWindowRect: true, takesHeapSnapshot: true, takesScreenshot: true, unexpectedAlertBehaviour: , unhandledPromptBehavior: , version: 67.0.3396.99, webStorageEnabled: true}
Session ID: e8f06dd9b3ead4f6926a056f34376cd2
*** Element info: {Using=xpath, value=//*[contains(@class,'btn btn-primary mr-2 ng-star-inserted')]}
	at sun.reflect.NativeConstructorAccessorImpl.newInstance0(Native Method)
	at sun.reflect.NativeConstructorAccessorImpl.newInstance(Unknown Source)
	at sun.reflect.DelegatingConstructorAccessorImpl.newInstance(Unknown Source)
	at java.lang.reflect.Constructor.newInstance(Unknown Source)
	at org.openqa.selenium.remote.ErrorHandler.createThrowable(ErrorHandler.java:214)
	at org.openqa.selenium.remote.ErrorHandler.throwIfResponseFailed(ErrorHandler.java:166)
	at org.openqa.selenium.remote.http.JsonHttpResponseCodec.reconstructValue(JsonHttpResponseCodec.java:40)
	at org.openqa.selenium.remote.http.AbstractHttpResponseCodec.decode(AbstractHttpResponseCodec.java:80)
	at org.openqa.selenium.remote.http.AbstractHttpResponseCodec.decode(AbstractHttpResponseCodec.java:44)
	at org.openqa.selenium.remote.HttpCommandExecutor.execute(HttpCommandExecutor.java:158)
	at org.openqa.selenium.remote.service.DriverCommandExecutor.execute(DriverCommandExecutor.java:83)
	at org.openqa.selenium.remote.RemoteWebDriver.execute(RemoteWebDriver.java:545)
	at org.openqa.selenium.remote.RemoteWebDriver.findElement(RemoteWebDriver.java:319)
	at org.openqa.selenium.remote.RemoteWebDriver.findElementByXPath(RemoteWebDriver.java:421)
	at org.openqa.selenium.By$ByXPath.findElement(By.java:361)
	at org.openqa.selenium.remote.RemoteWebDriver.findElement(RemoteWebDriver.java:311)
	at org.drc.vat.appmanager.HelperBase.clickOn(HelperBase.java:60)
	at org.drc.vat.StepDefinitions.ManageVatRegistration.clicks_on_download_pdf_button(ManageVatRegistration.java:67)
	at ?.Then clicks on download pdf button(features/ManageVatRegistration.feature:8)
</pre></div>
					</li>
				</ul>
		</li>
		<li test-id='15' class='node scenario fail' status='fail'>
			
			<b>Scenario</b>
			
			<span class="bdd-step-name">Validate Filter Functionality</span>
			
				<ul class='steps'>
					<li test-id='16' class='node given pass' status='pass'><b>Given</b>
						<span class="bdd-step-name">Given User is on Internal Portal</span>
							<div class='pre'>passed</div>
					</li>
					<li test-id='17' class='node when pass' status='pass'><b>When</b>
						<span class="bdd-step-name">When user selects Manage Vat Registraion</span>
							<div class='pre'>passed</div>
					</li>
					<li test-id='18' class='node then pass' status='pass'><b>Then</b>
						<span class="bdd-step-name">Then user selects value from filter drop down "Priority"</span>
							<div class='pre'>passed</div>
					</li>
					<li test-id='19' class='node and pass' status='pass'><b>And</b>
						<span class="bdd-step-name">And enters data in type here text box "2"</span>
							<div class='pre'>passed</div>
					</li>
					<li test-id='20' class='node then fail' status='fail'><b>Then</b>
						<span class="bdd-step-name">Then clicks on download pdf button</span>
						<ul class='screenshots right'>
							<li><a data-featherlight="image" href="D:\DRC_Franky\DRC_VAT\test-output\Thu Jun 28\screenshots\Validate Filter Functionality_192513.png"><i class='material-icons'>panorama</i></a></li>
						</ul>
							<div class='pre'><pre>org.openqa.selenium.NoSuchElementException: no such element: Unable to locate element: {"method":"xpath","selector":"//*[contains(@class,'btn btn-primary mr-2 ng-star-inserted')]"}
  (Session info: chrome=67.0.3396.99)
  (Driver info: chromedriver=2.38.552522 (437e6fbedfa8762dec75e2c5b3ddb86763dc9dcb),platform=Windows NT 10.0.16299 x86_64) (WARNING: The server did not provide any stacktrace information)
Command duration or timeout: 0 milliseconds
For documentation on this error, please visit: http://seleniumhq.org/exceptions/no_such_element.html
Build info: version: '3.11.0', revision: 'e59cfb3', time: '2018-03-11T20:26:55.152Z'
System info: host: 'CS84-PC', ip: '192.168.194.2', os.name: 'Windows 10', os.arch: 'amd64', os.version: '10.0', java.version: '1.8.0_171'
Driver info: org.openqa.selenium.chrome.ChromeDriver
Capabilities {acceptInsecureCerts: false, acceptSslCerts: false, applicationCacheEnabled: false, browserConnectionEnabled: false, browserName: chrome, chrome: {chromedriverVersion: 2.38.552522 (437e6fbedfa876..., userDataDir: C:\Users\admin\AppData\Loca...}, cssSelectorsEnabled: true, databaseEnabled: false, handlesAlerts: true, hasTouchScreen: false, javascriptEnabled: true, locationContextEnabled: true, mobileEmulationEnabled: false, nativeEvents: true, networkConnectionEnabled: false, pageLoadStrategy: normal, platform: XP, platformName: XP, rotatable: false, setWindowRect: true, takesHeapSnapshot: true, takesScreenshot: true, unexpectedAlertBehaviour: , unhandledPromptBehavior: , version: 67.0.3396.99, webStorageEnabled: true}
Session ID: e8f06dd9b3ead4f6926a056f34376cd2
*** Element info: {Using=xpath, value=//*[contains(@class,'btn btn-primary mr-2 ng-star-inserted')]}
	at sun.reflect.NativeConstructorAccessorImpl.newInstance0(Native Method)
	at sun.reflect.NativeConstructorAccessorImpl.newInstance(Unknown Source)
	at sun.reflect.DelegatingConstructorAccessorImpl.newInstance(Unknown Source)
	at java.lang.reflect.Constructor.newInstance(Unknown Source)
	at org.openqa.selenium.remote.ErrorHandler.createThrowable(ErrorHandler.java:214)
	at org.openqa.selenium.remote.ErrorHandler.throwIfResponseFailed(ErrorHandler.java:166)
	at org.openqa.selenium.remote.http.JsonHttpResponseCodec.reconstructValue(JsonHttpResponseCodec.java:40)
	at org.openqa.selenium.remote.http.AbstractHttpResponseCodec.decode(AbstractHttpResponseCodec.java:80)
	at org.openqa.selenium.remote.http.AbstractHttpResponseCodec.decode(AbstractHttpResponseCodec.java:44)
	at org.openqa.selenium.remote.HttpCommandExecutor.execute(HttpCommandExecutor.java:158)
	at org.openqa.selenium.remote.service.DriverCommandExecutor.execute(DriverCommandExecutor.java:83)
	at org.openqa.selenium.remote.RemoteWebDriver.execute(RemoteWebDriver.java:545)
	at org.openqa.selenium.remote.RemoteWebDriver.findElement(RemoteWebDriver.java:319)
	at org.openqa.selenium.remote.RemoteWebDriver.findElementByXPath(RemoteWebDriver.java:421)
	at org.openqa.selenium.By$ByXPath.findElement(By.java:361)
	at org.openqa.selenium.remote.RemoteWebDriver.findElement(RemoteWebDriver.java:311)
	at org.drc.vat.appmanager.HelperBase.clickOn(HelperBase.java:60)
	at org.drc.vat.StepDefinitions.ManageVatRegistration.clicks_on_download_pdf_button(ManageVatRegistration.java:67)
	at ?.Then clicks on download pdf button(features/ManageVatRegistration.feature:8)
</pre></div>
					</li>
				</ul>
		</li>
		<li test-id='21' class='node scenario fail' status='fail'>
			
			<b>Scenario</b>
			
			<span class="bdd-step-name">Validate Filter Functionality</span>
			
				<ul class='steps'>
					<li test-id='22' class='node given pass' status='pass'><b>Given</b>
						<span class="bdd-step-name">Given User is on Internal Portal</span>
							<div class='pre'>passed</div>
					</li>
					<li test-id='23' class='node when pass' status='pass'><b>When</b>
						<span class="bdd-step-name">When user selects Manage Vat Registraion</span>
							<div class='pre'>passed</div>
					</li>
					<li test-id='24' class='node then pass' status='pass'><b>Then</b>
						<span class="bdd-step-name">Then user selects value from filter drop down "NIF"</span>
							<div class='pre'>passed</div>
					</li>
					<li test-id='25' class='node and pass' status='pass'><b>And</b>
						<span class="bdd-step-name">And enters data in type here text box "1717"</span>
							<div class='pre'>passed</div>
					</li>
					<li test-id='26' class='node then fail' status='fail'><b>Then</b>
						<span class="bdd-step-name">Then clicks on download pdf button</span>
						<ul class='screenshots right'>
							<li><a data-featherlight="image" href="D:\DRC_Franky\DRC_VAT\test-output\Thu Jun 28\screenshots\Validate Filter Functionality_192537.png"><i class='material-icons'>panorama</i></a></li>
						</ul>
							<div class='pre'><pre>org.openqa.selenium.NoSuchElementException: no such element: Unable to locate element: {"method":"xpath","selector":"//*[contains(@class,'btn btn-primary mr-2 ng-star-inserted')]"}
  (Session info: chrome=67.0.3396.99)
  (Driver info: chromedriver=2.38.552522 (437e6fbedfa8762dec75e2c5b3ddb86763dc9dcb),platform=Windows NT 10.0.16299 x86_64) (WARNING: The server did not provide any stacktrace information)
Command duration or timeout: 0 milliseconds
For documentation on this error, please visit: http://seleniumhq.org/exceptions/no_such_element.html
Build info: version: '3.11.0', revision: 'e59cfb3', time: '2018-03-11T20:26:55.152Z'
System info: host: 'CS84-PC', ip: '192.168.194.2', os.name: 'Windows 10', os.arch: 'amd64', os.version: '10.0', java.version: '1.8.0_171'
Driver info: org.openqa.selenium.chrome.ChromeDriver
Capabilities {acceptInsecureCerts: false, acceptSslCerts: false, applicationCacheEnabled: false, browserConnectionEnabled: false, browserName: chrome, chrome: {chromedriverVersion: 2.38.552522 (437e6fbedfa876..., userDataDir: C:\Users\admin\AppData\Loca...}, cssSelectorsEnabled: true, databaseEnabled: false, handlesAlerts: true, hasTouchScreen: false, javascriptEnabled: true, locationContextEnabled: true, mobileEmulationEnabled: false, nativeEvents: true, networkConnectionEnabled: false, pageLoadStrategy: normal, platform: XP, platformName: XP, rotatable: false, setWindowRect: true, takesHeapSnapshot: true, takesScreenshot: true, unexpectedAlertBehaviour: , unhandledPromptBehavior: , version: 67.0.3396.99, webStorageEnabled: true}
Session ID: e8f06dd9b3ead4f6926a056f34376cd2
*** Element info: {Using=xpath, value=//*[contains(@class,'btn btn-primary mr-2 ng-star-inserted')]}
	at sun.reflect.NativeConstructorAccessorImpl.newInstance0(Native Method)
	at sun.reflect.NativeConstructorAccessorImpl.newInstance(Unknown Source)
	at sun.reflect.DelegatingConstructorAccessorImpl.newInstance(Unknown Source)
	at java.lang.reflect.Constructor.newInstance(Unknown Source)
	at org.openqa.selenium.remote.ErrorHandler.createThrowable(ErrorHandler.java:214)
	at org.openqa.selenium.remote.ErrorHandler.throwIfResponseFailed(ErrorHandler.java:166)
	at org.openqa.selenium.remote.http.JsonHttpResponseCodec.reconstructValue(JsonHttpResponseCodec.java:40)
	at org.openqa.selenium.remote.http.AbstractHttpResponseCodec.decode(AbstractHttpResponseCodec.java:80)
	at org.openqa.selenium.remote.http.AbstractHttpResponseCodec.decode(AbstractHttpResponseCodec.java:44)
	at org.openqa.selenium.remote.HttpCommandExecutor.execute(HttpCommandExecutor.java:158)
	at org.openqa.selenium.remote.service.DriverCommandExecutor.execute(DriverCommandExecutor.java:83)
	at org.openqa.selenium.remote.RemoteWebDriver.execute(RemoteWebDriver.java:545)
	at org.openqa.selenium.remote.RemoteWebDriver.findElement(RemoteWebDriver.java:319)
	at org.openqa.selenium.remote.RemoteWebDriver.findElementByXPath(RemoteWebDriver.java:421)
	at org.openqa.selenium.By$ByXPath.findElement(By.java:361)
	at org.openqa.selenium.remote.RemoteWebDriver.findElement(RemoteWebDriver.java:311)
	at org.drc.vat.appmanager.HelperBase.clickOn(HelperBase.java:60)
	at org.drc.vat.StepDefinitions.ManageVatRegistration.clicks_on_download_pdf_button(ManageVatRegistration.java:67)
	at ?.Then clicks on download pdf button(features/ManageVatRegistration.feature:8)
</pre></div>
					</li>
				</ul>
		</li>
		<li test-id='27' class='node scenario fail' status='fail'>
			
			<b>Scenario</b>
			
			<span class="bdd-step-name">Validate Filter Functionality</span>
			
				<ul class='steps'>
					<li test-id='28' class='node given pass' status='pass'><b>Given</b>
						<span class="bdd-step-name">Given User is on Internal Portal</span>
							<div class='pre'>passed</div>
					</li>
					<li test-id='29' class='node when pass' status='pass'><b>When</b>
						<span class="bdd-step-name">When user selects Manage Vat Registraion</span>
							<div class='pre'>passed</div>
					</li>
					<li test-id='30' class='node then pass' status='pass'><b>Then</b>
						<span class="bdd-step-name">Then user selects value from filter drop down "NIF"</span>
							<div class='pre'>passed</div>
					</li>
					<li test-id='31' class='node and pass' status='pass'><b>And</b>
						<span class="bdd-step-name">And enters data in type here text box "JUIJIBI121213"</span>
							<div class='pre'>passed</div>
					</li>
					<li test-id='32' class='node then fail' status='fail'><b>Then</b>
						<span class="bdd-step-name">Then clicks on download pdf button</span>
						<ul class='screenshots right'>
							<li><a data-featherlight="image" href="D:\DRC_Franky\DRC_VAT\test-output\Thu Jun 28\screenshots\Validate Filter Functionality_192600.png"><i class='material-icons'>panorama</i></a></li>
						</ul>
							<div class='pre'><pre>org.openqa.selenium.NoSuchElementException: no such element: Unable to locate element: {"method":"xpath","selector":"//*[contains(@class,'btn btn-primary mr-2 ng-star-inserted')]"}
  (Session info: chrome=67.0.3396.99)
  (Driver info: chromedriver=2.38.552522 (437e6fbedfa8762dec75e2c5b3ddb86763dc9dcb),platform=Windows NT 10.0.16299 x86_64) (WARNING: The server did not provide any stacktrace information)
Command duration or timeout: 0 milliseconds
For documentation on this error, please visit: http://seleniumhq.org/exceptions/no_such_element.html
Build info: version: '3.11.0', revision: 'e59cfb3', time: '2018-03-11T20:26:55.152Z'
System info: host: 'CS84-PC', ip: '192.168.194.2', os.name: 'Windows 10', os.arch: 'amd64', os.version: '10.0', java.version: '1.8.0_171'
Driver info: org.openqa.selenium.chrome.ChromeDriver
Capabilities {acceptInsecureCerts: false, acceptSslCerts: false, applicationCacheEnabled: false, browserConnectionEnabled: false, browserName: chrome, chrome: {chromedriverVersion: 2.38.552522 (437e6fbedfa876..., userDataDir: C:\Users\admin\AppData\Loca...}, cssSelectorsEnabled: true, databaseEnabled: false, handlesAlerts: true, hasTouchScreen: false, javascriptEnabled: true, locationContextEnabled: true, mobileEmulationEnabled: false, nativeEvents: true, networkConnectionEnabled: false, pageLoadStrategy: normal, platform: XP, platformName: XP, rotatable: false, setWindowRect: true, takesHeapSnapshot: true, takesScreenshot: true, unexpectedAlertBehaviour: , unhandledPromptBehavior: , version: 67.0.3396.99, webStorageEnabled: true}
Session ID: e8f06dd9b3ead4f6926a056f34376cd2
*** Element info: {Using=xpath, value=//*[contains(@class,'btn btn-primary mr-2 ng-star-inserted')]}
	at sun.reflect.NativeConstructorAccessorImpl.newInstance0(Native Method)
	at sun.reflect.NativeConstructorAccessorImpl.newInstance(Unknown Source)
	at sun.reflect.DelegatingConstructorAccessorImpl.newInstance(Unknown Source)
	at java.lang.reflect.Constructor.newInstance(Unknown Source)
	at org.openqa.selenium.remote.ErrorHandler.createThrowable(ErrorHandler.java:214)
	at org.openqa.selenium.remote.ErrorHandler.throwIfResponseFailed(ErrorHandler.java:166)
	at org.openqa.selenium.remote.http.JsonHttpResponseCodec.reconstructValue(JsonHttpResponseCodec.java:40)
	at org.openqa.selenium.remote.http.AbstractHttpResponseCodec.decode(AbstractHttpResponseCodec.java:80)
	at org.openqa.selenium.remote.http.AbstractHttpResponseCodec.decode(AbstractHttpResponseCodec.java:44)
	at org.openqa.selenium.remote.HttpCommandExecutor.execute(HttpCommandExecutor.java:158)
	at org.openqa.selenium.remote.service.DriverCommandExecutor.execute(DriverCommandExecutor.java:83)
	at org.openqa.selenium.remote.RemoteWebDriver.execute(RemoteWebDriver.java:545)
	at org.openqa.selenium.remote.RemoteWebDriver.findElement(RemoteWebDriver.java:319)
	at org.openqa.selenium.remote.RemoteWebDriver.findElementByXPath(RemoteWebDriver.java:421)
	at org.openqa.selenium.By$ByXPath.findElement(By.java:361)
	at org.openqa.selenium.remote.RemoteWebDriver.findElement(RemoteWebDriver.java:311)
	at org.drc.vat.appmanager.HelperBase.clickOn(HelperBase.java:60)
	at org.drc.vat.StepDefinitions.ManageVatRegistration.clicks_on_download_pdf_button(ManageVatRegistration.java:67)
	at ?.Then clicks on download pdf button(features/ManageVatRegistration.feature:8)
</pre></div>
					</li>
				</ul>
		</li>
		<li test-id='33' class='node scenario fail' status='fail'>
			
			<b>Scenario</b>
			
			<span class="bdd-step-name">Validate Filter Functionality</span>
			
				<ul class='steps'>
					<li test-id='34' class='node given pass' status='pass'><b>Given</b>
						<span class="bdd-step-name">Given User is on Internal Portal</span>
							<div class='pre'>passed</div>
					</li>
					<li test-id='35' class='node when pass' status='pass'><b>When</b>
						<span class="bdd-step-name">When user selects Manage Vat Registraion</span>
							<div class='pre'>passed</div>
					</li>
					<li test-id='36' class='node then pass' status='pass'><b>Then</b>
						<span class="bdd-step-name">Then user selects value from filter drop down "Name of Business/Applicant"</span>
							<div class='pre'>passed</div>
					</li>
					<li test-id='37' class='node and pass' status='pass'><b>And</b>
						<span class="bdd-step-name">And enters data in type here text box "Arun"</span>
							<div class='pre'>passed</div>
					</li>
					<li test-id='38' class='node then fail' status='fail'><b>Then</b>
						<span class="bdd-step-name">Then clicks on download pdf button</span>
						<ul class='screenshots right'>
							<li><a data-featherlight="image" href="D:\DRC_Franky\DRC_VAT\test-output\Thu Jun 28\screenshots\Validate Filter Functionality_192624.png"><i class='material-icons'>panorama</i></a></li>
						</ul>
							<div class='pre'><pre>org.openqa.selenium.NoSuchElementException: no such element: Unable to locate element: {"method":"xpath","selector":"//*[contains(@class,'btn btn-primary mr-2 ng-star-inserted')]"}
  (Session info: chrome=67.0.3396.99)
  (Driver info: chromedriver=2.38.552522 (437e6fbedfa8762dec75e2c5b3ddb86763dc9dcb),platform=Windows NT 10.0.16299 x86_64) (WARNING: The server did not provide any stacktrace information)
Command duration or timeout: 0 milliseconds
For documentation on this error, please visit: http://seleniumhq.org/exceptions/no_such_element.html
Build info: version: '3.11.0', revision: 'e59cfb3', time: '2018-03-11T20:26:55.152Z'
System info: host: 'CS84-PC', ip: '192.168.194.2', os.name: 'Windows 10', os.arch: 'amd64', os.version: '10.0', java.version: '1.8.0_171'
Driver info: org.openqa.selenium.chrome.ChromeDriver
Capabilities {acceptInsecureCerts: false, acceptSslCerts: false, applicationCacheEnabled: false, browserConnectionEnabled: false, browserName: chrome, chrome: {chromedriverVersion: 2.38.552522 (437e6fbedfa876..., userDataDir: C:\Users\admin\AppData\Loca...}, cssSelectorsEnabled: true, databaseEnabled: false, handlesAlerts: true, hasTouchScreen: false, javascriptEnabled: true, locationContextEnabled: true, mobileEmulationEnabled: false, nativeEvents: true, networkConnectionEnabled: false, pageLoadStrategy: normal, platform: XP, platformName: XP, rotatable: false, setWindowRect: true, takesHeapSnapshot: true, takesScreenshot: true, unexpectedAlertBehaviour: , unhandledPromptBehavior: , version: 67.0.3396.99, webStorageEnabled: true}
Session ID: e8f06dd9b3ead4f6926a056f34376cd2
*** Element info: {Using=xpath, value=//*[contains(@class,'btn btn-primary mr-2 ng-star-inserted')]}
	at sun.reflect.NativeConstructorAccessorImpl.newInstance0(Native Method)
	at sun.reflect.NativeConstructorAccessorImpl.newInstance(Unknown Source)
	at sun.reflect.DelegatingConstructorAccessorImpl.newInstance(Unknown Source)
	at java.lang.reflect.Constructor.newInstance(Unknown Source)
	at org.openqa.selenium.remote.ErrorHandler.createThrowable(ErrorHandler.java:214)
	at org.openqa.selenium.remote.ErrorHandler.throwIfResponseFailed(ErrorHandler.java:166)
	at org.openqa.selenium.remote.http.JsonHttpResponseCodec.reconstructValue(JsonHttpResponseCodec.java:40)
	at org.openqa.selenium.remote.http.AbstractHttpResponseCodec.decode(AbstractHttpResponseCodec.java:80)
	at org.openqa.selenium.remote.http.AbstractHttpResponseCodec.decode(AbstractHttpResponseCodec.java:44)
	at org.openqa.selenium.remote.HttpCommandExecutor.execute(HttpCommandExecutor.java:158)
	at org.openqa.selenium.remote.service.DriverCommandExecutor.execute(DriverCommandExecutor.java:83)
	at org.openqa.selenium.remote.RemoteWebDriver.execute(RemoteWebDriver.java:545)
	at org.openqa.selenium.remote.RemoteWebDriver.findElement(RemoteWebDriver.java:319)
	at org.openqa.selenium.remote.RemoteWebDriver.findElementByXPath(RemoteWebDriver.java:421)
	at org.openqa.selenium.By$ByXPath.findElement(By.java:361)
	at org.openqa.selenium.remote.RemoteWebDriver.findElement(RemoteWebDriver.java:311)
	at org.drc.vat.appmanager.HelperBase.clickOn(HelperBase.java:60)
	at org.drc.vat.StepDefinitions.ManageVatRegistration.clicks_on_download_pdf_button(ManageVatRegistration.java:67)
	at ?.Then clicks on download pdf button(features/ManageVatRegistration.feature:8)
</pre></div>
					</li>
				</ul>
		</li>
		<li test-id='39' class='node scenario fail' status='fail'>
			
			<b>Scenario</b>
			
			<span class="bdd-step-name">Validate Filter Functionality</span>
			
				<ul class='steps'>
					<li test-id='40' class='node given pass' status='pass'><b>Given</b>
						<span class="bdd-step-name">Given User is on Internal Portal</span>
							<div class='pre'>passed</div>
					</li>
					<li test-id='41' class='node when pass' status='pass'><b>When</b>
						<span class="bdd-step-name">When user selects Manage Vat Registraion</span>
							<div class='pre'>passed</div>
					</li>
					<li test-id='42' class='node then pass' status='pass'><b>Then</b>
						<span class="bdd-step-name">Then user selects value from filter drop down "Name of Business/Applicant"</span>
							<div class='pre'>passed</div>
					</li>
					<li test-id='43' class='node and pass' status='pass'><b>And</b>
						<span class="bdd-step-name">And enters data in type here text box "ritesh"</span>
							<div class='pre'>passed</div>
					</li>
					<li test-id='44' class='node then fail' status='fail'><b>Then</b>
						<span class="bdd-step-name">Then clicks on download pdf button</span>
						<ul class='screenshots right'>
							<li><a data-featherlight="image" href="D:\DRC_Franky\DRC_VAT\test-output\Thu Jun 28\screenshots\Validate Filter Functionality_192647.png"><i class='material-icons'>panorama</i></a></li>
						</ul>
							<div class='pre'><pre>org.openqa.selenium.NoSuchElementException: no such element: Unable to locate element: {"method":"xpath","selector":"//*[contains(@class,'btn btn-primary mr-2 ng-star-inserted')]"}
  (Session info: chrome=67.0.3396.99)
  (Driver info: chromedriver=2.38.552522 (437e6fbedfa8762dec75e2c5b3ddb86763dc9dcb),platform=Windows NT 10.0.16299 x86_64) (WARNING: The server did not provide any stacktrace information)
Command duration or timeout: 0 milliseconds
For documentation on this error, please visit: http://seleniumhq.org/exceptions/no_such_element.html
Build info: version: '3.11.0', revision: 'e59cfb3', time: '2018-03-11T20:26:55.152Z'
System info: host: 'CS84-PC', ip: '192.168.194.2', os.name: 'Windows 10', os.arch: 'amd64', os.version: '10.0', java.version: '1.8.0_171'
Driver info: org.openqa.selenium.chrome.ChromeDriver
Capabilities {acceptInsecureCerts: false, acceptSslCerts: false, applicationCacheEnabled: false, browserConnectionEnabled: false, browserName: chrome, chrome: {chromedriverVersion: 2.38.552522 (437e6fbedfa876..., userDataDir: C:\Users\admin\AppData\Loca...}, cssSelectorsEnabled: true, databaseEnabled: false, handlesAlerts: true, hasTouchScreen: false, javascriptEnabled: true, locationContextEnabled: true, mobileEmulationEnabled: false, nativeEvents: true, networkConnectionEnabled: false, pageLoadStrategy: normal, platform: XP, platformName: XP, rotatable: false, setWindowRect: true, takesHeapSnapshot: true, takesScreenshot: true, unexpectedAlertBehaviour: , unhandledPromptBehavior: , version: 67.0.3396.99, webStorageEnabled: true}
Session ID: e8f06dd9b3ead4f6926a056f34376cd2
*** Element info: {Using=xpath, value=//*[contains(@class,'btn btn-primary mr-2 ng-star-inserted')]}
	at sun.reflect.NativeConstructorAccessorImpl.newInstance0(Native Method)
	at sun.reflect.NativeConstructorAccessorImpl.newInstance(Unknown Source)
	at sun.reflect.DelegatingConstructorAccessorImpl.newInstance(Unknown Source)
	at java.lang.reflect.Constructor.newInstance(Unknown Source)
	at org.openqa.selenium.remote.ErrorHandler.createThrowable(ErrorHandler.java:214)
	at org.openqa.selenium.remote.ErrorHandler.throwIfResponseFailed(ErrorHandler.java:166)
	at org.openqa.selenium.remote.http.JsonHttpResponseCodec.reconstructValue(JsonHttpResponseCodec.java:40)
	at org.openqa.selenium.remote.http.AbstractHttpResponseCodec.decode(AbstractHttpResponseCodec.java:80)
	at org.openqa.selenium.remote.http.AbstractHttpResponseCodec.decode(AbstractHttpResponseCodec.java:44)
	at org.openqa.selenium.remote.HttpCommandExecutor.execute(HttpCommandExecutor.java:158)
	at org.openqa.selenium.remote.service.DriverCommandExecutor.execute(DriverCommandExecutor.java:83)
	at org.openqa.selenium.remote.RemoteWebDriver.execute(RemoteWebDriver.java:545)
	at org.openqa.selenium.remote.RemoteWebDriver.findElement(RemoteWebDriver.java:319)
	at org.openqa.selenium.remote.RemoteWebDriver.findElementByXPath(RemoteWebDriver.java:421)
	at org.openqa.selenium.By$ByXPath.findElement(By.java:361)
	at org.openqa.selenium.remote.RemoteWebDriver.findElement(RemoteWebDriver.java:311)
	at org.drc.vat.appmanager.HelperBase.clickOn(HelperBase.java:60)
	at org.drc.vat.StepDefinitions.ManageVatRegistration.clicks_on_download_pdf_button(ManageVatRegistration.java:67)
	at ?.Then clicks on download pdf button(features/ManageVatRegistration.feature:8)
</pre></div>
					</li>
				</ul>
		</li>
		<li test-id='45' class='node scenario fail' status='fail'>
			
			<b>Scenario</b>
			
			<span class="bdd-step-name">Validate Filter Functionality</span>
			
				<ul class='steps'>
					<li test-id='46' class='node given pass' status='pass'><b>Given</b>
						<span class="bdd-step-name">Given User is on Internal Portal</span>
							<div class='pre'>passed</div>
					</li>
					<li test-id='47' class='node when pass' status='pass'><b>When</b>
						<span class="bdd-step-name">When user selects Manage Vat Registraion</span>
							<div class='pre'>passed</div>
					</li>
					<li test-id='48' class='node then pass' status='pass'><b>Then</b>
						<span class="bdd-step-name">Then user selects value from filter drop down "Taxpayer Sub Category"</span>
							<div class='pre'>passed</div>
					</li>
					<li test-id='49' class='node and pass' status='pass'><b>And</b>
						<span class="bdd-step-name">And enters data in type here text box "Individual"</span>
							<div class='pre'>passed</div>
					</li>
					<li test-id='50' class='node then fail' status='fail'><b>Then</b>
						<span class="bdd-step-name">Then clicks on download pdf button</span>
						<ul class='screenshots right'>
							<li><a data-featherlight="image" href="D:\DRC_Franky\DRC_VAT\test-output\Thu Jun 28\screenshots\Validate Filter Functionality_192711.png"><i class='material-icons'>panorama</i></a></li>
						</ul>
							<div class='pre'><pre>org.openqa.selenium.NoSuchElementException: no such element: Unable to locate element: {"method":"xpath","selector":"//*[contains(@class,'btn btn-primary mr-2 ng-star-inserted')]"}
  (Session info: chrome=67.0.3396.99)
  (Driver info: chromedriver=2.38.552522 (437e6fbedfa8762dec75e2c5b3ddb86763dc9dcb),platform=Windows NT 10.0.16299 x86_64) (WARNING: The server did not provide any stacktrace information)
Command duration or timeout: 0 milliseconds
For documentation on this error, please visit: http://seleniumhq.org/exceptions/no_such_element.html
Build info: version: '3.11.0', revision: 'e59cfb3', time: '2018-03-11T20:26:55.152Z'
System info: host: 'CS84-PC', ip: '192.168.194.2', os.name: 'Windows 10', os.arch: 'amd64', os.version: '10.0', java.version: '1.8.0_171'
Driver info: org.openqa.selenium.chrome.ChromeDriver
Capabilities {acceptInsecureCerts: false, acceptSslCerts: false, applicationCacheEnabled: false, browserConnectionEnabled: false, browserName: chrome, chrome: {chromedriverVersion: 2.38.552522 (437e6fbedfa876..., userDataDir: C:\Users\admin\AppData\Loca...}, cssSelectorsEnabled: true, databaseEnabled: false, handlesAlerts: true, hasTouchScreen: false, javascriptEnabled: true, locationContextEnabled: true, mobileEmulationEnabled: false, nativeEvents: true, networkConnectionEnabled: false, pageLoadStrategy: normal, platform: XP, platformName: XP, rotatable: false, setWindowRect: true, takesHeapSnapshot: true, takesScreenshot: true, unexpectedAlertBehaviour: , unhandledPromptBehavior: , version: 67.0.3396.99, webStorageEnabled: true}
Session ID: e8f06dd9b3ead4f6926a056f34376cd2
*** Element info: {Using=xpath, value=//*[contains(@class,'btn btn-primary mr-2 ng-star-inserted')]}
	at sun.reflect.NativeConstructorAccessorImpl.newInstance0(Native Method)
	at sun.reflect.NativeConstructorAccessorImpl.newInstance(Unknown Source)
	at sun.reflect.DelegatingConstructorAccessorImpl.newInstance(Unknown Source)
	at java.lang.reflect.Constructor.newInstance(Unknown Source)
	at org.openqa.selenium.remote.ErrorHandler.createThrowable(ErrorHandler.java:214)
	at org.openqa.selenium.remote.ErrorHandler.throwIfResponseFailed(ErrorHandler.java:166)
	at org.openqa.selenium.remote.http.JsonHttpResponseCodec.reconstructValue(JsonHttpResponseCodec.java:40)
	at org.openqa.selenium.remote.http.AbstractHttpResponseCodec.decode(AbstractHttpResponseCodec.java:80)
	at org.openqa.selenium.remote.http.AbstractHttpResponseCodec.decode(AbstractHttpResponseCodec.java:44)
	at org.openqa.selenium.remote.HttpCommandExecutor.execute(HttpCommandExecutor.java:158)
	at org.openqa.selenium.remote.service.DriverCommandExecutor.execute(DriverCommandExecutor.java:83)
	at org.openqa.selenium.remote.RemoteWebDriver.execute(RemoteWebDriver.java:545)
	at org.openqa.selenium.remote.RemoteWebDriver.findElement(RemoteWebDriver.java:319)
	at org.openqa.selenium.remote.RemoteWebDriver.findElementByXPath(RemoteWebDriver.java:421)
	at org.openqa.selenium.By$ByXPath.findElement(By.java:361)
	at org.openqa.selenium.remote.RemoteWebDriver.findElement(RemoteWebDriver.java:311)
	at org.drc.vat.appmanager.HelperBase.clickOn(HelperBase.java:60)
	at org.drc.vat.StepDefinitions.ManageVatRegistration.clicks_on_download_pdf_button(ManageVatRegistration.java:67)
	at ?.Then clicks on download pdf button(features/ManageVatRegistration.feature:8)
</pre></div>
					</li>
				</ul>
		</li>
		<li test-id='51' class='node scenario fail' status='fail'>
			
			<b>Scenario</b>
			
			<span class="bdd-step-name">Validate Filter Functionality</span>
			
				<ul class='steps'>
					<li test-id='52' class='node given pass' status='pass'><b>Given</b>
						<span class="bdd-step-name">Given User is on Internal Portal</span>
							<div class='pre'>passed</div>
					</li>
					<li test-id='53' class='node when pass' status='pass'><b>When</b>
						<span class="bdd-step-name">When user selects Manage Vat Registraion</span>
							<div class='pre'>passed</div>
					</li>
					<li test-id='54' class='node then pass' status='pass'><b>Then</b>
						<span class="bdd-step-name">Then user selects value from filter drop down "Taxpayer Sub Category"</span>
							<div class='pre'>passed</div>
					</li>
					<li test-id='55' class='node and pass' status='pass'><b>And</b>
						<span class="bdd-step-name">And enters data in type here text box "Incorporated Bodies"</span>
							<div class='pre'>passed</div>
					</li>
					<li test-id='56' class='node then fail' status='fail'><b>Then</b>
						<span class="bdd-step-name">Then clicks on download pdf button</span>
						<ul class='screenshots right'>
							<li><a data-featherlight="image" href="D:\DRC_Franky\DRC_VAT\test-output\Thu Jun 28\screenshots\Validate Filter Functionality_192735.png"><i class='material-icons'>panorama</i></a></li>
						</ul>
							<div class='pre'><pre>org.openqa.selenium.NoSuchElementException: no such element: Unable to locate element: {"method":"xpath","selector":"//*[contains(@class,'btn btn-primary mr-2 ng-star-inserted')]"}
  (Session info: chrome=67.0.3396.99)
  (Driver info: chromedriver=2.38.552522 (437e6fbedfa8762dec75e2c5b3ddb86763dc9dcb),platform=Windows NT 10.0.16299 x86_64) (WARNING: The server did not provide any stacktrace information)
Command duration or timeout: 0 milliseconds
For documentation on this error, please visit: http://seleniumhq.org/exceptions/no_such_element.html
Build info: version: '3.11.0', revision: 'e59cfb3', time: '2018-03-11T20:26:55.152Z'
System info: host: 'CS84-PC', ip: '192.168.194.2', os.name: 'Windows 10', os.arch: 'amd64', os.version: '10.0', java.version: '1.8.0_171'
Driver info: org.openqa.selenium.chrome.ChromeDriver
Capabilities {acceptInsecureCerts: false, acceptSslCerts: false, applicationCacheEnabled: false, browserConnectionEnabled: false, browserName: chrome, chrome: {chromedriverVersion: 2.38.552522 (437e6fbedfa876..., userDataDir: C:\Users\admin\AppData\Loca...}, cssSelectorsEnabled: true, databaseEnabled: false, handlesAlerts: true, hasTouchScreen: false, javascriptEnabled: true, locationContextEnabled: true, mobileEmulationEnabled: false, nativeEvents: true, networkConnectionEnabled: false, pageLoadStrategy: normal, platform: XP, platformName: XP, rotatable: false, setWindowRect: true, takesHeapSnapshot: true, takesScreenshot: true, unexpectedAlertBehaviour: , unhandledPromptBehavior: , version: 67.0.3396.99, webStorageEnabled: true}
Session ID: e8f06dd9b3ead4f6926a056f34376cd2
*** Element info: {Using=xpath, value=//*[contains(@class,'btn btn-primary mr-2 ng-star-inserted')]}
	at sun.reflect.NativeConstructorAccessorImpl.newInstance0(Native Method)
	at sun.reflect.NativeConstructorAccessorImpl.newInstance(Unknown Source)
	at sun.reflect.DelegatingConstructorAccessorImpl.newInstance(Unknown Source)
	at java.lang.reflect.Constructor.newInstance(Unknown Source)
	at org.openqa.selenium.remote.ErrorHandler.createThrowable(ErrorHandler.java:214)
	at org.openqa.selenium.remote.ErrorHandler.throwIfResponseFailed(ErrorHandler.java:166)
	at org.openqa.selenium.remote.http.JsonHttpResponseCodec.reconstructValue(JsonHttpResponseCodec.java:40)
	at org.openqa.selenium.remote.http.AbstractHttpResponseCodec.decode(AbstractHttpResponseCodec.java:80)
	at org.openqa.selenium.remote.http.AbstractHttpResponseCodec.decode(AbstractHttpResponseCodec.java:44)
	at org.openqa.selenium.remote.HttpCommandExecutor.execute(HttpCommandExecutor.java:158)
	at org.openqa.selenium.remote.service.DriverCommandExecutor.execute(DriverCommandExecutor.java:83)
	at org.openqa.selenium.remote.RemoteWebDriver.execute(RemoteWebDriver.java:545)
	at org.openqa.selenium.remote.RemoteWebDriver.findElement(RemoteWebDriver.java:319)
	at org.openqa.selenium.remote.RemoteWebDriver.findElementByXPath(RemoteWebDriver.java:421)
	at org.openqa.selenium.By$ByXPath.findElement(By.java:361)
	at org.openqa.selenium.remote.RemoteWebDriver.findElement(RemoteWebDriver.java:311)
	at org.drc.vat.appmanager.HelperBase.clickOn(HelperBase.java:60)
	at org.drc.vat.StepDefinitions.ManageVatRegistration.clicks_on_download_pdf_button(ManageVatRegistration.java:67)
	at ?.Then clicks on download pdf button(features/ManageVatRegistration.feature:8)
</pre></div>
					</li>
				</ul>
		</li>
		<li test-id='57' class='node scenario fail' status='fail'>
			
			<b>Scenario</b>
			
			<span class="bdd-step-name">Validate Filter Functionality</span>
			
				<ul class='steps'>
					<li test-id='58' class='node given pass' status='pass'><b>Given</b>
						<span class="bdd-step-name">Given User is on Internal Portal</span>
							<div class='pre'>passed</div>
					</li>
					<li test-id='59' class='node when pass' status='pass'><b>When</b>
						<span class="bdd-step-name">When user selects Manage Vat Registraion</span>
							<div class='pre'>passed</div>
					</li>
					<li test-id='60' class='node then pass' status='pass'><b>Then</b>
						<span class="bdd-step-name">Then user selects value from filter drop down "Location"</span>
							<div class='pre'>passed</div>
					</li>
					<li test-id='61' class='node and pass' status='pass'><b>And</b>
						<span class="bdd-step-name">And enters data in type here text box "Banana"</span>
							<div class='pre'>passed</div>
					</li>
					<li test-id='62' class='node then fail' status='fail'><b>Then</b>
						<span class="bdd-step-name">Then clicks on download pdf button</span>
						<ul class='screenshots right'>
							<li><a data-featherlight="image" href="D:\DRC_Franky\DRC_VAT\test-output\Thu Jun 28\screenshots\Validate Filter Functionality_192759.png"><i class='material-icons'>panorama</i></a></li>
						</ul>
							<div class='pre'><pre>org.openqa.selenium.NoSuchElementException: no such element: Unable to locate element: {"method":"xpath","selector":"//*[contains(@class,'btn btn-primary mr-2 ng-star-inserted')]"}
  (Session info: chrome=67.0.3396.99)
  (Driver info: chromedriver=2.38.552522 (437e6fbedfa8762dec75e2c5b3ddb86763dc9dcb),platform=Windows NT 10.0.16299 x86_64) (WARNING: The server did not provide any stacktrace information)
Command duration or timeout: 0 milliseconds
For documentation on this error, please visit: http://seleniumhq.org/exceptions/no_such_element.html
Build info: version: '3.11.0', revision: 'e59cfb3', time: '2018-03-11T20:26:55.152Z'
System info: host: 'CS84-PC', ip: '192.168.194.2', os.name: 'Windows 10', os.arch: 'amd64', os.version: '10.0', java.version: '1.8.0_171'
Driver info: org.openqa.selenium.chrome.ChromeDriver
Capabilities {acceptInsecureCerts: false, acceptSslCerts: false, applicationCacheEnabled: false, browserConnectionEnabled: false, browserName: chrome, chrome: {chromedriverVersion: 2.38.552522 (437e6fbedfa876..., userDataDir: C:\Users\admin\AppData\Loca...}, cssSelectorsEnabled: true, databaseEnabled: false, handlesAlerts: true, hasTouchScreen: false, javascriptEnabled: true, locationContextEnabled: true, mobileEmulationEnabled: false, nativeEvents: true, networkConnectionEnabled: false, pageLoadStrategy: normal, platform: XP, platformName: XP, rotatable: false, setWindowRect: true, takesHeapSnapshot: true, takesScreenshot: true, unexpectedAlertBehaviour: , unhandledPromptBehavior: , version: 67.0.3396.99, webStorageEnabled: true}
Session ID: e8f06dd9b3ead4f6926a056f34376cd2
*** Element info: {Using=xpath, value=//*[contains(@class,'btn btn-primary mr-2 ng-star-inserted')]}
	at sun.reflect.NativeConstructorAccessorImpl.newInstance0(Native Method)
	at sun.reflect.NativeConstructorAccessorImpl.newInstance(Unknown Source)
	at sun.reflect.DelegatingConstructorAccessorImpl.newInstance(Unknown Source)
	at java.lang.reflect.Constructor.newInstance(Unknown Source)
	at org.openqa.selenium.remote.ErrorHandler.createThrowable(ErrorHandler.java:214)
	at org.openqa.selenium.remote.ErrorHandler.throwIfResponseFailed(ErrorHandler.java:166)
	at org.openqa.selenium.remote.http.JsonHttpResponseCodec.reconstructValue(JsonHttpResponseCodec.java:40)
	at org.openqa.selenium.remote.http.AbstractHttpResponseCodec.decode(AbstractHttpResponseCodec.java:80)
	at org.openqa.selenium.remote.http.AbstractHttpResponseCodec.decode(AbstractHttpResponseCodec.java:44)
	at org.openqa.selenium.remote.HttpCommandExecutor.execute(HttpCommandExecutor.java:158)
	at org.openqa.selenium.remote.service.DriverCommandExecutor.execute(DriverCommandExecutor.java:83)
	at org.openqa.selenium.remote.RemoteWebDriver.execute(RemoteWebDriver.java:545)
	at org.openqa.selenium.remote.RemoteWebDriver.findElement(RemoteWebDriver.java:319)
	at org.openqa.selenium.remote.RemoteWebDriver.findElementByXPath(RemoteWebDriver.java:421)
	at org.openqa.selenium.By$ByXPath.findElement(By.java:361)
	at org.openqa.selenium.remote.RemoteWebDriver.findElement(RemoteWebDriver.java:311)
	at org.drc.vat.appmanager.HelperBase.clickOn(HelperBase.java:60)
	at org.drc.vat.StepDefinitions.ManageVatRegistration.clicks_on_download_pdf_button(ManageVatRegistration.java:67)
	at ?.Then clicks on download pdf button(features/ManageVatRegistration.feature:8)
</pre></div>
					</li>
				</ul>
		</li>
		<li test-id='63' class='node scenario fail' status='fail'>
			
			<b>Scenario</b>
			
			<span class="bdd-step-name">Validate Filter Functionality</span>
			
				<ul class='steps'>
					<li test-id='64' class='node given pass' status='pass'><b>Given</b>
						<span class="bdd-step-name">Given User is on Internal Portal</span>
							<div class='pre'>passed</div>
					</li>
					<li test-id='65' class='node when pass' status='pass'><b>When</b>
						<span class="bdd-step-name">When user selects Manage Vat Registraion</span>
							<div class='pre'>passed</div>
					</li>
					<li test-id='66' class='node then pass' status='pass'><b>Then</b>
						<span class="bdd-step-name">Then user selects value from filter drop down "Last Updated Date"</span>
							<div class='pre'>passed</div>
					</li>
					<li test-id='67' class='node and pass' status='pass'><b>And</b>
						<span class="bdd-step-name">And enters data in type here text box "06/19/2018"</span>
							<div class='pre'>passed</div>
					</li>
					<li test-id='68' class='node then fail' status='fail'><b>Then</b>
						<span class="bdd-step-name">Then clicks on download pdf button</span>
						<ul class='screenshots right'>
							<li><a data-featherlight="image" href="D:\DRC_Franky\DRC_VAT\test-output\Thu Jun 28\screenshots\Validate Filter Functionality_192823.png"><i class='material-icons'>panorama</i></a></li>
						</ul>
							<div class='pre'><pre>org.openqa.selenium.NoSuchElementException: no such element: Unable to locate element: {"method":"xpath","selector":"//*[contains(@class,'btn btn-primary mr-2 ng-star-inserted')]"}
  (Session info: chrome=67.0.3396.99)
  (Driver info: chromedriver=2.38.552522 (437e6fbedfa8762dec75e2c5b3ddb86763dc9dcb),platform=Windows NT 10.0.16299 x86_64) (WARNING: The server did not provide any stacktrace information)
Command duration or timeout: 0 milliseconds
For documentation on this error, please visit: http://seleniumhq.org/exceptions/no_such_element.html
Build info: version: '3.11.0', revision: 'e59cfb3', time: '2018-03-11T20:26:55.152Z'
System info: host: 'CS84-PC', ip: '192.168.194.2', os.name: 'Windows 10', os.arch: 'amd64', os.version: '10.0', java.version: '1.8.0_171'
Driver info: org.openqa.selenium.chrome.ChromeDriver
Capabilities {acceptInsecureCerts: false, acceptSslCerts: false, applicationCacheEnabled: false, browserConnectionEnabled: false, browserName: chrome, chrome: {chromedriverVersion: 2.38.552522 (437e6fbedfa876..., userDataDir: C:\Users\admin\AppData\Loca...}, cssSelectorsEnabled: true, databaseEnabled: false, handlesAlerts: true, hasTouchScreen: false, javascriptEnabled: true, locationContextEnabled: true, mobileEmulationEnabled: false, nativeEvents: true, networkConnectionEnabled: false, pageLoadStrategy: normal, platform: XP, platformName: XP, rotatable: false, setWindowRect: true, takesHeapSnapshot: true, takesScreenshot: true, unexpectedAlertBehaviour: , unhandledPromptBehavior: , version: 67.0.3396.99, webStorageEnabled: true}
Session ID: e8f06dd9b3ead4f6926a056f34376cd2
*** Element info: {Using=xpath, value=//*[contains(@class,'btn btn-primary mr-2 ng-star-inserted')]}
	at sun.reflect.NativeConstructorAccessorImpl.newInstance0(Native Method)
	at sun.reflect.NativeConstructorAccessorImpl.newInstance(Unknown Source)
	at sun.reflect.DelegatingConstructorAccessorImpl.newInstance(Unknown Source)
	at java.lang.reflect.Constructor.newInstance(Unknown Source)
	at org.openqa.selenium.remote.ErrorHandler.createThrowable(ErrorHandler.java:214)
	at org.openqa.selenium.remote.ErrorHandler.throwIfResponseFailed(ErrorHandler.java:166)
	at org.openqa.selenium.remote.http.JsonHttpResponseCodec.reconstructValue(JsonHttpResponseCodec.java:40)
	at org.openqa.selenium.remote.http.AbstractHttpResponseCodec.decode(AbstractHttpResponseCodec.java:80)
	at org.openqa.selenium.remote.http.AbstractHttpResponseCodec.decode(AbstractHttpResponseCodec.java:44)
	at org.openqa.selenium.remote.HttpCommandExecutor.execute(HttpCommandExecutor.java:158)
	at org.openqa.selenium.remote.service.DriverCommandExecutor.execute(DriverCommandExecutor.java:83)
	at org.openqa.selenium.remote.RemoteWebDriver.execute(RemoteWebDriver.java:545)
	at org.openqa.selenium.remote.RemoteWebDriver.findElement(RemoteWebDriver.java:319)
	at org.openqa.selenium.remote.RemoteWebDriver.findElementByXPath(RemoteWebDriver.java:421)
	at org.openqa.selenium.By$ByXPath.findElement(By.java:361)
	at org.openqa.selenium.remote.RemoteWebDriver.findElement(RemoteWebDriver.java:311)
	at org.drc.vat.appmanager.HelperBase.clickOn(HelperBase.java:60)
	at org.drc.vat.StepDefinitions.ManageVatRegistration.clicks_on_download_pdf_button(ManageVatRegistration.java:67)
	at ?.Then clicks on download pdf button(features/ManageVatRegistration.feature:8)
</pre></div>
					</li>
				</ul>
		</li>
		<li test-id='69' class='node scenario fail' status='fail'>
			
			<b>Scenario</b>
			
			<span class="bdd-step-name">Validate Filter Functionality</span>
			
				<ul class='steps'>
					<li test-id='70' class='node given pass' status='pass'><b>Given</b>
						<span class="bdd-step-name">Given User is on Internal Portal</span>
							<div class='pre'>passed</div>
					</li>
					<li test-id='71' class='node when pass' status='pass'><b>When</b>
						<span class="bdd-step-name">When user selects Manage Vat Registraion</span>
							<div class='pre'>passed</div>
					</li>
					<li test-id='72' class='node then pass' status='pass'><b>Then</b>
						<span class="bdd-step-name">Then user selects value from filter drop down "Last Updated Date"</span>
							<div class='pre'>passed</div>
					</li>
					<li test-id='73' class='node and pass' status='pass'><b>And</b>
						<span class="bdd-step-name">And enters data in type here text box "06/18/2018"</span>
							<div class='pre'>passed</div>
					</li>
					<li test-id='74' class='node then fail' status='fail'><b>Then</b>
						<span class="bdd-step-name">Then clicks on download pdf button</span>
						<ul class='screenshots right'>
							<li><a data-featherlight="image" href="D:\DRC_Franky\DRC_VAT\test-output\Thu Jun 28\screenshots\Validate Filter Functionality_192847.png"><i class='material-icons'>panorama</i></a></li>
						</ul>
							<div class='pre'><pre>org.openqa.selenium.NoSuchElementException: no such element: Unable to locate element: {"method":"xpath","selector":"//*[contains(@class,'btn btn-primary mr-2 ng-star-inserted')]"}
  (Session info: chrome=67.0.3396.99)
  (Driver info: chromedriver=2.38.552522 (437e6fbedfa8762dec75e2c5b3ddb86763dc9dcb),platform=Windows NT 10.0.16299 x86_64) (WARNING: The server did not provide any stacktrace information)
Command duration or timeout: 0 milliseconds
For documentation on this error, please visit: http://seleniumhq.org/exceptions/no_such_element.html
Build info: version: '3.11.0', revision: 'e59cfb3', time: '2018-03-11T20:26:55.152Z'
System info: host: 'CS84-PC', ip: '192.168.194.2', os.name: 'Windows 10', os.arch: 'amd64', os.version: '10.0', java.version: '1.8.0_171'
Driver info: org.openqa.selenium.chrome.ChromeDriver
Capabilities {acceptInsecureCerts: false, acceptSslCerts: false, applicationCacheEnabled: false, browserConnectionEnabled: false, browserName: chrome, chrome: {chromedriverVersion: 2.38.552522 (437e6fbedfa876..., userDataDir: C:\Users\admin\AppData\Loca...}, cssSelectorsEnabled: true, databaseEnabled: false, handlesAlerts: true, hasTouchScreen: false, javascriptEnabled: true, locationContextEnabled: true, mobileEmulationEnabled: false, nativeEvents: true, networkConnectionEnabled: false, pageLoadStrategy: normal, platform: XP, platformName: XP, rotatable: false, setWindowRect: true, takesHeapSnapshot: true, takesScreenshot: true, unexpectedAlertBehaviour: , unhandledPromptBehavior: , version: 67.0.3396.99, webStorageEnabled: true}
Session ID: e8f06dd9b3ead4f6926a056f34376cd2
*** Element info: {Using=xpath, value=//*[contains(@class,'btn btn-primary mr-2 ng-star-inserted')]}
	at sun.reflect.NativeConstructorAccessorImpl.newInstance0(Native Method)
	at sun.reflect.NativeConstructorAccessorImpl.newInstance(Unknown Source)
	at sun.reflect.DelegatingConstructorAccessorImpl.newInstance(Unknown Source)
	at java.lang.reflect.Constructor.newInstance(Unknown Source)
	at org.openqa.selenium.remote.ErrorHandler.createThrowable(ErrorHandler.java:214)
	at org.openqa.selenium.remote.ErrorHandler.throwIfResponseFailed(ErrorHandler.java:166)
	at org.openqa.selenium.remote.http.JsonHttpResponseCodec.reconstructValue(JsonHttpResponseCodec.java:40)
	at org.openqa.selenium.remote.http.AbstractHttpResponseCodec.decode(AbstractHttpResponseCodec.java:80)
	at org.openqa.selenium.remote.http.AbstractHttpResponseCodec.decode(AbstractHttpResponseCodec.java:44)
	at org.openqa.selenium.remote.HttpCommandExecutor.execute(HttpCommandExecutor.java:158)
	at org.openqa.selenium.remote.service.DriverCommandExecutor.execute(DriverCommandExecutor.java:83)
	at org.openqa.selenium.remote.RemoteWebDriver.execute(RemoteWebDriver.java:545)
	at org.openqa.selenium.remote.RemoteWebDriver.findElement(RemoteWebDriver.java:319)
	at org.openqa.selenium.remote.RemoteWebDriver.findElementByXPath(RemoteWebDriver.java:421)
	at org.openqa.selenium.By$ByXPath.findElement(By.java:361)
	at org.openqa.selenium.remote.RemoteWebDriver.findElement(RemoteWebDriver.java:311)
	at org.drc.vat.appmanager.HelperBase.clickOn(HelperBase.java:60)
	at org.drc.vat.StepDefinitions.ManageVatRegistration.clicks_on_download_pdf_button(ManageVatRegistration.java:67)
	at ?.Then clicks on download pdf button(features/ManageVatRegistration.feature:8)
</pre></div>
					</li>
				</ul>
		</li>
		<li test-id='75' class='node scenario fail' status='fail'>
			
			<b>Scenario</b>
			
			<span class="bdd-step-name">Validate Filter Functionality</span>
			
				<ul class='steps'>
					<li test-id='76' class='node given pass' status='pass'><b>Given</b>
						<span class="bdd-step-name">Given User is on Internal Portal</span>
							<div class='pre'>passed</div>
					</li>
					<li test-id='77' class='node when pass' status='pass'><b>When</b>
						<span class="bdd-step-name">When user selects Manage Vat Registraion</span>
							<div class='pre'>passed</div>
					</li>
					<li test-id='78' class='node then pass' status='pass'><b>Then</b>
						<span class="bdd-step-name">Then user selects value from filter drop down "Tax Officer"</span>
							<div class='pre'>passed</div>
					</li>
					<li test-id='79' class='node and pass' status='pass'><b>And</b>
						<span class="bdd-step-name">And enters data in type here text box "officer16"</span>
							<div class='pre'>passed</div>
					</li>
					<li test-id='80' class='node then fail' status='fail'><b>Then</b>
						<span class="bdd-step-name">Then clicks on download pdf button</span>
						<ul class='screenshots right'>
							<li><a data-featherlight="image" href="D:\DRC_Franky\DRC_VAT\test-output\Thu Jun 28\screenshots\Validate Filter Functionality_192910.png"><i class='material-icons'>panorama</i></a></li>
						</ul>
							<div class='pre'><pre>org.openqa.selenium.NoSuchElementException: no such element: Unable to locate element: {"method":"xpath","selector":"//*[contains(@class,'btn btn-primary mr-2 ng-star-inserted')]"}
  (Session info: chrome=67.0.3396.99)
  (Driver info: chromedriver=2.38.552522 (437e6fbedfa8762dec75e2c5b3ddb86763dc9dcb),platform=Windows NT 10.0.16299 x86_64) (WARNING: The server did not provide any stacktrace information)
Command duration or timeout: 0 milliseconds
For documentation on this error, please visit: http://seleniumhq.org/exceptions/no_such_element.html
Build info: version: '3.11.0', revision: 'e59cfb3', time: '2018-03-11T20:26:55.152Z'
System info: host: 'CS84-PC', ip: '192.168.194.2', os.name: 'Windows 10', os.arch: 'amd64', os.version: '10.0', java.version: '1.8.0_171'
Driver info: org.openqa.selenium.chrome.ChromeDriver
Capabilities {acceptInsecureCerts: false, acceptSslCerts: false, applicationCacheEnabled: false, browserConnectionEnabled: false, browserName: chrome, chrome: {chromedriverVersion: 2.38.552522 (437e6fbedfa876..., userDataDir: C:\Users\admin\AppData\Loca...}, cssSelectorsEnabled: true, databaseEnabled: false, handlesAlerts: true, hasTouchScreen: false, javascriptEnabled: true, locationContextEnabled: true, mobileEmulationEnabled: false, nativeEvents: true, networkConnectionEnabled: false, pageLoadStrategy: normal, platform: XP, platformName: XP, rotatable: false, setWindowRect: true, takesHeapSnapshot: true, takesScreenshot: true, unexpectedAlertBehaviour: , unhandledPromptBehavior: , version: 67.0.3396.99, webStorageEnabled: true}
Session ID: e8f06dd9b3ead4f6926a056f34376cd2
*** Element info: {Using=xpath, value=//*[contains(@class,'btn btn-primary mr-2 ng-star-inserted')]}
	at sun.reflect.NativeConstructorAccessorImpl.newInstance0(Native Method)
	at sun.reflect.NativeConstructorAccessorImpl.newInstance(Unknown Source)
	at sun.reflect.DelegatingConstructorAccessorImpl.newInstance(Unknown Source)
	at java.lang.reflect.Constructor.newInstance(Unknown Source)
	at org.openqa.selenium.remote.ErrorHandler.createThrowable(ErrorHandler.java:214)
	at org.openqa.selenium.remote.ErrorHandler.throwIfResponseFailed(ErrorHandler.java:166)
	at org.openqa.selenium.remote.http.JsonHttpResponseCodec.reconstructValue(JsonHttpResponseCodec.java:40)
	at org.openqa.selenium.remote.http.AbstractHttpResponseCodec.decode(AbstractHttpResponseCodec.java:80)
	at org.openqa.selenium.remote.http.AbstractHttpResponseCodec.decode(AbstractHttpResponseCodec.java:44)
	at org.openqa.selenium.remote.HttpCommandExecutor.execute(HttpCommandExecutor.java:158)
	at org.openqa.selenium.remote.service.DriverCommandExecutor.execute(DriverCommandExecutor.java:83)
	at org.openqa.selenium.remote.RemoteWebDriver.execute(RemoteWebDriver.java:545)
	at org.openqa.selenium.remote.RemoteWebDriver.findElement(RemoteWebDriver.java:319)
	at org.openqa.selenium.remote.RemoteWebDriver.findElementByXPath(RemoteWebDriver.java:421)
	at org.openqa.selenium.By$ByXPath.findElement(By.java:361)
	at org.openqa.selenium.remote.RemoteWebDriver.findElement(RemoteWebDriver.java:311)
	at org.drc.vat.appmanager.HelperBase.clickOn(HelperBase.java:60)
	at org.drc.vat.StepDefinitions.ManageVatRegistration.clicks_on_download_pdf_button(ManageVatRegistration.java:67)
	at ?.Then clicks on download pdf button(features/ManageVatRegistration.feature:8)
</pre></div>
					</li>
				</ul>
		</li>
		<li test-id='81' class='node scenario fail' status='fail'>
			
			<b>Scenario</b>
			
			<span class="bdd-step-name">Validate Filter Functionality</span>
			
				<ul class='steps'>
					<li test-id='82' class='node given pass' status='pass'><b>Given</b>
						<span class="bdd-step-name">Given User is on Internal Portal</span>
							<div class='pre'>passed</div>
					</li>
					<li test-id='83' class='node when pass' status='pass'><b>When</b>
						<span class="bdd-step-name">When user selects Manage Vat Registraion</span>
							<div class='pre'>passed</div>
					</li>
					<li test-id='84' class='node then pass' status='pass'><b>Then</b>
						<span class="bdd-step-name">Then user selects value from filter drop down "Tax Officer"</span>
							<div class='pre'>passed</div>
					</li>
					<li test-id='85' class='node and pass' status='pass'><b>And</b>
						<span class="bdd-step-name">And enters data in type here text box "officer12"</span>
							<div class='pre'>passed</div>
					</li>
					<li test-id='86' class='node then fail' status='fail'><b>Then</b>
						<span class="bdd-step-name">Then clicks on download pdf button</span>
						<ul class='screenshots right'>
							<li><a data-featherlight="image" href="D:\DRC_Franky\DRC_VAT\test-output\Thu Jun 28\screenshots\Validate Filter Functionality_192934.png"><i class='material-icons'>panorama</i></a></li>
						</ul>
							<div class='pre'><pre>org.openqa.selenium.NoSuchElementException: no such element: Unable to locate element: {"method":"xpath","selector":"//*[contains(@class,'btn btn-primary mr-2 ng-star-inserted')]"}
  (Session info: chrome=67.0.3396.99)
  (Driver info: chromedriver=2.38.552522 (437e6fbedfa8762dec75e2c5b3ddb86763dc9dcb),platform=Windows NT 10.0.16299 x86_64) (WARNING: The server did not provide any stacktrace information)
Command duration or timeout: 0 milliseconds
For documentation on this error, please visit: http://seleniumhq.org/exceptions/no_such_element.html
Build info: version: '3.11.0', revision: 'e59cfb3', time: '2018-03-11T20:26:55.152Z'
System info: host: 'CS84-PC', ip: '192.168.194.2', os.name: 'Windows 10', os.arch: 'amd64', os.version: '10.0', java.version: '1.8.0_171'
Driver info: org.openqa.selenium.chrome.ChromeDriver
Capabilities {acceptInsecureCerts: false, acceptSslCerts: false, applicationCacheEnabled: false, browserConnectionEnabled: false, browserName: chrome, chrome: {chromedriverVersion: 2.38.552522 (437e6fbedfa876..., userDataDir: C:\Users\admin\AppData\Loca...}, cssSelectorsEnabled: true, databaseEnabled: false, handlesAlerts: true, hasTouchScreen: false, javascriptEnabled: true, locationContextEnabled: true, mobileEmulationEnabled: false, nativeEvents: true, networkConnectionEnabled: false, pageLoadStrategy: normal, platform: XP, platformName: XP, rotatable: false, setWindowRect: true, takesHeapSnapshot: true, takesScreenshot: true, unexpectedAlertBehaviour: , unhandledPromptBehavior: , version: 67.0.3396.99, webStorageEnabled: true}
Session ID: e8f06dd9b3ead4f6926a056f34376cd2
*** Element info: {Using=xpath, value=//*[contains(@class,'btn btn-primary mr-2 ng-star-inserted')]}
	at sun.reflect.NativeConstructorAccessorImpl.newInstance0(Native Method)
	at sun.reflect.NativeConstructorAccessorImpl.newInstance(Unknown Source)
	at sun.reflect.DelegatingConstructorAccessorImpl.newInstance(Unknown Source)
	at java.lang.reflect.Constructor.newInstance(Unknown Source)
	at org.openqa.selenium.remote.ErrorHandler.createThrowable(ErrorHandler.java:214)
	at org.openqa.selenium.remote.ErrorHandler.throwIfResponseFailed(ErrorHandler.java:166)
	at org.openqa.selenium.remote.http.JsonHttpResponseCodec.reconstructValue(JsonHttpResponseCodec.java:40)
	at org.openqa.selenium.remote.http.AbstractHttpResponseCodec.decode(AbstractHttpResponseCodec.java:80)
	at org.openqa.selenium.remote.http.AbstractHttpResponseCodec.decode(AbstractHttpResponseCodec.java:44)
	at org.openqa.selenium.remote.HttpCommandExecutor.execute(HttpCommandExecutor.java:158)
	at org.openqa.selenium.remote.service.DriverCommandExecutor.execute(DriverCommandExecutor.java:83)
	at org.openqa.selenium.remote.RemoteWebDriver.execute(RemoteWebDriver.java:545)
	at org.openqa.selenium.remote.RemoteWebDriver.findElement(RemoteWebDriver.java:319)
	at org.openqa.selenium.remote.RemoteWebDriver.findElementByXPath(RemoteWebDriver.java:421)
	at org.openqa.selenium.By$ByXPath.findElement(By.java:361)
	at org.openqa.selenium.remote.RemoteWebDriver.findElement(RemoteWebDriver.java:311)
	at org.drc.vat.appmanager.HelperBase.clickOn(HelperBase.java:60)
	at org.drc.vat.StepDefinitions.ManageVatRegistration.clicks_on_download_pdf_button(ManageVatRegistration.java:67)
	at ?.Then clicks on download pdf button(features/ManageVatRegistration.feature:8)
</pre></div>
					</li>
				</ul>
		</li>
		<li test-id='87' class='node scenario fail' status='fail'>
			
			<b>Scenario</b>
			
			<span class="bdd-step-name">Validate Filter Functionality</span>
			
				<ul class='steps'>
					<li test-id='88' class='node given pass' status='pass'><b>Given</b>
						<span class="bdd-step-name">Given User is on Internal Portal</span>
							<div class='pre'>passed</div>
					</li>
					<li test-id='89' class='node when pass' status='pass'><b>When</b>
						<span class="bdd-step-name">When user selects Manage Vat Registraion</span>
							<div class='pre'>passed</div>
					</li>
					<li test-id='90' class='node then pass' status='pass'><b>Then</b>
						<span class="bdd-step-name">Then user selects value from filter drop down "Status"</span>
							<div class='pre'>passed</div>
					</li>
					<li test-id='91' class='node and pass' status='pass'><b>And</b>
						<span class="bdd-step-name">And enters data in type here text box "Rejected"</span>
							<div class='pre'>passed</div>
					</li>
					<li test-id='92' class='node then fail' status='fail'><b>Then</b>
						<span class="bdd-step-name">Then clicks on download pdf button</span>
						<ul class='screenshots right'>
							<li><a data-featherlight="image" href="D:\DRC_Franky\DRC_VAT\test-output\Thu Jun 28\screenshots\Validate Filter Functionality_192957.png"><i class='material-icons'>panorama</i></a></li>
						</ul>
							<div class='pre'><pre>org.openqa.selenium.NoSuchElementException: no such element: Unable to locate element: {"method":"xpath","selector":"//*[contains(@class,'btn btn-primary mr-2 ng-star-inserted')]"}
  (Session info: chrome=67.0.3396.99)
  (Driver info: chromedriver=2.38.552522 (437e6fbedfa8762dec75e2c5b3ddb86763dc9dcb),platform=Windows NT 10.0.16299 x86_64) (WARNING: The server did not provide any stacktrace information)
Command duration or timeout: 0 milliseconds
For documentation on this error, please visit: http://seleniumhq.org/exceptions/no_such_element.html
Build info: version: '3.11.0', revision: 'e59cfb3', time: '2018-03-11T20:26:55.152Z'
System info: host: 'CS84-PC', ip: '192.168.194.2', os.name: 'Windows 10', os.arch: 'amd64', os.version: '10.0', java.version: '1.8.0_171'
Driver info: org.openqa.selenium.chrome.ChromeDriver
Capabilities {acceptInsecureCerts: false, acceptSslCerts: false, applicationCacheEnabled: false, browserConnectionEnabled: false, browserName: chrome, chrome: {chromedriverVersion: 2.38.552522 (437e6fbedfa876..., userDataDir: C:\Users\admin\AppData\Loca...}, cssSelectorsEnabled: true, databaseEnabled: false, handlesAlerts: true, hasTouchScreen: false, javascriptEnabled: true, locationContextEnabled: true, mobileEmulationEnabled: false, nativeEvents: true, networkConnectionEnabled: false, pageLoadStrategy: normal, platform: XP, platformName: XP, rotatable: false, setWindowRect: true, takesHeapSnapshot: true, takesScreenshot: true, unexpectedAlertBehaviour: , unhandledPromptBehavior: , version: 67.0.3396.99, webStorageEnabled: true}
Session ID: e8f06dd9b3ead4f6926a056f34376cd2
*** Element info: {Using=xpath, value=//*[contains(@class,'btn btn-primary mr-2 ng-star-inserted')]}
	at sun.reflect.NativeConstructorAccessorImpl.newInstance0(Native Method)
	at sun.reflect.NativeConstructorAccessorImpl.newInstance(Unknown Source)
	at sun.reflect.DelegatingConstructorAccessorImpl.newInstance(Unknown Source)
	at java.lang.reflect.Constructor.newInstance(Unknown Source)
	at org.openqa.selenium.remote.ErrorHandler.createThrowable(ErrorHandler.java:214)
	at org.openqa.selenium.remote.ErrorHandler.throwIfResponseFailed(ErrorHandler.java:166)
	at org.openqa.selenium.remote.http.JsonHttpResponseCodec.reconstructValue(JsonHttpResponseCodec.java:40)
	at org.openqa.selenium.remote.http.AbstractHttpResponseCodec.decode(AbstractHttpResponseCodec.java:80)
	at org.openqa.selenium.remote.http.AbstractHttpResponseCodec.decode(AbstractHttpResponseCodec.java:44)
	at org.openqa.selenium.remote.HttpCommandExecutor.execute(HttpCommandExecutor.java:158)
	at org.openqa.selenium.remote.service.DriverCommandExecutor.execute(DriverCommandExecutor.java:83)
	at org.openqa.selenium.remote.RemoteWebDriver.execute(RemoteWebDriver.java:545)
	at org.openqa.selenium.remote.RemoteWebDriver.findElement(RemoteWebDriver.java:319)
	at org.openqa.selenium.remote.RemoteWebDriver.findElementByXPath(RemoteWebDriver.java:421)
	at org.openqa.selenium.By$ByXPath.findElement(By.java:361)
	at org.openqa.selenium.remote.RemoteWebDriver.findElement(RemoteWebDriver.java:311)
	at org.drc.vat.appmanager.HelperBase.clickOn(HelperBase.java:60)
	at org.drc.vat.StepDefinitions.ManageVatRegistration.clicks_on_download_pdf_button(ManageVatRegistration.java:67)
	at ?.Then clicks on download pdf button(features/ManageVatRegistration.feature:8)
</pre></div>
					</li>
				</ul>
		</li>
		<li test-id='93' class='node scenario fail' status='fail'>
			
			<b>Scenario</b>
			
			<span class="bdd-step-name">Validate Filter Functionality</span>
			
				<ul class='steps'>
					<li test-id='94' class='node given pass' status='pass'><b>Given</b>
						<span class="bdd-step-name">Given User is on Internal Portal</span>
							<div class='pre'>passed</div>
					</li>
					<li test-id='95' class='node when pass' status='pass'><b>When</b>
						<span class="bdd-step-name">When user selects Manage Vat Registraion</span>
							<div class='pre'>passed</div>
					</li>
					<li test-id='96' class='node then pass' status='pass'><b>Then</b>
						<span class="bdd-step-name">Then user selects value from filter drop down "Status"</span>
							<div class='pre'>passed</div>
					</li>
					<li test-id='97' class='node and pass' status='pass'><b>And</b>
						<span class="bdd-step-name">And enters data in type here text box "Review Completed"</span>
							<div class='pre'>passed</div>
					</li>
					<li test-id='98' class='node then fail' status='fail'><b>Then</b>
						<span class="bdd-step-name">Then clicks on download pdf button</span>
						<ul class='screenshots right'>
							<li><a data-featherlight="image" href="D:\DRC_Franky\DRC_VAT\test-output\Thu Jun 28\screenshots\Validate Filter Functionality_193021.png"><i class='material-icons'>panorama</i></a></li>
						</ul>
							<div class='pre'><pre>org.openqa.selenium.NoSuchElementException: no such element: Unable to locate element: {"method":"xpath","selector":"//*[contains(@class,'btn btn-primary mr-2 ng-star-inserted')]"}
  (Session info: chrome=67.0.3396.99)
  (Driver info: chromedriver=2.38.552522 (437e6fbedfa8762dec75e2c5b3ddb86763dc9dcb),platform=Windows NT 10.0.16299 x86_64) (WARNING: The server did not provide any stacktrace information)
Command duration or timeout: 0 milliseconds
For documentation on this error, please visit: http://seleniumhq.org/exceptions/no_such_element.html
Build info: version: '3.11.0', revision: 'e59cfb3', time: '2018-03-11T20:26:55.152Z'
System info: host: 'CS84-PC', ip: '192.168.194.2', os.name: 'Windows 10', os.arch: 'amd64', os.version: '10.0', java.version: '1.8.0_171'
Driver info: org.openqa.selenium.chrome.ChromeDriver
Capabilities {acceptInsecureCerts: false, acceptSslCerts: false, applicationCacheEnabled: false, browserConnectionEnabled: false, browserName: chrome, chrome: {chromedriverVersion: 2.38.552522 (437e6fbedfa876..., userDataDir: C:\Users\admin\AppData\Loca...}, cssSelectorsEnabled: true, databaseEnabled: false, handlesAlerts: true, hasTouchScreen: false, javascriptEnabled: true, locationContextEnabled: true, mobileEmulationEnabled: false, nativeEvents: true, networkConnectionEnabled: false, pageLoadStrategy: normal, platform: XP, platformName: XP, rotatable: false, setWindowRect: true, takesHeapSnapshot: true, takesScreenshot: true, unexpectedAlertBehaviour: , unhandledPromptBehavior: , version: 67.0.3396.99, webStorageEnabled: true}
Session ID: e8f06dd9b3ead4f6926a056f34376cd2
*** Element info: {Using=xpath, value=//*[contains(@class,'btn btn-primary mr-2 ng-star-inserted')]}
	at sun.reflect.NativeConstructorAccessorImpl.newInstance0(Native Method)
	at sun.reflect.NativeConstructorAccessorImpl.newInstance(Unknown Source)
	at sun.reflect.DelegatingConstructorAccessorImpl.newInstance(Unknown Source)
	at java.lang.reflect.Constructor.newInstance(Unknown Source)
	at org.openqa.selenium.remote.ErrorHandler.createThrowable(ErrorHandler.java:214)
	at org.openqa.selenium.remote.ErrorHandler.throwIfResponseFailed(ErrorHandler.java:166)
	at org.openqa.selenium.remote.http.JsonHttpResponseCodec.reconstructValue(JsonHttpResponseCodec.java:40)
	at org.openqa.selenium.remote.http.AbstractHttpResponseCodec.decode(AbstractHttpResponseCodec.java:80)
	at org.openqa.selenium.remote.http.AbstractHttpResponseCodec.decode(AbstractHttpResponseCodec.java:44)
	at org.openqa.selenium.remote.HttpCommandExecutor.execute(HttpCommandExecutor.java:158)
	at org.openqa.selenium.remote.service.DriverCommandExecutor.execute(DriverCommandExecutor.java:83)
	at org.openqa.selenium.remote.RemoteWebDriver.execute(RemoteWebDriver.java:545)
	at org.openqa.selenium.remote.RemoteWebDriver.findElement(RemoteWebDriver.java:319)
	at org.openqa.selenium.remote.RemoteWebDriver.findElementByXPath(RemoteWebDriver.java:421)
	at org.openqa.selenium.By$ByXPath.findElement(By.java:361)
	at org.openqa.selenium.remote.RemoteWebDriver.findElement(RemoteWebDriver.java:311)
	at org.drc.vat.appmanager.HelperBase.clickOn(HelperBase.java:60)
	at org.drc.vat.StepDefinitions.ManageVatRegistration.clicks_on_download_pdf_button(ManageVatRegistration.java:67)
	at ?.Then clicks on download pdf button(features/ManageVatRegistration.feature:8)
</pre></div>
					</li>
				</ul>
		</li>
		<li test-id='99' class='node scenario fail' status='fail'>
			
			<b>Scenario</b>
			
			<span class="bdd-step-name">Validate Filter Functionality</span>
			
				<ul class='steps'>
					<li test-id='100' class='node given pass' status='pass'><b>Given</b>
						<span class="bdd-step-name">Given User is on Internal Portal</span>
							<div class='pre'>passed</div>
					</li>
					<li test-id='101' class='node when pass' status='pass'><b>When</b>
						<span class="bdd-step-name">When user selects Manage Vat Registraion</span>
							<div class='pre'>passed</div>
					</li>
					<li test-id='102' class='node then pass' status='pass'><b>Then</b>
						<span class="bdd-step-name">Then user selects value from filter drop down "Status"</span>
							<div class='pre'>passed</div>
					</li>
					<li test-id='103' class='node and pass' status='pass'><b>And</b>
						<span class="bdd-step-name">And enters data in type here text box "Review In Progress"</span>
							<div class='pre'>passed</div>
					</li>
					<li test-id='104' class='node then fail' status='fail'><b>Then</b>
						<span class="bdd-step-name">Then clicks on download pdf button</span>
						<ul class='screenshots right'>
							<li><a data-featherlight="image" href="D:\DRC_Franky\DRC_VAT\test-output\Thu Jun 28\screenshots\Validate Filter Functionality_193044.png"><i class='material-icons'>panorama</i></a></li>
						</ul>
							<div class='pre'><pre>org.openqa.selenium.NoSuchElementException: no such element: Unable to locate element: {"method":"xpath","selector":"//*[contains(@class,'btn btn-primary mr-2 ng-star-inserted')]"}
  (Session info: chrome=67.0.3396.99)
  (Driver info: chromedriver=2.38.552522 (437e6fbedfa8762dec75e2c5b3ddb86763dc9dcb),platform=Windows NT 10.0.16299 x86_64) (WARNING: The server did not provide any stacktrace information)
Command duration or timeout: 0 milliseconds
For documentation on this error, please visit: http://seleniumhq.org/exceptions/no_such_element.html
Build info: version: '3.11.0', revision: 'e59cfb3', time: '2018-03-11T20:26:55.152Z'
System info: host: 'CS84-PC', ip: '192.168.194.2', os.name: 'Windows 10', os.arch: 'amd64', os.version: '10.0', java.version: '1.8.0_171'
Driver info: org.openqa.selenium.chrome.ChromeDriver
Capabilities {acceptInsecureCerts: false, acceptSslCerts: false, applicationCacheEnabled: false, browserConnectionEnabled: false, browserName: chrome, chrome: {chromedriverVersion: 2.38.552522 (437e6fbedfa876..., userDataDir: C:\Users\admin\AppData\Loca...}, cssSelectorsEnabled: true, databaseEnabled: false, handlesAlerts: true, hasTouchScreen: false, javascriptEnabled: true, locationContextEnabled: true, mobileEmulationEnabled: false, nativeEvents: true, networkConnectionEnabled: false, pageLoadStrategy: normal, platform: XP, platformName: XP, rotatable: false, setWindowRect: true, takesHeapSnapshot: true, takesScreenshot: true, unexpectedAlertBehaviour: , unhandledPromptBehavior: , version: 67.0.3396.99, webStorageEnabled: true}
Session ID: e8f06dd9b3ead4f6926a056f34376cd2
*** Element info: {Using=xpath, value=//*[contains(@class,'btn btn-primary mr-2 ng-star-inserted')]}
	at sun.reflect.GeneratedConstructorAccessor24.newInstance(Unknown Source)
	at sun.reflect.DelegatingConstructorAccessorImpl.newInstance(Unknown Source)
	at java.lang.reflect.Constructor.newInstance(Unknown Source)
	at org.openqa.selenium.remote.ErrorHandler.createThrowable(ErrorHandler.java:214)
	at org.openqa.selenium.remote.ErrorHandler.throwIfResponseFailed(ErrorHandler.java:166)
	at org.openqa.selenium.remote.http.JsonHttpResponseCodec.reconstructValue(JsonHttpResponseCodec.java:40)
	at org.openqa.selenium.remote.http.AbstractHttpResponseCodec.decode(AbstractHttpResponseCodec.java:80)
	at org.openqa.selenium.remote.http.AbstractHttpResponseCodec.decode(AbstractHttpResponseCodec.java:44)
	at org.openqa.selenium.remote.HttpCommandExecutor.execute(HttpCommandExecutor.java:158)
	at org.openqa.selenium.remote.service.DriverCommandExecutor.execute(DriverCommandExecutor.java:83)
	at org.openqa.selenium.remote.RemoteWebDriver.execute(RemoteWebDriver.java:545)
	at org.openqa.selenium.remote.RemoteWebDriver.findElement(RemoteWebDriver.java:319)
	at org.openqa.selenium.remote.RemoteWebDriver.findElementByXPath(RemoteWebDriver.java:421)
	at org.openqa.selenium.By$ByXPath.findElement(By.java:361)
	at org.openqa.selenium.remote.RemoteWebDriver.findElement(RemoteWebDriver.java:311)
	at org.drc.vat.appmanager.HelperBase.clickOn(HelperBase.java:60)
	at org.drc.vat.StepDefinitions.ManageVatRegistration.clicks_on_download_pdf_button(ManageVatRegistration.java:67)
	at ?.Then clicks on download pdf button(features/ManageVatRegistration.feature:8)
</pre></div>
					</li>
				</ul>
		</li>
	</ul>
</div>
<div class='scenario node' test-id='105' status='fail'>
	<span class='duration right label'>0h 0m 16s+647ms</span>
	<div class='desc'>
		<b>Scenario</b>
		<span class="desc-text">Download PDF</span>
	</div>
	<ul class='steps'>
		<li test-id='106' class='node given pass' status='pass'>
			
			<b>Given</b>
			
			<span class="bdd-step-name">Given User is on Internal Portal</span>
				<div class='pre'>passed</div>
			
		</li>
		<li test-id='107' class='node when pass' status='pass'>
			
			<b>When</b>
			
			<span class="bdd-step-name">When user selects Manage Vat Registraion</span>
				<div class='pre'>passed</div>
			
		</li>
		<li test-id='108' class='node and pass' status='pass'>
			
			<b>And</b>
			
			<span class="bdd-step-name">And User selects all in filter</span>
				<div class='pre'>passed</div>
			
		</li>
		<li test-id='109' class='node then fail' status='fail'>
			
			<b>Then</b>
			
			<span class="bdd-step-name">Then clicks on download pdf button</span>
			<ul class='screenshots right'>
				<li><a data-featherlight="image" href="D:\DRC_Franky\DRC_VAT\test-output\Thu Jun 28\screenshots\Download PDF_193108.png"><i class='material-icons'>panorama</i></a></li>
			</ul>
				<div class='pre'><pre>org.openqa.selenium.NoSuchElementException: no such element: Unable to locate element: {"method":"xpath","selector":"//*[contains(@class,'btn btn-primary mr-2 ng-star-inserted')]"}
  (Session info: chrome=67.0.3396.99)
  (Driver info: chromedriver=2.38.552522 (437e6fbedfa8762dec75e2c5b3ddb86763dc9dcb),platform=Windows NT 10.0.16299 x86_64) (WARNING: The server did not provide any stacktrace information)
Command duration or timeout: 0 milliseconds
For documentation on this error, please visit: http://seleniumhq.org/exceptions/no_such_element.html
Build info: version: '3.11.0', revision: 'e59cfb3', time: '2018-03-11T20:26:55.152Z'
System info: host: 'CS84-PC', ip: '192.168.194.2', os.name: 'Windows 10', os.arch: 'amd64', os.version: '10.0', java.version: '1.8.0_171'
Driver info: org.openqa.selenium.chrome.ChromeDriver
Capabilities {acceptInsecureCerts: false, acceptSslCerts: false, applicationCacheEnabled: false, browserConnectionEnabled: false, browserName: chrome, chrome: {chromedriverVersion: 2.38.552522 (437e6fbedfa876..., userDataDir: C:\Users\admin\AppData\Loca...}, cssSelectorsEnabled: true, databaseEnabled: false, handlesAlerts: true, hasTouchScreen: false, javascriptEnabled: true, locationContextEnabled: true, mobileEmulationEnabled: false, nativeEvents: true, networkConnectionEnabled: false, pageLoadStrategy: normal, platform: XP, platformName: XP, rotatable: false, setWindowRect: true, takesHeapSnapshot: true, takesScreenshot: true, unexpectedAlertBehaviour: , unhandledPromptBehavior: , version: 67.0.3396.99, webStorageEnabled: true}
Session ID: e8f06dd9b3ead4f6926a056f34376cd2
*** Element info: {Using=xpath, value=//*[contains(@class,'btn btn-primary mr-2 ng-star-inserted')]}
	at sun.reflect.GeneratedConstructorAccessor24.newInstance(Unknown Source)
	at sun.reflect.DelegatingConstructorAccessorImpl.newInstance(Unknown Source)
	at java.lang.reflect.Constructor.newInstance(Unknown Source)
	at org.openqa.selenium.remote.ErrorHandler.createThrowable(ErrorHandler.java:214)
	at org.openqa.selenium.remote.ErrorHandler.throwIfResponseFailed(ErrorHandler.java:166)
	at org.openqa.selenium.remote.http.JsonHttpResponseCodec.reconstructValue(JsonHttpResponseCodec.java:40)
	at org.openqa.selenium.remote.http.AbstractHttpResponseCodec.decode(AbstractHttpResponseCodec.java:80)
	at org.openqa.selenium.remote.http.AbstractHttpResponseCodec.decode(AbstractHttpResponseCodec.java:44)
	at org.openqa.selenium.remote.HttpCommandExecutor.execute(HttpCommandExecutor.java:158)
	at org.openqa.selenium.remote.service.DriverCommandExecutor.execute(DriverCommandExecutor.java:83)
	at org.openqa.selenium.remote.RemoteWebDriver.execute(RemoteWebDriver.java:545)
	at org.openqa.selenium.remote.RemoteWebDriver.findElement(RemoteWebDriver.java:319)
	at org.openqa.selenium.remote.RemoteWebDriver.findElementByXPath(RemoteWebDriver.java:421)
	at org.openqa.selenium.By$ByXPath.findElement(By.java:361)
	at org.openqa.selenium.remote.RemoteWebDriver.findElement(RemoteWebDriver.java:311)
	at org.drc.vat.appmanager.HelperBase.clickOn(HelperBase.java:60)
	at org.drc.vat.StepDefinitions.ManageVatRegistration.clicks_on_download_pdf_button(ManageVatRegistration.java:67)
	at ?.Then clicks on download pdf button(features/ManageVatRegistration.feature:35)
</pre></div>
			
		</li>
	</ul>
</div>
<div class='scenariooutline node' test-id='110' status='fail'>
	<span class='duration right label'>0h 0m 34s+237ms</span>
	<div class='desc'>
		<b>ScenarioOutline</b>
		<span class="desc-text">Validate View Functionality when user select view for Rejected and Review Completed</span>
	</div>
	<ul class='steps'>
		<li test-id='111' class='node scenario fail' status='fail'>
			
			<b>Scenario</b>
			
			<span class="bdd-step-name">Validate View Functionality when user select view for Rejected and Review Completed</span>
			
				<ul class='steps'>
					<li test-id='112' class='node given pass' status='pass'><b>Given</b>
						<span class="bdd-step-name">Given User is on Internal Portal</span>
							<div class='pre'>passed</div>
					</li>
					<li test-id='113' class='node when pass' status='pass'><b>When</b>
						<span class="bdd-step-name">When user selects Manage Vat Registraion</span>
							<div class='pre'>passed</div>
					</li>
					<li test-id='114' class='node then fail' status='fail'><b>Then</b>
						<span class="bdd-step-name">Then user selects value from filter drop down "<Filter>"</span>
							<div class='pre'><textarea>org.openqa.selenium.NoSuchElementException: no such element: Unable to locate element: {"method":"xpath","selector":"//span[contains(text(),'<Filter>')]"}
  (Session info: chrome=67.0.3396.99)
  (Driver info: chromedriver=2.38.552522 (437e6fbedfa8762dec75e2c5b3ddb86763dc9dcb),platform=Windows NT 10.0.16299 x86_64) (WARNING: The server did not provide any stacktrace information)
Command duration or timeout: 0 milliseconds
For documentation on this error, please visit: http://seleniumhq.org/exceptions/no_such_element.html
Build info: version: '3.11.0', revision: 'e59cfb3', time: '2018-03-11T20:26:55.152Z'
System info: host: 'CS84-PC', ip: '192.168.194.2', os.name: 'Windows 10', os.arch: 'amd64', os.version: '10.0', java.version: '1.8.0_171'
Driver info: org.openqa.selenium.chrome.ChromeDriver
Capabilities {acceptInsecureCerts: false, acceptSslCerts: false, applicationCacheEnabled: false, browserConnectionEnabled: false, browserName: chrome, chrome: {chromedriverVersion: 2.38.552522 (437e6fbedfa876..., userDataDir: C:\Users\admin\AppData\Loca...}, cssSelectorsEnabled: true, databaseEnabled: false, handlesAlerts: true, hasTouchScreen: false, javascriptEnabled: true, locationContextEnabled: true, mobileEmulationEnabled: false, nativeEvents: true, networkConnectionEnabled: false, pageLoadStrategy: normal, platform: XP, platformName: XP, rotatable: false, setWindowRect: true, takesHeapSnapshot: true, takesScreenshot: true, unexpectedAlertBehaviour: , unhandledPromptBehavior: , version: 67.0.3396.99, webStorageEnabled: true}
Session ID: e8f06dd9b3ead4f6926a056f34376cd2
*** Element info: {Using=xpath, value=//span[contains(text(),'<Filter>')]}
	at sun.reflect.GeneratedConstructorAccessor24.newInstance(Unknown Source)
	at sun.reflect.DelegatingConstructorAccessorImpl.newInstance(Unknown Source)
	at java.lang.reflect.Constructor.newInstance(Unknown Source)
	at org.openqa.selenium.remote.ErrorHandler.createThrowable(ErrorHandler.java:214)
	at org.openqa.selenium.remote.ErrorHandler.throwIfResponseFailed(ErrorHandler.java:166)
	at org.openqa.selenium.remote.http.JsonHttpResponseCodec.reconstructValue(JsonHttpResponseCodec.java:40)
	at org.openqa.selenium.remote.http.AbstractHttpResponseCodec.decode(AbstractHttpResponseCodec.java:80)
	at org.openqa.selenium.remote.http.AbstractHttpResponseCodec.decode(AbstractHttpResponseCodec.java:44)
	at org.openqa.selenium.remote.HttpCommandExecutor.execute(HttpCommandExecutor.java:158)
	at org.openqa.selenium.remote.service.DriverCommandExecutor.execute(DriverCommandExecutor.java:83)
	at org.openqa.selenium.remote.RemoteWebDriver.execute(RemoteWebDriver.java:545)
	at org.openqa.selenium.remote.RemoteWebDriver.findElement(RemoteWebDriver.java:319)
	at org.openqa.selenium.remote.RemoteWebDriver.findElementByXPath(RemoteWebDriver.java:421)
	at org.openqa.selenium.By$ByXPath.findElement(By.java:361)
	at org.openqa.selenium.remote.RemoteWebDriver.findElement(RemoteWebDriver.java:311)
	at org.drc.vat.appmanager.HelperBase.clickOn(HelperBase.java:60)
	at org.drc.vat.StepDefinitions.ManageVatRegistration.user_selects_value_from_filter_drop_down(ManageVatRegistration.java:43)
	at ?.Then user selects value from filter drop down "<Filter>"(features/ManageVatRegistration.feature:43)
</textarea></div>
					</li>
					<li test-id='115' class='node and skip' status='skip'><b>And</b>
						<span class="bdd-step-name">And enters data in type here text box "Rejected"</span>
							<div class='pre'>skipped</div>
					</li>
					<li test-id='116' class='node and skip' status='skip'><b>And</b>
						<span class="bdd-step-name">And user click on view</span>
							<div class='pre'>skipped</div>
					</li>
					<li test-id='117' class='node then skip' status='skip'><b>Then</b>
						<span class="bdd-step-name">Then it Navigate to Tax Payer Details</span>
						<ul class='screenshots right'>
							<li><a data-featherlight="image" href="D:\DRC_Franky\DRC_VAT\test-output\Thu Jun 28\screenshots\Validate View Functionality when user select view for Rejected and Review Completed_193126.png"><i class='material-icons'>panorama</i></a></li>
						</ul>
							<div class='pre'>skipped</div>
					</li>
				</ul>
		</li>
		<li test-id='118' class='node scenario fail' status='fail'>
			
			<b>Scenario</b>
			
			<span class="bdd-step-name">Validate View Functionality when user select view for Rejected and Review Completed</span>
			
				<ul class='steps'>
					<li test-id='119' class='node given pass' status='pass'><b>Given</b>
						<span class="bdd-step-name">Given User is on Internal Portal</span>
							<div class='pre'>passed</div>
					</li>
					<li test-id='120' class='node when pass' status='pass'><b>When</b>
						<span class="bdd-step-name">When user selects Manage Vat Registraion</span>
							<div class='pre'>passed</div>
					</li>
					<li test-id='121' class='node then fail' status='fail'><b>Then</b>
						<span class="bdd-step-name">Then user selects value from filter drop down "<Filter>"</span>
							<div class='pre'><textarea>org.openqa.selenium.NoSuchElementException: no such element: Unable to locate element: {"method":"xpath","selector":"//span[contains(text(),'<Filter>')]"}
  (Session info: chrome=67.0.3396.99)
  (Driver info: chromedriver=2.38.552522 (437e6fbedfa8762dec75e2c5b3ddb86763dc9dcb),platform=Windows NT 10.0.16299 x86_64) (WARNING: The server did not provide any stacktrace information)
Command duration or timeout: 0 milliseconds
For documentation on this error, please visit: http://seleniumhq.org/exceptions/no_such_element.html
Build info: version: '3.11.0', revision: 'e59cfb3', time: '2018-03-11T20:26:55.152Z'
System info: host: 'CS84-PC', ip: '192.168.194.2', os.name: 'Windows 10', os.arch: 'amd64', os.version: '10.0', java.version: '1.8.0_171'
Driver info: org.openqa.selenium.chrome.ChromeDriver
Capabilities {acceptInsecureCerts: false, acceptSslCerts: false, applicationCacheEnabled: false, browserConnectionEnabled: false, browserName: chrome, chrome: {chromedriverVersion: 2.38.552522 (437e6fbedfa876..., userDataDir: C:\Users\admin\AppData\Loca...}, cssSelectorsEnabled: true, databaseEnabled: false, handlesAlerts: true, hasTouchScreen: false, javascriptEnabled: true, locationContextEnabled: true, mobileEmulationEnabled: false, nativeEvents: true, networkConnectionEnabled: false, pageLoadStrategy: normal, platform: XP, platformName: XP, rotatable: false, setWindowRect: true, takesHeapSnapshot: true, takesScreenshot: true, unexpectedAlertBehaviour: , unhandledPromptBehavior: , version: 67.0.3396.99, webStorageEnabled: true}
Session ID: e8f06dd9b3ead4f6926a056f34376cd2
*** Element info: {Using=xpath, value=//span[contains(text(),'<Filter>')]}
	at sun.reflect.GeneratedConstructorAccessor24.newInstance(Unknown Source)
	at sun.reflect.DelegatingConstructorAccessorImpl.newInstance(Unknown Source)
	at java.lang.reflect.Constructor.newInstance(Unknown Source)
	at org.openqa.selenium.remote.ErrorHandler.createThrowable(ErrorHandler.java:214)
	at org.openqa.selenium.remote.ErrorHandler.throwIfResponseFailed(ErrorHandler.java:166)
	at org.openqa.selenium.remote.http.JsonHttpResponseCodec.reconstructValue(JsonHttpResponseCodec.java:40)
	at org.openqa.selenium.remote.http.AbstractHttpResponseCodec.decode(AbstractHttpResponseCodec.java:80)
	at org.openqa.selenium.remote.http.AbstractHttpResponseCodec.decode(AbstractHttpResponseCodec.java:44)
	at org.openqa.selenium.remote.HttpCommandExecutor.execute(HttpCommandExecutor.java:158)
	at org.openqa.selenium.remote.service.DriverCommandExecutor.execute(DriverCommandExecutor.java:83)
	at org.openqa.selenium.remote.RemoteWebDriver.execute(RemoteWebDriver.java:545)
	at org.openqa.selenium.remote.RemoteWebDriver.findElement(RemoteWebDriver.java:319)
	at org.openqa.selenium.remote.RemoteWebDriver.findElementByXPath(RemoteWebDriver.java:421)
	at org.openqa.selenium.By$ByXPath.findElement(By.java:361)
	at org.openqa.selenium.remote.RemoteWebDriver.findElement(RemoteWebDriver.java:311)
	at org.drc.vat.appmanager.HelperBase.clickOn(HelperBase.java:60)
	at org.drc.vat.StepDefinitions.ManageVatRegistration.user_selects_value_from_filter_drop_down(ManageVatRegistration.java:43)
	at ?.Then user selects value from filter drop down "<Filter>"(features/ManageVatRegistration.feature:43)
</textarea></div>
					</li>
					<li test-id='122' class='node and skip' status='skip'><b>And</b>
						<span class="bdd-step-name">And enters data in type here text box "Review Completed"</span>
							<div class='pre'>skipped</div>
					</li>
					<li test-id='123' class='node and skip' status='skip'><b>And</b>
						<span class="bdd-step-name">And user click on view</span>
							<div class='pre'>skipped</div>
					</li>
					<li test-id='124' class='node then skip' status='skip'><b>Then</b>
						<span class="bdd-step-name">Then it Navigate to Tax Payer Details</span>
						<ul class='screenshots right'>
							<li><a data-featherlight="image" href="D:\DRC_Franky\DRC_VAT\test-output\Thu Jun 28\screenshots\Validate View Functionality when user select view for Rejected and Review Completed_193143.png"><i class='material-icons'>panorama</i></a></li>
						</ul>
							<div class='pre'>skipped</div>
					</li>
				</ul>
		</li>
	</ul>
</div>
<div class='scenariooutline node' test-id='125' status='fail'>
	<span class='duration right label'>0h 0m 17s+481ms</span>
	<div class='desc'>
		<b>ScenarioOutline</b>
		<span class="desc-text">Validate Pop up when user Click on Rejected</span>
	</div>
	<ul class='steps'>
		<li test-id='126' class='node scenario fail' status='fail'>
			
			<b>Scenario</b>
			
			<span class="bdd-step-name">Validate Pop up when user Click on Rejected</span>
			
				<ul class='steps'>
					<li test-id='127' class='node given pass' status='pass'><b>Given</b>
						<span class="bdd-step-name">Given User is on Internal Portal</span>
							<div class='pre'>passed</div>
					</li>
					<li test-id='128' class='node when pass' status='pass'><b>When</b>
						<span class="bdd-step-name">When user selects Manage Vat Registraion</span>
							<div class='pre'>passed</div>
					</li>
					<li test-id='129' class='node then fail' status='fail'><b>Then</b>
						<span class="bdd-step-name">Then user selects value from filter drop down "<Filter>"</span>
							<div class='pre'><textarea>org.openqa.selenium.NoSuchElementException: no such element: Unable to locate element: {"method":"xpath","selector":"//span[contains(text(),'<Filter>')]"}
  (Session info: chrome=67.0.3396.99)
  (Driver info: chromedriver=2.38.552522 (437e6fbedfa8762dec75e2c5b3ddb86763dc9dcb),platform=Windows NT 10.0.16299 x86_64) (WARNING: The server did not provide any stacktrace information)
Command duration or timeout: 0 milliseconds
For documentation on this error, please visit: http://seleniumhq.org/exceptions/no_such_element.html
Build info: version: '3.11.0', revision: 'e59cfb3', time: '2018-03-11T20:26:55.152Z'
System info: host: 'CS84-PC', ip: '192.168.194.2', os.name: 'Windows 10', os.arch: 'amd64', os.version: '10.0', java.version: '1.8.0_171'
Driver info: org.openqa.selenium.chrome.ChromeDriver
Capabilities {acceptInsecureCerts: false, acceptSslCerts: false, applicationCacheEnabled: false, browserConnectionEnabled: false, browserName: chrome, chrome: {chromedriverVersion: 2.38.552522 (437e6fbedfa876..., userDataDir: C:\Users\admin\AppData\Loca...}, cssSelectorsEnabled: true, databaseEnabled: false, handlesAlerts: true, hasTouchScreen: false, javascriptEnabled: true, locationContextEnabled: true, mobileEmulationEnabled: false, nativeEvents: true, networkConnectionEnabled: false, pageLoadStrategy: normal, platform: XP, platformName: XP, rotatable: false, setWindowRect: true, takesHeapSnapshot: true, takesScreenshot: true, unexpectedAlertBehaviour: , unhandledPromptBehavior: , version: 67.0.3396.99, webStorageEnabled: true}
Session ID: e8f06dd9b3ead4f6926a056f34376cd2
*** Element info: {Using=xpath, value=//span[contains(text(),'<Filter>')]}
	at sun.reflect.GeneratedConstructorAccessor24.newInstance(Unknown Source)
	at sun.reflect.DelegatingConstructorAccessorImpl.newInstance(Unknown Source)
	at java.lang.reflect.Constructor.newInstance(Unknown Source)
	at org.openqa.selenium.remote.ErrorHandler.createThrowable(ErrorHandler.java:214)
	at org.openqa.selenium.remote.ErrorHandler.throwIfResponseFailed(ErrorHandler.java:166)
	at org.openqa.selenium.remote.http.JsonHttpResponseCodec.reconstructValue(JsonHttpResponseCodec.java:40)
	at org.openqa.selenium.remote.http.AbstractHttpResponseCodec.decode(AbstractHttpResponseCodec.java:80)
	at org.openqa.selenium.remote.http.AbstractHttpResponseCodec.decode(AbstractHttpResponseCodec.java:44)
	at org.openqa.selenium.remote.HttpCommandExecutor.execute(HttpCommandExecutor.java:158)
	at org.openqa.selenium.remote.service.DriverCommandExecutor.execute(DriverCommandExecutor.java:83)
	at org.openqa.selenium.remote.RemoteWebDriver.execute(RemoteWebDriver.java:545)
	at org.openqa.selenium.remote.RemoteWebDriver.findElement(RemoteWebDriver.java:319)
	at org.openqa.selenium.remote.RemoteWebDriver.findElementByXPath(RemoteWebDriver.java:421)
	at org.openqa.selenium.By$ByXPath.findElement(By.java:361)
	at org.openqa.selenium.remote.RemoteWebDriver.findElement(RemoteWebDriver.java:311)
	at org.drc.vat.appmanager.HelperBase.clickOn(HelperBase.java:60)
	at org.drc.vat.StepDefinitions.ManageVatRegistration.user_selects_value_from_filter_drop_down(ManageVatRegistration.java:43)
	at ?.Then user selects value from filter drop down "<Filter>"(features/ManageVatRegistration.feature:60)
</textarea></div>
					</li>
					<li test-id='130' class='node and skip' status='skip'><b>And</b>
						<span class="bdd-step-name">And enters data in type here text box "Rejected"</span>
							<div class='pre'>skipped</div>
					</li>
					<li test-id='131' class='node and skip' status='skip'><b>And</b>
						<span class="bdd-step-name">And User click on Rejected</span>
							<div class='pre'>skipped</div>
					</li>
					<li test-id='132' class='node then skip' status='skip'><b>Then</b>
						<span class="bdd-step-name">Then User See pop up Reason for Rejected</span>
						<ul class='screenshots right'>
							<li><a data-featherlight="image" href="D:\DRC_Franky\DRC_VAT\test-output\Thu Jun 28\screenshots\Validate Pop up when user Click on Rejected_193201.png"><i class='material-icons'>panorama</i></a></li>
						</ul>
							<div class='pre'>skipped</div>
					</li>
				</ul>
		</li>
	</ul>
</div>
<div class='scenariooutline node' test-id='133' status='fail'>
	<span class='duration right label'>0h 0m 17s+351ms</span>
	<div class='desc'>
		<b>ScenarioOutline</b>
		<span class="desc-text">Validate Review in Progress from Filter status and user select Review</span>
	</div>
	<ul class='steps'>
		<li test-id='134' class='node scenario fail' status='fail'>
			
			<b>Scenario</b>
			
			<span class="bdd-step-name">Validate Review in Progress from Filter status and user select Review</span>
			
				<ul class='steps'>
					<li test-id='135' class='node given pass' status='pass'><b>Given</b>
						<span class="bdd-step-name">Given User is on Internal Portal</span>
							<div class='pre'>passed</div>
					</li>
					<li test-id='136' class='node when pass' status='pass'><b>When</b>
						<span class="bdd-step-name">When user selects Manage Vat Registraion</span>
							<div class='pre'>passed</div>
					</li>
					<li test-id='137' class='node then fail' status='fail'><b>Then</b>
						<span class="bdd-step-name">Then user selects value from filter drop down "<Filter>"</span>
							<div class='pre'><textarea>org.openqa.selenium.NoSuchElementException: no such element: Unable to locate element: {"method":"xpath","selector":"//span[contains(text(),'<Filter>')]"}
  (Session info: chrome=67.0.3396.99)
  (Driver info: chromedriver=2.38.552522 (437e6fbedfa8762dec75e2c5b3ddb86763dc9dcb),platform=Windows NT 10.0.16299 x86_64) (WARNING: The server did not provide any stacktrace information)
Command duration or timeout: 0 milliseconds
For documentation on this error, please visit: http://seleniumhq.org/exceptions/no_such_element.html
Build info: version: '3.11.0', revision: 'e59cfb3', time: '2018-03-11T20:26:55.152Z'
System info: host: 'CS84-PC', ip: '192.168.194.2', os.name: 'Windows 10', os.arch: 'amd64', os.version: '10.0', java.version: '1.8.0_171'
Driver info: org.openqa.selenium.chrome.ChromeDriver
Capabilities {acceptInsecureCerts: false, acceptSslCerts: false, applicationCacheEnabled: false, browserConnectionEnabled: false, browserName: chrome, chrome: {chromedriverVersion: 2.38.552522 (437e6fbedfa876..., userDataDir: C:\Users\admin\AppData\Loca...}, cssSelectorsEnabled: true, databaseEnabled: false, handlesAlerts: true, hasTouchScreen: false, javascriptEnabled: true, locationContextEnabled: true, mobileEmulationEnabled: false, nativeEvents: true, networkConnectionEnabled: false, pageLoadStrategy: normal, platform: XP, platformName: XP, rotatable: false, setWindowRect: true, takesHeapSnapshot: true, takesScreenshot: true, unexpectedAlertBehaviour: , unhandledPromptBehavior: , version: 67.0.3396.99, webStorageEnabled: true}
Session ID: e8f06dd9b3ead4f6926a056f34376cd2
*** Element info: {Using=xpath, value=//span[contains(text(),'<Filter>')]}
	at sun.reflect.GeneratedConstructorAccessor24.newInstance(Unknown Source)
	at sun.reflect.DelegatingConstructorAccessorImpl.newInstance(Unknown Source)
	at java.lang.reflect.Constructor.newInstance(Unknown Source)
	at org.openqa.selenium.remote.ErrorHandler.createThrowable(ErrorHandler.java:214)
	at org.openqa.selenium.remote.ErrorHandler.throwIfResponseFailed(ErrorHandler.java:166)
	at org.openqa.selenium.remote.http.JsonHttpResponseCodec.reconstructValue(JsonHttpResponseCodec.java:40)
	at org.openqa.selenium.remote.http.AbstractHttpResponseCodec.decode(AbstractHttpResponseCodec.java:80)
	at org.openqa.selenium.remote.http.AbstractHttpResponseCodec.decode(AbstractHttpResponseCodec.java:44)
	at org.openqa.selenium.remote.HttpCommandExecutor.execute(HttpCommandExecutor.java:158)
	at org.openqa.selenium.remote.service.DriverCommandExecutor.execute(DriverCommandExecutor.java:83)
	at org.openqa.selenium.remote.RemoteWebDriver.execute(RemoteWebDriver.java:545)
	at org.openqa.selenium.remote.RemoteWebDriver.findElement(RemoteWebDriver.java:319)
	at org.openqa.selenium.remote.RemoteWebDriver.findElementByXPath(RemoteWebDriver.java:421)
	at org.openqa.selenium.By$ByXPath.findElement(By.java:361)
	at org.openqa.selenium.remote.RemoteWebDriver.findElement(RemoteWebDriver.java:311)
	at org.drc.vat.appmanager.HelperBase.clickOn(HelperBase.java:60)
	at org.drc.vat.StepDefinitions.ManageVatRegistration.user_selects_value_from_filter_drop_down(ManageVatRegistration.java:43)
	at ?.Then user selects value from filter drop down "<Filter>"(features/ManageVatRegistration.feature:75)
</textarea></div>
					</li>
					<li test-id='138' class='node and skip' status='skip'><b>And</b>
						<span class="bdd-step-name">And enters data in type here text box "Review in Progress"</span>
							<div class='pre'>skipped</div>
					</li>
					<li test-id='139' class='node and skip' status='skip'><b>And</b>
						<span class="bdd-step-name">And user click on view</span>
							<div class='pre'>skipped</div>
					</li>
					<li test-id='140' class='node then skip' status='skip'><b>Then</b>
						<span class="bdd-step-name">Then it Navigate to Tax Payer Details</span>
						<ul class='screenshots right'>
							<li><a data-featherlight="image" href="D:\DRC_Franky\DRC_VAT\test-output\Thu Jun 28\screenshots\Validate Review in Progress from Filter status and user select Review_193219.png"><i class='material-icons'>panorama</i></a></li>
						</ul>
							<div class='pre'>skipped</div>
					</li>
				</ul>
		</li>
	</ul>
</div>
<div class='scenariooutline node' test-id='141' status='fail'>
	<span class='duration right label'>0h 0m 17s+399ms</span>
	<div class='desc'>
		<b>ScenarioOutline</b>
		<span class="desc-text">Validate Review in Progress from Filter status and user select Change Priority</span>
	</div>
	<ul class='steps'>
		<li test-id='142' class='node scenario fail' status='fail'>
			
			<b>Scenario</b>
			
			<span class="bdd-step-name">Validate Review in Progress from Filter status and user select Change Priority</span>
			
				<ul class='steps'>
					<li test-id='143' class='node given pass' status='pass'><b>Given</b>
						<span class="bdd-step-name">Given User is on Internal Portal</span>
							<div class='pre'>passed</div>
					</li>
					<li test-id='144' class='node when pass' status='pass'><b>When</b>
						<span class="bdd-step-name">When user selects Manage Vat Registraion</span>
							<div class='pre'>passed</div>
					</li>
					<li test-id='145' class='node then fail' status='fail'><b>Then</b>
						<span class="bdd-step-name">Then user selects value from filter drop down "<Filter>"</span>
							<div class='pre'><textarea>org.openqa.selenium.NoSuchElementException: no such element: Unable to locate element: {"method":"xpath","selector":"//span[contains(text(),'<Filter>')]"}
  (Session info: chrome=67.0.3396.99)
  (Driver info: chromedriver=2.38.552522 (437e6fbedfa8762dec75e2c5b3ddb86763dc9dcb),platform=Windows NT 10.0.16299 x86_64) (WARNING: The server did not provide any stacktrace information)
Command duration or timeout: 0 milliseconds
For documentation on this error, please visit: http://seleniumhq.org/exceptions/no_such_element.html
Build info: version: '3.11.0', revision: 'e59cfb3', time: '2018-03-11T20:26:55.152Z'
System info: host: 'CS84-PC', ip: '192.168.194.2', os.name: 'Windows 10', os.arch: 'amd64', os.version: '10.0', java.version: '1.8.0_171'
Driver info: org.openqa.selenium.chrome.ChromeDriver
Capabilities {acceptInsecureCerts: false, acceptSslCerts: false, applicationCacheEnabled: false, browserConnectionEnabled: false, browserName: chrome, chrome: {chromedriverVersion: 2.38.552522 (437e6fbedfa876..., userDataDir: C:\Users\admin\AppData\Loca...}, cssSelectorsEnabled: true, databaseEnabled: false, handlesAlerts: true, hasTouchScreen: false, javascriptEnabled: true, locationContextEnabled: true, mobileEmulationEnabled: false, nativeEvents: true, networkConnectionEnabled: false, pageLoadStrategy: normal, platform: XP, platformName: XP, rotatable: false, setWindowRect: true, takesHeapSnapshot: true, takesScreenshot: true, unexpectedAlertBehaviour: , unhandledPromptBehavior: , version: 67.0.3396.99, webStorageEnabled: true}
Session ID: e8f06dd9b3ead4f6926a056f34376cd2
*** Element info: {Using=xpath, value=//span[contains(text(),'<Filter>')]}
	at sun.reflect.GeneratedConstructorAccessor24.newInstance(Unknown Source)
	at sun.reflect.DelegatingConstructorAccessorImpl.newInstance(Unknown Source)
	at java.lang.reflect.Constructor.newInstance(Unknown Source)
	at org.openqa.selenium.remote.ErrorHandler.createThrowable(ErrorHandler.java:214)
	at org.openqa.selenium.remote.ErrorHandler.throwIfResponseFailed(ErrorHandler.java:166)
	at org.openqa.selenium.remote.http.JsonHttpResponseCodec.reconstructValue(JsonHttpResponseCodec.java:40)
	at org.openqa.selenium.remote.http.AbstractHttpResponseCodec.decode(AbstractHttpResponseCodec.java:80)
	at org.openqa.selenium.remote.http.AbstractHttpResponseCodec.decode(AbstractHttpResponseCodec.java:44)
	at org.openqa.selenium.remote.HttpCommandExecutor.execute(HttpCommandExecutor.java:158)
	at org.openqa.selenium.remote.service.DriverCommandExecutor.execute(DriverCommandExecutor.java:83)
	at org.openqa.selenium.remote.RemoteWebDriver.execute(RemoteWebDriver.java:545)
	at org.openqa.selenium.remote.RemoteWebDriver.findElement(RemoteWebDriver.java:319)
	at org.openqa.selenium.remote.RemoteWebDriver.findElementByXPath(RemoteWebDriver.java:421)
	at org.openqa.selenium.By$ByXPath.findElement(By.java:361)
	at org.openqa.selenium.remote.RemoteWebDriver.findElement(RemoteWebDriver.java:311)
	at org.drc.vat.appmanager.HelperBase.clickOn(HelperBase.java:60)
	at org.drc.vat.StepDefinitions.ManageVatRegistration.user_selects_value_from_filter_drop_down(ManageVatRegistration.java:43)
	at ?.Then user selects value from filter drop down "<Filter>"(features/ManageVatRegistration.feature:90)
</textarea></div>
					</li>
					<li test-id='146' class='node and skip' status='skip'><b>And</b>
						<span class="bdd-step-name">And enters data in type here text box "Review in Progress"</span>
							<div class='pre'>skipped</div>
					</li>
					<li test-id='147' class='node and skip' status='skip'><b>And</b>
						<span class="bdd-step-name">And user click on Change Priority</span>
							<div class='pre'>skipped</div>
					</li>
					<li test-id='148' class='node and skip' status='skip'><b>And</b>
						<span class="bdd-step-name">And select priority from priority list</span>
							<div class='pre'>skipped</div>
					</li>
					<li test-id='149' class='node and skip' status='skip'><b>And</b>
						<span class="bdd-step-name">And click on right tick</span>
							<div class='pre'>skipped</div>
					</li>
					<li test-id='150' class='node then skip' status='skip'><b>Then</b>
						<span class="bdd-step-name">Then Priority will change</span>
						<ul class='screenshots right'>
							<li><a data-featherlight="image" href="D:\DRC_Franky\DRC_VAT\test-output\Thu Jun 28\screenshots\Validate Review in Progress from Filter status and user select Change Priority_193237.png"><i class='material-icons'>panorama</i></a></li>
						</ul>
							<div class='pre'>skipped</div>
					</li>
				</ul>
		</li>
	</ul>
</div>
<div class='scenariooutline node' test-id='151' status='fail'>
	<span class='duration right label'>0h 0m 17s+289ms</span>
	<div class='desc'>
		<b>ScenarioOutline</b>
		<span class="desc-text">Validate Review in Progress from Filter status and user select Reassign</span>
	</div>
	<ul class='steps'>
		<li test-id='152' class='node scenario fail' status='fail'>
			
			<b>Scenario</b>
			
			<span class="bdd-step-name">Validate Review in Progress from Filter status and user select Reassign</span>
			
				<ul class='steps'>
					<li test-id='153' class='node given pass' status='pass'><b>Given</b>
						<span class="bdd-step-name">Given User is on Internal Portal</span>
							<div class='pre'>passed</div>
					</li>
					<li test-id='154' class='node when pass' status='pass'><b>When</b>
						<span class="bdd-step-name">When user selects Manage Vat Registraion</span>
							<div class='pre'>passed</div>
					</li>
					<li test-id='155' class='node then fail' status='fail'><b>Then</b>
						<span class="bdd-step-name">Then user selects value from filter drop down "<Filter>"</span>
							<div class='pre'><textarea>org.openqa.selenium.NoSuchElementException: no such element: Unable to locate element: {"method":"xpath","selector":"//span[contains(text(),'<Filter>')]"}
  (Session info: chrome=67.0.3396.99)
  (Driver info: chromedriver=2.38.552522 (437e6fbedfa8762dec75e2c5b3ddb86763dc9dcb),platform=Windows NT 10.0.16299 x86_64) (WARNING: The server did not provide any stacktrace information)
Command duration or timeout: 0 milliseconds
For documentation on this error, please visit: http://seleniumhq.org/exceptions/no_such_element.html
Build info: version: '3.11.0', revision: 'e59cfb3', time: '2018-03-11T20:26:55.152Z'
System info: host: 'CS84-PC', ip: '192.168.194.2', os.name: 'Windows 10', os.arch: 'amd64', os.version: '10.0', java.version: '1.8.0_171'
Driver info: org.openqa.selenium.chrome.ChromeDriver
Capabilities {acceptInsecureCerts: false, acceptSslCerts: false, applicationCacheEnabled: false, browserConnectionEnabled: false, browserName: chrome, chrome: {chromedriverVersion: 2.38.552522 (437e6fbedfa876..., userDataDir: C:\Users\admin\AppData\Loca...}, cssSelectorsEnabled: true, databaseEnabled: false, handlesAlerts: true, hasTouchScreen: false, javascriptEnabled: true, locationContextEnabled: true, mobileEmulationEnabled: false, nativeEvents: true, networkConnectionEnabled: false, pageLoadStrategy: normal, platform: XP, platformName: XP, rotatable: false, setWindowRect: true, takesHeapSnapshot: true, takesScreenshot: true, unexpectedAlertBehaviour: , unhandledPromptBehavior: , version: 67.0.3396.99, webStorageEnabled: true}
Session ID: e8f06dd9b3ead4f6926a056f34376cd2
*** Element info: {Using=xpath, value=//span[contains(text(),'<Filter>')]}
	at sun.reflect.GeneratedConstructorAccessor24.newInstance(Unknown Source)
	at sun.reflect.DelegatingConstructorAccessorImpl.newInstance(Unknown Source)
	at java.lang.reflect.Constructor.newInstance(Unknown Source)
	at org.openqa.selenium.remote.ErrorHandler.createThrowable(ErrorHandler.java:214)
	at org.openqa.selenium.remote.ErrorHandler.throwIfResponseFailed(ErrorHandler.java:166)
	at org.openqa.selenium.remote.http.JsonHttpResponseCodec.reconstructValue(JsonHttpResponseCodec.java:40)
	at org.openqa.selenium.remote.http.AbstractHttpResponseCodec.decode(AbstractHttpResponseCodec.java:80)
	at org.openqa.selenium.remote.http.AbstractHttpResponseCodec.decode(AbstractHttpResponseCodec.java:44)
	at org.openqa.selenium.remote.HttpCommandExecutor.execute(HttpCommandExecutor.java:158)
	at org.openqa.selenium.remote.service.DriverCommandExecutor.execute(DriverCommandExecutor.java:83)
	at org.openqa.selenium.remote.RemoteWebDriver.execute(RemoteWebDriver.java:545)
	at org.openqa.selenium.remote.RemoteWebDriver.findElement(RemoteWebDriver.java:319)
	at org.openqa.selenium.remote.RemoteWebDriver.findElementByXPath(RemoteWebDriver.java:421)
	at org.openqa.selenium.By$ByXPath.findElement(By.java:361)
	at org.openqa.selenium.remote.RemoteWebDriver.findElement(RemoteWebDriver.java:311)
	at org.drc.vat.appmanager.HelperBase.clickOn(HelperBase.java:60)
	at org.drc.vat.StepDefinitions.ManageVatRegistration.user_selects_value_from_filter_drop_down(ManageVatRegistration.java:43)
	at ?.Then user selects value from filter drop down "<Filter>"(features/ManageVatRegistration.feature:108)
</textarea></div>
					</li>
					<li test-id='156' class='node and skip' status='skip'><b>And</b>
						<span class="bdd-step-name">And enters data in type here text box "Review in Progress"</span>
							<div class='pre'>skipped</div>
					</li>
					<li test-id='157' class='node and skip' status='skip'><b>And</b>
						<span class="bdd-step-name">And user click on Reassign</span>
							<div class='pre'>skipped</div>
					</li>
					<li test-id='158' class='node and skip' status='skip'><b>And</b>
						<span class="bdd-step-name">And select another Tax Officier fron the list</span>
							<div class='pre'>skipped</div>
					</li>
					<li test-id='159' class='node and skip' status='skip'><b>And</b>
						<span class="bdd-step-name">And click on right tick</span>
							<div class='pre'>skipped</div>
					</li>
					<li test-id='160' class='node then skip' status='skip'><b>Then</b>
						<span class="bdd-step-name">Then Tax Officier Changed and toast message display</span>
						<ul class='screenshots right'>
							<li><a data-featherlight="image" href="D:\DRC_Franky\DRC_VAT\test-output\Thu Jun 28\screenshots\Validate Review in Progress from Filter status and user select Reassign_193255.png"><i class='material-icons'>panorama</i></a></li>
						</ul>
							<div class='pre'>skipped</div>
					</li>
				</ul>
		</li>
	</ul>
</div>
<div class='scenariooutline node' test-id='161' status='pass'>
	<span class='duration right label'>0h 0m 11s+70ms</span>
	<div class='desc'>
		<b>ScenarioOutline</b>
		<span class="desc-text">Validate User is able to change maximum page size</span>
	</div>
	<ul class='steps'>
		<li test-id='162' class='node scenario pass' status='pass'>
			
			<b>Scenario</b>
			
			<span class="bdd-step-name">Validate User is able to change maximum page size</span>
			
				<ul class='steps'>
					<li test-id='163' class='node given pass' status='pass'><b>Given</b>
						<span class="bdd-step-name">Given User is on Internal Portal</span>
							<div class='pre'>passed</div>
					</li>
					<li test-id='164' class='node when pass' status='pass'><b>When</b>
						<span class="bdd-step-name">When user selects Manage Vat Registraion</span>
							<div class='pre'>passed</div>
					</li>
					<li test-id='165' class='node and pass' status='pass'><b>And</b>
						<span class="bdd-step-name">And user select show "20"</span>
							<div class='pre'>passed</div>
					</li>
					<li test-id='166' class='node then pass' status='pass'><b>Then</b>
						<span class="bdd-step-name">Then see the result</span>
						<ul class='screenshots right'>
							<li><a data-featherlight="image" href="D:\DRC_Franky\DRC_VAT\test-output\Thu Jun 28\screenshots\Validate User is able to change maximum page size_193313.png"><i class='material-icons'>panorama</i></a></li>
						</ul>
							<div class='pre'>passed</div>
					</li>
				</ul>
		</li>
		<li test-id='167' class='node scenario pass' status='pass'>
			
			<b>Scenario</b>
			
			<span class="bdd-step-name">Validate User is able to change maximum page size</span>
			
				<ul class='steps'>
					<li test-id='168' class='node given pass' status='pass'><b>Given</b>
						<span class="bdd-step-name">Given User is on Internal Portal</span>
							<div class='pre'>passed</div>
					</li>
					<li test-id='169' class='node when pass' status='pass'><b>When</b>
						<span class="bdd-step-name">When user selects Manage Vat Registraion</span>
							<div class='pre'>passed</div>
					</li>
					<li test-id='170' class='node and pass' status='pass'><b>And</b>
						<span class="bdd-step-name">And user select show "25"</span>
							<div class='pre'>passed</div>
					</li>
					<li test-id='171' class='node then pass' status='pass'><b>Then</b>
						<span class="bdd-step-name">Then see the result</span>
						<ul class='screenshots right'>
							<li><a data-featherlight="image" href="D:\DRC_Franky\DRC_VAT\test-output\Thu Jun 28\screenshots\Validate User is able to change maximum page size_193316.png"><i class='material-icons'>panorama</i></a></li>
						</ul>
							<div class='pre'>passed</div>
					</li>
				</ul>
		</li>
		<li test-id='172' class='node scenario pass' status='pass'>
			
			<b>Scenario</b>
			
			<span class="bdd-step-name">Validate User is able to change maximum page size</span>
			
				<ul class='steps'>
					<li test-id='173' class='node given pass' status='pass'><b>Given</b>
						<span class="bdd-step-name">Given User is on Internal Portal</span>
							<div class='pre'>passed</div>
					</li>
					<li test-id='174' class='node when pass' status='pass'><b>When</b>
						<span class="bdd-step-name">When user selects Manage Vat Registraion</span>
							<div class='pre'>passed</div>
					</li>
					<li test-id='175' class='node and pass' status='pass'><b>And</b>
						<span class="bdd-step-name">And user select show "50"</span>
							<div class='pre'>passed</div>
					</li>
					<li test-id='176' class='node then pass' status='pass'><b>Then</b>
						<span class="bdd-step-name">Then see the result</span>
						<ul class='screenshots right'>
							<li><a data-featherlight="image" href="D:\DRC_Franky\DRC_VAT\test-output\Thu Jun 28\screenshots\Validate User is able to change maximum page size_193319.png"><i class='material-icons'>panorama</i></a></li>
						</ul>
							<div class='pre'>passed</div>
					</li>
				</ul>
		</li>
		<li test-id='177' class='node scenario pass' status='pass'>
			
			<b>Scenario</b>
			
			<span class="bdd-step-name">Validate User is able to change maximum page size</span>
			
				<ul class='steps'>
					<li test-id='178' class='node given pass' status='pass'><b>Given</b>
						<span class="bdd-step-name">Given User is on Internal Portal</span>
							<div class='pre'>passed</div>
					</li>
					<li test-id='179' class='node when pass' status='pass'><b>When</b>
						<span class="bdd-step-name">When user selects Manage Vat Registraion</span>
							<div class='pre'>passed</div>
					</li>
					<li test-id='180' class='node and pass' status='pass'><b>And</b>
						<span class="bdd-step-name">And user select show "100"</span>
							<div class='pre'>passed</div>
					</li>
					<li test-id='181' class='node then pass' status='pass'><b>Then</b>
						<span class="bdd-step-name">Then see the result</span>
						<ul class='screenshots right'>
							<li><a data-featherlight="image" href="D:\DRC_Franky\DRC_VAT\test-output\Thu Jun 28\screenshots\Validate User is able to change maximum page size_193322.png"><i class='material-icons'>panorama</i></a></li>
						</ul>
							<div class='pre'>passed</div>
					</li>
				</ul>
		</li>
	</ul>
</div>
<div class='scenariooutline node' test-id='182' status='pass'>
	<span class='duration right label'>0h 1m 0s+333ms</span>
	<div class='desc'>
		<b>ScenarioOutline</b>
		<span class="desc-text">User Navigate to particular page</span>
	</div>
	<ul class='steps'>
		<li test-id='183' class='node scenario pass' status='pass'>
			
			<b>Scenario</b>
			
			<span class="bdd-step-name">User Navigate to particular page</span>
			
				<ul class='steps'>
					<li test-id='184' class='node given pass' status='pass'><b>Given</b>
						<span class="bdd-step-name">Given User is on Internal Portal</span>
							<div class='pre'>passed</div>
					</li>
					<li test-id='185' class='node when pass' status='pass'><b>When</b>
						<span class="bdd-step-name">When user selects Manage Vat Registraion</span>
							<div class='pre'>passed</div>
					</li>
					<li test-id='186' class='node and pass' status='pass'><b>And</b>
						<span class="bdd-step-name">And user click on the page "Last" and check page"Next"</span>
							<div class='pre'>passed</div>
					</li>
					<li test-id='187' class='node then pass' status='pass'><b>Then</b>
						<span class="bdd-step-name">Then User see Result</span>
						<ul class='screenshots right'>
							<li><a data-featherlight="image" href="D:\DRC_Franky\DRC_VAT\test-output\Thu Jun 28\screenshots\User Navigate to particular page_193325.png"><i class='material-icons'>panorama</i></a></li>
						</ul>
							<div class='pre'>passed</div>
					</li>
				</ul>
		</li>
		<li test-id='188' class='node scenario pass' status='pass'>
			
			<b>Scenario</b>
			
			<span class="bdd-step-name">User Navigate to particular page</span>
			
				<ul class='steps'>
					<li test-id='189' class='node given pass' status='pass'><b>Given</b>
						<span class="bdd-step-name">Given User is on Internal Portal</span>
							<div class='pre'>passed</div>
					</li>
					<li test-id='190' class='node when pass' status='pass'><b>When</b>
						<span class="bdd-step-name">When user selects Manage Vat Registraion</span>
							<div class='pre'>passed</div>
					</li>
					<li test-id='191' class='node and pass' status='pass'><b>And</b>
						<span class="bdd-step-name">And user click on the page "Last" and check page"Previous"</span>
							<div class='pre'>passed</div>
					</li>
					<li test-id='192' class='node then pass' status='pass'><b>Then</b>
						<span class="bdd-step-name">Then User see Result</span>
						<ul class='screenshots right'>
							<li><a data-featherlight="image" href="D:\DRC_Franky\DRC_VAT\test-output\Thu Jun 28\screenshots\User Navigate to particular page_193335.png"><i class='material-icons'>panorama</i></a></li>
						</ul>
							<div class='pre'>passed</div>
					</li>
				</ul>
		</li>
		<li test-id='193' class='node scenario pass' status='pass'>
			
			<b>Scenario</b>
			
			<span class="bdd-step-name">User Navigate to particular page</span>
			
				<ul class='steps'>
					<li test-id='194' class='node given pass' status='pass'><b>Given</b>
						<span class="bdd-step-name">Given User is on Internal Portal</span>
							<div class='pre'>passed</div>
					</li>
					<li test-id='195' class='node when pass' status='pass'><b>When</b>
						<span class="bdd-step-name">When user selects Manage Vat Registraion</span>
							<div class='pre'>passed</div>
					</li>
					<li test-id='196' class='node and pass' status='pass'><b>And</b>
						<span class="bdd-step-name">And user click on the page "Next" and check page"Previous"</span>
							<div class='pre'>passed</div>
					</li>
					<li test-id='197' class='node then pass' status='pass'><b>Then</b>
						<span class="bdd-step-name">Then User see Result</span>
						<ul class='screenshots right'>
							<li><a data-featherlight="image" href="D:\DRC_Franky\DRC_VAT\test-output\Thu Jun 28\screenshots\User Navigate to particular page_193346.png"><i class='material-icons'>panorama</i></a></li>
						</ul>
							<div class='pre'>passed</div>
					</li>
				</ul>
		</li>
		<li test-id='198' class='node scenario pass' status='pass'>
			
			<b>Scenario</b>
			
			<span class="bdd-step-name">User Navigate to particular page</span>
			
				<ul class='steps'>
					<li test-id='199' class='node given pass' status='pass'><b>Given</b>
						<span class="bdd-step-name">Given User is on Internal Portal</span>
							<div class='pre'>passed</div>
					</li>
					<li test-id='200' class='node when pass' status='pass'><b>When</b>
						<span class="bdd-step-name">When user selects Manage Vat Registraion</span>
							<div class='pre'>passed</div>
					</li>
					<li test-id='201' class='node and pass' status='pass'><b>And</b>
						<span class="bdd-step-name">And user click on the page "Next" and check page"First"</span>
							<div class='pre'>passed</div>
					</li>
					<li test-id='202' class='node then pass' status='pass'><b>Then</b>
						<span class="bdd-step-name">Then User see Result</span>
						<ul class='screenshots right'>
							<li><a data-featherlight="image" href="D:\DRC_Franky\DRC_VAT\test-output\Thu Jun 28\screenshots\User Navigate to particular page_193356.png"><i class='material-icons'>panorama</i></a></li>
						</ul>
							<div class='pre'>passed</div>
					</li>
				</ul>
		</li>
		<li test-id='203' class='node scenario pass' status='pass'>
			
			<b>Scenario</b>
			
			<span class="bdd-step-name">User Navigate to particular page</span>
			
				<ul class='steps'>
					<li test-id='204' class='node given pass' status='pass'><b>Given</b>
						<span class="bdd-step-name">Given User is on Internal Portal</span>
							<div class='pre'>passed</div>
					</li>
					<li test-id='205' class='node when pass' status='pass'><b>When</b>
						<span class="bdd-step-name">When user selects Manage Vat Registraion</span>
							<div class='pre'>passed</div>
					</li>
					<li test-id='206' class='node and pass' status='pass'><b>And</b>
						<span class="bdd-step-name">And user click on the page "First1" and check page"Previous"</span>
							<div class='pre'>passed</div>
					</li>
					<li test-id='207' class='node then pass' status='pass'><b>Then</b>
						<span class="bdd-step-name">Then User see Result</span>
						<ul class='screenshots right'>
							<li><a data-featherlight="image" href="D:\DRC_Franky\DRC_VAT\test-output\Thu Jun 28\screenshots\User Navigate to particular page_193406.png"><i class='material-icons'>panorama</i></a></li>
						</ul>
							<div class='pre'>passed</div>
					</li>
				</ul>
		</li>
		<li test-id='208' class='node scenario pass' status='pass'>
			
			<b>Scenario</b>
			
			<span class="bdd-step-name">User Navigate to particular page</span>
			
				<ul class='steps'>
					<li test-id='209' class='node given pass' status='pass'><b>Given</b>
						<span class="bdd-step-name">Given User is on Internal Portal</span>
							<div class='pre'>passed</div>
					</li>
					<li test-id='210' class='node when pass' status='pass'><b>When</b>
						<span class="bdd-step-name">When user selects Manage Vat Registraion</span>
							<div class='pre'>passed</div>
					</li>
					<li test-id='211' class='node and pass' status='pass'><b>And</b>
						<span class="bdd-step-name">And user click on the page "First1" and check page"First"</span>
							<div class='pre'>passed</div>
					</li>
					<li test-id='212' class='node then pass' status='pass'><b>Then</b>
						<span class="bdd-step-name">Then User see Result</span>
						<ul class='screenshots right'>
							<li><a data-featherlight="image" href="D:\DRC_Franky\DRC_VAT\test-output\Thu Jun 28\screenshots\User Navigate to particular page_193416.png"><i class='material-icons'>panorama</i></a></li>
						</ul>
							<div class='pre'>passed</div>
					</li>
				</ul>
		</li>
	</ul>
</div>
<div class='scenariooutline node' test-id='213' status='fail'>
	<span class='duration right label'>0h 0m 35s+677ms</span>
	<div class='desc'>
		<b>ScenarioOutline</b>
		<span class="desc-text">Validate User is able to do sorting</span>
	</div>
	<ul class='steps'>
		<li test-id='214' class='node scenario pass' status='pass'>
			
			<b>Scenario</b>
			
			<span class="bdd-step-name">Validate User is able to do sorting</span>
			
				<ul class='steps'>
					<li test-id='215' class='node given pass' status='pass'><b>Given</b>
						<span class="bdd-step-name">Given User is on Internal Portal</span>
							<div class='pre'>passed</div>
					</li>
					<li test-id='216' class='node when pass' status='pass'><b>When</b>
						<span class="bdd-step-name">When user selects Manage Vat Registraion</span>
							<div class='pre'>passed</div>
					</li>
					<li test-id='217' class='node and pass' status='pass'><b>And</b>
						<span class="bdd-step-name">And user click on the sorting "desc"</span>
							<div class='pre'>passed</div>
					</li>
					<li test-id='218' class='node then pass' status='pass'><b>Then</b>
						<span class="bdd-step-name">Then User see sorting result "9"</span>
						<ul class='screenshots right'>
							<li><a data-featherlight="image" href="D:\DRC_Franky\DRC_VAT\test-output\Thu Jun 28\screenshots\Validate User is able to do sorting_193426.png"><i class='material-icons'>panorama</i></a></li>
						</ul>
							<div class='pre'>passed</div>
					</li>
				</ul>
		</li>
		<li test-id='219' class='node scenario fail' status='fail'>
			
			<b>Scenario</b>
			
			<span class="bdd-step-name">Validate User is able to do sorting</span>
			
				<ul class='steps'>
					<li test-id='220' class='node given pass' status='pass'><b>Given</b>
						<span class="bdd-step-name">Given User is on Internal Portal</span>
							<div class='pre'>passed</div>
					</li>
					<li test-id='221' class='node when pass' status='pass'><b>When</b>
						<span class="bdd-step-name">When user selects Manage Vat Registraion</span>
							<div class='pre'>passed</div>
					</li>
					<li test-id='222' class='node and pass' status='pass'><b>And</b>
						<span class="bdd-step-name">And user click on the sorting "desc"</span>
							<div class='pre'>passed</div>
					</li>
					<li test-id='223' class='node then fail' status='fail'><b>Then</b>
						<span class="bdd-step-name">Then User see sorting result "8"</span>
						<ul class='screenshots right'>
							<li><a data-featherlight="image" href="D:\DRC_Franky\DRC_VAT\test-output\Thu Jun 28\screenshots\Validate User is able to do sorting_193445.png"><i class='material-icons'>panorama</i></a></li>
						</ul>
							<div class='pre'><pre>java.lang.AssertionError: expected [8] but found [9]
	at org.testng.Assert.fail(Assert.java:94)
	at org.testng.Assert.failNotEquals(Assert.java:513)
	at org.testng.Assert.assertEqualsImpl(Assert.java:135)
	at org.testng.Assert.assertEquals(Assert.java:116)
	at org.testng.Assert.assertEquals(Assert.java:190)
	at org.testng.Assert.assertEquals(Assert.java:200)
	at org.drc.vat.StepDefinitions.ManageVatRegistration.user_see_sorting_result(ManageVatRegistration.java:324)
	at ?.Then User see sorting result "8"(features/ManageVatRegistration.feature:160)
</pre></div>
					</li>
				</ul>
		</li>
	</ul>
</div>
<div class='scenariooutline node' test-id='224' status='pass'>
	<span class='duration right label'>0h 1m 17s+993ms</span>
	<div class='desc'>
		<b>ScenarioOutline</b>
		<span class="desc-text">Validate User Click on Show Enteries</span>
	</div>
	<ul class='steps'>
		<li test-id='225' class='node scenario pass' status='pass'>
			
			<b>Scenario</b>
			
			<span class="bdd-step-name">Validate User Click on Show Enteries</span>
			
				<ul class='steps'>
					<li test-id='226' class='node given pass' status='pass'><b>Given</b>
						<span class="bdd-step-name">Given User is on Internal Portal</span>
							<div class='pre'>passed</div>
					</li>
					<li test-id='227' class='node and pass' status='pass'><b>And</b>
						<span class="bdd-step-name">And User Click Dropdown "20"</span>
							<div class='pre'>passed</div>
					</li>
					<li test-id='228' class='node then pass' status='pass'><b>Then</b>
						<span class="bdd-step-name">Then user see the page result</span>
						<ul class='screenshots right'>
							<li><a data-featherlight="image" href="D:\DRC_Franky\DRC_VAT\test-output\Thu Jun 28\screenshots\Validate User Click on Show Enteries_193503.png"><i class='material-icons'>panorama</i></a></li>
						</ul>
							<div class='pre'>passed</div>
					</li>
				</ul>
		</li>
		<li test-id='229' class='node scenario pass' status='pass'>
			
			<b>Scenario</b>
			
			<span class="bdd-step-name">Validate User Click on Show Enteries</span>
			
				<ul class='steps'>
					<li test-id='230' class='node given pass' status='pass'><b>Given</b>
						<span class="bdd-step-name">Given User is on Internal Portal</span>
							<div class='pre'>passed</div>
					</li>
					<li test-id='231' class='node and pass' status='pass'><b>And</b>
						<span class="bdd-step-name">And User Click Dropdown "15"</span>
							<div class='pre'>passed</div>
					</li>
					<li test-id='232' class='node then pass' status='pass'><b>Then</b>
						<span class="bdd-step-name">Then user see the page result</span>
						<ul class='screenshots right'>
							<li><a data-featherlight="image" href="D:\DRC_Franky\DRC_VAT\test-output\Thu Jun 28\screenshots\Validate User Click on Show Enteries_193518.png"><i class='material-icons'>panorama</i></a></li>
						</ul>
							<div class='pre'>passed</div>
					</li>
				</ul>
		</li>
		<li test-id='233' class='node scenario pass' status='pass'>
			
			<b>Scenario</b>
			
			<span class="bdd-step-name">Validate User Click on Show Enteries</span>
			
				<ul class='steps'>
					<li test-id='234' class='node given pass' status='pass'><b>Given</b>
						<span class="bdd-step-name">Given User is on Internal Portal</span>
							<div class='pre'>passed</div>
					</li>
					<li test-id='235' class='node and pass' status='pass'><b>And</b>
						<span class="bdd-step-name">And User Click Dropdown "25"</span>
							<div class='pre'>passed</div>
					</li>
					<li test-id='236' class='node then pass' status='pass'><b>Then</b>
						<span class="bdd-step-name">Then user see the page result</span>
						<ul class='screenshots right'>
							<li><a data-featherlight="image" href="D:\DRC_Franky\DRC_VAT\test-output\Thu Jun 28\screenshots\Validate User Click on Show Enteries_193534.png"><i class='material-icons'>panorama</i></a></li>
						</ul>
							<div class='pre'>passed</div>
					</li>
				</ul>
		</li>
		<li test-id='237' class='node scenario pass' status='pass'>
			
			<b>Scenario</b>
			
			<span class="bdd-step-name">Validate User Click on Show Enteries</span>
			
				<ul class='steps'>
					<li test-id='238' class='node given pass' status='pass'><b>Given</b>
						<span class="bdd-step-name">Given User is on Internal Portal</span>
							<div class='pre'>passed</div>
					</li>
					<li test-id='239' class='node and pass' status='pass'><b>And</b>
						<span class="bdd-step-name">And User Click Dropdown "50"</span>
							<div class='pre'>passed</div>
					</li>
					<li test-id='240' class='node then pass' status='pass'><b>Then</b>
						<span class="bdd-step-name">Then user see the page result</span>
						<ul class='screenshots right'>
							<li><a data-featherlight="image" href="D:\DRC_Franky\DRC_VAT\test-output\Thu Jun 28\screenshots\Validate User Click on Show Enteries_193551.png"><i class='material-icons'>panorama</i></a></li>
						</ul>
							<div class='pre'>passed</div>
					</li>
				</ul>
		</li>
		<li test-id='241' class='node scenario pass' status='pass'>
			
			<b>Scenario</b>
			
			<span class="bdd-step-name">Validate User Click on Show Enteries</span>
			
				<ul class='steps'>
					<li test-id='242' class='node given pass' status='pass'><b>Given</b>
						<span class="bdd-step-name">Given User is on Internal Portal</span>
							<div class='pre'>passed</div>
					</li>
					<li test-id='243' class='node and pass' status='pass'><b>And</b>
						<span class="bdd-step-name">And User Click Dropdown "100"</span>
							<div class='pre'>passed</div>
					</li>
					<li test-id='244' class='node then pass' status='pass'><b>Then</b>
						<span class="bdd-step-name">Then user see the page result</span>
						<ul class='screenshots right'>
							<li><a data-featherlight="image" href="D:\DRC_Franky\DRC_VAT\test-output\Thu Jun 28\screenshots\Validate User Click on Show Enteries_193606.png"><i class='material-icons'>panorama</i></a></li>
						</ul>
							<div class='pre'>passed</div>
					</li>
				</ul>
		</li>
	</ul>
</div>
					</div>
				</li>
			</ul>
		</div>
	</div>
	<!-- subview left -->

	<div class='subview-right left'>
		<div class='view-summary'>
			<h5 class='test-name'></h5>

			<div id='step-filters' class="right">
				<span class="blue-text" status="info" alt="info" title="info"><i class="material-icons">info_outline</i></span>
				<span class="green-text" status="pass" alt="pass" title="pass"><i class="material-icons">check_circle</i></span>
				<span class="red-text" status="fail" alt="fail" title="fail"><i class="material-icons">cancel</i></span>
				<span class="red-text text-darken-4" status="fatal" alt="fatal" title="fatal"><i class="material-icons">cancel</i></span>
				<span class="pink-text text-lighten-1" status="error" alt="error" title="error"><i class="material-icons">error</i></span>
				<span class="orange-text" alt="warning" status="warning" title="warning"><i class="material-icons">warning</i></span>
				<span class="teal-text" status="skip" alt="skip" title="skip"><i class="material-icons">redo</i></span>
				<span status="clear" alt="Clear filters" title="Clear filters"><i class="material-icons">clear</i></span>
			</div>
		</div>
	</div>
	<!-- subview right -->

</div>
<!-- test view -->
<!-- category view -->
<div id='exception-view' class='view hide'>

    <section id='controls'>
        <div class='controls grey lighten-4'>
            <!-- search -->
            <div class='chip transparent' alt='Search Tests' title='Search Tests'>
                <a href="#" class='search-div'>
                    <i class='material-icons'>search</i> Search
                </a>

                <div class='input-field left hide'>
                    <input id='search-tests' type='text' class='validate browser-default' placeholder='Search Tests...'>
                </div>

            </div>
            <!-- search -->
        </div>
    </section>

    <div class='subview-left left'>

        <div class='view-summary'>
            <h5>Exceptions</h3>
                <ul id='exception-collection' class='exception-collection'>

                        <li class='exception displayed active'>
                            <div class='exception-heading'>
                                <span class='exception-name'>org.openqa.selenium.NoSuchElementException</span>
                                <span class='exception-count right'><span class='label red lighten-1 white-text'>24</span></span>
                            </div>
                            <div class='exception-content hide'>
                                <div class='exception-tests'>
                                    <table class='bordered table-results'>
                                        <thead>
                                        <tr>
                                            <th>Timestamp</th>
                                            <th>TestName</th>
                                            <th>Status</th>
                                        </tr>
                                        </thead>
                                        <tbody>
                                                    <tr>
                                                        <td>Jun 28, 2018 07:24:39 PM</td>
                                                        <td class='linked' test-id='8'>User is on Manage VAT Registration.Validate Filter Functionality.Validate Filter Functionality.Then clicks on download pdf button</td>
                                                        <td><pre><pre>org.openqa.selenium.NoSuchElementException: no such element: Unable to locate element: {"method":"xpath","selector":"//*[contains(@class,'btn btn-primary mr-2 ng-star-inserted')]"}
  (Session info: chrome=67.0.3396.99)
  (Driver info: chromedriver=2.38.552522 (437e6fbedfa8762dec75e2c5b3ddb86763dc9dcb),platform=Windows NT 10.0.16299 x86_64) (WARNING: The server did not provide any stacktrace information)
Command duration or timeout: 0 milliseconds
For documentation on this error, please visit: http://seleniumhq.org/exceptions/no_such_element.html
Build info: version: '3.11.0', revision: 'e59cfb3', time: '2018-03-11T20:26:55.152Z'
System info: host: 'CS84-PC', ip: '192.168.194.2', os.name: 'Windows 10', os.arch: 'amd64', os.version: '10.0', java.version: '1.8.0_171'
Driver info: org.openqa.selenium.chrome.ChromeDriver
Capabilities {acceptInsecureCerts: false, acceptSslCerts: false, applicationCacheEnabled: false, browserConnectionEnabled: false, browserName: chrome, chrome: {chromedriverVersion: 2.38.552522 (437e6fbedfa876..., userDataDir: C:\Users\admin\AppData\Loca...}, cssSelectorsEnabled: true, databaseEnabled: false, handlesAlerts: true, hasTouchScreen: false, javascriptEnabled: true, locationContextEnabled: true, mobileEmulationEnabled: false, nativeEvents: true, networkConnectionEnabled: false, pageLoadStrategy: normal, platform: XP, platformName: XP, rotatable: false, setWindowRect: true, takesHeapSnapshot: true, takesScreenshot: true, unexpectedAlertBehaviour: , unhandledPromptBehavior: , version: 67.0.3396.99, webStorageEnabled: true}
Session ID: e8f06dd9b3ead4f6926a056f34376cd2
*** Element info: {Using=xpath, value=//*[contains(@class,'btn btn-primary mr-2 ng-star-inserted')]}
	at sun.reflect.NativeConstructorAccessorImpl.newInstance0(Native Method)
	at sun.reflect.NativeConstructorAccessorImpl.newInstance(Unknown Source)
	at sun.reflect.DelegatingConstructorAccessorImpl.newInstance(Unknown Source)
	at java.lang.reflect.Constructor.newInstance(Unknown Source)
	at org.openqa.selenium.remote.ErrorHandler.createThrowable(ErrorHandler.java:214)
	at org.openqa.selenium.remote.ErrorHandler.throwIfResponseFailed(ErrorHandler.java:166)
	at org.openqa.selenium.remote.http.JsonHttpResponseCodec.reconstructValue(JsonHttpResponseCodec.java:40)
	at org.openqa.selenium.remote.http.AbstractHttpResponseCodec.decode(AbstractHttpResponseCodec.java:80)
	at org.openqa.selenium.remote.http.AbstractHttpResponseCodec.decode(AbstractHttpResponseCodec.java:44)
	at org.openqa.selenium.remote.HttpCommandExecutor.execute(HttpCommandExecutor.java:158)
	at org.openqa.selenium.remote.service.DriverCommandExecutor.execute(DriverCommandExecutor.java:83)
	at org.openqa.selenium.remote.RemoteWebDriver.execute(RemoteWebDriver.java:545)
	at org.openqa.selenium.remote.RemoteWebDriver.findElement(RemoteWebDriver.java:319)
	at org.openqa.selenium.remote.RemoteWebDriver.findElementByXPath(RemoteWebDriver.java:421)
	at org.openqa.selenium.By$ByXPath.findElement(By.java:361)
	at org.openqa.selenium.remote.RemoteWebDriver.findElement(RemoteWebDriver.java:311)
	at org.drc.vat.appmanager.HelperBase.clickOn(HelperBase.java:60)
	at org.drc.vat.StepDefinitions.ManageVatRegistration.clicks_on_download_pdf_button(ManageVatRegistration.java:67)
	at ?.Then clicks on download pdf button(features/ManageVatRegistration.feature:8)
</pre></pre></td>
                                                    </tr>
                                                    <tr>
                                                        <td>Jun 28, 2018 07:25:03 PM</td>
                                                        <td class='linked' test-id='14'>User is on Manage VAT Registration.Validate Filter Functionality.Validate Filter Functionality.Then clicks on download pdf button</td>
                                                        <td><pre><pre>org.openqa.selenium.NoSuchElementException: no such element: Unable to locate element: {"method":"xpath","selector":"//*[contains(@class,'btn btn-primary mr-2 ng-star-inserted')]"}
  (Session info: chrome=67.0.3396.99)
  (Driver info: chromedriver=2.38.552522 (437e6fbedfa8762dec75e2c5b3ddb86763dc9dcb),platform=Windows NT 10.0.16299 x86_64) (WARNING: The server did not provide any stacktrace information)
Command duration or timeout: 0 milliseconds
For documentation on this error, please visit: http://seleniumhq.org/exceptions/no_such_element.html
Build info: version: '3.11.0', revision: 'e59cfb3', time: '2018-03-11T20:26:55.152Z'
System info: host: 'CS84-PC', ip: '192.168.194.2', os.name: 'Windows 10', os.arch: 'amd64', os.version: '10.0', java.version: '1.8.0_171'
Driver info: org.openqa.selenium.chrome.ChromeDriver
Capabilities {acceptInsecureCerts: false, acceptSslCerts: false, applicationCacheEnabled: false, browserConnectionEnabled: false, browserName: chrome, chrome: {chromedriverVersion: 2.38.552522 (437e6fbedfa876..., userDataDir: C:\Users\admin\AppData\Loca...}, cssSelectorsEnabled: true, databaseEnabled: false, handlesAlerts: true, hasTouchScreen: false, javascriptEnabled: true, locationContextEnabled: true, mobileEmulationEnabled: false, nativeEvents: true, networkConnectionEnabled: false, pageLoadStrategy: normal, platform: XP, platformName: XP, rotatable: false, setWindowRect: true, takesHeapSnapshot: true, takesScreenshot: true, unexpectedAlertBehaviour: , unhandledPromptBehavior: , version: 67.0.3396.99, webStorageEnabled: true}
Session ID: e8f06dd9b3ead4f6926a056f34376cd2
*** Element info: {Using=xpath, value=//*[contains(@class,'btn btn-primary mr-2 ng-star-inserted')]}
	at sun.reflect.NativeConstructorAccessorImpl.newInstance0(Native Method)
	at sun.reflect.NativeConstructorAccessorImpl.newInstance(Unknown Source)
	at sun.reflect.DelegatingConstructorAccessorImpl.newInstance(Unknown Source)
	at java.lang.reflect.Constructor.newInstance(Unknown Source)
	at org.openqa.selenium.remote.ErrorHandler.createThrowable(ErrorHandler.java:214)
	at org.openqa.selenium.remote.ErrorHandler.throwIfResponseFailed(ErrorHandler.java:166)
	at org.openqa.selenium.remote.http.JsonHttpResponseCodec.reconstructValue(JsonHttpResponseCodec.java:40)
	at org.openqa.selenium.remote.http.AbstractHttpResponseCodec.decode(AbstractHttpResponseCodec.java:80)
	at org.openqa.selenium.remote.http.AbstractHttpResponseCodec.decode(AbstractHttpResponseCodec.java:44)
	at org.openqa.selenium.remote.HttpCommandExecutor.execute(HttpCommandExecutor.java:158)
	at org.openqa.selenium.remote.service.DriverCommandExecutor.execute(DriverCommandExecutor.java:83)
	at org.openqa.selenium.remote.RemoteWebDriver.execute(RemoteWebDriver.java:545)
	at org.openqa.selenium.remote.RemoteWebDriver.findElement(RemoteWebDriver.java:319)
	at org.openqa.selenium.remote.RemoteWebDriver.findElementByXPath(RemoteWebDriver.java:421)
	at org.openqa.selenium.By$ByXPath.findElement(By.java:361)
	at org.openqa.selenium.remote.RemoteWebDriver.findElement(RemoteWebDriver.java:311)
	at org.drc.vat.appmanager.HelperBase.clickOn(HelperBase.java:60)
	at org.drc.vat.StepDefinitions.ManageVatRegistration.clicks_on_download_pdf_button(ManageVatRegistration.java:67)
	at ?.Then clicks on download pdf button(features/ManageVatRegistration.feature:8)
</pre></pre></td>
                                                    </tr>
                                                    <tr>
                                                        <td>Jun 28, 2018 07:25:26 PM</td>
                                                        <td class='linked' test-id='20'>User is on Manage VAT Registration.Validate Filter Functionality.Validate Filter Functionality.Then clicks on download pdf button</td>
                                                        <td><pre><pre>org.openqa.selenium.NoSuchElementException: no such element: Unable to locate element: {"method":"xpath","selector":"//*[contains(@class,'btn btn-primary mr-2 ng-star-inserted')]"}
  (Session info: chrome=67.0.3396.99)
  (Driver info: chromedriver=2.38.552522 (437e6fbedfa8762dec75e2c5b3ddb86763dc9dcb),platform=Windows NT 10.0.16299 x86_64) (WARNING: The server did not provide any stacktrace information)
Command duration or timeout: 0 milliseconds
For documentation on this error, please visit: http://seleniumhq.org/exceptions/no_such_element.html
Build info: version: '3.11.0', revision: 'e59cfb3', time: '2018-03-11T20:26:55.152Z'
System info: host: 'CS84-PC', ip: '192.168.194.2', os.name: 'Windows 10', os.arch: 'amd64', os.version: '10.0', java.version: '1.8.0_171'
Driver info: org.openqa.selenium.chrome.ChromeDriver
Capabilities {acceptInsecureCerts: false, acceptSslCerts: false, applicationCacheEnabled: false, browserConnectionEnabled: false, browserName: chrome, chrome: {chromedriverVersion: 2.38.552522 (437e6fbedfa876..., userDataDir: C:\Users\admin\AppData\Loca...}, cssSelectorsEnabled: true, databaseEnabled: false, handlesAlerts: true, hasTouchScreen: false, javascriptEnabled: true, locationContextEnabled: true, mobileEmulationEnabled: false, nativeEvents: true, networkConnectionEnabled: false, pageLoadStrategy: normal, platform: XP, platformName: XP, rotatable: false, setWindowRect: true, takesHeapSnapshot: true, takesScreenshot: true, unexpectedAlertBehaviour: , unhandledPromptBehavior: , version: 67.0.3396.99, webStorageEnabled: true}
Session ID: e8f06dd9b3ead4f6926a056f34376cd2
*** Element info: {Using=xpath, value=//*[contains(@class,'btn btn-primary mr-2 ng-star-inserted')]}
	at sun.reflect.NativeConstructorAccessorImpl.newInstance0(Native Method)
	at sun.reflect.NativeConstructorAccessorImpl.newInstance(Unknown Source)
	at sun.reflect.DelegatingConstructorAccessorImpl.newInstance(Unknown Source)
	at java.lang.reflect.Constructor.newInstance(Unknown Source)
	at org.openqa.selenium.remote.ErrorHandler.createThrowable(ErrorHandler.java:214)
	at org.openqa.selenium.remote.ErrorHandler.throwIfResponseFailed(ErrorHandler.java:166)
	at org.openqa.selenium.remote.http.JsonHttpResponseCodec.reconstructValue(JsonHttpResponseCodec.java:40)
	at org.openqa.selenium.remote.http.AbstractHttpResponseCodec.decode(AbstractHttpResponseCodec.java:80)
	at org.openqa.selenium.remote.http.AbstractHttpResponseCodec.decode(AbstractHttpResponseCodec.java:44)
	at org.openqa.selenium.remote.HttpCommandExecutor.execute(HttpCommandExecutor.java:158)
	at org.openqa.selenium.remote.service.DriverCommandExecutor.execute(DriverCommandExecutor.java:83)
	at org.openqa.selenium.remote.RemoteWebDriver.execute(RemoteWebDriver.java:545)
	at org.openqa.selenium.remote.RemoteWebDriver.findElement(RemoteWebDriver.java:319)
	at org.openqa.selenium.remote.RemoteWebDriver.findElementByXPath(RemoteWebDriver.java:421)
	at org.openqa.selenium.By$ByXPath.findElement(By.java:361)
	at org.openqa.selenium.remote.RemoteWebDriver.findElement(RemoteWebDriver.java:311)
	at org.drc.vat.appmanager.HelperBase.clickOn(HelperBase.java:60)
	at org.drc.vat.StepDefinitions.ManageVatRegistration.clicks_on_download_pdf_button(ManageVatRegistration.java:67)
	at ?.Then clicks on download pdf button(features/ManageVatRegistration.feature:8)
</pre></pre></td>
                                                    </tr>
                                                    <tr>
                                                        <td>Jun 28, 2018 07:25:49 PM</td>
                                                        <td class='linked' test-id='26'>User is on Manage VAT Registration.Validate Filter Functionality.Validate Filter Functionality.Then clicks on download pdf button</td>
                                                        <td><pre><pre>org.openqa.selenium.NoSuchElementException: no such element: Unable to locate element: {"method":"xpath","selector":"//*[contains(@class,'btn btn-primary mr-2 ng-star-inserted')]"}
  (Session info: chrome=67.0.3396.99)
  (Driver info: chromedriver=2.38.552522 (437e6fbedfa8762dec75e2c5b3ddb86763dc9dcb),platform=Windows NT 10.0.16299 x86_64) (WARNING: The server did not provide any stacktrace information)
Command duration or timeout: 0 milliseconds
For documentation on this error, please visit: http://seleniumhq.org/exceptions/no_such_element.html
Build info: version: '3.11.0', revision: 'e59cfb3', time: '2018-03-11T20:26:55.152Z'
System info: host: 'CS84-PC', ip: '192.168.194.2', os.name: 'Windows 10', os.arch: 'amd64', os.version: '10.0', java.version: '1.8.0_171'
Driver info: org.openqa.selenium.chrome.ChromeDriver
Capabilities {acceptInsecureCerts: false, acceptSslCerts: false, applicationCacheEnabled: false, browserConnectionEnabled: false, browserName: chrome, chrome: {chromedriverVersion: 2.38.552522 (437e6fbedfa876..., userDataDir: C:\Users\admin\AppData\Loca...}, cssSelectorsEnabled: true, databaseEnabled: false, handlesAlerts: true, hasTouchScreen: false, javascriptEnabled: true, locationContextEnabled: true, mobileEmulationEnabled: false, nativeEvents: true, networkConnectionEnabled: false, pageLoadStrategy: normal, platform: XP, platformName: XP, rotatable: false, setWindowRect: true, takesHeapSnapshot: true, takesScreenshot: true, unexpectedAlertBehaviour: , unhandledPromptBehavior: , version: 67.0.3396.99, webStorageEnabled: true}
Session ID: e8f06dd9b3ead4f6926a056f34376cd2
*** Element info: {Using=xpath, value=//*[contains(@class,'btn btn-primary mr-2 ng-star-inserted')]}
	at sun.reflect.NativeConstructorAccessorImpl.newInstance0(Native Method)
	at sun.reflect.NativeConstructorAccessorImpl.newInstance(Unknown Source)
	at sun.reflect.DelegatingConstructorAccessorImpl.newInstance(Unknown Source)
	at java.lang.reflect.Constructor.newInstance(Unknown Source)
	at org.openqa.selenium.remote.ErrorHandler.createThrowable(ErrorHandler.java:214)
	at org.openqa.selenium.remote.ErrorHandler.throwIfResponseFailed(ErrorHandler.java:166)
	at org.openqa.selenium.remote.http.JsonHttpResponseCodec.reconstructValue(JsonHttpResponseCodec.java:40)
	at org.openqa.selenium.remote.http.AbstractHttpResponseCodec.decode(AbstractHttpResponseCodec.java:80)
	at org.openqa.selenium.remote.http.AbstractHttpResponseCodec.decode(AbstractHttpResponseCodec.java:44)
	at org.openqa.selenium.remote.HttpCommandExecutor.execute(HttpCommandExecutor.java:158)
	at org.openqa.selenium.remote.service.DriverCommandExecutor.execute(DriverCommandExecutor.java:83)
	at org.openqa.selenium.remote.RemoteWebDriver.execute(RemoteWebDriver.java:545)
	at org.openqa.selenium.remote.RemoteWebDriver.findElement(RemoteWebDriver.java:319)
	at org.openqa.selenium.remote.RemoteWebDriver.findElementByXPath(RemoteWebDriver.java:421)
	at org.openqa.selenium.By$ByXPath.findElement(By.java:361)
	at org.openqa.selenium.remote.RemoteWebDriver.findElement(RemoteWebDriver.java:311)
	at org.drc.vat.appmanager.HelperBase.clickOn(HelperBase.java:60)
	at org.drc.vat.StepDefinitions.ManageVatRegistration.clicks_on_download_pdf_button(ManageVatRegistration.java:67)
	at ?.Then clicks on download pdf button(features/ManageVatRegistration.feature:8)
</pre></pre></td>
                                                    </tr>
                                                    <tr>
                                                        <td>Jun 28, 2018 07:26:13 PM</td>
                                                        <td class='linked' test-id='32'>User is on Manage VAT Registration.Validate Filter Functionality.Validate Filter Functionality.Then clicks on download pdf button</td>
                                                        <td><pre><pre>org.openqa.selenium.NoSuchElementException: no such element: Unable to locate element: {"method":"xpath","selector":"//*[contains(@class,'btn btn-primary mr-2 ng-star-inserted')]"}
  (Session info: chrome=67.0.3396.99)
  (Driver info: chromedriver=2.38.552522 (437e6fbedfa8762dec75e2c5b3ddb86763dc9dcb),platform=Windows NT 10.0.16299 x86_64) (WARNING: The server did not provide any stacktrace information)
Command duration or timeout: 0 milliseconds
For documentation on this error, please visit: http://seleniumhq.org/exceptions/no_such_element.html
Build info: version: '3.11.0', revision: 'e59cfb3', time: '2018-03-11T20:26:55.152Z'
System info: host: 'CS84-PC', ip: '192.168.194.2', os.name: 'Windows 10', os.arch: 'amd64', os.version: '10.0', java.version: '1.8.0_171'
Driver info: org.openqa.selenium.chrome.ChromeDriver
Capabilities {acceptInsecureCerts: false, acceptSslCerts: false, applicationCacheEnabled: false, browserConnectionEnabled: false, browserName: chrome, chrome: {chromedriverVersion: 2.38.552522 (437e6fbedfa876..., userDataDir: C:\Users\admin\AppData\Loca...}, cssSelectorsEnabled: true, databaseEnabled: false, handlesAlerts: true, hasTouchScreen: false, javascriptEnabled: true, locationContextEnabled: true, mobileEmulationEnabled: false, nativeEvents: true, networkConnectionEnabled: false, pageLoadStrategy: normal, platform: XP, platformName: XP, rotatable: false, setWindowRect: true, takesHeapSnapshot: true, takesScreenshot: true, unexpectedAlertBehaviour: , unhandledPromptBehavior: , version: 67.0.3396.99, webStorageEnabled: true}
Session ID: e8f06dd9b3ead4f6926a056f34376cd2
*** Element info: {Using=xpath, value=//*[contains(@class,'btn btn-primary mr-2 ng-star-inserted')]}
	at sun.reflect.NativeConstructorAccessorImpl.newInstance0(Native Method)
	at sun.reflect.NativeConstructorAccessorImpl.newInstance(Unknown Source)
	at sun.reflect.DelegatingConstructorAccessorImpl.newInstance(Unknown Source)
	at java.lang.reflect.Constructor.newInstance(Unknown Source)
	at org.openqa.selenium.remote.ErrorHandler.createThrowable(ErrorHandler.java:214)
	at org.openqa.selenium.remote.ErrorHandler.throwIfResponseFailed(ErrorHandler.java:166)
	at org.openqa.selenium.remote.http.JsonHttpResponseCodec.reconstructValue(JsonHttpResponseCodec.java:40)
	at org.openqa.selenium.remote.http.AbstractHttpResponseCodec.decode(AbstractHttpResponseCodec.java:80)
	at org.openqa.selenium.remote.http.AbstractHttpResponseCodec.decode(AbstractHttpResponseCodec.java:44)
	at org.openqa.selenium.remote.HttpCommandExecutor.execute(HttpCommandExecutor.java:158)
	at org.openqa.selenium.remote.service.DriverCommandExecutor.execute(DriverCommandExecutor.java:83)
	at org.openqa.selenium.remote.RemoteWebDriver.execute(RemoteWebDriver.java:545)
	at org.openqa.selenium.remote.RemoteWebDriver.findElement(RemoteWebDriver.java:319)
	at org.openqa.selenium.remote.RemoteWebDriver.findElementByXPath(RemoteWebDriver.java:421)
	at org.openqa.selenium.By$ByXPath.findElement(By.java:361)
	at org.openqa.selenium.remote.RemoteWebDriver.findElement(RemoteWebDriver.java:311)
	at org.drc.vat.appmanager.HelperBase.clickOn(HelperBase.java:60)
	at org.drc.vat.StepDefinitions.ManageVatRegistration.clicks_on_download_pdf_button(ManageVatRegistration.java:67)
	at ?.Then clicks on download pdf button(features/ManageVatRegistration.feature:8)
</pre></pre></td>
                                                    </tr>
                                                    <tr>
                                                        <td>Jun 28, 2018 07:26:37 PM</td>
                                                        <td class='linked' test-id='38'>User is on Manage VAT Registration.Validate Filter Functionality.Validate Filter Functionality.Then clicks on download pdf button</td>
                                                        <td><pre><pre>org.openqa.selenium.NoSuchElementException: no such element: Unable to locate element: {"method":"xpath","selector":"//*[contains(@class,'btn btn-primary mr-2 ng-star-inserted')]"}
  (Session info: chrome=67.0.3396.99)
  (Driver info: chromedriver=2.38.552522 (437e6fbedfa8762dec75e2c5b3ddb86763dc9dcb),platform=Windows NT 10.0.16299 x86_64) (WARNING: The server did not provide any stacktrace information)
Command duration or timeout: 0 milliseconds
For documentation on this error, please visit: http://seleniumhq.org/exceptions/no_such_element.html
Build info: version: '3.11.0', revision: 'e59cfb3', time: '2018-03-11T20:26:55.152Z'
System info: host: 'CS84-PC', ip: '192.168.194.2', os.name: 'Windows 10', os.arch: 'amd64', os.version: '10.0', java.version: '1.8.0_171'
Driver info: org.openqa.selenium.chrome.ChromeDriver
Capabilities {acceptInsecureCerts: false, acceptSslCerts: false, applicationCacheEnabled: false, browserConnectionEnabled: false, browserName: chrome, chrome: {chromedriverVersion: 2.38.552522 (437e6fbedfa876..., userDataDir: C:\Users\admin\AppData\Loca...}, cssSelectorsEnabled: true, databaseEnabled: false, handlesAlerts: true, hasTouchScreen: false, javascriptEnabled: true, locationContextEnabled: true, mobileEmulationEnabled: false, nativeEvents: true, networkConnectionEnabled: false, pageLoadStrategy: normal, platform: XP, platformName: XP, rotatable: false, setWindowRect: true, takesHeapSnapshot: true, takesScreenshot: true, unexpectedAlertBehaviour: , unhandledPromptBehavior: , version: 67.0.3396.99, webStorageEnabled: true}
Session ID: e8f06dd9b3ead4f6926a056f34376cd2
*** Element info: {Using=xpath, value=//*[contains(@class,'btn btn-primary mr-2 ng-star-inserted')]}
	at sun.reflect.NativeConstructorAccessorImpl.newInstance0(Native Method)
	at sun.reflect.NativeConstructorAccessorImpl.newInstance(Unknown Source)
	at sun.reflect.DelegatingConstructorAccessorImpl.newInstance(Unknown Source)
	at java.lang.reflect.Constructor.newInstance(Unknown Source)
	at org.openqa.selenium.remote.ErrorHandler.createThrowable(ErrorHandler.java:214)
	at org.openqa.selenium.remote.ErrorHandler.throwIfResponseFailed(ErrorHandler.java:166)
	at org.openqa.selenium.remote.http.JsonHttpResponseCodec.reconstructValue(JsonHttpResponseCodec.java:40)
	at org.openqa.selenium.remote.http.AbstractHttpResponseCodec.decode(AbstractHttpResponseCodec.java:80)
	at org.openqa.selenium.remote.http.AbstractHttpResponseCodec.decode(AbstractHttpResponseCodec.java:44)
	at org.openqa.selenium.remote.HttpCommandExecutor.execute(HttpCommandExecutor.java:158)
	at org.openqa.selenium.remote.service.DriverCommandExecutor.execute(DriverCommandExecutor.java:83)
	at org.openqa.selenium.remote.RemoteWebDriver.execute(RemoteWebDriver.java:545)
	at org.openqa.selenium.remote.RemoteWebDriver.findElement(RemoteWebDriver.java:319)
	at org.openqa.selenium.remote.RemoteWebDriver.findElementByXPath(RemoteWebDriver.java:421)
	at org.openqa.selenium.By$ByXPath.findElement(By.java:361)
	at org.openqa.selenium.remote.RemoteWebDriver.findElement(RemoteWebDriver.java:311)
	at org.drc.vat.appmanager.HelperBase.clickOn(HelperBase.java:60)
	at org.drc.vat.StepDefinitions.ManageVatRegistration.clicks_on_download_pdf_button(ManageVatRegistration.java:67)
	at ?.Then clicks on download pdf button(features/ManageVatRegistration.feature:8)
</pre></pre></td>
                                                    </tr>
                                                    <tr>
                                                        <td>Jun 28, 2018 07:27:00 PM</td>
                                                        <td class='linked' test-id='44'>User is on Manage VAT Registration.Validate Filter Functionality.Validate Filter Functionality.Then clicks on download pdf button</td>
                                                        <td><pre><pre>org.openqa.selenium.NoSuchElementException: no such element: Unable to locate element: {"method":"xpath","selector":"//*[contains(@class,'btn btn-primary mr-2 ng-star-inserted')]"}
  (Session info: chrome=67.0.3396.99)
  (Driver info: chromedriver=2.38.552522 (437e6fbedfa8762dec75e2c5b3ddb86763dc9dcb),platform=Windows NT 10.0.16299 x86_64) (WARNING: The server did not provide any stacktrace information)
Command duration or timeout: 0 milliseconds
For documentation on this error, please visit: http://seleniumhq.org/exceptions/no_such_element.html
Build info: version: '3.11.0', revision: 'e59cfb3', time: '2018-03-11T20:26:55.152Z'
System info: host: 'CS84-PC', ip: '192.168.194.2', os.name: 'Windows 10', os.arch: 'amd64', os.version: '10.0', java.version: '1.8.0_171'
Driver info: org.openqa.selenium.chrome.ChromeDriver
Capabilities {acceptInsecureCerts: false, acceptSslCerts: false, applicationCacheEnabled: false, browserConnectionEnabled: false, browserName: chrome, chrome: {chromedriverVersion: 2.38.552522 (437e6fbedfa876..., userDataDir: C:\Users\admin\AppData\Loca...}, cssSelectorsEnabled: true, databaseEnabled: false, handlesAlerts: true, hasTouchScreen: false, javascriptEnabled: true, locationContextEnabled: true, mobileEmulationEnabled: false, nativeEvents: true, networkConnectionEnabled: false, pageLoadStrategy: normal, platform: XP, platformName: XP, rotatable: false, setWindowRect: true, takesHeapSnapshot: true, takesScreenshot: true, unexpectedAlertBehaviour: , unhandledPromptBehavior: , version: 67.0.3396.99, webStorageEnabled: true}
Session ID: e8f06dd9b3ead4f6926a056f34376cd2
*** Element info: {Using=xpath, value=//*[contains(@class,'btn btn-primary mr-2 ng-star-inserted')]}
	at sun.reflect.NativeConstructorAccessorImpl.newInstance0(Native Method)
	at sun.reflect.NativeConstructorAccessorImpl.newInstance(Unknown Source)
	at sun.reflect.DelegatingConstructorAccessorImpl.newInstance(Unknown Source)
	at java.lang.reflect.Constructor.newInstance(Unknown Source)
	at org.openqa.selenium.remote.ErrorHandler.createThrowable(ErrorHandler.java:214)
	at org.openqa.selenium.remote.ErrorHandler.throwIfResponseFailed(ErrorHandler.java:166)
	at org.openqa.selenium.remote.http.JsonHttpResponseCodec.reconstructValue(JsonHttpResponseCodec.java:40)
	at org.openqa.selenium.remote.http.AbstractHttpResponseCodec.decode(AbstractHttpResponseCodec.java:80)
	at org.openqa.selenium.remote.http.AbstractHttpResponseCodec.decode(AbstractHttpResponseCodec.java:44)
	at org.openqa.selenium.remote.HttpCommandExecutor.execute(HttpCommandExecutor.java:158)
	at org.openqa.selenium.remote.service.DriverCommandExecutor.execute(DriverCommandExecutor.java:83)
	at org.openqa.selenium.remote.RemoteWebDriver.execute(RemoteWebDriver.java:545)
	at org.openqa.selenium.remote.RemoteWebDriver.findElement(RemoteWebDriver.java:319)
	at org.openqa.selenium.remote.RemoteWebDriver.findElementByXPath(RemoteWebDriver.java:421)
	at org.openqa.selenium.By$ByXPath.findElement(By.java:361)
	at org.openqa.selenium.remote.RemoteWebDriver.findElement(RemoteWebDriver.java:311)
	at org.drc.vat.appmanager.HelperBase.clickOn(HelperBase.java:60)
	at org.drc.vat.StepDefinitions.ManageVatRegistration.clicks_on_download_pdf_button(ManageVatRegistration.java:67)
	at ?.Then clicks on download pdf button(features/ManageVatRegistration.feature:8)
</pre></pre></td>
                                                    </tr>
                                                    <tr>
                                                        <td>Jun 28, 2018 07:27:24 PM</td>
                                                        <td class='linked' test-id='50'>User is on Manage VAT Registration.Validate Filter Functionality.Validate Filter Functionality.Then clicks on download pdf button</td>
                                                        <td><pre><pre>org.openqa.selenium.NoSuchElementException: no such element: Unable to locate element: {"method":"xpath","selector":"//*[contains(@class,'btn btn-primary mr-2 ng-star-inserted')]"}
  (Session info: chrome=67.0.3396.99)
  (Driver info: chromedriver=2.38.552522 (437e6fbedfa8762dec75e2c5b3ddb86763dc9dcb),platform=Windows NT 10.0.16299 x86_64) (WARNING: The server did not provide any stacktrace information)
Command duration or timeout: 0 milliseconds
For documentation on this error, please visit: http://seleniumhq.org/exceptions/no_such_element.html
Build info: version: '3.11.0', revision: 'e59cfb3', time: '2018-03-11T20:26:55.152Z'
System info: host: 'CS84-PC', ip: '192.168.194.2', os.name: 'Windows 10', os.arch: 'amd64', os.version: '10.0', java.version: '1.8.0_171'
Driver info: org.openqa.selenium.chrome.ChromeDriver
Capabilities {acceptInsecureCerts: false, acceptSslCerts: false, applicationCacheEnabled: false, browserConnectionEnabled: false, browserName: chrome, chrome: {chromedriverVersion: 2.38.552522 (437e6fbedfa876..., userDataDir: C:\Users\admin\AppData\Loca...}, cssSelectorsEnabled: true, databaseEnabled: false, handlesAlerts: true, hasTouchScreen: false, javascriptEnabled: true, locationContextEnabled: true, mobileEmulationEnabled: false, nativeEvents: true, networkConnectionEnabled: false, pageLoadStrategy: normal, platform: XP, platformName: XP, rotatable: false, setWindowRect: true, takesHeapSnapshot: true, takesScreenshot: true, unexpectedAlertBehaviour: , unhandledPromptBehavior: , version: 67.0.3396.99, webStorageEnabled: true}
Session ID: e8f06dd9b3ead4f6926a056f34376cd2
*** Element info: {Using=xpath, value=//*[contains(@class,'btn btn-primary mr-2 ng-star-inserted')]}
	at sun.reflect.NativeConstructorAccessorImpl.newInstance0(Native Method)
	at sun.reflect.NativeConstructorAccessorImpl.newInstance(Unknown Source)
	at sun.reflect.DelegatingConstructorAccessorImpl.newInstance(Unknown Source)
	at java.lang.reflect.Constructor.newInstance(Unknown Source)
	at org.openqa.selenium.remote.ErrorHandler.createThrowable(ErrorHandler.java:214)
	at org.openqa.selenium.remote.ErrorHandler.throwIfResponseFailed(ErrorHandler.java:166)
	at org.openqa.selenium.remote.http.JsonHttpResponseCodec.reconstructValue(JsonHttpResponseCodec.java:40)
	at org.openqa.selenium.remote.http.AbstractHttpResponseCodec.decode(AbstractHttpResponseCodec.java:80)
	at org.openqa.selenium.remote.http.AbstractHttpResponseCodec.decode(AbstractHttpResponseCodec.java:44)
	at org.openqa.selenium.remote.HttpCommandExecutor.execute(HttpCommandExecutor.java:158)
	at org.openqa.selenium.remote.service.DriverCommandExecutor.execute(DriverCommandExecutor.java:83)
	at org.openqa.selenium.remote.RemoteWebDriver.execute(RemoteWebDriver.java:545)
	at org.openqa.selenium.remote.RemoteWebDriver.findElement(RemoteWebDriver.java:319)
	at org.openqa.selenium.remote.RemoteWebDriver.findElementByXPath(RemoteWebDriver.java:421)
	at org.openqa.selenium.By$ByXPath.findElement(By.java:361)
	at org.openqa.selenium.remote.RemoteWebDriver.findElement(RemoteWebDriver.java:311)
	at org.drc.vat.appmanager.HelperBase.clickOn(HelperBase.java:60)
	at org.drc.vat.StepDefinitions.ManageVatRegistration.clicks_on_download_pdf_button(ManageVatRegistration.java:67)
	at ?.Then clicks on download pdf button(features/ManageVatRegistration.feature:8)
</pre></pre></td>
                                                    </tr>
                                                    <tr>
                                                        <td>Jun 28, 2018 07:27:49 PM</td>
                                                        <td class='linked' test-id='56'>User is on Manage VAT Registration.Validate Filter Functionality.Validate Filter Functionality.Then clicks on download pdf button</td>
                                                        <td><pre><pre>org.openqa.selenium.NoSuchElementException: no such element: Unable to locate element: {"method":"xpath","selector":"//*[contains(@class,'btn btn-primary mr-2 ng-star-inserted')]"}
  (Session info: chrome=67.0.3396.99)
  (Driver info: chromedriver=2.38.552522 (437e6fbedfa8762dec75e2c5b3ddb86763dc9dcb),platform=Windows NT 10.0.16299 x86_64) (WARNING: The server did not provide any stacktrace information)
Command duration or timeout: 0 milliseconds
For documentation on this error, please visit: http://seleniumhq.org/exceptions/no_such_element.html
Build info: version: '3.11.0', revision: 'e59cfb3', time: '2018-03-11T20:26:55.152Z'
System info: host: 'CS84-PC', ip: '192.168.194.2', os.name: 'Windows 10', os.arch: 'amd64', os.version: '10.0', java.version: '1.8.0_171'
Driver info: org.openqa.selenium.chrome.ChromeDriver
Capabilities {acceptInsecureCerts: false, acceptSslCerts: false, applicationCacheEnabled: false, browserConnectionEnabled: false, browserName: chrome, chrome: {chromedriverVersion: 2.38.552522 (437e6fbedfa876..., userDataDir: C:\Users\admin\AppData\Loca...}, cssSelectorsEnabled: true, databaseEnabled: false, handlesAlerts: true, hasTouchScreen: false, javascriptEnabled: true, locationContextEnabled: true, mobileEmulationEnabled: false, nativeEvents: true, networkConnectionEnabled: false, pageLoadStrategy: normal, platform: XP, platformName: XP, rotatable: false, setWindowRect: true, takesHeapSnapshot: true, takesScreenshot: true, unexpectedAlertBehaviour: , unhandledPromptBehavior: , version: 67.0.3396.99, webStorageEnabled: true}
Session ID: e8f06dd9b3ead4f6926a056f34376cd2
*** Element info: {Using=xpath, value=//*[contains(@class,'btn btn-primary mr-2 ng-star-inserted')]}
	at sun.reflect.NativeConstructorAccessorImpl.newInstance0(Native Method)
	at sun.reflect.NativeConstructorAccessorImpl.newInstance(Unknown Source)
	at sun.reflect.DelegatingConstructorAccessorImpl.newInstance(Unknown Source)
	at java.lang.reflect.Constructor.newInstance(Unknown Source)
	at org.openqa.selenium.remote.ErrorHandler.createThrowable(ErrorHandler.java:214)
	at org.openqa.selenium.remote.ErrorHandler.throwIfResponseFailed(ErrorHandler.java:166)
	at org.openqa.selenium.remote.http.JsonHttpResponseCodec.reconstructValue(JsonHttpResponseCodec.java:40)
	at org.openqa.selenium.remote.http.AbstractHttpResponseCodec.decode(AbstractHttpResponseCodec.java:80)
	at org.openqa.selenium.remote.http.AbstractHttpResponseCodec.decode(AbstractHttpResponseCodec.java:44)
	at org.openqa.selenium.remote.HttpCommandExecutor.execute(HttpCommandExecutor.java:158)
	at org.openqa.selenium.remote.service.DriverCommandExecutor.execute(DriverCommandExecutor.java:83)
	at org.openqa.selenium.remote.RemoteWebDriver.execute(RemoteWebDriver.java:545)
	at org.openqa.selenium.remote.RemoteWebDriver.findElement(RemoteWebDriver.java:319)
	at org.openqa.selenium.remote.RemoteWebDriver.findElementByXPath(RemoteWebDriver.java:421)
	at org.openqa.selenium.By$ByXPath.findElement(By.java:361)
	at org.openqa.selenium.remote.RemoteWebDriver.findElement(RemoteWebDriver.java:311)
	at org.drc.vat.appmanager.HelperBase.clickOn(HelperBase.java:60)
	at org.drc.vat.StepDefinitions.ManageVatRegistration.clicks_on_download_pdf_button(ManageVatRegistration.java:67)
	at ?.Then clicks on download pdf button(features/ManageVatRegistration.feature:8)
</pre></pre></td>
                                                    </tr>
                                                    <tr>
                                                        <td>Jun 28, 2018 07:28:12 PM</td>
                                                        <td class='linked' test-id='62'>User is on Manage VAT Registration.Validate Filter Functionality.Validate Filter Functionality.Then clicks on download pdf button</td>
                                                        <td><pre><pre>org.openqa.selenium.NoSuchElementException: no such element: Unable to locate element: {"method":"xpath","selector":"//*[contains(@class,'btn btn-primary mr-2 ng-star-inserted')]"}
  (Session info: chrome=67.0.3396.99)
  (Driver info: chromedriver=2.38.552522 (437e6fbedfa8762dec75e2c5b3ddb86763dc9dcb),platform=Windows NT 10.0.16299 x86_64) (WARNING: The server did not provide any stacktrace information)
Command duration or timeout: 0 milliseconds
For documentation on this error, please visit: http://seleniumhq.org/exceptions/no_such_element.html
Build info: version: '3.11.0', revision: 'e59cfb3', time: '2018-03-11T20:26:55.152Z'
System info: host: 'CS84-PC', ip: '192.168.194.2', os.name: 'Windows 10', os.arch: 'amd64', os.version: '10.0', java.version: '1.8.0_171'
Driver info: org.openqa.selenium.chrome.ChromeDriver
Capabilities {acceptInsecureCerts: false, acceptSslCerts: false, applicationCacheEnabled: false, browserConnectionEnabled: false, browserName: chrome, chrome: {chromedriverVersion: 2.38.552522 (437e6fbedfa876..., userDataDir: C:\Users\admin\AppData\Loca...}, cssSelectorsEnabled: true, databaseEnabled: false, handlesAlerts: true, hasTouchScreen: false, javascriptEnabled: true, locationContextEnabled: true, mobileEmulationEnabled: false, nativeEvents: true, networkConnectionEnabled: false, pageLoadStrategy: normal, platform: XP, platformName: XP, rotatable: false, setWindowRect: true, takesHeapSnapshot: true, takesScreenshot: true, unexpectedAlertBehaviour: , unhandledPromptBehavior: , version: 67.0.3396.99, webStorageEnabled: true}
Session ID: e8f06dd9b3ead4f6926a056f34376cd2
*** Element info: {Using=xpath, value=//*[contains(@class,'btn btn-primary mr-2 ng-star-inserted')]}
	at sun.reflect.NativeConstructorAccessorImpl.newInstance0(Native Method)
	at sun.reflect.NativeConstructorAccessorImpl.newInstance(Unknown Source)
	at sun.reflect.DelegatingConstructorAccessorImpl.newInstance(Unknown Source)
	at java.lang.reflect.Constructor.newInstance(Unknown Source)
	at org.openqa.selenium.remote.ErrorHandler.createThrowable(ErrorHandler.java:214)
	at org.openqa.selenium.remote.ErrorHandler.throwIfResponseFailed(ErrorHandler.java:166)
	at org.openqa.selenium.remote.http.JsonHttpResponseCodec.reconstructValue(JsonHttpResponseCodec.java:40)
	at org.openqa.selenium.remote.http.AbstractHttpResponseCodec.decode(AbstractHttpResponseCodec.java:80)
	at org.openqa.selenium.remote.http.AbstractHttpResponseCodec.decode(AbstractHttpResponseCodec.java:44)
	at org.openqa.selenium.remote.HttpCommandExecutor.execute(HttpCommandExecutor.java:158)
	at org.openqa.selenium.remote.service.DriverCommandExecutor.execute(DriverCommandExecutor.java:83)
	at org.openqa.selenium.remote.RemoteWebDriver.execute(RemoteWebDriver.java:545)
	at org.openqa.selenium.remote.RemoteWebDriver.findElement(RemoteWebDriver.java:319)
	at org.openqa.selenium.remote.RemoteWebDriver.findElementByXPath(RemoteWebDriver.java:421)
	at org.openqa.selenium.By$ByXPath.findElement(By.java:361)
	at org.openqa.selenium.remote.RemoteWebDriver.findElement(RemoteWebDriver.java:311)
	at org.drc.vat.appmanager.HelperBase.clickOn(HelperBase.java:60)
	at org.drc.vat.StepDefinitions.ManageVatRegistration.clicks_on_download_pdf_button(ManageVatRegistration.java:67)
	at ?.Then clicks on download pdf button(features/ManageVatRegistration.feature:8)
</pre></pre></td>
                                                    </tr>
                                                    <tr>
                                                        <td>Jun 28, 2018 07:28:36 PM</td>
                                                        <td class='linked' test-id='68'>User is on Manage VAT Registration.Validate Filter Functionality.Validate Filter Functionality.Then clicks on download pdf button</td>
                                                        <td><pre><pre>org.openqa.selenium.NoSuchElementException: no such element: Unable to locate element: {"method":"xpath","selector":"//*[contains(@class,'btn btn-primary mr-2 ng-star-inserted')]"}
  (Session info: chrome=67.0.3396.99)
  (Driver info: chromedriver=2.38.552522 (437e6fbedfa8762dec75e2c5b3ddb86763dc9dcb),platform=Windows NT 10.0.16299 x86_64) (WARNING: The server did not provide any stacktrace information)
Command duration or timeout: 0 milliseconds
For documentation on this error, please visit: http://seleniumhq.org/exceptions/no_such_element.html
Build info: version: '3.11.0', revision: 'e59cfb3', time: '2018-03-11T20:26:55.152Z'
System info: host: 'CS84-PC', ip: '192.168.194.2', os.name: 'Windows 10', os.arch: 'amd64', os.version: '10.0', java.version: '1.8.0_171'
Driver info: org.openqa.selenium.chrome.ChromeDriver
Capabilities {acceptInsecureCerts: false, acceptSslCerts: false, applicationCacheEnabled: false, browserConnectionEnabled: false, browserName: chrome, chrome: {chromedriverVersion: 2.38.552522 (437e6fbedfa876..., userDataDir: C:\Users\admin\AppData\Loca...}, cssSelectorsEnabled: true, databaseEnabled: false, handlesAlerts: true, hasTouchScreen: false, javascriptEnabled: true, locationContextEnabled: true, mobileEmulationEnabled: false, nativeEvents: true, networkConnectionEnabled: false, pageLoadStrategy: normal, platform: XP, platformName: XP, rotatable: false, setWindowRect: true, takesHeapSnapshot: true, takesScreenshot: true, unexpectedAlertBehaviour: , unhandledPromptBehavior: , version: 67.0.3396.99, webStorageEnabled: true}
Session ID: e8f06dd9b3ead4f6926a056f34376cd2
*** Element info: {Using=xpath, value=//*[contains(@class,'btn btn-primary mr-2 ng-star-inserted')]}
	at sun.reflect.NativeConstructorAccessorImpl.newInstance0(Native Method)
	at sun.reflect.NativeConstructorAccessorImpl.newInstance(Unknown Source)
	at sun.reflect.DelegatingConstructorAccessorImpl.newInstance(Unknown Source)
	at java.lang.reflect.Constructor.newInstance(Unknown Source)
	at org.openqa.selenium.remote.ErrorHandler.createThrowable(ErrorHandler.java:214)
	at org.openqa.selenium.remote.ErrorHandler.throwIfResponseFailed(ErrorHandler.java:166)
	at org.openqa.selenium.remote.http.JsonHttpResponseCodec.reconstructValue(JsonHttpResponseCodec.java:40)
	at org.openqa.selenium.remote.http.AbstractHttpResponseCodec.decode(AbstractHttpResponseCodec.java:80)
	at org.openqa.selenium.remote.http.AbstractHttpResponseCodec.decode(AbstractHttpResponseCodec.java:44)
	at org.openqa.selenium.remote.HttpCommandExecutor.execute(HttpCommandExecutor.java:158)
	at org.openqa.selenium.remote.service.DriverCommandExecutor.execute(DriverCommandExecutor.java:83)
	at org.openqa.selenium.remote.RemoteWebDriver.execute(RemoteWebDriver.java:545)
	at org.openqa.selenium.remote.RemoteWebDriver.findElement(RemoteWebDriver.java:319)
	at org.openqa.selenium.remote.RemoteWebDriver.findElementByXPath(RemoteWebDriver.java:421)
	at org.openqa.selenium.By$ByXPath.findElement(By.java:361)
	at org.openqa.selenium.remote.RemoteWebDriver.findElement(RemoteWebDriver.java:311)
	at org.drc.vat.appmanager.HelperBase.clickOn(HelperBase.java:60)
	at org.drc.vat.StepDefinitions.ManageVatRegistration.clicks_on_download_pdf_button(ManageVatRegistration.java:67)
	at ?.Then clicks on download pdf button(features/ManageVatRegistration.feature:8)
</pre></pre></td>
                                                    </tr>
                                                    <tr>
                                                        <td>Jun 28, 2018 07:29:00 PM</td>
                                                        <td class='linked' test-id='74'>User is on Manage VAT Registration.Validate Filter Functionality.Validate Filter Functionality.Then clicks on download pdf button</td>
                                                        <td><pre><pre>org.openqa.selenium.NoSuchElementException: no such element: Unable to locate element: {"method":"xpath","selector":"//*[contains(@class,'btn btn-primary mr-2 ng-star-inserted')]"}
  (Session info: chrome=67.0.3396.99)
  (Driver info: chromedriver=2.38.552522 (437e6fbedfa8762dec75e2c5b3ddb86763dc9dcb),platform=Windows NT 10.0.16299 x86_64) (WARNING: The server did not provide any stacktrace information)
Command duration or timeout: 0 milliseconds
For documentation on this error, please visit: http://seleniumhq.org/exceptions/no_such_element.html
Build info: version: '3.11.0', revision: 'e59cfb3', time: '2018-03-11T20:26:55.152Z'
System info: host: 'CS84-PC', ip: '192.168.194.2', os.name: 'Windows 10', os.arch: 'amd64', os.version: '10.0', java.version: '1.8.0_171'
Driver info: org.openqa.selenium.chrome.ChromeDriver
Capabilities {acceptInsecureCerts: false, acceptSslCerts: false, applicationCacheEnabled: false, browserConnectionEnabled: false, browserName: chrome, chrome: {chromedriverVersion: 2.38.552522 (437e6fbedfa876..., userDataDir: C:\Users\admin\AppData\Loca...}, cssSelectorsEnabled: true, databaseEnabled: false, handlesAlerts: true, hasTouchScreen: false, javascriptEnabled: true, locationContextEnabled: true, mobileEmulationEnabled: false, nativeEvents: true, networkConnectionEnabled: false, pageLoadStrategy: normal, platform: XP, platformName: XP, rotatable: false, setWindowRect: true, takesHeapSnapshot: true, takesScreenshot: true, unexpectedAlertBehaviour: , unhandledPromptBehavior: , version: 67.0.3396.99, webStorageEnabled: true}
Session ID: e8f06dd9b3ead4f6926a056f34376cd2
*** Element info: {Using=xpath, value=//*[contains(@class,'btn btn-primary mr-2 ng-star-inserted')]}
	at sun.reflect.NativeConstructorAccessorImpl.newInstance0(Native Method)
	at sun.reflect.NativeConstructorAccessorImpl.newInstance(Unknown Source)
	at sun.reflect.DelegatingConstructorAccessorImpl.newInstance(Unknown Source)
	at java.lang.reflect.Constructor.newInstance(Unknown Source)
	at org.openqa.selenium.remote.ErrorHandler.createThrowable(ErrorHandler.java:214)
	at org.openqa.selenium.remote.ErrorHandler.throwIfResponseFailed(ErrorHandler.java:166)
	at org.openqa.selenium.remote.http.JsonHttpResponseCodec.reconstructValue(JsonHttpResponseCodec.java:40)
	at org.openqa.selenium.remote.http.AbstractHttpResponseCodec.decode(AbstractHttpResponseCodec.java:80)
	at org.openqa.selenium.remote.http.AbstractHttpResponseCodec.decode(AbstractHttpResponseCodec.java:44)
	at org.openqa.selenium.remote.HttpCommandExecutor.execute(HttpCommandExecutor.java:158)
	at org.openqa.selenium.remote.service.DriverCommandExecutor.execute(DriverCommandExecutor.java:83)
	at org.openqa.selenium.remote.RemoteWebDriver.execute(RemoteWebDriver.java:545)
	at org.openqa.selenium.remote.RemoteWebDriver.findElement(RemoteWebDriver.java:319)
	at org.openqa.selenium.remote.RemoteWebDriver.findElementByXPath(RemoteWebDriver.java:421)
	at org.openqa.selenium.By$ByXPath.findElement(By.java:361)
	at org.openqa.selenium.remote.RemoteWebDriver.findElement(RemoteWebDriver.java:311)
	at org.drc.vat.appmanager.HelperBase.clickOn(HelperBase.java:60)
	at org.drc.vat.StepDefinitions.ManageVatRegistration.clicks_on_download_pdf_button(ManageVatRegistration.java:67)
	at ?.Then clicks on download pdf button(features/ManageVatRegistration.feature:8)
</pre></pre></td>
                                                    </tr>
                                                    <tr>
                                                        <td>Jun 28, 2018 07:29:23 PM</td>
                                                        <td class='linked' test-id='80'>User is on Manage VAT Registration.Validate Filter Functionality.Validate Filter Functionality.Then clicks on download pdf button</td>
                                                        <td><pre><pre>org.openqa.selenium.NoSuchElementException: no such element: Unable to locate element: {"method":"xpath","selector":"//*[contains(@class,'btn btn-primary mr-2 ng-star-inserted')]"}
  (Session info: chrome=67.0.3396.99)
  (Driver info: chromedriver=2.38.552522 (437e6fbedfa8762dec75e2c5b3ddb86763dc9dcb),platform=Windows NT 10.0.16299 x86_64) (WARNING: The server did not provide any stacktrace information)
Command duration or timeout: 0 milliseconds
For documentation on this error, please visit: http://seleniumhq.org/exceptions/no_such_element.html
Build info: version: '3.11.0', revision: 'e59cfb3', time: '2018-03-11T20:26:55.152Z'
System info: host: 'CS84-PC', ip: '192.168.194.2', os.name: 'Windows 10', os.arch: 'amd64', os.version: '10.0', java.version: '1.8.0_171'
Driver info: org.openqa.selenium.chrome.ChromeDriver
Capabilities {acceptInsecureCerts: false, acceptSslCerts: false, applicationCacheEnabled: false, browserConnectionEnabled: false, browserName: chrome, chrome: {chromedriverVersion: 2.38.552522 (437e6fbedfa876..., userDataDir: C:\Users\admin\AppData\Loca...}, cssSelectorsEnabled: true, databaseEnabled: false, handlesAlerts: true, hasTouchScreen: false, javascriptEnabled: true, locationContextEnabled: true, mobileEmulationEnabled: false, nativeEvents: true, networkConnectionEnabled: false, pageLoadStrategy: normal, platform: XP, platformName: XP, rotatable: false, setWindowRect: true, takesHeapSnapshot: true, takesScreenshot: true, unexpectedAlertBehaviour: , unhandledPromptBehavior: , version: 67.0.3396.99, webStorageEnabled: true}
Session ID: e8f06dd9b3ead4f6926a056f34376cd2
*** Element info: {Using=xpath, value=//*[contains(@class,'btn btn-primary mr-2 ng-star-inserted')]}
	at sun.reflect.NativeConstructorAccessorImpl.newInstance0(Native Method)
	at sun.reflect.NativeConstructorAccessorImpl.newInstance(Unknown Source)
	at sun.reflect.DelegatingConstructorAccessorImpl.newInstance(Unknown Source)
	at java.lang.reflect.Constructor.newInstance(Unknown Source)
	at org.openqa.selenium.remote.ErrorHandler.createThrowable(ErrorHandler.java:214)
	at org.openqa.selenium.remote.ErrorHandler.throwIfResponseFailed(ErrorHandler.java:166)
	at org.openqa.selenium.remote.http.JsonHttpResponseCodec.reconstructValue(JsonHttpResponseCodec.java:40)
	at org.openqa.selenium.remote.http.AbstractHttpResponseCodec.decode(AbstractHttpResponseCodec.java:80)
	at org.openqa.selenium.remote.http.AbstractHttpResponseCodec.decode(AbstractHttpResponseCodec.java:44)
	at org.openqa.selenium.remote.HttpCommandExecutor.execute(HttpCommandExecutor.java:158)
	at org.openqa.selenium.remote.service.DriverCommandExecutor.execute(DriverCommandExecutor.java:83)
	at org.openqa.selenium.remote.RemoteWebDriver.execute(RemoteWebDriver.java:545)
	at org.openqa.selenium.remote.RemoteWebDriver.findElement(RemoteWebDriver.java:319)
	at org.openqa.selenium.remote.RemoteWebDriver.findElementByXPath(RemoteWebDriver.java:421)
	at org.openqa.selenium.By$ByXPath.findElement(By.java:361)
	at org.openqa.selenium.remote.RemoteWebDriver.findElement(RemoteWebDriver.java:311)
	at org.drc.vat.appmanager.HelperBase.clickOn(HelperBase.java:60)
	at org.drc.vat.StepDefinitions.ManageVatRegistration.clicks_on_download_pdf_button(ManageVatRegistration.java:67)
	at ?.Then clicks on download pdf button(features/ManageVatRegistration.feature:8)
</pre></pre></td>
                                                    </tr>
                                                    <tr>
                                                        <td>Jun 28, 2018 07:29:47 PM</td>
                                                        <td class='linked' test-id='86'>User is on Manage VAT Registration.Validate Filter Functionality.Validate Filter Functionality.Then clicks on download pdf button</td>
                                                        <td><pre><pre>org.openqa.selenium.NoSuchElementException: no such element: Unable to locate element: {"method":"xpath","selector":"//*[contains(@class,'btn btn-primary mr-2 ng-star-inserted')]"}
  (Session info: chrome=67.0.3396.99)
  (Driver info: chromedriver=2.38.552522 (437e6fbedfa8762dec75e2c5b3ddb86763dc9dcb),platform=Windows NT 10.0.16299 x86_64) (WARNING: The server did not provide any stacktrace information)
Command duration or timeout: 0 milliseconds
For documentation on this error, please visit: http://seleniumhq.org/exceptions/no_such_element.html
Build info: version: '3.11.0', revision: 'e59cfb3', time: '2018-03-11T20:26:55.152Z'
System info: host: 'CS84-PC', ip: '192.168.194.2', os.name: 'Windows 10', os.arch: 'amd64', os.version: '10.0', java.version: '1.8.0_171'
Driver info: org.openqa.selenium.chrome.ChromeDriver
Capabilities {acceptInsecureCerts: false, acceptSslCerts: false, applicationCacheEnabled: false, browserConnectionEnabled: false, browserName: chrome, chrome: {chromedriverVersion: 2.38.552522 (437e6fbedfa876..., userDataDir: C:\Users\admin\AppData\Loca...}, cssSelectorsEnabled: true, databaseEnabled: false, handlesAlerts: true, hasTouchScreen: false, javascriptEnabled: true, locationContextEnabled: true, mobileEmulationEnabled: false, nativeEvents: true, networkConnectionEnabled: false, pageLoadStrategy: normal, platform: XP, platformName: XP, rotatable: false, setWindowRect: true, takesHeapSnapshot: true, takesScreenshot: true, unexpectedAlertBehaviour: , unhandledPromptBehavior: , version: 67.0.3396.99, webStorageEnabled: true}
Session ID: e8f06dd9b3ead4f6926a056f34376cd2
*** Element info: {Using=xpath, value=//*[contains(@class,'btn btn-primary mr-2 ng-star-inserted')]}
	at sun.reflect.NativeConstructorAccessorImpl.newInstance0(Native Method)
	at sun.reflect.NativeConstructorAccessorImpl.newInstance(Unknown Source)
	at sun.reflect.DelegatingConstructorAccessorImpl.newInstance(Unknown Source)
	at java.lang.reflect.Constructor.newInstance(Unknown Source)
	at org.openqa.selenium.remote.ErrorHandler.createThrowable(ErrorHandler.java:214)
	at org.openqa.selenium.remote.ErrorHandler.throwIfResponseFailed(ErrorHandler.java:166)
	at org.openqa.selenium.remote.http.JsonHttpResponseCodec.reconstructValue(JsonHttpResponseCodec.java:40)
	at org.openqa.selenium.remote.http.AbstractHttpResponseCodec.decode(AbstractHttpResponseCodec.java:80)
	at org.openqa.selenium.remote.http.AbstractHttpResponseCodec.decode(AbstractHttpResponseCodec.java:44)
	at org.openqa.selenium.remote.HttpCommandExecutor.execute(HttpCommandExecutor.java:158)
	at org.openqa.selenium.remote.service.DriverCommandExecutor.execute(DriverCommandExecutor.java:83)
	at org.openqa.selenium.remote.RemoteWebDriver.execute(RemoteWebDriver.java:545)
	at org.openqa.selenium.remote.RemoteWebDriver.findElement(RemoteWebDriver.java:319)
	at org.openqa.selenium.remote.RemoteWebDriver.findElementByXPath(RemoteWebDriver.java:421)
	at org.openqa.selenium.By$ByXPath.findElement(By.java:361)
	at org.openqa.selenium.remote.RemoteWebDriver.findElement(RemoteWebDriver.java:311)
	at org.drc.vat.appmanager.HelperBase.clickOn(HelperBase.java:60)
	at org.drc.vat.StepDefinitions.ManageVatRegistration.clicks_on_download_pdf_button(ManageVatRegistration.java:67)
	at ?.Then clicks on download pdf button(features/ManageVatRegistration.feature:8)
</pre></pre></td>
                                                    </tr>
                                                    <tr>
                                                        <td>Jun 28, 2018 07:30:10 PM</td>
                                                        <td class='linked' test-id='92'>User is on Manage VAT Registration.Validate Filter Functionality.Validate Filter Functionality.Then clicks on download pdf button</td>
                                                        <td><pre><pre>org.openqa.selenium.NoSuchElementException: no such element: Unable to locate element: {"method":"xpath","selector":"//*[contains(@class,'btn btn-primary mr-2 ng-star-inserted')]"}
  (Session info: chrome=67.0.3396.99)
  (Driver info: chromedriver=2.38.552522 (437e6fbedfa8762dec75e2c5b3ddb86763dc9dcb),platform=Windows NT 10.0.16299 x86_64) (WARNING: The server did not provide any stacktrace information)
Command duration or timeout: 0 milliseconds
For documentation on this error, please visit: http://seleniumhq.org/exceptions/no_such_element.html
Build info: version: '3.11.0', revision: 'e59cfb3', time: '2018-03-11T20:26:55.152Z'
System info: host: 'CS84-PC', ip: '192.168.194.2', os.name: 'Windows 10', os.arch: 'amd64', os.version: '10.0', java.version: '1.8.0_171'
Driver info: org.openqa.selenium.chrome.ChromeDriver
Capabilities {acceptInsecureCerts: false, acceptSslCerts: false, applicationCacheEnabled: false, browserConnectionEnabled: false, browserName: chrome, chrome: {chromedriverVersion: 2.38.552522 (437e6fbedfa876..., userDataDir: C:\Users\admin\AppData\Loca...}, cssSelectorsEnabled: true, databaseEnabled: false, handlesAlerts: true, hasTouchScreen: false, javascriptEnabled: true, locationContextEnabled: true, mobileEmulationEnabled: false, nativeEvents: true, networkConnectionEnabled: false, pageLoadStrategy: normal, platform: XP, platformName: XP, rotatable: false, setWindowRect: true, takesHeapSnapshot: true, takesScreenshot: true, unexpectedAlertBehaviour: , unhandledPromptBehavior: , version: 67.0.3396.99, webStorageEnabled: true}
Session ID: e8f06dd9b3ead4f6926a056f34376cd2
*** Element info: {Using=xpath, value=//*[contains(@class,'btn btn-primary mr-2 ng-star-inserted')]}
	at sun.reflect.NativeConstructorAccessorImpl.newInstance0(Native Method)
	at sun.reflect.NativeConstructorAccessorImpl.newInstance(Unknown Source)
	at sun.reflect.DelegatingConstructorAccessorImpl.newInstance(Unknown Source)
	at java.lang.reflect.Constructor.newInstance(Unknown Source)
	at org.openqa.selenium.remote.ErrorHandler.createThrowable(ErrorHandler.java:214)
	at org.openqa.selenium.remote.ErrorHandler.throwIfResponseFailed(ErrorHandler.java:166)
	at org.openqa.selenium.remote.http.JsonHttpResponseCodec.reconstructValue(JsonHttpResponseCodec.java:40)
	at org.openqa.selenium.remote.http.AbstractHttpResponseCodec.decode(AbstractHttpResponseCodec.java:80)
	at org.openqa.selenium.remote.http.AbstractHttpResponseCodec.decode(AbstractHttpResponseCodec.java:44)
	at org.openqa.selenium.remote.HttpCommandExecutor.execute(HttpCommandExecutor.java:158)
	at org.openqa.selenium.remote.service.DriverCommandExecutor.execute(DriverCommandExecutor.java:83)
	at org.openqa.selenium.remote.RemoteWebDriver.execute(RemoteWebDriver.java:545)
	at org.openqa.selenium.remote.RemoteWebDriver.findElement(RemoteWebDriver.java:319)
	at org.openqa.selenium.remote.RemoteWebDriver.findElementByXPath(RemoteWebDriver.java:421)
	at org.openqa.selenium.By$ByXPath.findElement(By.java:361)
	at org.openqa.selenium.remote.RemoteWebDriver.findElement(RemoteWebDriver.java:311)
	at org.drc.vat.appmanager.HelperBase.clickOn(HelperBase.java:60)
	at org.drc.vat.StepDefinitions.ManageVatRegistration.clicks_on_download_pdf_button(ManageVatRegistration.java:67)
	at ?.Then clicks on download pdf button(features/ManageVatRegistration.feature:8)
</pre></pre></td>
                                                    </tr>
                                                    <tr>
                                                        <td>Jun 28, 2018 07:30:34 PM</td>
                                                        <td class='linked' test-id='98'>User is on Manage VAT Registration.Validate Filter Functionality.Validate Filter Functionality.Then clicks on download pdf button</td>
                                                        <td><pre><pre>org.openqa.selenium.NoSuchElementException: no such element: Unable to locate element: {"method":"xpath","selector":"//*[contains(@class,'btn btn-primary mr-2 ng-star-inserted')]"}
  (Session info: chrome=67.0.3396.99)
  (Driver info: chromedriver=2.38.552522 (437e6fbedfa8762dec75e2c5b3ddb86763dc9dcb),platform=Windows NT 10.0.16299 x86_64) (WARNING: The server did not provide any stacktrace information)
Command duration or timeout: 0 milliseconds
For documentation on this error, please visit: http://seleniumhq.org/exceptions/no_such_element.html
Build info: version: '3.11.0', revision: 'e59cfb3', time: '2018-03-11T20:26:55.152Z'
System info: host: 'CS84-PC', ip: '192.168.194.2', os.name: 'Windows 10', os.arch: 'amd64', os.version: '10.0', java.version: '1.8.0_171'
Driver info: org.openqa.selenium.chrome.ChromeDriver
Capabilities {acceptInsecureCerts: false, acceptSslCerts: false, applicationCacheEnabled: false, browserConnectionEnabled: false, browserName: chrome, chrome: {chromedriverVersion: 2.38.552522 (437e6fbedfa876..., userDataDir: C:\Users\admin\AppData\Loca...}, cssSelectorsEnabled: true, databaseEnabled: false, handlesAlerts: true, hasTouchScreen: false, javascriptEnabled: true, locationContextEnabled: true, mobileEmulationEnabled: false, nativeEvents: true, networkConnectionEnabled: false, pageLoadStrategy: normal, platform: XP, platformName: XP, rotatable: false, setWindowRect: true, takesHeapSnapshot: true, takesScreenshot: true, unexpectedAlertBehaviour: , unhandledPromptBehavior: , version: 67.0.3396.99, webStorageEnabled: true}
Session ID: e8f06dd9b3ead4f6926a056f34376cd2
*** Element info: {Using=xpath, value=//*[contains(@class,'btn btn-primary mr-2 ng-star-inserted')]}
	at sun.reflect.NativeConstructorAccessorImpl.newInstance0(Native Method)
	at sun.reflect.NativeConstructorAccessorImpl.newInstance(Unknown Source)
	at sun.reflect.DelegatingConstructorAccessorImpl.newInstance(Unknown Source)
	at java.lang.reflect.Constructor.newInstance(Unknown Source)
	at org.openqa.selenium.remote.ErrorHandler.createThrowable(ErrorHandler.java:214)
	at org.openqa.selenium.remote.ErrorHandler.throwIfResponseFailed(ErrorHandler.java:166)
	at org.openqa.selenium.remote.http.JsonHttpResponseCodec.reconstructValue(JsonHttpResponseCodec.java:40)
	at org.openqa.selenium.remote.http.AbstractHttpResponseCodec.decode(AbstractHttpResponseCodec.java:80)
	at org.openqa.selenium.remote.http.AbstractHttpResponseCodec.decode(AbstractHttpResponseCodec.java:44)
	at org.openqa.selenium.remote.HttpCommandExecutor.execute(HttpCommandExecutor.java:158)
	at org.openqa.selenium.remote.service.DriverCommandExecutor.execute(DriverCommandExecutor.java:83)
	at org.openqa.selenium.remote.RemoteWebDriver.execute(RemoteWebDriver.java:545)
	at org.openqa.selenium.remote.RemoteWebDriver.findElement(RemoteWebDriver.java:319)
	at org.openqa.selenium.remote.RemoteWebDriver.findElementByXPath(RemoteWebDriver.java:421)
	at org.openqa.selenium.By$ByXPath.findElement(By.java:361)
	at org.openqa.selenium.remote.RemoteWebDriver.findElement(RemoteWebDriver.java:311)
	at org.drc.vat.appmanager.HelperBase.clickOn(HelperBase.java:60)
	at org.drc.vat.StepDefinitions.ManageVatRegistration.clicks_on_download_pdf_button(ManageVatRegistration.java:67)
	at ?.Then clicks on download pdf button(features/ManageVatRegistration.feature:8)
</pre></pre></td>
                                                    </tr>
                                                    <tr>
                                                        <td>Jun 28, 2018 07:30:58 PM</td>
                                                        <td class='linked' test-id='104'>User is on Manage VAT Registration.Validate Filter Functionality.Validate Filter Functionality.Then clicks on download pdf button</td>
                                                        <td><pre><pre>org.openqa.selenium.NoSuchElementException: no such element: Unable to locate element: {"method":"xpath","selector":"//*[contains(@class,'btn btn-primary mr-2 ng-star-inserted')]"}
  (Session info: chrome=67.0.3396.99)
  (Driver info: chromedriver=2.38.552522 (437e6fbedfa8762dec75e2c5b3ddb86763dc9dcb),platform=Windows NT 10.0.16299 x86_64) (WARNING: The server did not provide any stacktrace information)
Command duration or timeout: 0 milliseconds
For documentation on this error, please visit: http://seleniumhq.org/exceptions/no_such_element.html
Build info: version: '3.11.0', revision: 'e59cfb3', time: '2018-03-11T20:26:55.152Z'
System info: host: 'CS84-PC', ip: '192.168.194.2', os.name: 'Windows 10', os.arch: 'amd64', os.version: '10.0', java.version: '1.8.0_171'
Driver info: org.openqa.selenium.chrome.ChromeDriver
Capabilities {acceptInsecureCerts: false, acceptSslCerts: false, applicationCacheEnabled: false, browserConnectionEnabled: false, browserName: chrome, chrome: {chromedriverVersion: 2.38.552522 (437e6fbedfa876..., userDataDir: C:\Users\admin\AppData\Loca...}, cssSelectorsEnabled: true, databaseEnabled: false, handlesAlerts: true, hasTouchScreen: false, javascriptEnabled: true, locationContextEnabled: true, mobileEmulationEnabled: false, nativeEvents: true, networkConnectionEnabled: false, pageLoadStrategy: normal, platform: XP, platformName: XP, rotatable: false, setWindowRect: true, takesHeapSnapshot: true, takesScreenshot: true, unexpectedAlertBehaviour: , unhandledPromptBehavior: , version: 67.0.3396.99, webStorageEnabled: true}
Session ID: e8f06dd9b3ead4f6926a056f34376cd2
*** Element info: {Using=xpath, value=//*[contains(@class,'btn btn-primary mr-2 ng-star-inserted')]}
	at sun.reflect.GeneratedConstructorAccessor24.newInstance(Unknown Source)
	at sun.reflect.DelegatingConstructorAccessorImpl.newInstance(Unknown Source)
	at java.lang.reflect.Constructor.newInstance(Unknown Source)
	at org.openqa.selenium.remote.ErrorHandler.createThrowable(ErrorHandler.java:214)
	at org.openqa.selenium.remote.ErrorHandler.throwIfResponseFailed(ErrorHandler.java:166)
	at org.openqa.selenium.remote.http.JsonHttpResponseCodec.reconstructValue(JsonHttpResponseCodec.java:40)
	at org.openqa.selenium.remote.http.AbstractHttpResponseCodec.decode(AbstractHttpResponseCodec.java:80)
	at org.openqa.selenium.remote.http.AbstractHttpResponseCodec.decode(AbstractHttpResponseCodec.java:44)
	at org.openqa.selenium.remote.HttpCommandExecutor.execute(HttpCommandExecutor.java:158)
	at org.openqa.selenium.remote.service.DriverCommandExecutor.execute(DriverCommandExecutor.java:83)
	at org.openqa.selenium.remote.RemoteWebDriver.execute(RemoteWebDriver.java:545)
	at org.openqa.selenium.remote.RemoteWebDriver.findElement(RemoteWebDriver.java:319)
	at org.openqa.selenium.remote.RemoteWebDriver.findElementByXPath(RemoteWebDriver.java:421)
	at org.openqa.selenium.By$ByXPath.findElement(By.java:361)
	at org.openqa.selenium.remote.RemoteWebDriver.findElement(RemoteWebDriver.java:311)
	at org.drc.vat.appmanager.HelperBase.clickOn(HelperBase.java:60)
	at org.drc.vat.StepDefinitions.ManageVatRegistration.clicks_on_download_pdf_button(ManageVatRegistration.java:67)
	at ?.Then clicks on download pdf button(features/ManageVatRegistration.feature:8)
</pre></pre></td>
                                                    </tr>
                                                    <tr>
                                                        <td>Jun 28, 2018 07:31:15 PM</td>
                                                        <td class='linked' test-id='109'>User is on Manage VAT Registration.Download PDF.Then clicks on download pdf button</td>
                                                        <td><pre><pre>org.openqa.selenium.NoSuchElementException: no such element: Unable to locate element: {"method":"xpath","selector":"//*[contains(@class,'btn btn-primary mr-2 ng-star-inserted')]"}
  (Session info: chrome=67.0.3396.99)
  (Driver info: chromedriver=2.38.552522 (437e6fbedfa8762dec75e2c5b3ddb86763dc9dcb),platform=Windows NT 10.0.16299 x86_64) (WARNING: The server did not provide any stacktrace information)
Command duration or timeout: 0 milliseconds
For documentation on this error, please visit: http://seleniumhq.org/exceptions/no_such_element.html
Build info: version: '3.11.0', revision: 'e59cfb3', time: '2018-03-11T20:26:55.152Z'
System info: host: 'CS84-PC', ip: '192.168.194.2', os.name: 'Windows 10', os.arch: 'amd64', os.version: '10.0', java.version: '1.8.0_171'
Driver info: org.openqa.selenium.chrome.ChromeDriver
Capabilities {acceptInsecureCerts: false, acceptSslCerts: false, applicationCacheEnabled: false, browserConnectionEnabled: false, browserName: chrome, chrome: {chromedriverVersion: 2.38.552522 (437e6fbedfa876..., userDataDir: C:\Users\admin\AppData\Loca...}, cssSelectorsEnabled: true, databaseEnabled: false, handlesAlerts: true, hasTouchScreen: false, javascriptEnabled: true, locationContextEnabled: true, mobileEmulationEnabled: false, nativeEvents: true, networkConnectionEnabled: false, pageLoadStrategy: normal, platform: XP, platformName: XP, rotatable: false, setWindowRect: true, takesHeapSnapshot: true, takesScreenshot: true, unexpectedAlertBehaviour: , unhandledPromptBehavior: , version: 67.0.3396.99, webStorageEnabled: true}
Session ID: e8f06dd9b3ead4f6926a056f34376cd2
*** Element info: {Using=xpath, value=//*[contains(@class,'btn btn-primary mr-2 ng-star-inserted')]}
	at sun.reflect.GeneratedConstructorAccessor24.newInstance(Unknown Source)
	at sun.reflect.DelegatingConstructorAccessorImpl.newInstance(Unknown Source)
	at java.lang.reflect.Constructor.newInstance(Unknown Source)
	at org.openqa.selenium.remote.ErrorHandler.createThrowable(ErrorHandler.java:214)
	at org.openqa.selenium.remote.ErrorHandler.throwIfResponseFailed(ErrorHandler.java:166)
	at org.openqa.selenium.remote.http.JsonHttpResponseCodec.reconstructValue(JsonHttpResponseCodec.java:40)
	at org.openqa.selenium.remote.http.AbstractHttpResponseCodec.decode(AbstractHttpResponseCodec.java:80)
	at org.openqa.selenium.remote.http.AbstractHttpResponseCodec.decode(AbstractHttpResponseCodec.java:44)
	at org.openqa.selenium.remote.HttpCommandExecutor.execute(HttpCommandExecutor.java:158)
	at org.openqa.selenium.remote.service.DriverCommandExecutor.execute(DriverCommandExecutor.java:83)
	at org.openqa.selenium.remote.RemoteWebDriver.execute(RemoteWebDriver.java:545)
	at org.openqa.selenium.remote.RemoteWebDriver.findElement(RemoteWebDriver.java:319)
	at org.openqa.selenium.remote.RemoteWebDriver.findElementByXPath(RemoteWebDriver.java:421)
	at org.openqa.selenium.By$ByXPath.findElement(By.java:361)
	at org.openqa.selenium.remote.RemoteWebDriver.findElement(RemoteWebDriver.java:311)
	at org.drc.vat.appmanager.HelperBase.clickOn(HelperBase.java:60)
	at org.drc.vat.StepDefinitions.ManageVatRegistration.clicks_on_download_pdf_button(ManageVatRegistration.java:67)
	at ?.Then clicks on download pdf button(features/ManageVatRegistration.feature:35)
</pre></pre></td>
                                                    </tr>
                                                    <tr>
                                                        <td>Jun 28, 2018 07:31:27 PM</td>
                                                        <td class='linked' test-id='114'>User is on Manage VAT Registration.Validate View Functionality when user select view for Rejected and Review Completed.Validate View Functionality when user select view for Rejected and Review Completed.Then user selects value from filter drop down "<Filter>"</td>
                                                        <td><pre><textarea>org.openqa.selenium.NoSuchElementException: no such element: Unable to locate element: {"method":"xpath","selector":"//span[contains(text(),'<Filter>')]"}
  (Session info: chrome=67.0.3396.99)
  (Driver info: chromedriver=2.38.552522 (437e6fbedfa8762dec75e2c5b3ddb86763dc9dcb),platform=Windows NT 10.0.16299 x86_64) (WARNING: The server did not provide any stacktrace information)
Command duration or timeout: 0 milliseconds
For documentation on this error, please visit: http://seleniumhq.org/exceptions/no_such_element.html
Build info: version: '3.11.0', revision: 'e59cfb3', time: '2018-03-11T20:26:55.152Z'
System info: host: 'CS84-PC', ip: '192.168.194.2', os.name: 'Windows 10', os.arch: 'amd64', os.version: '10.0', java.version: '1.8.0_171'
Driver info: org.openqa.selenium.chrome.ChromeDriver
Capabilities {acceptInsecureCerts: false, acceptSslCerts: false, applicationCacheEnabled: false, browserConnectionEnabled: false, browserName: chrome, chrome: {chromedriverVersion: 2.38.552522 (437e6fbedfa876..., userDataDir: C:\Users\admin\AppData\Loca...}, cssSelectorsEnabled: true, databaseEnabled: false, handlesAlerts: true, hasTouchScreen: false, javascriptEnabled: true, locationContextEnabled: true, mobileEmulationEnabled: false, nativeEvents: true, networkConnectionEnabled: false, pageLoadStrategy: normal, platform: XP, platformName: XP, rotatable: false, setWindowRect: true, takesHeapSnapshot: true, takesScreenshot: true, unexpectedAlertBehaviour: , unhandledPromptBehavior: , version: 67.0.3396.99, webStorageEnabled: true}
Session ID: e8f06dd9b3ead4f6926a056f34376cd2
*** Element info: {Using=xpath, value=//span[contains(text(),'<Filter>')]}
	at sun.reflect.GeneratedConstructorAccessor24.newInstance(Unknown Source)
	at sun.reflect.DelegatingConstructorAccessorImpl.newInstance(Unknown Source)
	at java.lang.reflect.Constructor.newInstance(Unknown Source)
	at org.openqa.selenium.remote.ErrorHandler.createThrowable(ErrorHandler.java:214)
	at org.openqa.selenium.remote.ErrorHandler.throwIfResponseFailed(ErrorHandler.java:166)
	at org.openqa.selenium.remote.http.JsonHttpResponseCodec.reconstructValue(JsonHttpResponseCodec.java:40)
	at org.openqa.selenium.remote.http.AbstractHttpResponseCodec.decode(AbstractHttpResponseCodec.java:80)
	at org.openqa.selenium.remote.http.AbstractHttpResponseCodec.decode(AbstractHttpResponseCodec.java:44)
	at org.openqa.selenium.remote.HttpCommandExecutor.execute(HttpCommandExecutor.java:158)
	at org.openqa.selenium.remote.service.DriverCommandExecutor.execute(DriverCommandExecutor.java:83)
	at org.openqa.selenium.remote.RemoteWebDriver.execute(RemoteWebDriver.java:545)
	at org.openqa.selenium.remote.RemoteWebDriver.findElement(RemoteWebDriver.java:319)
	at org.openqa.selenium.remote.RemoteWebDriver.findElementByXPath(RemoteWebDriver.java:421)
	at org.openqa.selenium.By$ByXPath.findElement(By.java:361)
	at org.openqa.selenium.remote.RemoteWebDriver.findElement(RemoteWebDriver.java:311)
	at org.drc.vat.appmanager.HelperBase.clickOn(HelperBase.java:60)
	at org.drc.vat.StepDefinitions.ManageVatRegistration.user_selects_value_from_filter_drop_down(ManageVatRegistration.java:43)
	at ?.Then user selects value from filter drop down "<Filter>"(features/ManageVatRegistration.feature:43)
</textarea></pre></td>
                                                    </tr>
                                                    <tr>
                                                        <td>Jun 28, 2018 07:31:45 PM</td>
                                                        <td class='linked' test-id='121'>User is on Manage VAT Registration.Validate View Functionality when user select view for Rejected and Review Completed.Validate View Functionality when user select view for Rejected and Review Completed.Then user selects value from filter drop down "<Filter>"</td>
                                                        <td><pre><textarea>org.openqa.selenium.NoSuchElementException: no such element: Unable to locate element: {"method":"xpath","selector":"//span[contains(text(),'<Filter>')]"}
  (Session info: chrome=67.0.3396.99)
  (Driver info: chromedriver=2.38.552522 (437e6fbedfa8762dec75e2c5b3ddb86763dc9dcb),platform=Windows NT 10.0.16299 x86_64) (WARNING: The server did not provide any stacktrace information)
Command duration or timeout: 0 milliseconds
For documentation on this error, please visit: http://seleniumhq.org/exceptions/no_such_element.html
Build info: version: '3.11.0', revision: 'e59cfb3', time: '2018-03-11T20:26:55.152Z'
System info: host: 'CS84-PC', ip: '192.168.194.2', os.name: 'Windows 10', os.arch: 'amd64', os.version: '10.0', java.version: '1.8.0_171'
Driver info: org.openqa.selenium.chrome.ChromeDriver
Capabilities {acceptInsecureCerts: false, acceptSslCerts: false, applicationCacheEnabled: false, browserConnectionEnabled: false, browserName: chrome, chrome: {chromedriverVersion: 2.38.552522 (437e6fbedfa876..., userDataDir: C:\Users\admin\AppData\Loca...}, cssSelectorsEnabled: true, databaseEnabled: false, handlesAlerts: true, hasTouchScreen: false, javascriptEnabled: true, locationContextEnabled: true, mobileEmulationEnabled: false, nativeEvents: true, networkConnectionEnabled: false, pageLoadStrategy: normal, platform: XP, platformName: XP, rotatable: false, setWindowRect: true, takesHeapSnapshot: true, takesScreenshot: true, unexpectedAlertBehaviour: , unhandledPromptBehavior: , version: 67.0.3396.99, webStorageEnabled: true}
Session ID: e8f06dd9b3ead4f6926a056f34376cd2
*** Element info: {Using=xpath, value=//span[contains(text(),'<Filter>')]}
	at sun.reflect.GeneratedConstructorAccessor24.newInstance(Unknown Source)
	at sun.reflect.DelegatingConstructorAccessorImpl.newInstance(Unknown Source)
	at java.lang.reflect.Constructor.newInstance(Unknown Source)
	at org.openqa.selenium.remote.ErrorHandler.createThrowable(ErrorHandler.java:214)
	at org.openqa.selenium.remote.ErrorHandler.throwIfResponseFailed(ErrorHandler.java:166)
	at org.openqa.selenium.remote.http.JsonHttpResponseCodec.reconstructValue(JsonHttpResponseCodec.java:40)
	at org.openqa.selenium.remote.http.AbstractHttpResponseCodec.decode(AbstractHttpResponseCodec.java:80)
	at org.openqa.selenium.remote.http.AbstractHttpResponseCodec.decode(AbstractHttpResponseCodec.java:44)
	at org.openqa.selenium.remote.HttpCommandExecutor.execute(HttpCommandExecutor.java:158)
	at org.openqa.selenium.remote.service.DriverCommandExecutor.execute(DriverCommandExecutor.java:83)
	at org.openqa.selenium.remote.RemoteWebDriver.execute(RemoteWebDriver.java:545)
	at org.openqa.selenium.remote.RemoteWebDriver.findElement(RemoteWebDriver.java:319)
	at org.openqa.selenium.remote.RemoteWebDriver.findElementByXPath(RemoteWebDriver.java:421)
	at org.openqa.selenium.By$ByXPath.findElement(By.java:361)
	at org.openqa.selenium.remote.RemoteWebDriver.findElement(RemoteWebDriver.java:311)
	at org.drc.vat.appmanager.HelperBase.clickOn(HelperBase.java:60)
	at org.drc.vat.StepDefinitions.ManageVatRegistration.user_selects_value_from_filter_drop_down(ManageVatRegistration.java:43)
	at ?.Then user selects value from filter drop down "<Filter>"(features/ManageVatRegistration.feature:43)
</textarea></pre></td>
                                                    </tr>
                                                    <tr>
                                                        <td>Jun 28, 2018 07:32:03 PM</td>
                                                        <td class='linked' test-id='129'>User is on Manage VAT Registration.Validate Pop up when user Click on Rejected.Validate Pop up when user Click on Rejected.Then user selects value from filter drop down "<Filter>"</td>
                                                        <td><pre><textarea>org.openqa.selenium.NoSuchElementException: no such element: Unable to locate element: {"method":"xpath","selector":"//span[contains(text(),'<Filter>')]"}
  (Session info: chrome=67.0.3396.99)
  (Driver info: chromedriver=2.38.552522 (437e6fbedfa8762dec75e2c5b3ddb86763dc9dcb),platform=Windows NT 10.0.16299 x86_64) (WARNING: The server did not provide any stacktrace information)
Command duration or timeout: 0 milliseconds
For documentation on this error, please visit: http://seleniumhq.org/exceptions/no_such_element.html
Build info: version: '3.11.0', revision: 'e59cfb3', time: '2018-03-11T20:26:55.152Z'
System info: host: 'CS84-PC', ip: '192.168.194.2', os.name: 'Windows 10', os.arch: 'amd64', os.version: '10.0', java.version: '1.8.0_171'
Driver info: org.openqa.selenium.chrome.ChromeDriver
Capabilities {acceptInsecureCerts: false, acceptSslCerts: false, applicationCacheEnabled: false, browserConnectionEnabled: false, browserName: chrome, chrome: {chromedriverVersion: 2.38.552522 (437e6fbedfa876..., userDataDir: C:\Users\admin\AppData\Loca...}, cssSelectorsEnabled: true, databaseEnabled: false, handlesAlerts: true, hasTouchScreen: false, javascriptEnabled: true, locationContextEnabled: true, mobileEmulationEnabled: false, nativeEvents: true, networkConnectionEnabled: false, pageLoadStrategy: normal, platform: XP, platformName: XP, rotatable: false, setWindowRect: true, takesHeapSnapshot: true, takesScreenshot: true, unexpectedAlertBehaviour: , unhandledPromptBehavior: , version: 67.0.3396.99, webStorageEnabled: true}
Session ID: e8f06dd9b3ead4f6926a056f34376cd2
*** Element info: {Using=xpath, value=//span[contains(text(),'<Filter>')]}
	at sun.reflect.GeneratedConstructorAccessor24.newInstance(Unknown Source)
	at sun.reflect.DelegatingConstructorAccessorImpl.newInstance(Unknown Source)
	at java.lang.reflect.Constructor.newInstance(Unknown Source)
	at org.openqa.selenium.remote.ErrorHandler.createThrowable(ErrorHandler.java:214)
	at org.openqa.selenium.remote.ErrorHandler.throwIfResponseFailed(ErrorHandler.java:166)
	at org.openqa.selenium.remote.http.JsonHttpResponseCodec.reconstructValue(JsonHttpResponseCodec.java:40)
	at org.openqa.selenium.remote.http.AbstractHttpResponseCodec.decode(AbstractHttpResponseCodec.java:80)
	at org.openqa.selenium.remote.http.AbstractHttpResponseCodec.decode(AbstractHttpResponseCodec.java:44)
	at org.openqa.selenium.remote.HttpCommandExecutor.execute(HttpCommandExecutor.java:158)
	at org.openqa.selenium.remote.service.DriverCommandExecutor.execute(DriverCommandExecutor.java:83)
	at org.openqa.selenium.remote.RemoteWebDriver.execute(RemoteWebDriver.java:545)
	at org.openqa.selenium.remote.RemoteWebDriver.findElement(RemoteWebDriver.java:319)
	at org.openqa.selenium.remote.RemoteWebDriver.findElementByXPath(RemoteWebDriver.java:421)
	at org.openqa.selenium.By$ByXPath.findElement(By.java:361)
	at org.openqa.selenium.remote.RemoteWebDriver.findElement(RemoteWebDriver.java:311)
	at org.drc.vat.appmanager.HelperBase.clickOn(HelperBase.java:60)
	at org.drc.vat.StepDefinitions.ManageVatRegistration.user_selects_value_from_filter_drop_down(ManageVatRegistration.java:43)
	at ?.Then user selects value from filter drop down "<Filter>"(features/ManageVatRegistration.feature:60)
</textarea></pre></td>
                                                    </tr>
                                                    <tr>
                                                        <td>Jun 28, 2018 07:32:21 PM</td>
                                                        <td class='linked' test-id='137'>User is on Manage VAT Registration.Validate Review in Progress from Filter status and user select Review.Validate Review in Progress from Filter status and user select Review.Then user selects value from filter drop down "<Filter>"</td>
                                                        <td><pre><textarea>org.openqa.selenium.NoSuchElementException: no such element: Unable to locate element: {"method":"xpath","selector":"//span[contains(text(),'<Filter>')]"}
  (Session info: chrome=67.0.3396.99)
  (Driver info: chromedriver=2.38.552522 (437e6fbedfa8762dec75e2c5b3ddb86763dc9dcb),platform=Windows NT 10.0.16299 x86_64) (WARNING: The server did not provide any stacktrace information)
Command duration or timeout: 0 milliseconds
For documentation on this error, please visit: http://seleniumhq.org/exceptions/no_such_element.html
Build info: version: '3.11.0', revision: 'e59cfb3', time: '2018-03-11T20:26:55.152Z'
System info: host: 'CS84-PC', ip: '192.168.194.2', os.name: 'Windows 10', os.arch: 'amd64', os.version: '10.0', java.version: '1.8.0_171'
Driver info: org.openqa.selenium.chrome.ChromeDriver
Capabilities {acceptInsecureCerts: false, acceptSslCerts: false, applicationCacheEnabled: false, browserConnectionEnabled: false, browserName: chrome, chrome: {chromedriverVersion: 2.38.552522 (437e6fbedfa876..., userDataDir: C:\Users\admin\AppData\Loca...}, cssSelectorsEnabled: true, databaseEnabled: false, handlesAlerts: true, hasTouchScreen: false, javascriptEnabled: true, locationContextEnabled: true, mobileEmulationEnabled: false, nativeEvents: true, networkConnectionEnabled: false, pageLoadStrategy: normal, platform: XP, platformName: XP, rotatable: false, setWindowRect: true, takesHeapSnapshot: true, takesScreenshot: true, unexpectedAlertBehaviour: , unhandledPromptBehavior: , version: 67.0.3396.99, webStorageEnabled: true}
Session ID: e8f06dd9b3ead4f6926a056f34376cd2
*** Element info: {Using=xpath, value=//span[contains(text(),'<Filter>')]}
	at sun.reflect.GeneratedConstructorAccessor24.newInstance(Unknown Source)
	at sun.reflect.DelegatingConstructorAccessorImpl.newInstance(Unknown Source)
	at java.lang.reflect.Constructor.newInstance(Unknown Source)
	at org.openqa.selenium.remote.ErrorHandler.createThrowable(ErrorHandler.java:214)
	at org.openqa.selenium.remote.ErrorHandler.throwIfResponseFailed(ErrorHandler.java:166)
	at org.openqa.selenium.remote.http.JsonHttpResponseCodec.reconstructValue(JsonHttpResponseCodec.java:40)
	at org.openqa.selenium.remote.http.AbstractHttpResponseCodec.decode(AbstractHttpResponseCodec.java:80)
	at org.openqa.selenium.remote.http.AbstractHttpResponseCodec.decode(AbstractHttpResponseCodec.java:44)
	at org.openqa.selenium.remote.HttpCommandExecutor.execute(HttpCommandExecutor.java:158)
	at org.openqa.selenium.remote.service.DriverCommandExecutor.execute(DriverCommandExecutor.java:83)
	at org.openqa.selenium.remote.RemoteWebDriver.execute(RemoteWebDriver.java:545)
	at org.openqa.selenium.remote.RemoteWebDriver.findElement(RemoteWebDriver.java:319)
	at org.openqa.selenium.remote.RemoteWebDriver.findElementByXPath(RemoteWebDriver.java:421)
	at org.openqa.selenium.By$ByXPath.findElement(By.java:361)
	at org.openqa.selenium.remote.RemoteWebDriver.findElement(RemoteWebDriver.java:311)
	at org.drc.vat.appmanager.HelperBase.clickOn(HelperBase.java:60)
	at org.drc.vat.StepDefinitions.ManageVatRegistration.user_selects_value_from_filter_drop_down(ManageVatRegistration.java:43)
	at ?.Then user selects value from filter drop down "<Filter>"(features/ManageVatRegistration.feature:75)
</textarea></pre></td>
                                                    </tr>
                                                    <tr>
                                                        <td>Jun 28, 2018 07:32:39 PM</td>
                                                        <td class='linked' test-id='145'>User is on Manage VAT Registration.Validate Review in Progress from Filter status and user select Change Priority.Validate Review in Progress from Filter status and user select Change Priority.Then user selects value from filter drop down "<Filter>"</td>
                                                        <td><pre><textarea>org.openqa.selenium.NoSuchElementException: no such element: Unable to locate element: {"method":"xpath","selector":"//span[contains(text(),'<Filter>')]"}
  (Session info: chrome=67.0.3396.99)
  (Driver info: chromedriver=2.38.552522 (437e6fbedfa8762dec75e2c5b3ddb86763dc9dcb),platform=Windows NT 10.0.16299 x86_64) (WARNING: The server did not provide any stacktrace information)
Command duration or timeout: 0 milliseconds
For documentation on this error, please visit: http://seleniumhq.org/exceptions/no_such_element.html
Build info: version: '3.11.0', revision: 'e59cfb3', time: '2018-03-11T20:26:55.152Z'
System info: host: 'CS84-PC', ip: '192.168.194.2', os.name: 'Windows 10', os.arch: 'amd64', os.version: '10.0', java.version: '1.8.0_171'
Driver info: org.openqa.selenium.chrome.ChromeDriver
Capabilities {acceptInsecureCerts: false, acceptSslCerts: false, applicationCacheEnabled: false, browserConnectionEnabled: false, browserName: chrome, chrome: {chromedriverVersion: 2.38.552522 (437e6fbedfa876..., userDataDir: C:\Users\admin\AppData\Loca...}, cssSelectorsEnabled: true, databaseEnabled: false, handlesAlerts: true, hasTouchScreen: false, javascriptEnabled: true, locationContextEnabled: true, mobileEmulationEnabled: false, nativeEvents: true, networkConnectionEnabled: false, pageLoadStrategy: normal, platform: XP, platformName: XP, rotatable: false, setWindowRect: true, takesHeapSnapshot: true, takesScreenshot: true, unexpectedAlertBehaviour: , unhandledPromptBehavior: , version: 67.0.3396.99, webStorageEnabled: true}
Session ID: e8f06dd9b3ead4f6926a056f34376cd2
*** Element info: {Using=xpath, value=//span[contains(text(),'<Filter>')]}
	at sun.reflect.GeneratedConstructorAccessor24.newInstance(Unknown Source)
	at sun.reflect.DelegatingConstructorAccessorImpl.newInstance(Unknown Source)
	at java.lang.reflect.Constructor.newInstance(Unknown Source)
	at org.openqa.selenium.remote.ErrorHandler.createThrowable(ErrorHandler.java:214)
	at org.openqa.selenium.remote.ErrorHandler.throwIfResponseFailed(ErrorHandler.java:166)
	at org.openqa.selenium.remote.http.JsonHttpResponseCodec.reconstructValue(JsonHttpResponseCodec.java:40)
	at org.openqa.selenium.remote.http.AbstractHttpResponseCodec.decode(AbstractHttpResponseCodec.java:80)
	at org.openqa.selenium.remote.http.AbstractHttpResponseCodec.decode(AbstractHttpResponseCodec.java:44)
	at org.openqa.selenium.remote.HttpCommandExecutor.execute(HttpCommandExecutor.java:158)
	at org.openqa.selenium.remote.service.DriverCommandExecutor.execute(DriverCommandExecutor.java:83)
	at org.openqa.selenium.remote.RemoteWebDriver.execute(RemoteWebDriver.java:545)
	at org.openqa.selenium.remote.RemoteWebDriver.findElement(RemoteWebDriver.java:319)
	at org.openqa.selenium.remote.RemoteWebDriver.findElementByXPath(RemoteWebDriver.java:421)
	at org.openqa.selenium.By$ByXPath.findElement(By.java:361)
	at org.openqa.selenium.remote.RemoteWebDriver.findElement(RemoteWebDriver.java:311)
	at org.drc.vat.appmanager.HelperBase.clickOn(HelperBase.java:60)
	at org.drc.vat.StepDefinitions.ManageVatRegistration.user_selects_value_from_filter_drop_down(ManageVatRegistration.java:43)
	at ?.Then user selects value from filter drop down "<Filter>"(features/ManageVatRegistration.feature:90)
</textarea></pre></td>
                                                    </tr>
                                                    <tr>
                                                        <td>Jun 28, 2018 07:32:58 PM</td>
                                                        <td class='linked' test-id='155'>User is on Manage VAT Registration.Validate Review in Progress from Filter status and user select Reassign.Validate Review in Progress from Filter status and user select Reassign.Then user selects value from filter drop down "<Filter>"</td>
                                                        <td><pre><textarea>org.openqa.selenium.NoSuchElementException: no such element: Unable to locate element: {"method":"xpath","selector":"//span[contains(text(),'<Filter>')]"}
  (Session info: chrome=67.0.3396.99)
  (Driver info: chromedriver=2.38.552522 (437e6fbedfa8762dec75e2c5b3ddb86763dc9dcb),platform=Windows NT 10.0.16299 x86_64) (WARNING: The server did not provide any stacktrace information)
Command duration or timeout: 0 milliseconds
For documentation on this error, please visit: http://seleniumhq.org/exceptions/no_such_element.html
Build info: version: '3.11.0', revision: 'e59cfb3', time: '2018-03-11T20:26:55.152Z'
System info: host: 'CS84-PC', ip: '192.168.194.2', os.name: 'Windows 10', os.arch: 'amd64', os.version: '10.0', java.version: '1.8.0_171'
Driver info: org.openqa.selenium.chrome.ChromeDriver
Capabilities {acceptInsecureCerts: false, acceptSslCerts: false, applicationCacheEnabled: false, browserConnectionEnabled: false, browserName: chrome, chrome: {chromedriverVersion: 2.38.552522 (437e6fbedfa876..., userDataDir: C:\Users\admin\AppData\Loca...}, cssSelectorsEnabled: true, databaseEnabled: false, handlesAlerts: true, hasTouchScreen: false, javascriptEnabled: true, locationContextEnabled: true, mobileEmulationEnabled: false, nativeEvents: true, networkConnectionEnabled: false, pageLoadStrategy: normal, platform: XP, platformName: XP, rotatable: false, setWindowRect: true, takesHeapSnapshot: true, takesScreenshot: true, unexpectedAlertBehaviour: , unhandledPromptBehavior: , version: 67.0.3396.99, webStorageEnabled: true}
Session ID: e8f06dd9b3ead4f6926a056f34376cd2
*** Element info: {Using=xpath, value=//span[contains(text(),'<Filter>')]}
	at sun.reflect.GeneratedConstructorAccessor24.newInstance(Unknown Source)
	at sun.reflect.DelegatingConstructorAccessorImpl.newInstance(Unknown Source)
	at java.lang.reflect.Constructor.newInstance(Unknown Source)
	at org.openqa.selenium.remote.ErrorHandler.createThrowable(ErrorHandler.java:214)
	at org.openqa.selenium.remote.ErrorHandler.throwIfResponseFailed(ErrorHandler.java:166)
	at org.openqa.selenium.remote.http.JsonHttpResponseCodec.reconstructValue(JsonHttpResponseCodec.java:40)
	at org.openqa.selenium.remote.http.AbstractHttpResponseCodec.decode(AbstractHttpResponseCodec.java:80)
	at org.openqa.selenium.remote.http.AbstractHttpResponseCodec.decode(AbstractHttpResponseCodec.java:44)
	at org.openqa.selenium.remote.HttpCommandExecutor.execute(HttpCommandExecutor.java:158)
	at org.openqa.selenium.remote.service.DriverCommandExecutor.execute(DriverCommandExecutor.java:83)
	at org.openqa.selenium.remote.RemoteWebDriver.execute(RemoteWebDriver.java:545)
	at org.openqa.selenium.remote.RemoteWebDriver.findElement(RemoteWebDriver.java:319)
	at org.openqa.selenium.remote.RemoteWebDriver.findElementByXPath(RemoteWebDriver.java:421)
	at org.openqa.selenium.By$ByXPath.findElement(By.java:361)
	at org.openqa.selenium.remote.RemoteWebDriver.findElement(RemoteWebDriver.java:311)
	at org.drc.vat.appmanager.HelperBase.clickOn(HelperBase.java:60)
	at org.drc.vat.StepDefinitions.ManageVatRegistration.user_selects_value_from_filter_drop_down(ManageVatRegistration.java:43)
	at ?.Then user selects value from filter drop down "<Filter>"(features/ManageVatRegistration.feature:108)
</textarea></pre></td>
                                                    </tr>
                                        </tbody>
                                    </table>
                                </div>
                            </div>
                        </li>
                        <li class='exception displayed active'>
                            <div class='exception-heading'>
                                <span class='exception-name'>java.lang.AssertionError</span>
                                <span class='exception-count right'><span class='label red lighten-1 white-text'>1</span></span>
                            </div>
                            <div class='exception-content hide'>
                                <div class='exception-tests'>
                                    <table class='bordered table-results'>
                                        <thead>
                                        <tr>
                                            <th>Timestamp</th>
                                            <th>TestName</th>
                                            <th>Status</th>
                                        </tr>
                                        </thead>
                                        <tbody>
                                                    <tr>
                                                        <td>Jun 28, 2018 07:34:52 PM</td>
                                                        <td class='linked' test-id='223'>User is on Manage VAT Registration.Validate User is able to do sorting.Validate User is able to do sorting.Then User see sorting result "8"</td>
                                                        <td><pre><pre>java.lang.AssertionError: expected [8] but found [9]
	at org.testng.Assert.fail(Assert.java:94)
	at org.testng.Assert.failNotEquals(Assert.java:513)
	at org.testng.Assert.assertEqualsImpl(Assert.java:135)
	at org.testng.Assert.assertEquals(Assert.java:116)
	at org.testng.Assert.assertEquals(Assert.java:190)
	at org.testng.Assert.assertEquals(Assert.java:200)
	at org.drc.vat.StepDefinitions.ManageVatRegistration.user_see_sorting_result(ManageVatRegistration.java:324)
	at ?.Then User see sorting result "8"(features/ManageVatRegistration.feature:160)
</pre></pre></td>
                                                    </tr>
                                        </tbody>
                                    </table>
                                </div>
                            </div>
                        </li>
                </ul>
        </div>
    </div>

    <div class='subview-right left'>
        <div class='view-summary'>
            <h5 class='exception-name'></h5>
        </div>
    </div>
</div>
<!-- exception view -->
<div id='dashboard-view' class='view hide'>
	<div class='card-panel transparent np-v'>
		<h5>Dashboard</h5>

		<div class='row'>
			<div class='col s2'>
				<div class='card-panel r'>
					Features
					<div class='panel-lead'>1</div>
				</div>
			</div>
			<div class='col s2'>
				<div class='card-panel r'>
					Scenarios
					<div class='panel-lead'>41</div>
				</div>
			</div>
			<div class='col s2'>
				<div class='card-panel r'>
					Steps
					<div class='panel-lead'>192</div>
				</div>
			</div>
			<div class='col s2'>
				<div class='card-panel r'>
					Start
					<div class='panel-lead'>Jun 28, 2018 07:24:19 PM</div>
				</div>
			</div>
			<div class='col s2'>
				<div class='card-panel r'>
			 		End
			 		<div class='panel-lead'>Jun 28, 2018 07:36:22 PM</div>
				</div>
			</div>
			<div class='col s2'>
				<div class='card-panel r'>
					Time Taken
					<div class='panel-lead'>0h 12m 2s+323ms</div>
				</div>
			</div>
		</div>
	</div>
</div>
<!-- dashboard view -->
<!-- testrunner-logs view -->
		</div>
		<!-- container -->

		<script>
			var statusGroup = {
				passParent: 0,
				failParent: 1,
				fatalParent: 0,
				errorParent: 0,
				warningParent: 0,
				skipParent: 0,
				exceptionsParent: 1,
				
				passChild: 16,
				failChild: 25,
				fatalChild: 0,
				errorChild: 0,
				warningChild: 0,
				skipChild: 0,
				infoChild: 0,
				exceptionsChild: 25,
				
				passGrandChild: 145,
				failGrandChild: 25,
				fatalGrandChild: 0,
				errorGrandChild: 0,
				warningGrandChild: 0,
				skipGrandChild: 22,
				infoGrandChild: 0,
				exceptionsGrandChild: 47,
			};
		</script>
		
			<script src='https://cdn.rawgit.com/anshooarora/extentreports-java/fca20fb7653aade98810546ab96a2a4360e3e712/dist/js/extent.js' type='text/javascript'></script>
		
		
 		<script type='text/javascript'>
 		</script>
	</body>
	
</html>
