
<!DOCTYPE html>
<html>


<head>
	<meta charset='utf-8' /> 
	<meta name='description' content='' />
	<meta name='robots' content='noodp, noydir' />
	<meta name='viewport' content='width=device-width, initial-scale=1' />
	<meta id="timeStampFormat" name="timeStampFormat" content='MMM d, yyyy hh:mm:ss a'/>
	
	<link href='https://fonts.googleapis.com/css?family=Source+Sans+Pro:400,600' rel='stylesheet' type='text/css' />
	<link href="https://fonts.googleapis.com/icon?family=Material+Icons" rel="stylesheet" />

		<link href='https://cdn.rawgit.com/anshooarora/extentreports-java/b4a58fcfd1e137bd9287244035a7c80d3d73b3af/dist/css/extent.css' type='text/css' rel='stylesheet' />
	
	<title>ExtentReports</title>

	<style type='text/css'>
	</style>
</head>

	<body class='extent standard default hide-overflow bdd-report'>
		<div id='theme-selector' alt='Click to toggle theme. To enable by default, use theme configuration.' title='Click to toggle theme. To enable by default, use theme configuration.'>
			<span><i class='material-icons'>desktop_windows</i></span>
		</div>

<nav>
	<div class="nav-wrapper">
		<a href="#!" class="brand-logo blue darken-3">Extent</a>

		<!-- slideout menu -->
		<ul id='slide-out' class='side-nav fixed hide-on-med-and-down'>
			<li class='waves-effect active'><a href='#!' view='test-view' onclick="configureView(0);chartsView('test');"><i class='material-icons'>dashboard</i></a></li>
						<li class='waves-effect'><a href='#!' view='category-view' onclick="configureView(1)"><i class='material-icons'>label_outline</i></a></li>
			<li class='waves-effect'><a href='#!' view='exception-view' onclick="configureView(2)"><i class='material-icons'>bug_report</i></a></li>
			<li class='waves-effect'><a href='#!' onclick="configureView(-1);chartsView('dashboard');" view='dashboard-view'><i class='material-icons'>track_changes</i></i></a></li>
		</ul>

		<!-- report name -->
		<span class='report-name'>ExtentReports</span>
		
		<!-- report headline -->
		<span class='report-headline'></span>

		<!-- nav-right -->
		<ul id='nav-mobile' class='right hide-on-med-and-down nav-right'>
			<li>
                <a href='#!'>
                    <span class='label suite-start-time blue darken-3'>Aug 28, 2018 07:40:11 PM</span>
				</a>
			</li>
			<li>
                <a href='#!'>
                    <span class='label blue darken-3'>3.1.5</span>
				</a>
			</li>
		</ul>
	</div>
</nav>

		<!-- container -->
		<div class='container'>

<div id='test-view' class='view'>
				
	<section id='controls'>
		<div class='controls grey lighten-4'>
			<!-- test toggle -->
			<div class='chip transparent'>
				<a class='dropdown-button tests-toggle' data-activates='tests-toggle' data-constrainwidth='true' data-beloworigin='true' data-hover='true' href='#'>
					<i class='material-icons'>warning</i> Status
				</a>
				<ul id='tests-toggle' class='dropdown-content'>
											<li status='pass'><a href='#!'>Pass <i class='material-icons green-text'>check_circle</i></a></li>
						<li status='fail'><a href='#!'>Fail <i class='material-icons red-text'>cancel</i></a></li>
						<li status='skip'><a href='#!'>Skip <i class='material-icons cyan-text'>redo</i></a></li>
					<li class='divider'></li>
					<li status='clear' clear='true'><a href='#!'>Clear Filters <i class='material-icons'>clear</i></a></li>
				</ul>
			</div>
			<!-- test toggle -->

			<!-- category toggle -->
			<div class='chip transparent'>
				<a class='dropdown-button category-toggle' data-activates='category-toggle' data-constrainwidth='false' data-beloworigin='true' data-hover='true' href='#'>
					<i class='material-icons'>local_offer</i> Category
				</a>
				<ul id='category-toggle' class='dropdown-content'>
					<li><a href='#'>@tag</a></li>
					<li><a href='#'>@TaxPayerProfile</a></li>
					<li><a href='#'>@admin</a></li>
					<li><a href='#'>@Mtc_admin_02</a></li>
					<li><a href='#'>@incompleted</a></li>
					<li><a href='#'>@Mtc_admin_03</a></li>
					<li><a href='#'>@Filter</a></li>
					<li><a href='#'>@Mtc_admin_04</a></li>
					<li><a href='#'>@Mtc_admin_05</a></li>
					<li><a href='#'>@navigation</a></li>
					<li><a href='#'>@Mtc_admin_06</a></li>
					<li><a href='#'>@Mtc_admin_07</a></li>
					<li><a href='#'>@Mtc_admin_08_09</a></li>
					<li><a href='#'>@Mtc_admin_10_11_12_13</a></li>
					<li class='divider'></li>
					<li class='clear'><a href='#!' clear='true'>Clear Filters</a></li>
				</ul>
			</div>
			<!-- category toggle -->

			<!-- clear filters -->
			<div class='chip transparent hide'>
				<a class='' id='clear-filters' alt='Clear Filters' title='Clear Filters'>
					<i class='material-icons'>close</i> Clear
				</a>
			</div>
			<!-- clear filters -->

			<!-- enable dashboard -->
			<div id='toggle-test-view-charts' class='chip transparent'>
				<a class='pink-text' id='enable-dashboard' alt='Enable Dashboard' title='Enable Dashboard'>
					<i class='material-icons'>track_changes</i> Dashboard
				</a>
			</div>
			<!-- enable dashboard -->

			<!-- search -->
			<div class='chip transparent' alt='Search Tests' title='Search Tests'>
				<a href="#" class='search-div'>
					<i class='material-icons'>search</i> Search
				</a>

				<div class='input-field left hide'>
					<input id='search-tests' type='text' class='validate browser-default' placeholder='Search Tests...'>
				</div>
				
			</div>
			<!-- search -->
		</div>
	</section>


<div id='test-view-charts' class='subview-full'>
	<div id='charts-row' class='row nm-v nm-h'>
		<div class='col s12 m4 l4 np-h'>
			<div class='card-panel nm-v'>
				<div class='left panel-name'>Features</div>
				<div class='chart-box'>
					<canvas id='parent-analysis' width='100' height='80'></canvas>
				</div>
				<div class='block text-small'>
					<span class='tooltipped' data-position='top' data-tooltip='0%'><span class='strong'>0</span> feature(s) passed</span>
				</div>
				<div class='block text-small'>
					<span class='strong tooltipped' data-position='top' data-tooltip='100%'>1</span> feature(s) failed, <span class='strong tooltipped' data-position='top' data-tooltip='0%'>0</span> others
				</div>
			</div>
		</div>
		
		<div class='col s12 m4 l4 np-h'>
			<div class='card-panel nm-v'>
				<div class='left panel-name'>Scenarios</div>
				<div class='chart-box'>
					<canvas id='child-analysis' width='100' height='80'></canvas>
				</div>
				<div class='block text-small'>
					<span class='tooltipped' data-position='top' data-tooltip='15.385%'><span class='strong'>2</span> scenario(s) passed</span>
				</div>
				<div class='block text-small'>
					<span class='strong tooltipped' data-position='top' data-tooltip='84.615%'>11</span> scenario(s) failed, <span class='strong tooltipped' data-position='top' data-tooltip='0%'>0</span> others
				</div>
			</div>
		</div>
		
		<div class='col s12 m4 l4 np-h'>
			<div class='card-panel nm-v'>
				<div class='left panel-name'>Steps</div>
				<div class='chart-box'>
					<canvas id='grandchild-analysis' width='100' height='80'></canvas>
				</div>
				<div class='block text-small'>
					<span class='tooltipped' data-position='top' data-tooltip='57.317%'><span class='strong'>47</span> step(s) passed</span>
				</div>
				<div class='block text-small'>
					<span class='strong tooltipped' data-position='top' data-tooltip='13.415%'>11</span> step(s) failed, <span class='strong tooltipped' data-position='top' data-tooltip='29.268%'>24</span> others
				</div>
			</div>
		</div>
	</div>
</div>

	<div class='subview-left left'>
		
		<div class='view-summary'>
			<h5>Features</h5>
			<ul id='test-collection' class='test-collection'>
				
				
				<li class='test displayed active has-leaf fail' status='fail' bdd='true' test-id='1'>
					<div class='test-heading'>
						<span class='test-name'>Only authorized users are able to view the list of taxpayers.</span>
						<span class='test-time'>Aug 28, 2018 07:40:11 PM</span>
						<span class='test-status right fail'>fail</span>
					</div>
					<div class='test-content hide'>
<div class='scenariooutline node' test-id='2' status='fail'>
	<span class='duration right label'>0h 0m 2s+981ms</span>
	<div class='desc'>
		<b>ScenarioOutline</b>
		<span class="desc-text">Validate the  Functionality of Taxpayer Profile Menu Item .</span>
	</div>
	<ul class='steps'>
		<li test-id='3' class='node scenario fail' status='fail'>
			<div class='category-list'>
				<span class='category label white-text'>@admin</span>
				<span class='category label white-text'>@tag</span>
				<span class='category label white-text'>@TaxPayerProfile</span>
				<span class='category label white-text'>@Mtc_admin_02</span>
			</div>
			
			<b>Scenario</b>
			
			<span class="bdd-step-name">Validate the  Functionality of Taxpayer Profile Menu Item .</span>
			
				<ul class='steps'>
					<li test-id='4' class='node given pass' status='pass'><b>Given</b>
						<span class="bdd-step-name">Given "DRC_ATC_TaxPayerProfile_List_01""Validate the  Functionality of Taxpayer Profile Menu Item ."the Officer"Admin" has logged in internal portal"ketan.prajapati""<pwd"</span>
							<div class='pre'>passed</div>
					</li>
					<li test-id='5' class='node when pass' status='pass'><b>When</b>
						<span class="bdd-step-name">When Clicks on Tax Payer Profile Menu item</span>
							<div class='pre'>passed</div>
					</li>
					<li test-id='6' class='node then pass' status='pass'><b>Then</b>
						<span class="bdd-step-name">Then officer is on Tax Payer Profile List</span>
							<div class='pre'>passed</div>
					</li>
					<li test-id='7' class='node then fail' status='fail'><b>Then</b>
						<span class="bdd-step-name">Then Tax Payer Profile Page should get displayed along with  the List of all Registered Tax Payer</span>
						<ul class='screenshots right'>
							<li><a data-featherlight="image" href="F:\PROJECT-1\DRC\Automation\drc_vat\DRC_VAT\test-output\Tue Aug 28\screenshots\Validate the  Functionality of Taxpayer Profile Menu Item ._194011.png"><i class='material-icons'>panorama</i></a></li>
						</ul>
							<div class='pre'><pre>org.openqa.selenium.NoSuchElementException: no such element: Unable to locate element: {"method":"xpath","selector":"//button//span[contains(text(),1)]"}
  (Session info: chrome=68.0.3440.106)
  (Driver info: chromedriver=2.38.552522 (437e6fbedfa8762dec75e2c5b3ddb86763dc9dcb),platform=Windows NT 10.0.16299 x86_64) (WARNING: The server did not provide any stacktrace information)
Command duration or timeout: 0 milliseconds
For documentation on this error, please visit: http://seleniumhq.org/exceptions/no_such_element.html
Build info: version: '3.11.0', revision: 'e59cfb3', time: '2018-03-11T20:26:55.152Z'
System info: host: 'CS60-PC', ip: '172.31.192.1', os.name: 'Windows 10', os.arch: 'amd64', os.version: '10.0', java.version: '1.8.0_171'
Driver info: org.openqa.selenium.chrome.ChromeDriver
Capabilities {acceptInsecureCerts: false, acceptSslCerts: false, applicationCacheEnabled: false, browserConnectionEnabled: false, browserName: chrome, chrome: {chromedriverVersion: 2.38.552522 (437e6fbedfa876..., userDataDir: C:\Users\admin\AppData\Loca...}, cssSelectorsEnabled: true, databaseEnabled: false, handlesAlerts: true, hasTouchScreen: false, javascriptEnabled: true, locationContextEnabled: true, mobileEmulationEnabled: false, nativeEvents: true, networkConnectionEnabled: false, pageLoadStrategy: normal, platform: XP, platformName: XP, rotatable: false, setWindowRect: true, takesHeapSnapshot: true, takesScreenshot: true, unexpectedAlertBehaviour: , unhandledPromptBehavior: , version: 68.0.3440.106, webStorageEnabled: true}
Session ID: 0df9beb816792b35baed4996183afd97
*** Element info: {Using=xpath, value=//button//span[contains(text(),1)]}
	at sun.reflect.NativeConstructorAccessorImpl.newInstance0(Native Method)
	at sun.reflect.NativeConstructorAccessorImpl.newInstance(NativeConstructorAccessorImpl.java:62)
	at sun.reflect.DelegatingConstructorAccessorImpl.newInstance(DelegatingConstructorAccessorImpl.java:45)
	at java.lang.reflect.Constructor.newInstance(Constructor.java:423)
	at org.openqa.selenium.remote.ErrorHandler.createThrowable(ErrorHandler.java:214)
	at org.openqa.selenium.remote.ErrorHandler.throwIfResponseFailed(ErrorHandler.java:166)
	at org.openqa.selenium.remote.http.JsonHttpResponseCodec.reconstructValue(JsonHttpResponseCodec.java:40)
	at org.openqa.selenium.remote.http.AbstractHttpResponseCodec.decode(AbstractHttpResponseCodec.java:80)
	at org.openqa.selenium.remote.http.AbstractHttpResponseCodec.decode(AbstractHttpResponseCodec.java:44)
	at org.openqa.selenium.remote.HttpCommandExecutor.execute(HttpCommandExecutor.java:158)
	at org.openqa.selenium.remote.service.DriverCommandExecutor.execute(DriverCommandExecutor.java:83)
	at org.openqa.selenium.remote.RemoteWebDriver.execute(RemoteWebDriver.java:545)
	at org.openqa.selenium.remote.RemoteWebDriver.findElement(RemoteWebDriver.java:319)
	at org.openqa.selenium.remote.RemoteWebDriver.findElementByXPath(RemoteWebDriver.java:421)
	at org.openqa.selenium.By$ByXPath.findElement(By.java:361)
	at org.openqa.selenium.remote.RemoteWebDriver.findElement(RemoteWebDriver.java:311)
	at org.drc.vat.appmanager.HelperBase.buttonEnabled(HelperBase.java:526)
	at org.drc.vat.StepDefinitions.TaxPayerDetailsList.tax_Payer_Profile_Page_should_get_displayed_along_with_the_List_of_all_Registered_Tax_Payer(TaxPayerDetailsList.java:44)
	at ?.Then Tax Payer Profile Page should get displayed along with  the List of all Registered Tax Payer(features/TaxPayerDetailsList.feature:11)
</pre></div>
					</li>
				</ul>
		</li>
	</ul>
</div>
<div class='scenariooutline node' test-id='8' status='fail'>
	<span class='duration right label'>0h 1m 0s+963ms</span>
	<div class='desc'>
		<b>ScenarioOutline</b>
		<span class="desc-text">Validate the filter by dropdown with respect to Filter option All, NITVA,NIF,,Tax Payer,Tax Office,Business Type</span>
	</div>
	<ul class='steps'>
		<li test-id='9' class='node scenario fail' status='fail'>
			<div class='category-list'>
				<span class='category label white-text'>@incompleted</span>
				<span class='category label white-text'>@admin</span>
				<span class='category label white-text'>@tag</span>
				<span class='category label white-text'>@TaxPayerProfile</span>
				<span class='category label white-text'>@Mtc_admin_03</span>
			</div>
			
			<b>Scenario</b>
			
			<span class="bdd-step-name">Validate the filter by dropdown with respect to Filter option All, NITVA,NIF,,Tax Payer,Tax Office,Business Type</span>
			
				<ul class='steps'>
					<li test-id='10' class='node given pass' status='pass'><b>Given</b>
						<span class="bdd-step-name">Given "DRC_ATC_TaxPayerProfile_List_02""Validate the filter by dropdown with respect to Filter option All, NITVA,NIF,,Tax Payer,Tax Office,Business Type"the Officer"Admin" has logged in internal portal"ketan.prajapati""<pwd"</span>
							<div class='pre'>passed</div>
					</li>
					<li test-id='11' class='node when pass' status='pass'><b>When</b>
						<span class="bdd-step-name">When Clicks on Tax Payer Profile Menu item</span>
							<div class='pre'>passed</div>
					</li>
					<li test-id='12' class='node then pass' status='pass'><b>Then</b>
						<span class="bdd-step-name">Then officer is on Tax Payer Profile List</span>
							<div class='pre'>passed</div>
					</li>
					<li test-id='13' class='node then fail' status='fail'><b>Then</b>
						<span class="bdd-step-name">Then Select the Option from the Filter by Dropdown as "All"</span>
							<div class='pre'><pre>org.openqa.selenium.TimeoutException: Expected condition failed: waiting for element to be clickable: By.xpath: //span[contains(text(),'All'] (tried for 60 second(s) with 500 milliseconds interval)
	at org.openqa.selenium.support.ui.WebDriverWait.timeoutException(WebDriverWait.java:81)
	at org.openqa.selenium.support.ui.FluentWait.until(FluentWait.java:271)
	at org.drc.vat.appmanager.HelperBase.clickOn(HelperBase.java:78)
	at org.drc.vat.StepDefinitions.TaxPayerDetailsList.select_the_Option_from_the_Filter_by_Dropdown_as(TaxPayerDetailsList.java:51)
	at ?.Then Select the Option from the Filter by Dropdown as "All"(features/TaxPayerDetailsList.feature:22)
Caused by: org.openqa.selenium.InvalidSelectorException: invalid selector: Unable to locate an element with the xpath expression //span[contains(text(),'All'] because of the following error:
SyntaxError: Failed to execute 'evaluate' on 'Document': The string '//span[contains(text(),'All']' is not a valid XPath expression.
  (Session info: chrome=68.0.3440.106)
  (Driver info: chromedriver=2.38.552522 (437e6fbedfa8762dec75e2c5b3ddb86763dc9dcb),platform=Windows NT 10.0.16299 x86_64) (WARNING: The server did not provide any stacktrace information)
Command duration or timeout: 0 milliseconds
For documentation on this error, please visit: http://seleniumhq.org/exceptions/invalid_selector_exception.html
Build info: version: '3.11.0', revision: 'e59cfb3', time: '2018-03-11T20:26:55.152Z'
System info: host: 'CS60-PC', ip: '172.31.192.1', os.name: 'Windows 10', os.arch: 'amd64', os.version: '10.0', java.version: '1.8.0_171'
Driver info: org.openqa.selenium.chrome.ChromeDriver
Capabilities {acceptInsecureCerts: false, acceptSslCerts: false, applicationCacheEnabled: false, browserConnectionEnabled: false, browserName: chrome, chrome: {chromedriverVersion: 2.38.552522 (437e6fbedfa876..., userDataDir: C:\Users\admin\AppData\Loca...}, cssSelectorsEnabled: true, databaseEnabled: false, handlesAlerts: true, hasTouchScreen: false, javascriptEnabled: true, locationContextEnabled: true, mobileEmulationEnabled: false, nativeEvents: true, networkConnectionEnabled: false, pageLoadStrategy: normal, platform: XP, platformName: XP, rotatable: false, setWindowRect: true, takesHeapSnapshot: true, takesScreenshot: true, unexpectedAlertBehaviour: , unhandledPromptBehavior: , version: 68.0.3440.106, webStorageEnabled: true}
Session ID: 0df9beb816792b35baed4996183afd97
*** Element info: {Using=xpath, value=//span[contains(text(),'All']}
	at sun.reflect.GeneratedConstructorAccessor17.newInstance(Unknown Source)
	at sun.reflect.DelegatingConstructorAccessorImpl.newInstance(DelegatingConstructorAccessorImpl.java:45)
	at java.lang.reflect.Constructor.newInstance(Constructor.java:423)
	at org.openqa.selenium.remote.ErrorHandler.createThrowable(ErrorHandler.java:214)
	at org.openqa.selenium.remote.ErrorHandler.throwIfResponseFailed(ErrorHandler.java:166)
	at org.openqa.selenium.remote.http.JsonHttpResponseCodec.reconstructValue(JsonHttpResponseCodec.java:40)
	at org.openqa.selenium.remote.http.AbstractHttpResponseCodec.decode(AbstractHttpResponseCodec.java:80)
	at org.openqa.selenium.remote.http.AbstractHttpResponseCodec.decode(AbstractHttpResponseCodec.java:44)
	at org.openqa.selenium.remote.HttpCommandExecutor.execute(HttpCommandExecutor.java:158)
	at org.openqa.selenium.remote.service.DriverCommandExecutor.execute(DriverCommandExecutor.java:83)
	at org.openqa.selenium.remote.RemoteWebDriver.execute(RemoteWebDriver.java:545)
	at org.openqa.selenium.remote.RemoteWebDriver.findElements(RemoteWebDriver.java:346)
	at org.openqa.selenium.remote.RemoteWebDriver.findElementsByXPath(RemoteWebDriver.java:425)
	at org.openqa.selenium.By$ByXPath.findElements(By.java:356)
	at org.openqa.selenium.remote.RemoteWebDriver.findElements(RemoteWebDriver.java:307)
	at org.openqa.selenium.support.ui.ExpectedConditions.findElement(ExpectedConditions.java:895)
	at org.openqa.selenium.support.ui.ExpectedConditions.access$000(ExpectedConditions.java:44)
	at org.openqa.selenium.support.ui.ExpectedConditions$7.apply(ExpectedConditions.java:206)
	at org.openqa.selenium.support.ui.ExpectedConditions$7.apply(ExpectedConditions.java:202)
	at org.openqa.selenium.support.ui.ExpectedConditions$22.apply(ExpectedConditions.java:657)
	at org.openqa.selenium.support.ui.ExpectedConditions$22.apply(ExpectedConditions.java:654)
	at org.openqa.selenium.support.ui.FluentWait.until(FluentWait.java:248)
	at org.drc.vat.appmanager.HelperBase.clickOn(HelperBase.java:78)
	at org.drc.vat.StepDefinitions.TaxPayerDetailsList.select_the_Option_from_the_Filter_by_Dropdown_as(TaxPayerDetailsList.java:51)
	at sun.reflect.NativeMethodAccessorImpl.invoke0(Native Method)
	at sun.reflect.NativeMethodAccessorImpl.invoke(NativeMethodAccessorImpl.java:62)
	at sun.reflect.DelegatingMethodAccessorImpl.invoke(DelegatingMethodAccessorImpl.java:43)
	at java.lang.reflect.Method.invoke(Method.java:498)
	at cucumber.runtime.Utils$1.call(Utils.java:40)
	at cucumber.runtime.Timeout.timeout(Timeout.java:16)
	at cucumber.runtime.Utils.invoke(Utils.java:34)
	at cucumber.runtime.java.JavaStepDefinition.execute(JavaStepDefinition.java:38)
	at cucumber.runtime.StepDefinitionMatch.runStep(StepDefinitionMatch.java:37)
	at cucumber.runtime.Runtime.runStep(Runtime.java:300)
	at cucumber.runtime.model.StepContainer.runStep(StepContainer.java:44)
	at cucumber.runtime.model.StepContainer.runSteps(StepContainer.java:39)
	at cucumber.runtime.model.CucumberScenario.run(CucumberScenario.java:44)
	at cucumber.runtime.model.CucumberScenarioOutline.run(CucumberScenarioOutline.java:46)
	at cucumber.runtime.model.CucumberFeature.run(CucumberFeature.java:165)
	at cucumber.api.testng.TestNGCucumberRunner.runCucumber(TestNGCucumberRunner.java:63)
	at cucumber.api.testng.AbstractTestNGCucumberTests.feature(AbstractTestNGCucumberTests.java:21)
	at sun.reflect.NativeMethodAccessorImpl.invoke0(Native Method)
	at sun.reflect.NativeMethodAccessorImpl.invoke(NativeMethodAccessorImpl.java:62)
	at sun.reflect.DelegatingMethodAccessorImpl.invoke(DelegatingMethodAccessorImpl.java:43)
	at java.lang.reflect.Method.invoke(Method.java:498)
	at org.testng.internal.MethodInvocationHelper.invokeMethod(MethodInvocationHelper.java:86)
	at org.testng.internal.Invoker.invokeMethod(Invoker.java:643)
	at org.testng.internal.Invoker.invokeTestMethod(Invoker.java:820)
	at org.testng.internal.Invoker.invokeTestMethods(Invoker.java:1128)
	at org.testng.internal.TestMethodWorker.invokeTestMethods(TestMethodWorker.java:129)
	at org.testng.internal.TestMethodWorker.run(TestMethodWorker.java:112)
	at org.testng.TestRunner.privateRun(TestRunner.java:782)
	at org.testng.TestRunner.run(TestRunner.java:632)
	at org.testng.SuiteRunner.runTest(SuiteRunner.java:366)
	at org.testng.SuiteRunner.runSequentially(SuiteRunner.java:361)
	at org.testng.SuiteRunner.privateRun(SuiteRunner.java:319)
	at org.testng.SuiteRunner.run(SuiteRunner.java:268)
	at org.testng.SuiteRunnerWorker.runSuite(SuiteRunnerWorker.java:52)
	at org.testng.SuiteRunnerWorker.run(SuiteRunnerWorker.java:86)
	at org.testng.TestNG.runSuitesSequentially(TestNG.java:1244)
	at org.testng.TestNG.runSuitesLocally(TestNG.java:1169)
	at org.testng.TestNG.run(TestNG.java:1064)
	at org.testng.remote.AbstractRemoteTestNG.run(AbstractRemoteTestNG.java:114)
	at org.testng.remote.RemoteTestNG.initAndRun(RemoteTestNG.java:251)
	at org.testng.remote.RemoteTestNG.main(RemoteTestNG.java:77)
</pre></div>
					</li>
					<li test-id='14' class='node then skip' status='skip'><b>Then</b>
						<span class="bdd-step-name">Then Enter valid data in "20180820071455014" Text Box and click on search icon Result should get filtered based on Input in Type Here Text box</span>
							<div class='pre'>skipped</div>
					</li>
					<li test-id='15' class='node then skip' status='skip'><b>Then</b>
						<span class="bdd-step-name">Then Select the Option from the Filter by Dropdown as "NITVA"</span>
							<div class='pre'>skipped</div>
					</li>
					<li test-id='16' class='node then skip' status='skip'><b>Then</b>
						<span class="bdd-step-name">Then Enter valid data in "20180820071455014" Text Box and click on search icon Result should get filtered based on Input in Type Here Text box</span>
							<div class='pre'>skipped</div>
					</li>
					<li test-id='17' class='node then skip' status='skip'><b>Then</b>
						<span class="bdd-step-name">Then Select the Option from the Filter by Dropdown as "NIF"</span>
							<div class='pre'>skipped</div>
					</li>
					<li test-id='18' class='node then skip' status='skip'><b>Then</b>
						<span class="bdd-step-name">Then Enter valid data in "20180820071455014" Text Box and click on search icon Result should get filtered based on Input in Type Here Text box</span>
							<div class='pre'>skipped</div>
					</li>
					<li test-id='19' class='node then skip' status='skip'><b>Then</b>
						<span class="bdd-step-name">Then Select the Option from the Filter by Dropdown as "TaxPayer"</span>
							<div class='pre'>skipped</div>
					</li>
					<li test-id='20' class='node then skip' status='skip'><b>Then</b>
						<span class="bdd-step-name">Then Enter valid data in "Tapan Parekh" Text Box and click on search icon Result should get filtered based on Input in Type Here Text box</span>
							<div class='pre'>skipped</div>
					</li>
					<li test-id='21' class='node then skip' status='skip'><b>Then</b>
						<span class="bdd-step-name">Then Select the Option from the Filter by Dropdown as "BusinessType"</span>
							<div class='pre'>skipped</div>
					</li>
					<li test-id='22' class='node then skip' status='skip'><b>Then</b>
						<span class="bdd-step-name">Then Enter valid data in "Mining" Text Box and click on search icon Result should get filtered based on Input in Type Here Text box</span>
							<div class='pre'>skipped</div>
					</li>
					<li test-id='23' class='node then skip' status='skip'><b>Then</b>
						<span class="bdd-step-name">Then Select the Option from the Filter by Dropdown as "TaxPayerCategory"</span>
							<div class='pre'>skipped</div>
					</li>
					<li test-id='24' class='node then skip' status='skip'><b>Then</b>
						<span class="bdd-step-name">Then Enter valid data in "" Text Box and click on search icon Result should get filtered based on Input in Type Here Text box</span>
							<div class='pre'>skipped</div>
					</li>
					<li test-id='25' class='node then skip' status='skip'><b>Then</b>
						<span class="bdd-step-name">Then Select the Option from the Filter by Dropdown as ""</span>
						<ul class='screenshots right'>
							<li><a data-featherlight="image" href="F:\PROJECT-1\DRC\Automation\drc_vat\DRC_VAT\test-output\Tue Aug 28\screenshots\Validate the filter by dropdown with respect to Filter option All, NITVA,NIF,,Tax Payer,Tax Office,Business Type_194015.png"><i class='material-icons'>panorama</i></a></li>
						</ul>
							<div class='pre'>skipped</div>
					</li>
				</ul>
		</li>
	</ul>
</div>
<div class='scenariooutline node' test-id='26' status='pass'>
	<span class='duration right label'>0h 0m 1s+421ms</span>
	<div class='desc'>
		<b>ScenarioOutline</b>
		<span class="desc-text">Validate the View Icon Functionality.</span>
	</div>
	<ul class='steps'>
		<li test-id='27' class='node scenario pass' status='pass'>
			<div class='category-list'>
				<span class='category label white-text'>@admin</span>
				<span class='category label white-text'>@tag</span>
				<span class='category label white-text'>@Filter</span>
				<span class='category label white-text'>@TaxPayerProfile</span>
				<span class='category label white-text'>@Mtc_admin_04</span>
			</div>
			
			<b>Scenario</b>
			
			<span class="bdd-step-name">Validate the View Icon Functionality.</span>
			
				<ul class='steps'>
					<li test-id='28' class='node given pass' status='pass'><b>Given</b>
						<span class="bdd-step-name">Given "DRC_ATC_TaxPayerProfile_List_03""Validate the  Functionality of Taxpayer Profile Menu Item ."the Officer"Admin" has logged in internal portal"ketan.prajapati""<pwd"</span>
							<div class='pre'>passed</div>
					</li>
					<li test-id='29' class='node when pass' status='pass'><b>When</b>
						<span class="bdd-step-name">When Clicks on Tax Payer Profile Menu item</span>
							<div class='pre'>passed</div>
					</li>
					<li test-id='30' class='node then pass' status='pass'><b>Then</b>
						<span class="bdd-step-name">Then officer is on Tax Payer Profile List</span>
							<div class='pre'>passed</div>
					</li>
					<li test-id='31' class='node then pass' status='pass'><b>Then</b>
						<span class="bdd-step-name">Then Validate the View Icon Functionality</span>
							<div class='pre'>passed</div>
					</li>
					<li test-id='32' class='node then pass' status='pass'><b>Then</b>
						<span class="bdd-step-name">Then Tax Payer details of the particular Tax Payer should be displayed</span>
							<div class='pre'>passed</div>
					</li>
					<li test-id='33' class='node then pass' status='pass'><b>Then</b>
						<span class="bdd-step-name">Then Click on Previous Button on TaxPayerDetails page</span>
							<div class='pre'>passed</div>
					</li>
					<li test-id='34' class='node then pass' status='pass'><b>Then</b>
						<span class="bdd-step-name">Then officer is on Tax Payer Profile List</span>
						<ul class='screenshots right'>
							<li><a data-featherlight="image" href="F:\PROJECT-1\DRC\Automation\drc_vat\DRC_VAT\test-output\Tue Aug 28\screenshots\Validate the View Icon Functionality._194117.png"><i class='material-icons'>panorama</i></a></li>
						</ul>
							<div class='pre'>passed</div>
					</li>
				</ul>
		</li>
	</ul>
</div>
<div class='scenariooutline node' test-id='35' status='pass'>
	<span class='duration right label'>0h 0m 0s+925ms</span>
	<div class='desc'>
		<b>ScenarioOutline</b>
		<span class="desc-text">Validate the Pagination Button Functionality of First , Last,Next, Previous ,Page Number Search Button.</span>
	</div>
	<ul class='steps'>
		<li test-id='36' class='node scenario pass' status='pass'>
			<div class='category-list'>
				<span class='category label white-text'>@Mtc_admin_05</span>
				<span class='category label white-text'>@tag</span>
				<span class='category label white-text'>@TaxPayerProfile</span>
				<span class='category label white-text'>@navigation</span>
			</div>
			
			<b>Scenario</b>
			
			<span class="bdd-step-name">Validate the Pagination Button Functionality of First , Last,Next, Previous ,Page Number Search Button.</span>
			
				<ul class='steps'>
					<li test-id='37' class='node given pass' status='pass'><b>Given</b>
						<span class="bdd-step-name">Given "DRC_ATC_TaxPayerProfile_List_04""Validate the  Functionality of Taxpayer Profile Menu Item ."the Officer"Admin" has logged in internal portal"ketan.prajapati""<pwd"</span>
							<div class='pre'>passed</div>
					</li>
					<li test-id='38' class='node when pass' status='pass'><b>When</b>
						<span class="bdd-step-name">When Clicks on Tax Payer Profile Menu item</span>
							<div class='pre'>passed</div>
					</li>
					<li test-id='39' class='node then pass' status='pass'><b>Then</b>
						<span class="bdd-step-name">Then officer is on Tax Payer Profile List</span>
							<div class='pre'>passed</div>
					</li>
					<li test-id='40' class='node then pass' status='pass'><b>Then</b>
						<span class="bdd-step-name">Then User clicks on page button"2" other than first button ths page should be displayed</span>
							<div class='pre'>passed</div>
					</li>
					<li test-id='41' class='node then pass' status='pass'><b>Then</b>
						<span class="bdd-step-name">Then User click on page button "First" User should be on that page</span>
							<div class='pre'>passed</div>
					</li>
					<li test-id='42' class='node then pass' status='pass'><b>Then</b>
						<span class="bdd-step-name">Then User click on page button "Last" User should be on that page</span>
						<ul class='screenshots right'>
							<li><a data-featherlight="image" href="F:\PROJECT-1\DRC\Automation\drc_vat\DRC_VAT\test-output\Tue Aug 28\screenshots\Validate the Pagination Button Functionality of First , Last,Next, Previous ,Page Number Search Button._194119.png"><i class='material-icons'>panorama</i></a></li>
						</ul>
							<div class='pre'>passed</div>
					</li>
				</ul>
		</li>
	</ul>
</div>
<div class='scenariooutline node' test-id='43' status='fail'>
	<span class='duration right label'>0h 0m 0s+364ms</span>
	<div class='desc'>
		<b>ScenarioOutline</b>
		<span class="desc-text">Validate the Pagination Button Functionality of First , Last,Next, Previous ,Page Number Search Button.</span>
	</div>
	<ul class='steps'>
		<li test-id='44' class='node scenario fail' status='fail'>
			<div class='category-list'>
				<span class='category label white-text'>@Mtc_admin_05</span>
				<span class='category label white-text'>@admin</span>
				<span class='category label white-text'>@tag</span>
				<span class='category label white-text'>@TaxPayerProfile</span>
				<span class='category label white-text'>@navigation</span>
			</div>
			
			<b>Scenario</b>
			
			<span class="bdd-step-name">Validate the Pagination Button Functionality of First , Last,Next, Previous ,Page Number Search Button.</span>
			
				<ul class='steps'>
					<li test-id='45' class='node given pass' status='pass'><b>Given</b>
						<span class="bdd-step-name">Given "DRC_ATC_TaxPayerProfile_List_05""Validate the  Functionality of Taxpayer Profile Menu Item ."the Officer"Admin" has logged in internal portal"ketan.prajapati""<pwd"</span>
							<div class='pre'>passed</div>
					</li>
					<li test-id='46' class='node when pass' status='pass'><b>When</b>
						<span class="bdd-step-name">When Clicks on Tax Payer Profile Menu item</span>
							<div class='pre'>passed</div>
					</li>
					<li test-id='47' class='node then pass' status='pass'><b>Then</b>
						<span class="bdd-step-name">Then officer is on Tax Payer Profile List</span>
							<div class='pre'>passed</div>
					</li>
					<li test-id='48' class='node then fail' status='fail'><b>Then</b>
						<span class="bdd-step-name">Then User clicks on page button Next user should be second page</span>
							<div class='pre'><textarea>org.openqa.selenium.WebDriverException: unknown error: Element <span class="fa fa-caret-right"></span> is not clickable at point (992, 743). Other element would receive the click: <ul class="pagination justify-content-end mb-0">...</ul>
  (Session info: chrome=68.0.3440.106)
  (Driver info: chromedriver=2.38.552522 (437e6fbedfa8762dec75e2c5b3ddb86763dc9dcb),platform=Windows NT 10.0.16299 x86_64) (WARNING: The server did not provide any stacktrace information)
Command duration or timeout: 0 milliseconds
Build info: version: '3.11.0', revision: 'e59cfb3', time: '2018-03-11T20:26:55.152Z'
System info: host: 'CS60-PC', ip: '172.31.192.1', os.name: 'Windows 10', os.arch: 'amd64', os.version: '10.0', java.version: '1.8.0_171'
Driver info: org.openqa.selenium.chrome.ChromeDriver
Capabilities {acceptInsecureCerts: false, acceptSslCerts: false, applicationCacheEnabled: false, browserConnectionEnabled: false, browserName: chrome, chrome: {chromedriverVersion: 2.38.552522 (437e6fbedfa876..., userDataDir: C:\Users\admin\AppData\Loca...}, cssSelectorsEnabled: true, databaseEnabled: false, handlesAlerts: true, hasTouchScreen: false, javascriptEnabled: true, locationContextEnabled: true, mobileEmulationEnabled: false, nativeEvents: true, networkConnectionEnabled: false, pageLoadStrategy: normal, platform: XP, platformName: XP, rotatable: false, setWindowRect: true, takesHeapSnapshot: true, takesScreenshot: true, unexpectedAlertBehaviour: , unhandledPromptBehavior: , version: 68.0.3440.106, webStorageEnabled: true}
Session ID: 0df9beb816792b35baed4996183afd97
	at sun.reflect.NativeConstructorAccessorImpl.newInstance0(Native Method)
	at sun.reflect.NativeConstructorAccessorImpl.newInstance(NativeConstructorAccessorImpl.java:62)
	at sun.reflect.DelegatingConstructorAccessorImpl.newInstance(DelegatingConstructorAccessorImpl.java:45)
	at java.lang.reflect.Constructor.newInstance(Constructor.java:423)
	at org.openqa.selenium.remote.ErrorHandler.createThrowable(ErrorHandler.java:214)
	at org.openqa.selenium.remote.ErrorHandler.throwIfResponseFailed(ErrorHandler.java:166)
	at org.openqa.selenium.remote.http.JsonHttpResponseCodec.reconstructValue(JsonHttpResponseCodec.java:40)
	at org.openqa.selenium.remote.http.AbstractHttpResponseCodec.decode(AbstractHttpResponseCodec.java:80)
	at org.openqa.selenium.remote.http.AbstractHttpResponseCodec.decode(AbstractHttpResponseCodec.java:44)
	at org.openqa.selenium.remote.HttpCommandExecutor.execute(HttpCommandExecutor.java:158)
	at org.openqa.selenium.remote.service.DriverCommandExecutor.execute(DriverCommandExecutor.java:83)
	at org.openqa.selenium.remote.RemoteWebDriver.execute(RemoteWebDriver.java:545)
	at org.openqa.selenium.remote.RemoteWebElement.execute(RemoteWebElement.java:279)
	at org.openqa.selenium.remote.RemoteWebElement.click(RemoteWebElement.java:83)
	at org.drc.vat.appmanager.HelperBase.clickOn(HelperBase.java:78)
	at org.drc.vat.StepDefinitions.TaxPayerDetailsList.user_clicks_on_page_button_Next_user_should_be_second_page(TaxPayerDetailsList.java:98)
	at ?.Then User clicks on page button Next user should be second page(features/TaxPayerDetailsList.feature:72)
</textarea></div>
					</li>
					<li test-id='49' class='node then skip' status='skip'><b>Then</b>
						<span class="bdd-step-name">Then User click on page button Previous button User should be on First Page</span>
							<div class='pre'>skipped</div>
					</li>
					<li test-id='50' class='node then skip' status='skip'><b>Then</b>
						<span class="bdd-step-name">Then User click on page button Previous button,Previous button should be non-editable</span>
							<div class='pre'>skipped</div>
					</li>
					<li test-id='51' class='node then skip' status='skip'><b>Then</b>
						<span class="bdd-step-name">Then User click on page button Last button User should be on Last Page</span>
						<ul class='screenshots right'>
							<li><a data-featherlight="image" href="F:\PROJECT-1\DRC\Automation\drc_vat\DRC_VAT\test-output\Tue Aug 28\screenshots\Validate the Pagination Button Functionality of First , Last,Next, Previous ,Page Number Search Button._194121.png"><i class='material-icons'>panorama</i></a></li>
						</ul>
							<div class='pre'>skipped</div>
					</li>
				</ul>
		</li>
	</ul>
</div>
<div class='scenariooutline node' test-id='52' status='fail'>
	<span class='duration right label'>0h 0m 1s+406ms</span>
	<div class='desc'>
		<b>ScenarioOutline</b>
		<span class="desc-text">Validate the NITVA, NIF, Tax Payer, Address, Business Type , Tax Office of the Tax payer is correctly displayed  after VAT registration is approved successfully of the User.</span>
	</div>
	<ul class='steps'>
		<li test-id='53' class='node scenario fail' status='fail'>
			<div class='category-list'>
				<span class='category label white-text'>@Mtc_admin_06</span>
				<span class='category label white-text'>@admin</span>
				<span class='category label white-text'>@tag</span>
				<span class='category label white-text'>@TaxPayerProfile</span>
			</div>
			
			<b>Scenario</b>
			
			<span class="bdd-step-name">Validate the NITVA, NIF, Tax Payer, Address, Business Type , Tax Office of the Tax payer is correctly displayed  after VAT registration is approved successfully of the User.</span>
			
				<ul class='steps'>
					<li test-id='54' class='node given pass' status='pass'><b>Given</b>
						<span class="bdd-step-name">Given "DRC_ATC_TaxPayerProfile_List_06""Validate the  Functionality of Taxpayer Profile Menu Item ."the Officer"Admin" has logged in internal portal"ketan.prajapati""<pwd"</span>
							<div class='pre'>passed</div>
					</li>
					<li test-id='55' class='node when pass' status='pass'><b>When</b>
						<span class="bdd-step-name">When Clicks on Tax Payer Profile Menu item</span>
							<div class='pre'>passed</div>
					</li>
					<li test-id='56' class='node then pass' status='pass'><b>Then</b>
						<span class="bdd-step-name">Then officer is on Tax Payer Profile List</span>
							<div class='pre'>passed</div>
					</li>
					<li test-id='57' class='node then pass' status='pass'><b>Then</b>
						<span class="bdd-step-name">Then User Search using NITVA"<nitva>"</span>
							<div class='pre'>passed</div>
					</li>
					<li test-id='58' class='node then fail' status='fail'><b>Then</b>
						<span class="bdd-step-name">Then Observes the details displayed in the list NIF""BusinessNmae/ApplicantName""Address""BusinessType""Taxoffice""</span>
							<div class='pre'><pre>org.openqa.selenium.NoSuchElementException: no such element: Unable to locate element: {"method":"xpath","selector":"null//td[2]"}
  (Session info: chrome=68.0.3440.106)
  (Driver info: chromedriver=2.38.552522 (437e6fbedfa8762dec75e2c5b3ddb86763dc9dcb),platform=Windows NT 10.0.16299 x86_64) (WARNING: The server did not provide any stacktrace information)
Command duration or timeout: 0 milliseconds
For documentation on this error, please visit: http://seleniumhq.org/exceptions/no_such_element.html
Build info: version: '3.11.0', revision: 'e59cfb3', time: '2018-03-11T20:26:55.152Z'
System info: host: 'CS60-PC', ip: '172.31.192.1', os.name: 'Windows 10', os.arch: 'amd64', os.version: '10.0', java.version: '1.8.0_171'
Driver info: org.openqa.selenium.chrome.ChromeDriver
Capabilities {acceptInsecureCerts: false, acceptSslCerts: false, applicationCacheEnabled: false, browserConnectionEnabled: false, browserName: chrome, chrome: {chromedriverVersion: 2.38.552522 (437e6fbedfa876..., userDataDir: C:\Users\admin\AppData\Loca...}, cssSelectorsEnabled: true, databaseEnabled: false, handlesAlerts: true, hasTouchScreen: false, javascriptEnabled: true, locationContextEnabled: true, mobileEmulationEnabled: false, nativeEvents: true, networkConnectionEnabled: false, pageLoadStrategy: normal, platform: XP, platformName: XP, rotatable: false, setWindowRect: true, takesHeapSnapshot: true, takesScreenshot: true, unexpectedAlertBehaviour: , unhandledPromptBehavior: , version: 68.0.3440.106, webStorageEnabled: true}
Session ID: 0df9beb816792b35baed4996183afd97
*** Element info: {Using=xpath, value=null//td[2]}
	at sun.reflect.NativeConstructorAccessorImpl.newInstance0(Native Method)
	at sun.reflect.NativeConstructorAccessorImpl.newInstance(NativeConstructorAccessorImpl.java:62)
	at sun.reflect.DelegatingConstructorAccessorImpl.newInstance(DelegatingConstructorAccessorImpl.java:45)
	at java.lang.reflect.Constructor.newInstance(Constructor.java:423)
	at org.openqa.selenium.remote.ErrorHandler.createThrowable(ErrorHandler.java:214)
	at org.openqa.selenium.remote.ErrorHandler.throwIfResponseFailed(ErrorHandler.java:166)
	at org.openqa.selenium.remote.http.JsonHttpResponseCodec.reconstructValue(JsonHttpResponseCodec.java:40)
	at org.openqa.selenium.remote.http.AbstractHttpResponseCodec.decode(AbstractHttpResponseCodec.java:80)
	at org.openqa.selenium.remote.http.AbstractHttpResponseCodec.decode(AbstractHttpResponseCodec.java:44)
	at org.openqa.selenium.remote.HttpCommandExecutor.execute(HttpCommandExecutor.java:158)
	at org.openqa.selenium.remote.service.DriverCommandExecutor.execute(DriverCommandExecutor.java:83)
	at org.openqa.selenium.remote.RemoteWebDriver.execute(RemoteWebDriver.java:545)
	at org.openqa.selenium.remote.RemoteWebDriver.findElement(RemoteWebDriver.java:319)
	at org.openqa.selenium.remote.RemoteWebDriver.findElementByXPath(RemoteWebDriver.java:421)
	at org.openqa.selenium.By$ByXPath.findElement(By.java:361)
	at org.openqa.selenium.remote.RemoteWebDriver.findElement(RemoteWebDriver.java:311)
	at org.drc.vat.appmanager.HelperBase.elementText(HelperBase.java:199)
	at org.drc.vat.StepDefinitions.TaxPayerDetailsList.observes_the_details_displayed_in_the_list_NIF_BusinessNmae_ApplicantName_Address_BusinessType_Taxoffice(TaxPayerDetailsList.java:129)
	at ?.Then Observes the details displayed in the list NIF""BusinessNmae/ApplicantName""Address""BusinessType""Taxoffice""(features/TaxPayerDetailsList.feature:87)
</pre></div>
					</li>
					<li test-id='59' class='node then skip' status='skip'><b>Then</b>
						<span class="bdd-step-name">Then Observes NITVA""field</span>
						<ul class='screenshots right'>
							<li><a data-featherlight="image" href="F:\PROJECT-1\DRC\Automation\drc_vat\DRC_VAT\test-output\Tue Aug 28\screenshots\Validate the NITVA, NIF, Tax Payer, Address, Business Type , Tax Office of the Tax payer is correctly displayed  after VAT registration is approved successfully of the User._194122.png"><i class='material-icons'>panorama</i></a></li>
						</ul>
							<div class='pre'>skipped</div>
					</li>
				</ul>
		</li>
	</ul>
</div>
<div class='scenariooutline node' test-id='60' status='fail'>
	<span class='duration right label'>0h 0m 0s+463ms</span>
	<div class='desc'>
		<b>ScenarioOutline</b>
		<span class="desc-text">Validate that profile is not getting listed in the Tax Payer List if the user submitted the form but the status is Review In Progress</span>
	</div>
	<ul class='steps'>
		<li test-id='61' class='node scenario fail' status='fail'>
			<div class='category-list'>
				<span class='category label white-text'>@Mtc_admin_07</span>
				<span class='category label white-text'>@admin</span>
				<span class='category label white-text'>@tag</span>
				<span class='category label white-text'>@TaxPayerProfile</span>
			</div>
			
			<b>Scenario</b>
			
			<span class="bdd-step-name">Validate that profile is not getting listed in the Tax Payer List if the user submitted the form but the status is Review In Progress</span>
			
				<ul class='steps'>
					<li test-id='62' class='node given pass' status='pass'><b>Given</b>
						<span class="bdd-step-name">Given "DRC_ATC_TaxPayerProfile_List_07""Validate the  Functionality of Taxpayer Profile Menu Item ."the Officer"Admin" has logged in internal portal"ketan.prajapati""<pwd"</span>
							<div class='pre'>passed</div>
					</li>
					<li test-id='63' class='node when pass' status='pass'><b>When</b>
						<span class="bdd-step-name">When Clicks on Tax Payer Profile Menu item</span>
							<div class='pre'>passed</div>
					</li>
					<li test-id='64' class='node then pass' status='pass'><b>Then</b>
						<span class="bdd-step-name">Then officer is on Tax Payer Profile List</span>
							<div class='pre'>passed</div>
					</li>
					<li test-id='65' class='node then fail' status='fail'><b>Then</b>
						<span class="bdd-step-name">Then User Search using NITVA"<nitva>"</span>
							<div class='pre'><textarea>org.openqa.selenium.WebDriverException: unknown error: Element <span class="ng-value-label ng-star-inserted">...</span> is not clickable at point (1214, 80). Other element would receive the click: <input role="combobox" type="text" autocomplete="a6970dee5934" id="" readonly="" aria-expanded="true" aria-owns="a6970dee5934" aria-activedescendant="acc133331487">
  (Session info: chrome=68.0.3440.106)
  (Driver info: chromedriver=2.38.552522 (437e6fbedfa8762dec75e2c5b3ddb86763dc9dcb),platform=Windows NT 10.0.16299 x86_64) (WARNING: The server did not provide any stacktrace information)
Command duration or timeout: 0 milliseconds
Build info: version: '3.11.0', revision: 'e59cfb3', time: '2018-03-11T20:26:55.152Z'
System info: host: 'CS60-PC', ip: '172.31.192.1', os.name: 'Windows 10', os.arch: 'amd64', os.version: '10.0', java.version: '1.8.0_171'
Driver info: org.openqa.selenium.chrome.ChromeDriver
Capabilities {acceptInsecureCerts: false, acceptSslCerts: false, applicationCacheEnabled: false, browserConnectionEnabled: false, browserName: chrome, chrome: {chromedriverVersion: 2.38.552522 (437e6fbedfa876..., userDataDir: C:\Users\admin\AppData\Loca...}, cssSelectorsEnabled: true, databaseEnabled: false, handlesAlerts: true, hasTouchScreen: false, javascriptEnabled: true, locationContextEnabled: true, mobileEmulationEnabled: false, nativeEvents: true, networkConnectionEnabled: false, pageLoadStrategy: normal, platform: XP, platformName: XP, rotatable: false, setWindowRect: true, takesHeapSnapshot: true, takesScreenshot: true, unexpectedAlertBehaviour: , unhandledPromptBehavior: , version: 68.0.3440.106, webStorageEnabled: true}
Session ID: 0df9beb816792b35baed4996183afd97
	at sun.reflect.NativeConstructorAccessorImpl.newInstance0(Native Method)
	at sun.reflect.NativeConstructorAccessorImpl.newInstance(NativeConstructorAccessorImpl.java:62)
	at sun.reflect.DelegatingConstructorAccessorImpl.newInstance(DelegatingConstructorAccessorImpl.java:45)
	at java.lang.reflect.Constructor.newInstance(Constructor.java:423)
	at org.openqa.selenium.remote.ErrorHandler.createThrowable(ErrorHandler.java:214)
	at org.openqa.selenium.remote.ErrorHandler.throwIfResponseFailed(ErrorHandler.java:166)
	at org.openqa.selenium.remote.http.JsonHttpResponseCodec.reconstructValue(JsonHttpResponseCodec.java:40)
	at org.openqa.selenium.remote.http.AbstractHttpResponseCodec.decode(AbstractHttpResponseCodec.java:80)
	at org.openqa.selenium.remote.http.AbstractHttpResponseCodec.decode(AbstractHttpResponseCodec.java:44)
	at org.openqa.selenium.remote.HttpCommandExecutor.execute(HttpCommandExecutor.java:158)
	at org.openqa.selenium.remote.service.DriverCommandExecutor.execute(DriverCommandExecutor.java:83)
	at org.openqa.selenium.remote.RemoteWebDriver.execute(RemoteWebDriver.java:545)
	at org.openqa.selenium.remote.RemoteWebElement.execute(RemoteWebElement.java:279)
	at org.openqa.selenium.remote.RemoteWebElement.click(RemoteWebElement.java:83)
	at org.drc.vat.appmanager.HelperBase.clickOn(HelperBase.java:78)
	at org.drc.vat.StepDefinitions.TaxPayerDetailsList.user_Search_using_NITVA(TaxPayerDetailsList.java:123)
	at ?.Then User Search using NITVA"<nitva>"(features/TaxPayerDetailsList.feature:99)
</textarea></div>
					</li>
					<li test-id='66' class='node then skip' status='skip'><b>Then</b>
						<span class="bdd-step-name">Then Observes the details displayed in the list NIF""BusinessNmae/ApplicantName""Address""BusinessType""Taxoffice""</span>
							<div class='pre'>skipped</div>
					</li>
					<li test-id='67' class='node then skip' status='skip'><b>Then</b>
						<span class="bdd-step-name">Then Observes NITVA""field</span>
						<ul class='screenshots right'>
							<li><a data-featherlight="image" href="F:\PROJECT-1\DRC\Automation\drc_vat\DRC_VAT\test-output\Tue Aug 28\screenshots\Validate that profile is not getting listed in the Tax Payer List if the user submitted the form but the status is Review In Progress_194124.png"><i class='material-icons'>panorama</i></a></li>
						</ul>
							<div class='pre'>skipped</div>
					</li>
				</ul>
		</li>
	</ul>
</div>
<div class='scenariooutline node' test-id='68' status='fail'>
	<span class='duration right label'>0h 0m 1s+655ms</span>
	<div class='desc'>
		<b>ScenarioOutline</b>
		<span class="desc-text">Validate that profile is not getting listed in the Tax Payer List</span>
	</div>
	<ul class='steps'>
		<li test-id='69' class='node scenario fail' status='fail'>
			<div class='category-list'>
				<span class='category label white-text'>@Mtc_admin_08_09</span>
				<span class='category label white-text'>@admin</span>
				<span class='category label white-text'>@tag</span>
				<span class='category label white-text'>@TaxPayerProfile</span>
			</div>
			
			<b>Scenario</b>
			
			<span class="bdd-step-name">Validate that profile is not getting listed in the Tax Payer List</span>
			
				<ul class='steps'>
					<li test-id='70' class='node given pass' status='pass'><b>Given</b>
						<span class="bdd-step-name">Given "DRC_ATC_TaxPayerProfile_List_08""Validate that profile is not getting listed in the Tax Payer List if the user submitted the form but the status is On Hold"the Officer"Admin" has logged in internal portal"ketan.prajapati""<pwd"</span>
							<div class='pre'>passed</div>
					</li>
					<li test-id='71' class='node when pass' status='pass'><b>When</b>
						<span class="bdd-step-name">When Clicks on Tax Payer Profile Menu item</span>
							<div class='pre'>passed</div>
					</li>
					<li test-id='72' class='node then pass' status='pass'><b>Then</b>
						<span class="bdd-step-name">Then officer is on Tax Payer Profile List</span>
							<div class='pre'>passed</div>
					</li>
					<li test-id='73' class='node then fail' status='fail'><b>Then</b>
						<span class="bdd-step-name">Then User Search using NIF"<NIF>"</span>
							<div class='pre'><textarea>org.openqa.selenium.InvalidElementStateException: invalid element state: Element must be user-editable in order to clear it.
  (Session info: chrome=68.0.3440.106)
  (Driver info: chromedriver=2.38.552522 (437e6fbedfa8762dec75e2c5b3ddb86763dc9dcb),platform=Windows NT 10.0.16299 x86_64) (WARNING: The server did not provide any stacktrace information)
Command duration or timeout: 0 milliseconds
Build info: version: '3.11.0', revision: 'e59cfb3', time: '2018-03-11T20:26:55.152Z'
System info: host: 'CS60-PC', ip: '172.31.192.1', os.name: 'Windows 10', os.arch: 'amd64', os.version: '10.0', java.version: '1.8.0_171'
Driver info: org.openqa.selenium.chrome.ChromeDriver
Capabilities {acceptInsecureCerts: false, acceptSslCerts: false, applicationCacheEnabled: false, browserConnectionEnabled: false, browserName: chrome, chrome: {chromedriverVersion: 2.38.552522 (437e6fbedfa876..., userDataDir: C:\Users\admin\AppData\Loca...}, cssSelectorsEnabled: true, databaseEnabled: false, handlesAlerts: true, hasTouchScreen: false, javascriptEnabled: true, locationContextEnabled: true, mobileEmulationEnabled: false, nativeEvents: true, networkConnectionEnabled: false, pageLoadStrategy: normal, platform: XP, platformName: XP, rotatable: false, setWindowRect: true, takesHeapSnapshot: true, takesScreenshot: true, unexpectedAlertBehaviour: , unhandledPromptBehavior: , version: 68.0.3440.106, webStorageEnabled: true}
Session ID: 0df9beb816792b35baed4996183afd97
	at sun.reflect.NativeConstructorAccessorImpl.newInstance0(Native Method)
	at sun.reflect.NativeConstructorAccessorImpl.newInstance(NativeConstructorAccessorImpl.java:62)
	at sun.reflect.DelegatingConstructorAccessorImpl.newInstance(DelegatingConstructorAccessorImpl.java:45)
	at java.lang.reflect.Constructor.newInstance(Constructor.java:423)
	at org.openqa.selenium.remote.ErrorHandler.createThrowable(ErrorHandler.java:214)
	at org.openqa.selenium.remote.ErrorHandler.throwIfResponseFailed(ErrorHandler.java:166)
	at org.openqa.selenium.remote.http.JsonHttpResponseCodec.reconstructValue(JsonHttpResponseCodec.java:40)
	at org.openqa.selenium.remote.http.AbstractHttpResponseCodec.decode(AbstractHttpResponseCodec.java:80)
	at org.openqa.selenium.remote.http.AbstractHttpResponseCodec.decode(AbstractHttpResponseCodec.java:44)
	at org.openqa.selenium.remote.HttpCommandExecutor.execute(HttpCommandExecutor.java:158)
	at org.openqa.selenium.remote.service.DriverCommandExecutor.execute(DriverCommandExecutor.java:83)
	at org.openqa.selenium.remote.RemoteWebDriver.execute(RemoteWebDriver.java:545)
	at org.openqa.selenium.remote.RemoteWebElement.execute(RemoteWebElement.java:279)
	at org.openqa.selenium.remote.RemoteWebElement.clear(RemoteWebElement.java:118)
	at org.drc.vat.appmanager.HelperBase.type(HelperBase.java:96)
	at org.drc.vat.StepDefinitions.TaxPayerDetailsList.user_Search_using_NIF(TaxPayerDetailsList.java:154)
	at ?.Then User Search using NIF"<NIF>"(features/TaxPayerDetailsList.feature:112)
</textarea></div>
					</li>
					<li test-id='74' class='node then skip' status='skip'><b>Then</b>
						<span class="bdd-step-name">Then No record found Messages "No records found"should be displayed</span>
						<ul class='screenshots right'>
							<li><a data-featherlight="image" href="F:\PROJECT-1\DRC\Automation\drc_vat\DRC_VAT\test-output\Tue Aug 28\screenshots\Validate that profile is not getting listed in the Tax Payer List_194125.png"><i class='material-icons'>panorama</i></a></li>
						</ul>
							<div class='pre'>skipped</div>
					</li>
				</ul>
		</li>
		<li test-id='75' class='node scenario fail' status='fail'>
			<div class='category-list'>
				<span class='category label white-text'>@Mtc_admin_08_09</span>
				<span class='category label white-text'>@admin</span>
				<span class='category label white-text'>@tag</span>
				<span class='category label white-text'>@TaxPayerProfile</span>
			</div>
			
			<b>Scenario</b>
			
			<span class="bdd-step-name">Validate that profile is not getting listed in the Tax Payer List</span>
			
				<ul class='steps'>
					<li test-id='76' class='node given pass' status='pass'><b>Given</b>
						<span class="bdd-step-name">Given "DRC_ATC_TaxPayerProfile_List_09""Validate that profile is not getting listed in the Tax Payer List if the user submitted the VAT Application and the Status is Rejected"the Officer"Admin" has logged in internal portal"ketan.prajapati""<pwd"</span>
							<div class='pre'>passed</div>
					</li>
					<li test-id='77' class='node when pass' status='pass'><b>When</b>
						<span class="bdd-step-name">When Clicks on Tax Payer Profile Menu item</span>
							<div class='pre'>passed</div>
					</li>
					<li test-id='78' class='node then pass' status='pass'><b>Then</b>
						<span class="bdd-step-name">Then officer is on Tax Payer Profile List</span>
							<div class='pre'>passed</div>
					</li>
					<li test-id='79' class='node then fail' status='fail'><b>Then</b>
						<span class="bdd-step-name">Then User Search using NIF"<NIF>"</span>
							<div class='pre'><textarea>org.openqa.selenium.WebDriverException: unknown error: Element <span class="ng-value-label ng-star-inserted">...</span> is not clickable at point (1204, 80). Other element would receive the click: <input role="combobox" type="text" autocomplete="a6970dee5934" id="" readonly="" aria-expanded="true" aria-owns="a6970dee5934" aria-activedescendant="ae4926fbd13e">
  (Session info: chrome=68.0.3440.106)
  (Driver info: chromedriver=2.38.552522 (437e6fbedfa8762dec75e2c5b3ddb86763dc9dcb),platform=Windows NT 10.0.16299 x86_64) (WARNING: The server did not provide any stacktrace information)
Command duration or timeout: 0 milliseconds
Build info: version: '3.11.0', revision: 'e59cfb3', time: '2018-03-11T20:26:55.152Z'
System info: host: 'CS60-PC', ip: '172.31.192.1', os.name: 'Windows 10', os.arch: 'amd64', os.version: '10.0', java.version: '1.8.0_171'
Driver info: org.openqa.selenium.chrome.ChromeDriver
Capabilities {acceptInsecureCerts: false, acceptSslCerts: false, applicationCacheEnabled: false, browserConnectionEnabled: false, browserName: chrome, chrome: {chromedriverVersion: 2.38.552522 (437e6fbedfa876..., userDataDir: C:\Users\admin\AppData\Loca...}, cssSelectorsEnabled: true, databaseEnabled: false, handlesAlerts: true, hasTouchScreen: false, javascriptEnabled: true, locationContextEnabled: true, mobileEmulationEnabled: false, nativeEvents: true, networkConnectionEnabled: false, pageLoadStrategy: normal, platform: XP, platformName: XP, rotatable: false, setWindowRect: true, takesHeapSnapshot: true, takesScreenshot: true, unexpectedAlertBehaviour: , unhandledPromptBehavior: , version: 68.0.3440.106, webStorageEnabled: true}
Session ID: 0df9beb816792b35baed4996183afd97
	at sun.reflect.NativeConstructorAccessorImpl.newInstance0(Native Method)
	at sun.reflect.NativeConstructorAccessorImpl.newInstance(NativeConstructorAccessorImpl.java:62)
	at sun.reflect.DelegatingConstructorAccessorImpl.newInstance(DelegatingConstructorAccessorImpl.java:45)
	at java.lang.reflect.Constructor.newInstance(Constructor.java:423)
	at org.openqa.selenium.remote.ErrorHandler.createThrowable(ErrorHandler.java:214)
	at org.openqa.selenium.remote.ErrorHandler.throwIfResponseFailed(ErrorHandler.java:166)
	at org.openqa.selenium.remote.http.JsonHttpResponseCodec.reconstructValue(JsonHttpResponseCodec.java:40)
	at org.openqa.selenium.remote.http.AbstractHttpResponseCodec.decode(AbstractHttpResponseCodec.java:80)
	at org.openqa.selenium.remote.http.AbstractHttpResponseCodec.decode(AbstractHttpResponseCodec.java:44)
	at org.openqa.selenium.remote.HttpCommandExecutor.execute(HttpCommandExecutor.java:158)
	at org.openqa.selenium.remote.service.DriverCommandExecutor.execute(DriverCommandExecutor.java:83)
	at org.openqa.selenium.remote.RemoteWebDriver.execute(RemoteWebDriver.java:545)
	at org.openqa.selenium.remote.RemoteWebElement.execute(RemoteWebElement.java:279)
	at org.openqa.selenium.remote.RemoteWebElement.click(RemoteWebElement.java:83)
	at org.drc.vat.appmanager.HelperBase.clickOn(HelperBase.java:78)
	at org.drc.vat.StepDefinitions.TaxPayerDetailsList.user_Search_using_NIF(TaxPayerDetailsList.java:153)
	at ?.Then User Search using NIF"<NIF>"(features/TaxPayerDetailsList.feature:112)
</textarea></div>
					</li>
					<li test-id='80' class='node then skip' status='skip'><b>Then</b>
						<span class="bdd-step-name">Then No record found Messages "No records found"should be displayed</span>
						<ul class='screenshots right'>
							<li><a data-featherlight="image" href="F:\PROJECT-1\DRC\Automation\drc_vat\DRC_VAT\test-output\Tue Aug 28\screenshots\Validate that profile is not getting listed in the Tax Payer List_194126.png"><i class='material-icons'>panorama</i></a></li>
						</ul>
							<div class='pre'>skipped</div>
					</li>
				</ul>
		</li>
	</ul>
</div>
<div class='scenariooutline node' test-id='81' status='fail'>
	<span class='duration right label'>0h 0m 3s+788ms</span>
	<div class='desc'>
		<b>ScenarioOutline</b>
		<span class="desc-text">Validate that profile is getting listed in the Tax Payer List for according to tax Payer Category</span>
	</div>
	<ul class='steps'>
		<li test-id='82' class='node scenario fail' status='fail'>
			<div class='category-list'>
				<span class='category label white-text'>@admin</span>
				<span class='category label white-text'>@tag</span>
				<span class='category label white-text'>@TaxPayerProfile</span>
				<span class='category label white-text'>@Mtc_admin_10_11_12_13</span>
			</div>
			
			<b>Scenario</b>
			
			<span class="bdd-step-name">Validate that profile is getting listed in the Tax Payer List for according to tax Payer Category</span>
			
				<ul class='steps'>
					<li test-id='83' class='node given pass' status='pass'><b>Given</b>
						<span class="bdd-step-name">Given "DRC_ATC_TaxPayerProfile_List_10""Validate that profile is getting listed in the Tax Payer List if the user has tax Payer Category Natural Person and sub tax payer category as Individual"the Officer"Admin" has logged in internal portal"ketan.prajapati""<pwd"</span>
							<div class='pre'>passed</div>
					</li>
					<li test-id='84' class='node when pass' status='pass'><b>When</b>
						<span class="bdd-step-name">When Clicks on Tax Payer Profile Menu item</span>
							<div class='pre'>passed</div>
					</li>
					<li test-id='85' class='node then pass' status='pass'><b>Then</b>
						<span class="bdd-step-name">Then officer is on Tax Payer Profile List</span>
							<div class='pre'>passed</div>
					</li>
					<li test-id='86' class='node then fail' status='fail'><b>Then</b>
						<span class="bdd-step-name">Then User Search using NIF"<NIF>"</span>
							<div class='pre'><textarea>org.openqa.selenium.WebDriverException: unknown error: Element <span class="ng-value-label ng-star-inserted">...</span> is not clickable at point (1204, 80). Other element would receive the click: <input role="combobox" type="text" autocomplete="a6970dee5934" id="" readonly="" aria-expanded="true" aria-owns="a6970dee5934" aria-activedescendant="ae4926fbd13e">
  (Session info: chrome=68.0.3440.106)
  (Driver info: chromedriver=2.38.552522 (437e6fbedfa8762dec75e2c5b3ddb86763dc9dcb),platform=Windows NT 10.0.16299 x86_64) (WARNING: The server did not provide any stacktrace information)
Command duration or timeout: 0 milliseconds
Build info: version: '3.11.0', revision: 'e59cfb3', time: '2018-03-11T20:26:55.152Z'
System info: host: 'CS60-PC', ip: '172.31.192.1', os.name: 'Windows 10', os.arch: 'amd64', os.version: '10.0', java.version: '1.8.0_171'
Driver info: org.openqa.selenium.chrome.ChromeDriver
Capabilities {acceptInsecureCerts: false, acceptSslCerts: false, applicationCacheEnabled: false, browserConnectionEnabled: false, browserName: chrome, chrome: {chromedriverVersion: 2.38.552522 (437e6fbedfa876..., userDataDir: C:\Users\admin\AppData\Loca...}, cssSelectorsEnabled: true, databaseEnabled: false, handlesAlerts: true, hasTouchScreen: false, javascriptEnabled: true, locationContextEnabled: true, mobileEmulationEnabled: false, nativeEvents: true, networkConnectionEnabled: false, pageLoadStrategy: normal, platform: XP, platformName: XP, rotatable: false, setWindowRect: true, takesHeapSnapshot: true, takesScreenshot: true, unexpectedAlertBehaviour: , unhandledPromptBehavior: , version: 68.0.3440.106, webStorageEnabled: true}
Session ID: 0df9beb816792b35baed4996183afd97
	at sun.reflect.NativeConstructorAccessorImpl.newInstance0(Native Method)
	at sun.reflect.NativeConstructorAccessorImpl.newInstance(NativeConstructorAccessorImpl.java:62)
	at sun.reflect.DelegatingConstructorAccessorImpl.newInstance(DelegatingConstructorAccessorImpl.java:45)
	at java.lang.reflect.Constructor.newInstance(Constructor.java:423)
	at org.openqa.selenium.remote.ErrorHandler.createThrowable(ErrorHandler.java:214)
	at org.openqa.selenium.remote.ErrorHandler.throwIfResponseFailed(ErrorHandler.java:166)
	at org.openqa.selenium.remote.http.JsonHttpResponseCodec.reconstructValue(JsonHttpResponseCodec.java:40)
	at org.openqa.selenium.remote.http.AbstractHttpResponseCodec.decode(AbstractHttpResponseCodec.java:80)
	at org.openqa.selenium.remote.http.AbstractHttpResponseCodec.decode(AbstractHttpResponseCodec.java:44)
	at org.openqa.selenium.remote.HttpCommandExecutor.execute(HttpCommandExecutor.java:158)
	at org.openqa.selenium.remote.service.DriverCommandExecutor.execute(DriverCommandExecutor.java:83)
	at org.openqa.selenium.remote.RemoteWebDriver.execute(RemoteWebDriver.java:545)
	at org.openqa.selenium.remote.RemoteWebElement.execute(RemoteWebElement.java:279)
	at org.openqa.selenium.remote.RemoteWebElement.click(RemoteWebElement.java:83)
	at org.drc.vat.appmanager.HelperBase.clickOn(HelperBase.java:78)
	at org.drc.vat.StepDefinitions.TaxPayerDetailsList.user_Search_using_NIF(TaxPayerDetailsList.java:153)
	at ?.Then User Search using NIF"<NIF>"(features/TaxPayerDetailsList.feature:125)
</textarea></div>
					</li>
					<li test-id='87' class='node then skip' status='skip'><b>Then</b>
						<span class="bdd-step-name">Then Taxpayer Detail list shows NITVA""NIF""Taxpayer""Address""BusinessType""TaxOffice""</span>
						<ul class='screenshots right'>
							<li><a data-featherlight="image" href="F:\PROJECT-1\DRC\Automation\drc_vat\DRC_VAT\test-output\Tue Aug 28\screenshots\Validate that profile is getting listed in the Tax Payer List for according to tax Payer Category_194127.png"><i class='material-icons'>panorama</i></a></li>
						</ul>
							<div class='pre'>skipped</div>
					</li>
				</ul>
		</li>
		<li test-id='88' class='node scenario fail' status='fail'>
			<div class='category-list'>
				<span class='category label white-text'>@admin</span>
				<span class='category label white-text'>@tag</span>
				<span class='category label white-text'>@TaxPayerProfile</span>
				<span class='category label white-text'>@Mtc_admin_10_11_12_13</span>
			</div>
			
			<b>Scenario</b>
			
			<span class="bdd-step-name">Validate that profile is getting listed in the Tax Payer List for according to tax Payer Category</span>
			
				<ul class='steps'>
					<li test-id='89' class='node given pass' status='pass'><b>Given</b>
						<span class="bdd-step-name">Given "DRC_ATC_TaxPayerProfile_List_11""Validate that profile is getting listed in the Tax Payer List if the user has tax Payer Category Legal Entity and sub tax payer category as Government Entity"the Officer"Admin" has logged in internal portal"ketan.prajapati""<pwd"</span>
							<div class='pre'>passed</div>
					</li>
					<li test-id='90' class='node when pass' status='pass'><b>When</b>
						<span class="bdd-step-name">When Clicks on Tax Payer Profile Menu item</span>
							<div class='pre'>passed</div>
					</li>
					<li test-id='91' class='node then pass' status='pass'><b>Then</b>
						<span class="bdd-step-name">Then officer is on Tax Payer Profile List</span>
							<div class='pre'>passed</div>
					</li>
					<li test-id='92' class='node then fail' status='fail'><b>Then</b>
						<span class="bdd-step-name">Then User Search using NIF"<NIF>"</span>
							<div class='pre'><textarea>org.openqa.selenium.WebDriverException: unknown error: Element <span class="ng-value-label ng-star-inserted">...</span> is not clickable at point (1204, 179). Other element would receive the click: <input role="combobox" type="text" autocomplete="a6970dee5934" id="" readonly="" aria-expanded="true" aria-owns="a6970dee5934" aria-activedescendant="ae4926fbd13e">
  (Session info: chrome=68.0.3440.106)
  (Driver info: chromedriver=2.38.552522 (437e6fbedfa8762dec75e2c5b3ddb86763dc9dcb),platform=Windows NT 10.0.16299 x86_64) (WARNING: The server did not provide any stacktrace information)
Command duration or timeout: 0 milliseconds
Build info: version: '3.11.0', revision: 'e59cfb3', time: '2018-03-11T20:26:55.152Z'
System info: host: 'CS60-PC', ip: '172.31.192.1', os.name: 'Windows 10', os.arch: 'amd64', os.version: '10.0', java.version: '1.8.0_171'
Driver info: org.openqa.selenium.chrome.ChromeDriver
Capabilities {acceptInsecureCerts: false, acceptSslCerts: false, applicationCacheEnabled: false, browserConnectionEnabled: false, browserName: chrome, chrome: {chromedriverVersion: 2.38.552522 (437e6fbedfa876..., userDataDir: C:\Users\admin\AppData\Loca...}, cssSelectorsEnabled: true, databaseEnabled: false, handlesAlerts: true, hasTouchScreen: false, javascriptEnabled: true, locationContextEnabled: true, mobileEmulationEnabled: false, nativeEvents: true, networkConnectionEnabled: false, pageLoadStrategy: normal, platform: XP, platformName: XP, rotatable: false, setWindowRect: true, takesHeapSnapshot: true, takesScreenshot: true, unexpectedAlertBehaviour: , unhandledPromptBehavior: , version: 68.0.3440.106, webStorageEnabled: true}
Session ID: 0df9beb816792b35baed4996183afd97
	at sun.reflect.NativeConstructorAccessorImpl.newInstance0(Native Method)
	at sun.reflect.NativeConstructorAccessorImpl.newInstance(NativeConstructorAccessorImpl.java:62)
	at sun.reflect.DelegatingConstructorAccessorImpl.newInstance(DelegatingConstructorAccessorImpl.java:45)
	at java.lang.reflect.Constructor.newInstance(Constructor.java:423)
	at org.openqa.selenium.remote.ErrorHandler.createThrowable(ErrorHandler.java:214)
	at org.openqa.selenium.remote.ErrorHandler.throwIfResponseFailed(ErrorHandler.java:166)
	at org.openqa.selenium.remote.http.JsonHttpResponseCodec.reconstructValue(JsonHttpResponseCodec.java:40)
	at org.openqa.selenium.remote.http.AbstractHttpResponseCodec.decode(AbstractHttpResponseCodec.java:80)
	at org.openqa.selenium.remote.http.AbstractHttpResponseCodec.decode(AbstractHttpResponseCodec.java:44)
	at org.openqa.selenium.remote.HttpCommandExecutor.execute(HttpCommandExecutor.java:158)
	at org.openqa.selenium.remote.service.DriverCommandExecutor.execute(DriverCommandExecutor.java:83)
	at org.openqa.selenium.remote.RemoteWebDriver.execute(RemoteWebDriver.java:545)
	at org.openqa.selenium.remote.RemoteWebElement.execute(RemoteWebElement.java:279)
	at org.openqa.selenium.remote.RemoteWebElement.click(RemoteWebElement.java:83)
	at org.drc.vat.appmanager.HelperBase.clickOn(HelperBase.java:78)
	at org.drc.vat.StepDefinitions.TaxPayerDetailsList.user_Search_using_NIF(TaxPayerDetailsList.java:153)
	at ?.Then User Search using NIF"<NIF>"(features/TaxPayerDetailsList.feature:125)
</textarea></div>
					</li>
					<li test-id='93' class='node then skip' status='skip'><b>Then</b>
						<span class="bdd-step-name">Then Taxpayer Detail list shows NITVA""NIF""Taxpayer""Address""BusinessType""TaxOffice""</span>
						<ul class='screenshots right'>
							<li><a data-featherlight="image" href="F:\PROJECT-1\DRC\Automation\drc_vat\DRC_VAT\test-output\Tue Aug 28\screenshots\Validate that profile is getting listed in the Tax Payer List for according to tax Payer Category_194128.png"><i class='material-icons'>panorama</i></a></li>
						</ul>
							<div class='pre'>skipped</div>
					</li>
				</ul>
		</li>
		<li test-id='94' class='node scenario fail' status='fail'>
			<div class='category-list'>
				<span class='category label white-text'>@admin</span>
				<span class='category label white-text'>@tag</span>
				<span class='category label white-text'>@TaxPayerProfile</span>
				<span class='category label white-text'>@Mtc_admin_10_11_12_13</span>
			</div>
			
			<b>Scenario</b>
			
			<span class="bdd-step-name">Validate that profile is getting listed in the Tax Payer List for according to tax Payer Category</span>
			
				<ul class='steps'>
					<li test-id='95' class='node given pass' status='pass'><b>Given</b>
						<span class="bdd-step-name">Given "DRC_ATC_TaxPayerProfile_List_12""Validate that profile is getting listed in the Tax Payer List if the user has tax Payer Category Legal Entity and sub tax payer category as Incorporated Bodies"the Officer"Admin" has logged in internal portal"ketan.prajapati""<pwd"</span>
							<div class='pre'>passed</div>
					</li>
					<li test-id='96' class='node when pass' status='pass'><b>When</b>
						<span class="bdd-step-name">When Clicks on Tax Payer Profile Menu item</span>
							<div class='pre'>passed</div>
					</li>
					<li test-id='97' class='node then pass' status='pass'><b>Then</b>
						<span class="bdd-step-name">Then officer is on Tax Payer Profile List</span>
							<div class='pre'>passed</div>
					</li>
					<li test-id='98' class='node then fail' status='fail'><b>Then</b>
						<span class="bdd-step-name">Then User Search using NIF"<NIF>"</span>
							<div class='pre'><textarea>org.openqa.selenium.WebDriverException: unknown error: Element <span class="ng-value-label ng-star-inserted">...</span> is not clickable at point (1204, 179). Other element would receive the click: <input role="combobox" type="text" autocomplete="a6970dee5934" id="" readonly="" aria-expanded="true" aria-owns="a6970dee5934" aria-activedescendant="ae4926fbd13e">
  (Session info: chrome=68.0.3440.106)
  (Driver info: chromedriver=2.38.552522 (437e6fbedfa8762dec75e2c5b3ddb86763dc9dcb),platform=Windows NT 10.0.16299 x86_64) (WARNING: The server did not provide any stacktrace information)
Command duration or timeout: 0 milliseconds
Build info: version: '3.11.0', revision: 'e59cfb3', time: '2018-03-11T20:26:55.152Z'
System info: host: 'CS60-PC', ip: '172.31.192.1', os.name: 'Windows 10', os.arch: 'amd64', os.version: '10.0', java.version: '1.8.0_171'
Driver info: org.openqa.selenium.chrome.ChromeDriver
Capabilities {acceptInsecureCerts: false, acceptSslCerts: false, applicationCacheEnabled: false, browserConnectionEnabled: false, browserName: chrome, chrome: {chromedriverVersion: 2.38.552522 (437e6fbedfa876..., userDataDir: C:\Users\admin\AppData\Loca...}, cssSelectorsEnabled: true, databaseEnabled: false, handlesAlerts: true, hasTouchScreen: false, javascriptEnabled: true, locationContextEnabled: true, mobileEmulationEnabled: false, nativeEvents: true, networkConnectionEnabled: false, pageLoadStrategy: normal, platform: XP, platformName: XP, rotatable: false, setWindowRect: true, takesHeapSnapshot: true, takesScreenshot: true, unexpectedAlertBehaviour: , unhandledPromptBehavior: , version: 68.0.3440.106, webStorageEnabled: true}
Session ID: 0df9beb816792b35baed4996183afd97
	at sun.reflect.NativeConstructorAccessorImpl.newInstance0(Native Method)
	at sun.reflect.NativeConstructorAccessorImpl.newInstance(NativeConstructorAccessorImpl.java:62)
	at sun.reflect.DelegatingConstructorAccessorImpl.newInstance(DelegatingConstructorAccessorImpl.java:45)
	at java.lang.reflect.Constructor.newInstance(Constructor.java:423)
	at org.openqa.selenium.remote.ErrorHandler.createThrowable(ErrorHandler.java:214)
	at org.openqa.selenium.remote.ErrorHandler.throwIfResponseFailed(ErrorHandler.java:166)
	at org.openqa.selenium.remote.http.JsonHttpResponseCodec.reconstructValue(JsonHttpResponseCodec.java:40)
	at org.openqa.selenium.remote.http.AbstractHttpResponseCodec.decode(AbstractHttpResponseCodec.java:80)
	at org.openqa.selenium.remote.http.AbstractHttpResponseCodec.decode(AbstractHttpResponseCodec.java:44)
	at org.openqa.selenium.remote.HttpCommandExecutor.execute(HttpCommandExecutor.java:158)
	at org.openqa.selenium.remote.service.DriverCommandExecutor.execute(DriverCommandExecutor.java:83)
	at org.openqa.selenium.remote.RemoteWebDriver.execute(RemoteWebDriver.java:545)
	at org.openqa.selenium.remote.RemoteWebElement.execute(RemoteWebElement.java:279)
	at org.openqa.selenium.remote.RemoteWebElement.click(RemoteWebElement.java:83)
	at org.drc.vat.appmanager.HelperBase.clickOn(HelperBase.java:78)
	at org.drc.vat.StepDefinitions.TaxPayerDetailsList.user_Search_using_NIF(TaxPayerDetailsList.java:153)
	at ?.Then User Search using NIF"<NIF>"(features/TaxPayerDetailsList.feature:125)
</textarea></div>
					</li>
					<li test-id='99' class='node then skip' status='skip'><b>Then</b>
						<span class="bdd-step-name">Then Taxpayer Detail list shows NITVA""NIF""Taxpayer""Address""BusinessType""TaxOffice""</span>
						<ul class='screenshots right'>
							<li><a data-featherlight="image" href="F:\PROJECT-1\DRC\Automation\drc_vat\DRC_VAT\test-output\Tue Aug 28\screenshots\Validate that profile is getting listed in the Tax Payer List for according to tax Payer Category_194129.png"><i class='material-icons'>panorama</i></a></li>
						</ul>
							<div class='pre'>skipped</div>
					</li>
				</ul>
		</li>
		<li test-id='100' class='node scenario fail' status='fail'>
			<div class='category-list'>
				<span class='category label white-text'>@admin</span>
				<span class='category label white-text'>@tag</span>
				<span class='category label white-text'>@TaxPayerProfile</span>
				<span class='category label white-text'>@Mtc_admin_10_11_12_13</span>
			</div>
			
			<b>Scenario</b>
			
			<span class="bdd-step-name">Validate that profile is getting listed in the Tax Payer List for according to tax Payer Category</span>
			
				<ul class='steps'>
					<li test-id='101' class='node given pass' status='pass'><b>Given</b>
						<span class="bdd-step-name">Given "DRC_ATC_TaxPayerProfile_List_13""Validate that profile is getting listed in the Tax Payer List if the user has tax Payer Category Legal Entity and sub tax payer category as Other Non-Corporates"the Officer"Admin" has logged in internal portal"ketan.prajapati""<pwd"</span>
							<div class='pre'>passed</div>
					</li>
					<li test-id='102' class='node when pass' status='pass'><b>When</b>
						<span class="bdd-step-name">When Clicks on Tax Payer Profile Menu item</span>
							<div class='pre'>passed</div>
					</li>
					<li test-id='103' class='node then pass' status='pass'><b>Then</b>
						<span class="bdd-step-name">Then officer is on Tax Payer Profile List</span>
							<div class='pre'>passed</div>
					</li>
					<li test-id='104' class='node then fail' status='fail'><b>Then</b>
						<span class="bdd-step-name">Then User Search using NIF"<NIF>"</span>
							<div class='pre'><textarea>org.openqa.selenium.WebDriverException: unknown error: Element <span class="ng-value-label ng-star-inserted">...</span> is not clickable at point (1204, 179). Other element would receive the click: <input role="combobox" type="text" autocomplete="a6970dee5934" id="" readonly="" aria-expanded="true" aria-owns="a6970dee5934" aria-activedescendant="ae4926fbd13e">
  (Session info: chrome=68.0.3440.106)
  (Driver info: chromedriver=2.38.552522 (437e6fbedfa8762dec75e2c5b3ddb86763dc9dcb),platform=Windows NT 10.0.16299 x86_64) (WARNING: The server did not provide any stacktrace information)
Command duration or timeout: 0 milliseconds
Build info: version: '3.11.0', revision: 'e59cfb3', time: '2018-03-11T20:26:55.152Z'
System info: host: 'CS60-PC', ip: '172.31.192.1', os.name: 'Windows 10', os.arch: 'amd64', os.version: '10.0', java.version: '1.8.0_171'
Driver info: org.openqa.selenium.chrome.ChromeDriver
Capabilities {acceptInsecureCerts: false, acceptSslCerts: false, applicationCacheEnabled: false, browserConnectionEnabled: false, browserName: chrome, chrome: {chromedriverVersion: 2.38.552522 (437e6fbedfa876..., userDataDir: C:\Users\admin\AppData\Loca...}, cssSelectorsEnabled: true, databaseEnabled: false, handlesAlerts: true, hasTouchScreen: false, javascriptEnabled: true, locationContextEnabled: true, mobileEmulationEnabled: false, nativeEvents: true, networkConnectionEnabled: false, pageLoadStrategy: normal, platform: XP, platformName: XP, rotatable: false, setWindowRect: true, takesHeapSnapshot: true, takesScreenshot: true, unexpectedAlertBehaviour: , unhandledPromptBehavior: , version: 68.0.3440.106, webStorageEnabled: true}
Session ID: 0df9beb816792b35baed4996183afd97
	at sun.reflect.NativeConstructorAccessorImpl.newInstance0(Native Method)
	at sun.reflect.NativeConstructorAccessorImpl.newInstance(NativeConstructorAccessorImpl.java:62)
	at sun.reflect.DelegatingConstructorAccessorImpl.newInstance(DelegatingConstructorAccessorImpl.java:45)
	at java.lang.reflect.Constructor.newInstance(Constructor.java:423)
	at org.openqa.selenium.remote.ErrorHandler.createThrowable(ErrorHandler.java:214)
	at org.openqa.selenium.remote.ErrorHandler.throwIfResponseFailed(ErrorHandler.java:166)
	at org.openqa.selenium.remote.http.JsonHttpResponseCodec.reconstructValue(JsonHttpResponseCodec.java:40)
	at org.openqa.selenium.remote.http.AbstractHttpResponseCodec.decode(AbstractHttpResponseCodec.java:80)
	at org.openqa.selenium.remote.http.AbstractHttpResponseCodec.decode(AbstractHttpResponseCodec.java:44)
	at org.openqa.selenium.remote.HttpCommandExecutor.execute(HttpCommandExecutor.java:158)
	at org.openqa.selenium.remote.service.DriverCommandExecutor.execute(DriverCommandExecutor.java:83)
	at org.openqa.selenium.remote.RemoteWebDriver.execute(RemoteWebDriver.java:545)
	at org.openqa.selenium.remote.RemoteWebElement.execute(RemoteWebElement.java:279)
	at org.openqa.selenium.remote.RemoteWebElement.click(RemoteWebElement.java:83)
	at org.drc.vat.appmanager.HelperBase.clickOn(HelperBase.java:78)
	at org.drc.vat.StepDefinitions.TaxPayerDetailsList.user_Search_using_NIF(TaxPayerDetailsList.java:153)
	at ?.Then User Search using NIF"<NIF>"(features/TaxPayerDetailsList.feature:125)
</textarea></div>
					</li>
					<li test-id='105' class='node then skip' status='skip'><b>Then</b>
						<span class="bdd-step-name">Then Taxpayer Detail list shows NITVA""NIF""Taxpayer""Address""BusinessType""TaxOffice""</span>
						<ul class='screenshots right'>
							<li><a data-featherlight="image" href="F:\PROJECT-1\DRC\Automation\drc_vat\DRC_VAT\test-output\Tue Aug 28\screenshots\Validate that profile is getting listed in the Tax Payer List for according to tax Payer Category_194130.png"><i class='material-icons'>panorama</i></a></li>
						</ul>
							<div class='pre'>skipped</div>
					</li>
				</ul>
		</li>
	</ul>
</div>
					</div>
				</li>
			</ul>
		</div>
	</div>
	<!-- subview left -->

	<div class='subview-right left'>
		<div class='view-summary'>
			<h5 class='test-name'></h5>

			<div id='step-filters' class="right">
				<span class="blue-text" status="info" alt="info" title="info"><i class="material-icons">info_outline</i></span>
				<span class="green-text" status="pass" alt="pass" title="pass"><i class="material-icons">check_circle</i></span>
				<span class="red-text" status="fail" alt="fail" title="fail"><i class="material-icons">cancel</i></span>
				<span class="red-text text-darken-4" status="fatal" alt="fatal" title="fatal"><i class="material-icons">cancel</i></span>
				<span class="pink-text text-lighten-1" status="error" alt="error" title="error"><i class="material-icons">error</i></span>
				<span class="orange-text" alt="warning" status="warning" title="warning"><i class="material-icons">warning</i></span>
				<span class="teal-text" status="skip" alt="skip" title="skip"><i class="material-icons">redo</i></span>
				<span status="clear" alt="Clear filters" title="Clear filters"><i class="material-icons">clear</i></span>
			</div>
		</div>
	</div>
	<!-- subview right -->

</div>
<!-- test view -->
<div id='category-view' class='view hide'>

	<section id='controls'>
		<div class='controls grey lighten-4'>
			<!-- search -->
			<div class='chip transparent' alt='Search Tests' title='Search Tests'>
				<a href="#" class='search-div'>
					<i class='material-icons'>search</i> Search
				</a>
				
				<div class='input-field left hide'>
					<input id='search-tests' type='text' class='validate browser-default' placeholder='Search Tests...'>
				</div>
				
			</div>
			<!-- search -->
		</div>
	</section>

	<div class='subview-left left'>
		
		<div class='view-summary'>
			<h5>Categories</h3>
			<ul id='category-collection' class='category-collection'>
				
				<li class='category displayed active'>
					<div class='category-heading'>
						<span class='category-name'>@tag</span>
						<span class='category-status right'>
							<span class='label pass'>2</span>
							<span class='label fail'>12</span>
						</span>
					</div>
					<div class='category-content hide'>
						<div class='category-status-counts'>
							<span class='label green accent-4 white-text'>Passed: 2</span>
							<span class='label red lighten-1 white-text'>Failed: 12</span>
							
						</div>
					
						<div class='category-tests'>
							<table class='bordered table-results'>
								<thead>
									<tr>
										<th>Timestamp</th>
										<th>TestName</th>
										<th>Status</th>
									</tr>
								</thead>
								<tbody>
									<tr>
										<td>Aug 28, 2018 07:40:11 PM</td>
										<td class='linked' test-id='1'>Only authorized users are able to view the list of taxpayers.</td>
										<td><span class='test-status fail'>fail</span></td>
									</tr>
									<tr>
										<td>Aug 28, 2018 07:40:11 PM</td>
										<td class='linked' test-id='3'>Only authorized users are able to view the list of taxpayers..Validate the  Functionality of Taxpayer Profile Menu Item ..Validate the  Functionality of Taxpayer Profile Menu Item .</td>
										<td><span class='test-status fail'>fail</span></td>
									</tr>
									<tr>
										<td>Aug 28, 2018 07:40:15 PM</td>
										<td class='linked' test-id='9'>Only authorized users are able to view the list of taxpayers..Validate the filter by dropdown with respect to Filter option All, NITVA,NIF,,Tax Payer,Tax Office,Business Type.Validate the filter by dropdown with respect to Filter option All, NITVA,NIF,,Tax Payer,Tax Office,Business Type</td>
										<td><span class='test-status fail'>fail</span></td>
									</tr>
									<tr>
										<td>Aug 28, 2018 07:41:17 PM</td>
										<td class='linked' test-id='27'>Only authorized users are able to view the list of taxpayers..Validate the View Icon Functionality..Validate the View Icon Functionality.</td>
										<td><span class='test-status pass'>pass</span></td>
									</tr>
									<tr>
										<td>Aug 28, 2018 07:41:19 PM</td>
										<td class='linked' test-id='36'>Only authorized users are able to view the list of taxpayers..Validate the Pagination Button Functionality of First , Last,Next, Previous ,Page Number Search Button..Validate the Pagination Button Functionality of First , Last,Next, Previous ,Page Number Search Button.</td>
										<td><span class='test-status pass'>pass</span></td>
									</tr>
									<tr>
										<td>Aug 28, 2018 07:41:21 PM</td>
										<td class='linked' test-id='44'>Only authorized users are able to view the list of taxpayers..Validate the Pagination Button Functionality of First , Last,Next, Previous ,Page Number Search Button..Validate the Pagination Button Functionality of First , Last,Next, Previous ,Page Number Search Button.</td>
										<td><span class='test-status fail'>fail</span></td>
									</tr>
									<tr>
										<td>Aug 28, 2018 07:41:22 PM</td>
										<td class='linked' test-id='53'>Only authorized users are able to view the list of taxpayers..Validate the NITVA, NIF, Tax Payer, Address, Business Type , Tax Office of the Tax payer is correctly displayed  after VAT registration is approved successfully of the User..Validate the NITVA, NIF, Tax Payer, Address, Business Type , Tax Office of the Tax payer is correctly displayed  after VAT registration is approved successfully of the User.</td>
										<td><span class='test-status fail'>fail</span></td>
									</tr>
									<tr>
										<td>Aug 28, 2018 07:41:24 PM</td>
										<td class='linked' test-id='61'>Only authorized users are able to view the list of taxpayers..Validate that profile is not getting listed in the Tax Payer List if the user submitted the form but the status is Review In Progress.Validate that profile is not getting listed in the Tax Payer List if the user submitted the form but the status is Review In Progress</td>
										<td><span class='test-status fail'>fail</span></td>
									</tr>
									<tr>
										<td>Aug 28, 2018 07:41:25 PM</td>
										<td class='linked' test-id='69'>Only authorized users are able to view the list of taxpayers..Validate that profile is not getting listed in the Tax Payer List.Validate that profile is not getting listed in the Tax Payer List</td>
										<td><span class='test-status fail'>fail</span></td>
									</tr>
									<tr>
										<td>Aug 28, 2018 07:41:26 PM</td>
										<td class='linked' test-id='75'>Only authorized users are able to view the list of taxpayers..Validate that profile is not getting listed in the Tax Payer List.Validate that profile is not getting listed in the Tax Payer List</td>
										<td><span class='test-status fail'>fail</span></td>
									</tr>
									<tr>
										<td>Aug 28, 2018 07:41:27 PM</td>
										<td class='linked' test-id='82'>Only authorized users are able to view the list of taxpayers..Validate that profile is getting listed in the Tax Payer List for according to tax Payer Category.Validate that profile is getting listed in the Tax Payer List for according to tax Payer Category</td>
										<td><span class='test-status fail'>fail</span></td>
									</tr>
									<tr>
										<td>Aug 28, 2018 07:41:28 PM</td>
										<td class='linked' test-id='88'>Only authorized users are able to view the list of taxpayers..Validate that profile is getting listed in the Tax Payer List for according to tax Payer Category.Validate that profile is getting listed in the Tax Payer List for according to tax Payer Category</td>
										<td><span class='test-status fail'>fail</span></td>
									</tr>
									<tr>
										<td>Aug 28, 2018 07:41:29 PM</td>
										<td class='linked' test-id='94'>Only authorized users are able to view the list of taxpayers..Validate that profile is getting listed in the Tax Payer List for according to tax Payer Category.Validate that profile is getting listed in the Tax Payer List for according to tax Payer Category</td>
										<td><span class='test-status fail'>fail</span></td>
									</tr>
									<tr>
										<td>Aug 28, 2018 07:41:30 PM</td>
										<td class='linked' test-id='100'>Only authorized users are able to view the list of taxpayers..Validate that profile is getting listed in the Tax Payer List for according to tax Payer Category.Validate that profile is getting listed in the Tax Payer List for according to tax Payer Category</td>
										<td><span class='test-status fail'>fail</span></td>
									</tr>
								</tbody>
							</table>
						</div>
					</div>
				</li>
				<li class='category displayed active'>
					<div class='category-heading'>
						<span class='category-name'>@TaxPayerProfile</span>
						<span class='category-status right'>
							<span class='label pass'>2</span>
							<span class='label fail'>12</span>
						</span>
					</div>
					<div class='category-content hide'>
						<div class='category-status-counts'>
							<span class='label green accent-4 white-text'>Passed: 2</span>
							<span class='label red lighten-1 white-text'>Failed: 12</span>
							
						</div>
					
						<div class='category-tests'>
							<table class='bordered table-results'>
								<thead>
									<tr>
										<th>Timestamp</th>
										<th>TestName</th>
										<th>Status</th>
									</tr>
								</thead>
								<tbody>
									<tr>
										<td>Aug 28, 2018 07:40:11 PM</td>
										<td class='linked' test-id='1'>Only authorized users are able to view the list of taxpayers.</td>
										<td><span class='test-status fail'>fail</span></td>
									</tr>
									<tr>
										<td>Aug 28, 2018 07:40:11 PM</td>
										<td class='linked' test-id='3'>Only authorized users are able to view the list of taxpayers..Validate the  Functionality of Taxpayer Profile Menu Item ..Validate the  Functionality of Taxpayer Profile Menu Item .</td>
										<td><span class='test-status fail'>fail</span></td>
									</tr>
									<tr>
										<td>Aug 28, 2018 07:40:15 PM</td>
										<td class='linked' test-id='9'>Only authorized users are able to view the list of taxpayers..Validate the filter by dropdown with respect to Filter option All, NITVA,NIF,,Tax Payer,Tax Office,Business Type.Validate the filter by dropdown with respect to Filter option All, NITVA,NIF,,Tax Payer,Tax Office,Business Type</td>
										<td><span class='test-status fail'>fail</span></td>
									</tr>
									<tr>
										<td>Aug 28, 2018 07:41:17 PM</td>
										<td class='linked' test-id='27'>Only authorized users are able to view the list of taxpayers..Validate the View Icon Functionality..Validate the View Icon Functionality.</td>
										<td><span class='test-status pass'>pass</span></td>
									</tr>
									<tr>
										<td>Aug 28, 2018 07:41:19 PM</td>
										<td class='linked' test-id='36'>Only authorized users are able to view the list of taxpayers..Validate the Pagination Button Functionality of First , Last,Next, Previous ,Page Number Search Button..Validate the Pagination Button Functionality of First , Last,Next, Previous ,Page Number Search Button.</td>
										<td><span class='test-status pass'>pass</span></td>
									</tr>
									<tr>
										<td>Aug 28, 2018 07:41:21 PM</td>
										<td class='linked' test-id='44'>Only authorized users are able to view the list of taxpayers..Validate the Pagination Button Functionality of First , Last,Next, Previous ,Page Number Search Button..Validate the Pagination Button Functionality of First , Last,Next, Previous ,Page Number Search Button.</td>
										<td><span class='test-status fail'>fail</span></td>
									</tr>
									<tr>
										<td>Aug 28, 2018 07:41:22 PM</td>
										<td class='linked' test-id='53'>Only authorized users are able to view the list of taxpayers..Validate the NITVA, NIF, Tax Payer, Address, Business Type , Tax Office of the Tax payer is correctly displayed  after VAT registration is approved successfully of the User..Validate the NITVA, NIF, Tax Payer, Address, Business Type , Tax Office of the Tax payer is correctly displayed  after VAT registration is approved successfully of the User.</td>
										<td><span class='test-status fail'>fail</span></td>
									</tr>
									<tr>
										<td>Aug 28, 2018 07:41:24 PM</td>
										<td class='linked' test-id='61'>Only authorized users are able to view the list of taxpayers..Validate that profile is not getting listed in the Tax Payer List if the user submitted the form but the status is Review In Progress.Validate that profile is not getting listed in the Tax Payer List if the user submitted the form but the status is Review In Progress</td>
										<td><span class='test-status fail'>fail</span></td>
									</tr>
									<tr>
										<td>Aug 28, 2018 07:41:25 PM</td>
										<td class='linked' test-id='69'>Only authorized users are able to view the list of taxpayers..Validate that profile is not getting listed in the Tax Payer List.Validate that profile is not getting listed in the Tax Payer List</td>
										<td><span class='test-status fail'>fail</span></td>
									</tr>
									<tr>
										<td>Aug 28, 2018 07:41:26 PM</td>
										<td class='linked' test-id='75'>Only authorized users are able to view the list of taxpayers..Validate that profile is not getting listed in the Tax Payer List.Validate that profile is not getting listed in the Tax Payer List</td>
										<td><span class='test-status fail'>fail</span></td>
									</tr>
									<tr>
										<td>Aug 28, 2018 07:41:27 PM</td>
										<td class='linked' test-id='82'>Only authorized users are able to view the list of taxpayers..Validate that profile is getting listed in the Tax Payer List for according to tax Payer Category.Validate that profile is getting listed in the Tax Payer List for according to tax Payer Category</td>
										<td><span class='test-status fail'>fail</span></td>
									</tr>
									<tr>
										<td>Aug 28, 2018 07:41:28 PM</td>
										<td class='linked' test-id='88'>Only authorized users are able to view the list of taxpayers..Validate that profile is getting listed in the Tax Payer List for according to tax Payer Category.Validate that profile is getting listed in the Tax Payer List for according to tax Payer Category</td>
										<td><span class='test-status fail'>fail</span></td>
									</tr>
									<tr>
										<td>Aug 28, 2018 07:41:29 PM</td>
										<td class='linked' test-id='94'>Only authorized users are able to view the list of taxpayers..Validate that profile is getting listed in the Tax Payer List for according to tax Payer Category.Validate that profile is getting listed in the Tax Payer List for according to tax Payer Category</td>
										<td><span class='test-status fail'>fail</span></td>
									</tr>
									<tr>
										<td>Aug 28, 2018 07:41:30 PM</td>
										<td class='linked' test-id='100'>Only authorized users are able to view the list of taxpayers..Validate that profile is getting listed in the Tax Payer List for according to tax Payer Category.Validate that profile is getting listed in the Tax Payer List for according to tax Payer Category</td>
										<td><span class='test-status fail'>fail</span></td>
									</tr>
								</tbody>
							</table>
						</div>
					</div>
				</li>
				<li class='category displayed active'>
					<div class='category-heading'>
						<span class='category-name'>@admin</span>
						<span class='category-status right'>
							<span class='label pass'>1</span>
							<span class='label fail'>11</span>
						</span>
					</div>
					<div class='category-content hide'>
						<div class='category-status-counts'>
							<span class='label green accent-4 white-text'>Passed: 1</span>
							<span class='label red lighten-1 white-text'>Failed: 11</span>
							
						</div>
					
						<div class='category-tests'>
							<table class='bordered table-results'>
								<thead>
									<tr>
										<th>Timestamp</th>
										<th>TestName</th>
										<th>Status</th>
									</tr>
								</thead>
								<tbody>
									<tr>
										<td>Aug 28, 2018 07:40:11 PM</td>
										<td class='linked' test-id='3'>Only authorized users are able to view the list of taxpayers..Validate the  Functionality of Taxpayer Profile Menu Item ..Validate the  Functionality of Taxpayer Profile Menu Item .</td>
										<td><span class='test-status fail'>fail</span></td>
									</tr>
									<tr>
										<td>Aug 28, 2018 07:40:15 PM</td>
										<td class='linked' test-id='9'>Only authorized users are able to view the list of taxpayers..Validate the filter by dropdown with respect to Filter option All, NITVA,NIF,,Tax Payer,Tax Office,Business Type.Validate the filter by dropdown with respect to Filter option All, NITVA,NIF,,Tax Payer,Tax Office,Business Type</td>
										<td><span class='test-status fail'>fail</span></td>
									</tr>
									<tr>
										<td>Aug 28, 2018 07:41:17 PM</td>
										<td class='linked' test-id='27'>Only authorized users are able to view the list of taxpayers..Validate the View Icon Functionality..Validate the View Icon Functionality.</td>
										<td><span class='test-status pass'>pass</span></td>
									</tr>
									<tr>
										<td>Aug 28, 2018 07:41:21 PM</td>
										<td class='linked' test-id='44'>Only authorized users are able to view the list of taxpayers..Validate the Pagination Button Functionality of First , Last,Next, Previous ,Page Number Search Button..Validate the Pagination Button Functionality of First , Last,Next, Previous ,Page Number Search Button.</td>
										<td><span class='test-status fail'>fail</span></td>
									</tr>
									<tr>
										<td>Aug 28, 2018 07:41:22 PM</td>
										<td class='linked' test-id='53'>Only authorized users are able to view the list of taxpayers..Validate the NITVA, NIF, Tax Payer, Address, Business Type , Tax Office of the Tax payer is correctly displayed  after VAT registration is approved successfully of the User..Validate the NITVA, NIF, Tax Payer, Address, Business Type , Tax Office of the Tax payer is correctly displayed  after VAT registration is approved successfully of the User.</td>
										<td><span class='test-status fail'>fail</span></td>
									</tr>
									<tr>
										<td>Aug 28, 2018 07:41:24 PM</td>
										<td class='linked' test-id='61'>Only authorized users are able to view the list of taxpayers..Validate that profile is not getting listed in the Tax Payer List if the user submitted the form but the status is Review In Progress.Validate that profile is not getting listed in the Tax Payer List if the user submitted the form but the status is Review In Progress</td>
										<td><span class='test-status fail'>fail</span></td>
									</tr>
									<tr>
										<td>Aug 28, 2018 07:41:25 PM</td>
										<td class='linked' test-id='69'>Only authorized users are able to view the list of taxpayers..Validate that profile is not getting listed in the Tax Payer List.Validate that profile is not getting listed in the Tax Payer List</td>
										<td><span class='test-status fail'>fail</span></td>
									</tr>
									<tr>
										<td>Aug 28, 2018 07:41:26 PM</td>
										<td class='linked' test-id='75'>Only authorized users are able to view the list of taxpayers..Validate that profile is not getting listed in the Tax Payer List.Validate that profile is not getting listed in the Tax Payer List</td>
										<td><span class='test-status fail'>fail</span></td>
									</tr>
									<tr>
										<td>Aug 28, 2018 07:41:27 PM</td>
										<td class='linked' test-id='82'>Only authorized users are able to view the list of taxpayers..Validate that profile is getting listed in the Tax Payer List for according to tax Payer Category.Validate that profile is getting listed in the Tax Payer List for according to tax Payer Category</td>
										<td><span class='test-status fail'>fail</span></td>
									</tr>
									<tr>
										<td>Aug 28, 2018 07:41:28 PM</td>
										<td class='linked' test-id='88'>Only authorized users are able to view the list of taxpayers..Validate that profile is getting listed in the Tax Payer List for according to tax Payer Category.Validate that profile is getting listed in the Tax Payer List for according to tax Payer Category</td>
										<td><span class='test-status fail'>fail</span></td>
									</tr>
									<tr>
										<td>Aug 28, 2018 07:41:29 PM</td>
										<td class='linked' test-id='94'>Only authorized users are able to view the list of taxpayers..Validate that profile is getting listed in the Tax Payer List for according to tax Payer Category.Validate that profile is getting listed in the Tax Payer List for according to tax Payer Category</td>
										<td><span class='test-status fail'>fail</span></td>
									</tr>
									<tr>
										<td>Aug 28, 2018 07:41:30 PM</td>
										<td class='linked' test-id='100'>Only authorized users are able to view the list of taxpayers..Validate that profile is getting listed in the Tax Payer List for according to tax Payer Category.Validate that profile is getting listed in the Tax Payer List for according to tax Payer Category</td>
										<td><span class='test-status fail'>fail</span></td>
									</tr>
								</tbody>
							</table>
						</div>
					</div>
				</li>
				<li class='category displayed active'>
					<div class='category-heading'>
						<span class='category-name'>@Mtc_admin_02</span>
						<span class='category-status right'>
							<span class='label fail'>1</span>
						</span>
					</div>
					<div class='category-content hide'>
						<div class='category-status-counts'>
							
							<span class='label red lighten-1 white-text'>Failed: 1</span>
							
						</div>
					
						<div class='category-tests'>
							<table class='bordered table-results'>
								<thead>
									<tr>
										<th>Timestamp</th>
										<th>TestName</th>
										<th>Status</th>
									</tr>
								</thead>
								<tbody>
									<tr>
										<td>Aug 28, 2018 07:40:11 PM</td>
										<td class='linked' test-id='3'>Only authorized users are able to view the list of taxpayers..Validate the  Functionality of Taxpayer Profile Menu Item ..Validate the  Functionality of Taxpayer Profile Menu Item .</td>
										<td><span class='test-status fail'>fail</span></td>
									</tr>
								</tbody>
							</table>
						</div>
					</div>
				</li>
				<li class='category displayed active'>
					<div class='category-heading'>
						<span class='category-name'>@incompleted</span>
						<span class='category-status right'>
							<span class='label fail'>1</span>
						</span>
					</div>
					<div class='category-content hide'>
						<div class='category-status-counts'>
							
							<span class='label red lighten-1 white-text'>Failed: 1</span>
							
						</div>
					
						<div class='category-tests'>
							<table class='bordered table-results'>
								<thead>
									<tr>
										<th>Timestamp</th>
										<th>TestName</th>
										<th>Status</th>
									</tr>
								</thead>
								<tbody>
									<tr>
										<td>Aug 28, 2018 07:40:15 PM</td>
										<td class='linked' test-id='9'>Only authorized users are able to view the list of taxpayers..Validate the filter by dropdown with respect to Filter option All, NITVA,NIF,,Tax Payer,Tax Office,Business Type.Validate the filter by dropdown with respect to Filter option All, NITVA,NIF,,Tax Payer,Tax Office,Business Type</td>
										<td><span class='test-status fail'>fail</span></td>
									</tr>
								</tbody>
							</table>
						</div>
					</div>
				</li>
				<li class='category displayed active'>
					<div class='category-heading'>
						<span class='category-name'>@Mtc_admin_03</span>
						<span class='category-status right'>
							<span class='label fail'>1</span>
						</span>
					</div>
					<div class='category-content hide'>
						<div class='category-status-counts'>
							
							<span class='label red lighten-1 white-text'>Failed: 1</span>
							
						</div>
					
						<div class='category-tests'>
							<table class='bordered table-results'>
								<thead>
									<tr>
										<th>Timestamp</th>
										<th>TestName</th>
										<th>Status</th>
									</tr>
								</thead>
								<tbody>
									<tr>
										<td>Aug 28, 2018 07:40:15 PM</td>
										<td class='linked' test-id='9'>Only authorized users are able to view the list of taxpayers..Validate the filter by dropdown with respect to Filter option All, NITVA,NIF,,Tax Payer,Tax Office,Business Type.Validate the filter by dropdown with respect to Filter option All, NITVA,NIF,,Tax Payer,Tax Office,Business Type</td>
										<td><span class='test-status fail'>fail</span></td>
									</tr>
								</tbody>
							</table>
						</div>
					</div>
				</li>
				<li class='category displayed active'>
					<div class='category-heading'>
						<span class='category-name'>@Filter</span>
						<span class='category-status right'>
							<span class='label pass'>1</span>
						</span>
					</div>
					<div class='category-content hide'>
						<div class='category-status-counts'>
							<span class='label green accent-4 white-text'>Passed: 1</span>
							
							
						</div>
					
						<div class='category-tests'>
							<table class='bordered table-results'>
								<thead>
									<tr>
										<th>Timestamp</th>
										<th>TestName</th>
										<th>Status</th>
									</tr>
								</thead>
								<tbody>
									<tr>
										<td>Aug 28, 2018 07:41:17 PM</td>
										<td class='linked' test-id='27'>Only authorized users are able to view the list of taxpayers..Validate the View Icon Functionality..Validate the View Icon Functionality.</td>
										<td><span class='test-status pass'>pass</span></td>
									</tr>
								</tbody>
							</table>
						</div>
					</div>
				</li>
				<li class='category displayed active'>
					<div class='category-heading'>
						<span class='category-name'>@Mtc_admin_04</span>
						<span class='category-status right'>
							<span class='label pass'>1</span>
						</span>
					</div>
					<div class='category-content hide'>
						<div class='category-status-counts'>
							<span class='label green accent-4 white-text'>Passed: 1</span>
							
							
						</div>
					
						<div class='category-tests'>
							<table class='bordered table-results'>
								<thead>
									<tr>
										<th>Timestamp</th>
										<th>TestName</th>
										<th>Status</th>
									</tr>
								</thead>
								<tbody>
									<tr>
										<td>Aug 28, 2018 07:41:17 PM</td>
										<td class='linked' test-id='27'>Only authorized users are able to view the list of taxpayers..Validate the View Icon Functionality..Validate the View Icon Functionality.</td>
										<td><span class='test-status pass'>pass</span></td>
									</tr>
								</tbody>
							</table>
						</div>
					</div>
				</li>
				<li class='category displayed active'>
					<div class='category-heading'>
						<span class='category-name'>@Mtc_admin_05</span>
						<span class='category-status right'>
							<span class='label pass'>1</span>
							<span class='label fail'>1</span>
						</span>
					</div>
					<div class='category-content hide'>
						<div class='category-status-counts'>
							<span class='label green accent-4 white-text'>Passed: 1</span>
							<span class='label red lighten-1 white-text'>Failed: 1</span>
							
						</div>
					
						<div class='category-tests'>
							<table class='bordered table-results'>
								<thead>
									<tr>
										<th>Timestamp</th>
										<th>TestName</th>
										<th>Status</th>
									</tr>
								</thead>
								<tbody>
									<tr>
										<td>Aug 28, 2018 07:41:19 PM</td>
										<td class='linked' test-id='36'>Only authorized users are able to view the list of taxpayers..Validate the Pagination Button Functionality of First , Last,Next, Previous ,Page Number Search Button..Validate the Pagination Button Functionality of First , Last,Next, Previous ,Page Number Search Button.</td>
										<td><span class='test-status pass'>pass</span></td>
									</tr>
									<tr>
										<td>Aug 28, 2018 07:41:21 PM</td>
										<td class='linked' test-id='44'>Only authorized users are able to view the list of taxpayers..Validate the Pagination Button Functionality of First , Last,Next, Previous ,Page Number Search Button..Validate the Pagination Button Functionality of First , Last,Next, Previous ,Page Number Search Button.</td>
										<td><span class='test-status fail'>fail</span></td>
									</tr>
								</tbody>
							</table>
						</div>
					</div>
				</li>
				<li class='category displayed active'>
					<div class='category-heading'>
						<span class='category-name'>@navigation</span>
						<span class='category-status right'>
							<span class='label pass'>1</span>
							<span class='label fail'>1</span>
						</span>
					</div>
					<div class='category-content hide'>
						<div class='category-status-counts'>
							<span class='label green accent-4 white-text'>Passed: 1</span>
							<span class='label red lighten-1 white-text'>Failed: 1</span>
							
						</div>
					
						<div class='category-tests'>
							<table class='bordered table-results'>
								<thead>
									<tr>
										<th>Timestamp</th>
										<th>TestName</th>
										<th>Status</th>
									</tr>
								</thead>
								<tbody>
									<tr>
										<td>Aug 28, 2018 07:41:19 PM</td>
										<td class='linked' test-id='36'>Only authorized users are able to view the list of taxpayers..Validate the Pagination Button Functionality of First , Last,Next, Previous ,Page Number Search Button..Validate the Pagination Button Functionality of First , Last,Next, Previous ,Page Number Search Button.</td>
										<td><span class='test-status pass'>pass</span></td>
									</tr>
									<tr>
										<td>Aug 28, 2018 07:41:21 PM</td>
										<td class='linked' test-id='44'>Only authorized users are able to view the list of taxpayers..Validate the Pagination Button Functionality of First , Last,Next, Previous ,Page Number Search Button..Validate the Pagination Button Functionality of First , Last,Next, Previous ,Page Number Search Button.</td>
										<td><span class='test-status fail'>fail</span></td>
									</tr>
								</tbody>
							</table>
						</div>
					</div>
				</li>
				<li class='category displayed active'>
					<div class='category-heading'>
						<span class='category-name'>@Mtc_admin_06</span>
						<span class='category-status right'>
							<span class='label fail'>1</span>
						</span>
					</div>
					<div class='category-content hide'>
						<div class='category-status-counts'>
							
							<span class='label red lighten-1 white-text'>Failed: 1</span>
							
						</div>
					
						<div class='category-tests'>
							<table class='bordered table-results'>
								<thead>
									<tr>
										<th>Timestamp</th>
										<th>TestName</th>
										<th>Status</th>
									</tr>
								</thead>
								<tbody>
									<tr>
										<td>Aug 28, 2018 07:41:22 PM</td>
										<td class='linked' test-id='53'>Only authorized users are able to view the list of taxpayers..Validate the NITVA, NIF, Tax Payer, Address, Business Type , Tax Office of the Tax payer is correctly displayed  after VAT registration is approved successfully of the User..Validate the NITVA, NIF, Tax Payer, Address, Business Type , Tax Office of the Tax payer is correctly displayed  after VAT registration is approved successfully of the User.</td>
										<td><span class='test-status fail'>fail</span></td>
									</tr>
								</tbody>
							</table>
						</div>
					</div>
				</li>
				<li class='category displayed active'>
					<div class='category-heading'>
						<span class='category-name'>@Mtc_admin_07</span>
						<span class='category-status right'>
							<span class='label fail'>1</span>
						</span>
					</div>
					<div class='category-content hide'>
						<div class='category-status-counts'>
							
							<span class='label red lighten-1 white-text'>Failed: 1</span>
							
						</div>
					
						<div class='category-tests'>
							<table class='bordered table-results'>
								<thead>
									<tr>
										<th>Timestamp</th>
										<th>TestName</th>
										<th>Status</th>
									</tr>
								</thead>
								<tbody>
									<tr>
										<td>Aug 28, 2018 07:41:24 PM</td>
										<td class='linked' test-id='61'>Only authorized users are able to view the list of taxpayers..Validate that profile is not getting listed in the Tax Payer List if the user submitted the form but the status is Review In Progress.Validate that profile is not getting listed in the Tax Payer List if the user submitted the form but the status is Review In Progress</td>
										<td><span class='test-status fail'>fail</span></td>
									</tr>
								</tbody>
							</table>
						</div>
					</div>
				</li>
				<li class='category displayed active'>
					<div class='category-heading'>
						<span class='category-name'>@Mtc_admin_08_09</span>
						<span class='category-status right'>
							<span class='label fail'>2</span>
						</span>
					</div>
					<div class='category-content hide'>
						<div class='category-status-counts'>
							
							<span class='label red lighten-1 white-text'>Failed: 2</span>
							
						</div>
					
						<div class='category-tests'>
							<table class='bordered table-results'>
								<thead>
									<tr>
										<th>Timestamp</th>
										<th>TestName</th>
										<th>Status</th>
									</tr>
								</thead>
								<tbody>
									<tr>
										<td>Aug 28, 2018 07:41:25 PM</td>
										<td class='linked' test-id='69'>Only authorized users are able to view the list of taxpayers..Validate that profile is not getting listed in the Tax Payer List.Validate that profile is not getting listed in the Tax Payer List</td>
										<td><span class='test-status fail'>fail</span></td>
									</tr>
									<tr>
										<td>Aug 28, 2018 07:41:26 PM</td>
										<td class='linked' test-id='75'>Only authorized users are able to view the list of taxpayers..Validate that profile is not getting listed in the Tax Payer List.Validate that profile is not getting listed in the Tax Payer List</td>
										<td><span class='test-status fail'>fail</span></td>
									</tr>
								</tbody>
							</table>
						</div>
					</div>
				</li>
				<li class='category displayed active'>
					<div class='category-heading'>
						<span class='category-name'>@Mtc_admin_10_11_12_13</span>
						<span class='category-status right'>
							<span class='label fail'>4</span>
						</span>
					</div>
					<div class='category-content hide'>
						<div class='category-status-counts'>
							
							<span class='label red lighten-1 white-text'>Failed: 4</span>
							
						</div>
					
						<div class='category-tests'>
							<table class='bordered table-results'>
								<thead>
									<tr>
										<th>Timestamp</th>
										<th>TestName</th>
										<th>Status</th>
									</tr>
								</thead>
								<tbody>
									<tr>
										<td>Aug 28, 2018 07:41:27 PM</td>
										<td class='linked' test-id='82'>Only authorized users are able to view the list of taxpayers..Validate that profile is getting listed in the Tax Payer List for according to tax Payer Category.Validate that profile is getting listed in the Tax Payer List for according to tax Payer Category</td>
										<td><span class='test-status fail'>fail</span></td>
									</tr>
									<tr>
										<td>Aug 28, 2018 07:41:28 PM</td>
										<td class='linked' test-id='88'>Only authorized users are able to view the list of taxpayers..Validate that profile is getting listed in the Tax Payer List for according to tax Payer Category.Validate that profile is getting listed in the Tax Payer List for according to tax Payer Category</td>
										<td><span class='test-status fail'>fail</span></td>
									</tr>
									<tr>
										<td>Aug 28, 2018 07:41:29 PM</td>
										<td class='linked' test-id='94'>Only authorized users are able to view the list of taxpayers..Validate that profile is getting listed in the Tax Payer List for according to tax Payer Category.Validate that profile is getting listed in the Tax Payer List for according to tax Payer Category</td>
										<td><span class='test-status fail'>fail</span></td>
									</tr>
									<tr>
										<td>Aug 28, 2018 07:41:30 PM</td>
										<td class='linked' test-id='100'>Only authorized users are able to view the list of taxpayers..Validate that profile is getting listed in the Tax Payer List for according to tax Payer Category.Validate that profile is getting listed in the Tax Payer List for according to tax Payer Category</td>
										<td><span class='test-status fail'>fail</span></td>
									</tr>
								</tbody>
							</table>
						</div>
					</div>
				</li>

			</ul>
		</div>
	</div>

	<div class='subview-right left'>
		<div class='view-summary'>
			<h5 class='category-name'></h5>
		</div>
	</div>
</div>
<!-- category view -->
<div id='exception-view' class='view hide'>

    <section id='controls'>
        <div class='controls grey lighten-4'>
            <!-- search -->
            <div class='chip transparent' alt='Search Tests' title='Search Tests'>
                <a href="#" class='search-div'>
                    <i class='material-icons'>search</i> Search
                </a>

                <div class='input-field left hide'>
                    <input id='search-tests' type='text' class='validate browser-default' placeholder='Search Tests...'>
                </div>

            </div>
            <!-- search -->
        </div>
    </section>

    <div class='subview-left left'>

        <div class='view-summary'>
            <h5>Exceptions</h3>
                <ul id='exception-collection' class='exception-collection'>

                        <li class='exception displayed active'>
                            <div class='exception-heading'>
                                <span class='exception-name'>org.openqa.selenium.NoSuchElementException</span>
                                <span class='exception-count right'><span class='label red lighten-1 white-text'>2</span></span>
                            </div>
                            <div class='exception-content hide'>
                                <div class='exception-tests'>
                                    <table class='bordered table-results'>
                                        <thead>
                                        <tr>
                                            <th>Timestamp</th>
                                            <th>TestName</th>
                                            <th>Status</th>
                                        </tr>
                                        </thead>
                                        <tbody>
                                                    <tr>
                                                        <td>Aug 28, 2018 07:40:14 PM</td>
                                                        <td class='linked' test-id='7'>Only authorized users are able to view the list of taxpayers..Validate the  Functionality of Taxpayer Profile Menu Item ..Validate the  Functionality of Taxpayer Profile Menu Item ..Then Tax Payer Profile Page should get displayed along with  the List of all Registered Tax Payer</td>
                                                        <td><pre><pre>org.openqa.selenium.NoSuchElementException: no such element: Unable to locate element: {"method":"xpath","selector":"//button//span[contains(text(),1)]"}
  (Session info: chrome=68.0.3440.106)
  (Driver info: chromedriver=2.38.552522 (437e6fbedfa8762dec75e2c5b3ddb86763dc9dcb),platform=Windows NT 10.0.16299 x86_64) (WARNING: The server did not provide any stacktrace information)
Command duration or timeout: 0 milliseconds
For documentation on this error, please visit: http://seleniumhq.org/exceptions/no_such_element.html
Build info: version: '3.11.0', revision: 'e59cfb3', time: '2018-03-11T20:26:55.152Z'
System info: host: 'CS60-PC', ip: '172.31.192.1', os.name: 'Windows 10', os.arch: 'amd64', os.version: '10.0', java.version: '1.8.0_171'
Driver info: org.openqa.selenium.chrome.ChromeDriver
Capabilities {acceptInsecureCerts: false, acceptSslCerts: false, applicationCacheEnabled: false, browserConnectionEnabled: false, browserName: chrome, chrome: {chromedriverVersion: 2.38.552522 (437e6fbedfa876..., userDataDir: C:\Users\admin\AppData\Loca...}, cssSelectorsEnabled: true, databaseEnabled: false, handlesAlerts: true, hasTouchScreen: false, javascriptEnabled: true, locationContextEnabled: true, mobileEmulationEnabled: false, nativeEvents: true, networkConnectionEnabled: false, pageLoadStrategy: normal, platform: XP, platformName: XP, rotatable: false, setWindowRect: true, takesHeapSnapshot: true, takesScreenshot: true, unexpectedAlertBehaviour: , unhandledPromptBehavior: , version: 68.0.3440.106, webStorageEnabled: true}
Session ID: 0df9beb816792b35baed4996183afd97
*** Element info: {Using=xpath, value=//button//span[contains(text(),1)]}
	at sun.reflect.NativeConstructorAccessorImpl.newInstance0(Native Method)
	at sun.reflect.NativeConstructorAccessorImpl.newInstance(NativeConstructorAccessorImpl.java:62)
	at sun.reflect.DelegatingConstructorAccessorImpl.newInstance(DelegatingConstructorAccessorImpl.java:45)
	at java.lang.reflect.Constructor.newInstance(Constructor.java:423)
	at org.openqa.selenium.remote.ErrorHandler.createThrowable(ErrorHandler.java:214)
	at org.openqa.selenium.remote.ErrorHandler.throwIfResponseFailed(ErrorHandler.java:166)
	at org.openqa.selenium.remote.http.JsonHttpResponseCodec.reconstructValue(JsonHttpResponseCodec.java:40)
	at org.openqa.selenium.remote.http.AbstractHttpResponseCodec.decode(AbstractHttpResponseCodec.java:80)
	at org.openqa.selenium.remote.http.AbstractHttpResponseCodec.decode(AbstractHttpResponseCodec.java:44)
	at org.openqa.selenium.remote.HttpCommandExecutor.execute(HttpCommandExecutor.java:158)
	at org.openqa.selenium.remote.service.DriverCommandExecutor.execute(DriverCommandExecutor.java:83)
	at org.openqa.selenium.remote.RemoteWebDriver.execute(RemoteWebDriver.java:545)
	at org.openqa.selenium.remote.RemoteWebDriver.findElement(RemoteWebDriver.java:319)
	at org.openqa.selenium.remote.RemoteWebDriver.findElementByXPath(RemoteWebDriver.java:421)
	at org.openqa.selenium.By$ByXPath.findElement(By.java:361)
	at org.openqa.selenium.remote.RemoteWebDriver.findElement(RemoteWebDriver.java:311)
	at org.drc.vat.appmanager.HelperBase.buttonEnabled(HelperBase.java:526)
	at org.drc.vat.StepDefinitions.TaxPayerDetailsList.tax_Payer_Profile_Page_should_get_displayed_along_with_the_List_of_all_Registered_Tax_Payer(TaxPayerDetailsList.java:44)
	at ?.Then Tax Payer Profile Page should get displayed along with  the List of all Registered Tax Payer(features/TaxPayerDetailsList.feature:11)
</pre></pre></td>
                                                    </tr>
                                                    <tr>
                                                        <td>Aug 28, 2018 07:41:22 PM</td>
                                                        <td class='linked' test-id='58'>Only authorized users are able to view the list of taxpayers..Validate the NITVA, NIF, Tax Payer, Address, Business Type , Tax Office of the Tax payer is correctly displayed  after VAT registration is approved successfully of the User..Validate the NITVA, NIF, Tax Payer, Address, Business Type , Tax Office of the Tax payer is correctly displayed  after VAT registration is approved successfully of the User..Then Observes the details displayed in the list NIF""BusinessNmae/ApplicantName""Address""BusinessType""Taxoffice""</td>
                                                        <td><pre><pre>org.openqa.selenium.NoSuchElementException: no such element: Unable to locate element: {"method":"xpath","selector":"null//td[2]"}
  (Session info: chrome=68.0.3440.106)
  (Driver info: chromedriver=2.38.552522 (437e6fbedfa8762dec75e2c5b3ddb86763dc9dcb),platform=Windows NT 10.0.16299 x86_64) (WARNING: The server did not provide any stacktrace information)
Command duration or timeout: 0 milliseconds
For documentation on this error, please visit: http://seleniumhq.org/exceptions/no_such_element.html
Build info: version: '3.11.0', revision: 'e59cfb3', time: '2018-03-11T20:26:55.152Z'
System info: host: 'CS60-PC', ip: '172.31.192.1', os.name: 'Windows 10', os.arch: 'amd64', os.version: '10.0', java.version: '1.8.0_171'
Driver info: org.openqa.selenium.chrome.ChromeDriver
Capabilities {acceptInsecureCerts: false, acceptSslCerts: false, applicationCacheEnabled: false, browserConnectionEnabled: false, browserName: chrome, chrome: {chromedriverVersion: 2.38.552522 (437e6fbedfa876..., userDataDir: C:\Users\admin\AppData\Loca...}, cssSelectorsEnabled: true, databaseEnabled: false, handlesAlerts: true, hasTouchScreen: false, javascriptEnabled: true, locationContextEnabled: true, mobileEmulationEnabled: false, nativeEvents: true, networkConnectionEnabled: false, pageLoadStrategy: normal, platform: XP, platformName: XP, rotatable: false, setWindowRect: true, takesHeapSnapshot: true, takesScreenshot: true, unexpectedAlertBehaviour: , unhandledPromptBehavior: , version: 68.0.3440.106, webStorageEnabled: true}
Session ID: 0df9beb816792b35baed4996183afd97
*** Element info: {Using=xpath, value=null//td[2]}
	at sun.reflect.NativeConstructorAccessorImpl.newInstance0(Native Method)
	at sun.reflect.NativeConstructorAccessorImpl.newInstance(NativeConstructorAccessorImpl.java:62)
	at sun.reflect.DelegatingConstructorAccessorImpl.newInstance(DelegatingConstructorAccessorImpl.java:45)
	at java.lang.reflect.Constructor.newInstance(Constructor.java:423)
	at org.openqa.selenium.remote.ErrorHandler.createThrowable(ErrorHandler.java:214)
	at org.openqa.selenium.remote.ErrorHandler.throwIfResponseFailed(ErrorHandler.java:166)
	at org.openqa.selenium.remote.http.JsonHttpResponseCodec.reconstructValue(JsonHttpResponseCodec.java:40)
	at org.openqa.selenium.remote.http.AbstractHttpResponseCodec.decode(AbstractHttpResponseCodec.java:80)
	at org.openqa.selenium.remote.http.AbstractHttpResponseCodec.decode(AbstractHttpResponseCodec.java:44)
	at org.openqa.selenium.remote.HttpCommandExecutor.execute(HttpCommandExecutor.java:158)
	at org.openqa.selenium.remote.service.DriverCommandExecutor.execute(DriverCommandExecutor.java:83)
	at org.openqa.selenium.remote.RemoteWebDriver.execute(RemoteWebDriver.java:545)
	at org.openqa.selenium.remote.RemoteWebDriver.findElement(RemoteWebDriver.java:319)
	at org.openqa.selenium.remote.RemoteWebDriver.findElementByXPath(RemoteWebDriver.java:421)
	at org.openqa.selenium.By$ByXPath.findElement(By.java:361)
	at org.openqa.selenium.remote.RemoteWebDriver.findElement(RemoteWebDriver.java:311)
	at org.drc.vat.appmanager.HelperBase.elementText(HelperBase.java:199)
	at org.drc.vat.StepDefinitions.TaxPayerDetailsList.observes_the_details_displayed_in_the_list_NIF_BusinessNmae_ApplicantName_Address_BusinessType_Taxoffice(TaxPayerDetailsList.java:129)
	at ?.Then Observes the details displayed in the list NIF""BusinessNmae/ApplicantName""Address""BusinessType""Taxoffice""(features/TaxPayerDetailsList.feature:87)
</pre></pre></td>
                                                    </tr>
                                        </tbody>
                                    </table>
                                </div>
                            </div>
                        </li>
                        <li class='exception displayed active'>
                            <div class='exception-heading'>
                                <span class='exception-name'>org.openqa.selenium.TimeoutException</span>
                                <span class='exception-count right'><span class='label red lighten-1 white-text'>1</span></span>
                            </div>
                            <div class='exception-content hide'>
                                <div class='exception-tests'>
                                    <table class='bordered table-results'>
                                        <thead>
                                        <tr>
                                            <th>Timestamp</th>
                                            <th>TestName</th>
                                            <th>Status</th>
                                        </tr>
                                        </thead>
                                        <tbody>
                                                    <tr>
                                                        <td>Aug 28, 2018 07:40:15 PM</td>
                                                        <td class='linked' test-id='13'>Only authorized users are able to view the list of taxpayers..Validate the filter by dropdown with respect to Filter option All, NITVA,NIF,,Tax Payer,Tax Office,Business Type.Validate the filter by dropdown with respect to Filter option All, NITVA,NIF,,Tax Payer,Tax Office,Business Type.Then Select the Option from the Filter by Dropdown as "All"</td>
                                                        <td><pre><pre>org.openqa.selenium.TimeoutException: Expected condition failed: waiting for element to be clickable: By.xpath: //span[contains(text(),'All'] (tried for 60 second(s) with 500 milliseconds interval)
	at org.openqa.selenium.support.ui.WebDriverWait.timeoutException(WebDriverWait.java:81)
	at org.openqa.selenium.support.ui.FluentWait.until(FluentWait.java:271)
	at org.drc.vat.appmanager.HelperBase.clickOn(HelperBase.java:78)
	at org.drc.vat.StepDefinitions.TaxPayerDetailsList.select_the_Option_from_the_Filter_by_Dropdown_as(TaxPayerDetailsList.java:51)
	at ?.Then Select the Option from the Filter by Dropdown as "All"(features/TaxPayerDetailsList.feature:22)
Caused by: org.openqa.selenium.InvalidSelectorException: invalid selector: Unable to locate an element with the xpath expression //span[contains(text(),'All'] because of the following error:
SyntaxError: Failed to execute 'evaluate' on 'Document': The string '//span[contains(text(),'All']' is not a valid XPath expression.
  (Session info: chrome=68.0.3440.106)
  (Driver info: chromedriver=2.38.552522 (437e6fbedfa8762dec75e2c5b3ddb86763dc9dcb),platform=Windows NT 10.0.16299 x86_64) (WARNING: The server did not provide any stacktrace information)
Command duration or timeout: 0 milliseconds
For documentation on this error, please visit: http://seleniumhq.org/exceptions/invalid_selector_exception.html
Build info: version: '3.11.0', revision: 'e59cfb3', time: '2018-03-11T20:26:55.152Z'
System info: host: 'CS60-PC', ip: '172.31.192.1', os.name: 'Windows 10', os.arch: 'amd64', os.version: '10.0', java.version: '1.8.0_171'
Driver info: org.openqa.selenium.chrome.ChromeDriver
Capabilities {acceptInsecureCerts: false, acceptSslCerts: false, applicationCacheEnabled: false, browserConnectionEnabled: false, browserName: chrome, chrome: {chromedriverVersion: 2.38.552522 (437e6fbedfa876..., userDataDir: C:\Users\admin\AppData\Loca...}, cssSelectorsEnabled: true, databaseEnabled: false, handlesAlerts: true, hasTouchScreen: false, javascriptEnabled: true, locationContextEnabled: true, mobileEmulationEnabled: false, nativeEvents: true, networkConnectionEnabled: false, pageLoadStrategy: normal, platform: XP, platformName: XP, rotatable: false, setWindowRect: true, takesHeapSnapshot: true, takesScreenshot: true, unexpectedAlertBehaviour: , unhandledPromptBehavior: , version: 68.0.3440.106, webStorageEnabled: true}
Session ID: 0df9beb816792b35baed4996183afd97
*** Element info: {Using=xpath, value=//span[contains(text(),'All']}
	at sun.reflect.GeneratedConstructorAccessor17.newInstance(Unknown Source)
	at sun.reflect.DelegatingConstructorAccessorImpl.newInstance(DelegatingConstructorAccessorImpl.java:45)
	at java.lang.reflect.Constructor.newInstance(Constructor.java:423)
	at org.openqa.selenium.remote.ErrorHandler.createThrowable(ErrorHandler.java:214)
	at org.openqa.selenium.remote.ErrorHandler.throwIfResponseFailed(ErrorHandler.java:166)
	at org.openqa.selenium.remote.http.JsonHttpResponseCodec.reconstructValue(JsonHttpResponseCodec.java:40)
	at org.openqa.selenium.remote.http.AbstractHttpResponseCodec.decode(AbstractHttpResponseCodec.java:80)
	at org.openqa.selenium.remote.http.AbstractHttpResponseCodec.decode(AbstractHttpResponseCodec.java:44)
	at org.openqa.selenium.remote.HttpCommandExecutor.execute(HttpCommandExecutor.java:158)
	at org.openqa.selenium.remote.service.DriverCommandExecutor.execute(DriverCommandExecutor.java:83)
	at org.openqa.selenium.remote.RemoteWebDriver.execute(RemoteWebDriver.java:545)
	at org.openqa.selenium.remote.RemoteWebDriver.findElements(RemoteWebDriver.java:346)
	at org.openqa.selenium.remote.RemoteWebDriver.findElementsByXPath(RemoteWebDriver.java:425)
	at org.openqa.selenium.By$ByXPath.findElements(By.java:356)
	at org.openqa.selenium.remote.RemoteWebDriver.findElements(RemoteWebDriver.java:307)
	at org.openqa.selenium.support.ui.ExpectedConditions.findElement(ExpectedConditions.java:895)
	at org.openqa.selenium.support.ui.ExpectedConditions.access$000(ExpectedConditions.java:44)
	at org.openqa.selenium.support.ui.ExpectedConditions$7.apply(ExpectedConditions.java:206)
	at org.openqa.selenium.support.ui.ExpectedConditions$7.apply(ExpectedConditions.java:202)
	at org.openqa.selenium.support.ui.ExpectedConditions$22.apply(ExpectedConditions.java:657)
	at org.openqa.selenium.support.ui.ExpectedConditions$22.apply(ExpectedConditions.java:654)
	at org.openqa.selenium.support.ui.FluentWait.until(FluentWait.java:248)
	at org.drc.vat.appmanager.HelperBase.clickOn(HelperBase.java:78)
	at org.drc.vat.StepDefinitions.TaxPayerDetailsList.select_the_Option_from_the_Filter_by_Dropdown_as(TaxPayerDetailsList.java:51)
	at sun.reflect.NativeMethodAccessorImpl.invoke0(Native Method)
	at sun.reflect.NativeMethodAccessorImpl.invoke(NativeMethodAccessorImpl.java:62)
	at sun.reflect.DelegatingMethodAccessorImpl.invoke(DelegatingMethodAccessorImpl.java:43)
	at java.lang.reflect.Method.invoke(Method.java:498)
	at cucumber.runtime.Utils$1.call(Utils.java:40)
	at cucumber.runtime.Timeout.timeout(Timeout.java:16)
	at cucumber.runtime.Utils.invoke(Utils.java:34)
	at cucumber.runtime.java.JavaStepDefinition.execute(JavaStepDefinition.java:38)
	at cucumber.runtime.StepDefinitionMatch.runStep(StepDefinitionMatch.java:37)
	at cucumber.runtime.Runtime.runStep(Runtime.java:300)
	at cucumber.runtime.model.StepContainer.runStep(StepContainer.java:44)
	at cucumber.runtime.model.StepContainer.runSteps(StepContainer.java:39)
	at cucumber.runtime.model.CucumberScenario.run(CucumberScenario.java:44)
	at cucumber.runtime.model.CucumberScenarioOutline.run(CucumberScenarioOutline.java:46)
	at cucumber.runtime.model.CucumberFeature.run(CucumberFeature.java:165)
	at cucumber.api.testng.TestNGCucumberRunner.runCucumber(TestNGCucumberRunner.java:63)
	at cucumber.api.testng.AbstractTestNGCucumberTests.feature(AbstractTestNGCucumberTests.java:21)
	at sun.reflect.NativeMethodAccessorImpl.invoke0(Native Method)
	at sun.reflect.NativeMethodAccessorImpl.invoke(NativeMethodAccessorImpl.java:62)
	at sun.reflect.DelegatingMethodAccessorImpl.invoke(DelegatingMethodAccessorImpl.java:43)
	at java.lang.reflect.Method.invoke(Method.java:498)
	at org.testng.internal.MethodInvocationHelper.invokeMethod(MethodInvocationHelper.java:86)
	at org.testng.internal.Invoker.invokeMethod(Invoker.java:643)
	at org.testng.internal.Invoker.invokeTestMethod(Invoker.java:820)
	at org.testng.internal.Invoker.invokeTestMethods(Invoker.java:1128)
	at org.testng.internal.TestMethodWorker.invokeTestMethods(TestMethodWorker.java:129)
	at org.testng.internal.TestMethodWorker.run(TestMethodWorker.java:112)
	at org.testng.TestRunner.privateRun(TestRunner.java:782)
	at org.testng.TestRunner.run(TestRunner.java:632)
	at org.testng.SuiteRunner.runTest(SuiteRunner.java:366)
	at org.testng.SuiteRunner.runSequentially(SuiteRunner.java:361)
	at org.testng.SuiteRunner.privateRun(SuiteRunner.java:319)
	at org.testng.SuiteRunner.run(SuiteRunner.java:268)
	at org.testng.SuiteRunnerWorker.runSuite(SuiteRunnerWorker.java:52)
	at org.testng.SuiteRunnerWorker.run(SuiteRunnerWorker.java:86)
	at org.testng.TestNG.runSuitesSequentially(TestNG.java:1244)
	at org.testng.TestNG.runSuitesLocally(TestNG.java:1169)
	at org.testng.TestNG.run(TestNG.java:1064)
	at org.testng.remote.AbstractRemoteTestNG.run(AbstractRemoteTestNG.java:114)
	at org.testng.remote.RemoteTestNG.initAndRun(RemoteTestNG.java:251)
	at org.testng.remote.RemoteTestNG.main(RemoteTestNG.java:77)
</pre></pre></td>
                                                    </tr>
                                        </tbody>
                                    </table>
                                </div>
                            </div>
                        </li>
                        <li class='exception displayed active'>
                            <div class='exception-heading'>
                                <span class='exception-name'>org.openqa.selenium.WebDriverException</span>
                                <span class='exception-count right'><span class='label red lighten-1 white-text'>7</span></span>
                            </div>
                            <div class='exception-content hide'>
                                <div class='exception-tests'>
                                    <table class='bordered table-results'>
                                        <thead>
                                        <tr>
                                            <th>Timestamp</th>
                                            <th>TestName</th>
                                            <th>Status</th>
                                        </tr>
                                        </thead>
                                        <tbody>
                                                    <tr>
                                                        <td>Aug 28, 2018 07:41:21 PM</td>
                                                        <td class='linked' test-id='48'>Only authorized users are able to view the list of taxpayers..Validate the Pagination Button Functionality of First , Last,Next, Previous ,Page Number Search Button..Validate the Pagination Button Functionality of First , Last,Next, Previous ,Page Number Search Button..Then User clicks on page button Next user should be second page</td>
                                                        <td><pre><textarea>org.openqa.selenium.WebDriverException: unknown error: Element <span class="fa fa-caret-right"></span> is not clickable at point (992, 743). Other element would receive the click: <ul class="pagination justify-content-end mb-0">...</ul>
  (Session info: chrome=68.0.3440.106)
  (Driver info: chromedriver=2.38.552522 (437e6fbedfa8762dec75e2c5b3ddb86763dc9dcb),platform=Windows NT 10.0.16299 x86_64) (WARNING: The server did not provide any stacktrace information)
Command duration or timeout: 0 milliseconds
Build info: version: '3.11.0', revision: 'e59cfb3', time: '2018-03-11T20:26:55.152Z'
System info: host: 'CS60-PC', ip: '172.31.192.1', os.name: 'Windows 10', os.arch: 'amd64', os.version: '10.0', java.version: '1.8.0_171'
Driver info: org.openqa.selenium.chrome.ChromeDriver
Capabilities {acceptInsecureCerts: false, acceptSslCerts: false, applicationCacheEnabled: false, browserConnectionEnabled: false, browserName: chrome, chrome: {chromedriverVersion: 2.38.552522 (437e6fbedfa876..., userDataDir: C:\Users\admin\AppData\Loca...}, cssSelectorsEnabled: true, databaseEnabled: false, handlesAlerts: true, hasTouchScreen: false, javascriptEnabled: true, locationContextEnabled: true, mobileEmulationEnabled: false, nativeEvents: true, networkConnectionEnabled: false, pageLoadStrategy: normal, platform: XP, platformName: XP, rotatable: false, setWindowRect: true, takesHeapSnapshot: true, takesScreenshot: true, unexpectedAlertBehaviour: , unhandledPromptBehavior: , version: 68.0.3440.106, webStorageEnabled: true}
Session ID: 0df9beb816792b35baed4996183afd97
	at sun.reflect.NativeConstructorAccessorImpl.newInstance0(Native Method)
	at sun.reflect.NativeConstructorAccessorImpl.newInstance(NativeConstructorAccessorImpl.java:62)
	at sun.reflect.DelegatingConstructorAccessorImpl.newInstance(DelegatingConstructorAccessorImpl.java:45)
	at java.lang.reflect.Constructor.newInstance(Constructor.java:423)
	at org.openqa.selenium.remote.ErrorHandler.createThrowable(ErrorHandler.java:214)
	at org.openqa.selenium.remote.ErrorHandler.throwIfResponseFailed(ErrorHandler.java:166)
	at org.openqa.selenium.remote.http.JsonHttpResponseCodec.reconstructValue(JsonHttpResponseCodec.java:40)
	at org.openqa.selenium.remote.http.AbstractHttpResponseCodec.decode(AbstractHttpResponseCodec.java:80)
	at org.openqa.selenium.remote.http.AbstractHttpResponseCodec.decode(AbstractHttpResponseCodec.java:44)
	at org.openqa.selenium.remote.HttpCommandExecutor.execute(HttpCommandExecutor.java:158)
	at org.openqa.selenium.remote.service.DriverCommandExecutor.execute(DriverCommandExecutor.java:83)
	at org.openqa.selenium.remote.RemoteWebDriver.execute(RemoteWebDriver.java:545)
	at org.openqa.selenium.remote.RemoteWebElement.execute(RemoteWebElement.java:279)
	at org.openqa.selenium.remote.RemoteWebElement.click(RemoteWebElement.java:83)
	at org.drc.vat.appmanager.HelperBase.clickOn(HelperBase.java:78)
	at org.drc.vat.StepDefinitions.TaxPayerDetailsList.user_clicks_on_page_button_Next_user_should_be_second_page(TaxPayerDetailsList.java:98)
	at ?.Then User clicks on page button Next user should be second page(features/TaxPayerDetailsList.feature:72)
</textarea></pre></td>
                                                    </tr>
                                                    <tr>
                                                        <td>Aug 28, 2018 07:41:24 PM</td>
                                                        <td class='linked' test-id='65'>Only authorized users are able to view the list of taxpayers..Validate that profile is not getting listed in the Tax Payer List if the user submitted the form but the status is Review In Progress.Validate that profile is not getting listed in the Tax Payer List if the user submitted the form but the status is Review In Progress.Then User Search using NITVA"<nitva>"</td>
                                                        <td><pre><textarea>org.openqa.selenium.WebDriverException: unknown error: Element <span class="ng-value-label ng-star-inserted">...</span> is not clickable at point (1214, 80). Other element would receive the click: <input role="combobox" type="text" autocomplete="a6970dee5934" id="" readonly="" aria-expanded="true" aria-owns="a6970dee5934" aria-activedescendant="acc133331487">
  (Session info: chrome=68.0.3440.106)
  (Driver info: chromedriver=2.38.552522 (437e6fbedfa8762dec75e2c5b3ddb86763dc9dcb),platform=Windows NT 10.0.16299 x86_64) (WARNING: The server did not provide any stacktrace information)
Command duration or timeout: 0 milliseconds
Build info: version: '3.11.0', revision: 'e59cfb3', time: '2018-03-11T20:26:55.152Z'
System info: host: 'CS60-PC', ip: '172.31.192.1', os.name: 'Windows 10', os.arch: 'amd64', os.version: '10.0', java.version: '1.8.0_171'
Driver info: org.openqa.selenium.chrome.ChromeDriver
Capabilities {acceptInsecureCerts: false, acceptSslCerts: false, applicationCacheEnabled: false, browserConnectionEnabled: false, browserName: chrome, chrome: {chromedriverVersion: 2.38.552522 (437e6fbedfa876..., userDataDir: C:\Users\admin\AppData\Loca...}, cssSelectorsEnabled: true, databaseEnabled: false, handlesAlerts: true, hasTouchScreen: false, javascriptEnabled: true, locationContextEnabled: true, mobileEmulationEnabled: false, nativeEvents: true, networkConnectionEnabled: false, pageLoadStrategy: normal, platform: XP, platformName: XP, rotatable: false, setWindowRect: true, takesHeapSnapshot: true, takesScreenshot: true, unexpectedAlertBehaviour: , unhandledPromptBehavior: , version: 68.0.3440.106, webStorageEnabled: true}
Session ID: 0df9beb816792b35baed4996183afd97
	at sun.reflect.NativeConstructorAccessorImpl.newInstance0(Native Method)
	at sun.reflect.NativeConstructorAccessorImpl.newInstance(NativeConstructorAccessorImpl.java:62)
	at sun.reflect.DelegatingConstructorAccessorImpl.newInstance(DelegatingConstructorAccessorImpl.java:45)
	at java.lang.reflect.Constructor.newInstance(Constructor.java:423)
	at org.openqa.selenium.remote.ErrorHandler.createThrowable(ErrorHandler.java:214)
	at org.openqa.selenium.remote.ErrorHandler.throwIfResponseFailed(ErrorHandler.java:166)
	at org.openqa.selenium.remote.http.JsonHttpResponseCodec.reconstructValue(JsonHttpResponseCodec.java:40)
	at org.openqa.selenium.remote.http.AbstractHttpResponseCodec.decode(AbstractHttpResponseCodec.java:80)
	at org.openqa.selenium.remote.http.AbstractHttpResponseCodec.decode(AbstractHttpResponseCodec.java:44)
	at org.openqa.selenium.remote.HttpCommandExecutor.execute(HttpCommandExecutor.java:158)
	at org.openqa.selenium.remote.service.DriverCommandExecutor.execute(DriverCommandExecutor.java:83)
	at org.openqa.selenium.remote.RemoteWebDriver.execute(RemoteWebDriver.java:545)
	at org.openqa.selenium.remote.RemoteWebElement.execute(RemoteWebElement.java:279)
	at org.openqa.selenium.remote.RemoteWebElement.click(RemoteWebElement.java:83)
	at org.drc.vat.appmanager.HelperBase.clickOn(HelperBase.java:78)
	at org.drc.vat.StepDefinitions.TaxPayerDetailsList.user_Search_using_NITVA(TaxPayerDetailsList.java:123)
	at ?.Then User Search using NITVA"<nitva>"(features/TaxPayerDetailsList.feature:99)
</textarea></pre></td>
                                                    </tr>
                                                    <tr>
                                                        <td>Aug 28, 2018 07:41:26 PM</td>
                                                        <td class='linked' test-id='79'>Only authorized users are able to view the list of taxpayers..Validate that profile is not getting listed in the Tax Payer List.Validate that profile is not getting listed in the Tax Payer List.Then User Search using NIF"<NIF>"</td>
                                                        <td><pre><textarea>org.openqa.selenium.WebDriverException: unknown error: Element <span class="ng-value-label ng-star-inserted">...</span> is not clickable at point (1204, 80). Other element would receive the click: <input role="combobox" type="text" autocomplete="a6970dee5934" id="" readonly="" aria-expanded="true" aria-owns="a6970dee5934" aria-activedescendant="ae4926fbd13e">
  (Session info: chrome=68.0.3440.106)
  (Driver info: chromedriver=2.38.552522 (437e6fbedfa8762dec75e2c5b3ddb86763dc9dcb),platform=Windows NT 10.0.16299 x86_64) (WARNING: The server did not provide any stacktrace information)
Command duration or timeout: 0 milliseconds
Build info: version: '3.11.0', revision: 'e59cfb3', time: '2018-03-11T20:26:55.152Z'
System info: host: 'CS60-PC', ip: '172.31.192.1', os.name: 'Windows 10', os.arch: 'amd64', os.version: '10.0', java.version: '1.8.0_171'
Driver info: org.openqa.selenium.chrome.ChromeDriver
Capabilities {acceptInsecureCerts: false, acceptSslCerts: false, applicationCacheEnabled: false, browserConnectionEnabled: false, browserName: chrome, chrome: {chromedriverVersion: 2.38.552522 (437e6fbedfa876..., userDataDir: C:\Users\admin\AppData\Loca...}, cssSelectorsEnabled: true, databaseEnabled: false, handlesAlerts: true, hasTouchScreen: false, javascriptEnabled: true, locationContextEnabled: true, mobileEmulationEnabled: false, nativeEvents: true, networkConnectionEnabled: false, pageLoadStrategy: normal, platform: XP, platformName: XP, rotatable: false, setWindowRect: true, takesHeapSnapshot: true, takesScreenshot: true, unexpectedAlertBehaviour: , unhandledPromptBehavior: , version: 68.0.3440.106, webStorageEnabled: true}
Session ID: 0df9beb816792b35baed4996183afd97
	at sun.reflect.NativeConstructorAccessorImpl.newInstance0(Native Method)
	at sun.reflect.NativeConstructorAccessorImpl.newInstance(NativeConstructorAccessorImpl.java:62)
	at sun.reflect.DelegatingConstructorAccessorImpl.newInstance(DelegatingConstructorAccessorImpl.java:45)
	at java.lang.reflect.Constructor.newInstance(Constructor.java:423)
	at org.openqa.selenium.remote.ErrorHandler.createThrowable(ErrorHandler.java:214)
	at org.openqa.selenium.remote.ErrorHandler.throwIfResponseFailed(ErrorHandler.java:166)
	at org.openqa.selenium.remote.http.JsonHttpResponseCodec.reconstructValue(JsonHttpResponseCodec.java:40)
	at org.openqa.selenium.remote.http.AbstractHttpResponseCodec.decode(AbstractHttpResponseCodec.java:80)
	at org.openqa.selenium.remote.http.AbstractHttpResponseCodec.decode(AbstractHttpResponseCodec.java:44)
	at org.openqa.selenium.remote.HttpCommandExecutor.execute(HttpCommandExecutor.java:158)
	at org.openqa.selenium.remote.service.DriverCommandExecutor.execute(DriverCommandExecutor.java:83)
	at org.openqa.selenium.remote.RemoteWebDriver.execute(RemoteWebDriver.java:545)
	at org.openqa.selenium.remote.RemoteWebElement.execute(RemoteWebElement.java:279)
	at org.openqa.selenium.remote.RemoteWebElement.click(RemoteWebElement.java:83)
	at org.drc.vat.appmanager.HelperBase.clickOn(HelperBase.java:78)
	at org.drc.vat.StepDefinitions.TaxPayerDetailsList.user_Search_using_NIF(TaxPayerDetailsList.java:153)
	at ?.Then User Search using NIF"<NIF>"(features/TaxPayerDetailsList.feature:112)
</textarea></pre></td>
                                                    </tr>
                                                    <tr>
                                                        <td>Aug 28, 2018 07:41:27 PM</td>
                                                        <td class='linked' test-id='86'>Only authorized users are able to view the list of taxpayers..Validate that profile is getting listed in the Tax Payer List for according to tax Payer Category.Validate that profile is getting listed in the Tax Payer List for according to tax Payer Category.Then User Search using NIF"<NIF>"</td>
                                                        <td><pre><textarea>org.openqa.selenium.WebDriverException: unknown error: Element <span class="ng-value-label ng-star-inserted">...</span> is not clickable at point (1204, 80). Other element would receive the click: <input role="combobox" type="text" autocomplete="a6970dee5934" id="" readonly="" aria-expanded="true" aria-owns="a6970dee5934" aria-activedescendant="ae4926fbd13e">
  (Session info: chrome=68.0.3440.106)
  (Driver info: chromedriver=2.38.552522 (437e6fbedfa8762dec75e2c5b3ddb86763dc9dcb),platform=Windows NT 10.0.16299 x86_64) (WARNING: The server did not provide any stacktrace information)
Command duration or timeout: 0 milliseconds
Build info: version: '3.11.0', revision: 'e59cfb3', time: '2018-03-11T20:26:55.152Z'
System info: host: 'CS60-PC', ip: '172.31.192.1', os.name: 'Windows 10', os.arch: 'amd64', os.version: '10.0', java.version: '1.8.0_171'
Driver info: org.openqa.selenium.chrome.ChromeDriver
Capabilities {acceptInsecureCerts: false, acceptSslCerts: false, applicationCacheEnabled: false, browserConnectionEnabled: false, browserName: chrome, chrome: {chromedriverVersion: 2.38.552522 (437e6fbedfa876..., userDataDir: C:\Users\admin\AppData\Loca...}, cssSelectorsEnabled: true, databaseEnabled: false, handlesAlerts: true, hasTouchScreen: false, javascriptEnabled: true, locationContextEnabled: true, mobileEmulationEnabled: false, nativeEvents: true, networkConnectionEnabled: false, pageLoadStrategy: normal, platform: XP, platformName: XP, rotatable: false, setWindowRect: true, takesHeapSnapshot: true, takesScreenshot: true, unexpectedAlertBehaviour: , unhandledPromptBehavior: , version: 68.0.3440.106, webStorageEnabled: true}
Session ID: 0df9beb816792b35baed4996183afd97
	at sun.reflect.NativeConstructorAccessorImpl.newInstance0(Native Method)
	at sun.reflect.NativeConstructorAccessorImpl.newInstance(NativeConstructorAccessorImpl.java:62)
	at sun.reflect.DelegatingConstructorAccessorImpl.newInstance(DelegatingConstructorAccessorImpl.java:45)
	at java.lang.reflect.Constructor.newInstance(Constructor.java:423)
	at org.openqa.selenium.remote.ErrorHandler.createThrowable(ErrorHandler.java:214)
	at org.openqa.selenium.remote.ErrorHandler.throwIfResponseFailed(ErrorHandler.java:166)
	at org.openqa.selenium.remote.http.JsonHttpResponseCodec.reconstructValue(JsonHttpResponseCodec.java:40)
	at org.openqa.selenium.remote.http.AbstractHttpResponseCodec.decode(AbstractHttpResponseCodec.java:80)
	at org.openqa.selenium.remote.http.AbstractHttpResponseCodec.decode(AbstractHttpResponseCodec.java:44)
	at org.openqa.selenium.remote.HttpCommandExecutor.execute(HttpCommandExecutor.java:158)
	at org.openqa.selenium.remote.service.DriverCommandExecutor.execute(DriverCommandExecutor.java:83)
	at org.openqa.selenium.remote.RemoteWebDriver.execute(RemoteWebDriver.java:545)
	at org.openqa.selenium.remote.RemoteWebElement.execute(RemoteWebElement.java:279)
	at org.openqa.selenium.remote.RemoteWebElement.click(RemoteWebElement.java:83)
	at org.drc.vat.appmanager.HelperBase.clickOn(HelperBase.java:78)
	at org.drc.vat.StepDefinitions.TaxPayerDetailsList.user_Search_using_NIF(TaxPayerDetailsList.java:153)
	at ?.Then User Search using NIF"<NIF>"(features/TaxPayerDetailsList.feature:125)
</textarea></pre></td>
                                                    </tr>
                                                    <tr>
                                                        <td>Aug 28, 2018 07:41:29 PM</td>
                                                        <td class='linked' test-id='92'>Only authorized users are able to view the list of taxpayers..Validate that profile is getting listed in the Tax Payer List for according to tax Payer Category.Validate that profile is getting listed in the Tax Payer List for according to tax Payer Category.Then User Search using NIF"<NIF>"</td>
                                                        <td><pre><textarea>org.openqa.selenium.WebDriverException: unknown error: Element <span class="ng-value-label ng-star-inserted">...</span> is not clickable at point (1204, 179). Other element would receive the click: <input role="combobox" type="text" autocomplete="a6970dee5934" id="" readonly="" aria-expanded="true" aria-owns="a6970dee5934" aria-activedescendant="ae4926fbd13e">
  (Session info: chrome=68.0.3440.106)
  (Driver info: chromedriver=2.38.552522 (437e6fbedfa8762dec75e2c5b3ddb86763dc9dcb),platform=Windows NT 10.0.16299 x86_64) (WARNING: The server did not provide any stacktrace information)
Command duration or timeout: 0 milliseconds
Build info: version: '3.11.0', revision: 'e59cfb3', time: '2018-03-11T20:26:55.152Z'
System info: host: 'CS60-PC', ip: '172.31.192.1', os.name: 'Windows 10', os.arch: 'amd64', os.version: '10.0', java.version: '1.8.0_171'
Driver info: org.openqa.selenium.chrome.ChromeDriver
Capabilities {acceptInsecureCerts: false, acceptSslCerts: false, applicationCacheEnabled: false, browserConnectionEnabled: false, browserName: chrome, chrome: {chromedriverVersion: 2.38.552522 (437e6fbedfa876..., userDataDir: C:\Users\admin\AppData\Loca...}, cssSelectorsEnabled: true, databaseEnabled: false, handlesAlerts: true, hasTouchScreen: false, javascriptEnabled: true, locationContextEnabled: true, mobileEmulationEnabled: false, nativeEvents: true, networkConnectionEnabled: false, pageLoadStrategy: normal, platform: XP, platformName: XP, rotatable: false, setWindowRect: true, takesHeapSnapshot: true, takesScreenshot: true, unexpectedAlertBehaviour: , unhandledPromptBehavior: , version: 68.0.3440.106, webStorageEnabled: true}
Session ID: 0df9beb816792b35baed4996183afd97
	at sun.reflect.NativeConstructorAccessorImpl.newInstance0(Native Method)
	at sun.reflect.NativeConstructorAccessorImpl.newInstance(NativeConstructorAccessorImpl.java:62)
	at sun.reflect.DelegatingConstructorAccessorImpl.newInstance(DelegatingConstructorAccessorImpl.java:45)
	at java.lang.reflect.Constructor.newInstance(Constructor.java:423)
	at org.openqa.selenium.remote.ErrorHandler.createThrowable(ErrorHandler.java:214)
	at org.openqa.selenium.remote.ErrorHandler.throwIfResponseFailed(ErrorHandler.java:166)
	at org.openqa.selenium.remote.http.JsonHttpResponseCodec.reconstructValue(JsonHttpResponseCodec.java:40)
	at org.openqa.selenium.remote.http.AbstractHttpResponseCodec.decode(AbstractHttpResponseCodec.java:80)
	at org.openqa.selenium.remote.http.AbstractHttpResponseCodec.decode(AbstractHttpResponseCodec.java:44)
	at org.openqa.selenium.remote.HttpCommandExecutor.execute(HttpCommandExecutor.java:158)
	at org.openqa.selenium.remote.service.DriverCommandExecutor.execute(DriverCommandExecutor.java:83)
	at org.openqa.selenium.remote.RemoteWebDriver.execute(RemoteWebDriver.java:545)
	at org.openqa.selenium.remote.RemoteWebElement.execute(RemoteWebElement.java:279)
	at org.openqa.selenium.remote.RemoteWebElement.click(RemoteWebElement.java:83)
	at org.drc.vat.appmanager.HelperBase.clickOn(HelperBase.java:78)
	at org.drc.vat.StepDefinitions.TaxPayerDetailsList.user_Search_using_NIF(TaxPayerDetailsList.java:153)
	at ?.Then User Search using NIF"<NIF>"(features/TaxPayerDetailsList.feature:125)
</textarea></pre></td>
                                                    </tr>
                                                    <tr>
                                                        <td>Aug 28, 2018 07:41:30 PM</td>
                                                        <td class='linked' test-id='98'>Only authorized users are able to view the list of taxpayers..Validate that profile is getting listed in the Tax Payer List for according to tax Payer Category.Validate that profile is getting listed in the Tax Payer List for according to tax Payer Category.Then User Search using NIF"<NIF>"</td>
                                                        <td><pre><textarea>org.openqa.selenium.WebDriverException: unknown error: Element <span class="ng-value-label ng-star-inserted">...</span> is not clickable at point (1204, 179). Other element would receive the click: <input role="combobox" type="text" autocomplete="a6970dee5934" id="" readonly="" aria-expanded="true" aria-owns="a6970dee5934" aria-activedescendant="ae4926fbd13e">
  (Session info: chrome=68.0.3440.106)
  (Driver info: chromedriver=2.38.552522 (437e6fbedfa8762dec75e2c5b3ddb86763dc9dcb),platform=Windows NT 10.0.16299 x86_64) (WARNING: The server did not provide any stacktrace information)
Command duration or timeout: 0 milliseconds
Build info: version: '3.11.0', revision: 'e59cfb3', time: '2018-03-11T20:26:55.152Z'
System info: host: 'CS60-PC', ip: '172.31.192.1', os.name: 'Windows 10', os.arch: 'amd64', os.version: '10.0', java.version: '1.8.0_171'
Driver info: org.openqa.selenium.chrome.ChromeDriver
Capabilities {acceptInsecureCerts: false, acceptSslCerts: false, applicationCacheEnabled: false, browserConnectionEnabled: false, browserName: chrome, chrome: {chromedriverVersion: 2.38.552522 (437e6fbedfa876..., userDataDir: C:\Users\admin\AppData\Loca...}, cssSelectorsEnabled: true, databaseEnabled: false, handlesAlerts: true, hasTouchScreen: false, javascriptEnabled: true, locationContextEnabled: true, mobileEmulationEnabled: false, nativeEvents: true, networkConnectionEnabled: false, pageLoadStrategy: normal, platform: XP, platformName: XP, rotatable: false, setWindowRect: true, takesHeapSnapshot: true, takesScreenshot: true, unexpectedAlertBehaviour: , unhandledPromptBehavior: , version: 68.0.3440.106, webStorageEnabled: true}
Session ID: 0df9beb816792b35baed4996183afd97
	at sun.reflect.NativeConstructorAccessorImpl.newInstance0(Native Method)
	at sun.reflect.NativeConstructorAccessorImpl.newInstance(NativeConstructorAccessorImpl.java:62)
	at sun.reflect.DelegatingConstructorAccessorImpl.newInstance(DelegatingConstructorAccessorImpl.java:45)
	at java.lang.reflect.Constructor.newInstance(Constructor.java:423)
	at org.openqa.selenium.remote.ErrorHandler.createThrowable(ErrorHandler.java:214)
	at org.openqa.selenium.remote.ErrorHandler.throwIfResponseFailed(ErrorHandler.java:166)
	at org.openqa.selenium.remote.http.JsonHttpResponseCodec.reconstructValue(JsonHttpResponseCodec.java:40)
	at org.openqa.selenium.remote.http.AbstractHttpResponseCodec.decode(AbstractHttpResponseCodec.java:80)
	at org.openqa.selenium.remote.http.AbstractHttpResponseCodec.decode(AbstractHttpResponseCodec.java:44)
	at org.openqa.selenium.remote.HttpCommandExecutor.execute(HttpCommandExecutor.java:158)
	at org.openqa.selenium.remote.service.DriverCommandExecutor.execute(DriverCommandExecutor.java:83)
	at org.openqa.selenium.remote.RemoteWebDriver.execute(RemoteWebDriver.java:545)
	at org.openqa.selenium.remote.RemoteWebElement.execute(RemoteWebElement.java:279)
	at org.openqa.selenium.remote.RemoteWebElement.click(RemoteWebElement.java:83)
	at org.drc.vat.appmanager.HelperBase.clickOn(HelperBase.java:78)
	at org.drc.vat.StepDefinitions.TaxPayerDetailsList.user_Search_using_NIF(TaxPayerDetailsList.java:153)
	at ?.Then User Search using NIF"<NIF>"(features/TaxPayerDetailsList.feature:125)
</textarea></pre></td>
                                                    </tr>
                                                    <tr>
                                                        <td>Aug 28, 2018 07:41:31 PM</td>
                                                        <td class='linked' test-id='104'>Only authorized users are able to view the list of taxpayers..Validate that profile is getting listed in the Tax Payer List for according to tax Payer Category.Validate that profile is getting listed in the Tax Payer List for according to tax Payer Category.Then User Search using NIF"<NIF>"</td>
                                                        <td><pre><textarea>org.openqa.selenium.WebDriverException: unknown error: Element <span class="ng-value-label ng-star-inserted">...</span> is not clickable at point (1204, 179). Other element would receive the click: <input role="combobox" type="text" autocomplete="a6970dee5934" id="" readonly="" aria-expanded="true" aria-owns="a6970dee5934" aria-activedescendant="ae4926fbd13e">
  (Session info: chrome=68.0.3440.106)
  (Driver info: chromedriver=2.38.552522 (437e6fbedfa8762dec75e2c5b3ddb86763dc9dcb),platform=Windows NT 10.0.16299 x86_64) (WARNING: The server did not provide any stacktrace information)
Command duration or timeout: 0 milliseconds
Build info: version: '3.11.0', revision: 'e59cfb3', time: '2018-03-11T20:26:55.152Z'
System info: host: 'CS60-PC', ip: '172.31.192.1', os.name: 'Windows 10', os.arch: 'amd64', os.version: '10.0', java.version: '1.8.0_171'
Driver info: org.openqa.selenium.chrome.ChromeDriver
Capabilities {acceptInsecureCerts: false, acceptSslCerts: false, applicationCacheEnabled: false, browserConnectionEnabled: false, browserName: chrome, chrome: {chromedriverVersion: 2.38.552522 (437e6fbedfa876..., userDataDir: C:\Users\admin\AppData\Loca...}, cssSelectorsEnabled: true, databaseEnabled: false, handlesAlerts: true, hasTouchScreen: false, javascriptEnabled: true, locationContextEnabled: true, mobileEmulationEnabled: false, nativeEvents: true, networkConnectionEnabled: false, pageLoadStrategy: normal, platform: XP, platformName: XP, rotatable: false, setWindowRect: true, takesHeapSnapshot: true, takesScreenshot: true, unexpectedAlertBehaviour: , unhandledPromptBehavior: , version: 68.0.3440.106, webStorageEnabled: true}
Session ID: 0df9beb816792b35baed4996183afd97
	at sun.reflect.NativeConstructorAccessorImpl.newInstance0(Native Method)
	at sun.reflect.NativeConstructorAccessorImpl.newInstance(NativeConstructorAccessorImpl.java:62)
	at sun.reflect.DelegatingConstructorAccessorImpl.newInstance(DelegatingConstructorAccessorImpl.java:45)
	at java.lang.reflect.Constructor.newInstance(Constructor.java:423)
	at org.openqa.selenium.remote.ErrorHandler.createThrowable(ErrorHandler.java:214)
	at org.openqa.selenium.remote.ErrorHandler.throwIfResponseFailed(ErrorHandler.java:166)
	at org.openqa.selenium.remote.http.JsonHttpResponseCodec.reconstructValue(JsonHttpResponseCodec.java:40)
	at org.openqa.selenium.remote.http.AbstractHttpResponseCodec.decode(AbstractHttpResponseCodec.java:80)
	at org.openqa.selenium.remote.http.AbstractHttpResponseCodec.decode(AbstractHttpResponseCodec.java:44)
	at org.openqa.selenium.remote.HttpCommandExecutor.execute(HttpCommandExecutor.java:158)
	at org.openqa.selenium.remote.service.DriverCommandExecutor.execute(DriverCommandExecutor.java:83)
	at org.openqa.selenium.remote.RemoteWebDriver.execute(RemoteWebDriver.java:545)
	at org.openqa.selenium.remote.RemoteWebElement.execute(RemoteWebElement.java:279)
	at org.openqa.selenium.remote.RemoteWebElement.click(RemoteWebElement.java:83)
	at org.drc.vat.appmanager.HelperBase.clickOn(HelperBase.java:78)
	at org.drc.vat.StepDefinitions.TaxPayerDetailsList.user_Search_using_NIF(TaxPayerDetailsList.java:153)
	at ?.Then User Search using NIF"<NIF>"(features/TaxPayerDetailsList.feature:125)
</textarea></pre></td>
                                                    </tr>
                                        </tbody>
                                    </table>
                                </div>
                            </div>
                        </li>
                        <li class='exception displayed active'>
                            <div class='exception-heading'>
                                <span class='exception-name'>org.openqa.selenium.InvalidElementStateException</span>
                                <span class='exception-count right'><span class='label red lighten-1 white-text'>1</span></span>
                            </div>
                            <div class='exception-content hide'>
                                <div class='exception-tests'>
                                    <table class='bordered table-results'>
                                        <thead>
                                        <tr>
                                            <th>Timestamp</th>
                                            <th>TestName</th>
                                            <th>Status</th>
                                        </tr>
                                        </thead>
                                        <tbody>
                                                    <tr>
                                                        <td>Aug 28, 2018 07:41:25 PM</td>
                                                        <td class='linked' test-id='73'>Only authorized users are able to view the list of taxpayers..Validate that profile is not getting listed in the Tax Payer List.Validate that profile is not getting listed in the Tax Payer List.Then User Search using NIF"<NIF>"</td>
                                                        <td><pre><textarea>org.openqa.selenium.InvalidElementStateException: invalid element state: Element must be user-editable in order to clear it.
  (Session info: chrome=68.0.3440.106)
  (Driver info: chromedriver=2.38.552522 (437e6fbedfa8762dec75e2c5b3ddb86763dc9dcb),platform=Windows NT 10.0.16299 x86_64) (WARNING: The server did not provide any stacktrace information)
Command duration or timeout: 0 milliseconds
Build info: version: '3.11.0', revision: 'e59cfb3', time: '2018-03-11T20:26:55.152Z'
System info: host: 'CS60-PC', ip: '172.31.192.1', os.name: 'Windows 10', os.arch: 'amd64', os.version: '10.0', java.version: '1.8.0_171'
Driver info: org.openqa.selenium.chrome.ChromeDriver
Capabilities {acceptInsecureCerts: false, acceptSslCerts: false, applicationCacheEnabled: false, browserConnectionEnabled: false, browserName: chrome, chrome: {chromedriverVersion: 2.38.552522 (437e6fbedfa876..., userDataDir: C:\Users\admin\AppData\Loca...}, cssSelectorsEnabled: true, databaseEnabled: false, handlesAlerts: true, hasTouchScreen: false, javascriptEnabled: true, locationContextEnabled: true, mobileEmulationEnabled: false, nativeEvents: true, networkConnectionEnabled: false, pageLoadStrategy: normal, platform: XP, platformName: XP, rotatable: false, setWindowRect: true, takesHeapSnapshot: true, takesScreenshot: true, unexpectedAlertBehaviour: , unhandledPromptBehavior: , version: 68.0.3440.106, webStorageEnabled: true}
Session ID: 0df9beb816792b35baed4996183afd97
	at sun.reflect.NativeConstructorAccessorImpl.newInstance0(Native Method)
	at sun.reflect.NativeConstructorAccessorImpl.newInstance(NativeConstructorAccessorImpl.java:62)
	at sun.reflect.DelegatingConstructorAccessorImpl.newInstance(DelegatingConstructorAccessorImpl.java:45)
	at java.lang.reflect.Constructor.newInstance(Constructor.java:423)
	at org.openqa.selenium.remote.ErrorHandler.createThrowable(ErrorHandler.java:214)
	at org.openqa.selenium.remote.ErrorHandler.throwIfResponseFailed(ErrorHandler.java:166)
	at org.openqa.selenium.remote.http.JsonHttpResponseCodec.reconstructValue(JsonHttpResponseCodec.java:40)
	at org.openqa.selenium.remote.http.AbstractHttpResponseCodec.decode(AbstractHttpResponseCodec.java:80)
	at org.openqa.selenium.remote.http.AbstractHttpResponseCodec.decode(AbstractHttpResponseCodec.java:44)
	at org.openqa.selenium.remote.HttpCommandExecutor.execute(HttpCommandExecutor.java:158)
	at org.openqa.selenium.remote.service.DriverCommandExecutor.execute(DriverCommandExecutor.java:83)
	at org.openqa.selenium.remote.RemoteWebDriver.execute(RemoteWebDriver.java:545)
	at org.openqa.selenium.remote.RemoteWebElement.execute(RemoteWebElement.java:279)
	at org.openqa.selenium.remote.RemoteWebElement.clear(RemoteWebElement.java:118)
	at org.drc.vat.appmanager.HelperBase.type(HelperBase.java:96)
	at org.drc.vat.StepDefinitions.TaxPayerDetailsList.user_Search_using_NIF(TaxPayerDetailsList.java:154)
	at ?.Then User Search using NIF"<NIF>"(features/TaxPayerDetailsList.feature:112)
</textarea></pre></td>
                                                    </tr>
                                        </tbody>
                                    </table>
                                </div>
                            </div>
                        </li>
                </ul>
        </div>
    </div>

    <div class='subview-right left'>
        <div class='view-summary'>
            <h5 class='exception-name'></h5>
        </div>
    </div>
</div>
<!-- exception view -->
<div id='dashboard-view' class='view hide'>
	<div class='card-panel transparent np-v'>
		<h5>Dashboard</h5>

		<div class='row'>
			<div class='col s2'>
				<div class='card-panel r'>
					Features
					<div class='panel-lead'>1</div>
				</div>
			</div>
			<div class='col s2'>
				<div class='card-panel r'>
					Scenarios
					<div class='panel-lead'>13</div>
				</div>
			</div>
			<div class='col s2'>
				<div class='card-panel r'>
					Steps
					<div class='panel-lead'>82</div>
				</div>
			</div>
			<div class='col s2'>
				<div class='card-panel r'>
					Start
					<div class='panel-lead'>Aug 28, 2018 07:40:11 PM</div>
				</div>
			</div>
			<div class='col s2'>
				<div class='card-panel r'>
			 		End
			 		<div class='panel-lead'>Aug 28, 2018 07:41:31 PM</div>
				</div>
			</div>
			<div class='col s2'>
				<div class='card-panel r'>
					Time Taken
					<div class='panel-lead'>0h 1m 20s+311ms</div>
				</div>
			</div>
			<div class='col s6'>
				<div class='card-panel dashboard-categories'>
					<span class='right label cyan white-text'>Categories</span><p>&nbsp;</p>
					
					<table>
						<tr>
							<th>Name</th>
							<th>Passed</th>
							<th>Failed</th>
							<th>Others</th>
							<th>Passed %</th>
						</tr>
						<tr>
							<td>@tag</td>
							<td>2</td>
							<td>12</td>
							<td>0</td>
							<td>
									14.286%
							</td>
						</tr>
						<tr>
							<td>@TaxPayerProfile</td>
							<td>2</td>
							<td>12</td>
							<td>0</td>
							<td>
									14.286%
							</td>
						</tr>
						<tr>
							<td>@admin</td>
							<td>1</td>
							<td>11</td>
							<td>0</td>
							<td>
									8.333%
							</td>
						</tr>
						<tr>
							<td>@Mtc_admin_02</td>
							<td>0</td>
							<td>1</td>
							<td>0</td>
							<td>
									0%
							</td>
						</tr>
						<tr>
							<td>@incompleted</td>
							<td>0</td>
							<td>1</td>
							<td>0</td>
							<td>
									0%
							</td>
						</tr>
						<tr>
							<td>@Mtc_admin_03</td>
							<td>0</td>
							<td>1</td>
							<td>0</td>
							<td>
									0%
							</td>
						</tr>
						<tr>
							<td>@Filter</td>
							<td>1</td>
							<td>0</td>
							<td>0</td>
							<td>
									100%
							</td>
						</tr>
						<tr>
							<td>@Mtc_admin_04</td>
							<td>1</td>
							<td>0</td>
							<td>0</td>
							<td>
									100%
							</td>
						</tr>
						<tr>
							<td>@Mtc_admin_05</td>
							<td>1</td>
							<td>1</td>
							<td>0</td>
							<td>
									50%
							</td>
						</tr>
						<tr>
							<td>@navigation</td>
							<td>1</td>
							<td>1</td>
							<td>0</td>
							<td>
									50%
							</td>
						</tr>
						<tr>
							<td>@Mtc_admin_06</td>
							<td>0</td>
							<td>1</td>
							<td>0</td>
							<td>
									0%
							</td>
						</tr>
						<tr>
							<td>@Mtc_admin_07</td>
							<td>0</td>
							<td>1</td>
							<td>0</td>
							<td>
									0%
							</td>
						</tr>
						<tr>
							<td>@Mtc_admin_08_09</td>
							<td>0</td>
							<td>2</td>
							<td>0</td>
							<td>
									0%
							</td>
						</tr>
						<tr>
							<td>@Mtc_admin_10_11_12_13</td>
							<td>0</td>
							<td>4</td>
							<td>0</td>
							<td>
									0%
							</td>
						</tr>
					</table>
				</div>
			</div>
		</div>
	</div>
</div>
<!-- dashboard view -->
<!-- testrunner-logs view -->
		</div>
		<!-- container -->

		<script>
			var statusGroup = {
				passParent: 0,
				failParent: 1,
				fatalParent: 0,
				errorParent: 0,
				warningParent: 0,
				skipParent: 0,
				exceptionsParent: 1,
				
				passChild: 2,
				failChild: 11,
				fatalChild: 0,
				errorChild: 0,
				warningChild: 0,
				skipChild: 0,
				infoChild: 0,
				exceptionsChild: 11,
				
				passGrandChild: 47,
				failGrandChild: 11,
				fatalGrandChild: 0,
				errorGrandChild: 0,
				warningGrandChild: 0,
				skipGrandChild: 24,
				infoGrandChild: 0,
				exceptionsGrandChild: 35,
			};
		</script>
		
			<script src='https://cdn.rawgit.com/anshooarora/extentreports-java/fca20fb7653aade98810546ab96a2a4360e3e712/dist/js/extent.js' type='text/javascript'></script>
		
		
 		<script type='text/javascript'>
 		</script>
	</body>
	
</html>
