
<!DOCTYPE html>
<html>


<head>
	<meta charset='utf-8' /> 
	<meta name='description' content='' />
	<meta name='robots' content='noodp, noydir' />
	<meta name='viewport' content='width=device-width, initial-scale=1' />
	<meta id="timeStampFormat" name="timeStampFormat" content='MMM d, yyyy hh:mm:ss a'/>
	
	<link href='https://fonts.googleapis.com/css?family=Source+Sans+Pro:400,600' rel='stylesheet' type='text/css' />
	<link href="https://fonts.googleapis.com/icon?family=Material+Icons" rel="stylesheet" />

		<link href='https://cdn.rawgit.com/anshooarora/extentreports-java/b4a58fcfd1e137bd9287244035a7c80d3d73b3af/dist/css/extent.css' type='text/css' rel='stylesheet' />
	
	<title>ExtentReports</title>

	<style type='text/css'>
	</style>
</head>

	<body class='extent standard default hide-overflow bdd-report'>
		<div id='theme-selector' alt='Click to toggle theme. To enable by default, use theme configuration.' title='Click to toggle theme. To enable by default, use theme configuration.'>
			<span><i class='material-icons'>desktop_windows</i></span>
		</div>

<nav>
	<div class="nav-wrapper">
		<a href="#!" class="brand-logo blue darken-3">Extent</a>

		<!-- slideout menu -->
		<ul id='slide-out' class='side-nav fixed hide-on-med-and-down'>
			<li class='waves-effect active'><a href='#!' view='test-view' onclick="configureView(0);chartsView('test');"><i class='material-icons'>dashboard</i></a></li>
						<li class='waves-effect'><a href='#!' view='category-view' onclick="configureView(1)"><i class='material-icons'>label_outline</i></a></li>
			<li class='waves-effect'><a href='#!' view='exception-view' onclick="configureView(2)"><i class='material-icons'>bug_report</i></a></li>
			<li class='waves-effect'><a href='#!' onclick="configureView(-1);chartsView('dashboard');" view='dashboard-view'><i class='material-icons'>track_changes</i></i></a></li>
		</ul>

		<!-- report name -->
		<span class='report-name'>ExtentReports</span>
		
		<!-- report headline -->
		<span class='report-headline'></span>

		<!-- nav-right -->
		<ul id='nav-mobile' class='right hide-on-med-and-down nav-right'>
			<li>
                <a href='#!'>
                    <span class='label suite-start-time blue darken-3'>Jul 27, 2018 11:45:21 AM</span>
				</a>
			</li>
			<li>
                <a href='#!'>
                    <span class='label blue darken-3'>3.1.5</span>
				</a>
			</li>
		</ul>
	</div>
</nav>

		<!-- container -->
		<div class='container'>

<div id='test-view' class='view'>
				
	<section id='controls'>
		<div class='controls grey lighten-4'>
			<!-- test toggle -->
			<div class='chip transparent'>
				<a class='dropdown-button tests-toggle' data-activates='tests-toggle' data-constrainwidth='true' data-beloworigin='true' data-hover='true' href='#'>
					<i class='material-icons'>warning</i> Status
				</a>
				<ul id='tests-toggle' class='dropdown-content'>
											<li status='pass'><a href='#!'>Pass <i class='material-icons green-text'>check_circle</i></a></li>
						<li status='fail'><a href='#!'>Fail <i class='material-icons red-text'>cancel</i></a></li>
						<li status='skip'><a href='#!'>Skip <i class='material-icons cyan-text'>redo</i></a></li>
					<li class='divider'></li>
					<li status='clear' clear='true'><a href='#!'>Clear Filters <i class='material-icons'>clear</i></a></li>
				</ul>
			</div>
			<!-- test toggle -->

			<!-- category toggle -->
			<div class='chip transparent'>
				<a class='dropdown-button category-toggle' data-activates='category-toggle' data-constrainwidth='false' data-beloworigin='true' data-hover='true' href='#'>
					<i class='material-icons'>local_offer</i> Category
				</a>
				<ul id='category-toggle' class='dropdown-content'>
					<li><a href='#'>@TC_19</a></li>
					<li><a href='#'>@TC_20</a></li>
					<li><a href='#'>@TC_22_InValid</a></li>
					<li><a href='#'>@TC_22_Valid</a></li>
					<li><a href='#'>@TC_23_InValid</a></li>
					<li><a href='#'>@TC_23_Valid</a></li>
					<li><a href='#'>@TC_24_InValid_invoice</a></li>
					<li><a href='#'>@TC_24_Valid_invoice</a></li>
					<li><a href='#'>@TC_24_InValid_debit</a></li>
					<li><a href='#'>@TC_24_Valid_debit</a></li>
					<li><a href='#'>@TC_24_InValid_credit</a></li>
					<li><a href='#'>@TC_24_Valid_credit</a></li>
					<li class='divider'></li>
					<li class='clear'><a href='#!' clear='true'>Clear Filters</a></li>
				</ul>
			</div>
			<!-- category toggle -->

			<!-- clear filters -->
			<div class='chip transparent hide'>
				<a class='' id='clear-filters' alt='Clear Filters' title='Clear Filters'>
					<i class='material-icons'>close</i> Clear
				</a>
			</div>
			<!-- clear filters -->

			<!-- enable dashboard -->
			<div id='toggle-test-view-charts' class='chip transparent'>
				<a class='pink-text' id='enable-dashboard' alt='Enable Dashboard' title='Enable Dashboard'>
					<i class='material-icons'>track_changes</i> Dashboard
				</a>
			</div>
			<!-- enable dashboard -->

			<!-- search -->
			<div class='chip transparent' alt='Search Tests' title='Search Tests'>
				<a href="#" class='search-div'>
					<i class='material-icons'>search</i> Search
				</a>

				<div class='input-field left hide'>
					<input id='search-tests' type='text' class='validate browser-default' placeholder='Search Tests...'>
				</div>
				
			</div>
			<!-- search -->
		</div>
	</section>


<div id='test-view-charts' class='subview-full'>
	<div id='charts-row' class='row nm-v nm-h'>
		<div class='col s12 m4 l4 np-h'>
			<div class='card-panel nm-v'>
				<div class='left panel-name'>Features</div>
				<div class='chart-box'>
					<canvas id='parent-analysis' width='100' height='80'></canvas>
				</div>
				<div class='block text-small'>
					<span class='tooltipped' data-position='top' data-tooltip='0%'><span class='strong'>0</span> feature(s) passed</span>
				</div>
				<div class='block text-small'>
					<span class='strong tooltipped' data-position='top' data-tooltip='100%'>1</span> feature(s) failed, <span class='strong tooltipped' data-position='top' data-tooltip='0%'>0</span> others
				</div>
			</div>
		</div>
		
		<div class='col s12 m4 l4 np-h'>
			<div class='card-panel nm-v'>
				<div class='left panel-name'>Scenarios</div>
				<div class='chart-box'>
					<canvas id='child-analysis' width='100' height='80'></canvas>
				</div>
				<div class='block text-small'>
					<span class='tooltipped' data-position='top' data-tooltip='6.25%'><span class='strong'>1</span> scenario(s) passed</span>
				</div>
				<div class='block text-small'>
					<span class='strong tooltipped' data-position='top' data-tooltip='31.25%'>5</span> scenario(s) failed, <span class='strong tooltipped' data-position='top' data-tooltip='62.5%'>10</span> others
				</div>
			</div>
		</div>
		
		<div class='col s12 m4 l4 np-h'>
			<div class='card-panel nm-v'>
				<div class='left panel-name'>Steps</div>
				<div class='chart-box'>
					<canvas id='grandchild-analysis' width='100' height='80'></canvas>
				</div>
				<div class='block text-small'>
					<span class='tooltipped' data-position='top' data-tooltip='11.31%'><span class='strong'>19</span> step(s) passed</span>
				</div>
				<div class='block text-small'>
					<span class='strong tooltipped' data-position='top' data-tooltip='2.976%'>5</span> step(s) failed, <span class='strong tooltipped' data-position='top' data-tooltip='85.714%'>144</span> others
				</div>
			</div>
		</div>
	</div>
</div>

	<div class='subview-left left'>
		
		<div class='view-summary'>
			<h5>Features</h5>
			<ul id='test-collection' class='test-collection'>
				
				
				<li class='test displayed active has-leaf fail' status='fail' bdd='true' test-id='1'>
					<div class='test-heading'>
						<span class='test-name'>User is on e-Filing Page</span>
						<span class='test-time'>Jul 27, 2018 11:45:21 AM</span>
						<span class='test-status right fail'>fail</span>
					</div>
					<div class='test-content hide'>
<div class='scenariooutline node' test-id='2' status='fail'>
	<span class='duration right label'>0h 1m 41s+657ms</span>
	<div class='desc'>
		<b>ScenarioOutline</b>
		<span class="desc-text">Validate the field limits of Total Number numeric fields in Credit Note Cancelled field</span>
	</div>
	<ul class='steps'>
		<li test-id='3' class='node scenario pass' status='pass'>
			<div class='category-list'>
				<span class='category label white-text'>@TC_19</span>
			</div>
			
			<b>Scenario</b>
			
			<span class="bdd-step-name">Validate the field limits of Total Number numeric fields in Credit Note Cancelled field</span>
			
				<ul class='steps'>
					<li test-id='4' class='node given pass' status='pass'><b>Given</b>
						<span class="bdd-step-name">Given User is on E Declaration Page</span>
							<div class='pre'>passed</div>
					</li>
					<li test-id='5' class='node and pass' status='pass'><b>And</b>
						<span class="bdd-step-name">And User click on VAT e-Filing Tab</span>
							<div class='pre'>passed</div>
					</li>
					<li test-id='6' class='node and pass' status='pass'><b>And</b>
						<span class="bdd-step-name">And User click on collapse for the month "May" for Gross amount</span>
							<div class='pre'>passed</div>
					</li>
					<li test-id='7' class='node and pass' status='pass'><b>And</b>
						<span class="bdd-step-name">And User click on File button "MayFile" and navigate to E-Declaration page for Gross amount</span>
							<div class='pre'>passed</div>
					</li>
					<li test-id='8' class='node and pass' status='pass'><b>And</b>
						<span class="bdd-step-name">And User Enter Details</span>
							<div class='pre'>passed</div>
					</li>
					<li test-id='9' class='node and pass' status='pass'><b>And</b>
						<span class="bdd-step-name">And User fill details for sales "20" "20" "20" "20" "20" "20" for sales</span>
							<div class='pre'>passed</div>
					</li>
					<li test-id='10' class='node and pass' status='pass'><b>And</b>
						<span class="bdd-step-name">And User fill details for purchase "20" "20" "20" "20" "20" "20" for purchase</span>
							<div class='pre'>passed</div>
					</li>
					<li test-id='11' class='node and pass' status='pass'><b>And</b>
						<span class="bdd-step-name">And User fill detail for document summary "20" "20" "20" "20"  "" "" for document summary</span>
							<div class='pre'>passed</div>
					</li>
					<li test-id='12' class='node and pass' status='pass'><b>And</b>
						<span class="bdd-step-name">And User click on check box and select Authorised Signatory</span>
							<div class='pre'>passed</div>
					</li>
					<li test-id='13' class='node and pass' status='pass'><b>And</b>
						<span class="bdd-step-name">And User click on submit button and check Validation message for Credit Note Cancelled field</span>
							<div class='pre'>passed</div>
					</li>
					<li test-id='14' class='node and pass' status='pass'><b>And</b>
						<span class="bdd-step-name">And User Logout</span>
						<ul class='screenshots right'>
							<li><a data-featherlight="image" href="D:\DRC_Franky\DRC_VAT\test-output\Fri Jul 27\screenshots\Validate the field limits of Total Number numeric fields in Credit Note Cancelled field_114522.png"><i class='material-icons'>panorama</i></a></li>
						</ul>
							<div class='pre'>passed</div>
					</li>
				</ul>
		</li>
		<li test-id='15' class='node scenario fail' status='fail'>
			<div class='category-list'>
				<span class='category label white-text'>@TC_19</span>
			</div>
			
			<b>Scenario</b>
			
			<span class="bdd-step-name">Validate the field limits of Total Number numeric fields in Credit Note Cancelled field</span>
			
				<ul class='steps'>
					<li test-id='16' class='node given pass' status='pass'><b>Given</b>
						<span class="bdd-step-name">Given User is on E Declaration Page</span>
							<div class='pre'>passed</div>
					</li>
					<li test-id='17' class='node and pass' status='pass'><b>And</b>
						<span class="bdd-step-name">And User click on VAT e-Filing Tab</span>
							<div class='pre'>passed</div>
					</li>
					<li test-id='18' class='node and pass' status='pass'><b>And</b>
						<span class="bdd-step-name">And User click on collapse for the month "May" for Gross amount</span>
							<div class='pre'>passed</div>
					</li>
					<li test-id='19' class='node and pass' status='pass'><b>And</b>
						<span class="bdd-step-name">And User click on File button "MayFile" and navigate to E-Declaration page for Gross amount</span>
							<div class='pre'>passed</div>
					</li>
					<li test-id='20' class='node and pass' status='pass'><b>And</b>
						<span class="bdd-step-name">And User Enter Details</span>
							<div class='pre'>passed</div>
					</li>
					<li test-id='21' class='node and pass' status='pass'><b>And</b>
						<span class="bdd-step-name">And User fill details for sales "20" "20" "20" "20" "20" "20" for sales</span>
							<div class='pre'>passed</div>
					</li>
					<li test-id='22' class='node and pass' status='pass'><b>And</b>
						<span class="bdd-step-name">And User fill details for purchase "20" "20" "20" "20" "20" "20" for purchase</span>
							<div class='pre'>passed</div>
					</li>
					<li test-id='23' class='node and pass' status='pass'><b>And</b>
						<span class="bdd-step-name">And User fill detail for document summary "20" "20" "20" "20"  "20" "-sadlah" for document summary</span>
							<div class='pre'>passed</div>
					</li>
					<li test-id='24' class='node and fail' status='fail'><b>And</b>
						<span class="bdd-step-name">And User click on check box and select Authorised Signatory</span>
							<div class='pre'><pre>org.openqa.selenium.TimeoutException: Expected condition failed: waiting for element to be clickable: By.xpath: //*[@class="ng-option ng-option-marked ng-star-inserted"] (tried for 60 second(s) with 500 milliseconds interval)
	at org.openqa.selenium.support.ui.WebDriverWait.timeoutException(WebDriverWait.java:81)
	at org.openqa.selenium.support.ui.FluentWait.until(FluentWait.java:271)
	at org.drc.vat.appmanager.HelperBase.clickOn(HelperBase.java:74)
	at org.drc.vat.StepDefinitions.eDeclarations.user_click_on_check_box_and_select_Authorised_Signatory(eDeclarations.java:409)
	at ?.And User click on check box and select Authorised Signatory(features/eDeclarations.feature:13)
Caused by: org.openqa.selenium.NoSuchElementException: Cannot locate an element using By.xpath: //*[@class="ng-option ng-option-marked ng-star-inserted"]
For documentation on this error, please visit: http://seleniumhq.org/exceptions/no_such_element.html
Build info: version: '3.11.0', revision: 'e59cfb3', time: '2018-03-11T20:26:55.152Z'
System info: host: 'CS84-PC', ip: '192.168.194.2', os.name: 'Windows 10', os.arch: 'amd64', os.version: '10.0', java.version: '1.8.0_171'
Driver info: driver.version: unknown
	at org.openqa.selenium.support.ui.ExpectedConditions.lambda$findElement$0(ExpectedConditions.java:896)
	at java.util.Optional.orElseThrow(Unknown Source)
	at org.openqa.selenium.support.ui.ExpectedConditions.findElement(ExpectedConditions.java:895)
	at org.openqa.selenium.support.ui.ExpectedConditions.access$000(ExpectedConditions.java:44)
	at org.openqa.selenium.support.ui.ExpectedConditions$7.apply(ExpectedConditions.java:206)
	at org.openqa.selenium.support.ui.ExpectedConditions$7.apply(ExpectedConditions.java:202)
	at org.openqa.selenium.support.ui.ExpectedConditions$22.apply(ExpectedConditions.java:657)
	at org.openqa.selenium.support.ui.ExpectedConditions$22.apply(ExpectedConditions.java:654)
	at org.openqa.selenium.support.ui.FluentWait.until(FluentWait.java:248)
	at org.drc.vat.appmanager.HelperBase.clickOn(HelperBase.java:74)
	at org.drc.vat.StepDefinitions.eDeclarations.user_click_on_check_box_and_select_Authorised_Signatory(eDeclarations.java:409)
	at sun.reflect.NativeMethodAccessorImpl.invoke0(Native Method)
	at sun.reflect.NativeMethodAccessorImpl.invoke(Unknown Source)
	at sun.reflect.DelegatingMethodAccessorImpl.invoke(Unknown Source)
	at java.lang.reflect.Method.invoke(Unknown Source)
	at cucumber.runtime.Utils$1.call(Utils.java:40)
	at cucumber.runtime.Timeout.timeout(Timeout.java:16)
	at cucumber.runtime.Utils.invoke(Utils.java:34)
	at cucumber.runtime.java.JavaStepDefinition.execute(JavaStepDefinition.java:38)
	at cucumber.runtime.StepDefinitionMatch.runStep(StepDefinitionMatch.java:37)
	at cucumber.runtime.Runtime.runStep(Runtime.java:300)
	at cucumber.runtime.model.StepContainer.runStep(StepContainer.java:44)
	at cucumber.runtime.model.StepContainer.runSteps(StepContainer.java:39)
	at cucumber.runtime.model.CucumberScenario.run(CucumberScenario.java:44)
	at cucumber.runtime.model.CucumberScenarioOutline.run(CucumberScenarioOutline.java:46)
	at cucumber.runtime.model.CucumberFeature.run(CucumberFeature.java:165)
	at cucumber.api.testng.TestNGCucumberRunner.runCucumber(TestNGCucumberRunner.java:63)
	at cucumber.api.testng.AbstractTestNGCucumberTests.feature(AbstractTestNGCucumberTests.java:21)
	at sun.reflect.NativeMethodAccessorImpl.invoke0(Native Method)
	at sun.reflect.NativeMethodAccessorImpl.invoke(Unknown Source)
	at sun.reflect.DelegatingMethodAccessorImpl.invoke(Unknown Source)
	at java.lang.reflect.Method.invoke(Unknown Source)
	at org.testng.internal.MethodInvocationHelper.invokeMethod(MethodInvocationHelper.java:86)
	at org.testng.internal.Invoker.invokeMethod(Invoker.java:643)
	at org.testng.internal.Invoker.invokeTestMethod(Invoker.java:820)
	at org.testng.internal.Invoker.invokeTestMethods(Invoker.java:1128)
	at org.testng.internal.TestMethodWorker.invokeTestMethods(TestMethodWorker.java:129)
	at org.testng.internal.TestMethodWorker.run(TestMethodWorker.java:112)
	at org.testng.TestRunner.privateRun(TestRunner.java:782)
	at org.testng.TestRunner.run(TestRunner.java:632)
	at org.testng.SuiteRunner.runTest(SuiteRunner.java:366)
	at org.testng.SuiteRunner.runSequentially(SuiteRunner.java:361)
	at org.testng.SuiteRunner.privateRun(SuiteRunner.java:319)
	at org.testng.SuiteRunner.run(SuiteRunner.java:268)
	at org.testng.SuiteRunnerWorker.runSuite(SuiteRunnerWorker.java:52)
	at org.testng.SuiteRunnerWorker.run(SuiteRunnerWorker.java:86)
	at org.testng.TestNG.runSuitesSequentially(TestNG.java:1244)
	at org.testng.TestNG.runSuitesLocally(TestNG.java:1169)
	at org.testng.TestNG.run(TestNG.java:1064)
	at org.testng.remote.AbstractRemoteTestNG.run(AbstractRemoteTestNG.java:114)
	at org.testng.remote.RemoteTestNG.initAndRun(RemoteTestNG.java:251)
	at org.testng.remote.RemoteTestNG.main(RemoteTestNG.java:77)
</pre></div>
					</li>
					<li test-id='25' class='node and skip' status='skip'><b>And</b>
						<span class="bdd-step-name">And User click on submit button and check Validation message for Credit Note Cancelled field</span>
							<div class='pre'>skipped</div>
					</li>
					<li test-id='26' class='node and skip' status='skip'><b>And</b>
						<span class="bdd-step-name">And User Logout</span>
						<ul class='screenshots right'>
							<li><a data-featherlight="image" href="D:\DRC_Franky\DRC_VAT\test-output\Fri Jul 27\screenshots\Validate the field limits of Total Number numeric fields in Credit Note Cancelled field_114544.png"><i class='material-icons'>panorama</i></a></li>
						</ul>
							<div class='pre'>skipped</div>
					</li>
				</ul>
		</li>
		<li test-id='27' class='node scenario fail' status='fail'>
			<div class='category-list'>
				<span class='category label white-text'>@TC_19</span>
			</div>
			
			<b>Scenario</b>
			
			<span class="bdd-step-name">Validate the field limits of Total Number numeric fields in Credit Note Cancelled field</span>
			
				<ul class='steps'>
					<li test-id='28' class='node given fail' status='fail'><b>Given</b>
						<span class="bdd-step-name">Given User is on E Declaration Page</span>
							<div class='pre'><pre>org.openqa.selenium.NoSuchElementException: no such element: Unable to locate element: {"method":"xpath","selector":"//*[contains(@id,'UserName')]"}
  (Session info: chrome=67.0.3396.99)
  (Driver info: chromedriver=2.38.552522 (437e6fbedfa8762dec75e2c5b3ddb86763dc9dcb),platform=Windows NT 10.0.16299 x86_64) (WARNING: The server did not provide any stacktrace information)
Command duration or timeout: 0 milliseconds
For documentation on this error, please visit: http://seleniumhq.org/exceptions/no_such_element.html
Build info: version: '3.11.0', revision: 'e59cfb3', time: '2018-03-11T20:26:55.152Z'
System info: host: 'CS84-PC', ip: '192.168.194.2', os.name: 'Windows 10', os.arch: 'amd64', os.version: '10.0', java.version: '1.8.0_171'
Driver info: org.openqa.selenium.chrome.ChromeDriver
Capabilities {acceptInsecureCerts: false, acceptSslCerts: false, applicationCacheEnabled: false, browserConnectionEnabled: false, browserName: chrome, chrome: {chromedriverVersion: 2.38.552522 (437e6fbedfa876..., userDataDir: C:\Users\admin\AppData\Loca...}, cssSelectorsEnabled: true, databaseEnabled: false, handlesAlerts: true, hasTouchScreen: false, javascriptEnabled: true, locationContextEnabled: true, mobileEmulationEnabled: false, nativeEvents: true, networkConnectionEnabled: false, pageLoadStrategy: normal, platform: XP, platformName: XP, rotatable: false, setWindowRect: true, takesHeapSnapshot: true, takesScreenshot: true, unexpectedAlertBehaviour: , unhandledPromptBehavior: , version: 67.0.3396.99, webStorageEnabled: true}
Session ID: 433df3a7ca7a04b0a53ac2e9cd37d69c
*** Element info: {Using=xpath, value=//*[contains(@id,'UserName')]}
	at sun.reflect.NativeConstructorAccessorImpl.newInstance0(Native Method)
	at sun.reflect.NativeConstructorAccessorImpl.newInstance(Unknown Source)
	at sun.reflect.DelegatingConstructorAccessorImpl.newInstance(Unknown Source)
	at java.lang.reflect.Constructor.newInstance(Unknown Source)
	at org.openqa.selenium.remote.ErrorHandler.createThrowable(ErrorHandler.java:214)
	at org.openqa.selenium.remote.ErrorHandler.throwIfResponseFailed(ErrorHandler.java:166)
	at org.openqa.selenium.remote.http.JsonHttpResponseCodec.reconstructValue(JsonHttpResponseCodec.java:40)
	at org.openqa.selenium.remote.http.AbstractHttpResponseCodec.decode(AbstractHttpResponseCodec.java:80)
	at org.openqa.selenium.remote.http.AbstractHttpResponseCodec.decode(AbstractHttpResponseCodec.java:44)
	at org.openqa.selenium.remote.HttpCommandExecutor.execute(HttpCommandExecutor.java:158)
	at org.openqa.selenium.remote.service.DriverCommandExecutor.execute(DriverCommandExecutor.java:83)
	at org.openqa.selenium.remote.RemoteWebDriver.execute(RemoteWebDriver.java:545)
	at org.openqa.selenium.remote.RemoteWebDriver.findElement(RemoteWebDriver.java:319)
	at org.openqa.selenium.remote.RemoteWebDriver.findElementByXPath(RemoteWebDriver.java:421)
	at org.openqa.selenium.By$ByXPath.findElement(By.java:361)
	at org.openqa.selenium.remote.RemoteWebDriver.findElement(RemoteWebDriver.java:311)
	at org.drc.vat.appmanager.HelperBase.type(HelperBase.java:101)
	at org.drc.vat.appmanager.HelperBase.login(HelperBase.java:52)
	at org.drc.vat.StepDefinitions.eDeclarations.user_is_on_E_Declaration_Page(eDeclarations.java:20)
	at ?.Given User is on E Declaration Page(features/eDeclarations.feature:5)
</pre></div>
					</li>
					<li test-id='29' class='node and skip' status='skip'><b>And</b>
						<span class="bdd-step-name">And User click on VAT e-Filing Tab</span>
							<div class='pre'>skipped</div>
					</li>
					<li test-id='30' class='node and skip' status='skip'><b>And</b>
						<span class="bdd-step-name">And User click on collapse for the month "May" for Gross amount</span>
							<div class='pre'>skipped</div>
					</li>
					<li test-id='31' class='node and skip' status='skip'><b>And</b>
						<span class="bdd-step-name">And User click on File button "MayFile" and navigate to E-Declaration page for Gross amount</span>
							<div class='pre'>skipped</div>
					</li>
					<li test-id='32' class='node and skip' status='skip'><b>And</b>
						<span class="bdd-step-name">And User Enter Details</span>
							<div class='pre'>skipped</div>
					</li>
					<li test-id='33' class='node and skip' status='skip'><b>And</b>
						<span class="bdd-step-name">And User fill details for sales "20" "20" "20" "20" "20" "20" for sales</span>
							<div class='pre'>skipped</div>
					</li>
					<li test-id='34' class='node and skip' status='skip'><b>And</b>
						<span class="bdd-step-name">And User fill details for purchase "20" "20" "20" "20" "20" "20" for purchase</span>
							<div class='pre'>skipped</div>
					</li>
					<li test-id='35' class='node and skip' status='skip'><b>And</b>
						<span class="bdd-step-name">And User fill detail for document summary "20" "20" "20" "20"  "20" "$^$%@#" for document summary</span>
							<div class='pre'>skipped</div>
					</li>
					<li test-id='36' class='node and skip' status='skip'><b>And</b>
						<span class="bdd-step-name">And User click on check box and select Authorised Signatory</span>
							<div class='pre'>skipped</div>
					</li>
					<li test-id='37' class='node and skip' status='skip'><b>And</b>
						<span class="bdd-step-name">And User click on submit button and check Validation message for Credit Note Cancelled field</span>
							<div class='pre'>skipped</div>
					</li>
					<li test-id='38' class='node and skip' status='skip'><b>And</b>
						<span class="bdd-step-name">And User Logout</span>
						<ul class='screenshots right'>
							<li><a data-featherlight="image" href="D:\DRC_Franky\DRC_VAT\test-output\Fri Jul 27\screenshots\Validate the field limits of Total Number numeric fields in Credit Note Cancelled field_114657.png"><i class='material-icons'>panorama</i></a></li>
						</ul>
							<div class='pre'>skipped</div>
					</li>
				</ul>
		</li>
	</ul>
</div>
<div class='scenariooutline node' test-id='39' status='fail'>
	<span class='duration right label'>0h 0m 6s+72ms</span>
	<div class='desc'>
		<b>ScenarioOutline</b>
		<span class="desc-text">Validate the Total Number should not be inserted and submitted less than Cancelled Document Summary.</span>
	</div>
	<ul class='steps'>
		<li test-id='40' class='node scenario fail' status='fail'>
			<div class='category-list'>
				<span class='category label white-text'>@TC_20</span>
			</div>
			
			<b>Scenario</b>
			
			<span class="bdd-step-name">Validate the Total Number should not be inserted and submitted less than Cancelled Document Summary.</span>
			
				<ul class='steps'>
					<li test-id='41' class='node given fail' status='fail'><b>Given</b>
						<span class="bdd-step-name">Given User is on E Declaration Page</span>
							<div class='pre'><pre>org.openqa.selenium.NoSuchElementException: no such element: Unable to locate element: {"method":"xpath","selector":"//*[contains(@id,'UserName')]"}
  (Session info: chrome=67.0.3396.99)
  (Driver info: chromedriver=2.38.552522 (437e6fbedfa8762dec75e2c5b3ddb86763dc9dcb),platform=Windows NT 10.0.16299 x86_64) (WARNING: The server did not provide any stacktrace information)
Command duration or timeout: 0 milliseconds
For documentation on this error, please visit: http://seleniumhq.org/exceptions/no_such_element.html
Build info: version: '3.11.0', revision: 'e59cfb3', time: '2018-03-11T20:26:55.152Z'
System info: host: 'CS84-PC', ip: '192.168.194.2', os.name: 'Windows 10', os.arch: 'amd64', os.version: '10.0', java.version: '1.8.0_171'
Driver info: org.openqa.selenium.chrome.ChromeDriver
Capabilities {acceptInsecureCerts: false, acceptSslCerts: false, applicationCacheEnabled: false, browserConnectionEnabled: false, browserName: chrome, chrome: {chromedriverVersion: 2.38.552522 (437e6fbedfa876..., userDataDir: C:\Users\admin\AppData\Loca...}, cssSelectorsEnabled: true, databaseEnabled: false, handlesAlerts: true, hasTouchScreen: false, javascriptEnabled: true, locationContextEnabled: true, mobileEmulationEnabled: false, nativeEvents: true, networkConnectionEnabled: false, pageLoadStrategy: normal, platform: XP, platformName: XP, rotatable: false, setWindowRect: true, takesHeapSnapshot: true, takesScreenshot: true, unexpectedAlertBehaviour: , unhandledPromptBehavior: , version: 67.0.3396.99, webStorageEnabled: true}
Session ID: 433df3a7ca7a04b0a53ac2e9cd37d69c
*** Element info: {Using=xpath, value=//*[contains(@id,'UserName')]}
	at sun.reflect.NativeConstructorAccessorImpl.newInstance0(Native Method)
	at sun.reflect.NativeConstructorAccessorImpl.newInstance(Unknown Source)
	at sun.reflect.DelegatingConstructorAccessorImpl.newInstance(Unknown Source)
	at java.lang.reflect.Constructor.newInstance(Unknown Source)
	at org.openqa.selenium.remote.ErrorHandler.createThrowable(ErrorHandler.java:214)
	at org.openqa.selenium.remote.ErrorHandler.throwIfResponseFailed(ErrorHandler.java:166)
	at org.openqa.selenium.remote.http.JsonHttpResponseCodec.reconstructValue(JsonHttpResponseCodec.java:40)
	at org.openqa.selenium.remote.http.AbstractHttpResponseCodec.decode(AbstractHttpResponseCodec.java:80)
	at org.openqa.selenium.remote.http.AbstractHttpResponseCodec.decode(AbstractHttpResponseCodec.java:44)
	at org.openqa.selenium.remote.HttpCommandExecutor.execute(HttpCommandExecutor.java:158)
	at org.openqa.selenium.remote.service.DriverCommandExecutor.execute(DriverCommandExecutor.java:83)
	at org.openqa.selenium.remote.RemoteWebDriver.execute(RemoteWebDriver.java:545)
	at org.openqa.selenium.remote.RemoteWebDriver.findElement(RemoteWebDriver.java:319)
	at org.openqa.selenium.remote.RemoteWebDriver.findElementByXPath(RemoteWebDriver.java:421)
	at org.openqa.selenium.By$ByXPath.findElement(By.java:361)
	at org.openqa.selenium.remote.RemoteWebDriver.findElement(RemoteWebDriver.java:311)
	at org.drc.vat.appmanager.HelperBase.type(HelperBase.java:101)
	at org.drc.vat.appmanager.HelperBase.login(HelperBase.java:52)
	at org.drc.vat.StepDefinitions.eDeclarations.user_is_on_E_Declaration_Page(eDeclarations.java:20)
	at ?.Given User is on E Declaration Page(features/eDeclarations.feature:30)
</pre></div>
					</li>
					<li test-id='42' class='node and skip' status='skip'><b>And</b>
						<span class="bdd-step-name">And User click on VAT e-Filing Tab</span>
							<div class='pre'>skipped</div>
					</li>
					<li test-id='43' class='node and skip' status='skip'><b>And</b>
						<span class="bdd-step-name">And User click on collapse for the month "May" for VAT amount</span>
							<div class='pre'>skipped</div>
					</li>
					<li test-id='44' class='node and skip' status='skip'><b>And</b>
						<span class="bdd-step-name">And User click on File button "MayFile" and navigate to E-Declaration page for VAT amount</span>
							<div class='pre'>skipped</div>
					</li>
					<li test-id='45' class='node and skip' status='skip'><b>And</b>
						<span class="bdd-step-name">And User Enter Details</span>
							<div class='pre'>skipped</div>
					</li>
					<li test-id='46' class='node and skip' status='skip'><b>And</b>
						<span class="bdd-step-name">And User fill detail for document summary "1" "10" "10" "10"  "10" "10" for document summary</span>
							<div class='pre'>skipped</div>
					</li>
					<li test-id='47' class='node and skip' status='skip'><b>And</b>
						<span class="bdd-step-name">And User click on Submit and check Valiadation message for Total Number is less than Cancelled document</span>
							<div class='pre'>skipped</div>
					</li>
					<li test-id='48' class='node and skip' status='skip'><b>And</b>
						<span class="bdd-step-name">And User Logout</span>
						<ul class='screenshots right'>
							<li><a data-featherlight="image" href="D:\DRC_Franky\DRC_VAT\test-output\Fri Jul 27\screenshots\Validate the Total Number should not be inserted and submitted less than Cancelled Document Summary._114704.png"><i class='material-icons'>panorama</i></a></li>
						</ul>
							<div class='pre'>skipped</div>
					</li>
				</ul>
		</li>
	</ul>
</div>
<div class='scenariooutline node' test-id='49' status='fail'>
	<span class='duration right label'>0h 0m 6s+168ms</span>
	<div class='desc'>
		<b>ScenarioOutline</b>
		<span class="desc-text">Validate VAT amount FC  for adjustment sales type in sales e filing InValid</span>
	</div>
	<ul class='steps'>
		<li test-id='50' class='node scenario fail' status='fail'>
			<div class='category-list'>
				<span class='category label white-text'>@TC_22_InValid</span>
			</div>
			
			<b>Scenario</b>
			
			<span class="bdd-step-name">Validate VAT amount FC  for adjustment sales type in sales e filing InValid</span>
			
				<ul class='steps'>
					<li test-id='51' class='node given fail' status='fail'><b>Given</b>
						<span class="bdd-step-name">Given User is on E Declaration Page</span>
							<div class='pre'><pre>org.openqa.selenium.NoSuchElementException: no such element: Unable to locate element: {"method":"xpath","selector":"//*[contains(@id,'UserName')]"}
  (Session info: chrome=67.0.3396.99)
  (Driver info: chromedriver=2.38.552522 (437e6fbedfa8762dec75e2c5b3ddb86763dc9dcb),platform=Windows NT 10.0.16299 x86_64) (WARNING: The server did not provide any stacktrace information)
Command duration or timeout: 0 milliseconds
For documentation on this error, please visit: http://seleniumhq.org/exceptions/no_such_element.html
Build info: version: '3.11.0', revision: 'e59cfb3', time: '2018-03-11T20:26:55.152Z'
System info: host: 'CS84-PC', ip: '192.168.194.2', os.name: 'Windows 10', os.arch: 'amd64', os.version: '10.0', java.version: '1.8.0_171'
Driver info: org.openqa.selenium.chrome.ChromeDriver
Capabilities {acceptInsecureCerts: false, acceptSslCerts: false, applicationCacheEnabled: false, browserConnectionEnabled: false, browserName: chrome, chrome: {chromedriverVersion: 2.38.552522 (437e6fbedfa876..., userDataDir: C:\Users\admin\AppData\Loca...}, cssSelectorsEnabled: true, databaseEnabled: false, handlesAlerts: true, hasTouchScreen: false, javascriptEnabled: true, locationContextEnabled: true, mobileEmulationEnabled: false, nativeEvents: true, networkConnectionEnabled: false, pageLoadStrategy: normal, platform: XP, platformName: XP, rotatable: false, setWindowRect: true, takesHeapSnapshot: true, takesScreenshot: true, unexpectedAlertBehaviour: , unhandledPromptBehavior: , version: 67.0.3396.99, webStorageEnabled: true}
Session ID: 433df3a7ca7a04b0a53ac2e9cd37d69c
*** Element info: {Using=xpath, value=//*[contains(@id,'UserName')]}
	at sun.reflect.NativeConstructorAccessorImpl.newInstance0(Native Method)
	at sun.reflect.NativeConstructorAccessorImpl.newInstance(Unknown Source)
	at sun.reflect.DelegatingConstructorAccessorImpl.newInstance(Unknown Source)
	at java.lang.reflect.Constructor.newInstance(Unknown Source)
	at org.openqa.selenium.remote.ErrorHandler.createThrowable(ErrorHandler.java:214)
	at org.openqa.selenium.remote.ErrorHandler.throwIfResponseFailed(ErrorHandler.java:166)
	at org.openqa.selenium.remote.http.JsonHttpResponseCodec.reconstructValue(JsonHttpResponseCodec.java:40)
	at org.openqa.selenium.remote.http.AbstractHttpResponseCodec.decode(AbstractHttpResponseCodec.java:80)
	at org.openqa.selenium.remote.http.AbstractHttpResponseCodec.decode(AbstractHttpResponseCodec.java:44)
	at org.openqa.selenium.remote.HttpCommandExecutor.execute(HttpCommandExecutor.java:158)
	at org.openqa.selenium.remote.service.DriverCommandExecutor.execute(DriverCommandExecutor.java:83)
	at org.openqa.selenium.remote.RemoteWebDriver.execute(RemoteWebDriver.java:545)
	at org.openqa.selenium.remote.RemoteWebDriver.findElement(RemoteWebDriver.java:319)
	at org.openqa.selenium.remote.RemoteWebDriver.findElementByXPath(RemoteWebDriver.java:421)
	at org.openqa.selenium.By$ByXPath.findElement(By.java:361)
	at org.openqa.selenium.remote.RemoteWebDriver.findElement(RemoteWebDriver.java:311)
	at org.drc.vat.appmanager.HelperBase.type(HelperBase.java:101)
	at org.drc.vat.appmanager.HelperBase.login(HelperBase.java:52)
	at org.drc.vat.StepDefinitions.eDeclarations.user_is_on_E_Declaration_Page(eDeclarations.java:20)
	at ?.Given User is on E Declaration Page(features/eDeclarations.feature:66)
</pre></div>
					</li>
					<li test-id='52' class='node and skip' status='skip'><b>And</b>
						<span class="bdd-step-name">And User click on VAT e-Filing Tab</span>
							<div class='pre'>skipped</div>
					</li>
					<li test-id='53' class='node and skip' status='skip'><b>And</b>
						<span class="bdd-step-name">And User click on collapse for the month "May" for VAT amount</span>
							<div class='pre'>skipped</div>
					</li>
					<li test-id='54' class='node and skip' status='skip'><b>And</b>
						<span class="bdd-step-name">And User click on File button "MayFile" and navigate to E-Declaration page for VAT amount</span>
							<div class='pre'>skipped</div>
					</li>
					<li test-id='55' class='node and skip' status='skip'><b>And</b>
						<span class="bdd-step-name">And User fill details for sales "20" "20" "20" "20" "500" "-500" for sales</span>
							<div class='pre'>skipped</div>
					</li>
					<li test-id='56' class='node and skip' status='skip'><b>And</b>
						<span class="bdd-step-name">And User fill details for purchase "20" "20" "20" "20" "20" "20" for purchase</span>
							<div class='pre'>skipped</div>
					</li>
					<li test-id='57' class='node and skip' status='skip'><b>And</b>
						<span class="bdd-step-name">And User fill detail for document summary "20" "20" "20" "20"  "20" "20" for document summary</span>
							<div class='pre'>skipped</div>
					</li>
					<li test-id='58' class='node and skip' status='skip'><b>And</b>
						<span class="bdd-step-name">And User click on check box and select Authorised Signatory</span>
							<div class='pre'>skipped</div>
					</li>
					<li test-id='59' class='node and skip' status='skip'><b>And</b>
						<span class="bdd-step-name">And User check message for Adjustment</span>
							<div class='pre'>skipped</div>
					</li>
					<li test-id='60' class='node and skip' status='skip'><b>And</b>
						<span class="bdd-step-name">And User Logout</span>
						<ul class='screenshots right'>
							<li><a data-featherlight="image" href="D:\DRC_Franky\DRC_VAT\test-output\Fri Jul 27\screenshots\Validate VAT amount FC  for adjustment sales type in sales e filing InValid_114711.png"><i class='material-icons'>panorama</i></a></li>
						</ul>
							<div class='pre'>skipped</div>
					</li>
				</ul>
		</li>
	</ul>
</div>
<div class='scenariooutline node' test-id='61' status='fail'>
	<span class='duration right label'>0h 0m 3s+137ms</span>
	<div class='desc'>
		<b>ScenarioOutline</b>
		<span class="desc-text">Validate VAT amount FC  for adjustment sales type in sales e filing Valid</span>
	</div>
	<ul class='steps'>
		<li test-id='62' class='node scenario fail' status='fail'>
			<div class='category-list'>
				<span class='category label white-text'>@TC_22_Valid</span>
			</div>
			
			<b>Scenario</b>
			
			<span class="bdd-step-name">Validate VAT amount FC  for adjustment sales type in sales e filing Valid</span>
			
				<ul class='steps'>
					<li test-id='63' class='node given fail' status='fail'><b>Given</b>
						<span class="bdd-step-name">Given User is on E Declaration Page</span>
							<div class='pre'><pre>java.lang.NullPointerException
	at org.drc.vat.appmanager.HelperBase.type(HelperBase.java:101)
	at org.drc.vat.appmanager.HelperBase.login(HelperBase.java:52)
	at org.drc.vat.StepDefinitions.eDeclarations.user_is_on_E_Declaration_Page(eDeclarations.java:20)
	at ?.Given User is on E Declaration Page(features/eDeclarations.feature:89)
</pre></div>
					</li>
					<li test-id='64' class='node and skip' status='skip'><b>And</b>
						<span class="bdd-step-name">And User click on VAT e-Filing Tab</span>
							<div class='pre'>skipped</div>
					</li>
					<li test-id='65' class='node and skip' status='skip'><b>And</b>
						<span class="bdd-step-name">And User click on collapse for the month "May" for VAT amount</span>
							<div class='pre'>skipped</div>
					</li>
					<li test-id='66' class='node and skip' status='skip'><b>And</b>
						<span class="bdd-step-name">And User click on File button "MayFile" and navigate to E-Declaration page for VAT amount</span>
							<div class='pre'>skipped</div>
					</li>
					<li test-id='67' class='node and skip' status='skip'><b>And</b>
						<span class="bdd-step-name">And User fill details for sales "20" "20" "20" "20" "-500" "-500" for sales</span>
							<div class='pre'>skipped</div>
					</li>
					<li test-id='68' class='node and skip' status='skip'><b>And</b>
						<span class="bdd-step-name">And User fill details for purchase "20" "20" "20" "20" "20" "20" for purchase</span>
							<div class='pre'>skipped</div>
					</li>
					<li test-id='69' class='node and skip' status='skip'><b>And</b>
						<span class="bdd-step-name">And User fill detail for document summary "20" "20" "20" "20"  "20" "20" for document summary</span>
							<div class='pre'>skipped</div>
					</li>
					<li test-id='70' class='node and skip' status='skip'><b>And</b>
						<span class="bdd-step-name">And User click on check box and select Authorised Signatory</span>
							<div class='pre'>skipped</div>
					</li>
					<li test-id='71' class='node and skip' status='skip'><b>And</b>
						<span class="bdd-step-name">And User see verification code and enter OTP value and click on verify for e filing</span>
							<div class='pre'>skipped</div>
					</li>
					<li test-id='72' class='node and skip' status='skip'><b>And</b>
						<span class="bdd-step-name">And User see validation message and click on ok button for e filing</span>
							<div class='pre'>skipped</div>
					</li>
					<li test-id='73' class='node and skip' status='skip'><b>And</b>
						<span class="bdd-step-name">And User Logout</span>
							<div class='pre'>skipped</div>
					</li>
				</ul>
		</li>
	</ul>
</div>
<div class='scenariooutline node' test-id='74' status='skip'>
	<span class='duration right label'>0h 0m 0s+27ms</span>
	<div class='desc'>
		<b>ScenarioOutline</b>
		<span class="desc-text">Validate VAT amount FC  for adjustment Purchase type in Purchase e filing InValid</span>
	</div>
	<ul class='steps'>
		<li test-id='75' class='node scenario skip' status='skip'>
			<div class='category-list'>
				<span class='category label white-text'>@TC_23_InValid</span>
			</div>
			
			<b>Scenario</b>
			
			<span class="bdd-step-name">Validate VAT amount FC  for adjustment Purchase type in Purchase e filing InValid</span>
			
				<ul class='steps'>
					<li test-id='76' class='node given skip' status='skip'><b>Given</b>
						<span class="bdd-step-name">Given User is on E Declaration Page</span>
							<div class='pre'>skipped</div>
					</li>
					<li test-id='77' class='node and skip' status='skip'><b>And</b>
						<span class="bdd-step-name">And User click on VAT e-Filing Tab</span>
							<div class='pre'>skipped</div>
					</li>
					<li test-id='78' class='node and skip' status='skip'><b>And</b>
						<span class="bdd-step-name">And User click on collapse for the month "Jun" for VAT amount</span>
							<div class='pre'>skipped</div>
					</li>
					<li test-id='79' class='node and skip' status='skip'><b>And</b>
						<span class="bdd-step-name">And User click on File button "JunFile" and navigate to E-Declaration page for VAT amount</span>
							<div class='pre'>skipped</div>
					</li>
					<li test-id='80' class='node and skip' status='skip'><b>And</b>
						<span class="bdd-step-name">And User fill details for sales "20" "20" "20" "20" "20" "20" for sales</span>
							<div class='pre'>skipped</div>
					</li>
					<li test-id='81' class='node and skip' status='skip'><b>And</b>
						<span class="bdd-step-name">And User fill details for purchase "20" "20" "20" "20" "500" "-500" for purchase</span>
							<div class='pre'>skipped</div>
					</li>
					<li test-id='82' class='node and skip' status='skip'><b>And</b>
						<span class="bdd-step-name">And User fill detail for document summary "20" "20" "20" "20"  "20" "20" for document summary</span>
							<div class='pre'>skipped</div>
					</li>
					<li test-id='83' class='node and skip' status='skip'><b>And</b>
						<span class="bdd-step-name">And User click on check box and select Authorised Signatory</span>
							<div class='pre'>skipped</div>
					</li>
					<li test-id='84' class='node and skip' status='skip'><b>And</b>
						<span class="bdd-step-name">And User check message for Adjustment</span>
							<div class='pre'>skipped</div>
					</li>
					<li test-id='85' class='node and skip' status='skip'><b>And</b>
						<span class="bdd-step-name">And User Logout</span>
							<div class='pre'>skipped</div>
					</li>
				</ul>
		</li>
	</ul>
</div>
<div class='scenariooutline node' test-id='86' status='skip'>
	<span class='duration right label'>0h 0m 0s+26ms</span>
	<div class='desc'>
		<b>ScenarioOutline</b>
		<span class="desc-text">Validate VAT amount FC  for adjustment Purchase type in Purchase e filing Valid</span>
	</div>
	<ul class='steps'>
		<li test-id='87' class='node scenario skip' status='skip'>
			<div class='category-list'>
				<span class='category label white-text'>@TC_23_Valid</span>
			</div>
			
			<b>Scenario</b>
			
			<span class="bdd-step-name">Validate VAT amount FC  for adjustment Purchase type in Purchase e filing Valid</span>
			
				<ul class='steps'>
					<li test-id='88' class='node given skip' status='skip'><b>Given</b>
						<span class="bdd-step-name">Given User is on E Declaration Page</span>
							<div class='pre'>skipped</div>
					</li>
					<li test-id='89' class='node and skip' status='skip'><b>And</b>
						<span class="bdd-step-name">And User click on VAT e-Filing Tab</span>
							<div class='pre'>skipped</div>
					</li>
					<li test-id='90' class='node and skip' status='skip'><b>And</b>
						<span class="bdd-step-name">And User click on collapse for the month "Jul" for VAT amount</span>
							<div class='pre'>skipped</div>
					</li>
					<li test-id='91' class='node and skip' status='skip'><b>And</b>
						<span class="bdd-step-name">And User click on File button "JulFile" and navigate to E-Declaration page for VAT amount</span>
							<div class='pre'>skipped</div>
					</li>
					<li test-id='92' class='node and skip' status='skip'><b>And</b>
						<span class="bdd-step-name">And User fill details for sales "20" "20" "20" "20" "20" "20" for sales</span>
							<div class='pre'>skipped</div>
					</li>
					<li test-id='93' class='node and skip' status='skip'><b>And</b>
						<span class="bdd-step-name">And User fill details for purchase "20" "20" "20" "20" "-500" "-500" for purchase</span>
							<div class='pre'>skipped</div>
					</li>
					<li test-id='94' class='node and skip' status='skip'><b>And</b>
						<span class="bdd-step-name">And User fill detail for document summary "20" "20" "20" "20"  "20" "20" for document summary</span>
							<div class='pre'>skipped</div>
					</li>
					<li test-id='95' class='node and skip' status='skip'><b>And</b>
						<span class="bdd-step-name">And User click on check box and select Authorised Signatory</span>
							<div class='pre'>skipped</div>
					</li>
					<li test-id='96' class='node and skip' status='skip'><b>And</b>
						<span class="bdd-step-name">And User see verification code and enter OTP value and click on verify for e filing</span>
							<div class='pre'>skipped</div>
					</li>
					<li test-id='97' class='node and skip' status='skip'><b>And</b>
						<span class="bdd-step-name">And User see validation message and click on ok button for e filing</span>
							<div class='pre'>skipped</div>
					</li>
					<li test-id='98' class='node and skip' status='skip'><b>And</b>
						<span class="bdd-step-name">And User Logout</span>
							<div class='pre'>skipped</div>
					</li>
				</ul>
		</li>
	</ul>
</div>
<div class='scenariooutline node' test-id='99' status='skip'>
	<span class='duration right label'>0h 0m 0s+28ms</span>
	<div class='desc'>
		<b>ScenarioOutline</b>
		<span class="desc-text">Validate the Cancelled invoices,debit note,credit note for InValid invoices</span>
	</div>
	<ul class='steps'>
		<li test-id='100' class='node scenario skip' status='skip'>
			<div class='category-list'>
				<span class='category label white-text'>@TC_24_InValid_invoice</span>
			</div>
			
			<b>Scenario</b>
			
			<span class="bdd-step-name">Validate the Cancelled invoices,debit note,credit note for InValid invoices</span>
			
				<ul class='steps'>
					<li test-id='101' class='node given skip' status='skip'><b>Given</b>
						<span class="bdd-step-name">Given User is on E Declaration Page</span>
							<div class='pre'>skipped</div>
					</li>
					<li test-id='102' class='node and skip' status='skip'><b>And</b>
						<span class="bdd-step-name">And User click on VAT e-Filing Tab</span>
							<div class='pre'>skipped</div>
					</li>
					<li test-id='103' class='node and skip' status='skip'><b>And</b>
						<span class="bdd-step-name">And User click on collapse for the month "Aug" for VAT amount</span>
							<div class='pre'>skipped</div>
					</li>
					<li test-id='104' class='node and skip' status='skip'><b>And</b>
						<span class="bdd-step-name">And User click on File button "AugFile" and navigate to E-Declaration page for VAT amount</span>
							<div class='pre'>skipped</div>
					</li>
					<li test-id='105' class='node and skip' status='skip'><b>And</b>
						<span class="bdd-step-name">And User fill details for sales "20" "20" "20" "20" "20" "20" for sales</span>
							<div class='pre'>skipped</div>
					</li>
					<li test-id='106' class='node and skip' status='skip'><b>And</b>
						<span class="bdd-step-name">And User fill details for purchase "20" "20" "20" "20" "20" "20" for purchase</span>
							<div class='pre'>skipped</div>
					</li>
					<li test-id='107' class='node and skip' status='skip'><b>And</b>
						<span class="bdd-step-name">And User fill detail for document summary "10" "15" "20" "20"  "20" "20" for document summary</span>
							<div class='pre'>skipped</div>
					</li>
					<li test-id='108' class='node and skip' status='skip'><b>And</b>
						<span class="bdd-step-name">And User click on check box and select Authorised Signatory</span>
							<div class='pre'>skipped</div>
					</li>
					<li test-id='109' class='node and skip' status='skip'><b>And</b>
						<span class="bdd-step-name">And User click on submit button and check Validation message for invoice of sale</span>
							<div class='pre'>skipped</div>
					</li>
					<li test-id='110' class='node and skip' status='skip'><b>And</b>
						<span class="bdd-step-name">And User Logout</span>
							<div class='pre'>skipped</div>
					</li>
				</ul>
		</li>
	</ul>
</div>
<div class='scenariooutline node' test-id='111' status='skip'>
	<span class='duration right label'>0h 0m 0s+102ms</span>
	<div class='desc'>
		<b>ScenarioOutline</b>
		<span class="desc-text">Validate the Cancelled invoices,debit note,credit note for valid invoices</span>
	</div>
	<ul class='steps'>
		<li test-id='112' class='node scenario skip' status='skip'>
			<div class='category-list'>
				<span class='category label white-text'>@TC_24_Valid_invoice</span>
			</div>
			
			<b>Scenario</b>
			
			<span class="bdd-step-name">Validate the Cancelled invoices,debit note,credit note for valid invoices</span>
			
				<ul class='steps'>
					<li test-id='113' class='node given skip' status='skip'><b>Given</b>
						<span class="bdd-step-name">Given User is on E Declaration Page</span>
							<div class='pre'>skipped</div>
					</li>
					<li test-id='114' class='node and skip' status='skip'><b>And</b>
						<span class="bdd-step-name">And User click on VAT e-Filing Tab</span>
							<div class='pre'>skipped</div>
					</li>
					<li test-id='115' class='node and skip' status='skip'><b>And</b>
						<span class="bdd-step-name">And User click on collapse for the month "Aug" for VAT amount</span>
							<div class='pre'>skipped</div>
					</li>
					<li test-id='116' class='node and skip' status='skip'><b>And</b>
						<span class="bdd-step-name">And User click on File button "AugFile" and navigate to E-Declaration page for VAT amount</span>
							<div class='pre'>skipped</div>
					</li>
					<li test-id='117' class='node and skip' status='skip'><b>And</b>
						<span class="bdd-step-name">And User fill details for sales "20" "20" "20" "20" "20" "20" for sales</span>
							<div class='pre'>skipped</div>
					</li>
					<li test-id='118' class='node and skip' status='skip'><b>And</b>
						<span class="bdd-step-name">And User fill details for purchase "20" "20" "20" "20" "20" "20" for purchase</span>
							<div class='pre'>skipped</div>
					</li>
					<li test-id='119' class='node and skip' status='skip'><b>And</b>
						<span class="bdd-step-name">And User fill detail for document summary "10" "10" "20" "20"  "20" "20" for document summary</span>
							<div class='pre'>skipped</div>
					</li>
					<li test-id='120' class='node and skip' status='skip'><b>And</b>
						<span class="bdd-step-name">And User click on check box and select Authorised Signatory</span>
							<div class='pre'>skipped</div>
					</li>
					<li test-id='121' class='node and skip' status='skip'><b>And</b>
						<span class="bdd-step-name">And User see verification code and enter OTP value and click on verify for e filing</span>
							<div class='pre'>skipped</div>
					</li>
					<li test-id='122' class='node and skip' status='skip'><b>And</b>
						<span class="bdd-step-name">And User see validation message and click on ok button for e filing</span>
							<div class='pre'>skipped</div>
					</li>
					<li test-id='123' class='node and skip' status='skip'><b>And</b>
						<span class="bdd-step-name">And User Logout</span>
							<div class='pre'>skipped</div>
					</li>
				</ul>
		</li>
		<li test-id='124' class='node scenario skip' status='skip'>
			<div class='category-list'>
				<span class='category label white-text'>@TC_24_Valid_invoice</span>
			</div>
			
			<b>Scenario</b>
			
			<span class="bdd-step-name">Validate the Cancelled invoices,debit note,credit note for valid invoices</span>
			
				<ul class='steps'>
					<li test-id='125' class='node given skip' status='skip'><b>Given</b>
						<span class="bdd-step-name">Given User is on E Declaration Page</span>
							<div class='pre'>skipped</div>
					</li>
					<li test-id='126' class='node and skip' status='skip'><b>And</b>
						<span class="bdd-step-name">And User click on VAT e-Filing Tab</span>
							<div class='pre'>skipped</div>
					</li>
					<li test-id='127' class='node and skip' status='skip'><b>And</b>
						<span class="bdd-step-name">And User click on collapse for the month "Sep" for VAT amount</span>
							<div class='pre'>skipped</div>
					</li>
					<li test-id='128' class='node and skip' status='skip'><b>And</b>
						<span class="bdd-step-name">And User click on File button "SepFile" and navigate to E-Declaration page for VAT amount</span>
							<div class='pre'>skipped</div>
					</li>
					<li test-id='129' class='node and skip' status='skip'><b>And</b>
						<span class="bdd-step-name">And User fill details for sales "20" "20" "20" "20" "20" "20" for sales</span>
							<div class='pre'>skipped</div>
					</li>
					<li test-id='130' class='node and skip' status='skip'><b>And</b>
						<span class="bdd-step-name">And User fill details for purchase "20" "20" "20" "20" "20" "20" for purchase</span>
							<div class='pre'>skipped</div>
					</li>
					<li test-id='131' class='node and skip' status='skip'><b>And</b>
						<span class="bdd-step-name">And User fill detail for document summary "10" "6" "20" "20"  "20" "20" for document summary</span>
							<div class='pre'>skipped</div>
					</li>
					<li test-id='132' class='node and skip' status='skip'><b>And</b>
						<span class="bdd-step-name">And User click on check box and select Authorised Signatory</span>
							<div class='pre'>skipped</div>
					</li>
					<li test-id='133' class='node and skip' status='skip'><b>And</b>
						<span class="bdd-step-name">And User see verification code and enter OTP value and click on verify for e filing</span>
							<div class='pre'>skipped</div>
					</li>
					<li test-id='134' class='node and skip' status='skip'><b>And</b>
						<span class="bdd-step-name">And User see validation message and click on ok button for e filing</span>
							<div class='pre'>skipped</div>
					</li>
					<li test-id='135' class='node and skip' status='skip'><b>And</b>
						<span class="bdd-step-name">And User Logout</span>
							<div class='pre'>skipped</div>
					</li>
				</ul>
		</li>
	</ul>
</div>
<div class='scenariooutline node' test-id='136' status='skip'>
	<span class='duration right label'>0h 0m 0s+19ms</span>
	<div class='desc'>
		<b>ScenarioOutline</b>
		<span class="desc-text">Validate the Cancelled invoices,debit note,credit note for InValid debit note</span>
	</div>
	<ul class='steps'>
		<li test-id='137' class='node scenario skip' status='skip'>
			<div class='category-list'>
				<span class='category label white-text'>@TC_24_InValid_debit</span>
			</div>
			
			<b>Scenario</b>
			
			<span class="bdd-step-name">Validate the Cancelled invoices,debit note,credit note for InValid debit note</span>
			
				<ul class='steps'>
					<li test-id='138' class='node given skip' status='skip'><b>Given</b>
						<span class="bdd-step-name">Given User is on E Declaration Page</span>
							<div class='pre'>skipped</div>
					</li>
					<li test-id='139' class='node and skip' status='skip'><b>And</b>
						<span class="bdd-step-name">And User click on VAT e-Filing Tab</span>
							<div class='pre'>skipped</div>
					</li>
					<li test-id='140' class='node and skip' status='skip'><b>And</b>
						<span class="bdd-step-name">And User click on collapse for the month "Oct" for VAT amount</span>
							<div class='pre'>skipped</div>
					</li>
					<li test-id='141' class='node and skip' status='skip'><b>And</b>
						<span class="bdd-step-name">And User click on File button "OctFile" and navigate to E-Declaration page for VAT amount</span>
							<div class='pre'>skipped</div>
					</li>
					<li test-id='142' class='node and skip' status='skip'><b>And</b>
						<span class="bdd-step-name">And User fill details for sales "20" "20" "20" "20" "20" "20" for sales</span>
							<div class='pre'>skipped</div>
					</li>
					<li test-id='143' class='node and skip' status='skip'><b>And</b>
						<span class="bdd-step-name">And User fill details for purchase "20" "20" "20" "20" "20" "20" for purchase</span>
							<div class='pre'>skipped</div>
					</li>
					<li test-id='144' class='node and skip' status='skip'><b>And</b>
						<span class="bdd-step-name">And User fill detail for document summary "20" "20" "10" "15"  "20" "20" for document summary</span>
							<div class='pre'>skipped</div>
					</li>
					<li test-id='145' class='node and skip' status='skip'><b>And</b>
						<span class="bdd-step-name">And User click on check box and select Authorised Signatory</span>
							<div class='pre'>skipped</div>
					</li>
					<li test-id='146' class='node and skip' status='skip'><b>And</b>
						<span class="bdd-step-name">And User click on submit button and check Validation message for invoice of sale</span>
							<div class='pre'>skipped</div>
					</li>
					<li test-id='147' class='node and skip' status='skip'><b>And</b>
						<span class="bdd-step-name">And User Logout</span>
							<div class='pre'>skipped</div>
					</li>
				</ul>
		</li>
	</ul>
</div>
<div class='scenariooutline node' test-id='148' status='skip'>
	<span class='duration right label'>0h 0m 0s+74ms</span>
	<div class='desc'>
		<b>ScenarioOutline</b>
		<span class="desc-text">Validate the Cancelled invoices,debit note,credit note for valid debit</span>
	</div>
	<ul class='steps'>
		<li test-id='149' class='node scenario skip' status='skip'>
			<div class='category-list'>
				<span class='category label white-text'>@TC_24_Valid_debit</span>
			</div>
			
			<b>Scenario</b>
			
			<span class="bdd-step-name">Validate the Cancelled invoices,debit note,credit note for valid debit</span>
			
				<ul class='steps'>
					<li test-id='150' class='node given skip' status='skip'><b>Given</b>
						<span class="bdd-step-name">Given User is on E Declaration Page</span>
							<div class='pre'>skipped</div>
					</li>
					<li test-id='151' class='node and skip' status='skip'><b>And</b>
						<span class="bdd-step-name">And User click on VAT e-Filing Tab</span>
							<div class='pre'>skipped</div>
					</li>
					<li test-id='152' class='node and skip' status='skip'><b>And</b>
						<span class="bdd-step-name">And User click on collapse for the month "Oct" for VAT amount</span>
							<div class='pre'>skipped</div>
					</li>
					<li test-id='153' class='node and skip' status='skip'><b>And</b>
						<span class="bdd-step-name">And User click on File button "OctFile" and navigate to E-Declaration page for VAT amount</span>
							<div class='pre'>skipped</div>
					</li>
					<li test-id='154' class='node and skip' status='skip'><b>And</b>
						<span class="bdd-step-name">And User fill details for sales "20" "20" "20" "20" "20" "20" for sales</span>
							<div class='pre'>skipped</div>
					</li>
					<li test-id='155' class='node and skip' status='skip'><b>And</b>
						<span class="bdd-step-name">And User fill details for purchase "20" "20" "20" "20" "20" "20" for purchase</span>
							<div class='pre'>skipped</div>
					</li>
					<li test-id='156' class='node and skip' status='skip'><b>And</b>
						<span class="bdd-step-name">And User fill detail for document summary "20" "20" "10" "10"  "20" "20" for document summary</span>
							<div class='pre'>skipped</div>
					</li>
					<li test-id='157' class='node and skip' status='skip'><b>And</b>
						<span class="bdd-step-name">And User click on check box and select Authorised Signatory</span>
							<div class='pre'>skipped</div>
					</li>
					<li test-id='158' class='node and skip' status='skip'><b>And</b>
						<span class="bdd-step-name">And User see verification code and enter OTP value and click on verify for e filing</span>
							<div class='pre'>skipped</div>
					</li>
					<li test-id='159' class='node and skip' status='skip'><b>And</b>
						<span class="bdd-step-name">And User see validation message and click on ok button for e filing</span>
							<div class='pre'>skipped</div>
					</li>
					<li test-id='160' class='node and skip' status='skip'><b>And</b>
						<span class="bdd-step-name">And User Logout</span>
							<div class='pre'>skipped</div>
					</li>
				</ul>
		</li>
		<li test-id='161' class='node scenario skip' status='skip'>
			<div class='category-list'>
				<span class='category label white-text'>@TC_24_Valid_debit</span>
			</div>
			
			<b>Scenario</b>
			
			<span class="bdd-step-name">Validate the Cancelled invoices,debit note,credit note for valid debit</span>
			
				<ul class='steps'>
					<li test-id='162' class='node given skip' status='skip'><b>Given</b>
						<span class="bdd-step-name">Given User is on E Declaration Page</span>
							<div class='pre'>skipped</div>
					</li>
					<li test-id='163' class='node and skip' status='skip'><b>And</b>
						<span class="bdd-step-name">And User click on VAT e-Filing Tab</span>
							<div class='pre'>skipped</div>
					</li>
					<li test-id='164' class='node and skip' status='skip'><b>And</b>
						<span class="bdd-step-name">And User click on collapse for the month "Nov" for VAT amount</span>
							<div class='pre'>skipped</div>
					</li>
					<li test-id='165' class='node and skip' status='skip'><b>And</b>
						<span class="bdd-step-name">And User click on File button "NovFile" and navigate to E-Declaration page for VAT amount</span>
							<div class='pre'>skipped</div>
					</li>
					<li test-id='166' class='node and skip' status='skip'><b>And</b>
						<span class="bdd-step-name">And User fill details for sales "20" "20" "20" "20" "20" "20" for sales</span>
							<div class='pre'>skipped</div>
					</li>
					<li test-id='167' class='node and skip' status='skip'><b>And</b>
						<span class="bdd-step-name">And User fill details for purchase "20" "20" "20" "20" "20" "20" for purchase</span>
							<div class='pre'>skipped</div>
					</li>
					<li test-id='168' class='node and skip' status='skip'><b>And</b>
						<span class="bdd-step-name">And User fill detail for document summary "20" "20" "10" "6"  "20" "20" for document summary</span>
							<div class='pre'>skipped</div>
					</li>
					<li test-id='169' class='node and skip' status='skip'><b>And</b>
						<span class="bdd-step-name">And User click on check box and select Authorised Signatory</span>
							<div class='pre'>skipped</div>
					</li>
					<li test-id='170' class='node and skip' status='skip'><b>And</b>
						<span class="bdd-step-name">And User see verification code and enter OTP value and click on verify for e filing</span>
							<div class='pre'>skipped</div>
					</li>
					<li test-id='171' class='node and skip' status='skip'><b>And</b>
						<span class="bdd-step-name">And User see validation message and click on ok button for e filing</span>
							<div class='pre'>skipped</div>
					</li>
					<li test-id='172' class='node and skip' status='skip'><b>And</b>
						<span class="bdd-step-name">And User Logout</span>
							<div class='pre'>skipped</div>
					</li>
				</ul>
		</li>
	</ul>
</div>
<div class='scenariooutline node' test-id='173' status='skip'>
	<span class='duration right label'>0h 0m 0s+21ms</span>
	<div class='desc'>
		<b>ScenarioOutline</b>
		<span class="desc-text">Validate the Cancelled invoices,debit note,credit note for InValid credit note</span>
	</div>
	<ul class='steps'>
		<li test-id='174' class='node scenario skip' status='skip'>
			<div class='category-list'>
				<span class='category label white-text'>@TC_24_InValid_credit</span>
			</div>
			
			<b>Scenario</b>
			
			<span class="bdd-step-name">Validate the Cancelled invoices,debit note,credit note for InValid credit note</span>
			
				<ul class='steps'>
					<li test-id='175' class='node given skip' status='skip'><b>Given</b>
						<span class="bdd-step-name">Given User is on E Declaration Page</span>
							<div class='pre'>skipped</div>
					</li>
					<li test-id='176' class='node and skip' status='skip'><b>And</b>
						<span class="bdd-step-name">And User click on VAT e-Filing Tab</span>
							<div class='pre'>skipped</div>
					</li>
					<li test-id='177' class='node and skip' status='skip'><b>And</b>
						<span class="bdd-step-name">And User click on collapse for the month "Dec" for VAT amount</span>
							<div class='pre'>skipped</div>
					</li>
					<li test-id='178' class='node and skip' status='skip'><b>And</b>
						<span class="bdd-step-name">And User click on File button "DecFile" and navigate to E-Declaration page for VAT amount</span>
							<div class='pre'>skipped</div>
					</li>
					<li test-id='179' class='node and skip' status='skip'><b>And</b>
						<span class="bdd-step-name">And User fill details for sales "20" "20" "20" "20" "20" "20" for sales</span>
							<div class='pre'>skipped</div>
					</li>
					<li test-id='180' class='node and skip' status='skip'><b>And</b>
						<span class="bdd-step-name">And User fill details for purchase "20" "20" "20" "20" "20" "20" for purchase</span>
							<div class='pre'>skipped</div>
					</li>
					<li test-id='181' class='node and skip' status='skip'><b>And</b>
						<span class="bdd-step-name">And User fill detail for document summary "20" "20" "20" "20"  "10" "15" for document summary</span>
							<div class='pre'>skipped</div>
					</li>
					<li test-id='182' class='node and skip' status='skip'><b>And</b>
						<span class="bdd-step-name">And User click on check box and select Authorised Signatory</span>
							<div class='pre'>skipped</div>
					</li>
					<li test-id='183' class='node and skip' status='skip'><b>And</b>
						<span class="bdd-step-name">And User click on submit button and check Validation message for invoice of sale</span>
							<div class='pre'>skipped</div>
					</li>
					<li test-id='184' class='node and skip' status='skip'><b>And</b>
						<span class="bdd-step-name">And User Logout</span>
							<div class='pre'>skipped</div>
					</li>
				</ul>
		</li>
	</ul>
</div>
<div class='scenariooutline node' test-id='185' status='skip'>
	<span class='duration right label'>0h 0m 0s+35ms</span>
	<div class='desc'>
		<b>ScenarioOutline</b>
		<span class="desc-text">Validate the Cancelled invoices,debit note,credit note for valid credit</span>
	</div>
	<ul class='steps'>
		<li test-id='186' class='node scenario skip' status='skip'>
			<div class='category-list'>
				<span class='category label white-text'>@TC_24_Valid_credit</span>
			</div>
			
			<b>Scenario</b>
			
			<span class="bdd-step-name">Validate the Cancelled invoices,debit note,credit note for valid credit</span>
			
				<ul class='steps'>
					<li test-id='187' class='node given skip' status='skip'><b>Given</b>
						<span class="bdd-step-name">Given User is on E Declaration Page</span>
							<div class='pre'>skipped</div>
					</li>
					<li test-id='188' class='node and skip' status='skip'><b>And</b>
						<span class="bdd-step-name">And User click on VAT e-Filing Tab</span>
							<div class='pre'>skipped</div>
					</li>
					<li test-id='189' class='node and skip' status='skip'><b>And</b>
						<span class="bdd-step-name">And User click on collapse for the month "Dec" for VAT amount</span>
							<div class='pre'>skipped</div>
					</li>
					<li test-id='190' class='node and skip' status='skip'><b>And</b>
						<span class="bdd-step-name">And User click on File button "DecFile" and navigate to E-Declaration page for VAT amount</span>
							<div class='pre'>skipped</div>
					</li>
					<li test-id='191' class='node and skip' status='skip'><b>And</b>
						<span class="bdd-step-name">And User fill details for sales "20" "20" "20" "20" "20" "20" for sales</span>
							<div class='pre'>skipped</div>
					</li>
					<li test-id='192' class='node and skip' status='skip'><b>And</b>
						<span class="bdd-step-name">And User fill details for purchase "20" "20" "20" "20" "20" "20" for purchase</span>
							<div class='pre'>skipped</div>
					</li>
					<li test-id='193' class='node and skip' status='skip'><b>And</b>
						<span class="bdd-step-name">And User fill detail for document summary "20" "20" "20" "20"  "10" "10" for document summary</span>
							<div class='pre'>skipped</div>
					</li>
					<li test-id='194' class='node and skip' status='skip'><b>And</b>
						<span class="bdd-step-name">And User click on check box and select Authorised Signatory</span>
							<div class='pre'>skipped</div>
					</li>
					<li test-id='195' class='node and skip' status='skip'><b>And</b>
						<span class="bdd-step-name">And User see verification code and enter OTP value and click on verify for e filing</span>
							<div class='pre'>skipped</div>
					</li>
					<li test-id='196' class='node and skip' status='skip'><b>And</b>
						<span class="bdd-step-name">And User see validation message and click on ok button for e filing</span>
							<div class='pre'>skipped</div>
					</li>
					<li test-id='197' class='node and skip' status='skip'><b>And</b>
						<span class="bdd-step-name">And User Logout</span>
							<div class='pre'>skipped</div>
					</li>
				</ul>
		</li>
	</ul>
</div>
					</div>
				</li>
			</ul>
		</div>
	</div>
	<!-- subview left -->

	<div class='subview-right left'>
		<div class='view-summary'>
			<h5 class='test-name'></h5>

			<div id='step-filters' class="right">
				<span class="blue-text" status="info" alt="info" title="info"><i class="material-icons">info_outline</i></span>
				<span class="green-text" status="pass" alt="pass" title="pass"><i class="material-icons">check_circle</i></span>
				<span class="red-text" status="fail" alt="fail" title="fail"><i class="material-icons">cancel</i></span>
				<span class="red-text text-darken-4" status="fatal" alt="fatal" title="fatal"><i class="material-icons">cancel</i></span>
				<span class="pink-text text-lighten-1" status="error" alt="error" title="error"><i class="material-icons">error</i></span>
				<span class="orange-text" alt="warning" status="warning" title="warning"><i class="material-icons">warning</i></span>
				<span class="teal-text" status="skip" alt="skip" title="skip"><i class="material-icons">redo</i></span>
				<span status="clear" alt="Clear filters" title="Clear filters"><i class="material-icons">clear</i></span>
			</div>
		</div>
	</div>
	<!-- subview right -->

</div>
<!-- test view -->
<div id='category-view' class='view hide'>

	<section id='controls'>
		<div class='controls grey lighten-4'>
			<!-- search -->
			<div class='chip transparent' alt='Search Tests' title='Search Tests'>
				<a href="#" class='search-div'>
					<i class='material-icons'>search</i> Search
				</a>
				
				<div class='input-field left hide'>
					<input id='search-tests' type='text' class='validate browser-default' placeholder='Search Tests...'>
				</div>
				
			</div>
			<!-- search -->
		</div>
	</section>

	<div class='subview-left left'>
		
		<div class='view-summary'>
			<h5>Categories</h3>
			<ul id='category-collection' class='category-collection'>
				
				<li class='category displayed active'>
					<div class='category-heading'>
						<span class='category-name'>@TC_19</span>
						<span class='category-status right'>
							<span class='label pass'>1</span>
							<span class='label fail'>2</span>
						</span>
					</div>
					<div class='category-content hide'>
						<div class='category-status-counts'>
							<span class='label green accent-4 white-text'>Passed: 1</span>
							<span class='label red lighten-1 white-text'>Failed: 2</span>
							
						</div>
					
						<div class='category-tests'>
							<table class='bordered table-results'>
								<thead>
									<tr>
										<th>Timestamp</th>
										<th>TestName</th>
										<th>Status</th>
									</tr>
								</thead>
								<tbody>
									<tr>
										<td>Jul 27, 2018 11:45:22 AM</td>
										<td class='linked' test-id='3'>User is on e-Filing Page.Validate the field limits of Total Number numeric fields in Credit Note Cancelled field.Validate the field limits of Total Number numeric fields in Credit Note Cancelled field</td>
										<td><span class='test-status pass'>pass</span></td>
									</tr>
									<tr>
										<td>Jul 27, 2018 11:45:44 AM</td>
										<td class='linked' test-id='15'>User is on e-Filing Page.Validate the field limits of Total Number numeric fields in Credit Note Cancelled field.Validate the field limits of Total Number numeric fields in Credit Note Cancelled field</td>
										<td><span class='test-status fail'>fail</span></td>
									</tr>
									<tr>
										<td>Jul 27, 2018 11:46:57 AM</td>
										<td class='linked' test-id='27'>User is on e-Filing Page.Validate the field limits of Total Number numeric fields in Credit Note Cancelled field.Validate the field limits of Total Number numeric fields in Credit Note Cancelled field</td>
										<td><span class='test-status fail'>fail</span></td>
									</tr>
								</tbody>
							</table>
						</div>
					</div>
				</li>
				<li class='category displayed active'>
					<div class='category-heading'>
						<span class='category-name'>@TC_20</span>
						<span class='category-status right'>
							<span class='label fail'>1</span>
						</span>
					</div>
					<div class='category-content hide'>
						<div class='category-status-counts'>
							
							<span class='label red lighten-1 white-text'>Failed: 1</span>
							
						</div>
					
						<div class='category-tests'>
							<table class='bordered table-results'>
								<thead>
									<tr>
										<th>Timestamp</th>
										<th>TestName</th>
										<th>Status</th>
									</tr>
								</thead>
								<tbody>
									<tr>
										<td>Jul 27, 2018 11:47:04 AM</td>
										<td class='linked' test-id='40'>User is on e-Filing Page.Validate the Total Number should not be inserted and submitted less than Cancelled Document Summary..Validate the Total Number should not be inserted and submitted less than Cancelled Document Summary.</td>
										<td><span class='test-status fail'>fail</span></td>
									</tr>
								</tbody>
							</table>
						</div>
					</div>
				</li>
				<li class='category displayed active'>
					<div class='category-heading'>
						<span class='category-name'>@TC_22_InValid</span>
						<span class='category-status right'>
							<span class='label fail'>1</span>
						</span>
					</div>
					<div class='category-content hide'>
						<div class='category-status-counts'>
							
							<span class='label red lighten-1 white-text'>Failed: 1</span>
							
						</div>
					
						<div class='category-tests'>
							<table class='bordered table-results'>
								<thead>
									<tr>
										<th>Timestamp</th>
										<th>TestName</th>
										<th>Status</th>
									</tr>
								</thead>
								<tbody>
									<tr>
										<td>Jul 27, 2018 11:47:11 AM</td>
										<td class='linked' test-id='50'>User is on e-Filing Page.Validate VAT amount FC  for adjustment sales type in sales e filing InValid.Validate VAT amount FC  for adjustment sales type in sales e filing InValid</td>
										<td><span class='test-status fail'>fail</span></td>
									</tr>
								</tbody>
							</table>
						</div>
					</div>
				</li>
				<li class='category displayed active'>
					<div class='category-heading'>
						<span class='category-name'>@TC_22_Valid</span>
						<span class='category-status right'>
							<span class='label fail'>1</span>
						</span>
					</div>
					<div class='category-content hide'>
						<div class='category-status-counts'>
							
							<span class='label red lighten-1 white-text'>Failed: 1</span>
							
						</div>
					
						<div class='category-tests'>
							<table class='bordered table-results'>
								<thead>
									<tr>
										<th>Timestamp</th>
										<th>TestName</th>
										<th>Status</th>
									</tr>
								</thead>
								<tbody>
									<tr>
										<td>Jul 27, 2018 11:47:17 AM</td>
										<td class='linked' test-id='62'>User is on e-Filing Page.Validate VAT amount FC  for adjustment sales type in sales e filing Valid.Validate VAT amount FC  for adjustment sales type in sales e filing Valid</td>
										<td><span class='test-status fail'>fail</span></td>
									</tr>
								</tbody>
							</table>
						</div>
					</div>
				</li>
				<li class='category displayed active'>
					<div class='category-heading'>
						<span class='category-name'>@TC_23_InValid</span>
						<span class='category-status right'>
							<span class='label others'>1</span>
						</span>
					</div>
					<div class='category-content hide'>
						<div class='category-status-counts'>
							
							
							<span class='label yellow darken-2 white-text'>Others: 1</span>
						</div>
					
						<div class='category-tests'>
							<table class='bordered table-results'>
								<thead>
									<tr>
										<th>Timestamp</th>
										<th>TestName</th>
										<th>Status</th>
									</tr>
								</thead>
								<tbody>
									<tr>
										<td>Jul 27, 2018 11:47:21 AM</td>
										<td class='linked' test-id='75'>User is on e-Filing Page.Validate VAT amount FC  for adjustment Purchase type in Purchase e filing InValid.Validate VAT amount FC  for adjustment Purchase type in Purchase e filing InValid</td>
										<td><span class='test-status skip'>skip</span></td>
									</tr>
								</tbody>
							</table>
						</div>
					</div>
				</li>
				<li class='category displayed active'>
					<div class='category-heading'>
						<span class='category-name'>@TC_23_Valid</span>
						<span class='category-status right'>
							<span class='label others'>1</span>
						</span>
					</div>
					<div class='category-content hide'>
						<div class='category-status-counts'>
							
							
							<span class='label yellow darken-2 white-text'>Others: 1</span>
						</div>
					
						<div class='category-tests'>
							<table class='bordered table-results'>
								<thead>
									<tr>
										<th>Timestamp</th>
										<th>TestName</th>
										<th>Status</th>
									</tr>
								</thead>
								<tbody>
									<tr>
										<td>Jul 27, 2018 11:47:21 AM</td>
										<td class='linked' test-id='87'>User is on e-Filing Page.Validate VAT amount FC  for adjustment Purchase type in Purchase e filing Valid.Validate VAT amount FC  for adjustment Purchase type in Purchase e filing Valid</td>
										<td><span class='test-status skip'>skip</span></td>
									</tr>
								</tbody>
							</table>
						</div>
					</div>
				</li>
				<li class='category displayed active'>
					<div class='category-heading'>
						<span class='category-name'>@TC_24_InValid_invoice</span>
						<span class='category-status right'>
							<span class='label others'>1</span>
						</span>
					</div>
					<div class='category-content hide'>
						<div class='category-status-counts'>
							
							
							<span class='label yellow darken-2 white-text'>Others: 1</span>
						</div>
					
						<div class='category-tests'>
							<table class='bordered table-results'>
								<thead>
									<tr>
										<th>Timestamp</th>
										<th>TestName</th>
										<th>Status</th>
									</tr>
								</thead>
								<tbody>
									<tr>
										<td>Jul 27, 2018 11:47:21 AM</td>
										<td class='linked' test-id='100'>User is on e-Filing Page.Validate the Cancelled invoices,debit note,credit note for InValid invoices.Validate the Cancelled invoices,debit note,credit note for InValid invoices</td>
										<td><span class='test-status skip'>skip</span></td>
									</tr>
								</tbody>
							</table>
						</div>
					</div>
				</li>
				<li class='category displayed active'>
					<div class='category-heading'>
						<span class='category-name'>@TC_24_Valid_invoice</span>
						<span class='category-status right'>
							<span class='label others'>2</span>
						</span>
					</div>
					<div class='category-content hide'>
						<div class='category-status-counts'>
							
							
							<span class='label yellow darken-2 white-text'>Others: 2</span>
						</div>
					
						<div class='category-tests'>
							<table class='bordered table-results'>
								<thead>
									<tr>
										<th>Timestamp</th>
										<th>TestName</th>
										<th>Status</th>
									</tr>
								</thead>
								<tbody>
									<tr>
										<td>Jul 27, 2018 11:47:21 AM</td>
										<td class='linked' test-id='112'>User is on e-Filing Page.Validate the Cancelled invoices,debit note,credit note for valid invoices.Validate the Cancelled invoices,debit note,credit note for valid invoices</td>
										<td><span class='test-status skip'>skip</span></td>
									</tr>
									<tr>
										<td>Jul 27, 2018 11:47:21 AM</td>
										<td class='linked' test-id='124'>User is on e-Filing Page.Validate the Cancelled invoices,debit note,credit note for valid invoices.Validate the Cancelled invoices,debit note,credit note for valid invoices</td>
										<td><span class='test-status skip'>skip</span></td>
									</tr>
								</tbody>
							</table>
						</div>
					</div>
				</li>
				<li class='category displayed active'>
					<div class='category-heading'>
						<span class='category-name'>@TC_24_InValid_debit</span>
						<span class='category-status right'>
							<span class='label others'>1</span>
						</span>
					</div>
					<div class='category-content hide'>
						<div class='category-status-counts'>
							
							
							<span class='label yellow darken-2 white-text'>Others: 1</span>
						</div>
					
						<div class='category-tests'>
							<table class='bordered table-results'>
								<thead>
									<tr>
										<th>Timestamp</th>
										<th>TestName</th>
										<th>Status</th>
									</tr>
								</thead>
								<tbody>
									<tr>
										<td>Jul 27, 2018 11:47:21 AM</td>
										<td class='linked' test-id='137'>User is on e-Filing Page.Validate the Cancelled invoices,debit note,credit note for InValid debit note.Validate the Cancelled invoices,debit note,credit note for InValid debit note</td>
										<td><span class='test-status skip'>skip</span></td>
									</tr>
								</tbody>
							</table>
						</div>
					</div>
				</li>
				<li class='category displayed active'>
					<div class='category-heading'>
						<span class='category-name'>@TC_24_Valid_debit</span>
						<span class='category-status right'>
							<span class='label others'>2</span>
						</span>
					</div>
					<div class='category-content hide'>
						<div class='category-status-counts'>
							
							
							<span class='label yellow darken-2 white-text'>Others: 2</span>
						</div>
					
						<div class='category-tests'>
							<table class='bordered table-results'>
								<thead>
									<tr>
										<th>Timestamp</th>
										<th>TestName</th>
										<th>Status</th>
									</tr>
								</thead>
								<tbody>
									<tr>
										<td>Jul 27, 2018 11:47:21 AM</td>
										<td class='linked' test-id='149'>User is on e-Filing Page.Validate the Cancelled invoices,debit note,credit note for valid debit.Validate the Cancelled invoices,debit note,credit note for valid debit</td>
										<td><span class='test-status skip'>skip</span></td>
									</tr>
									<tr>
										<td>Jul 27, 2018 11:47:21 AM</td>
										<td class='linked' test-id='161'>User is on e-Filing Page.Validate the Cancelled invoices,debit note,credit note for valid debit.Validate the Cancelled invoices,debit note,credit note for valid debit</td>
										<td><span class='test-status skip'>skip</span></td>
									</tr>
								</tbody>
							</table>
						</div>
					</div>
				</li>
				<li class='category displayed active'>
					<div class='category-heading'>
						<span class='category-name'>@TC_24_InValid_credit</span>
						<span class='category-status right'>
							<span class='label others'>1</span>
						</span>
					</div>
					<div class='category-content hide'>
						<div class='category-status-counts'>
							
							
							<span class='label yellow darken-2 white-text'>Others: 1</span>
						</div>
					
						<div class='category-tests'>
							<table class='bordered table-results'>
								<thead>
									<tr>
										<th>Timestamp</th>
										<th>TestName</th>
										<th>Status</th>
									</tr>
								</thead>
								<tbody>
									<tr>
										<td>Jul 27, 2018 11:47:21 AM</td>
										<td class='linked' test-id='174'>User is on e-Filing Page.Validate the Cancelled invoices,debit note,credit note for InValid credit note.Validate the Cancelled invoices,debit note,credit note for InValid credit note</td>
										<td><span class='test-status skip'>skip</span></td>
									</tr>
								</tbody>
							</table>
						</div>
					</div>
				</li>
				<li class='category displayed active'>
					<div class='category-heading'>
						<span class='category-name'>@TC_24_Valid_credit</span>
						<span class='category-status right'>
							<span class='label others'>1</span>
						</span>
					</div>
					<div class='category-content hide'>
						<div class='category-status-counts'>
							
							
							<span class='label yellow darken-2 white-text'>Others: 1</span>
						</div>
					
						<div class='category-tests'>
							<table class='bordered table-results'>
								<thead>
									<tr>
										<th>Timestamp</th>
										<th>TestName</th>
										<th>Status</th>
									</tr>
								</thead>
								<tbody>
									<tr>
										<td>Jul 27, 2018 11:47:21 AM</td>
										<td class='linked' test-id='186'>User is on e-Filing Page.Validate the Cancelled invoices,debit note,credit note for valid credit.Validate the Cancelled invoices,debit note,credit note for valid credit</td>
										<td><span class='test-status skip'>skip</span></td>
									</tr>
								</tbody>
							</table>
						</div>
					</div>
				</li>

			</ul>
		</div>
	</div>

	<div class='subview-right left'>
		<div class='view-summary'>
			<h5 class='category-name'></h5>
		</div>
	</div>
</div>
<!-- category view -->
<div id='exception-view' class='view hide'>

    <section id='controls'>
        <div class='controls grey lighten-4'>
            <!-- search -->
            <div class='chip transparent' alt='Search Tests' title='Search Tests'>
                <a href="#" class='search-div'>
                    <i class='material-icons'>search</i> Search
                </a>

                <div class='input-field left hide'>
                    <input id='search-tests' type='text' class='validate browser-default' placeholder='Search Tests...'>
                </div>

            </div>
            <!-- search -->
        </div>
    </section>

    <div class='subview-left left'>

        <div class='view-summary'>
            <h5>Exceptions</h3>
                <ul id='exception-collection' class='exception-collection'>

                        <li class='exception displayed active'>
                            <div class='exception-heading'>
                                <span class='exception-name'>org.openqa.selenium.TimeoutException</span>
                                <span class='exception-count right'><span class='label red lighten-1 white-text'>1</span></span>
                            </div>
                            <div class='exception-content hide'>
                                <div class='exception-tests'>
                                    <table class='bordered table-results'>
                                        <thead>
                                        <tr>
                                            <th>Timestamp</th>
                                            <th>TestName</th>
                                            <th>Status</th>
                                        </tr>
                                        </thead>
                                        <tbody>
                                                    <tr>
                                                        <td>Jul 27, 2018 11:45:54 AM</td>
                                                        <td class='linked' test-id='24'>User is on e-Filing Page.Validate the field limits of Total Number numeric fields in Credit Note Cancelled field.Validate the field limits of Total Number numeric fields in Credit Note Cancelled field.And User click on check box and select Authorised Signatory</td>
                                                        <td><pre><pre>org.openqa.selenium.TimeoutException: Expected condition failed: waiting for element to be clickable: By.xpath: //*[@class="ng-option ng-option-marked ng-star-inserted"] (tried for 60 second(s) with 500 milliseconds interval)
	at org.openqa.selenium.support.ui.WebDriverWait.timeoutException(WebDriverWait.java:81)
	at org.openqa.selenium.support.ui.FluentWait.until(FluentWait.java:271)
	at org.drc.vat.appmanager.HelperBase.clickOn(HelperBase.java:74)
	at org.drc.vat.StepDefinitions.eDeclarations.user_click_on_check_box_and_select_Authorised_Signatory(eDeclarations.java:409)
	at ?.And User click on check box and select Authorised Signatory(features/eDeclarations.feature:13)
Caused by: org.openqa.selenium.NoSuchElementException: Cannot locate an element using By.xpath: //*[@class="ng-option ng-option-marked ng-star-inserted"]
For documentation on this error, please visit: http://seleniumhq.org/exceptions/no_such_element.html
Build info: version: '3.11.0', revision: 'e59cfb3', time: '2018-03-11T20:26:55.152Z'
System info: host: 'CS84-PC', ip: '192.168.194.2', os.name: 'Windows 10', os.arch: 'amd64', os.version: '10.0', java.version: '1.8.0_171'
Driver info: driver.version: unknown
	at org.openqa.selenium.support.ui.ExpectedConditions.lambda$findElement$0(ExpectedConditions.java:896)
	at java.util.Optional.orElseThrow(Unknown Source)
	at org.openqa.selenium.support.ui.ExpectedConditions.findElement(ExpectedConditions.java:895)
	at org.openqa.selenium.support.ui.ExpectedConditions.access$000(ExpectedConditions.java:44)
	at org.openqa.selenium.support.ui.ExpectedConditions$7.apply(ExpectedConditions.java:206)
	at org.openqa.selenium.support.ui.ExpectedConditions$7.apply(ExpectedConditions.java:202)
	at org.openqa.selenium.support.ui.ExpectedConditions$22.apply(ExpectedConditions.java:657)
	at org.openqa.selenium.support.ui.ExpectedConditions$22.apply(ExpectedConditions.java:654)
	at org.openqa.selenium.support.ui.FluentWait.until(FluentWait.java:248)
	at org.drc.vat.appmanager.HelperBase.clickOn(HelperBase.java:74)
	at org.drc.vat.StepDefinitions.eDeclarations.user_click_on_check_box_and_select_Authorised_Signatory(eDeclarations.java:409)
	at sun.reflect.NativeMethodAccessorImpl.invoke0(Native Method)
	at sun.reflect.NativeMethodAccessorImpl.invoke(Unknown Source)
	at sun.reflect.DelegatingMethodAccessorImpl.invoke(Unknown Source)
	at java.lang.reflect.Method.invoke(Unknown Source)
	at cucumber.runtime.Utils$1.call(Utils.java:40)
	at cucumber.runtime.Timeout.timeout(Timeout.java:16)
	at cucumber.runtime.Utils.invoke(Utils.java:34)
	at cucumber.runtime.java.JavaStepDefinition.execute(JavaStepDefinition.java:38)
	at cucumber.runtime.StepDefinitionMatch.runStep(StepDefinitionMatch.java:37)
	at cucumber.runtime.Runtime.runStep(Runtime.java:300)
	at cucumber.runtime.model.StepContainer.runStep(StepContainer.java:44)
	at cucumber.runtime.model.StepContainer.runSteps(StepContainer.java:39)
	at cucumber.runtime.model.CucumberScenario.run(CucumberScenario.java:44)
	at cucumber.runtime.model.CucumberScenarioOutline.run(CucumberScenarioOutline.java:46)
	at cucumber.runtime.model.CucumberFeature.run(CucumberFeature.java:165)
	at cucumber.api.testng.TestNGCucumberRunner.runCucumber(TestNGCucumberRunner.java:63)
	at cucumber.api.testng.AbstractTestNGCucumberTests.feature(AbstractTestNGCucumberTests.java:21)
	at sun.reflect.NativeMethodAccessorImpl.invoke0(Native Method)
	at sun.reflect.NativeMethodAccessorImpl.invoke(Unknown Source)
	at sun.reflect.DelegatingMethodAccessorImpl.invoke(Unknown Source)
	at java.lang.reflect.Method.invoke(Unknown Source)
	at org.testng.internal.MethodInvocationHelper.invokeMethod(MethodInvocationHelper.java:86)
	at org.testng.internal.Invoker.invokeMethod(Invoker.java:643)
	at org.testng.internal.Invoker.invokeTestMethod(Invoker.java:820)
	at org.testng.internal.Invoker.invokeTestMethods(Invoker.java:1128)
	at org.testng.internal.TestMethodWorker.invokeTestMethods(TestMethodWorker.java:129)
	at org.testng.internal.TestMethodWorker.run(TestMethodWorker.java:112)
	at org.testng.TestRunner.privateRun(TestRunner.java:782)
	at org.testng.TestRunner.run(TestRunner.java:632)
	at org.testng.SuiteRunner.runTest(SuiteRunner.java:366)
	at org.testng.SuiteRunner.runSequentially(SuiteRunner.java:361)
	at org.testng.SuiteRunner.privateRun(SuiteRunner.java:319)
	at org.testng.SuiteRunner.run(SuiteRunner.java:268)
	at org.testng.SuiteRunnerWorker.runSuite(SuiteRunnerWorker.java:52)
	at org.testng.SuiteRunnerWorker.run(SuiteRunnerWorker.java:86)
	at org.testng.TestNG.runSuitesSequentially(TestNG.java:1244)
	at org.testng.TestNG.runSuitesLocally(TestNG.java:1169)
	at org.testng.TestNG.run(TestNG.java:1064)
	at org.testng.remote.AbstractRemoteTestNG.run(AbstractRemoteTestNG.java:114)
	at org.testng.remote.RemoteTestNG.initAndRun(RemoteTestNG.java:251)
	at org.testng.remote.RemoteTestNG.main(RemoteTestNG.java:77)
</pre></pre></td>
                                                    </tr>
                                        </tbody>
                                    </table>
                                </div>
                            </div>
                        </li>
                        <li class='exception displayed active'>
                            <div class='exception-heading'>
                                <span class='exception-name'>org.openqa.selenium.NoSuchElementException</span>
                                <span class='exception-count right'><span class='label red lighten-1 white-text'>3</span></span>
                            </div>
                            <div class='exception-content hide'>
                                <div class='exception-tests'>
                                    <table class='bordered table-results'>
                                        <thead>
                                        <tr>
                                            <th>Timestamp</th>
                                            <th>TestName</th>
                                            <th>Status</th>
                                        </tr>
                                        </thead>
                                        <tbody>
                                                    <tr>
                                                        <td>Jul 27, 2018 11:46:58 AM</td>
                                                        <td class='linked' test-id='28'>User is on e-Filing Page.Validate the field limits of Total Number numeric fields in Credit Note Cancelled field.Validate the field limits of Total Number numeric fields in Credit Note Cancelled field.Given User is on E Declaration Page</td>
                                                        <td><pre><pre>org.openqa.selenium.NoSuchElementException: no such element: Unable to locate element: {"method":"xpath","selector":"//*[contains(@id,'UserName')]"}
  (Session info: chrome=67.0.3396.99)
  (Driver info: chromedriver=2.38.552522 (437e6fbedfa8762dec75e2c5b3ddb86763dc9dcb),platform=Windows NT 10.0.16299 x86_64) (WARNING: The server did not provide any stacktrace information)
Command duration or timeout: 0 milliseconds
For documentation on this error, please visit: http://seleniumhq.org/exceptions/no_such_element.html
Build info: version: '3.11.0', revision: 'e59cfb3', time: '2018-03-11T20:26:55.152Z'
System info: host: 'CS84-PC', ip: '192.168.194.2', os.name: 'Windows 10', os.arch: 'amd64', os.version: '10.0', java.version: '1.8.0_171'
Driver info: org.openqa.selenium.chrome.ChromeDriver
Capabilities {acceptInsecureCerts: false, acceptSslCerts: false, applicationCacheEnabled: false, browserConnectionEnabled: false, browserName: chrome, chrome: {chromedriverVersion: 2.38.552522 (437e6fbedfa876..., userDataDir: C:\Users\admin\AppData\Loca...}, cssSelectorsEnabled: true, databaseEnabled: false, handlesAlerts: true, hasTouchScreen: false, javascriptEnabled: true, locationContextEnabled: true, mobileEmulationEnabled: false, nativeEvents: true, networkConnectionEnabled: false, pageLoadStrategy: normal, platform: XP, platformName: XP, rotatable: false, setWindowRect: true, takesHeapSnapshot: true, takesScreenshot: true, unexpectedAlertBehaviour: , unhandledPromptBehavior: , version: 67.0.3396.99, webStorageEnabled: true}
Session ID: 433df3a7ca7a04b0a53ac2e9cd37d69c
*** Element info: {Using=xpath, value=//*[contains(@id,'UserName')]}
	at sun.reflect.NativeConstructorAccessorImpl.newInstance0(Native Method)
	at sun.reflect.NativeConstructorAccessorImpl.newInstance(Unknown Source)
	at sun.reflect.DelegatingConstructorAccessorImpl.newInstance(Unknown Source)
	at java.lang.reflect.Constructor.newInstance(Unknown Source)
	at org.openqa.selenium.remote.ErrorHandler.createThrowable(ErrorHandler.java:214)
	at org.openqa.selenium.remote.ErrorHandler.throwIfResponseFailed(ErrorHandler.java:166)
	at org.openqa.selenium.remote.http.JsonHttpResponseCodec.reconstructValue(JsonHttpResponseCodec.java:40)
	at org.openqa.selenium.remote.http.AbstractHttpResponseCodec.decode(AbstractHttpResponseCodec.java:80)
	at org.openqa.selenium.remote.http.AbstractHttpResponseCodec.decode(AbstractHttpResponseCodec.java:44)
	at org.openqa.selenium.remote.HttpCommandExecutor.execute(HttpCommandExecutor.java:158)
	at org.openqa.selenium.remote.service.DriverCommandExecutor.execute(DriverCommandExecutor.java:83)
	at org.openqa.selenium.remote.RemoteWebDriver.execute(RemoteWebDriver.java:545)
	at org.openqa.selenium.remote.RemoteWebDriver.findElement(RemoteWebDriver.java:319)
	at org.openqa.selenium.remote.RemoteWebDriver.findElementByXPath(RemoteWebDriver.java:421)
	at org.openqa.selenium.By$ByXPath.findElement(By.java:361)
	at org.openqa.selenium.remote.RemoteWebDriver.findElement(RemoteWebDriver.java:311)
	at org.drc.vat.appmanager.HelperBase.type(HelperBase.java:101)
	at org.drc.vat.appmanager.HelperBase.login(HelperBase.java:52)
	at org.drc.vat.StepDefinitions.eDeclarations.user_is_on_E_Declaration_Page(eDeclarations.java:20)
	at ?.Given User is on E Declaration Page(features/eDeclarations.feature:5)
</pre></pre></td>
                                                    </tr>
                                                    <tr>
                                                        <td>Jul 27, 2018 11:47:05 AM</td>
                                                        <td class='linked' test-id='41'>User is on e-Filing Page.Validate the Total Number should not be inserted and submitted less than Cancelled Document Summary..Validate the Total Number should not be inserted and submitted less than Cancelled Document Summary..Given User is on E Declaration Page</td>
                                                        <td><pre><pre>org.openqa.selenium.NoSuchElementException: no such element: Unable to locate element: {"method":"xpath","selector":"//*[contains(@id,'UserName')]"}
  (Session info: chrome=67.0.3396.99)
  (Driver info: chromedriver=2.38.552522 (437e6fbedfa8762dec75e2c5b3ddb86763dc9dcb),platform=Windows NT 10.0.16299 x86_64) (WARNING: The server did not provide any stacktrace information)
Command duration or timeout: 0 milliseconds
For documentation on this error, please visit: http://seleniumhq.org/exceptions/no_such_element.html
Build info: version: '3.11.0', revision: 'e59cfb3', time: '2018-03-11T20:26:55.152Z'
System info: host: 'CS84-PC', ip: '192.168.194.2', os.name: 'Windows 10', os.arch: 'amd64', os.version: '10.0', java.version: '1.8.0_171'
Driver info: org.openqa.selenium.chrome.ChromeDriver
Capabilities {acceptInsecureCerts: false, acceptSslCerts: false, applicationCacheEnabled: false, browserConnectionEnabled: false, browserName: chrome, chrome: {chromedriverVersion: 2.38.552522 (437e6fbedfa876..., userDataDir: C:\Users\admin\AppData\Loca...}, cssSelectorsEnabled: true, databaseEnabled: false, handlesAlerts: true, hasTouchScreen: false, javascriptEnabled: true, locationContextEnabled: true, mobileEmulationEnabled: false, nativeEvents: true, networkConnectionEnabled: false, pageLoadStrategy: normal, platform: XP, platformName: XP, rotatable: false, setWindowRect: true, takesHeapSnapshot: true, takesScreenshot: true, unexpectedAlertBehaviour: , unhandledPromptBehavior: , version: 67.0.3396.99, webStorageEnabled: true}
Session ID: 433df3a7ca7a04b0a53ac2e9cd37d69c
*** Element info: {Using=xpath, value=//*[contains(@id,'UserName')]}
	at sun.reflect.NativeConstructorAccessorImpl.newInstance0(Native Method)
	at sun.reflect.NativeConstructorAccessorImpl.newInstance(Unknown Source)
	at sun.reflect.DelegatingConstructorAccessorImpl.newInstance(Unknown Source)
	at java.lang.reflect.Constructor.newInstance(Unknown Source)
	at org.openqa.selenium.remote.ErrorHandler.createThrowable(ErrorHandler.java:214)
	at org.openqa.selenium.remote.ErrorHandler.throwIfResponseFailed(ErrorHandler.java:166)
	at org.openqa.selenium.remote.http.JsonHttpResponseCodec.reconstructValue(JsonHttpResponseCodec.java:40)
	at org.openqa.selenium.remote.http.AbstractHttpResponseCodec.decode(AbstractHttpResponseCodec.java:80)
	at org.openqa.selenium.remote.http.AbstractHttpResponseCodec.decode(AbstractHttpResponseCodec.java:44)
	at org.openqa.selenium.remote.HttpCommandExecutor.execute(HttpCommandExecutor.java:158)
	at org.openqa.selenium.remote.service.DriverCommandExecutor.execute(DriverCommandExecutor.java:83)
	at org.openqa.selenium.remote.RemoteWebDriver.execute(RemoteWebDriver.java:545)
	at org.openqa.selenium.remote.RemoteWebDriver.findElement(RemoteWebDriver.java:319)
	at org.openqa.selenium.remote.RemoteWebDriver.findElementByXPath(RemoteWebDriver.java:421)
	at org.openqa.selenium.By$ByXPath.findElement(By.java:361)
	at org.openqa.selenium.remote.RemoteWebDriver.findElement(RemoteWebDriver.java:311)
	at org.drc.vat.appmanager.HelperBase.type(HelperBase.java:101)
	at org.drc.vat.appmanager.HelperBase.login(HelperBase.java:52)
	at org.drc.vat.StepDefinitions.eDeclarations.user_is_on_E_Declaration_Page(eDeclarations.java:20)
	at ?.Given User is on E Declaration Page(features/eDeclarations.feature:30)
</pre></pre></td>
                                                    </tr>
                                                    <tr>
                                                        <td>Jul 27, 2018 11:47:12 AM</td>
                                                        <td class='linked' test-id='51'>User is on e-Filing Page.Validate VAT amount FC  for adjustment sales type in sales e filing InValid.Validate VAT amount FC  for adjustment sales type in sales e filing InValid.Given User is on E Declaration Page</td>
                                                        <td><pre><pre>org.openqa.selenium.NoSuchElementException: no such element: Unable to locate element: {"method":"xpath","selector":"//*[contains(@id,'UserName')]"}
  (Session info: chrome=67.0.3396.99)
  (Driver info: chromedriver=2.38.552522 (437e6fbedfa8762dec75e2c5b3ddb86763dc9dcb),platform=Windows NT 10.0.16299 x86_64) (WARNING: The server did not provide any stacktrace information)
Command duration or timeout: 0 milliseconds
For documentation on this error, please visit: http://seleniumhq.org/exceptions/no_such_element.html
Build info: version: '3.11.0', revision: 'e59cfb3', time: '2018-03-11T20:26:55.152Z'
System info: host: 'CS84-PC', ip: '192.168.194.2', os.name: 'Windows 10', os.arch: 'amd64', os.version: '10.0', java.version: '1.8.0_171'
Driver info: org.openqa.selenium.chrome.ChromeDriver
Capabilities {acceptInsecureCerts: false, acceptSslCerts: false, applicationCacheEnabled: false, browserConnectionEnabled: false, browserName: chrome, chrome: {chromedriverVersion: 2.38.552522 (437e6fbedfa876..., userDataDir: C:\Users\admin\AppData\Loca...}, cssSelectorsEnabled: true, databaseEnabled: false, handlesAlerts: true, hasTouchScreen: false, javascriptEnabled: true, locationContextEnabled: true, mobileEmulationEnabled: false, nativeEvents: true, networkConnectionEnabled: false, pageLoadStrategy: normal, platform: XP, platformName: XP, rotatable: false, setWindowRect: true, takesHeapSnapshot: true, takesScreenshot: true, unexpectedAlertBehaviour: , unhandledPromptBehavior: , version: 67.0.3396.99, webStorageEnabled: true}
Session ID: 433df3a7ca7a04b0a53ac2e9cd37d69c
*** Element info: {Using=xpath, value=//*[contains(@id,'UserName')]}
	at sun.reflect.NativeConstructorAccessorImpl.newInstance0(Native Method)
	at sun.reflect.NativeConstructorAccessorImpl.newInstance(Unknown Source)
	at sun.reflect.DelegatingConstructorAccessorImpl.newInstance(Unknown Source)
	at java.lang.reflect.Constructor.newInstance(Unknown Source)
	at org.openqa.selenium.remote.ErrorHandler.createThrowable(ErrorHandler.java:214)
	at org.openqa.selenium.remote.ErrorHandler.throwIfResponseFailed(ErrorHandler.java:166)
	at org.openqa.selenium.remote.http.JsonHttpResponseCodec.reconstructValue(JsonHttpResponseCodec.java:40)
	at org.openqa.selenium.remote.http.AbstractHttpResponseCodec.decode(AbstractHttpResponseCodec.java:80)
	at org.openqa.selenium.remote.http.AbstractHttpResponseCodec.decode(AbstractHttpResponseCodec.java:44)
	at org.openqa.selenium.remote.HttpCommandExecutor.execute(HttpCommandExecutor.java:158)
	at org.openqa.selenium.remote.service.DriverCommandExecutor.execute(DriverCommandExecutor.java:83)
	at org.openqa.selenium.remote.RemoteWebDriver.execute(RemoteWebDriver.java:545)
	at org.openqa.selenium.remote.RemoteWebDriver.findElement(RemoteWebDriver.java:319)
	at org.openqa.selenium.remote.RemoteWebDriver.findElementByXPath(RemoteWebDriver.java:421)
	at org.openqa.selenium.By$ByXPath.findElement(By.java:361)
	at org.openqa.selenium.remote.RemoteWebDriver.findElement(RemoteWebDriver.java:311)
	at org.drc.vat.appmanager.HelperBase.type(HelperBase.java:101)
	at org.drc.vat.appmanager.HelperBase.login(HelperBase.java:52)
	at org.drc.vat.StepDefinitions.eDeclarations.user_is_on_E_Declaration_Page(eDeclarations.java:20)
	at ?.Given User is on E Declaration Page(features/eDeclarations.feature:66)
</pre></pre></td>
                                                    </tr>
                                        </tbody>
                                    </table>
                                </div>
                            </div>
                        </li>
                        <li class='exception displayed active'>
                            <div class='exception-heading'>
                                <span class='exception-name'>java.lang.NullPointerException</span>
                                <span class='exception-count right'><span class='label red lighten-1 white-text'>1</span></span>
                            </div>
                            <div class='exception-content hide'>
                                <div class='exception-tests'>
                                    <table class='bordered table-results'>
                                        <thead>
                                        <tr>
                                            <th>Timestamp</th>
                                            <th>TestName</th>
                                            <th>Status</th>
                                        </tr>
                                        </thead>
                                        <tbody>
                                                    <tr>
                                                        <td>Jul 27, 2018 11:47:19 AM</td>
                                                        <td class='linked' test-id='63'>User is on e-Filing Page.Validate VAT amount FC  for adjustment sales type in sales e filing Valid.Validate VAT amount FC  for adjustment sales type in sales e filing Valid.Given User is on E Declaration Page</td>
                                                        <td><pre><pre>java.lang.NullPointerException
	at org.drc.vat.appmanager.HelperBase.type(HelperBase.java:101)
	at org.drc.vat.appmanager.HelperBase.login(HelperBase.java:52)
	at org.drc.vat.StepDefinitions.eDeclarations.user_is_on_E_Declaration_Page(eDeclarations.java:20)
	at ?.Given User is on E Declaration Page(features/eDeclarations.feature:89)
</pre></pre></td>
                                                    </tr>
                                        </tbody>
                                    </table>
                                </div>
                            </div>
                        </li>
                </ul>
        </div>
    </div>

    <div class='subview-right left'>
        <div class='view-summary'>
            <h5 class='exception-name'></h5>
        </div>
    </div>
</div>
<!-- exception view -->
<div id='dashboard-view' class='view hide'>
	<div class='card-panel transparent np-v'>
		<h5>Dashboard</h5>

		<div class='row'>
			<div class='col s2'>
				<div class='card-panel r'>
					Features
					<div class='panel-lead'>1</div>
				</div>
			</div>
			<div class='col s2'>
				<div class='card-panel r'>
					Scenarios
					<div class='panel-lead'>16</div>
				</div>
			</div>
			<div class='col s2'>
				<div class='card-panel r'>
					Steps
					<div class='panel-lead'>168</div>
				</div>
			</div>
			<div class='col s2'>
				<div class='card-panel r'>
					Start
					<div class='panel-lead'>Jul 27, 2018 11:45:21 AM</div>
				</div>
			</div>
			<div class='col s2'>
				<div class='card-panel r'>
			 		End
			 		<div class='panel-lead'>Jul 27, 2018 11:47:21 AM</div>
				</div>
			</div>
			<div class='col s2'>
				<div class='card-panel r'>
					Time Taken
					<div class='panel-lead'>0h 1m 59s+661ms</div>
				</div>
			</div>
			<div class='col s6'>
				<div class='card-panel dashboard-categories'>
					<span class='right label cyan white-text'>Categories</span><p>&nbsp;</p>
					
					<table>
						<tr>
							<th>Name</th>
							<th>Passed</th>
							<th>Failed</th>
							<th>Others</th>
							<th>Passed %</th>
						</tr>
						<tr>
							<td>@TC_19</td>
							<td>1</td>
							<td>2</td>
							<td>0</td>
							<td>
									33.333%
							</td>
						</tr>
						<tr>
							<td>@TC_20</td>
							<td>0</td>
							<td>1</td>
							<td>0</td>
							<td>
									0%
							</td>
						</tr>
						<tr>
							<td>@TC_22_InValid</td>
							<td>0</td>
							<td>1</td>
							<td>0</td>
							<td>
									0%
							</td>
						</tr>
						<tr>
							<td>@TC_22_Valid</td>
							<td>0</td>
							<td>1</td>
							<td>0</td>
							<td>
									0%
							</td>
						</tr>
						<tr>
							<td>@TC_23_InValid</td>
							<td>0</td>
							<td>0</td>
							<td>1</td>
							<td>
									0%
							</td>
						</tr>
						<tr>
							<td>@TC_23_Valid</td>
							<td>0</td>
							<td>0</td>
							<td>1</td>
							<td>
									0%
							</td>
						</tr>
						<tr>
							<td>@TC_24_InValid_invoice</td>
							<td>0</td>
							<td>0</td>
							<td>1</td>
							<td>
									0%
							</td>
						</tr>
						<tr>
							<td>@TC_24_Valid_invoice</td>
							<td>0</td>
							<td>0</td>
							<td>2</td>
							<td>
									0%
							</td>
						</tr>
						<tr>
							<td>@TC_24_InValid_debit</td>
							<td>0</td>
							<td>0</td>
							<td>1</td>
							<td>
									0%
							</td>
						</tr>
						<tr>
							<td>@TC_24_Valid_debit</td>
							<td>0</td>
							<td>0</td>
							<td>2</td>
							<td>
									0%
							</td>
						</tr>
						<tr>
							<td>@TC_24_InValid_credit</td>
							<td>0</td>
							<td>0</td>
							<td>1</td>
							<td>
									0%
							</td>
						</tr>
						<tr>
							<td>@TC_24_Valid_credit</td>
							<td>0</td>
							<td>0</td>
							<td>1</td>
							<td>
									0%
							</td>
						</tr>
					</table>
				</div>
			</div>
		</div>
	</div>
</div>
<!-- dashboard view -->
<!-- testrunner-logs view -->
		</div>
		<!-- container -->

		<script>
			var statusGroup = {
				passParent: 0,
				failParent: 1,
				fatalParent: 0,
				errorParent: 0,
				warningParent: 0,
				skipParent: 0,
				exceptionsParent: 1,
				
				passChild: 1,
				failChild: 5,
				fatalChild: 0,
				errorChild: 0,
				warningChild: 0,
				skipChild: 10,
				infoChild: 0,
				exceptionsChild: 15,
				
				passGrandChild: 19,
				failGrandChild: 5,
				fatalGrandChild: 0,
				errorGrandChild: 0,
				warningGrandChild: 0,
				skipGrandChild: 144,
				infoGrandChild: 0,
				exceptionsGrandChild: 149,
			};
		</script>
		
			<script src='https://cdn.rawgit.com/anshooarora/extentreports-java/fca20fb7653aade98810546ab96a2a4360e3e712/dist/js/extent.js' type='text/javascript'></script>
		
		
 		<script type='text/javascript'>
 		</script>
	</body>
	
</html>
