
<!DOCTYPE html>
<html>


<head>
	<meta charset='utf-8' /> 
	<meta name='description' content='' />
	<meta name='robots' content='noodp, noydir' />
	<meta name='viewport' content='width=device-width, initial-scale=1' />
	<meta id="timeStampFormat" name="timeStampFormat" content='MMM d, yyyy hh:mm:ss a'/>
	
	<link href='https://fonts.googleapis.com/css?family=Source+Sans+Pro:400,600' rel='stylesheet' type='text/css' />
	<link href="https://fonts.googleapis.com/icon?family=Material+Icons" rel="stylesheet" />

		<link href='https://cdn.rawgit.com/anshooarora/extentreports-java/b4a58fcfd1e137bd9287244035a7c80d3d73b3af/dist/css/extent.css' type='text/css' rel='stylesheet' />
	
	<title>ExtentReports</title>

	<style type='text/css'>
	</style>
</head>

	<body class='extent standard default hide-overflow bdd-report'>
		<div id='theme-selector' alt='Click to toggle theme. To enable by default, use theme configuration.' title='Click to toggle theme. To enable by default, use theme configuration.'>
			<span><i class='material-icons'>desktop_windows</i></span>
		</div>

<nav>
	<div class="nav-wrapper">
		<a href="#!" class="brand-logo blue darken-3">Extent</a>

		<!-- slideout menu -->
		<ul id='slide-out' class='side-nav fixed hide-on-med-and-down'>
			<li class='waves-effect active'><a href='#!' view='test-view' onclick="configureView(0);chartsView('test');"><i class='material-icons'>dashboard</i></a></li>
						<li class='waves-effect'><a href='#!' view='category-view' onclick="configureView(1)"><i class='material-icons'>label_outline</i></a></li>
			<li class='waves-effect'><a href='#!' view='exception-view' onclick="configureView(2)"><i class='material-icons'>bug_report</i></a></li>
			<li class='waves-effect'><a href='#!' onclick="configureView(-1);chartsView('dashboard');" view='dashboard-view'><i class='material-icons'>track_changes</i></i></a></li>
		</ul>

		<!-- report name -->
		<span class='report-name'>ExtentReports</span>
		
		<!-- report headline -->
		<span class='report-headline'></span>

		<!-- nav-right -->
		<ul id='nav-mobile' class='right hide-on-med-and-down nav-right'>
			<li>
                <a href='#!'>
                    <span class='label suite-start-time blue darken-3'>Apr 10, 2019 10:58:11 AM</span>
				</a>
			</li>
			<li>
                <a href='#!'>
                    <span class='label blue darken-3'>3.1.5</span>
				</a>
			</li>
		</ul>
	</div>
</nav>

		<!-- container -->
		<div class='container'>

<div id='test-view' class='view'>
				
	<section id='controls'>
		<div class='controls grey lighten-4'>
			<!-- test toggle -->
			<div class='chip transparent'>
				<a class='dropdown-button tests-toggle' data-activates='tests-toggle' data-constrainwidth='true' data-beloworigin='true' data-hover='true' href='#'>
					<i class='material-icons'>warning</i> Status
				</a>
				<ul id='tests-toggle' class='dropdown-content'>
											<li status='pass'><a href='#!'>Pass <i class='material-icons green-text'>check_circle</i></a></li>
						<li status='fail'><a href='#!'>Fail <i class='material-icons red-text'>cancel</i></a></li>
					<li class='divider'></li>
					<li status='clear' clear='true'><a href='#!'>Clear Filters <i class='material-icons'>clear</i></a></li>
				</ul>
			</div>
			<!-- test toggle -->

			<!-- category toggle -->
			<div class='chip transparent'>
				<a class='dropdown-button category-toggle' data-activates='category-toggle' data-constrainwidth='false' data-beloworigin='true' data-hover='true' href='#'>
					<i class='material-icons'>local_offer</i> Category
				</a>
				<ul id='category-toggle' class='dropdown-content'>
					<li><a href='#'>@TC_ITSA_01_04</a></li>
					<li><a href='#'>@TC_ITSA_07_08</a></li>
					<li><a href='#'>@TC_ITSA_011</a></li>
					<li><a href='#'>@TC_ITSA_012</a></li>
					<li><a href='#'>@TC_ITSA_013_014</a></li>
					<li><a href='#'>@TC_ITSA_017_018</a></li>
					<li><a href='#'>@TC_ITSU_06_010_013</a></li>
					<li><a href='#'>@TC_ITSU_07_08_09_14_16_17</a></li>
					<li class='divider'></li>
					<li class='clear'><a href='#!' clear='true'>Clear Filters</a></li>
				</ul>
			</div>
			<!-- category toggle -->

			<!-- clear filters -->
			<div class='chip transparent hide'>
				<a class='' id='clear-filters' alt='Clear Filters' title='Clear Filters'>
					<i class='material-icons'>close</i> Clear
				</a>
			</div>
			<!-- clear filters -->

			<!-- enable dashboard -->
			<div id='toggle-test-view-charts' class='chip transparent'>
				<a class='pink-text' id='enable-dashboard' alt='Enable Dashboard' title='Enable Dashboard'>
					<i class='material-icons'>track_changes</i> Dashboard
				</a>
			</div>
			<!-- enable dashboard -->

			<!-- search -->
			<div class='chip transparent' alt='Search Tests' title='Search Tests'>
				<a href="#" class='search-div'>
					<i class='material-icons'>search</i> Search
				</a>

				<div class='input-field left hide'>
					<input id='search-tests' type='text' class='validate browser-default' placeholder='Search Tests...'>
				</div>
				
			</div>
			<!-- search -->
		</div>
	</section>


<div id='test-view-charts' class='subview-full'>
	<div id='charts-row' class='row nm-v nm-h'>
		<div class='col s12 m4 l4 np-h'>
			<div class='card-panel nm-v'>
				<div class='left panel-name'>Features</div>
				<div class='chart-box'>
					<canvas id='parent-analysis' width='100' height='80'></canvas>
				</div>
				<div class='block text-small'>
					<span class='tooltipped' data-position='top' data-tooltip='50%'><span class='strong'>1</span> feature(s) passed</span>
				</div>
				<div class='block text-small'>
					<span class='strong tooltipped' data-position='top' data-tooltip='50%'>1</span> feature(s) failed, <span class='strong tooltipped' data-position='top' data-tooltip='0%'>0</span> others
				</div>
			</div>
		</div>
		
		<div class='col s12 m4 l4 np-h'>
			<div class='card-panel nm-v'>
				<div class='left panel-name'>Scenarios</div>
				<div class='chart-box'>
					<canvas id='child-analysis' width='100' height='80'></canvas>
				</div>
				<div class='block text-small'>
					<span class='tooltipped' data-position='top' data-tooltip='76.923%'><span class='strong'>10</span> scenario(s) passed</span>
				</div>
				<div class='block text-small'>
					<span class='strong tooltipped' data-position='top' data-tooltip='23.077%'>3</span> scenario(s) failed, <span class='strong tooltipped' data-position='top' data-tooltip='0%'>0</span> others
				</div>
			</div>
		</div>
		
		<div class='col s12 m4 l4 np-h'>
			<div class='card-panel nm-v'>
				<div class='left panel-name'>Steps</div>
				<div class='chart-box'>
					<canvas id='grandchild-analysis' width='100' height='80'></canvas>
				</div>
				<div class='block text-small'>
					<span class='tooltipped' data-position='top' data-tooltip='95.833%'><span class='strong'>69</span> step(s) passed</span>
				</div>
				<div class='block text-small'>
					<span class='strong tooltipped' data-position='top' data-tooltip='4.167%'>3</span> step(s) failed, <span class='strong tooltipped' data-position='top' data-tooltip='0%'>0</span> others
				</div>
			</div>
		</div>
	</div>
</div>

	<div class='subview-left left'>
		
		<div class='view-summary'>
			<h5>Features</h5>
			<ul id='test-collection' class='test-collection'>
				
				
				<li class='test displayed active has-leaf fail' status='fail' bdd='true' test-id='1'>
					<div class='test-heading'>
						<span class='test-name'>Verify the IT support Admin functionality</span>
						<span class='test-time'>Apr 10, 2019 10:58:12 AM</span>
						<span class='test-status right fail'>fail</span>
					</div>
					<div class='test-content hide'>
<div class='scenariooutline node' test-id='2' status='fail'>
	<span class='duration right label'>0h 1m 3s+271ms</span>
	<div class='desc'>
		<b>ScenarioOutline</b>
		<span class="desc-text">validate the IT support sub menu functionality -internal portal</span>
	</div>
	<ul class='steps'>
		<li test-id='3' class='node scenario fail' status='fail'>
			<div class='category-list'>
				<span class='category label white-text'>@TC_ITSA_01_04</span>
			</div>
			
			<b>Scenario</b>
			
			<span class="bdd-step-name">validate the IT support sub menu functionality -internal portal</span>
			
				<ul class='steps'>
					<li test-id='4' class='node given pass' status='pass'><b>Given</b>
						<span class="bdd-step-name">Given user must be logged in and should be on dashboard</span>
							<div class='pre'>passed</div>
					</li>
					<li test-id='5' class='node and pass' status='pass'><b>And</b>
						<span class="bdd-step-name">And click on the IT support Sub menu</span>
							<div class='pre'>passed</div>
					</li>
					<li test-id='6' class='node and pass' status='pass'><b>And</b>
						<span class="bdd-step-name">And User switch to tab</span>
							<div class='pre'>passed</div>
					</li>
					<li test-id='7' class='node and pass' status='pass'><b>And</b>
						<span class="bdd-step-name">And user click on Add button</span>
							<div class='pre'>passed</div>
					</li>
					<li test-id='8' class='node and pass' status='pass'><b>And</b>
						<span class="bdd-step-name">And enter the required details "Bug" "Automation Support 2"</span>
							<div class='pre'>passed</div>
					</li>
					<li test-id='9' class='node and pass' status='pass'><b>And</b>
						<span class="bdd-step-name">And User enter in description frame</span>
							<div class='pre'>passed</div>
					</li>
					<li test-id='10' class='node and pass' status='pass'><b>And</b>
						<span class="bdd-step-name">And Enter the description "The enviroment for IT support windows 10 and Mac OS"</span>
							<div class='pre'>passed</div>
					</li>
					<li test-id='11' class='node and pass' status='pass'><b>And</b>
						<span class="bdd-step-name">And Add the comment in comment section "Uploadedfile"</span>
							<div class='pre'>passed</div>
					</li>
					<li test-id='12' class='node and pass' status='pass'><b>And</b>
						<span class="bdd-step-name">And click on attach icon choose file section window is displayed</span>
							<div class='pre'>passed</div>
					</li>
					<li test-id='13' class='node and pass' status='pass'><b>And</b>
						<span class="bdd-step-name">And select the files "capture.pdf"</span>
							<div class='pre'>passed</div>
					</li>
					<li test-id='14' class='node then pass' status='pass'><b>Then</b>
						<span class="bdd-step-name">Then click on cross button</span>
							<div class='pre'>passed</div>
					</li>
					<li test-id='15' class='node and pass' status='pass'><b>And</b>
						<span class="bdd-step-name">And select the files "capture.pdf"</span>
							<div class='pre'>passed</div>
					</li>
					<li test-id='16' class='node then pass' status='pass'><b>Then</b>
						<span class="bdd-step-name">Then click on IT support submit button</span>
							<div class='pre'>passed</div>
					</li>
					<li test-id='17' class='node and fail' status='fail'><b>And</b>
						<span class="bdd-step-name">And successfull "Record Added Successfully." display on given page</span>
						<ul class='screenshots right'>
							<li><a data-featherlight="image" href="E:\DRC Merge Regreation\DRC-Automation\test-output\Wed Apr 10\screenshots\validate the IT support sub menu functionality -internal portal_105812.png"><i class='material-icons'>panorama</i></a></li>
						</ul>
							<div class='pre'><pre>org.openqa.selenium.NoSuchElementException: no such element: Unable to locate element: {"method":"xpath","selector":"//*[contains(text(),'Record Added Successfully.')]"}
  (Session info: chrome=73.0.3683.86)
  (Driver info: chromedriver=73.0.3683.68 (47787ec04b6e38e22703e856e101e840b65afe72),platform=Windows NT 10.0.17134 x86_64) (WARNING: The server did not provide any stacktrace information)
Command duration or timeout: 0 milliseconds
For documentation on this error, please visit: http://seleniumhq.org/exceptions/no_such_element.html
Build info: version: '3.11.0', revision: 'e59cfb3', time: '2018-03-11T20:26:55.152Z'
System info: host: '1R-23', ip: '172.16.3.23', os.name: 'Windows 10', os.arch: 'amd64', os.version: '10.0', java.version: '1.8.0_171'
Driver info: org.openqa.selenium.remote.RemoteWebDriver
Capabilities {acceptInsecureCerts: false, acceptSslCerts: false, applicationCacheEnabled: false, browserConnectionEnabled: false, browserName: chrome, chrome: {chromedriverVersion: 73.0.3683.68 (47787ec04b6e3..., userDataDir: C:\Users\FRANKE~1.MEH\AppDa...}, cssSelectorsEnabled: true, databaseEnabled: false, goog:chromeOptions: {debuggerAddress: localhost:63995}, handlesAlerts: true, hasTouchScreen: false, javascriptEnabled: true, locationContextEnabled: true, mobileEmulationEnabled: false, nativeEvents: true, networkConnectionEnabled: false, pageLoadStrategy: normal, platform: XP, platformName: XP, proxy: Proxy(), rotatable: false, setWindowRect: true, strictFileInteractability: false, takesHeapSnapshot: true, takesScreenshot: true, timeouts: {implicit: 0, pageLoad: 300000, script: 30000}, unexpectedAlertBehaviour: ignore, unhandledPromptBehavior: ignore, version: 73.0.3683.86, webStorageEnabled: true}
Session ID: abdb5cfe1a0bd855987ec5c736403a77
*** Element info: {Using=xpath, value=//*[contains(text(),'Record Added Successfully.')]}
	at sun.reflect.NativeConstructorAccessorImpl.newInstance0(Native Method)
	at sun.reflect.NativeConstructorAccessorImpl.newInstance(Unknown Source)
	at sun.reflect.DelegatingConstructorAccessorImpl.newInstance(Unknown Source)
	at java.lang.reflect.Constructor.newInstance(Unknown Source)
	at org.openqa.selenium.remote.ErrorHandler.createThrowable(ErrorHandler.java:214)
	at org.openqa.selenium.remote.ErrorHandler.throwIfResponseFailed(ErrorHandler.java:166)
	at org.openqa.selenium.remote.http.JsonHttpResponseCodec.reconstructValue(JsonHttpResponseCodec.java:40)
	at org.openqa.selenium.remote.http.AbstractHttpResponseCodec.decode(AbstractHttpResponseCodec.java:80)
	at org.openqa.selenium.remote.http.AbstractHttpResponseCodec.decode(AbstractHttpResponseCodec.java:44)
	at org.openqa.selenium.remote.HttpCommandExecutor.execute(HttpCommandExecutor.java:158)
	at org.openqa.selenium.remote.RemoteWebDriver.execute(RemoteWebDriver.java:545)
	at org.openqa.selenium.remote.RemoteWebDriver.findElement(RemoteWebDriver.java:319)
	at org.openqa.selenium.remote.RemoteWebDriver.findElementByXPath(RemoteWebDriver.java:421)
	at org.openqa.selenium.By$ByXPath.findElement(By.java:361)
	at org.openqa.selenium.remote.RemoteWebDriver.findElement(RemoteWebDriver.java:311)
	at org.drc.vat.StepDefinitions.DV_4007_IT_Support_Admin.successfull_display_on_given_page(DV_4007_IT_Support_Admin.java:127)
	at ?.And successfull "Record Added Successfully." display on given page(features/DV_4007_IT_Support_Admin.feature:18)
</pre></div>
					</li>
				</ul>
		</li>
	</ul>
</div>
<div class='scenariooutline node' test-id='18' status='pass'>
	<span class='duration right label'>0h 0m 17s+52ms</span>
	<div class='desc'>
		<b>ScenarioOutline</b>
		<span class="desc-text">validate the create issue functionality with description field is blank ketan.prajapati - itadminuser</span>
	</div>
	<ul class='steps'>
		<li test-id='19' class='node scenario pass' status='pass'>
			<div class='category-list'>
				<span class='category label white-text'>@TC_ITSA_07_08</span>
			</div>
			
			<b>Scenario</b>
			
			<span class="bdd-step-name">validate the create issue functionality with description field is blank ketan.prajapati - itadminuser</span>
			
				<ul class='steps'>
					<li test-id='20' class='node and pass' status='pass'><b>And</b>
						<span class="bdd-step-name">And user click on Add button</span>
							<div class='pre'>passed</div>
					</li>
					<li test-id='21' class='node and pass' status='pass'><b>And</b>
						<span class="bdd-step-name">And enter the required details "Enhancement" "test support"</span>
							<div class='pre'>passed</div>
					</li>
					<li test-id='22' class='node then pass' status='pass'><b>Then</b>
						<span class="bdd-step-name">Then click on IT support submit button</span>
							<div class='pre'>passed</div>
					</li>
					<li test-id='23' class='node then pass' status='pass'><b>Then</b>
						<span class="bdd-step-name">Then successfull "Description field is required" display on given page</span>
						<ul class='screenshots right'>
							<li><a data-featherlight="image" href="E:\DRC Merge Regreation\DRC-Automation\test-output\Wed Apr 10\screenshots\validate the create issue functionality with description field is blank ketan.prajapati - itadminuser_105916.png"><i class='material-icons'>panorama</i></a></li>
						</ul>
							<div class='pre'>passed</div>
					</li>
				</ul>
		</li>
	</ul>
</div>
<div class='scenariooutline node' test-id='24' status='pass'>
	<span class='duration right label'>0h 0m 6s+829ms</span>
	<div class='desc'>
		<b>ScenarioOutline</b>
		<span class="desc-text">Validate the cancel button functionality - itadminuser</span>
	</div>
	<ul class='steps'>
		<li test-id='25' class='node scenario pass' status='pass'>
			<div class='category-list'>
				<span class='category label white-text'>@TC_ITSA_011</span>
			</div>
			
			<b>Scenario</b>
			
			<span class="bdd-step-name">Validate the cancel button functionality - itadminuser</span>
			
				<ul class='steps'>
					<li test-id='26' class='node and pass' status='pass'><b>And</b>
						<span class="bdd-step-name">And user click on Add button</span>
							<div class='pre'>passed</div>
					</li>
					<li test-id='27' class='node and pass' status='pass'><b>And</b>
						<span class="bdd-step-name">And enter the required details "Bug" "Test support"</span>
							<div class='pre'>passed</div>
					</li>
					<li test-id='28' class='node then pass' status='pass'><b>Then</b>
						<span class="bdd-step-name">Then click on cancel button</span>
						<ul class='screenshots right'>
							<li><a data-featherlight="image" href="E:\DRC Merge Regreation\DRC-Automation\test-output\Wed Apr 10\screenshots\Validate the cancel button functionality - itadminuser_105934.png"><i class='material-icons'>panorama</i></a></li>
						</ul>
							<div class='pre'>passed</div>
					</li>
				</ul>
		</li>
	</ul>
</div>
<div class='scenariooutline node' test-id='29' status='pass'>
	<span class='duration right label'>0h 0m 16s+193ms</span>
	<div class='desc'>
		<b>ScenarioOutline</b>
		<span class="desc-text">Validate the search functionality of the issue with valid data and invalid data - itadminuser</span>
	</div>
	<ul class='steps'>
		<li test-id='30' class='node scenario pass' status='pass'>
			<div class='category-list'>
				<span class='category label white-text'>@TC_ITSA_012</span>
			</div>
			
			<b>Scenario</b>
			
			<span class="bdd-step-name">Validate the search functionality of the issue with valid data and invalid data - itadminuser</span>
			
				<ul class='steps'>
					<li test-id='31' class='node then pass' status='pass'><b>Then</b>
						<span class="bdd-step-name">Then click on search box</span>
							<div class='pre'>passed</div>
					</li>
					<li test-id='32' class='node and pass' status='pass'><b>And</b>
						<span class="bdd-step-name">And enter any text on the dashboard page "Nescso"</span>
							<div class='pre'>passed</div>
					</li>
					<li test-id='33' class='node then pass' status='pass'><b>Then</b>
						<span class="bdd-step-name">Then click on cross button or clear the filter given in the textbox for cancel the search</span>
						<ul class='screenshots right'>
							<li><a data-featherlight="image" href="E:\DRC Merge Regreation\DRC-Automation\test-output\Wed Apr 10\screenshots\Validate the search functionality of the issue with valid data and invalid data - itadminuser_105941.png"><i class='material-icons'>panorama</i></a></li>
						</ul>
							<div class='pre'>passed</div>
					</li>
				</ul>
		</li>
		<li test-id='34' class='node scenario pass' status='pass'>
			<div class='category-list'>
				<span class='category label white-text'>@TC_ITSA_012</span>
			</div>
			
			<b>Scenario</b>
			
			<span class="bdd-step-name">Validate the search functionality of the issue with valid data and invalid data - itadminuser</span>
			
				<ul class='steps'>
					<li test-id='35' class='node then pass' status='pass'><b>Then</b>
						<span class="bdd-step-name">Then click on search box</span>
							<div class='pre'>passed</div>
					</li>
					<li test-id='36' class='node and pass' status='pass'><b>And</b>
						<span class="bdd-step-name">And enter any text on the dashboard page "193308Testing IT support"</span>
							<div class='pre'>passed</div>
					</li>
					<li test-id='37' class='node then pass' status='pass'><b>Then</b>
						<span class="bdd-step-name">Then click on cross button or clear the filter given in the textbox for cancel the search</span>
						<ul class='screenshots right'>
							<li><a data-featherlight="image" href="E:\DRC Merge Regreation\DRC-Automation\test-output\Wed Apr 10\screenshots\Validate the search functionality of the issue with valid data and invalid data - itadminuser_105949.png"><i class='material-icons'>panorama</i></a></li>
						</ul>
							<div class='pre'>passed</div>
					</li>
				</ul>
		</li>
	</ul>
</div>
<div class='scenariooutline node' test-id='38' status='fail'>
	<span class='duration right label'>0h 0m 15s+402ms</span>
	<div class='desc'>
		<b>ScenarioOutline</b>
		<span class="desc-text">verify the labels/ content for edit screen and functionality - itadminuser</span>
	</div>
	<ul class='steps'>
		<li test-id='39' class='node scenario fail' status='fail'>
			<div class='category-list'>
				<span class='category label white-text'>@TC_ITSA_013_014</span>
			</div>
			
			<b>Scenario</b>
			
			<span class="bdd-step-name">verify the labels/ content for edit screen and functionality - itadminuser</span>
			
				<ul class='steps'>
					<li test-id='40' class='node then pass' status='pass'><b>Then</b>
						<span class="bdd-step-name">Then click on edit icon of any issue from the issue grid</span>
							<div class='pre'>passed</div>
					</li>
					<li test-id='41' class='node then pass' status='pass'><b>Then</b>
						<span class="bdd-step-name">Then user should redirected to edit screen</span>
							<div class='pre'>passed</div>
					</li>
					<li test-id='42' class='node then pass' status='pass'><b>Then</b>
						<span class="bdd-step-name">Then click on IT support submit button</span>
							<div class='pre'>passed</div>
					</li>
					<li test-id='43' class='node then fail' status='fail'><b>Then</b>
						<span class="bdd-step-name">Then successfull "Record Updated Successfully." display on given page</span>
						<ul class='screenshots right'>
							<li><a data-featherlight="image" href="E:\DRC Merge Regreation\DRC-Automation\test-output\Wed Apr 10\screenshots\verify the labels\ content for edit screen and functionality - itadminuser_105958.png"><i class='material-icons'>panorama</i></a></li>
						</ul>
							<div class='pre'><pre>org.openqa.selenium.NoSuchElementException: no such element: Unable to locate element: {"method":"xpath","selector":"//*[contains(text(),'Record Updated Successfully.')]"}
  (Session info: chrome=73.0.3683.86)
  (Driver info: chromedriver=73.0.3683.68 (47787ec04b6e38e22703e856e101e840b65afe72),platform=Windows NT 10.0.17134 x86_64) (WARNING: The server did not provide any stacktrace information)
Command duration or timeout: 0 milliseconds
For documentation on this error, please visit: http://seleniumhq.org/exceptions/no_such_element.html
Build info: version: '3.11.0', revision: 'e59cfb3', time: '2018-03-11T20:26:55.152Z'
System info: host: '1R-23', ip: '172.16.3.23', os.name: 'Windows 10', os.arch: 'amd64', os.version: '10.0', java.version: '1.8.0_171'
Driver info: org.openqa.selenium.remote.RemoteWebDriver
Capabilities {acceptInsecureCerts: false, acceptSslCerts: false, applicationCacheEnabled: false, browserConnectionEnabled: false, browserName: chrome, chrome: {chromedriverVersion: 73.0.3683.68 (47787ec04b6e3..., userDataDir: C:\Users\FRANKE~1.MEH\AppDa...}, cssSelectorsEnabled: true, databaseEnabled: false, goog:chromeOptions: {debuggerAddress: localhost:63995}, handlesAlerts: true, hasTouchScreen: false, javascriptEnabled: true, locationContextEnabled: true, mobileEmulationEnabled: false, nativeEvents: true, networkConnectionEnabled: false, pageLoadStrategy: normal, platform: XP, platformName: XP, proxy: Proxy(), rotatable: false, setWindowRect: true, strictFileInteractability: false, takesHeapSnapshot: true, takesScreenshot: true, timeouts: {implicit: 0, pageLoad: 300000, script: 30000}, unexpectedAlertBehaviour: ignore, unhandledPromptBehavior: ignore, version: 73.0.3683.86, webStorageEnabled: true}
Session ID: abdb5cfe1a0bd855987ec5c736403a77
*** Element info: {Using=xpath, value=//*[contains(text(),'Record Updated Successfully.')]}
	at sun.reflect.NativeConstructorAccessorImpl.newInstance0(Native Method)
	at sun.reflect.NativeConstructorAccessorImpl.newInstance(Unknown Source)
	at sun.reflect.DelegatingConstructorAccessorImpl.newInstance(Unknown Source)
	at java.lang.reflect.Constructor.newInstance(Unknown Source)
	at org.openqa.selenium.remote.ErrorHandler.createThrowable(ErrorHandler.java:214)
	at org.openqa.selenium.remote.ErrorHandler.throwIfResponseFailed(ErrorHandler.java:166)
	at org.openqa.selenium.remote.http.JsonHttpResponseCodec.reconstructValue(JsonHttpResponseCodec.java:40)
	at org.openqa.selenium.remote.http.AbstractHttpResponseCodec.decode(AbstractHttpResponseCodec.java:80)
	at org.openqa.selenium.remote.http.AbstractHttpResponseCodec.decode(AbstractHttpResponseCodec.java:44)
	at org.openqa.selenium.remote.HttpCommandExecutor.execute(HttpCommandExecutor.java:158)
	at org.openqa.selenium.remote.RemoteWebDriver.execute(RemoteWebDriver.java:545)
	at org.openqa.selenium.remote.RemoteWebDriver.findElement(RemoteWebDriver.java:319)
	at org.openqa.selenium.remote.RemoteWebDriver.findElementByXPath(RemoteWebDriver.java:421)
	at org.openqa.selenium.By$ByXPath.findElement(By.java:361)
	at org.openqa.selenium.remote.RemoteWebDriver.findElement(RemoteWebDriver.java:311)
	at org.drc.vat.StepDefinitions.DV_4007_IT_Support_Admin.successfull_display_on_given_page(DV_4007_IT_Support_Admin.java:127)
	at ?.Then successfull "Record Updated Successfully." display on given page(features/DV_4007_IT_Support_Admin.feature:75)
</pre></div>
					</li>
				</ul>
		</li>
	</ul>
</div>
<div class='scenariooutline node' test-id='44' status='fail'>
	<span class='duration right label'>0h 0m 20s+676ms</span>
	<div class='desc'>
		<b>ScenarioOutline</b>
		<span class="desc-text">validation the communication functionality - itadminuser</span>
	</div>
	<ul class='steps'>
		<li test-id='45' class='node scenario fail' status='fail'>
			<div class='category-list'>
				<span class='category label white-text'>@TC_ITSA_017_018</span>
			</div>
			
			<b>Scenario</b>
			
			<span class="bdd-step-name">validation the communication functionality - itadminuser</span>
			
				<ul class='steps'>
					<li test-id='46' class='node then pass' status='pass'><b>Then</b>
						<span class="bdd-step-name">Then click on edit icon of any issue from the issue grid</span>
							<div class='pre'>passed</div>
					</li>
					<li test-id='47' class='node then pass' status='pass'><b>Then</b>
						<span class="bdd-step-name">Then click on download icon on any file</span>
							<div class='pre'>passed</div>
					</li>
					<li test-id='48' class='node then pass' status='pass'><b>Then</b>
						<span class="bdd-step-name">Then file should get the download</span>
							<div class='pre'>passed</div>
					</li>
					<li test-id='49' class='node then pass' status='pass'><b>Then</b>
						<span class="bdd-step-name">Then click on IT support submit button</span>
							<div class='pre'>passed</div>
					</li>
					<li test-id='50' class='node then fail' status='fail'><b>Then</b>
						<span class="bdd-step-name">Then successfull "Record Updated Successfully." display on given page</span>
						<ul class='screenshots right'>
							<li><a data-featherlight="image" href="E:\DRC Merge Regreation\DRC-Automation\test-output\Wed Apr 10\screenshots\validation the communication functionality - itadminuser_110014.png"><i class='material-icons'>panorama</i></a></li>
						</ul>
							<div class='pre'><pre>org.openqa.selenium.NoSuchElementException: no such element: Unable to locate element: {"method":"xpath","selector":"//*[contains(text(),'Record Updated Successfully.')]"}
  (Session info: chrome=73.0.3683.86)
  (Driver info: chromedriver=73.0.3683.68 (47787ec04b6e38e22703e856e101e840b65afe72),platform=Windows NT 10.0.17134 x86_64) (WARNING: The server did not provide any stacktrace information)
Command duration or timeout: 0 milliseconds
For documentation on this error, please visit: http://seleniumhq.org/exceptions/no_such_element.html
Build info: version: '3.11.0', revision: 'e59cfb3', time: '2018-03-11T20:26:55.152Z'
System info: host: '1R-23', ip: '172.16.3.23', os.name: 'Windows 10', os.arch: 'amd64', os.version: '10.0', java.version: '1.8.0_171'
Driver info: org.openqa.selenium.remote.RemoteWebDriver
Capabilities {acceptInsecureCerts: false, acceptSslCerts: false, applicationCacheEnabled: false, browserConnectionEnabled: false, browserName: chrome, chrome: {chromedriverVersion: 73.0.3683.68 (47787ec04b6e3..., userDataDir: C:\Users\FRANKE~1.MEH\AppDa...}, cssSelectorsEnabled: true, databaseEnabled: false, goog:chromeOptions: {debuggerAddress: localhost:63995}, handlesAlerts: true, hasTouchScreen: false, javascriptEnabled: true, locationContextEnabled: true, mobileEmulationEnabled: false, nativeEvents: true, networkConnectionEnabled: false, pageLoadStrategy: normal, platform: XP, platformName: XP, proxy: Proxy(), rotatable: false, setWindowRect: true, strictFileInteractability: false, takesHeapSnapshot: true, takesScreenshot: true, timeouts: {implicit: 0, pageLoad: 300000, script: 30000}, unexpectedAlertBehaviour: ignore, unhandledPromptBehavior: ignore, version: 73.0.3683.86, webStorageEnabled: true}
Session ID: abdb5cfe1a0bd855987ec5c736403a77
*** Element info: {Using=xpath, value=//*[contains(text(),'Record Updated Successfully.')]}
	at sun.reflect.NativeConstructorAccessorImpl.newInstance0(Native Method)
	at sun.reflect.NativeConstructorAccessorImpl.newInstance(Unknown Source)
	at sun.reflect.DelegatingConstructorAccessorImpl.newInstance(Unknown Source)
	at java.lang.reflect.Constructor.newInstance(Unknown Source)
	at org.openqa.selenium.remote.ErrorHandler.createThrowable(ErrorHandler.java:214)
	at org.openqa.selenium.remote.ErrorHandler.throwIfResponseFailed(ErrorHandler.java:166)
	at org.openqa.selenium.remote.http.JsonHttpResponseCodec.reconstructValue(JsonHttpResponseCodec.java:40)
	at org.openqa.selenium.remote.http.AbstractHttpResponseCodec.decode(AbstractHttpResponseCodec.java:80)
	at org.openqa.selenium.remote.http.AbstractHttpResponseCodec.decode(AbstractHttpResponseCodec.java:44)
	at org.openqa.selenium.remote.HttpCommandExecutor.execute(HttpCommandExecutor.java:158)
	at org.openqa.selenium.remote.RemoteWebDriver.execute(RemoteWebDriver.java:545)
	at org.openqa.selenium.remote.RemoteWebDriver.findElement(RemoteWebDriver.java:319)
	at org.openqa.selenium.remote.RemoteWebDriver.findElementByXPath(RemoteWebDriver.java:421)
	at org.openqa.selenium.By$ByXPath.findElement(By.java:361)
	at org.openqa.selenium.remote.RemoteWebDriver.findElement(RemoteWebDriver.java:311)
	at org.drc.vat.StepDefinitions.DV_4007_IT_Support_Admin.successfull_display_on_given_page(DV_4007_IT_Support_Admin.java:127)
	at ?.Then successfull "Record Updated Successfully." display on given page(features/DV_4007_IT_Support_Admin.feature:90)
</pre></div>
					</li>
				</ul>
		</li>
	</ul>
</div>
					</div>
				</li>
				
				
				<li class='test displayed active has-leaf pass' status='pass' bdd='true' test-id='51'>
					<div class='test-heading'>
						<span class='test-name'>Verify the IT support Users functionality</span>
						<span class='test-time'>Apr 10, 2019 11:00:35 AM</span>
						<span class='test-status right pass'>pass</span>
					</div>
					<div class='test-content hide'>
<div class='scenariooutline node' test-id='52' status='pass'>
	<span class='duration right label'>0h 2m 43s+574ms</span>
	<div class='desc'>
		<b>ScenarioOutline</b>
		<span class="desc-text">Validate the open Issue from the Issue list - ituser</span>
	</div>
	<ul class='steps'>
		<li test-id='53' class='node scenario pass' status='pass'>
			<div class='category-list'>
				<span class='category label white-text'>@TC_ITSU_06_010_013</span>
			</div>
			
			<b>Scenario</b>
			
			<span class="bdd-step-name">Validate the open Issue from the Issue list - ituser</span>
			
				<ul class='steps'>
					<li test-id='54' class='node given pass' status='pass'><b>Given</b>
						<span class="bdd-step-name">Given user should enter Username "kalpesha@mailinator.com" and Password "Test@123"</span>
							<div class='pre'>passed</div>
					</li>
					<li test-id='55' class='node and pass' status='pass'><b>And</b>
						<span class="bdd-step-name">And user clicks on Search "Automation Support 2" textbox and enters the text</span>
							<div class='pre'>passed</div>
					</li>
					<li test-id='56' class='node then pass' status='pass'><b>Then</b>
						<span class="bdd-step-name">Then user clicks on edit icon</span>
							<div class='pre'>passed</div>
					</li>
					<li test-id='57' class='node and pass' status='pass'><b>And</b>
						<span class="bdd-step-name">And user selects option from Priority dropdown "High"</span>
							<div class='pre'>passed</div>
					</li>
					<li test-id='58' class='node and pass' status='pass'><b>And</b>
						<span class="bdd-step-name">And user selects option from Next Status dropdown "In Progress"</span>
							<div class='pre'>passed</div>
					</li>
					<li test-id='59' class='node and pass' status='pass'><b>And</b>
						<span class="bdd-step-name">And user selects option from Assign To Group dropdown</span>
							<div class='pre'>passed</div>
					</li>
					<li test-id='60' class='node then pass' status='pass'><b>Then</b>
						<span class="bdd-step-name">Then click on download icon on any file</span>
							<div class='pre'>passed</div>
					</li>
					<li test-id='61' class='node then pass' status='pass'><b>Then</b>
						<span class="bdd-step-name">Then file should get the download</span>
							<div class='pre'>passed</div>
					</li>
					<li test-id='62' class='node then pass' status='pass'><b>Then</b>
						<span class="bdd-step-name">Then click on IT support submit button</span>
						<ul class='screenshots right'>
							<li><a data-featherlight="image" href="E:\DRC Merge Regreation\DRC-Automation\test-output\Wed Apr 10\screenshots\Validate the open Issue from the Issue list - ituser_110035.png"><i class='material-icons'>panorama</i></a></li>
						</ul>
							<div class='pre'>passed</div>
					</li>
				</ul>
		</li>
		<li test-id='63' class='node scenario pass' status='pass'>
			<div class='category-list'>
				<span class='category label white-text'>@TC_ITSU_06_010_013</span>
			</div>
			
			<b>Scenario</b>
			
			<span class="bdd-step-name">Validate the open Issue from the Issue list - ituser</span>
			
				<ul class='steps'>
					<li test-id='64' class='node given pass' status='pass'><b>Given</b>
						<span class="bdd-step-name">Given user should enter Username "kalpesha@mailinator.com" and Password "Test@123"</span>
							<div class='pre'>passed</div>
					</li>
					<li test-id='65' class='node and pass' status='pass'><b>And</b>
						<span class="bdd-step-name">And user clicks on Search "Automation Support 2" textbox and enters the text</span>
							<div class='pre'>passed</div>
					</li>
					<li test-id='66' class='node then pass' status='pass'><b>Then</b>
						<span class="bdd-step-name">Then user clicks on edit icon</span>
							<div class='pre'>passed</div>
					</li>
					<li test-id='67' class='node and pass' status='pass'><b>And</b>
						<span class="bdd-step-name">And user selects option from Priority dropdown "Medium"</span>
							<div class='pre'>passed</div>
					</li>
					<li test-id='68' class='node and pass' status='pass'><b>And</b>
						<span class="bdd-step-name">And user selects option from Next Status dropdown "On - Hold"</span>
							<div class='pre'>passed</div>
					</li>
					<li test-id='69' class='node and pass' status='pass'><b>And</b>
						<span class="bdd-step-name">And user selects option from Assign To Group dropdown</span>
							<div class='pre'>passed</div>
					</li>
					<li test-id='70' class='node then pass' status='pass'><b>Then</b>
						<span class="bdd-step-name">Then click on download icon on any file</span>
							<div class='pre'>passed</div>
					</li>
					<li test-id='71' class='node then pass' status='pass'><b>Then</b>
						<span class="bdd-step-name">Then file should get the download</span>
							<div class='pre'>passed</div>
					</li>
					<li test-id='72' class='node then pass' status='pass'><b>Then</b>
						<span class="bdd-step-name">Then click on IT support submit button</span>
						<ul class='screenshots right'>
							<li><a data-featherlight="image" href="E:\DRC Merge Regreation\DRC-Automation\test-output\Wed Apr 10\screenshots\Validate the open Issue from the Issue list - ituser_110126.png"><i class='material-icons'>panorama</i></a></li>
						</ul>
							<div class='pre'>passed</div>
					</li>
				</ul>
		</li>
		<li test-id='73' class='node scenario pass' status='pass'>
			<div class='category-list'>
				<span class='category label white-text'>@TC_ITSU_06_010_013</span>
			</div>
			
			<b>Scenario</b>
			
			<span class="bdd-step-name">Validate the open Issue from the Issue list - ituser</span>
			
				<ul class='steps'>
					<li test-id='74' class='node given pass' status='pass'><b>Given</b>
						<span class="bdd-step-name">Given user should enter Username "kalpesha@mailinator.com" and Password "Test@123"</span>
							<div class='pre'>passed</div>
					</li>
					<li test-id='75' class='node and pass' status='pass'><b>And</b>
						<span class="bdd-step-name">And user clicks on Search "Automation Support 2" textbox and enters the text</span>
							<div class='pre'>passed</div>
					</li>
					<li test-id='76' class='node then pass' status='pass'><b>Then</b>
						<span class="bdd-step-name">Then user clicks on edit icon</span>
							<div class='pre'>passed</div>
					</li>
					<li test-id='77' class='node and pass' status='pass'><b>And</b>
						<span class="bdd-step-name">And user selects option from Priority dropdown "Low"</span>
							<div class='pre'>passed</div>
					</li>
					<li test-id='78' class='node and pass' status='pass'><b>And</b>
						<span class="bdd-step-name">And user selects option from Next Status dropdown "Resolved"</span>
							<div class='pre'>passed</div>
					</li>
					<li test-id='79' class='node and pass' status='pass'><b>And</b>
						<span class="bdd-step-name">And user selects option from Assign To Group dropdown</span>
							<div class='pre'>passed</div>
					</li>
					<li test-id='80' class='node then pass' status='pass'><b>Then</b>
						<span class="bdd-step-name">Then click on download icon on any file</span>
							<div class='pre'>passed</div>
					</li>
					<li test-id='81' class='node then pass' status='pass'><b>Then</b>
						<span class="bdd-step-name">Then file should get the download</span>
							<div class='pre'>passed</div>
					</li>
					<li test-id='82' class='node then pass' status='pass'><b>Then</b>
						<span class="bdd-step-name">Then click on IT support submit button</span>
						<ul class='screenshots right'>
							<li><a data-featherlight="image" href="E:\DRC Merge Regreation\DRC-Automation\test-output\Wed Apr 10\screenshots\Validate the open Issue from the Issue list - ituser_110217.png"><i class='material-icons'>panorama</i></a></li>
						</ul>
							<div class='pre'>passed</div>
					</li>
				</ul>
		</li>
	</ul>
</div>
<div class='scenariooutline node' test-id='83' status='pass'>
	<span class='duration right label'>0h 0m 55s+30ms</span>
	<div class='desc'>
		<b>ScenarioOutline</b>
		<span class="desc-text">Verify the labels/contents for Edit screen - ituser</span>
	</div>
	<ul class='steps'>
		<li test-id='84' class='node scenario pass' status='pass'>
			<div class='category-list'>
				<span class='category label white-text'>@TC_ITSU_07_08_09_14_16_17</span>
			</div>
			
			<b>Scenario</b>
			
			<span class="bdd-step-name">Verify the labels/contents for Edit screen - ituser</span>
			
				<ul class='steps'>
					<li test-id='85' class='node given pass' status='pass'><b>Given</b>
						<span class="bdd-step-name">Given user should enter Username "kalpesha@mailinator.com" and Password "Test@123"</span>
							<div class='pre'>passed</div>
					</li>
					<li test-id='86' class='node then pass' status='pass'><b>Then</b>
						<span class="bdd-step-name">Then user clicks on edit icon</span>
							<div class='pre'>passed</div>
					</li>
					<li test-id='87' class='node then pass' status='pass'><b>Then</b>
						<span class="bdd-step-name">Then click on IT support submit button</span>
						<ul class='screenshots right'>
							<li><a data-featherlight="image" href="E:\DRC Merge Regreation\DRC-Automation\test-output\Wed Apr 10\screenshots\Verify the labels\contents for Edit screen - ituser_110320.png"><i class='material-icons'>panorama</i></a></li>
						</ul>
							<div class='pre'>passed</div>
					</li>
				</ul>
		</li>
	</ul>
</div>
<div class='scenariooutline node' test-id='88' status='pass'>
	<span class='duration right label'>0h 1m 53s+895ms</span>
	<div class='desc'>
		<b>ScenarioOutline</b>
		<span class="desc-text">Validate the User is able to search with valid and invalid data - ituser</span>
	</div>
	<ul class='steps'>
		<li test-id='89' class='node scenario pass' status='pass'>
			
			<b>Scenario</b>
			
			<span class="bdd-step-name">Validate the User is able to search with valid and invalid data - ituser</span>
			
				<ul class='steps'>
					<li test-id='90' class='node given pass' status='pass'><b>Given</b>
						<span class="bdd-step-name">Given user should enter Username "kalpesha@mailinator.com" and Password "Test@123"</span>
							<div class='pre'>passed</div>
					</li>
					<li test-id='91' class='node and pass' status='pass'><b>And</b>
						<span class="bdd-step-name">And user clicks on Search "1444Testing IT support" textbox and enters the text</span>
							<div class='pre'>passed</div>
					</li>
					<li test-id='92' class='node then pass' status='pass'><b>Then</b>
						<span class="bdd-step-name">Then click on cross button</span>
						<ul class='screenshots right'>
							<li><a data-featherlight="image" href="E:\DRC Merge Regreation\DRC-Automation\test-output\Wed Apr 10\screenshots\Validate the User is able to search with valid and invalid data - ituser_110416.png"><i class='material-icons'>panorama</i></a></li>
						</ul>
							<div class='pre'>passed</div>
					</li>
				</ul>
		</li>
		<li test-id='93' class='node scenario pass' status='pass'>
			
			<b>Scenario</b>
			
			<span class="bdd-step-name">Validate the User is able to search with valid and invalid data - ituser</span>
			
				<ul class='steps'>
					<li test-id='94' class='node given pass' status='pass'><b>Given</b>
						<span class="bdd-step-name">Given user should enter Username "kalpesha@mailinator.com" and Password "Test@123"</span>
							<div class='pre'>passed</div>
					</li>
					<li test-id='95' class='node and pass' status='pass'><b>And</b>
						<span class="bdd-step-name">And user clicks on Search "121954Testing IT support" textbox and enters the text</span>
							<div class='pre'>passed</div>
					</li>
					<li test-id='96' class='node then pass' status='pass'><b>Then</b>
						<span class="bdd-step-name">Then click on cross button</span>
						<ul class='screenshots right'>
							<li><a data-featherlight="image" href="E:\DRC Merge Regreation\DRC-Automation\test-output\Wed Apr 10\screenshots\Validate the User is able to search with valid and invalid data - ituser_110510.png"><i class='material-icons'>panorama</i></a></li>
						</ul>
							<div class='pre'>passed</div>
					</li>
				</ul>
		</li>
	</ul>
</div>
					</div>
				</li>
			</ul>
		</div>
	</div>
	<!-- subview left -->

	<div class='subview-right left'>
		<div class='view-summary'>
			<h5 class='test-name'></h5>

			<div id='step-filters' class="right">
				<span class="blue-text" status="info" alt="info" title="info"><i class="material-icons">info_outline</i></span>
				<span class="green-text" status="pass" alt="pass" title="pass"><i class="material-icons">check_circle</i></span>
				<span class="red-text" status="fail" alt="fail" title="fail"><i class="material-icons">cancel</i></span>
				<span class="red-text text-darken-4" status="fatal" alt="fatal" title="fatal"><i class="material-icons">cancel</i></span>
				<span class="pink-text text-lighten-1" status="error" alt="error" title="error"><i class="material-icons">error</i></span>
				<span class="orange-text" alt="warning" status="warning" title="warning"><i class="material-icons">warning</i></span>
				<span class="teal-text" status="skip" alt="skip" title="skip"><i class="material-icons">redo</i></span>
				<span status="clear" alt="Clear filters" title="Clear filters"><i class="material-icons">clear</i></span>
			</div>
		</div>
	</div>
	<!-- subview right -->

</div>
<!-- test view -->
<div id='category-view' class='view hide'>

	<section id='controls'>
		<div class='controls grey lighten-4'>
			<!-- search -->
			<div class='chip transparent' alt='Search Tests' title='Search Tests'>
				<a href="#" class='search-div'>
					<i class='material-icons'>search</i> Search
				</a>
				
				<div class='input-field left hide'>
					<input id='search-tests' type='text' class='validate browser-default' placeholder='Search Tests...'>
				</div>
				
			</div>
			<!-- search -->
		</div>
	</section>

	<div class='subview-left left'>
		
		<div class='view-summary'>
			<h5>Categories</h3>
			<ul id='category-collection' class='category-collection'>
				
				<li class='category displayed active'>
					<div class='category-heading'>
						<span class='category-name'>@TC_ITSA_01_04</span>
						<span class='category-status right'>
							<span class='label fail'>1</span>
						</span>
					</div>
					<div class='category-content hide'>
						<div class='category-status-counts'>
							
							<span class='label red lighten-1 white-text'>Failed: 1</span>
							
						</div>
					
						<div class='category-tests'>
							<table class='bordered table-results'>
								<thead>
									<tr>
										<th>Timestamp</th>
										<th>TestName</th>
										<th>Status</th>
									</tr>
								</thead>
								<tbody>
									<tr>
										<td>Apr 10, 2019 10:58:12 AM</td>
										<td class='linked' test-id='3'>Verify the IT support Admin functionality.validate the IT support sub menu functionality -internal portal.validate the IT support sub menu functionality -internal portal</td>
										<td><span class='test-status fail'>fail</span></td>
									</tr>
								</tbody>
							</table>
						</div>
					</div>
				</li>
				<li class='category displayed active'>
					<div class='category-heading'>
						<span class='category-name'>@TC_ITSA_07_08</span>
						<span class='category-status right'>
							<span class='label pass'>1</span>
						</span>
					</div>
					<div class='category-content hide'>
						<div class='category-status-counts'>
							<span class='label green accent-4 white-text'>Passed: 1</span>
							
							
						</div>
					
						<div class='category-tests'>
							<table class='bordered table-results'>
								<thead>
									<tr>
										<th>Timestamp</th>
										<th>TestName</th>
										<th>Status</th>
									</tr>
								</thead>
								<tbody>
									<tr>
										<td>Apr 10, 2019 10:59:16 AM</td>
										<td class='linked' test-id='19'>Verify the IT support Admin functionality.validate the create issue functionality with description field is blank ketan.prajapati - itadminuser.validate the create issue functionality with description field is blank ketan.prajapati - itadminuser</td>
										<td><span class='test-status pass'>pass</span></td>
									</tr>
								</tbody>
							</table>
						</div>
					</div>
				</li>
				<li class='category displayed active'>
					<div class='category-heading'>
						<span class='category-name'>@TC_ITSA_011</span>
						<span class='category-status right'>
							<span class='label pass'>1</span>
						</span>
					</div>
					<div class='category-content hide'>
						<div class='category-status-counts'>
							<span class='label green accent-4 white-text'>Passed: 1</span>
							
							
						</div>
					
						<div class='category-tests'>
							<table class='bordered table-results'>
								<thead>
									<tr>
										<th>Timestamp</th>
										<th>TestName</th>
										<th>Status</th>
									</tr>
								</thead>
								<tbody>
									<tr>
										<td>Apr 10, 2019 10:59:34 AM</td>
										<td class='linked' test-id='25'>Verify the IT support Admin functionality.Validate the cancel button functionality - itadminuser.Validate the cancel button functionality - itadminuser</td>
										<td><span class='test-status pass'>pass</span></td>
									</tr>
								</tbody>
							</table>
						</div>
					</div>
				</li>
				<li class='category displayed active'>
					<div class='category-heading'>
						<span class='category-name'>@TC_ITSA_012</span>
						<span class='category-status right'>
							<span class='label pass'>2</span>
						</span>
					</div>
					<div class='category-content hide'>
						<div class='category-status-counts'>
							<span class='label green accent-4 white-text'>Passed: 2</span>
							
							
						</div>
					
						<div class='category-tests'>
							<table class='bordered table-results'>
								<thead>
									<tr>
										<th>Timestamp</th>
										<th>TestName</th>
										<th>Status</th>
									</tr>
								</thead>
								<tbody>
									<tr>
										<td>Apr 10, 2019 10:59:41 AM</td>
										<td class='linked' test-id='30'>Verify the IT support Admin functionality.Validate the search functionality of the issue with valid data and invalid data - itadminuser.Validate the search functionality of the issue with valid data and invalid data - itadminuser</td>
										<td><span class='test-status pass'>pass</span></td>
									</tr>
									<tr>
										<td>Apr 10, 2019 10:59:49 AM</td>
										<td class='linked' test-id='34'>Verify the IT support Admin functionality.Validate the search functionality of the issue with valid data and invalid data - itadminuser.Validate the search functionality of the issue with valid data and invalid data - itadminuser</td>
										<td><span class='test-status pass'>pass</span></td>
									</tr>
								</tbody>
							</table>
						</div>
					</div>
				</li>
				<li class='category displayed active'>
					<div class='category-heading'>
						<span class='category-name'>@TC_ITSA_013_014</span>
						<span class='category-status right'>
							<span class='label fail'>1</span>
						</span>
					</div>
					<div class='category-content hide'>
						<div class='category-status-counts'>
							
							<span class='label red lighten-1 white-text'>Failed: 1</span>
							
						</div>
					
						<div class='category-tests'>
							<table class='bordered table-results'>
								<thead>
									<tr>
										<th>Timestamp</th>
										<th>TestName</th>
										<th>Status</th>
									</tr>
								</thead>
								<tbody>
									<tr>
										<td>Apr 10, 2019 10:59:58 AM</td>
										<td class='linked' test-id='39'>Verify the IT support Admin functionality.verify the labels/ content for edit screen and functionality - itadminuser.verify the labels/ content for edit screen and functionality - itadminuser</td>
										<td><span class='test-status fail'>fail</span></td>
									</tr>
								</tbody>
							</table>
						</div>
					</div>
				</li>
				<li class='category displayed active'>
					<div class='category-heading'>
						<span class='category-name'>@TC_ITSA_017_018</span>
						<span class='category-status right'>
							<span class='label fail'>1</span>
						</span>
					</div>
					<div class='category-content hide'>
						<div class='category-status-counts'>
							
							<span class='label red lighten-1 white-text'>Failed: 1</span>
							
						</div>
					
						<div class='category-tests'>
							<table class='bordered table-results'>
								<thead>
									<tr>
										<th>Timestamp</th>
										<th>TestName</th>
										<th>Status</th>
									</tr>
								</thead>
								<tbody>
									<tr>
										<td>Apr 10, 2019 11:00:14 AM</td>
										<td class='linked' test-id='45'>Verify the IT support Admin functionality.validation the communication functionality - itadminuser.validation the communication functionality - itadminuser</td>
										<td><span class='test-status fail'>fail</span></td>
									</tr>
								</tbody>
							</table>
						</div>
					</div>
				</li>
				<li class='category displayed active'>
					<div class='category-heading'>
						<span class='category-name'>@TC_ITSU_06_010_013</span>
						<span class='category-status right'>
							<span class='label pass'>3</span>
						</span>
					</div>
					<div class='category-content hide'>
						<div class='category-status-counts'>
							<span class='label green accent-4 white-text'>Passed: 3</span>
							
							
						</div>
					
						<div class='category-tests'>
							<table class='bordered table-results'>
								<thead>
									<tr>
										<th>Timestamp</th>
										<th>TestName</th>
										<th>Status</th>
									</tr>
								</thead>
								<tbody>
									<tr>
										<td>Apr 10, 2019 11:00:35 AM</td>
										<td class='linked' test-id='53'>Verify the IT support Users functionality.Validate the open Issue from the Issue list - ituser.Validate the open Issue from the Issue list - ituser</td>
										<td><span class='test-status pass'>pass</span></td>
									</tr>
									<tr>
										<td>Apr 10, 2019 11:01:26 AM</td>
										<td class='linked' test-id='63'>Verify the IT support Users functionality.Validate the open Issue from the Issue list - ituser.Validate the open Issue from the Issue list - ituser</td>
										<td><span class='test-status pass'>pass</span></td>
									</tr>
									<tr>
										<td>Apr 10, 2019 11:02:17 AM</td>
										<td class='linked' test-id='73'>Verify the IT support Users functionality.Validate the open Issue from the Issue list - ituser.Validate the open Issue from the Issue list - ituser</td>
										<td><span class='test-status pass'>pass</span></td>
									</tr>
								</tbody>
							</table>
						</div>
					</div>
				</li>
				<li class='category displayed active'>
					<div class='category-heading'>
						<span class='category-name'>@TC_ITSU_07_08_09_14_16_17</span>
						<span class='category-status right'>
							<span class='label pass'>1</span>
						</span>
					</div>
					<div class='category-content hide'>
						<div class='category-status-counts'>
							<span class='label green accent-4 white-text'>Passed: 1</span>
							
							
						</div>
					
						<div class='category-tests'>
							<table class='bordered table-results'>
								<thead>
									<tr>
										<th>Timestamp</th>
										<th>TestName</th>
										<th>Status</th>
									</tr>
								</thead>
								<tbody>
									<tr>
										<td>Apr 10, 2019 11:03:20 AM</td>
										<td class='linked' test-id='84'>Verify the IT support Users functionality.Verify the labels/contents for Edit screen - ituser.Verify the labels/contents for Edit screen - ituser</td>
										<td><span class='test-status pass'>pass</span></td>
									</tr>
								</tbody>
							</table>
						</div>
					</div>
				</li>

			</ul>
		</div>
	</div>

	<div class='subview-right left'>
		<div class='view-summary'>
			<h5 class='category-name'></h5>
		</div>
	</div>
</div>
<!-- category view -->
<div id='exception-view' class='view hide'>

    <section id='controls'>
        <div class='controls grey lighten-4'>
            <!-- search -->
            <div class='chip transparent' alt='Search Tests' title='Search Tests'>
                <a href="#" class='search-div'>
                    <i class='material-icons'>search</i> Search
                </a>

                <div class='input-field left hide'>
                    <input id='search-tests' type='text' class='validate browser-default' placeholder='Search Tests...'>
                </div>

            </div>
            <!-- search -->
        </div>
    </section>

    <div class='subview-left left'>

        <div class='view-summary'>
            <h5>Exceptions</h3>
                <ul id='exception-collection' class='exception-collection'>

                        <li class='exception displayed active'>
                            <div class='exception-heading'>
                                <span class='exception-name'>org.openqa.selenium.NoSuchElementException</span>
                                <span class='exception-count right'><span class='label red lighten-1 white-text'>3</span></span>
                            </div>
                            <div class='exception-content hide'>
                                <div class='exception-tests'>
                                    <table class='bordered table-results'>
                                        <thead>
                                        <tr>
                                            <th>Timestamp</th>
                                            <th>TestName</th>
                                            <th>Status</th>
                                        </tr>
                                        </thead>
                                        <tbody>
                                                    <tr>
                                                        <td>Apr 10, 2019 10:59:08 AM</td>
                                                        <td class='linked' test-id='17'>Verify the IT support Admin functionality.validate the IT support sub menu functionality -internal portal.validate the IT support sub menu functionality -internal portal.And successfull "Record Added Successfully." display on given page</td>
                                                        <td><pre><pre>org.openqa.selenium.NoSuchElementException: no such element: Unable to locate element: {"method":"xpath","selector":"//*[contains(text(),'Record Added Successfully.')]"}
  (Session info: chrome=73.0.3683.86)
  (Driver info: chromedriver=73.0.3683.68 (47787ec04b6e38e22703e856e101e840b65afe72),platform=Windows NT 10.0.17134 x86_64) (WARNING: The server did not provide any stacktrace information)
Command duration or timeout: 0 milliseconds
For documentation on this error, please visit: http://seleniumhq.org/exceptions/no_such_element.html
Build info: version: '3.11.0', revision: 'e59cfb3', time: '2018-03-11T20:26:55.152Z'
System info: host: '1R-23', ip: '172.16.3.23', os.name: 'Windows 10', os.arch: 'amd64', os.version: '10.0', java.version: '1.8.0_171'
Driver info: org.openqa.selenium.remote.RemoteWebDriver
Capabilities {acceptInsecureCerts: false, acceptSslCerts: false, applicationCacheEnabled: false, browserConnectionEnabled: false, browserName: chrome, chrome: {chromedriverVersion: 73.0.3683.68 (47787ec04b6e3..., userDataDir: C:\Users\FRANKE~1.MEH\AppDa...}, cssSelectorsEnabled: true, databaseEnabled: false, goog:chromeOptions: {debuggerAddress: localhost:63995}, handlesAlerts: true, hasTouchScreen: false, javascriptEnabled: true, locationContextEnabled: true, mobileEmulationEnabled: false, nativeEvents: true, networkConnectionEnabled: false, pageLoadStrategy: normal, platform: XP, platformName: XP, proxy: Proxy(), rotatable: false, setWindowRect: true, strictFileInteractability: false, takesHeapSnapshot: true, takesScreenshot: true, timeouts: {implicit: 0, pageLoad: 300000, script: 30000}, unexpectedAlertBehaviour: ignore, unhandledPromptBehavior: ignore, version: 73.0.3683.86, webStorageEnabled: true}
Session ID: abdb5cfe1a0bd855987ec5c736403a77
*** Element info: {Using=xpath, value=//*[contains(text(),'Record Added Successfully.')]}
	at sun.reflect.NativeConstructorAccessorImpl.newInstance0(Native Method)
	at sun.reflect.NativeConstructorAccessorImpl.newInstance(Unknown Source)
	at sun.reflect.DelegatingConstructorAccessorImpl.newInstance(Unknown Source)
	at java.lang.reflect.Constructor.newInstance(Unknown Source)
	at org.openqa.selenium.remote.ErrorHandler.createThrowable(ErrorHandler.java:214)
	at org.openqa.selenium.remote.ErrorHandler.throwIfResponseFailed(ErrorHandler.java:166)
	at org.openqa.selenium.remote.http.JsonHttpResponseCodec.reconstructValue(JsonHttpResponseCodec.java:40)
	at org.openqa.selenium.remote.http.AbstractHttpResponseCodec.decode(AbstractHttpResponseCodec.java:80)
	at org.openqa.selenium.remote.http.AbstractHttpResponseCodec.decode(AbstractHttpResponseCodec.java:44)
	at org.openqa.selenium.remote.HttpCommandExecutor.execute(HttpCommandExecutor.java:158)
	at org.openqa.selenium.remote.RemoteWebDriver.execute(RemoteWebDriver.java:545)
	at org.openqa.selenium.remote.RemoteWebDriver.findElement(RemoteWebDriver.java:319)
	at org.openqa.selenium.remote.RemoteWebDriver.findElementByXPath(RemoteWebDriver.java:421)
	at org.openqa.selenium.By$ByXPath.findElement(By.java:361)
	at org.openqa.selenium.remote.RemoteWebDriver.findElement(RemoteWebDriver.java:311)
	at org.drc.vat.StepDefinitions.DV_4007_IT_Support_Admin.successfull_display_on_given_page(DV_4007_IT_Support_Admin.java:127)
	at ?.And successfull "Record Added Successfully." display on given page(features/DV_4007_IT_Support_Admin.feature:18)
</pre></pre></td>
                                                    </tr>
                                                    <tr>
                                                        <td>Apr 10, 2019 11:00:06 AM</td>
                                                        <td class='linked' test-id='43'>Verify the IT support Admin functionality.verify the labels/ content for edit screen and functionality - itadminuser.verify the labels/ content for edit screen and functionality - itadminuser.Then successfull "Record Updated Successfully." display on given page</td>
                                                        <td><pre><pre>org.openqa.selenium.NoSuchElementException: no such element: Unable to locate element: {"method":"xpath","selector":"//*[contains(text(),'Record Updated Successfully.')]"}
  (Session info: chrome=73.0.3683.86)
  (Driver info: chromedriver=73.0.3683.68 (47787ec04b6e38e22703e856e101e840b65afe72),platform=Windows NT 10.0.17134 x86_64) (WARNING: The server did not provide any stacktrace information)
Command duration or timeout: 0 milliseconds
For documentation on this error, please visit: http://seleniumhq.org/exceptions/no_such_element.html
Build info: version: '3.11.0', revision: 'e59cfb3', time: '2018-03-11T20:26:55.152Z'
System info: host: '1R-23', ip: '172.16.3.23', os.name: 'Windows 10', os.arch: 'amd64', os.version: '10.0', java.version: '1.8.0_171'
Driver info: org.openqa.selenium.remote.RemoteWebDriver
Capabilities {acceptInsecureCerts: false, acceptSslCerts: false, applicationCacheEnabled: false, browserConnectionEnabled: false, browserName: chrome, chrome: {chromedriverVersion: 73.0.3683.68 (47787ec04b6e3..., userDataDir: C:\Users\FRANKE~1.MEH\AppDa...}, cssSelectorsEnabled: true, databaseEnabled: false, goog:chromeOptions: {debuggerAddress: localhost:63995}, handlesAlerts: true, hasTouchScreen: false, javascriptEnabled: true, locationContextEnabled: true, mobileEmulationEnabled: false, nativeEvents: true, networkConnectionEnabled: false, pageLoadStrategy: normal, platform: XP, platformName: XP, proxy: Proxy(), rotatable: false, setWindowRect: true, strictFileInteractability: false, takesHeapSnapshot: true, takesScreenshot: true, timeouts: {implicit: 0, pageLoad: 300000, script: 30000}, unexpectedAlertBehaviour: ignore, unhandledPromptBehavior: ignore, version: 73.0.3683.86, webStorageEnabled: true}
Session ID: abdb5cfe1a0bd855987ec5c736403a77
*** Element info: {Using=xpath, value=//*[contains(text(),'Record Updated Successfully.')]}
	at sun.reflect.NativeConstructorAccessorImpl.newInstance0(Native Method)
	at sun.reflect.NativeConstructorAccessorImpl.newInstance(Unknown Source)
	at sun.reflect.DelegatingConstructorAccessorImpl.newInstance(Unknown Source)
	at java.lang.reflect.Constructor.newInstance(Unknown Source)
	at org.openqa.selenium.remote.ErrorHandler.createThrowable(ErrorHandler.java:214)
	at org.openqa.selenium.remote.ErrorHandler.throwIfResponseFailed(ErrorHandler.java:166)
	at org.openqa.selenium.remote.http.JsonHttpResponseCodec.reconstructValue(JsonHttpResponseCodec.java:40)
	at org.openqa.selenium.remote.http.AbstractHttpResponseCodec.decode(AbstractHttpResponseCodec.java:80)
	at org.openqa.selenium.remote.http.AbstractHttpResponseCodec.decode(AbstractHttpResponseCodec.java:44)
	at org.openqa.selenium.remote.HttpCommandExecutor.execute(HttpCommandExecutor.java:158)
	at org.openqa.selenium.remote.RemoteWebDriver.execute(RemoteWebDriver.java:545)
	at org.openqa.selenium.remote.RemoteWebDriver.findElement(RemoteWebDriver.java:319)
	at org.openqa.selenium.remote.RemoteWebDriver.findElementByXPath(RemoteWebDriver.java:421)
	at org.openqa.selenium.By$ByXPath.findElement(By.java:361)
	at org.openqa.selenium.remote.RemoteWebDriver.findElement(RemoteWebDriver.java:311)
	at org.drc.vat.StepDefinitions.DV_4007_IT_Support_Admin.successfull_display_on_given_page(DV_4007_IT_Support_Admin.java:127)
	at ?.Then successfull "Record Updated Successfully." display on given page(features/DV_4007_IT_Support_Admin.feature:75)
</pre></pre></td>
                                                    </tr>
                                                    <tr>
                                                        <td>Apr 10, 2019 11:00:28 AM</td>
                                                        <td class='linked' test-id='50'>Verify the IT support Admin functionality.validation the communication functionality - itadminuser.validation the communication functionality - itadminuser.Then successfull "Record Updated Successfully." display on given page</td>
                                                        <td><pre><pre>org.openqa.selenium.NoSuchElementException: no such element: Unable to locate element: {"method":"xpath","selector":"//*[contains(text(),'Record Updated Successfully.')]"}
  (Session info: chrome=73.0.3683.86)
  (Driver info: chromedriver=73.0.3683.68 (47787ec04b6e38e22703e856e101e840b65afe72),platform=Windows NT 10.0.17134 x86_64) (WARNING: The server did not provide any stacktrace information)
Command duration or timeout: 0 milliseconds
For documentation on this error, please visit: http://seleniumhq.org/exceptions/no_such_element.html
Build info: version: '3.11.0', revision: 'e59cfb3', time: '2018-03-11T20:26:55.152Z'
System info: host: '1R-23', ip: '172.16.3.23', os.name: 'Windows 10', os.arch: 'amd64', os.version: '10.0', java.version: '1.8.0_171'
Driver info: org.openqa.selenium.remote.RemoteWebDriver
Capabilities {acceptInsecureCerts: false, acceptSslCerts: false, applicationCacheEnabled: false, browserConnectionEnabled: false, browserName: chrome, chrome: {chromedriverVersion: 73.0.3683.68 (47787ec04b6e3..., userDataDir: C:\Users\FRANKE~1.MEH\AppDa...}, cssSelectorsEnabled: true, databaseEnabled: false, goog:chromeOptions: {debuggerAddress: localhost:63995}, handlesAlerts: true, hasTouchScreen: false, javascriptEnabled: true, locationContextEnabled: true, mobileEmulationEnabled: false, nativeEvents: true, networkConnectionEnabled: false, pageLoadStrategy: normal, platform: XP, platformName: XP, proxy: Proxy(), rotatable: false, setWindowRect: true, strictFileInteractability: false, takesHeapSnapshot: true, takesScreenshot: true, timeouts: {implicit: 0, pageLoad: 300000, script: 30000}, unexpectedAlertBehaviour: ignore, unhandledPromptBehavior: ignore, version: 73.0.3683.86, webStorageEnabled: true}
Session ID: abdb5cfe1a0bd855987ec5c736403a77
*** Element info: {Using=xpath, value=//*[contains(text(),'Record Updated Successfully.')]}
	at sun.reflect.NativeConstructorAccessorImpl.newInstance0(Native Method)
	at sun.reflect.NativeConstructorAccessorImpl.newInstance(Unknown Source)
	at sun.reflect.DelegatingConstructorAccessorImpl.newInstance(Unknown Source)
	at java.lang.reflect.Constructor.newInstance(Unknown Source)
	at org.openqa.selenium.remote.ErrorHandler.createThrowable(ErrorHandler.java:214)
	at org.openqa.selenium.remote.ErrorHandler.throwIfResponseFailed(ErrorHandler.java:166)
	at org.openqa.selenium.remote.http.JsonHttpResponseCodec.reconstructValue(JsonHttpResponseCodec.java:40)
	at org.openqa.selenium.remote.http.AbstractHttpResponseCodec.decode(AbstractHttpResponseCodec.java:80)
	at org.openqa.selenium.remote.http.AbstractHttpResponseCodec.decode(AbstractHttpResponseCodec.java:44)
	at org.openqa.selenium.remote.HttpCommandExecutor.execute(HttpCommandExecutor.java:158)
	at org.openqa.selenium.remote.RemoteWebDriver.execute(RemoteWebDriver.java:545)
	at org.openqa.selenium.remote.RemoteWebDriver.findElement(RemoteWebDriver.java:319)
	at org.openqa.selenium.remote.RemoteWebDriver.findElementByXPath(RemoteWebDriver.java:421)
	at org.openqa.selenium.By$ByXPath.findElement(By.java:361)
	at org.openqa.selenium.remote.RemoteWebDriver.findElement(RemoteWebDriver.java:311)
	at org.drc.vat.StepDefinitions.DV_4007_IT_Support_Admin.successfull_display_on_given_page(DV_4007_IT_Support_Admin.java:127)
	at ?.Then successfull "Record Updated Successfully." display on given page(features/DV_4007_IT_Support_Admin.feature:90)
</pre></pre></td>
                                                    </tr>
                                        </tbody>
                                    </table>
                                </div>
                            </div>
                        </li>
                </ul>
        </div>
    </div>

    <div class='subview-right left'>
        <div class='view-summary'>
            <h5 class='exception-name'></h5>
        </div>
    </div>
</div>
<!-- exception view -->
<div id='dashboard-view' class='view hide'>
	<div class='card-panel transparent np-v'>
		<h5>Dashboard</h5>

		<div class='row'>
			<div class='col s2'>
				<div class='card-panel r'>
					Features
					<div class='panel-lead'>2</div>
				</div>
			</div>
			<div class='col s2'>
				<div class='card-panel r'>
					Scenarios
					<div class='panel-lead'>13</div>
				</div>
			</div>
			<div class='col s2'>
				<div class='card-panel r'>
					Steps
					<div class='panel-lead'>72</div>
				</div>
			</div>
			<div class='col s2'>
				<div class='card-panel r'>
					Start
					<div class='panel-lead'>Apr 10, 2019 10:58:11 AM</div>
				</div>
			</div>
			<div class='col s2'>
				<div class='card-panel r'>
			 		End
			 		<div class='panel-lead'>Apr 10, 2019 11:06:10 AM</div>
				</div>
			</div>
			<div class='col s2'>
				<div class='card-panel r'>
					Time Taken
					<div class='panel-lead'>0h 7m 58s+617ms</div>
				</div>
			</div>
			<div class='col s6'>
				<div class='card-panel dashboard-categories'>
					<span class='right label cyan white-text'>Categories</span><p>&nbsp;</p>
					
					<table>
						<tr>
							<th>Name</th>
							<th>Passed</th>
							<th>Failed</th>
							<th>Others</th>
							<th>Passed %</th>
						</tr>
						<tr>
							<td>@TC_ITSA_01_04</td>
							<td>0</td>
							<td>1</td>
							<td>0</td>
							<td>
									0%
							</td>
						</tr>
						<tr>
							<td>@TC_ITSA_07_08</td>
							<td>1</td>
							<td>0</td>
							<td>0</td>
							<td>
									100%
							</td>
						</tr>
						<tr>
							<td>@TC_ITSA_011</td>
							<td>1</td>
							<td>0</td>
							<td>0</td>
							<td>
									100%
							</td>
						</tr>
						<tr>
							<td>@TC_ITSA_012</td>
							<td>2</td>
							<td>0</td>
							<td>0</td>
							<td>
									100%
							</td>
						</tr>
						<tr>
							<td>@TC_ITSA_013_014</td>
							<td>0</td>
							<td>1</td>
							<td>0</td>
							<td>
									0%
							</td>
						</tr>
						<tr>
							<td>@TC_ITSA_017_018</td>
							<td>0</td>
							<td>1</td>
							<td>0</td>
							<td>
									0%
							</td>
						</tr>
						<tr>
							<td>@TC_ITSU_06_010_013</td>
							<td>3</td>
							<td>0</td>
							<td>0</td>
							<td>
									100%
							</td>
						</tr>
						<tr>
							<td>@TC_ITSU_07_08_09_14_16_17</td>
							<td>1</td>
							<td>0</td>
							<td>0</td>
							<td>
									100%
							</td>
						</tr>
					</table>
				</div>
			</div>
		</div>
	</div>
</div>
<!-- dashboard view -->
<!-- testrunner-logs view -->
		</div>
		<!-- container -->

		<script>
			var statusGroup = {
				passParent: 1,
				failParent: 1,
				fatalParent: 0,
				errorParent: 0,
				warningParent: 0,
				skipParent: 0,
				exceptionsParent: 1,
				
				passChild: 10,
				failChild: 3,
				fatalChild: 0,
				errorChild: 0,
				warningChild: 0,
				skipChild: 0,
				infoChild: 0,
				exceptionsChild: 3,
				
				passGrandChild: 69,
				failGrandChild: 3,
				fatalGrandChild: 0,
				errorGrandChild: 0,
				warningGrandChild: 0,
				skipGrandChild: 0,
				infoGrandChild: 0,
				exceptionsGrandChild: 3,
			};
		</script>
		
			<script src='https://cdn.rawgit.com/anshooarora/extentreports-java/fca20fb7653aade98810546ab96a2a4360e3e712/dist/js/extent.js' type='text/javascript'></script>
		
		
 		<script type='text/javascript'>
 		</script>
	</body>
	
</html>
