
<!DOCTYPE html>
<html>


<head>
	<meta charset='utf-8' /> 
	<meta name='description' content='' />
	<meta name='robots' content='noodp, noydir' />
	<meta name='viewport' content='width=device-width, initial-scale=1' />
	<meta id="timeStampFormat" name="timeStampFormat" content='MMM d, yyyy hh:mm:ss a'/>
	
	<link href='https://fonts.googleapis.com/css?family=Source+Sans+Pro:400,600' rel='stylesheet' type='text/css' />
	<link href="https://fonts.googleapis.com/icon?family=Material+Icons" rel="stylesheet" />

		<link href='https://cdn.rawgit.com/anshooarora/extentreports-java/b4a58fcfd1e137bd9287244035a7c80d3d73b3af/dist/css/extent.css' type='text/css' rel='stylesheet' />
	
	<title>ExtentReports</title>

	<style type='text/css'>
	</style>
</head>

	<body class='extent standard default hide-overflow bdd-report'>
		<div id='theme-selector' alt='Click to toggle theme. To enable by default, use theme configuration.' title='Click to toggle theme. To enable by default, use theme configuration.'>
			<span><i class='material-icons'>desktop_windows</i></span>
		</div>

<nav>
	<div class="nav-wrapper">
		<a href="#!" class="brand-logo blue darken-3">Extent</a>

		<!-- slideout menu -->
		<ul id='slide-out' class='side-nav fixed hide-on-med-and-down'>
			<li class='waves-effect active'><a href='#!' view='test-view' onclick="configureView(0);chartsView('test');"><i class='material-icons'>dashboard</i></a></li>
						<li class='waves-effect'><a href='#!' view='category-view' onclick="configureView(1)"><i class='material-icons'>label_outline</i></a></li>
			<li class='waves-effect'><a href='#!' view='exception-view' onclick="configureView(2)"><i class='material-icons'>bug_report</i></a></li>
			<li class='waves-effect'><a href='#!' onclick="configureView(-1);chartsView('dashboard');" view='dashboard-view'><i class='material-icons'>track_changes</i></i></a></li>
		</ul>

		<!-- report name -->
		<span class='report-name'>ExtentReports</span>
		
		<!-- report headline -->
		<span class='report-headline'></span>

		<!-- nav-right -->
		<ul id='nav-mobile' class='right hide-on-med-and-down nav-right'>
			<li>
                <a href='#!'>
                    <span class='label suite-start-time blue darken-3'>Sep 1, 2018 05:51:06 PM</span>
				</a>
			</li>
			<li>
                <a href='#!'>
                    <span class='label blue darken-3'>3.1.5</span>
				</a>
			</li>
		</ul>
	</div>
</nav>

		<!-- container -->
		<div class='container'>

<div id='test-view' class='view'>
				
	<section id='controls'>
		<div class='controls grey lighten-4'>
			<!-- test toggle -->
			<div class='chip transparent'>
				<a class='dropdown-button tests-toggle' data-activates='tests-toggle' data-constrainwidth='true' data-beloworigin='true' data-hover='true' href='#'>
					<i class='material-icons'>warning</i> Status
				</a>
				<ul id='tests-toggle' class='dropdown-content'>
											<li status='pass'><a href='#!'>Pass <i class='material-icons green-text'>check_circle</i></a></li>
						<li status='fail'><a href='#!'>Fail <i class='material-icons red-text'>cancel</i></a></li>
						<li status='skip'><a href='#!'>Skip <i class='material-icons cyan-text'>redo</i></a></li>
					<li class='divider'></li>
					<li status='clear' clear='true'><a href='#!'>Clear Filters <i class='material-icons'>clear</i></a></li>
				</ul>
			</div>
			<!-- test toggle -->

			<!-- category toggle -->
			<div class='chip transparent'>
				<a class='dropdown-button category-toggle' data-activates='category-toggle' data-constrainwidth='false' data-beloworigin='true' data-hover='true' href='#'>
					<i class='material-icons'>local_offer</i> Category
				</a>
				<ul id='category-toggle' class='dropdown-content'>
					<li><a href='#'>@TC_001</a></li>
					<li><a href='#'>@TC_03</a></li>
					<li><a href='#'>@TC_04</a></li>
					<li><a href='#'>@TC_06</a></li>
					<li><a href='#'>@TC_07</a></li>
					<li><a href='#'>@TC_08</a></li>
					<li><a href='#'>@TC_09</a></li>
					<li><a href='#'>@TC_10</a></li>
					<li><a href='#'>@TC_11</a></li>
					<li><a href='#'>@TC_12</a></li>
					<li><a href='#'>@TC_13</a></li>
					<li><a href='#'>@TC_14</a></li>
					<li><a href='#'>@TC_16</a></li>
					<li class='divider'></li>
					<li class='clear'><a href='#!' clear='true'>Clear Filters</a></li>
				</ul>
			</div>
			<!-- category toggle -->

			<!-- clear filters -->
			<div class='chip transparent hide'>
				<a class='' id='clear-filters' alt='Clear Filters' title='Clear Filters'>
					<i class='material-icons'>close</i> Clear
				</a>
			</div>
			<!-- clear filters -->

			<!-- enable dashboard -->
			<div id='toggle-test-view-charts' class='chip transparent'>
				<a class='pink-text' id='enable-dashboard' alt='Enable Dashboard' title='Enable Dashboard'>
					<i class='material-icons'>track_changes</i> Dashboard
				</a>
			</div>
			<!-- enable dashboard -->

			<!-- search -->
			<div class='chip transparent' alt='Search Tests' title='Search Tests'>
				<a href="#" class='search-div'>
					<i class='material-icons'>search</i> Search
				</a>

				<div class='input-field left hide'>
					<input id='search-tests' type='text' class='validate browser-default' placeholder='Search Tests...'>
				</div>
				
			</div>
			<!-- search -->
		</div>
	</section>


<div id='test-view-charts' class='subview-full'>
	<div id='charts-row' class='row nm-v nm-h'>
		<div class='col s12 m4 l4 np-h'>
			<div class='card-panel nm-v'>
				<div class='left panel-name'>Features</div>
				<div class='chart-box'>
					<canvas id='parent-analysis' width='100' height='80'></canvas>
				</div>
				<div class='block text-small'>
					<span class='tooltipped' data-position='top' data-tooltip='0%'><span class='strong'>0</span> feature(s) passed</span>
				</div>
				<div class='block text-small'>
					<span class='strong tooltipped' data-position='top' data-tooltip='100%'>1</span> feature(s) failed, <span class='strong tooltipped' data-position='top' data-tooltip='0%'>0</span> others
				</div>
			</div>
		</div>
		
		<div class='col s12 m4 l4 np-h'>
			<div class='card-panel nm-v'>
				<div class='left panel-name'>Scenarios</div>
				<div class='chart-box'>
					<canvas id='child-analysis' width='100' height='80'></canvas>
				</div>
				<div class='block text-small'>
					<span class='tooltipped' data-position='top' data-tooltip='11.111%'><span class='strong'>2</span> scenario(s) passed</span>
				</div>
				<div class='block text-small'>
					<span class='strong tooltipped' data-position='top' data-tooltip='77.778%'>14</span> scenario(s) failed, <span class='strong tooltipped' data-position='top' data-tooltip='11.111%'>2</span> others
				</div>
			</div>
		</div>
		
		<div class='col s12 m4 l4 np-h'>
			<div class='card-panel nm-v'>
				<div class='left panel-name'>Steps</div>
				<div class='chart-box'>
					<canvas id='grandchild-analysis' width='100' height='80'></canvas>
				</div>
				<div class='block text-small'>
					<span class='tooltipped' data-position='top' data-tooltip='53.383%'><span class='strong'>71</span> step(s) passed</span>
				</div>
				<div class='block text-small'>
					<span class='strong tooltipped' data-position='top' data-tooltip='10.526%'>14</span> step(s) failed, <span class='strong tooltipped' data-position='top' data-tooltip='36.09%'>48</span> others
				</div>
			</div>
		</div>
	</div>
</div>

	<div class='subview-left left'>
		
		<div class='view-summary'>
			<h5>Features</h5>
			<ul id='test-collection' class='test-collection'>
				
				
				<li class='test displayed active has-leaf fail' status='fail' bdd='true' test-id='1'>
					<div class='test-heading'>
						<span class='test-name'>User is on FX Management Page</span>
						<span class='test-time'>Sep 1, 2018 05:51:06 PM</span>
						<span class='test-status right fail'>fail</span>
					</div>
					<div class='test-content hide'>
<div class='scenariooutline node' test-id='2' status='pass'>
	<span class='duration right label'>0h 0m 24s+758ms</span>
	<div class='desc'>
		<b>ScenarioOutline</b>
		<span class="desc-text">For FX Management Officer Login</span>
	</div>
	<ul class='steps'>
		<li test-id='3' class='node scenario pass' status='pass'>
			<div class='category-list'>
				<span class='category label white-text'>@TC_001</span>
			</div>
			
			<b>Scenario</b>
			
			<span class="bdd-step-name">For FX Management Officer Login</span>
			
				<ul class='steps'>
					<li test-id='4' class='node given pass' status='pass'><b>Given</b>
						<span class="bdd-step-name">Given User is on DRC Internal Portal</span>
							<div class='pre'>passed</div>
					</li>
					<li test-id='5' class='node when pass' status='pass'><b>When</b>
						<span class="bdd-step-name">When User Enter Valid : "rohit.patil" "admin"</span>
							<div class='pre'>passed</div>
					</li>
					<li test-id='6' class='node and pass' status='pass'><b>And</b>
						<span class="bdd-step-name">And User Clicks on "SignIn" Button</span>
							<div class='pre'>passed</div>
					</li>
					<li test-id='7' class='node then pass' status='pass'><b>Then</b>
						<span class="bdd-step-name">Then User Redirect to  "Dashboard"</span>
						<ul class='screenshots right'>
							<li><a data-featherlight="image" href="D:\DRC_Franky\DRC_VAT\test-output\Sat Sep 01\screenshots\For FX Management Officer Login_175106.png"><i class='material-icons'>panorama</i></a></li>
						</ul>
							<div class='pre'>passed</div>
					</li>
				</ul>
		</li>
	</ul>
</div>
<div class='scenariooutline node' test-id='8' status='fail'>
	<span class='duration right label'>0h 0m 6s+598ms</span>
	<div class='desc'>
		<b>ScenarioOutline</b>
		<span class="desc-text">Validate the Base currency on all the pages of FX management module</span>
	</div>
	<ul class='steps'>
		<li test-id='9' class='node scenario fail' status='fail'>
			<div class='category-list'>
				<span class='category label white-text'>@TC_03</span>
			</div>
			
			<b>Scenario</b>
			
			<span class="bdd-step-name">Validate the Base currency on all the pages of FX management module</span>
			
				<ul class='steps'>
					<li test-id='10' class='node given pass' status='pass'><b>Given</b>
						<span class="bdd-step-name">Given User is on FX Management "FX_Management_Officer_03" "Verify Base Currency"</span>
							<div class='pre'>passed</div>
					</li>
					<li test-id='11' class='node and pass' status='pass'><b>And</b>
						<span class="bdd-step-name">And User see FX Management</span>
							<div class='pre'>passed</div>
					</li>
					<li test-id='12' class='node and pass' status='pass'><b>And</b>
						<span class="bdd-step-name">And User click on FX Management tab</span>
							<div class='pre'>passed</div>
					</li>
					<li test-id='13' class='node and fail' status='fail'><b>And</b>
						<span class="bdd-step-name">And User verify the Base currency on the FX management is Congolese France and its value is 1</span>
							<div class='pre'><pre>java.lang.NullPointerException
	at org.drc.vat.StepDefinitions.FxManagement_DGI_Officer.user_verify_the_Base_currency_on_the_FX_management_is_Congolese_France_and_its_value_is(FxManagement_DGI_Officer.java:106)
	at ?.And User verify the Base currency on the FX management is Congolese France and its value is 1(features/FxManagement_DGI_Officer.feature:47)
</pre></div>
					</li>
					<li test-id='14' class='node and skip' status='skip'><b>And</b>
						<span class="bdd-step-name">And User click on update button</span>
							<div class='pre'>skipped</div>
					</li>
					<li test-id='15' class='node and skip' status='skip'><b>And</b>
						<span class="bdd-step-name">And User see pop up and see base currency is 1</span>
							<div class='pre'>skipped</div>
					</li>
					<li test-id='16' class='node and skip' status='skip'><b>And</b>
						<span class="bdd-step-name">And User click on cancel button on pop up</span>
							<div class='pre'>skipped</div>
					</li>
					<li test-id='17' class='node and skip' status='skip'><b>And</b>
						<span class="bdd-step-name">And User click on Historical FX Rates button and verify the base currency</span>
						<ul class='screenshots right'>
							<li><a data-featherlight="image" href="D:\DRC_Franky\DRC_VAT\test-output\Sat Sep 01\screenshots\Validate the Base currency on all the pages of FX management module_175132.png"><i class='material-icons'>panorama</i></a></li>
						</ul>
							<div class='pre'>skipped</div>
					</li>
				</ul>
		</li>
	</ul>
</div>
<div class='scenariooutline node' test-id='18' status='pass'>
	<span class='duration right label'>0h 0m 6s+618ms</span>
	<div class='desc'>
		<b>ScenarioOutline</b>
		<span class="desc-text">Validate the Update currency functionality with valid data</span>
	</div>
	<ul class='steps'>
		<li test-id='19' class='node scenario pass' status='pass'>
			<div class='category-list'>
				<span class='category label white-text'>@TC_04</span>
			</div>
			
			<b>Scenario</b>
			
			<span class="bdd-step-name">Validate the Update currency functionality with valid data</span>
			
				<ul class='steps'>
					<li test-id='20' class='node given pass' status='pass'><b>Given</b>
						<span class="bdd-step-name">Given User is on FX Management "FX_Management_Officer_04" "Verify update Currency"</span>
							<div class='pre'>passed</div>
					</li>
					<li test-id='21' class='node and pass' status='pass'><b>And</b>
						<span class="bdd-step-name">And User see FX Management</span>
							<div class='pre'>passed</div>
					</li>
					<li test-id='22' class='node and pass' status='pass'><b>And</b>
						<span class="bdd-step-name">And User click on FX Management tab</span>
							<div class='pre'>passed</div>
					</li>
					<li test-id='23' class='node and pass' status='pass'><b>And</b>
						<span class="bdd-step-name">And User click on Update button and pop up appear</span>
							<div class='pre'>passed</div>
					</li>
					<li test-id='24' class='node and pass' status='pass'><b>And</b>
						<span class="bdd-step-name">And User enter currency for "100"</span>
							<div class='pre'>passed</div>
					</li>
					<li test-id='25' class='node and pass' status='pass'><b>And</b>
						<span class="bdd-step-name">And User click on save button</span>
						<ul class='screenshots right'>
							<li><a data-featherlight="image" href="D:\DRC_Franky\DRC_VAT\test-output\Sat Sep 01\screenshots\Validate the Update currency functionality with valid data_175139.png"><i class='material-icons'>panorama</i></a></li>
						</ul>
							<div class='pre'>passed</div>
					</li>
				</ul>
		</li>
	</ul>
</div>
<div class='scenariooutline node' test-id='26' status='fail'>
	<span class='duration right label'>0h 1m 4s+782ms</span>
	<div class='desc'>
		<b>ScenarioOutline</b>
		<span class="desc-text">Validate the Cancel button functionality on Update currency rate popup</span>
	</div>
	<ul class='steps'>
		<li test-id='27' class='node scenario fail' status='fail'>
			<div class='category-list'>
				<span class='category label white-text'>@TC_06</span>
			</div>
			
			<b>Scenario</b>
			
			<span class="bdd-step-name">Validate the Cancel button functionality on Update currency rate popup</span>
			
				<ul class='steps'>
					<li test-id='28' class='node given pass' status='pass'><b>Given</b>
						<span class="bdd-step-name">Given User is on FX Management "FX_Management_Officer_08" "Verify cancel button"</span>
							<div class='pre'>passed</div>
					</li>
					<li test-id='29' class='node and pass' status='pass'><b>And</b>
						<span class="bdd-step-name">And User see FX Management</span>
							<div class='pre'>passed</div>
					</li>
					<li test-id='30' class='node and pass' status='pass'><b>And</b>
						<span class="bdd-step-name">And User click on FX Management tab</span>
							<div class='pre'>passed</div>
					</li>
					<li test-id='31' class='node and fail' status='fail'><b>And</b>
						<span class="bdd-step-name">And User click on Update button and pop up appear</span>
							<div class='pre'><pre>org.openqa.selenium.TimeoutException: Expected condition failed: waiting for element to be clickable: By.xpath: //button[@title='Update'] (tried for 60 second(s) with 500 milliseconds interval)
Build info: version: '3.11.0', revision: 'e59cfb3', time: '2018-03-11T20:26:55.152Z'
System info: host: 'CS84-PC', ip: '192.168.194.2', os.name: 'Windows 10', os.arch: 'amd64', os.version: '10.0', java.version: '1.8.0_171'
Driver info: org.openqa.selenium.chrome.ChromeDriver
Capabilities {acceptInsecureCerts: false, acceptSslCerts: false, applicationCacheEnabled: false, browserConnectionEnabled: false, browserName: chrome, chrome: {chromedriverVersion: 2.38.552522 (437e6fbedfa876..., userDataDir: C:\Users\admin\AppData\Loca...}, cssSelectorsEnabled: true, databaseEnabled: false, handlesAlerts: true, hasTouchScreen: false, javascriptEnabled: true, locationContextEnabled: true, mobileEmulationEnabled: false, nativeEvents: true, networkConnectionEnabled: false, pageLoadStrategy: normal, platform: XP, platformName: XP, rotatable: false, setWindowRect: true, takesHeapSnapshot: true, takesScreenshot: true, unexpectedAlertBehaviour: , unhandledPromptBehavior: , version: 68.0.3440.106, webStorageEnabled: true}
Session ID: 6f964713dea3677adab096020eced510
	at org.openqa.selenium.support.ui.WebDriverWait.timeoutException(WebDriverWait.java:81)
	at org.openqa.selenium.support.ui.FluentWait.until(FluentWait.java:271)
	at org.drc.vat.appmanager.HelperBase.clickOn(HelperBase.java:74)
	at org.drc.vat.StepDefinitions.FxManagement_DGI_Officer.user_click_on_Update_button_and_pop_up_appear(FxManagement_DGI_Officer.java:165)
	at ?.And User click on Update button and pop up appear(features/FxManagement_DGI_Officer.feature:92)
</pre></div>
					</li>
					<li test-id='32' class='node and skip' status='skip'><b>And</b>
						<span class="bdd-step-name">And User enter currency for "100"</span>
							<div class='pre'>skipped</div>
					</li>
					<li test-id='33' class='node and skip' status='skip'><b>And</b>
						<span class="bdd-step-name">And User click on cancel button</span>
							<div class='pre'>skipped</div>
					</li>
					<li test-id='34' class='node and skip' status='skip'><b>And</b>
						<span class="bdd-step-name">And User click on Update button and pop up appear</span>
							<div class='pre'>skipped</div>
					</li>
					<li test-id='35' class='node and skip' status='skip'><b>And</b>
						<span class="bdd-step-name">And User check previously enter currency value "100"</span>
							<div class='pre'>skipped</div>
					</li>
					<li test-id='36' class='node and skip' status='skip'><b>And</b>
						<span class="bdd-step-name">And User click on Save button</span>
							<div class='pre'>skipped</div>
					</li>
					<li test-id='37' class='node and skip' status='skip'><b>And</b>
						<span class="bdd-step-name">And User see New Conversion Rate column is display</span>
						<ul class='screenshots right'>
							<li><a data-featherlight="image" href="D:\DRC_Franky\DRC_VAT\test-output\Sat Sep 01\screenshots\Validate the Cancel button functionality on Update currency rate popup_175146.png"><i class='material-icons'>panorama</i></a></li>
						</ul>
							<div class='pre'>skipped</div>
					</li>
				</ul>
		</li>
	</ul>
</div>
<div class='scenariooutline node' test-id='38' status='fail'>
	<span class='duration right label'>0h 0m 13s+336ms</span>
	<div class='desc'>
		<b>ScenarioOutline</b>
		<span class="desc-text">Validate the Historical FX Rates button functionality</span>
	</div>
	<ul class='steps'>
		<li test-id='39' class='node scenario fail' status='fail'>
			<div class='category-list'>
				<span class='category label white-text'>@TC_07</span>
			</div>
			
			<b>Scenario</b>
			
			<span class="bdd-step-name">Validate the Historical FX Rates button functionality</span>
			
				<ul class='steps'>
					<li test-id='40' class='node given pass' status='pass'><b>Given</b>
						<span class="bdd-step-name">Given User is on FX Management "FX_Management_Officer_09" "Verify Historical FX Rates button functionality"</span>
							<div class='pre'>passed</div>
					</li>
					<li test-id='41' class='node and pass' status='pass'><b>And</b>
						<span class="bdd-step-name">And User see FX Management</span>
							<div class='pre'>passed</div>
					</li>
					<li test-id='42' class='node and pass' status='pass'><b>And</b>
						<span class="bdd-step-name">And User click on FX Management tab</span>
							<div class='pre'>passed</div>
					</li>
					<li test-id='43' class='node and pass' status='pass'><b>And</b>
						<span class="bdd-step-name">And User Click on Historical fx rates button</span>
							<div class='pre'>passed</div>
					</li>
					<li test-id='44' class='node and fail' status='fail'><b>And</b>
						<span class="bdd-step-name">And User check "100" in FX management list</span>
						<ul class='screenshots right'>
							<li><a data-featherlight="image" href="D:\DRC_Franky\DRC_VAT\test-output\Sat Sep 01\screenshots\Validate the Historical FX Rates button functionality_175252.png"><i class='material-icons'>panorama</i></a></li>
						</ul>
							<div class='pre'><pre>org.openqa.selenium.NoSuchElementException: no such element: Unable to locate element: {"method":"xpath","selector":"//div/table/tbody/tr[1]/td[1]/div"}
  (Session info: chrome=68.0.3440.106)
  (Driver info: chromedriver=2.38.552522 (437e6fbedfa8762dec75e2c5b3ddb86763dc9dcb),platform=Windows NT 10.0.16299 x86_64) (WARNING: The server did not provide any stacktrace information)
Command duration or timeout: 0 milliseconds
For documentation on this error, please visit: http://seleniumhq.org/exceptions/no_such_element.html
Build info: version: '3.11.0', revision: 'e59cfb3', time: '2018-03-11T20:26:55.152Z'
System info: host: 'CS84-PC', ip: '192.168.194.2', os.name: 'Windows 10', os.arch: 'amd64', os.version: '10.0', java.version: '1.8.0_171'
Driver info: org.openqa.selenium.chrome.ChromeDriver
Capabilities {acceptInsecureCerts: false, acceptSslCerts: false, applicationCacheEnabled: false, browserConnectionEnabled: false, browserName: chrome, chrome: {chromedriverVersion: 2.38.552522 (437e6fbedfa876..., userDataDir: C:\Users\admin\AppData\Loca...}, cssSelectorsEnabled: true, databaseEnabled: false, handlesAlerts: true, hasTouchScreen: false, javascriptEnabled: true, locationContextEnabled: true, mobileEmulationEnabled: false, nativeEvents: true, networkConnectionEnabled: false, pageLoadStrategy: normal, platform: XP, platformName: XP, rotatable: false, setWindowRect: true, takesHeapSnapshot: true, takesScreenshot: true, unexpectedAlertBehaviour: , unhandledPromptBehavior: , version: 68.0.3440.106, webStorageEnabled: true}
Session ID: 6f964713dea3677adab096020eced510
*** Element info: {Using=xpath, value=//div/table/tbody/tr[1]/td[1]/div}
	at sun.reflect.NativeConstructorAccessorImpl.newInstance0(Native Method)
	at sun.reflect.NativeConstructorAccessorImpl.newInstance(Unknown Source)
	at sun.reflect.DelegatingConstructorAccessorImpl.newInstance(Unknown Source)
	at java.lang.reflect.Constructor.newInstance(Unknown Source)
	at org.openqa.selenium.remote.ErrorHandler.createThrowable(ErrorHandler.java:214)
	at org.openqa.selenium.remote.ErrorHandler.throwIfResponseFailed(ErrorHandler.java:166)
	at org.openqa.selenium.remote.http.JsonHttpResponseCodec.reconstructValue(JsonHttpResponseCodec.java:40)
	at org.openqa.selenium.remote.http.AbstractHttpResponseCodec.decode(AbstractHttpResponseCodec.java:80)
	at org.openqa.selenium.remote.http.AbstractHttpResponseCodec.decode(AbstractHttpResponseCodec.java:44)
	at org.openqa.selenium.remote.HttpCommandExecutor.execute(HttpCommandExecutor.java:158)
	at org.openqa.selenium.remote.service.DriverCommandExecutor.execute(DriverCommandExecutor.java:83)
	at org.openqa.selenium.remote.RemoteWebDriver.execute(RemoteWebDriver.java:545)
	at org.openqa.selenium.remote.RemoteWebDriver.findElement(RemoteWebDriver.java:319)
	at org.openqa.selenium.remote.RemoteWebDriver.findElementByXPath(RemoteWebDriver.java:421)
	at org.openqa.selenium.By$ByXPath.findElement(By.java:361)
	at org.openqa.selenium.remote.RemoteWebDriver.findElement(RemoteWebDriver.java:311)
	at org.drc.vat.StepDefinitions.FxManagement_DGI_Officer.user_check_in_FX_management_list(FxManagement_DGI_Officer.java:258)
	at ?.And User check "100" in FX management list(features/FxManagement_DGI_Officer.feature:110)
</pre></div>
					</li>
				</ul>
		</li>
	</ul>
</div>
<div class='scenariooutline node' test-id='45' status='fail'>
	<span class='duration right label'>0h 0m 20s+771ms</span>
	<div class='desc'>
		<b>ScenarioOutline</b>
		<span class="desc-text">Validate the from and to date search functionality on the FX management page with historic data</span>
	</div>
	<ul class='steps'>
		<li test-id='46' class='node scenario fail' status='fail'>
			<div class='category-list'>
				<span class='category label white-text'>@TC_08</span>
			</div>
			
			<b>Scenario</b>
			
			<span class="bdd-step-name">Validate the from and to date search functionality on the FX management page with historic data</span>
			
				<ul class='steps'>
					<li test-id='47' class='node given pass' status='pass'><b>Given</b>
						<span class="bdd-step-name">Given User is on FX Management "FX_Management_Officer_10" "Verify date functionality"</span>
							<div class='pre'>passed</div>
					</li>
					<li test-id='48' class='node and pass' status='pass'><b>And</b>
						<span class="bdd-step-name">And User see FX Management</span>
							<div class='pre'>passed</div>
					</li>
					<li test-id='49' class='node and pass' status='pass'><b>And</b>
						<span class="bdd-step-name">And User click on FX Management tab</span>
							<div class='pre'>passed</div>
					</li>
					<li test-id='50' class='node and pass' status='pass'><b>And</b>
						<span class="bdd-step-name">And User Click on Historical FX Rates button</span>
							<div class='pre'>passed</div>
					</li>
					<li test-id='51' class='node and pass' status='pass'><b>And</b>
						<span class="bdd-step-name">And User verify the by default date displaying in the From date and To date</span>
							<div class='pre'>passed</div>
					</li>
					<li test-id='52' class='node and pass' status='pass'><b>And</b>
						<span class="bdd-step-name">And User Select Todays date "" in From and check selected date</span>
							<div class='pre'>passed</div>
					</li>
					<li test-id='53' class='node and pass' status='pass'><b>And</b>
						<span class="bdd-step-name">And USer Select todays days "" in To and check selected date</span>
							<div class='pre'>passed</div>
					</li>
					<li test-id='54' class='node and fail' status='fail'><b>And</b>
						<span class="bdd-step-name">And User click on search icon and today date should display "08/24/2018"</span>
							<div class='pre'><pre>org.openqa.selenium.NoSuchElementException: no such element: Unable to locate element: {"method":"xpath","selector":"(//div[contains(text(),'08/24/2018')])[1]"}
  (Session info: chrome=68.0.3440.106)
  (Driver info: chromedriver=2.38.552522 (437e6fbedfa8762dec75e2c5b3ddb86763dc9dcb),platform=Windows NT 10.0.16299 x86_64) (WARNING: The server did not provide any stacktrace information)
Command duration or timeout: 0 milliseconds
For documentation on this error, please visit: http://seleniumhq.org/exceptions/no_such_element.html
Build info: version: '3.11.0', revision: 'e59cfb3', time: '2018-03-11T20:26:55.152Z'
System info: host: 'CS84-PC', ip: '192.168.194.2', os.name: 'Windows 10', os.arch: 'amd64', os.version: '10.0', java.version: '1.8.0_171'
Driver info: org.openqa.selenium.chrome.ChromeDriver
Capabilities {acceptInsecureCerts: false, acceptSslCerts: false, applicationCacheEnabled: false, browserConnectionEnabled: false, browserName: chrome, chrome: {chromedriverVersion: 2.38.552522 (437e6fbedfa876..., userDataDir: C:\Users\admin\AppData\Loca...}, cssSelectorsEnabled: true, databaseEnabled: false, handlesAlerts: true, hasTouchScreen: false, javascriptEnabled: true, locationContextEnabled: true, mobileEmulationEnabled: false, nativeEvents: true, networkConnectionEnabled: false, pageLoadStrategy: normal, platform: XP, platformName: XP, rotatable: false, setWindowRect: true, takesHeapSnapshot: true, takesScreenshot: true, unexpectedAlertBehaviour: , unhandledPromptBehavior: , version: 68.0.3440.106, webStorageEnabled: true}
Session ID: 6f964713dea3677adab096020eced510
*** Element info: {Using=xpath, value=(//div[contains(text(),'08/24/2018')])[1]}
	at sun.reflect.NativeConstructorAccessorImpl.newInstance0(Native Method)
	at sun.reflect.NativeConstructorAccessorImpl.newInstance(Unknown Source)
	at sun.reflect.DelegatingConstructorAccessorImpl.newInstance(Unknown Source)
	at java.lang.reflect.Constructor.newInstance(Unknown Source)
	at org.openqa.selenium.remote.ErrorHandler.createThrowable(ErrorHandler.java:214)
	at org.openqa.selenium.remote.ErrorHandler.throwIfResponseFailed(ErrorHandler.java:166)
	at org.openqa.selenium.remote.http.JsonHttpResponseCodec.reconstructValue(JsonHttpResponseCodec.java:40)
	at org.openqa.selenium.remote.http.AbstractHttpResponseCodec.decode(AbstractHttpResponseCodec.java:80)
	at org.openqa.selenium.remote.http.AbstractHttpResponseCodec.decode(AbstractHttpResponseCodec.java:44)
	at org.openqa.selenium.remote.HttpCommandExecutor.execute(HttpCommandExecutor.java:158)
	at org.openqa.selenium.remote.service.DriverCommandExecutor.execute(DriverCommandExecutor.java:83)
	at org.openqa.selenium.remote.RemoteWebDriver.execute(RemoteWebDriver.java:545)
	at org.openqa.selenium.remote.RemoteWebDriver.findElement(RemoteWebDriver.java:319)
	at org.openqa.selenium.remote.RemoteWebDriver.findElementByXPath(RemoteWebDriver.java:421)
	at org.openqa.selenium.By$ByXPath.findElement(By.java:361)
	at org.openqa.selenium.remote.RemoteWebDriver.findElement(RemoteWebDriver.java:311)
	at org.drc.vat.StepDefinitions.FxManagement_DGI_Officer.user_click_on_search_icon_and_today_date_should_display(FxManagement_DGI_Officer.java:350)
	at ?.And User click on search icon and today date should display "08/24/2018"(features/FxManagement_DGI_Officer.feature:125)
</pre></div>
					</li>
					<li test-id='55' class='node and skip' status='skip'><b>And</b>
						<span class="bdd-step-name">And User select future date "" in from and check selected date</span>
							<div class='pre'>skipped</div>
					</li>
					<li test-id='56' class='node and skip' status='skip'><b>And</b>
						<span class="bdd-step-name">And User select future date "" in TO and check selected date</span>
							<div class='pre'>skipped</div>
					</li>
					<li test-id='57' class='node and skip' status='skip'><b>And</b>
						<span class="bdd-step-name">And User select present date "" in From and check selected date</span>
							<div class='pre'>skipped</div>
					</li>
					<li test-id='58' class='node and skip' status='skip'><b>And</b>
						<span class="bdd-step-name">And User select present date "" in TO and check selected date</span>
							<div class='pre'>skipped</div>
					</li>
					<li test-id='59' class='node and skip' status='skip'><b>And</b>
						<span class="bdd-step-name">And User select date which the currency record are not present in From ""</span>
							<div class='pre'>skipped</div>
					</li>
					<li test-id='60' class='node and skip' status='skip'><b>And</b>
						<span class="bdd-step-name">And User select date which the currency record are not present in To ""</span>
							<div class='pre'>skipped</div>
					</li>
					<li test-id='61' class='node and skip' status='skip'><b>And</b>
						<span class="bdd-step-name">And User click on search icon</span>
							<div class='pre'>skipped</div>
					</li>
					<li test-id='62' class='node and skip' status='skip'><b>And</b>
						<span class="bdd-step-name">And User see message no record found for date</span>
						<ul class='screenshots right'>
							<li><a data-featherlight="image" href="D:\DRC_Franky\DRC_VAT\test-output\Sat Sep 01\screenshots\Validate the from and to date search functionality on the FX management page with historic data_175306.png"><i class='material-icons'>panorama</i></a></li>
						</ul>
							<div class='pre'>skipped</div>
					</li>
				</ul>
		</li>
	</ul>
</div>
<div class='scenariooutline node' test-id='63' status='fail'>
	<span class='duration right label'>0h 1m 36s+634ms</span>
	<div class='desc'>
		<b>ScenarioOutline</b>
		<span class="desc-text">Validate the Pagination on the FX management page with historic data</span>
	</div>
	<ul class='steps'>
		<li test-id='64' class='node scenario fail' status='fail'>
			<div class='category-list'>
				<span class='category label white-text'>@TC_09</span>
			</div>
			
			<b>Scenario</b>
			
			<span class="bdd-step-name">Validate the Pagination on the FX management page with historic data</span>
			
				<ul class='steps'>
					<li test-id='65' class='node given pass' status='pass'><b>Given</b>
						<span class="bdd-step-name">Given User is on FX Management "FX_Management_Officer_11" "click last page and check next page"</span>
							<div class='pre'>passed</div>
					</li>
					<li test-id='66' class='node and pass' status='pass'><b>And</b>
						<span class="bdd-step-name">And User see FX Management</span>
							<div class='pre'>passed</div>
					</li>
					<li test-id='67' class='node and pass' status='pass'><b>And</b>
						<span class="bdd-step-name">And User click on FX Management tab</span>
							<div class='pre'>passed</div>
					</li>
					<li test-id='68' class='node and pass' status='pass'><b>And</b>
						<span class="bdd-step-name">And User Click on Historical FX Rates button</span>
							<div class='pre'>passed</div>
					</li>
					<li test-id='69' class='node and fail' status='fail'><b>And</b>
						<span class="bdd-step-name">And user click on the page "btn_LastFX" and check page"btn_NextFX"</span>
							<div class='pre'><pre>org.openqa.selenium.NoSuchElementException: no such element: Unable to locate element: {"method":"xpath","selector":"//button[contains(text(),'Last')]"}
  (Session info: chrome=68.0.3440.106)
  (Driver info: chromedriver=2.38.552522 (437e6fbedfa8762dec75e2c5b3ddb86763dc9dcb),platform=Windows NT 10.0.16299 x86_64) (WARNING: The server did not provide any stacktrace information)
Command duration or timeout: 0 milliseconds
For documentation on this error, please visit: http://seleniumhq.org/exceptions/no_such_element.html
Build info: version: '3.11.0', revision: 'e59cfb3', time: '2018-03-11T20:26:55.152Z'
System info: host: 'CS84-PC', ip: '192.168.194.2', os.name: 'Windows 10', os.arch: 'amd64', os.version: '10.0', java.version: '1.8.0_171'
Driver info: org.openqa.selenium.chrome.ChromeDriver
Capabilities {acceptInsecureCerts: false, acceptSslCerts: false, applicationCacheEnabled: false, browserConnectionEnabled: false, browserName: chrome, chrome: {chromedriverVersion: 2.38.552522 (437e6fbedfa876..., userDataDir: C:\Users\admin\AppData\Loca...}, cssSelectorsEnabled: true, databaseEnabled: false, handlesAlerts: true, hasTouchScreen: false, javascriptEnabled: true, locationContextEnabled: true, mobileEmulationEnabled: false, nativeEvents: true, networkConnectionEnabled: false, pageLoadStrategy: normal, platform: XP, platformName: XP, rotatable: false, setWindowRect: true, takesHeapSnapshot: true, takesScreenshot: true, unexpectedAlertBehaviour: , unhandledPromptBehavior: , version: 68.0.3440.106, webStorageEnabled: true}
Session ID: 6f964713dea3677adab096020eced510
*** Element info: {Using=xpath, value=//button[contains(text(),'Last')]}
	at sun.reflect.NativeConstructorAccessorImpl.newInstance0(Native Method)
	at sun.reflect.NativeConstructorAccessorImpl.newInstance(Unknown Source)
	at sun.reflect.DelegatingConstructorAccessorImpl.newInstance(Unknown Source)
	at java.lang.reflect.Constructor.newInstance(Unknown Source)
	at org.openqa.selenium.remote.ErrorHandler.createThrowable(ErrorHandler.java:214)
	at org.openqa.selenium.remote.ErrorHandler.throwIfResponseFailed(ErrorHandler.java:166)
	at org.openqa.selenium.remote.http.JsonHttpResponseCodec.reconstructValue(JsonHttpResponseCodec.java:40)
	at org.openqa.selenium.remote.http.AbstractHttpResponseCodec.decode(AbstractHttpResponseCodec.java:80)
	at org.openqa.selenium.remote.http.AbstractHttpResponseCodec.decode(AbstractHttpResponseCodec.java:44)
	at org.openqa.selenium.remote.HttpCommandExecutor.execute(HttpCommandExecutor.java:158)
	at org.openqa.selenium.remote.service.DriverCommandExecutor.execute(DriverCommandExecutor.java:83)
	at org.openqa.selenium.remote.RemoteWebDriver.execute(RemoteWebDriver.java:545)
	at org.openqa.selenium.remote.RemoteWebDriver.findElement(RemoteWebDriver.java:319)
	at org.openqa.selenium.remote.RemoteWebDriver.findElementByXPath(RemoteWebDriver.java:421)
	at org.openqa.selenium.By$ByXPath.findElement(By.java:361)
	at org.openqa.selenium.remote.RemoteWebDriver.findElement(RemoteWebDriver.java:311)
	at org.drc.vat.StepDefinitions.ManageVatRegistration.user_click_on_the_page_and_check_page(ManageVatRegistration.java:273)
	at ?.And user click on the page "btn_LastFX" and check page"btn_NextFX"(features/FxManagement_DGI_Officer.feature:145)
</pre></div>
					</li>
					<li test-id='70' class='node then skip' status='skip'><b>Then</b>
						<span class="bdd-step-name">Then User see Result</span>
						<ul class='screenshots right'>
							<li><a data-featherlight="image" href="D:\DRC_Franky\DRC_VAT\test-output\Sat Sep 01\screenshots\Validate the Pagination on the FX management page with historic data_175328.png"><i class='material-icons'>panorama</i></a></li>
						</ul>
							<div class='pre'>skipped</div>
					</li>
				</ul>
		</li>
		<li test-id='71' class='node scenario fail' status='fail'>
			<div class='category-list'>
				<span class='category label white-text'>@TC_09</span>
			</div>
			
			<b>Scenario</b>
			
			<span class="bdd-step-name">Validate the Pagination on the FX management page with historic data</span>
			
				<ul class='steps'>
					<li test-id='72' class='node given pass' status='pass'><b>Given</b>
						<span class="bdd-step-name">Given User is on FX Management "FX_Management_Officer_12" "click last and check previous page"</span>
							<div class='pre'>passed</div>
					</li>
					<li test-id='73' class='node and pass' status='pass'><b>And</b>
						<span class="bdd-step-name">And User see FX Management</span>
							<div class='pre'>passed</div>
					</li>
					<li test-id='74' class='node and pass' status='pass'><b>And</b>
						<span class="bdd-step-name">And User click on FX Management tab</span>
							<div class='pre'>passed</div>
					</li>
					<li test-id='75' class='node and pass' status='pass'><b>And</b>
						<span class="bdd-step-name">And User Click on Historical FX Rates button</span>
							<div class='pre'>passed</div>
					</li>
					<li test-id='76' class='node and fail' status='fail'><b>And</b>
						<span class="bdd-step-name">And user click on the page "btn_LastFX" and check page"btn_PreviousFX"</span>
							<div class='pre'><pre>org.openqa.selenium.NoSuchElementException: no such element: Unable to locate element: {"method":"xpath","selector":"//button[contains(text(),'Last')]"}
  (Session info: chrome=68.0.3440.106)
  (Driver info: chromedriver=2.38.552522 (437e6fbedfa8762dec75e2c5b3ddb86763dc9dcb),platform=Windows NT 10.0.16299 x86_64) (WARNING: The server did not provide any stacktrace information)
Command duration or timeout: 0 milliseconds
For documentation on this error, please visit: http://seleniumhq.org/exceptions/no_such_element.html
Build info: version: '3.11.0', revision: 'e59cfb3', time: '2018-03-11T20:26:55.152Z'
System info: host: 'CS84-PC', ip: '192.168.194.2', os.name: 'Windows 10', os.arch: 'amd64', os.version: '10.0', java.version: '1.8.0_171'
Driver info: org.openqa.selenium.chrome.ChromeDriver
Capabilities {acceptInsecureCerts: false, acceptSslCerts: false, applicationCacheEnabled: false, browserConnectionEnabled: false, browserName: chrome, chrome: {chromedriverVersion: 2.38.552522 (437e6fbedfa876..., userDataDir: C:\Users\admin\AppData\Loca...}, cssSelectorsEnabled: true, databaseEnabled: false, handlesAlerts: true, hasTouchScreen: false, javascriptEnabled: true, locationContextEnabled: true, mobileEmulationEnabled: false, nativeEvents: true, networkConnectionEnabled: false, pageLoadStrategy: normal, platform: XP, platformName: XP, rotatable: false, setWindowRect: true, takesHeapSnapshot: true, takesScreenshot: true, unexpectedAlertBehaviour: , unhandledPromptBehavior: , version: 68.0.3440.106, webStorageEnabled: true}
Session ID: 6f964713dea3677adab096020eced510
*** Element info: {Using=xpath, value=//button[contains(text(),'Last')]}
	at sun.reflect.NativeConstructorAccessorImpl.newInstance0(Native Method)
	at sun.reflect.NativeConstructorAccessorImpl.newInstance(Unknown Source)
	at sun.reflect.DelegatingConstructorAccessorImpl.newInstance(Unknown Source)
	at java.lang.reflect.Constructor.newInstance(Unknown Source)
	at org.openqa.selenium.remote.ErrorHandler.createThrowable(ErrorHandler.java:214)
	at org.openqa.selenium.remote.ErrorHandler.throwIfResponseFailed(ErrorHandler.java:166)
	at org.openqa.selenium.remote.http.JsonHttpResponseCodec.reconstructValue(JsonHttpResponseCodec.java:40)
	at org.openqa.selenium.remote.http.AbstractHttpResponseCodec.decode(AbstractHttpResponseCodec.java:80)
	at org.openqa.selenium.remote.http.AbstractHttpResponseCodec.decode(AbstractHttpResponseCodec.java:44)
	at org.openqa.selenium.remote.HttpCommandExecutor.execute(HttpCommandExecutor.java:158)
	at org.openqa.selenium.remote.service.DriverCommandExecutor.execute(DriverCommandExecutor.java:83)
	at org.openqa.selenium.remote.RemoteWebDriver.execute(RemoteWebDriver.java:545)
	at org.openqa.selenium.remote.RemoteWebDriver.findElement(RemoteWebDriver.java:319)
	at org.openqa.selenium.remote.RemoteWebDriver.findElementByXPath(RemoteWebDriver.java:421)
	at org.openqa.selenium.By$ByXPath.findElement(By.java:361)
	at org.openqa.selenium.remote.RemoteWebDriver.findElement(RemoteWebDriver.java:311)
	at org.drc.vat.StepDefinitions.ManageVatRegistration.user_click_on_the_page_and_check_page(ManageVatRegistration.java:273)
	at ?.And user click on the page "btn_LastFX" and check page"btn_PreviousFX"(features/FxManagement_DGI_Officer.feature:145)
</pre></div>
					</li>
					<li test-id='77' class='node then skip' status='skip'><b>Then</b>
						<span class="bdd-step-name">Then User see Result</span>
						<ul class='screenshots right'>
							<li><a data-featherlight="image" href="D:\DRC_Franky\DRC_VAT\test-output\Sat Sep 01\screenshots\Validate the Pagination on the FX management page with historic data_175344.png"><i class='material-icons'>panorama</i></a></li>
						</ul>
							<div class='pre'>skipped</div>
					</li>
				</ul>
		</li>
		<li test-id='78' class='node scenario fail' status='fail'>
			<div class='category-list'>
				<span class='category label white-text'>@TC_09</span>
			</div>
			
			<b>Scenario</b>
			
			<span class="bdd-step-name">Validate the Pagination on the FX management page with historic data</span>
			
				<ul class='steps'>
					<li test-id='79' class='node given pass' status='pass'><b>Given</b>
						<span class="bdd-step-name">Given User is on FX Management "FX_Management_Officer_13" "click next and check previous page"</span>
							<div class='pre'>passed</div>
					</li>
					<li test-id='80' class='node and pass' status='pass'><b>And</b>
						<span class="bdd-step-name">And User see FX Management</span>
							<div class='pre'>passed</div>
					</li>
					<li test-id='81' class='node and pass' status='pass'><b>And</b>
						<span class="bdd-step-name">And User click on FX Management tab</span>
							<div class='pre'>passed</div>
					</li>
					<li test-id='82' class='node and pass' status='pass'><b>And</b>
						<span class="bdd-step-name">And User Click on Historical FX Rates button</span>
							<div class='pre'>passed</div>
					</li>
					<li test-id='83' class='node and fail' status='fail'><b>And</b>
						<span class="bdd-step-name">And user click on the page "btn_NextFX" and check page"btn_PreviousFX"</span>
							<div class='pre'><pre>org.openqa.selenium.NoSuchElementException: no such element: Unable to locate element: {"method":"xpath","selector":"//*[@class="fa fa-caret-right"]"}
  (Session info: chrome=68.0.3440.106)
  (Driver info: chromedriver=2.38.552522 (437e6fbedfa8762dec75e2c5b3ddb86763dc9dcb),platform=Windows NT 10.0.16299 x86_64) (WARNING: The server did not provide any stacktrace information)
Command duration or timeout: 0 milliseconds
For documentation on this error, please visit: http://seleniumhq.org/exceptions/no_such_element.html
Build info: version: '3.11.0', revision: 'e59cfb3', time: '2018-03-11T20:26:55.152Z'
System info: host: 'CS84-PC', ip: '192.168.194.2', os.name: 'Windows 10', os.arch: 'amd64', os.version: '10.0', java.version: '1.8.0_171'
Driver info: org.openqa.selenium.chrome.ChromeDriver
Capabilities {acceptInsecureCerts: false, acceptSslCerts: false, applicationCacheEnabled: false, browserConnectionEnabled: false, browserName: chrome, chrome: {chromedriverVersion: 2.38.552522 (437e6fbedfa876..., userDataDir: C:\Users\admin\AppData\Loca...}, cssSelectorsEnabled: true, databaseEnabled: false, handlesAlerts: true, hasTouchScreen: false, javascriptEnabled: true, locationContextEnabled: true, mobileEmulationEnabled: false, nativeEvents: true, networkConnectionEnabled: false, pageLoadStrategy: normal, platform: XP, platformName: XP, rotatable: false, setWindowRect: true, takesHeapSnapshot: true, takesScreenshot: true, unexpectedAlertBehaviour: , unhandledPromptBehavior: , version: 68.0.3440.106, webStorageEnabled: true}
Session ID: 6f964713dea3677adab096020eced510
*** Element info: {Using=xpath, value=//*[@class="fa fa-caret-right"]}
	at sun.reflect.NativeConstructorAccessorImpl.newInstance0(Native Method)
	at sun.reflect.NativeConstructorAccessorImpl.newInstance(Unknown Source)
	at sun.reflect.DelegatingConstructorAccessorImpl.newInstance(Unknown Source)
	at java.lang.reflect.Constructor.newInstance(Unknown Source)
	at org.openqa.selenium.remote.ErrorHandler.createThrowable(ErrorHandler.java:214)
	at org.openqa.selenium.remote.ErrorHandler.throwIfResponseFailed(ErrorHandler.java:166)
	at org.openqa.selenium.remote.http.JsonHttpResponseCodec.reconstructValue(JsonHttpResponseCodec.java:40)
	at org.openqa.selenium.remote.http.AbstractHttpResponseCodec.decode(AbstractHttpResponseCodec.java:80)
	at org.openqa.selenium.remote.http.AbstractHttpResponseCodec.decode(AbstractHttpResponseCodec.java:44)
	at org.openqa.selenium.remote.HttpCommandExecutor.execute(HttpCommandExecutor.java:158)
	at org.openqa.selenium.remote.service.DriverCommandExecutor.execute(DriverCommandExecutor.java:83)
	at org.openqa.selenium.remote.RemoteWebDriver.execute(RemoteWebDriver.java:545)
	at org.openqa.selenium.remote.RemoteWebDriver.findElement(RemoteWebDriver.java:319)
	at org.openqa.selenium.remote.RemoteWebDriver.findElementByXPath(RemoteWebDriver.java:421)
	at org.openqa.selenium.By$ByXPath.findElement(By.java:361)
	at org.openqa.selenium.remote.RemoteWebDriver.findElement(RemoteWebDriver.java:311)
	at org.drc.vat.StepDefinitions.ManageVatRegistration.user_click_on_the_page_and_check_page(ManageVatRegistration.java:273)
	at ?.And user click on the page "btn_NextFX" and check page"btn_PreviousFX"(features/FxManagement_DGI_Officer.feature:145)
</pre></div>
					</li>
					<li test-id='84' class='node then skip' status='skip'><b>Then</b>
						<span class="bdd-step-name">Then User see Result</span>
						<ul class='screenshots right'>
							<li><a data-featherlight="image" href="D:\DRC_Franky\DRC_VAT\test-output\Sat Sep 01\screenshots\Validate the Pagination on the FX management page with historic data_175400.png"><i class='material-icons'>panorama</i></a></li>
						</ul>
							<div class='pre'>skipped</div>
					</li>
				</ul>
		</li>
		<li test-id='85' class='node scenario fail' status='fail'>
			<div class='category-list'>
				<span class='category label white-text'>@TC_09</span>
			</div>
			
			<b>Scenario</b>
			
			<span class="bdd-step-name">Validate the Pagination on the FX management page with historic data</span>
			
				<ul class='steps'>
					<li test-id='86' class='node given pass' status='pass'><b>Given</b>
						<span class="bdd-step-name">Given User is on FX Management "FX_Management_Officer_14" "click next and check first page"</span>
							<div class='pre'>passed</div>
					</li>
					<li test-id='87' class='node and pass' status='pass'><b>And</b>
						<span class="bdd-step-name">And User see FX Management</span>
							<div class='pre'>passed</div>
					</li>
					<li test-id='88' class='node and pass' status='pass'><b>And</b>
						<span class="bdd-step-name">And User click on FX Management tab</span>
							<div class='pre'>passed</div>
					</li>
					<li test-id='89' class='node and pass' status='pass'><b>And</b>
						<span class="bdd-step-name">And User Click on Historical FX Rates button</span>
							<div class='pre'>passed</div>
					</li>
					<li test-id='90' class='node and fail' status='fail'><b>And</b>
						<span class="bdd-step-name">And user click on the page "btn_NextFX" and check page"btn_FirstFX"</span>
							<div class='pre'><pre>org.openqa.selenium.NoSuchElementException: no such element: Unable to locate element: {"method":"xpath","selector":"//*[@class="fa fa-caret-right"]"}
  (Session info: chrome=68.0.3440.106)
  (Driver info: chromedriver=2.38.552522 (437e6fbedfa8762dec75e2c5b3ddb86763dc9dcb),platform=Windows NT 10.0.16299 x86_64) (WARNING: The server did not provide any stacktrace information)
Command duration or timeout: 0 milliseconds
For documentation on this error, please visit: http://seleniumhq.org/exceptions/no_such_element.html
Build info: version: '3.11.0', revision: 'e59cfb3', time: '2018-03-11T20:26:55.152Z'
System info: host: 'CS84-PC', ip: '192.168.194.2', os.name: 'Windows 10', os.arch: 'amd64', os.version: '10.0', java.version: '1.8.0_171'
Driver info: org.openqa.selenium.chrome.ChromeDriver
Capabilities {acceptInsecureCerts: false, acceptSslCerts: false, applicationCacheEnabled: false, browserConnectionEnabled: false, browserName: chrome, chrome: {chromedriverVersion: 2.38.552522 (437e6fbedfa876..., userDataDir: C:\Users\admin\AppData\Loca...}, cssSelectorsEnabled: true, databaseEnabled: false, handlesAlerts: true, hasTouchScreen: false, javascriptEnabled: true, locationContextEnabled: true, mobileEmulationEnabled: false, nativeEvents: true, networkConnectionEnabled: false, pageLoadStrategy: normal, platform: XP, platformName: XP, rotatable: false, setWindowRect: true, takesHeapSnapshot: true, takesScreenshot: true, unexpectedAlertBehaviour: , unhandledPromptBehavior: , version: 68.0.3440.106, webStorageEnabled: true}
Session ID: 6f964713dea3677adab096020eced510
*** Element info: {Using=xpath, value=//*[@class="fa fa-caret-right"]}
	at sun.reflect.NativeConstructorAccessorImpl.newInstance0(Native Method)
	at sun.reflect.NativeConstructorAccessorImpl.newInstance(Unknown Source)
	at sun.reflect.DelegatingConstructorAccessorImpl.newInstance(Unknown Source)
	at java.lang.reflect.Constructor.newInstance(Unknown Source)
	at org.openqa.selenium.remote.ErrorHandler.createThrowable(ErrorHandler.java:214)
	at org.openqa.selenium.remote.ErrorHandler.throwIfResponseFailed(ErrorHandler.java:166)
	at org.openqa.selenium.remote.http.JsonHttpResponseCodec.reconstructValue(JsonHttpResponseCodec.java:40)
	at org.openqa.selenium.remote.http.AbstractHttpResponseCodec.decode(AbstractHttpResponseCodec.java:80)
	at org.openqa.selenium.remote.http.AbstractHttpResponseCodec.decode(AbstractHttpResponseCodec.java:44)
	at org.openqa.selenium.remote.HttpCommandExecutor.execute(HttpCommandExecutor.java:158)
	at org.openqa.selenium.remote.service.DriverCommandExecutor.execute(DriverCommandExecutor.java:83)
	at org.openqa.selenium.remote.RemoteWebDriver.execute(RemoteWebDriver.java:545)
	at org.openqa.selenium.remote.RemoteWebDriver.findElement(RemoteWebDriver.java:319)
	at org.openqa.selenium.remote.RemoteWebDriver.findElementByXPath(RemoteWebDriver.java:421)
	at org.openqa.selenium.By$ByXPath.findElement(By.java:361)
	at org.openqa.selenium.remote.RemoteWebDriver.findElement(RemoteWebDriver.java:311)
	at org.drc.vat.StepDefinitions.ManageVatRegistration.user_click_on_the_page_and_check_page(ManageVatRegistration.java:273)
	at ?.And user click on the page "btn_NextFX" and check page"btn_FirstFX"(features/FxManagement_DGI_Officer.feature:145)
</pre></div>
					</li>
					<li test-id='91' class='node then skip' status='skip'><b>Then</b>
						<span class="bdd-step-name">Then User see Result</span>
						<ul class='screenshots right'>
							<li><a data-featherlight="image" href="D:\DRC_Franky\DRC_VAT\test-output\Sat Sep 01\screenshots\Validate the Pagination on the FX management page with historic data_175416.png"><i class='material-icons'>panorama</i></a></li>
						</ul>
							<div class='pre'>skipped</div>
					</li>
				</ul>
		</li>
		<li test-id='92' class='node scenario fail' status='fail'>
			<div class='category-list'>
				<span class='category label white-text'>@TC_09</span>
			</div>
			
			<b>Scenario</b>
			
			<span class="bdd-step-name">Validate the Pagination on the FX management page with historic data</span>
			
				<ul class='steps'>
					<li test-id='93' class='node given pass' status='pass'><b>Given</b>
						<span class="bdd-step-name">Given User is on FX Management "FX_Management_Officer_15" "click 1st page and check previous page"</span>
							<div class='pre'>passed</div>
					</li>
					<li test-id='94' class='node and pass' status='pass'><b>And</b>
						<span class="bdd-step-name">And User see FX Management</span>
							<div class='pre'>passed</div>
					</li>
					<li test-id='95' class='node and pass' status='pass'><b>And</b>
						<span class="bdd-step-name">And User click on FX Management tab</span>
							<div class='pre'>passed</div>
					</li>
					<li test-id='96' class='node and pass' status='pass'><b>And</b>
						<span class="bdd-step-name">And User Click on Historical FX Rates button</span>
							<div class='pre'>passed</div>
					</li>
					<li test-id='97' class='node and fail' status='fail'><b>And</b>
						<span class="bdd-step-name">And user click on the page "btn_First1FX" and check page"btn_PreviousFX"</span>
							<div class='pre'><pre>org.openqa.selenium.NoSuchElementException: no such element: Unable to locate element: {"method":"xpath","selector":"//button[contains(text(),'1')]"}
  (Session info: chrome=68.0.3440.106)
  (Driver info: chromedriver=2.38.552522 (437e6fbedfa8762dec75e2c5b3ddb86763dc9dcb),platform=Windows NT 10.0.16299 x86_64) (WARNING: The server did not provide any stacktrace information)
Command duration or timeout: 0 milliseconds
For documentation on this error, please visit: http://seleniumhq.org/exceptions/no_such_element.html
Build info: version: '3.11.0', revision: 'e59cfb3', time: '2018-03-11T20:26:55.152Z'
System info: host: 'CS84-PC', ip: '192.168.194.2', os.name: 'Windows 10', os.arch: 'amd64', os.version: '10.0', java.version: '1.8.0_171'
Driver info: org.openqa.selenium.chrome.ChromeDriver
Capabilities {acceptInsecureCerts: false, acceptSslCerts: false, applicationCacheEnabled: false, browserConnectionEnabled: false, browserName: chrome, chrome: {chromedriverVersion: 2.38.552522 (437e6fbedfa876..., userDataDir: C:\Users\admin\AppData\Loca...}, cssSelectorsEnabled: true, databaseEnabled: false, handlesAlerts: true, hasTouchScreen: false, javascriptEnabled: true, locationContextEnabled: true, mobileEmulationEnabled: false, nativeEvents: true, networkConnectionEnabled: false, pageLoadStrategy: normal, platform: XP, platformName: XP, rotatable: false, setWindowRect: true, takesHeapSnapshot: true, takesScreenshot: true, unexpectedAlertBehaviour: , unhandledPromptBehavior: , version: 68.0.3440.106, webStorageEnabled: true}
Session ID: 6f964713dea3677adab096020eced510
*** Element info: {Using=xpath, value=//button[contains(text(),'1')]}
	at sun.reflect.NativeConstructorAccessorImpl.newInstance0(Native Method)
	at sun.reflect.NativeConstructorAccessorImpl.newInstance(Unknown Source)
	at sun.reflect.DelegatingConstructorAccessorImpl.newInstance(Unknown Source)
	at java.lang.reflect.Constructor.newInstance(Unknown Source)
	at org.openqa.selenium.remote.ErrorHandler.createThrowable(ErrorHandler.java:214)
	at org.openqa.selenium.remote.ErrorHandler.throwIfResponseFailed(ErrorHandler.java:166)
	at org.openqa.selenium.remote.http.JsonHttpResponseCodec.reconstructValue(JsonHttpResponseCodec.java:40)
	at org.openqa.selenium.remote.http.AbstractHttpResponseCodec.decode(AbstractHttpResponseCodec.java:80)
	at org.openqa.selenium.remote.http.AbstractHttpResponseCodec.decode(AbstractHttpResponseCodec.java:44)
	at org.openqa.selenium.remote.HttpCommandExecutor.execute(HttpCommandExecutor.java:158)
	at org.openqa.selenium.remote.service.DriverCommandExecutor.execute(DriverCommandExecutor.java:83)
	at org.openqa.selenium.remote.RemoteWebDriver.execute(RemoteWebDriver.java:545)
	at org.openqa.selenium.remote.RemoteWebDriver.findElement(RemoteWebDriver.java:319)
	at org.openqa.selenium.remote.RemoteWebDriver.findElementByXPath(RemoteWebDriver.java:421)
	at org.openqa.selenium.By$ByXPath.findElement(By.java:361)
	at org.openqa.selenium.remote.RemoteWebDriver.findElement(RemoteWebDriver.java:311)
	at org.drc.vat.StepDefinitions.ManageVatRegistration.user_click_on_the_page_and_check_page(ManageVatRegistration.java:273)
	at ?.And user click on the page "btn_First1FX" and check page"btn_PreviousFX"(features/FxManagement_DGI_Officer.feature:145)
</pre></div>
					</li>
					<li test-id='98' class='node then skip' status='skip'><b>Then</b>
						<span class="bdd-step-name">Then User see Result</span>
						<ul class='screenshots right'>
							<li><a data-featherlight="image" href="D:\DRC_Franky\DRC_VAT\test-output\Sat Sep 01\screenshots\Validate the Pagination on the FX management page with historic data_175433.png"><i class='material-icons'>panorama</i></a></li>
						</ul>
							<div class='pre'>skipped</div>
					</li>
				</ul>
		</li>
		<li test-id='99' class='node scenario fail' status='fail'>
			<div class='category-list'>
				<span class='category label white-text'>@TC_09</span>
			</div>
			
			<b>Scenario</b>
			
			<span class="bdd-step-name">Validate the Pagination on the FX management page with historic data</span>
			
				<ul class='steps'>
					<li test-id='100' class='node given pass' status='pass'><b>Given</b>
						<span class="bdd-step-name">Given User is on FX Management "FX_Management_Officer_16" "click right arrow  and check 1st page"</span>
							<div class='pre'>passed</div>
					</li>
					<li test-id='101' class='node and pass' status='pass'><b>And</b>
						<span class="bdd-step-name">And User see FX Management</span>
							<div class='pre'>passed</div>
					</li>
					<li test-id='102' class='node and pass' status='pass'><b>And</b>
						<span class="bdd-step-name">And User click on FX Management tab</span>
							<div class='pre'>passed</div>
					</li>
					<li test-id='103' class='node and pass' status='pass'><b>And</b>
						<span class="bdd-step-name">And User Click on Historical FX Rates button</span>
							<div class='pre'>passed</div>
					</li>
					<li test-id='104' class='node and fail' status='fail'><b>And</b>
						<span class="bdd-step-name">And user click on the page "btn_First1FX" and check page"btn_FirstFX"</span>
							<div class='pre'><pre>org.openqa.selenium.NoSuchElementException: no such element: Unable to locate element: {"method":"xpath","selector":"//button[contains(text(),'1')]"}
  (Session info: chrome=68.0.3440.106)
  (Driver info: chromedriver=2.38.552522 (437e6fbedfa8762dec75e2c5b3ddb86763dc9dcb),platform=Windows NT 10.0.16299 x86_64) (WARNING: The server did not provide any stacktrace information)
Command duration or timeout: 0 milliseconds
For documentation on this error, please visit: http://seleniumhq.org/exceptions/no_such_element.html
Build info: version: '3.11.0', revision: 'e59cfb3', time: '2018-03-11T20:26:55.152Z'
System info: host: 'CS84-PC', ip: '192.168.194.2', os.name: 'Windows 10', os.arch: 'amd64', os.version: '10.0', java.version: '1.8.0_171'
Driver info: org.openqa.selenium.chrome.ChromeDriver
Capabilities {acceptInsecureCerts: false, acceptSslCerts: false, applicationCacheEnabled: false, browserConnectionEnabled: false, browserName: chrome, chrome: {chromedriverVersion: 2.38.552522 (437e6fbedfa876..., userDataDir: C:\Users\admin\AppData\Loca...}, cssSelectorsEnabled: true, databaseEnabled: false, handlesAlerts: true, hasTouchScreen: false, javascriptEnabled: true, locationContextEnabled: true, mobileEmulationEnabled: false, nativeEvents: true, networkConnectionEnabled: false, pageLoadStrategy: normal, platform: XP, platformName: XP, rotatable: false, setWindowRect: true, takesHeapSnapshot: true, takesScreenshot: true, unexpectedAlertBehaviour: , unhandledPromptBehavior: , version: 68.0.3440.106, webStorageEnabled: true}
Session ID: 6f964713dea3677adab096020eced510
*** Element info: {Using=xpath, value=//button[contains(text(),'1')]}
	at sun.reflect.NativeConstructorAccessorImpl.newInstance0(Native Method)
	at sun.reflect.NativeConstructorAccessorImpl.newInstance(Unknown Source)
	at sun.reflect.DelegatingConstructorAccessorImpl.newInstance(Unknown Source)
	at java.lang.reflect.Constructor.newInstance(Unknown Source)
	at org.openqa.selenium.remote.ErrorHandler.createThrowable(ErrorHandler.java:214)
	at org.openqa.selenium.remote.ErrorHandler.throwIfResponseFailed(ErrorHandler.java:166)
	at org.openqa.selenium.remote.http.JsonHttpResponseCodec.reconstructValue(JsonHttpResponseCodec.java:40)
	at org.openqa.selenium.remote.http.AbstractHttpResponseCodec.decode(AbstractHttpResponseCodec.java:80)
	at org.openqa.selenium.remote.http.AbstractHttpResponseCodec.decode(AbstractHttpResponseCodec.java:44)
	at org.openqa.selenium.remote.HttpCommandExecutor.execute(HttpCommandExecutor.java:158)
	at org.openqa.selenium.remote.service.DriverCommandExecutor.execute(DriverCommandExecutor.java:83)
	at org.openqa.selenium.remote.RemoteWebDriver.execute(RemoteWebDriver.java:545)
	at org.openqa.selenium.remote.RemoteWebDriver.findElement(RemoteWebDriver.java:319)
	at org.openqa.selenium.remote.RemoteWebDriver.findElementByXPath(RemoteWebDriver.java:421)
	at org.openqa.selenium.By$ByXPath.findElement(By.java:361)
	at org.openqa.selenium.remote.RemoteWebDriver.findElement(RemoteWebDriver.java:311)
	at org.drc.vat.StepDefinitions.ManageVatRegistration.user_click_on_the_page_and_check_page(ManageVatRegistration.java:273)
	at ?.And user click on the page "btn_First1FX" and check page"btn_FirstFX"(features/FxManagement_DGI_Officer.feature:145)
</pre></div>
					</li>
					<li test-id='105' class='node then skip' status='skip'><b>Then</b>
						<span class="bdd-step-name">Then User see Result</span>
						<ul class='screenshots right'>
							<li><a data-featherlight="image" href="D:\DRC_Franky\DRC_VAT\test-output\Sat Sep 01\screenshots\Validate the Pagination on the FX management page with historic data_175449.png"><i class='material-icons'>panorama</i></a></li>
						</ul>
							<div class='pre'>skipped</div>
					</li>
				</ul>
		</li>
	</ul>
</div>
<div class='scenariooutline node' test-id='106' status='fail'>
	<span class='duration right label'>0h 1m 5s+835ms</span>
	<div class='desc'>
		<b>ScenarioOutline</b>
		<span class="desc-text">Validate the previous button functionality on Historical FX Rates page</span>
	</div>
	<ul class='steps'>
		<li test-id='107' class='node scenario fail' status='fail'>
			<div class='category-list'>
				<span class='category label white-text'>@TC_10</span>
			</div>
			
			<b>Scenario</b>
			
			<span class="bdd-step-name">Validate the previous button functionality on Historical FX Rates page</span>
			
				<ul class='steps'>
					<li test-id='108' class='node given pass' status='pass'><b>Given</b>
						<span class="bdd-step-name">Given User is on FX Management "FX_Management_Officer_17" "Verify previous button functionality"</span>
							<div class='pre'>passed</div>
					</li>
					<li test-id='109' class='node and pass' status='pass'><b>And</b>
						<span class="bdd-step-name">And User see FX Management</span>
							<div class='pre'>passed</div>
					</li>
					<li test-id='110' class='node and pass' status='pass'><b>And</b>
						<span class="bdd-step-name">And User click on FX Management tab</span>
							<div class='pre'>passed</div>
					</li>
					<li test-id='111' class='node and pass' status='pass'><b>And</b>
						<span class="bdd-step-name">And User Click on Historical FX Rates button</span>
							<div class='pre'>passed</div>
					</li>
					<li test-id='112' class='node and pass' status='pass'><b>And</b>
						<span class="bdd-step-name">And User navigate to FX management page</span>
							<div class='pre'>passed</div>
					</li>
					<li test-id='113' class='node and fail' status='fail'><b>And</b>
						<span class="bdd-step-name">And User click on Previous button and again navigate to FX management dashboard</span>
						<ul class='screenshots right'>
							<li><a data-featherlight="image" href="D:\DRC_Franky\DRC_VAT\test-output\Sat Sep 01\screenshots\Validate the previous button functionality on Historical FX Rates page_175505.png"><i class='material-icons'>panorama</i></a></li>
						</ul>
							<div class='pre'><pre>org.openqa.selenium.TimeoutException: Expected condition failed: waiting for element to be clickable: By.xpath: //*[@class="fa fa-caret-left"] (tried for 60 second(s) with 500 milliseconds interval)
	at org.openqa.selenium.support.ui.WebDriverWait.timeoutException(WebDriverWait.java:81)
	at org.openqa.selenium.support.ui.FluentWait.until(FluentWait.java:271)
	at org.drc.vat.appmanager.HelperBase.clickOn(HelperBase.java:74)
	at org.drc.vat.StepDefinitions.FxManagement_DGI_Officer.user_click_on_Previous_button_and_again_navigate_to_FX_management_dashboard(FxManagement_DGI_Officer.java:554)
	at ?.And User click on Previous button and again navigate to FX management dashboard(features/FxManagement_DGI_Officer.feature:164)
Caused by: org.openqa.selenium.NoSuchElementException: Cannot locate an element using By.xpath: //*[@class="fa fa-caret-left"]
For documentation on this error, please visit: http://seleniumhq.org/exceptions/no_such_element.html
Build info: version: '3.11.0', revision: 'e59cfb3', time: '2018-03-11T20:26:55.152Z'
System info: host: 'CS84-PC', ip: '192.168.194.2', os.name: 'Windows 10', os.arch: 'amd64', os.version: '10.0', java.version: '1.8.0_171'
Driver info: driver.version: unknown
	at org.openqa.selenium.support.ui.ExpectedConditions.lambda$findElement$0(ExpectedConditions.java:896)
	at java.util.Optional.orElseThrow(Unknown Source)
	at org.openqa.selenium.support.ui.ExpectedConditions.findElement(ExpectedConditions.java:895)
	at org.openqa.selenium.support.ui.ExpectedConditions.access$000(ExpectedConditions.java:44)
	at org.openqa.selenium.support.ui.ExpectedConditions$7.apply(ExpectedConditions.java:206)
	at org.openqa.selenium.support.ui.ExpectedConditions$7.apply(ExpectedConditions.java:202)
	at org.openqa.selenium.support.ui.ExpectedConditions$22.apply(ExpectedConditions.java:657)
	at org.openqa.selenium.support.ui.ExpectedConditions$22.apply(ExpectedConditions.java:654)
	at org.openqa.selenium.support.ui.FluentWait.until(FluentWait.java:248)
	at org.drc.vat.appmanager.HelperBase.clickOn(HelperBase.java:74)
	at org.drc.vat.StepDefinitions.FxManagement_DGI_Officer.user_click_on_Previous_button_and_again_navigate_to_FX_management_dashboard(FxManagement_DGI_Officer.java:554)
	at sun.reflect.NativeMethodAccessorImpl.invoke0(Native Method)
	at sun.reflect.NativeMethodAccessorImpl.invoke(Unknown Source)
	at sun.reflect.DelegatingMethodAccessorImpl.invoke(Unknown Source)
	at java.lang.reflect.Method.invoke(Unknown Source)
	at cucumber.runtime.Utils$1.call(Utils.java:40)
	at cucumber.runtime.Timeout.timeout(Timeout.java:16)
	at cucumber.runtime.Utils.invoke(Utils.java:34)
	at cucumber.runtime.java.JavaStepDefinition.execute(JavaStepDefinition.java:38)
	at cucumber.runtime.StepDefinitionMatch.runStep(StepDefinitionMatch.java:37)
	at cucumber.runtime.Runtime.runStep(Runtime.java:300)
	at cucumber.runtime.model.StepContainer.runStep(StepContainer.java:44)
	at cucumber.runtime.model.StepContainer.runSteps(StepContainer.java:39)
	at cucumber.runtime.model.CucumberScenario.run(CucumberScenario.java:44)
	at cucumber.runtime.model.CucumberScenarioOutline.run(CucumberScenarioOutline.java:46)
	at cucumber.runtime.model.CucumberFeature.run(CucumberFeature.java:165)
	at cucumber.api.testng.TestNGCucumberRunner.runCucumber(TestNGCucumberRunner.java:63)
	at cucumber.api.testng.AbstractTestNGCucumberTests.feature(AbstractTestNGCucumberTests.java:21)
	at sun.reflect.NativeMethodAccessorImpl.invoke0(Native Method)
	at sun.reflect.NativeMethodAccessorImpl.invoke(Unknown Source)
	at sun.reflect.DelegatingMethodAccessorImpl.invoke(Unknown Source)
	at java.lang.reflect.Method.invoke(Unknown Source)
	at org.testng.internal.MethodInvocationHelper.invokeMethod(MethodInvocationHelper.java:86)
	at org.testng.internal.Invoker.invokeMethod(Invoker.java:643)
	at org.testng.internal.Invoker.invokeTestMethod(Invoker.java:820)
	at org.testng.internal.Invoker.invokeTestMethods(Invoker.java:1128)
	at org.testng.internal.TestMethodWorker.invokeTestMethods(TestMethodWorker.java:129)
	at org.testng.internal.TestMethodWorker.run(TestMethodWorker.java:112)
	at org.testng.TestRunner.privateRun(TestRunner.java:782)
	at org.testng.TestRunner.run(TestRunner.java:632)
	at org.testng.SuiteRunner.runTest(SuiteRunner.java:366)
	at org.testng.SuiteRunner.runSequentially(SuiteRunner.java:361)
	at org.testng.SuiteRunner.privateRun(SuiteRunner.java:319)
	at org.testng.SuiteRunner.run(SuiteRunner.java:268)
	at org.testng.SuiteRunnerWorker.runSuite(SuiteRunnerWorker.java:52)
	at org.testng.SuiteRunnerWorker.run(SuiteRunnerWorker.java:86)
	at org.testng.TestNG.runSuitesSequentially(TestNG.java:1244)
	at org.testng.TestNG.runSuitesLocally(TestNG.java:1169)
	at org.testng.TestNG.run(TestNG.java:1064)
	at org.testng.remote.AbstractRemoteTestNG.run(AbstractRemoteTestNG.java:114)
	at org.testng.remote.RemoteTestNG.initAndRun(RemoteTestNG.java:251)
	at org.testng.remote.RemoteTestNG.main(RemoteTestNG.java:77)
</pre></div>
					</li>
				</ul>
		</li>
	</ul>
</div>
<div class='scenariooutline node' test-id='114' status='fail'>
	<span class='duration right label'>0h 1m 4s+185ms</span>
	<div class='desc'>
		<b>ScenarioOutline</b>
		<span class="desc-text">Validate the New conversion rate(approval required) column data</span>
	</div>
	<ul class='steps'>
		<li test-id='115' class='node scenario fail' status='fail'>
			<div class='category-list'>
				<span class='category label white-text'>@TC_11</span>
			</div>
			
			<b>Scenario</b>
			
			<span class="bdd-step-name">Validate the New conversion rate(approval required) column data</span>
			
				<ul class='steps'>
					<li test-id='116' class='node given pass' status='pass'><b>Given</b>
						<span class="bdd-step-name">Given User is on FX Management "FX_Management_Officer_18" "Verify New conversion rate"</span>
							<div class='pre'>passed</div>
					</li>
					<li test-id='117' class='node and pass' status='pass'><b>And</b>
						<span class="bdd-step-name">And User see FX Management</span>
							<div class='pre'>passed</div>
					</li>
					<li test-id='118' class='node and pass' status='pass'><b>And</b>
						<span class="bdd-step-name">And User click on FX Management tab</span>
							<div class='pre'>passed</div>
					</li>
					<li test-id='119' class='node and fail' status='fail'><b>And</b>
						<span class="bdd-step-name">And User click on Update button and pop up appear</span>
							<div class='pre'><pre>org.openqa.selenium.TimeoutException: Expected condition failed: waiting for element to be clickable: By.xpath: //button[@title='Update'] (tried for 60 second(s) with 500 milliseconds interval)
Build info: version: '3.11.0', revision: 'e59cfb3', time: '2018-03-11T20:26:55.152Z'
System info: host: 'CS84-PC', ip: '192.168.194.2', os.name: 'Windows 10', os.arch: 'amd64', os.version: '10.0', java.version: '1.8.0_171'
Driver info: org.openqa.selenium.chrome.ChromeDriver
Capabilities {acceptInsecureCerts: false, acceptSslCerts: false, applicationCacheEnabled: false, browserConnectionEnabled: false, browserName: chrome, chrome: {chromedriverVersion: 2.38.552522 (437e6fbedfa876..., userDataDir: C:\Users\admin\AppData\Loca...}, cssSelectorsEnabled: true, databaseEnabled: false, handlesAlerts: true, hasTouchScreen: false, javascriptEnabled: true, locationContextEnabled: true, mobileEmulationEnabled: false, nativeEvents: true, networkConnectionEnabled: false, pageLoadStrategy: normal, platform: XP, platformName: XP, rotatable: false, setWindowRect: true, takesHeapSnapshot: true, takesScreenshot: true, unexpectedAlertBehaviour: , unhandledPromptBehavior: , version: 68.0.3440.106, webStorageEnabled: true}
Session ID: 6f964713dea3677adab096020eced510
	at org.openqa.selenium.support.ui.WebDriverWait.timeoutException(WebDriverWait.java:81)
	at org.openqa.selenium.support.ui.FluentWait.until(FluentWait.java:271)
	at org.drc.vat.appmanager.HelperBase.clickOn(HelperBase.java:74)
	at org.drc.vat.StepDefinitions.FxManagement_DGI_Officer.user_click_on_Update_button_and_pop_up_appear(FxManagement_DGI_Officer.java:165)
	at ?.And User click on Update button and pop up appear(features/FxManagement_DGI_Officer.feature:175)
</pre></div>
					</li>
					<li test-id='120' class='node and skip' status='skip'><b>And</b>
						<span class="bdd-step-name">And User enter currency for "100"</span>
							<div class='pre'>skipped</div>
					</li>
					<li test-id='121' class='node and skip' status='skip'><b>And</b>
						<span class="bdd-step-name">And User click on Save button</span>
							<div class='pre'>skipped</div>
					</li>
					<li test-id='122' class='node and skip' status='skip'><b>And</b>
						<span class="bdd-step-name">And User see New Conversion Rate column on FX management landing page</span>
							<div class='pre'>skipped</div>
					</li>
					<li test-id='123' class='node and skip' status='skip'><b>And</b>
						<span class="bdd-step-name">And User verify "" updated currency rates in new conversion rate column</span>
							<div class='pre'>skipped</div>
					</li>
					<li test-id='124' class='node then skip' status='skip'><b>Then</b>
						<span class="bdd-step-name">Then User logout</span>
							<div class='pre'>skipped</div>
					</li>
					<li test-id='125' class='node and skip' status='skip'><b>And</b>
						<span class="bdd-step-name">And User enter credencial for DGI Supervisor and verify New Updated rates notification on their FX management landing page ""</span>
							<div class='pre'>skipped</div>
					</li>
					<li test-id='126' class='node then skip' status='skip'><b>Then</b>
						<span class="bdd-step-name">Then User logout</span>
							<div class='pre'>skipped</div>
					</li>
					<li test-id='127' class='node and skip' status='skip'><b>And</b>
						<span class="bdd-step-name">And User enter credencial for DGI Admin and verify New Updated rates notification on their FX management landing page ""</span>
						<ul class='screenshots right'>
							<li><a data-featherlight="image" href="D:\DRC_Franky\DRC_VAT\test-output\Sat Sep 01\screenshots\Validate the New conversion rate(approval required) column data_175612.png"><i class='material-icons'>panorama</i></a></li>
						</ul>
							<div class='pre'>skipped</div>
					</li>
				</ul>
		</li>
	</ul>
</div>
<div class='scenariooutline node' test-id='128' status='fail'>
	<span class='duration right label'>0h 1m 4s+490ms</span>
	<div class='desc'>
		<b>ScenarioOutline</b>
		<span class="desc-text">Validate the Approved rate column data and date when Admin has not updated currency rates</span>
	</div>
	<ul class='steps'>
		<li test-id='129' class='node scenario fail' status='fail'>
			<div class='category-list'>
				<span class='category label white-text'>@TC_12</span>
			</div>
			
			<b>Scenario</b>
			
			<span class="bdd-step-name">Validate the Approved rate column data and date when Admin has not updated currency rates</span>
			
				<ul class='steps'>
					<li test-id='130' class='node given pass' status='pass'><b>Given</b>
						<span class="bdd-step-name">Given User is on FX Management "FX_Management_Officer_19" "Verify Approved rate column"</span>
							<div class='pre'>passed</div>
					</li>
					<li test-id='131' class='node and pass' status='pass'><b>And</b>
						<span class="bdd-step-name">And User see FX Management</span>
							<div class='pre'>passed</div>
					</li>
					<li test-id='132' class='node and pass' status='pass'><b>And</b>
						<span class="bdd-step-name">And User click on FX Management tab</span>
							<div class='pre'>passed</div>
					</li>
					<li test-id='133' class='node and fail' status='fail'><b>And</b>
						<span class="bdd-step-name">And User click on Update button and pop up appear</span>
							<div class='pre'><pre>org.openqa.selenium.TimeoutException: Expected condition failed: waiting for element to be clickable: By.xpath: //button[@title='Update'] (tried for 60 second(s) with 500 milliseconds interval)
Build info: version: '3.11.0', revision: 'e59cfb3', time: '2018-03-11T20:26:55.152Z'
System info: host: 'CS84-PC', ip: '192.168.194.2', os.name: 'Windows 10', os.arch: 'amd64', os.version: '10.0', java.version: '1.8.0_171'
Driver info: org.openqa.selenium.chrome.ChromeDriver
Capabilities {acceptInsecureCerts: false, acceptSslCerts: false, applicationCacheEnabled: false, browserConnectionEnabled: false, browserName: chrome, chrome: {chromedriverVersion: 2.38.552522 (437e6fbedfa876..., userDataDir: C:\Users\admin\AppData\Loca...}, cssSelectorsEnabled: true, databaseEnabled: false, handlesAlerts: true, hasTouchScreen: false, javascriptEnabled: true, locationContextEnabled: true, mobileEmulationEnabled: false, nativeEvents: true, networkConnectionEnabled: false, pageLoadStrategy: normal, platform: XP, platformName: XP, rotatable: false, setWindowRect: true, takesHeapSnapshot: true, takesScreenshot: true, unexpectedAlertBehaviour: , unhandledPromptBehavior: , version: 68.0.3440.106, webStorageEnabled: true}
Session ID: 6f964713dea3677adab096020eced510
	at org.openqa.selenium.support.ui.WebDriverWait.timeoutException(WebDriverWait.java:81)
	at org.openqa.selenium.support.ui.FluentWait.until(FluentWait.java:271)
	at org.drc.vat.appmanager.HelperBase.clickOn(HelperBase.java:74)
	at org.drc.vat.StepDefinitions.FxManagement_DGI_Officer.user_click_on_Update_button_and_pop_up_appear(FxManagement_DGI_Officer.java:165)
	at ?.And User click on Update button and pop up appear(features/FxManagement_DGI_Officer.feature:194)
</pre></div>
					</li>
					<li test-id='134' class='node and skip' status='skip'><b>And</b>
						<span class="bdd-step-name">And User enter currency "100" for field</span>
							<div class='pre'>skipped</div>
					</li>
					<li test-id='135' class='node and skip' status='skip'><b>And</b>
						<span class="bdd-step-name">And User click on save button</span>
							<div class='pre'>skipped</div>
					</li>
					<li test-id='136' class='node and skip' status='skip'><b>And</b>
						<span class="bdd-step-name">And User verify "" updated currency rates in new conversion rate column</span>
							<div class='pre'>skipped</div>
					</li>
					<li test-id='137' class='node and skip' status='skip'><b>And</b>
						<span class="bdd-step-name">And User veruify currency "1000" and approved rate date "29/08/2018"</span>
						<ul class='screenshots right'>
							<li><a data-featherlight="image" href="D:\DRC_Franky\DRC_VAT\test-output\Sat Sep 01\screenshots\Validate the Approved rate column data and date when Admin has not updated currency rates_175717.png"><i class='material-icons'>panorama</i></a></li>
						</ul>
							<div class='pre'>skipped</div>
					</li>
				</ul>
		</li>
	</ul>
</div>
<div class='scenariooutline node' test-id='138' status='fail'>
	<span class='duration right label'>0h 1m 12s+601ms</span>
	<div class='desc'>
		<b>ScenarioOutline</b>
		<span class="desc-text">Validate the New Conversion Rate(approval rate) data when Admin has updated currency rates</span>
	</div>
	<ul class='steps'>
		<li test-id='139' class='node scenario fail' status='fail'>
			<div class='category-list'>
				<span class='category label white-text'>@TC_13</span>
			</div>
			
			<b>Scenario</b>
			
			<span class="bdd-step-name">Validate the New Conversion Rate(approval rate) data when Admin has updated currency rates</span>
			
				<ul class='steps'>
					<li test-id='140' class='node given pass' status='pass'><b>Given</b>
						<span class="bdd-step-name">Given User is on FX Management "FX_Management_Officer_20" "Verify ew Conversion Rate(approval rate)"</span>
							<div class='pre'>passed</div>
					</li>
					<li test-id='141' class='node and pass' status='pass'><b>And</b>
						<span class="bdd-step-name">And User see FX Management</span>
							<div class='pre'>passed</div>
					</li>
					<li test-id='142' class='node and pass' status='pass'><b>And</b>
						<span class="bdd-step-name">And User click on FX Management tab</span>
							<div class='pre'>passed</div>
					</li>
					<li test-id='143' class='node and pass' status='pass'><b>And</b>
						<span class="bdd-step-name">And User logout</span>
							<div class='pre'>passed</div>
					</li>
					<li test-id='144' class='node and pass' status='pass'><b>And</b>
						<span class="bdd-step-name">And User log in with DGI Admin credencial</span>
							<div class='pre'>passed</div>
					</li>
					<li test-id='145' class='node and pass' status='pass'><b>And</b>
						<span class="bdd-step-name">And User click on FX Management tab</span>
							<div class='pre'>passed</div>
					</li>
					<li test-id='146' class='node and pass' status='pass'><b>And</b>
						<span class="bdd-step-name">And User click on approve button</span>
							<div class='pre'>passed</div>
					</li>
					<li test-id='147' class='node and pass' status='pass'><b>And</b>
						<span class="bdd-step-name">And User log in with officer credencial</span>
							<div class='pre'>passed</div>
					</li>
					<li test-id='148' class='node and pass' status='pass'><b>And</b>
						<span class="bdd-step-name">And User click on FX Management tab</span>
							<div class='pre'>passed</div>
					</li>
					<li test-id='149' class='node and fail' status='fail'><b>And</b>
						<span class="bdd-step-name">And verify the currency rates of New Conversion Rate which dgi admin has approved</span>
							<div class='pre'><pre>org.openqa.selenium.NoSuchElementException: no such element: Unable to locate element: {"method":"xpath","selector":"//section/section[2]/div[2]/div"}
  (Session info: chrome=68.0.3440.106)
  (Driver info: chromedriver=2.38.552522 (437e6fbedfa8762dec75e2c5b3ddb86763dc9dcb),platform=Windows NT 10.0.16299 x86_64) (WARNING: The server did not provide any stacktrace information)
Command duration or timeout: 0 milliseconds
For documentation on this error, please visit: http://seleniumhq.org/exceptions/no_such_element.html
Build info: version: '3.11.0', revision: 'e59cfb3', time: '2018-03-11T20:26:55.152Z'
System info: host: 'CS84-PC', ip: '192.168.194.2', os.name: 'Windows 10', os.arch: 'amd64', os.version: '10.0', java.version: '1.8.0_171'
Driver info: org.openqa.selenium.chrome.ChromeDriver
Capabilities {acceptInsecureCerts: false, acceptSslCerts: false, applicationCacheEnabled: false, browserConnectionEnabled: false, browserName: chrome, chrome: {chromedriverVersion: 2.38.552522 (437e6fbedfa876..., userDataDir: C:\Users\admin\AppData\Loca...}, cssSelectorsEnabled: true, databaseEnabled: false, handlesAlerts: true, hasTouchScreen: false, javascriptEnabled: true, locationContextEnabled: true, mobileEmulationEnabled: false, nativeEvents: true, networkConnectionEnabled: false, pageLoadStrategy: normal, platform: XP, platformName: XP, rotatable: false, setWindowRect: true, takesHeapSnapshot: true, takesScreenshot: true, unexpectedAlertBehaviour: , unhandledPromptBehavior: , version: 68.0.3440.106, webStorageEnabled: true}
Session ID: e2279f4fcc4c547e9d622a588ef44957
*** Element info: {Using=xpath, value=//section/section[2]/div[2]/div}
	at sun.reflect.NativeConstructorAccessorImpl.newInstance0(Native Method)
	at sun.reflect.NativeConstructorAccessorImpl.newInstance(Unknown Source)
	at sun.reflect.DelegatingConstructorAccessorImpl.newInstance(Unknown Source)
	at java.lang.reflect.Constructor.newInstance(Unknown Source)
	at org.openqa.selenium.remote.ErrorHandler.createThrowable(ErrorHandler.java:214)
	at org.openqa.selenium.remote.ErrorHandler.throwIfResponseFailed(ErrorHandler.java:166)
	at org.openqa.selenium.remote.http.JsonHttpResponseCodec.reconstructValue(JsonHttpResponseCodec.java:40)
	at org.openqa.selenium.remote.http.AbstractHttpResponseCodec.decode(AbstractHttpResponseCodec.java:80)
	at org.openqa.selenium.remote.http.AbstractHttpResponseCodec.decode(AbstractHttpResponseCodec.java:44)
	at org.openqa.selenium.remote.HttpCommandExecutor.execute(HttpCommandExecutor.java:158)
	at org.openqa.selenium.remote.service.DriverCommandExecutor.execute(DriverCommandExecutor.java:83)
	at org.openqa.selenium.remote.RemoteWebDriver.execute(RemoteWebDriver.java:545)
	at org.openqa.selenium.remote.RemoteWebDriver.findElement(RemoteWebDriver.java:319)
	at org.openqa.selenium.remote.RemoteWebDriver.findElementByXPath(RemoteWebDriver.java:421)
	at org.openqa.selenium.By$ByXPath.findElement(By.java:361)
	at org.openqa.selenium.remote.RemoteWebDriver.findElement(RemoteWebDriver.java:311)
	at org.drc.vat.StepDefinitions.FxManagement_DGI_Officer.verify_the_currency_rates_of_New_Conversion_Rate_which_dgi_admin_has_approved(FxManagement_DGI_Officer.java:830)
	at ?.And verify the currency rates of New Conversion Rate which dgi admin has approved(features/FxManagement_DGI_Officer.feature:216)
</pre></div>
					</li>
				</ul>
		</li>
	</ul>
</div>
<div class='scenariooutline node' test-id='150' status='skip'>
	<span class='duration right label'>0h 0m 0s+13ms</span>
	<div class='desc'>
		<b>ScenarioOutline</b>
		<span class="desc-text">Validate the Target Currencies column data</span>
	</div>
	<ul class='steps'>
		<li test-id='151' class='node scenario skip' status='skip'>
			<div class='category-list'>
				<span class='category label white-text'>@TC_14</span>
			</div>
			
			<b>Scenario</b>
			
			<span class="bdd-step-name">Validate the Target Currencies column data</span>
			
				<ul class='steps'>
					<li test-id='152' class='node given skip' status='skip'><b>Given</b>
						<span class="bdd-step-name">Given User is on FX Management "FX_Management_Officer_21" "Verify Target Currencies column"</span>
							<div class='pre'>skipped</div>
					</li>
					<li test-id='153' class='node and skip' status='skip'><b>And</b>
						<span class="bdd-step-name">And User see FX Management</span>
							<div class='pre'>skipped</div>
					</li>
					<li test-id='154' class='node and skip' status='skip'><b>And</b>
						<span class="bdd-step-name">And User click on FX Management tab</span>
							<div class='pre'>skipped</div>
					</li>
					<li test-id='155' class='node and skip' status='skip'><b>And</b>
						<span class="bdd-step-name">And User verify already added currencies "GBP - Pound" on FX management module</span>
							<div class='pre'>skipped</div>
					</li>
					<li test-id='156' class='node and skip' status='skip'><b>And</b>
						<span class="bdd-step-name">And User click on update button and check currencies "GBP - Pound" on Update Currency Rate popup window</span>
							<div class='pre'>skipped</div>
					</li>
				</ul>
		</li>
	</ul>
</div>
<div class='scenariooutline node' test-id='157' status='skip'>
	<span class='duration right label'>0h 0m 0s+12ms</span>
	<div class='desc'>
		<b>ScenarioOutline</b>
		<span class="desc-text">Validate the log out functionality  on FX Management landing and Historical FX Rates page</span>
	</div>
	<ul class='steps'>
		<li test-id='158' class='node scenario skip' status='skip'>
			<div class='category-list'>
				<span class='category label white-text'>@TC_16</span>
			</div>
			
			<b>Scenario</b>
			
			<span class="bdd-step-name">Validate the log out functionality  on FX Management landing and Historical FX Rates page</span>
			
				<ul class='steps'>
					<li test-id='159' class='node given skip' status='skip'><b>Given</b>
						<span class="bdd-step-name">Given User is on FX Management "FX_Management_Officer_23" "Verify Log out functionality"</span>
							<div class='pre'>skipped</div>
					</li>
					<li test-id='160' class='node and skip' status='skip'><b>And</b>
						<span class="bdd-step-name">And User see FX Management</span>
							<div class='pre'>skipped</div>
					</li>
					<li test-id='161' class='node and skip' status='skip'><b>And</b>
						<span class="bdd-step-name">And User click on FX Management tab</span>
							<div class='pre'>skipped</div>
					</li>
					<li test-id='162' class='node then skip' status='skip'><b>Then</b>
						<span class="bdd-step-name">Then User logout</span>
							<div class='pre'>skipped</div>
					</li>
					<li test-id='163' class='node and skip' status='skip'><b>And</b>
						<span class="bdd-step-name">And User again log in</span>
							<div class='pre'>skipped</div>
					</li>
					<li test-id='164' class='node and skip' status='skip'><b>And</b>
						<span class="bdd-step-name">And User Click on Historical FX Rates button</span>
							<div class='pre'>skipped</div>
					</li>
					<li test-id='165' class='node then skip' status='skip'><b>Then</b>
						<span class="bdd-step-name">Then User logout and verify</span>
							<div class='pre'>skipped</div>
					</li>
				</ul>
		</li>
	</ul>
</div>
					</div>
				</li>
			</ul>
		</div>
	</div>
	<!-- subview left -->

	<div class='subview-right left'>
		<div class='view-summary'>
			<h5 class='test-name'></h5>

			<div id='step-filters' class="right">
				<span class="blue-text" status="info" alt="info" title="info"><i class="material-icons">info_outline</i></span>
				<span class="green-text" status="pass" alt="pass" title="pass"><i class="material-icons">check_circle</i></span>
				<span class="red-text" status="fail" alt="fail" title="fail"><i class="material-icons">cancel</i></span>
				<span class="red-text text-darken-4" status="fatal" alt="fatal" title="fatal"><i class="material-icons">cancel</i></span>
				<span class="pink-text text-lighten-1" status="error" alt="error" title="error"><i class="material-icons">error</i></span>
				<span class="orange-text" alt="warning" status="warning" title="warning"><i class="material-icons">warning</i></span>
				<span class="teal-text" status="skip" alt="skip" title="skip"><i class="material-icons">redo</i></span>
				<span status="clear" alt="Clear filters" title="Clear filters"><i class="material-icons">clear</i></span>
			</div>
		</div>
	</div>
	<!-- subview right -->

</div>
<!-- test view -->
<div id='category-view' class='view hide'>

	<section id='controls'>
		<div class='controls grey lighten-4'>
			<!-- search -->
			<div class='chip transparent' alt='Search Tests' title='Search Tests'>
				<a href="#" class='search-div'>
					<i class='material-icons'>search</i> Search
				</a>
				
				<div class='input-field left hide'>
					<input id='search-tests' type='text' class='validate browser-default' placeholder='Search Tests...'>
				</div>
				
			</div>
			<!-- search -->
		</div>
	</section>

	<div class='subview-left left'>
		
		<div class='view-summary'>
			<h5>Categories</h3>
			<ul id='category-collection' class='category-collection'>
				
				<li class='category displayed active'>
					<div class='category-heading'>
						<span class='category-name'>@TC_001</span>
						<span class='category-status right'>
							<span class='label pass'>1</span>
						</span>
					</div>
					<div class='category-content hide'>
						<div class='category-status-counts'>
							<span class='label green accent-4 white-text'>Passed: 1</span>
							
							
						</div>
					
						<div class='category-tests'>
							<table class='bordered table-results'>
								<thead>
									<tr>
										<th>Timestamp</th>
										<th>TestName</th>
										<th>Status</th>
									</tr>
								</thead>
								<tbody>
									<tr>
										<td>Sep 1, 2018 05:51:06 PM</td>
										<td class='linked' test-id='3'>User is on FX Management Page.For FX Management Officer Login.For FX Management Officer Login</td>
										<td><span class='test-status pass'>pass</span></td>
									</tr>
								</tbody>
							</table>
						</div>
					</div>
				</li>
				<li class='category displayed active'>
					<div class='category-heading'>
						<span class='category-name'>@TC_03</span>
						<span class='category-status right'>
							<span class='label fail'>1</span>
						</span>
					</div>
					<div class='category-content hide'>
						<div class='category-status-counts'>
							
							<span class='label red lighten-1 white-text'>Failed: 1</span>
							
						</div>
					
						<div class='category-tests'>
							<table class='bordered table-results'>
								<thead>
									<tr>
										<th>Timestamp</th>
										<th>TestName</th>
										<th>Status</th>
									</tr>
								</thead>
								<tbody>
									<tr>
										<td>Sep 1, 2018 05:51:32 PM</td>
										<td class='linked' test-id='9'>User is on FX Management Page.Validate the Base currency on all the pages of FX management module.Validate the Base currency on all the pages of FX management module</td>
										<td><span class='test-status fail'>fail</span></td>
									</tr>
								</tbody>
							</table>
						</div>
					</div>
				</li>
				<li class='category displayed active'>
					<div class='category-heading'>
						<span class='category-name'>@TC_04</span>
						<span class='category-status right'>
							<span class='label pass'>1</span>
						</span>
					</div>
					<div class='category-content hide'>
						<div class='category-status-counts'>
							<span class='label green accent-4 white-text'>Passed: 1</span>
							
							
						</div>
					
						<div class='category-tests'>
							<table class='bordered table-results'>
								<thead>
									<tr>
										<th>Timestamp</th>
										<th>TestName</th>
										<th>Status</th>
									</tr>
								</thead>
								<tbody>
									<tr>
										<td>Sep 1, 2018 05:51:39 PM</td>
										<td class='linked' test-id='19'>User is on FX Management Page.Validate the Update currency functionality with valid data.Validate the Update currency functionality with valid data</td>
										<td><span class='test-status pass'>pass</span></td>
									</tr>
								</tbody>
							</table>
						</div>
					</div>
				</li>
				<li class='category displayed active'>
					<div class='category-heading'>
						<span class='category-name'>@TC_06</span>
						<span class='category-status right'>
							<span class='label fail'>1</span>
						</span>
					</div>
					<div class='category-content hide'>
						<div class='category-status-counts'>
							
							<span class='label red lighten-1 white-text'>Failed: 1</span>
							
						</div>
					
						<div class='category-tests'>
							<table class='bordered table-results'>
								<thead>
									<tr>
										<th>Timestamp</th>
										<th>TestName</th>
										<th>Status</th>
									</tr>
								</thead>
								<tbody>
									<tr>
										<td>Sep 1, 2018 05:51:46 PM</td>
										<td class='linked' test-id='27'>User is on FX Management Page.Validate the Cancel button functionality on Update currency rate popup.Validate the Cancel button functionality on Update currency rate popup</td>
										<td><span class='test-status fail'>fail</span></td>
									</tr>
								</tbody>
							</table>
						</div>
					</div>
				</li>
				<li class='category displayed active'>
					<div class='category-heading'>
						<span class='category-name'>@TC_07</span>
						<span class='category-status right'>
							<span class='label fail'>1</span>
						</span>
					</div>
					<div class='category-content hide'>
						<div class='category-status-counts'>
							
							<span class='label red lighten-1 white-text'>Failed: 1</span>
							
						</div>
					
						<div class='category-tests'>
							<table class='bordered table-results'>
								<thead>
									<tr>
										<th>Timestamp</th>
										<th>TestName</th>
										<th>Status</th>
									</tr>
								</thead>
								<tbody>
									<tr>
										<td>Sep 1, 2018 05:52:52 PM</td>
										<td class='linked' test-id='39'>User is on FX Management Page.Validate the Historical FX Rates button functionality.Validate the Historical FX Rates button functionality</td>
										<td><span class='test-status fail'>fail</span></td>
									</tr>
								</tbody>
							</table>
						</div>
					</div>
				</li>
				<li class='category displayed active'>
					<div class='category-heading'>
						<span class='category-name'>@TC_08</span>
						<span class='category-status right'>
							<span class='label fail'>1</span>
						</span>
					</div>
					<div class='category-content hide'>
						<div class='category-status-counts'>
							
							<span class='label red lighten-1 white-text'>Failed: 1</span>
							
						</div>
					
						<div class='category-tests'>
							<table class='bordered table-results'>
								<thead>
									<tr>
										<th>Timestamp</th>
										<th>TestName</th>
										<th>Status</th>
									</tr>
								</thead>
								<tbody>
									<tr>
										<td>Sep 1, 2018 05:53:06 PM</td>
										<td class='linked' test-id='46'>User is on FX Management Page.Validate the from and to date search functionality on the FX management page with historic data.Validate the from and to date search functionality on the FX management page with historic data</td>
										<td><span class='test-status fail'>fail</span></td>
									</tr>
								</tbody>
							</table>
						</div>
					</div>
				</li>
				<li class='category displayed active'>
					<div class='category-heading'>
						<span class='category-name'>@TC_09</span>
						<span class='category-status right'>
							<span class='label fail'>6</span>
						</span>
					</div>
					<div class='category-content hide'>
						<div class='category-status-counts'>
							
							<span class='label red lighten-1 white-text'>Failed: 6</span>
							
						</div>
					
						<div class='category-tests'>
							<table class='bordered table-results'>
								<thead>
									<tr>
										<th>Timestamp</th>
										<th>TestName</th>
										<th>Status</th>
									</tr>
								</thead>
								<tbody>
									<tr>
										<td>Sep 1, 2018 05:53:28 PM</td>
										<td class='linked' test-id='64'>User is on FX Management Page.Validate the Pagination on the FX management page with historic data.Validate the Pagination on the FX management page with historic data</td>
										<td><span class='test-status fail'>fail</span></td>
									</tr>
									<tr>
										<td>Sep 1, 2018 05:53:44 PM</td>
										<td class='linked' test-id='71'>User is on FX Management Page.Validate the Pagination on the FX management page with historic data.Validate the Pagination on the FX management page with historic data</td>
										<td><span class='test-status fail'>fail</span></td>
									</tr>
									<tr>
										<td>Sep 1, 2018 05:54:00 PM</td>
										<td class='linked' test-id='78'>User is on FX Management Page.Validate the Pagination on the FX management page with historic data.Validate the Pagination on the FX management page with historic data</td>
										<td><span class='test-status fail'>fail</span></td>
									</tr>
									<tr>
										<td>Sep 1, 2018 05:54:16 PM</td>
										<td class='linked' test-id='85'>User is on FX Management Page.Validate the Pagination on the FX management page with historic data.Validate the Pagination on the FX management page with historic data</td>
										<td><span class='test-status fail'>fail</span></td>
									</tr>
									<tr>
										<td>Sep 1, 2018 05:54:33 PM</td>
										<td class='linked' test-id='92'>User is on FX Management Page.Validate the Pagination on the FX management page with historic data.Validate the Pagination on the FX management page with historic data</td>
										<td><span class='test-status fail'>fail</span></td>
									</tr>
									<tr>
										<td>Sep 1, 2018 05:54:49 PM</td>
										<td class='linked' test-id='99'>User is on FX Management Page.Validate the Pagination on the FX management page with historic data.Validate the Pagination on the FX management page with historic data</td>
										<td><span class='test-status fail'>fail</span></td>
									</tr>
								</tbody>
							</table>
						</div>
					</div>
				</li>
				<li class='category displayed active'>
					<div class='category-heading'>
						<span class='category-name'>@TC_10</span>
						<span class='category-status right'>
							<span class='label fail'>1</span>
						</span>
					</div>
					<div class='category-content hide'>
						<div class='category-status-counts'>
							
							<span class='label red lighten-1 white-text'>Failed: 1</span>
							
						</div>
					
						<div class='category-tests'>
							<table class='bordered table-results'>
								<thead>
									<tr>
										<th>Timestamp</th>
										<th>TestName</th>
										<th>Status</th>
									</tr>
								</thead>
								<tbody>
									<tr>
										<td>Sep 1, 2018 05:55:05 PM</td>
										<td class='linked' test-id='107'>User is on FX Management Page.Validate the previous button functionality on Historical FX Rates page.Validate the previous button functionality on Historical FX Rates page</td>
										<td><span class='test-status fail'>fail</span></td>
									</tr>
								</tbody>
							</table>
						</div>
					</div>
				</li>
				<li class='category displayed active'>
					<div class='category-heading'>
						<span class='category-name'>@TC_11</span>
						<span class='category-status right'>
							<span class='label fail'>1</span>
						</span>
					</div>
					<div class='category-content hide'>
						<div class='category-status-counts'>
							
							<span class='label red lighten-1 white-text'>Failed: 1</span>
							
						</div>
					
						<div class='category-tests'>
							<table class='bordered table-results'>
								<thead>
									<tr>
										<th>Timestamp</th>
										<th>TestName</th>
										<th>Status</th>
									</tr>
								</thead>
								<tbody>
									<tr>
										<td>Sep 1, 2018 05:56:12 PM</td>
										<td class='linked' test-id='115'>User is on FX Management Page.Validate the New conversion rate(approval required) column data.Validate the New conversion rate(approval required) column data</td>
										<td><span class='test-status fail'>fail</span></td>
									</tr>
								</tbody>
							</table>
						</div>
					</div>
				</li>
				<li class='category displayed active'>
					<div class='category-heading'>
						<span class='category-name'>@TC_12</span>
						<span class='category-status right'>
							<span class='label fail'>1</span>
						</span>
					</div>
					<div class='category-content hide'>
						<div class='category-status-counts'>
							
							<span class='label red lighten-1 white-text'>Failed: 1</span>
							
						</div>
					
						<div class='category-tests'>
							<table class='bordered table-results'>
								<thead>
									<tr>
										<th>Timestamp</th>
										<th>TestName</th>
										<th>Status</th>
									</tr>
								</thead>
								<tbody>
									<tr>
										<td>Sep 1, 2018 05:57:17 PM</td>
										<td class='linked' test-id='129'>User is on FX Management Page.Validate the Approved rate column data and date when Admin has not updated currency rates.Validate the Approved rate column data and date when Admin has not updated currency rates</td>
										<td><span class='test-status fail'>fail</span></td>
									</tr>
								</tbody>
							</table>
						</div>
					</div>
				</li>
				<li class='category displayed active'>
					<div class='category-heading'>
						<span class='category-name'>@TC_13</span>
						<span class='category-status right'>
							<span class='label fail'>1</span>
						</span>
					</div>
					<div class='category-content hide'>
						<div class='category-status-counts'>
							
							<span class='label red lighten-1 white-text'>Failed: 1</span>
							
						</div>
					
						<div class='category-tests'>
							<table class='bordered table-results'>
								<thead>
									<tr>
										<th>Timestamp</th>
										<th>TestName</th>
										<th>Status</th>
									</tr>
								</thead>
								<tbody>
									<tr>
										<td>Sep 1, 2018 05:58:22 PM</td>
										<td class='linked' test-id='139'>User is on FX Management Page.Validate the New Conversion Rate(approval rate) data when Admin has updated currency rates.Validate the New Conversion Rate(approval rate) data when Admin has updated currency rates</td>
										<td><span class='test-status fail'>fail</span></td>
									</tr>
								</tbody>
							</table>
						</div>
					</div>
				</li>
				<li class='category displayed active'>
					<div class='category-heading'>
						<span class='category-name'>@TC_14</span>
						<span class='category-status right'>
							<span class='label others'>1</span>
						</span>
					</div>
					<div class='category-content hide'>
						<div class='category-status-counts'>
							
							
							<span class='label yellow darken-2 white-text'>Others: 1</span>
						</div>
					
						<div class='category-tests'>
							<table class='bordered table-results'>
								<thead>
									<tr>
										<th>Timestamp</th>
										<th>TestName</th>
										<th>Status</th>
									</tr>
								</thead>
								<tbody>
									<tr>
										<td>Sep 1, 2018 05:59:34 PM</td>
										<td class='linked' test-id='151'>User is on FX Management Page.Validate the Target Currencies column data.Validate the Target Currencies column data</td>
										<td><span class='test-status skip'>skip</span></td>
									</tr>
								</tbody>
							</table>
						</div>
					</div>
				</li>
				<li class='category displayed active'>
					<div class='category-heading'>
						<span class='category-name'>@TC_16</span>
						<span class='category-status right'>
							<span class='label others'>1</span>
						</span>
					</div>
					<div class='category-content hide'>
						<div class='category-status-counts'>
							
							
							<span class='label yellow darken-2 white-text'>Others: 1</span>
						</div>
					
						<div class='category-tests'>
							<table class='bordered table-results'>
								<thead>
									<tr>
										<th>Timestamp</th>
										<th>TestName</th>
										<th>Status</th>
									</tr>
								</thead>
								<tbody>
									<tr>
										<td>Sep 1, 2018 05:59:34 PM</td>
										<td class='linked' test-id='158'>User is on FX Management Page.Validate the log out functionality  on FX Management landing and Historical FX Rates page.Validate the log out functionality  on FX Management landing and Historical FX Rates page</td>
										<td><span class='test-status skip'>skip</span></td>
									</tr>
								</tbody>
							</table>
						</div>
					</div>
				</li>

			</ul>
		</div>
	</div>

	<div class='subview-right left'>
		<div class='view-summary'>
			<h5 class='category-name'></h5>
		</div>
	</div>
</div>
<!-- category view -->
<div id='exception-view' class='view hide'>

    <section id='controls'>
        <div class='controls grey lighten-4'>
            <!-- search -->
            <div class='chip transparent' alt='Search Tests' title='Search Tests'>
                <a href="#" class='search-div'>
                    <i class='material-icons'>search</i> Search
                </a>

                <div class='input-field left hide'>
                    <input id='search-tests' type='text' class='validate browser-default' placeholder='Search Tests...'>
                </div>

            </div>
            <!-- search -->
        </div>
    </section>

    <div class='subview-left left'>

        <div class='view-summary'>
            <h5>Exceptions</h3>
                <ul id='exception-collection' class='exception-collection'>

                        <li class='exception displayed active'>
                            <div class='exception-heading'>
                                <span class='exception-name'>java.lang.NullPointerException</span>
                                <span class='exception-count right'><span class='label red lighten-1 white-text'>1</span></span>
                            </div>
                            <div class='exception-content hide'>
                                <div class='exception-tests'>
                                    <table class='bordered table-results'>
                                        <thead>
                                        <tr>
                                            <th>Timestamp</th>
                                            <th>TestName</th>
                                            <th>Status</th>
                                        </tr>
                                        </thead>
                                        <tbody>
                                                    <tr>
                                                        <td>Sep 1, 2018 05:51:36 PM</td>
                                                        <td class='linked' test-id='13'>User is on FX Management Page.Validate the Base currency on all the pages of FX management module.Validate the Base currency on all the pages of FX management module.And User verify the Base currency on the FX management is Congolese France and its value is 1</td>
                                                        <td><pre><pre>java.lang.NullPointerException
	at org.drc.vat.StepDefinitions.FxManagement_DGI_Officer.user_verify_the_Base_currency_on_the_FX_management_is_Congolese_France_and_its_value_is(FxManagement_DGI_Officer.java:106)
	at ?.And User verify the Base currency on the FX management is Congolese France and its value is 1(features/FxManagement_DGI_Officer.feature:47)
</pre></pre></td>
                                                    </tr>
                                        </tbody>
                                    </table>
                                </div>
                            </div>
                        </li>
                        <li class='exception displayed active'>
                            <div class='exception-heading'>
                                <span class='exception-name'>org.openqa.selenium.TimeoutException</span>
                                <span class='exception-count right'><span class='label red lighten-1 white-text'>4</span></span>
                            </div>
                            <div class='exception-content hide'>
                                <div class='exception-tests'>
                                    <table class='bordered table-results'>
                                        <thead>
                                        <tr>
                                            <th>Timestamp</th>
                                            <th>TestName</th>
                                            <th>Status</th>
                                        </tr>
                                        </thead>
                                        <tbody>
                                                    <tr>
                                                        <td>Sep 1, 2018 05:51:51 PM</td>
                                                        <td class='linked' test-id='31'>User is on FX Management Page.Validate the Cancel button functionality on Update currency rate popup.Validate the Cancel button functionality on Update currency rate popup.And User click on Update button and pop up appear</td>
                                                        <td><pre><pre>org.openqa.selenium.TimeoutException: Expected condition failed: waiting for element to be clickable: By.xpath: //button[@title='Update'] (tried for 60 second(s) with 500 milliseconds interval)
Build info: version: '3.11.0', revision: 'e59cfb3', time: '2018-03-11T20:26:55.152Z'
System info: host: 'CS84-PC', ip: '192.168.194.2', os.name: 'Windows 10', os.arch: 'amd64', os.version: '10.0', java.version: '1.8.0_171'
Driver info: org.openqa.selenium.chrome.ChromeDriver
Capabilities {acceptInsecureCerts: false, acceptSslCerts: false, applicationCacheEnabled: false, browserConnectionEnabled: false, browserName: chrome, chrome: {chromedriverVersion: 2.38.552522 (437e6fbedfa876..., userDataDir: C:\Users\admin\AppData\Loca...}, cssSelectorsEnabled: true, databaseEnabled: false, handlesAlerts: true, hasTouchScreen: false, javascriptEnabled: true, locationContextEnabled: true, mobileEmulationEnabled: false, nativeEvents: true, networkConnectionEnabled: false, pageLoadStrategy: normal, platform: XP, platformName: XP, rotatable: false, setWindowRect: true, takesHeapSnapshot: true, takesScreenshot: true, unexpectedAlertBehaviour: , unhandledPromptBehavior: , version: 68.0.3440.106, webStorageEnabled: true}
Session ID: 6f964713dea3677adab096020eced510
	at org.openqa.selenium.support.ui.WebDriverWait.timeoutException(WebDriverWait.java:81)
	at org.openqa.selenium.support.ui.FluentWait.until(FluentWait.java:271)
	at org.drc.vat.appmanager.HelperBase.clickOn(HelperBase.java:74)
	at org.drc.vat.StepDefinitions.FxManagement_DGI_Officer.user_click_on_Update_button_and_pop_up_appear(FxManagement_DGI_Officer.java:165)
	at ?.And User click on Update button and pop up appear(features/FxManagement_DGI_Officer.feature:92)
</pre></pre></td>
                                                    </tr>
                                                    <tr>
                                                        <td>Sep 1, 2018 05:55:10 PM</td>
                                                        <td class='linked' test-id='113'>User is on FX Management Page.Validate the previous button functionality on Historical FX Rates page.Validate the previous button functionality on Historical FX Rates page.And User click on Previous button and again navigate to FX management dashboard</td>
                                                        <td><pre><pre>org.openqa.selenium.TimeoutException: Expected condition failed: waiting for element to be clickable: By.xpath: //*[@class="fa fa-caret-left"] (tried for 60 second(s) with 500 milliseconds interval)
	at org.openqa.selenium.support.ui.WebDriverWait.timeoutException(WebDriverWait.java:81)
	at org.openqa.selenium.support.ui.FluentWait.until(FluentWait.java:271)
	at org.drc.vat.appmanager.HelperBase.clickOn(HelperBase.java:74)
	at org.drc.vat.StepDefinitions.FxManagement_DGI_Officer.user_click_on_Previous_button_and_again_navigate_to_FX_management_dashboard(FxManagement_DGI_Officer.java:554)
	at ?.And User click on Previous button and again navigate to FX management dashboard(features/FxManagement_DGI_Officer.feature:164)
Caused by: org.openqa.selenium.NoSuchElementException: Cannot locate an element using By.xpath: //*[@class="fa fa-caret-left"]
For documentation on this error, please visit: http://seleniumhq.org/exceptions/no_such_element.html
Build info: version: '3.11.0', revision: 'e59cfb3', time: '2018-03-11T20:26:55.152Z'
System info: host: 'CS84-PC', ip: '192.168.194.2', os.name: 'Windows 10', os.arch: 'amd64', os.version: '10.0', java.version: '1.8.0_171'
Driver info: driver.version: unknown
	at org.openqa.selenium.support.ui.ExpectedConditions.lambda$findElement$0(ExpectedConditions.java:896)
	at java.util.Optional.orElseThrow(Unknown Source)
	at org.openqa.selenium.support.ui.ExpectedConditions.findElement(ExpectedConditions.java:895)
	at org.openqa.selenium.support.ui.ExpectedConditions.access$000(ExpectedConditions.java:44)
	at org.openqa.selenium.support.ui.ExpectedConditions$7.apply(ExpectedConditions.java:206)
	at org.openqa.selenium.support.ui.ExpectedConditions$7.apply(ExpectedConditions.java:202)
	at org.openqa.selenium.support.ui.ExpectedConditions$22.apply(ExpectedConditions.java:657)
	at org.openqa.selenium.support.ui.ExpectedConditions$22.apply(ExpectedConditions.java:654)
	at org.openqa.selenium.support.ui.FluentWait.until(FluentWait.java:248)
	at org.drc.vat.appmanager.HelperBase.clickOn(HelperBase.java:74)
	at org.drc.vat.StepDefinitions.FxManagement_DGI_Officer.user_click_on_Previous_button_and_again_navigate_to_FX_management_dashboard(FxManagement_DGI_Officer.java:554)
	at sun.reflect.NativeMethodAccessorImpl.invoke0(Native Method)
	at sun.reflect.NativeMethodAccessorImpl.invoke(Unknown Source)
	at sun.reflect.DelegatingMethodAccessorImpl.invoke(Unknown Source)
	at java.lang.reflect.Method.invoke(Unknown Source)
	at cucumber.runtime.Utils$1.call(Utils.java:40)
	at cucumber.runtime.Timeout.timeout(Timeout.java:16)
	at cucumber.runtime.Utils.invoke(Utils.java:34)
	at cucumber.runtime.java.JavaStepDefinition.execute(JavaStepDefinition.java:38)
	at cucumber.runtime.StepDefinitionMatch.runStep(StepDefinitionMatch.java:37)
	at cucumber.runtime.Runtime.runStep(Runtime.java:300)
	at cucumber.runtime.model.StepContainer.runStep(StepContainer.java:44)
	at cucumber.runtime.model.StepContainer.runSteps(StepContainer.java:39)
	at cucumber.runtime.model.CucumberScenario.run(CucumberScenario.java:44)
	at cucumber.runtime.model.CucumberScenarioOutline.run(CucumberScenarioOutline.java:46)
	at cucumber.runtime.model.CucumberFeature.run(CucumberFeature.java:165)
	at cucumber.api.testng.TestNGCucumberRunner.runCucumber(TestNGCucumberRunner.java:63)
	at cucumber.api.testng.AbstractTestNGCucumberTests.feature(AbstractTestNGCucumberTests.java:21)
	at sun.reflect.NativeMethodAccessorImpl.invoke0(Native Method)
	at sun.reflect.NativeMethodAccessorImpl.invoke(Unknown Source)
	at sun.reflect.DelegatingMethodAccessorImpl.invoke(Unknown Source)
	at java.lang.reflect.Method.invoke(Unknown Source)
	at org.testng.internal.MethodInvocationHelper.invokeMethod(MethodInvocationHelper.java:86)
	at org.testng.internal.Invoker.invokeMethod(Invoker.java:643)
	at org.testng.internal.Invoker.invokeTestMethod(Invoker.java:820)
	at org.testng.internal.Invoker.invokeTestMethods(Invoker.java:1128)
	at org.testng.internal.TestMethodWorker.invokeTestMethods(TestMethodWorker.java:129)
	at org.testng.internal.TestMethodWorker.run(TestMethodWorker.java:112)
	at org.testng.TestRunner.privateRun(TestRunner.java:782)
	at org.testng.TestRunner.run(TestRunner.java:632)
	at org.testng.SuiteRunner.runTest(SuiteRunner.java:366)
	at org.testng.SuiteRunner.runSequentially(SuiteRunner.java:361)
	at org.testng.SuiteRunner.privateRun(SuiteRunner.java:319)
	at org.testng.SuiteRunner.run(SuiteRunner.java:268)
	at org.testng.SuiteRunnerWorker.runSuite(SuiteRunnerWorker.java:52)
	at org.testng.SuiteRunnerWorker.run(SuiteRunnerWorker.java:86)
	at org.testng.TestNG.runSuitesSequentially(TestNG.java:1244)
	at org.testng.TestNG.runSuitesLocally(TestNG.java:1169)
	at org.testng.TestNG.run(TestNG.java:1064)
	at org.testng.remote.AbstractRemoteTestNG.run(AbstractRemoteTestNG.java:114)
	at org.testng.remote.RemoteTestNG.initAndRun(RemoteTestNG.java:251)
	at org.testng.remote.RemoteTestNG.main(RemoteTestNG.java:77)
</pre></pre></td>
                                                    </tr>
                                                    <tr>
                                                        <td>Sep 1, 2018 05:56:16 PM</td>
                                                        <td class='linked' test-id='119'>User is on FX Management Page.Validate the New conversion rate(approval required) column data.Validate the New conversion rate(approval required) column data.And User click on Update button and pop up appear</td>
                                                        <td><pre><pre>org.openqa.selenium.TimeoutException: Expected condition failed: waiting for element to be clickable: By.xpath: //button[@title='Update'] (tried for 60 second(s) with 500 milliseconds interval)
Build info: version: '3.11.0', revision: 'e59cfb3', time: '2018-03-11T20:26:55.152Z'
System info: host: 'CS84-PC', ip: '192.168.194.2', os.name: 'Windows 10', os.arch: 'amd64', os.version: '10.0', java.version: '1.8.0_171'
Driver info: org.openqa.selenium.chrome.ChromeDriver
Capabilities {acceptInsecureCerts: false, acceptSslCerts: false, applicationCacheEnabled: false, browserConnectionEnabled: false, browserName: chrome, chrome: {chromedriverVersion: 2.38.552522 (437e6fbedfa876..., userDataDir: C:\Users\admin\AppData\Loca...}, cssSelectorsEnabled: true, databaseEnabled: false, handlesAlerts: true, hasTouchScreen: false, javascriptEnabled: true, locationContextEnabled: true, mobileEmulationEnabled: false, nativeEvents: true, networkConnectionEnabled: false, pageLoadStrategy: normal, platform: XP, platformName: XP, rotatable: false, setWindowRect: true, takesHeapSnapshot: true, takesScreenshot: true, unexpectedAlertBehaviour: , unhandledPromptBehavior: , version: 68.0.3440.106, webStorageEnabled: true}
Session ID: 6f964713dea3677adab096020eced510
	at org.openqa.selenium.support.ui.WebDriverWait.timeoutException(WebDriverWait.java:81)
	at org.openqa.selenium.support.ui.FluentWait.until(FluentWait.java:271)
	at org.drc.vat.appmanager.HelperBase.clickOn(HelperBase.java:74)
	at org.drc.vat.StepDefinitions.FxManagement_DGI_Officer.user_click_on_Update_button_and_pop_up_appear(FxManagement_DGI_Officer.java:165)
	at ?.And User click on Update button and pop up appear(features/FxManagement_DGI_Officer.feature:175)
</pre></pre></td>
                                                    </tr>
                                                    <tr>
                                                        <td>Sep 1, 2018 05:57:21 PM</td>
                                                        <td class='linked' test-id='133'>User is on FX Management Page.Validate the Approved rate column data and date when Admin has not updated currency rates.Validate the Approved rate column data and date when Admin has not updated currency rates.And User click on Update button and pop up appear</td>
                                                        <td><pre><pre>org.openqa.selenium.TimeoutException: Expected condition failed: waiting for element to be clickable: By.xpath: //button[@title='Update'] (tried for 60 second(s) with 500 milliseconds interval)
Build info: version: '3.11.0', revision: 'e59cfb3', time: '2018-03-11T20:26:55.152Z'
System info: host: 'CS84-PC', ip: '192.168.194.2', os.name: 'Windows 10', os.arch: 'amd64', os.version: '10.0', java.version: '1.8.0_171'
Driver info: org.openqa.selenium.chrome.ChromeDriver
Capabilities {acceptInsecureCerts: false, acceptSslCerts: false, applicationCacheEnabled: false, browserConnectionEnabled: false, browserName: chrome, chrome: {chromedriverVersion: 2.38.552522 (437e6fbedfa876..., userDataDir: C:\Users\admin\AppData\Loca...}, cssSelectorsEnabled: true, databaseEnabled: false, handlesAlerts: true, hasTouchScreen: false, javascriptEnabled: true, locationContextEnabled: true, mobileEmulationEnabled: false, nativeEvents: true, networkConnectionEnabled: false, pageLoadStrategy: normal, platform: XP, platformName: XP, rotatable: false, setWindowRect: true, takesHeapSnapshot: true, takesScreenshot: true, unexpectedAlertBehaviour: , unhandledPromptBehavior: , version: 68.0.3440.106, webStorageEnabled: true}
Session ID: 6f964713dea3677adab096020eced510
	at org.openqa.selenium.support.ui.WebDriverWait.timeoutException(WebDriverWait.java:81)
	at org.openqa.selenium.support.ui.FluentWait.until(FluentWait.java:271)
	at org.drc.vat.appmanager.HelperBase.clickOn(HelperBase.java:74)
	at org.drc.vat.StepDefinitions.FxManagement_DGI_Officer.user_click_on_Update_button_and_pop_up_appear(FxManagement_DGI_Officer.java:165)
	at ?.And User click on Update button and pop up appear(features/FxManagement_DGI_Officer.feature:194)
</pre></pre></td>
                                                    </tr>
                                        </tbody>
                                    </table>
                                </div>
                            </div>
                        </li>
                        <li class='exception displayed active'>
                            <div class='exception-heading'>
                                <span class='exception-name'>org.openqa.selenium.NoSuchElementException</span>
                                <span class='exception-count right'><span class='label red lighten-1 white-text'>9</span></span>
                            </div>
                            <div class='exception-content hide'>
                                <div class='exception-tests'>
                                    <table class='bordered table-results'>
                                        <thead>
                                        <tr>
                                            <th>Timestamp</th>
                                            <th>TestName</th>
                                            <th>Status</th>
                                        </tr>
                                        </thead>
                                        <tbody>
                                                    <tr>
                                                        <td>Sep 1, 2018 05:52:58 PM</td>
                                                        <td class='linked' test-id='44'>User is on FX Management Page.Validate the Historical FX Rates button functionality.Validate the Historical FX Rates button functionality.And User check "100" in FX management list</td>
                                                        <td><pre><pre>org.openqa.selenium.NoSuchElementException: no such element: Unable to locate element: {"method":"xpath","selector":"//div/table/tbody/tr[1]/td[1]/div"}
  (Session info: chrome=68.0.3440.106)
  (Driver info: chromedriver=2.38.552522 (437e6fbedfa8762dec75e2c5b3ddb86763dc9dcb),platform=Windows NT 10.0.16299 x86_64) (WARNING: The server did not provide any stacktrace information)
Command duration or timeout: 0 milliseconds
For documentation on this error, please visit: http://seleniumhq.org/exceptions/no_such_element.html
Build info: version: '3.11.0', revision: 'e59cfb3', time: '2018-03-11T20:26:55.152Z'
System info: host: 'CS84-PC', ip: '192.168.194.2', os.name: 'Windows 10', os.arch: 'amd64', os.version: '10.0', java.version: '1.8.0_171'
Driver info: org.openqa.selenium.chrome.ChromeDriver
Capabilities {acceptInsecureCerts: false, acceptSslCerts: false, applicationCacheEnabled: false, browserConnectionEnabled: false, browserName: chrome, chrome: {chromedriverVersion: 2.38.552522 (437e6fbedfa876..., userDataDir: C:\Users\admin\AppData\Loca...}, cssSelectorsEnabled: true, databaseEnabled: false, handlesAlerts: true, hasTouchScreen: false, javascriptEnabled: true, locationContextEnabled: true, mobileEmulationEnabled: false, nativeEvents: true, networkConnectionEnabled: false, pageLoadStrategy: normal, platform: XP, platformName: XP, rotatable: false, setWindowRect: true, takesHeapSnapshot: true, takesScreenshot: true, unexpectedAlertBehaviour: , unhandledPromptBehavior: , version: 68.0.3440.106, webStorageEnabled: true}
Session ID: 6f964713dea3677adab096020eced510
*** Element info: {Using=xpath, value=//div/table/tbody/tr[1]/td[1]/div}
	at sun.reflect.NativeConstructorAccessorImpl.newInstance0(Native Method)
	at sun.reflect.NativeConstructorAccessorImpl.newInstance(Unknown Source)
	at sun.reflect.DelegatingConstructorAccessorImpl.newInstance(Unknown Source)
	at java.lang.reflect.Constructor.newInstance(Unknown Source)
	at org.openqa.selenium.remote.ErrorHandler.createThrowable(ErrorHandler.java:214)
	at org.openqa.selenium.remote.ErrorHandler.throwIfResponseFailed(ErrorHandler.java:166)
	at org.openqa.selenium.remote.http.JsonHttpResponseCodec.reconstructValue(JsonHttpResponseCodec.java:40)
	at org.openqa.selenium.remote.http.AbstractHttpResponseCodec.decode(AbstractHttpResponseCodec.java:80)
	at org.openqa.selenium.remote.http.AbstractHttpResponseCodec.decode(AbstractHttpResponseCodec.java:44)
	at org.openqa.selenium.remote.HttpCommandExecutor.execute(HttpCommandExecutor.java:158)
	at org.openqa.selenium.remote.service.DriverCommandExecutor.execute(DriverCommandExecutor.java:83)
	at org.openqa.selenium.remote.RemoteWebDriver.execute(RemoteWebDriver.java:545)
	at org.openqa.selenium.remote.RemoteWebDriver.findElement(RemoteWebDriver.java:319)
	at org.openqa.selenium.remote.RemoteWebDriver.findElementByXPath(RemoteWebDriver.java:421)
	at org.openqa.selenium.By$ByXPath.findElement(By.java:361)
	at org.openqa.selenium.remote.RemoteWebDriver.findElement(RemoteWebDriver.java:311)
	at org.drc.vat.StepDefinitions.FxManagement_DGI_Officer.user_check_in_FX_management_list(FxManagement_DGI_Officer.java:258)
	at ?.And User check "100" in FX management list(features/FxManagement_DGI_Officer.feature:110)
</pre></pre></td>
                                                    </tr>
                                                    <tr>
                                                        <td>Sep 1, 2018 05:53:22 PM</td>
                                                        <td class='linked' test-id='54'>User is on FX Management Page.Validate the from and to date search functionality on the FX management page with historic data.Validate the from and to date search functionality on the FX management page with historic data.And User click on search icon and today date should display "08/24/2018"</td>
                                                        <td><pre><pre>org.openqa.selenium.NoSuchElementException: no such element: Unable to locate element: {"method":"xpath","selector":"(//div[contains(text(),'08/24/2018')])[1]"}
  (Session info: chrome=68.0.3440.106)
  (Driver info: chromedriver=2.38.552522 (437e6fbedfa8762dec75e2c5b3ddb86763dc9dcb),platform=Windows NT 10.0.16299 x86_64) (WARNING: The server did not provide any stacktrace information)
Command duration or timeout: 0 milliseconds
For documentation on this error, please visit: http://seleniumhq.org/exceptions/no_such_element.html
Build info: version: '3.11.0', revision: 'e59cfb3', time: '2018-03-11T20:26:55.152Z'
System info: host: 'CS84-PC', ip: '192.168.194.2', os.name: 'Windows 10', os.arch: 'amd64', os.version: '10.0', java.version: '1.8.0_171'
Driver info: org.openqa.selenium.chrome.ChromeDriver
Capabilities {acceptInsecureCerts: false, acceptSslCerts: false, applicationCacheEnabled: false, browserConnectionEnabled: false, browserName: chrome, chrome: {chromedriverVersion: 2.38.552522 (437e6fbedfa876..., userDataDir: C:\Users\admin\AppData\Loca...}, cssSelectorsEnabled: true, databaseEnabled: false, handlesAlerts: true, hasTouchScreen: false, javascriptEnabled: true, locationContextEnabled: true, mobileEmulationEnabled: false, nativeEvents: true, networkConnectionEnabled: false, pageLoadStrategy: normal, platform: XP, platformName: XP, rotatable: false, setWindowRect: true, takesHeapSnapshot: true, takesScreenshot: true, unexpectedAlertBehaviour: , unhandledPromptBehavior: , version: 68.0.3440.106, webStorageEnabled: true}
Session ID: 6f964713dea3677adab096020eced510
*** Element info: {Using=xpath, value=(//div[contains(text(),'08/24/2018')])[1]}
	at sun.reflect.NativeConstructorAccessorImpl.newInstance0(Native Method)
	at sun.reflect.NativeConstructorAccessorImpl.newInstance(Unknown Source)
	at sun.reflect.DelegatingConstructorAccessorImpl.newInstance(Unknown Source)
	at java.lang.reflect.Constructor.newInstance(Unknown Source)
	at org.openqa.selenium.remote.ErrorHandler.createThrowable(ErrorHandler.java:214)
	at org.openqa.selenium.remote.ErrorHandler.throwIfResponseFailed(ErrorHandler.java:166)
	at org.openqa.selenium.remote.http.JsonHttpResponseCodec.reconstructValue(JsonHttpResponseCodec.java:40)
	at org.openqa.selenium.remote.http.AbstractHttpResponseCodec.decode(AbstractHttpResponseCodec.java:80)
	at org.openqa.selenium.remote.http.AbstractHttpResponseCodec.decode(AbstractHttpResponseCodec.java:44)
	at org.openqa.selenium.remote.HttpCommandExecutor.execute(HttpCommandExecutor.java:158)
	at org.openqa.selenium.remote.service.DriverCommandExecutor.execute(DriverCommandExecutor.java:83)
	at org.openqa.selenium.remote.RemoteWebDriver.execute(RemoteWebDriver.java:545)
	at org.openqa.selenium.remote.RemoteWebDriver.findElement(RemoteWebDriver.java:319)
	at org.openqa.selenium.remote.RemoteWebDriver.findElementByXPath(RemoteWebDriver.java:421)
	at org.openqa.selenium.By$ByXPath.findElement(By.java:361)
	at org.openqa.selenium.remote.RemoteWebDriver.findElement(RemoteWebDriver.java:311)
	at org.drc.vat.StepDefinitions.FxManagement_DGI_Officer.user_click_on_search_icon_and_today_date_should_display(FxManagement_DGI_Officer.java:350)
	at ?.And User click on search icon and today date should display "08/24/2018"(features/FxManagement_DGI_Officer.feature:125)
</pre></pre></td>
                                                    </tr>
                                                    <tr>
                                                        <td>Sep 1, 2018 05:53:33 PM</td>
                                                        <td class='linked' test-id='69'>User is on FX Management Page.Validate the Pagination on the FX management page with historic data.Validate the Pagination on the FX management page with historic data.And user click on the page "btn_LastFX" and check page"btn_NextFX"</td>
                                                        <td><pre><pre>org.openqa.selenium.NoSuchElementException: no such element: Unable to locate element: {"method":"xpath","selector":"//button[contains(text(),'Last')]"}
  (Session info: chrome=68.0.3440.106)
  (Driver info: chromedriver=2.38.552522 (437e6fbedfa8762dec75e2c5b3ddb86763dc9dcb),platform=Windows NT 10.0.16299 x86_64) (WARNING: The server did not provide any stacktrace information)
Command duration or timeout: 0 milliseconds
For documentation on this error, please visit: http://seleniumhq.org/exceptions/no_such_element.html
Build info: version: '3.11.0', revision: 'e59cfb3', time: '2018-03-11T20:26:55.152Z'
System info: host: 'CS84-PC', ip: '192.168.194.2', os.name: 'Windows 10', os.arch: 'amd64', os.version: '10.0', java.version: '1.8.0_171'
Driver info: org.openqa.selenium.chrome.ChromeDriver
Capabilities {acceptInsecureCerts: false, acceptSslCerts: false, applicationCacheEnabled: false, browserConnectionEnabled: false, browserName: chrome, chrome: {chromedriverVersion: 2.38.552522 (437e6fbedfa876..., userDataDir: C:\Users\admin\AppData\Loca...}, cssSelectorsEnabled: true, databaseEnabled: false, handlesAlerts: true, hasTouchScreen: false, javascriptEnabled: true, locationContextEnabled: true, mobileEmulationEnabled: false, nativeEvents: true, networkConnectionEnabled: false, pageLoadStrategy: normal, platform: XP, platformName: XP, rotatable: false, setWindowRect: true, takesHeapSnapshot: true, takesScreenshot: true, unexpectedAlertBehaviour: , unhandledPromptBehavior: , version: 68.0.3440.106, webStorageEnabled: true}
Session ID: 6f964713dea3677adab096020eced510
*** Element info: {Using=xpath, value=//button[contains(text(),'Last')]}
	at sun.reflect.NativeConstructorAccessorImpl.newInstance0(Native Method)
	at sun.reflect.NativeConstructorAccessorImpl.newInstance(Unknown Source)
	at sun.reflect.DelegatingConstructorAccessorImpl.newInstance(Unknown Source)
	at java.lang.reflect.Constructor.newInstance(Unknown Source)
	at org.openqa.selenium.remote.ErrorHandler.createThrowable(ErrorHandler.java:214)
	at org.openqa.selenium.remote.ErrorHandler.throwIfResponseFailed(ErrorHandler.java:166)
	at org.openqa.selenium.remote.http.JsonHttpResponseCodec.reconstructValue(JsonHttpResponseCodec.java:40)
	at org.openqa.selenium.remote.http.AbstractHttpResponseCodec.decode(AbstractHttpResponseCodec.java:80)
	at org.openqa.selenium.remote.http.AbstractHttpResponseCodec.decode(AbstractHttpResponseCodec.java:44)
	at org.openqa.selenium.remote.HttpCommandExecutor.execute(HttpCommandExecutor.java:158)
	at org.openqa.selenium.remote.service.DriverCommandExecutor.execute(DriverCommandExecutor.java:83)
	at org.openqa.selenium.remote.RemoteWebDriver.execute(RemoteWebDriver.java:545)
	at org.openqa.selenium.remote.RemoteWebDriver.findElement(RemoteWebDriver.java:319)
	at org.openqa.selenium.remote.RemoteWebDriver.findElementByXPath(RemoteWebDriver.java:421)
	at org.openqa.selenium.By$ByXPath.findElement(By.java:361)
	at org.openqa.selenium.remote.RemoteWebDriver.findElement(RemoteWebDriver.java:311)
	at org.drc.vat.StepDefinitions.ManageVatRegistration.user_click_on_the_page_and_check_page(ManageVatRegistration.java:273)
	at ?.And user click on the page "btn_LastFX" and check page"btn_NextFX"(features/FxManagement_DGI_Officer.feature:145)
</pre></pre></td>
                                                    </tr>
                                                    <tr>
                                                        <td>Sep 1, 2018 05:53:49 PM</td>
                                                        <td class='linked' test-id='76'>User is on FX Management Page.Validate the Pagination on the FX management page with historic data.Validate the Pagination on the FX management page with historic data.And user click on the page "btn_LastFX" and check page"btn_PreviousFX"</td>
                                                        <td><pre><pre>org.openqa.selenium.NoSuchElementException: no such element: Unable to locate element: {"method":"xpath","selector":"//button[contains(text(),'Last')]"}
  (Session info: chrome=68.0.3440.106)
  (Driver info: chromedriver=2.38.552522 (437e6fbedfa8762dec75e2c5b3ddb86763dc9dcb),platform=Windows NT 10.0.16299 x86_64) (WARNING: The server did not provide any stacktrace information)
Command duration or timeout: 0 milliseconds
For documentation on this error, please visit: http://seleniumhq.org/exceptions/no_such_element.html
Build info: version: '3.11.0', revision: 'e59cfb3', time: '2018-03-11T20:26:55.152Z'
System info: host: 'CS84-PC', ip: '192.168.194.2', os.name: 'Windows 10', os.arch: 'amd64', os.version: '10.0', java.version: '1.8.0_171'
Driver info: org.openqa.selenium.chrome.ChromeDriver
Capabilities {acceptInsecureCerts: false, acceptSslCerts: false, applicationCacheEnabled: false, browserConnectionEnabled: false, browserName: chrome, chrome: {chromedriverVersion: 2.38.552522 (437e6fbedfa876..., userDataDir: C:\Users\admin\AppData\Loca...}, cssSelectorsEnabled: true, databaseEnabled: false, handlesAlerts: true, hasTouchScreen: false, javascriptEnabled: true, locationContextEnabled: true, mobileEmulationEnabled: false, nativeEvents: true, networkConnectionEnabled: false, pageLoadStrategy: normal, platform: XP, platformName: XP, rotatable: false, setWindowRect: true, takesHeapSnapshot: true, takesScreenshot: true, unexpectedAlertBehaviour: , unhandledPromptBehavior: , version: 68.0.3440.106, webStorageEnabled: true}
Session ID: 6f964713dea3677adab096020eced510
*** Element info: {Using=xpath, value=//button[contains(text(),'Last')]}
	at sun.reflect.NativeConstructorAccessorImpl.newInstance0(Native Method)
	at sun.reflect.NativeConstructorAccessorImpl.newInstance(Unknown Source)
	at sun.reflect.DelegatingConstructorAccessorImpl.newInstance(Unknown Source)
	at java.lang.reflect.Constructor.newInstance(Unknown Source)
	at org.openqa.selenium.remote.ErrorHandler.createThrowable(ErrorHandler.java:214)
	at org.openqa.selenium.remote.ErrorHandler.throwIfResponseFailed(ErrorHandler.java:166)
	at org.openqa.selenium.remote.http.JsonHttpResponseCodec.reconstructValue(JsonHttpResponseCodec.java:40)
	at org.openqa.selenium.remote.http.AbstractHttpResponseCodec.decode(AbstractHttpResponseCodec.java:80)
	at org.openqa.selenium.remote.http.AbstractHttpResponseCodec.decode(AbstractHttpResponseCodec.java:44)
	at org.openqa.selenium.remote.HttpCommandExecutor.execute(HttpCommandExecutor.java:158)
	at org.openqa.selenium.remote.service.DriverCommandExecutor.execute(DriverCommandExecutor.java:83)
	at org.openqa.selenium.remote.RemoteWebDriver.execute(RemoteWebDriver.java:545)
	at org.openqa.selenium.remote.RemoteWebDriver.findElement(RemoteWebDriver.java:319)
	at org.openqa.selenium.remote.RemoteWebDriver.findElementByXPath(RemoteWebDriver.java:421)
	at org.openqa.selenium.By$ByXPath.findElement(By.java:361)
	at org.openqa.selenium.remote.RemoteWebDriver.findElement(RemoteWebDriver.java:311)
	at org.drc.vat.StepDefinitions.ManageVatRegistration.user_click_on_the_page_and_check_page(ManageVatRegistration.java:273)
	at ?.And user click on the page "btn_LastFX" and check page"btn_PreviousFX"(features/FxManagement_DGI_Officer.feature:145)
</pre></pre></td>
                                                    </tr>
                                                    <tr>
                                                        <td>Sep 1, 2018 05:54:06 PM</td>
                                                        <td class='linked' test-id='83'>User is on FX Management Page.Validate the Pagination on the FX management page with historic data.Validate the Pagination on the FX management page with historic data.And user click on the page "btn_NextFX" and check page"btn_PreviousFX"</td>
                                                        <td><pre><pre>org.openqa.selenium.NoSuchElementException: no such element: Unable to locate element: {"method":"xpath","selector":"//*[@class="fa fa-caret-right"]"}
  (Session info: chrome=68.0.3440.106)
  (Driver info: chromedriver=2.38.552522 (437e6fbedfa8762dec75e2c5b3ddb86763dc9dcb),platform=Windows NT 10.0.16299 x86_64) (WARNING: The server did not provide any stacktrace information)
Command duration or timeout: 0 milliseconds
For documentation on this error, please visit: http://seleniumhq.org/exceptions/no_such_element.html
Build info: version: '3.11.0', revision: 'e59cfb3', time: '2018-03-11T20:26:55.152Z'
System info: host: 'CS84-PC', ip: '192.168.194.2', os.name: 'Windows 10', os.arch: 'amd64', os.version: '10.0', java.version: '1.8.0_171'
Driver info: org.openqa.selenium.chrome.ChromeDriver
Capabilities {acceptInsecureCerts: false, acceptSslCerts: false, applicationCacheEnabled: false, browserConnectionEnabled: false, browserName: chrome, chrome: {chromedriverVersion: 2.38.552522 (437e6fbedfa876..., userDataDir: C:\Users\admin\AppData\Loca...}, cssSelectorsEnabled: true, databaseEnabled: false, handlesAlerts: true, hasTouchScreen: false, javascriptEnabled: true, locationContextEnabled: true, mobileEmulationEnabled: false, nativeEvents: true, networkConnectionEnabled: false, pageLoadStrategy: normal, platform: XP, platformName: XP, rotatable: false, setWindowRect: true, takesHeapSnapshot: true, takesScreenshot: true, unexpectedAlertBehaviour: , unhandledPromptBehavior: , version: 68.0.3440.106, webStorageEnabled: true}
Session ID: 6f964713dea3677adab096020eced510
*** Element info: {Using=xpath, value=//*[@class="fa fa-caret-right"]}
	at sun.reflect.NativeConstructorAccessorImpl.newInstance0(Native Method)
	at sun.reflect.NativeConstructorAccessorImpl.newInstance(Unknown Source)
	at sun.reflect.DelegatingConstructorAccessorImpl.newInstance(Unknown Source)
	at java.lang.reflect.Constructor.newInstance(Unknown Source)
	at org.openqa.selenium.remote.ErrorHandler.createThrowable(ErrorHandler.java:214)
	at org.openqa.selenium.remote.ErrorHandler.throwIfResponseFailed(ErrorHandler.java:166)
	at org.openqa.selenium.remote.http.JsonHttpResponseCodec.reconstructValue(JsonHttpResponseCodec.java:40)
	at org.openqa.selenium.remote.http.AbstractHttpResponseCodec.decode(AbstractHttpResponseCodec.java:80)
	at org.openqa.selenium.remote.http.AbstractHttpResponseCodec.decode(AbstractHttpResponseCodec.java:44)
	at org.openqa.selenium.remote.HttpCommandExecutor.execute(HttpCommandExecutor.java:158)
	at org.openqa.selenium.remote.service.DriverCommandExecutor.execute(DriverCommandExecutor.java:83)
	at org.openqa.selenium.remote.RemoteWebDriver.execute(RemoteWebDriver.java:545)
	at org.openqa.selenium.remote.RemoteWebDriver.findElement(RemoteWebDriver.java:319)
	at org.openqa.selenium.remote.RemoteWebDriver.findElementByXPath(RemoteWebDriver.java:421)
	at org.openqa.selenium.By$ByXPath.findElement(By.java:361)
	at org.openqa.selenium.remote.RemoteWebDriver.findElement(RemoteWebDriver.java:311)
	at org.drc.vat.StepDefinitions.ManageVatRegistration.user_click_on_the_page_and_check_page(ManageVatRegistration.java:273)
	at ?.And user click on the page "btn_NextFX" and check page"btn_PreviousFX"(features/FxManagement_DGI_Officer.feature:145)
</pre></pre></td>
                                                    </tr>
                                                    <tr>
                                                        <td>Sep 1, 2018 05:54:22 PM</td>
                                                        <td class='linked' test-id='90'>User is on FX Management Page.Validate the Pagination on the FX management page with historic data.Validate the Pagination on the FX management page with historic data.And user click on the page "btn_NextFX" and check page"btn_FirstFX"</td>
                                                        <td><pre><pre>org.openqa.selenium.NoSuchElementException: no such element: Unable to locate element: {"method":"xpath","selector":"//*[@class="fa fa-caret-right"]"}
  (Session info: chrome=68.0.3440.106)
  (Driver info: chromedriver=2.38.552522 (437e6fbedfa8762dec75e2c5b3ddb86763dc9dcb),platform=Windows NT 10.0.16299 x86_64) (WARNING: The server did not provide any stacktrace information)
Command duration or timeout: 0 milliseconds
For documentation on this error, please visit: http://seleniumhq.org/exceptions/no_such_element.html
Build info: version: '3.11.0', revision: 'e59cfb3', time: '2018-03-11T20:26:55.152Z'
System info: host: 'CS84-PC', ip: '192.168.194.2', os.name: 'Windows 10', os.arch: 'amd64', os.version: '10.0', java.version: '1.8.0_171'
Driver info: org.openqa.selenium.chrome.ChromeDriver
Capabilities {acceptInsecureCerts: false, acceptSslCerts: false, applicationCacheEnabled: false, browserConnectionEnabled: false, browserName: chrome, chrome: {chromedriverVersion: 2.38.552522 (437e6fbedfa876..., userDataDir: C:\Users\admin\AppData\Loca...}, cssSelectorsEnabled: true, databaseEnabled: false, handlesAlerts: true, hasTouchScreen: false, javascriptEnabled: true, locationContextEnabled: true, mobileEmulationEnabled: false, nativeEvents: true, networkConnectionEnabled: false, pageLoadStrategy: normal, platform: XP, platformName: XP, rotatable: false, setWindowRect: true, takesHeapSnapshot: true, takesScreenshot: true, unexpectedAlertBehaviour: , unhandledPromptBehavior: , version: 68.0.3440.106, webStorageEnabled: true}
Session ID: 6f964713dea3677adab096020eced510
*** Element info: {Using=xpath, value=//*[@class="fa fa-caret-right"]}
	at sun.reflect.NativeConstructorAccessorImpl.newInstance0(Native Method)
	at sun.reflect.NativeConstructorAccessorImpl.newInstance(Unknown Source)
	at sun.reflect.DelegatingConstructorAccessorImpl.newInstance(Unknown Source)
	at java.lang.reflect.Constructor.newInstance(Unknown Source)
	at org.openqa.selenium.remote.ErrorHandler.createThrowable(ErrorHandler.java:214)
	at org.openqa.selenium.remote.ErrorHandler.throwIfResponseFailed(ErrorHandler.java:166)
	at org.openqa.selenium.remote.http.JsonHttpResponseCodec.reconstructValue(JsonHttpResponseCodec.java:40)
	at org.openqa.selenium.remote.http.AbstractHttpResponseCodec.decode(AbstractHttpResponseCodec.java:80)
	at org.openqa.selenium.remote.http.AbstractHttpResponseCodec.decode(AbstractHttpResponseCodec.java:44)
	at org.openqa.selenium.remote.HttpCommandExecutor.execute(HttpCommandExecutor.java:158)
	at org.openqa.selenium.remote.service.DriverCommandExecutor.execute(DriverCommandExecutor.java:83)
	at org.openqa.selenium.remote.RemoteWebDriver.execute(RemoteWebDriver.java:545)
	at org.openqa.selenium.remote.RemoteWebDriver.findElement(RemoteWebDriver.java:319)
	at org.openqa.selenium.remote.RemoteWebDriver.findElementByXPath(RemoteWebDriver.java:421)
	at org.openqa.selenium.By$ByXPath.findElement(By.java:361)
	at org.openqa.selenium.remote.RemoteWebDriver.findElement(RemoteWebDriver.java:311)
	at org.drc.vat.StepDefinitions.ManageVatRegistration.user_click_on_the_page_and_check_page(ManageVatRegistration.java:273)
	at ?.And user click on the page "btn_NextFX" and check page"btn_FirstFX"(features/FxManagement_DGI_Officer.feature:145)
</pre></pre></td>
                                                    </tr>
                                                    <tr>
                                                        <td>Sep 1, 2018 05:54:38 PM</td>
                                                        <td class='linked' test-id='97'>User is on FX Management Page.Validate the Pagination on the FX management page with historic data.Validate the Pagination on the FX management page with historic data.And user click on the page "btn_First1FX" and check page"btn_PreviousFX"</td>
                                                        <td><pre><pre>org.openqa.selenium.NoSuchElementException: no such element: Unable to locate element: {"method":"xpath","selector":"//button[contains(text(),'1')]"}
  (Session info: chrome=68.0.3440.106)
  (Driver info: chromedriver=2.38.552522 (437e6fbedfa8762dec75e2c5b3ddb86763dc9dcb),platform=Windows NT 10.0.16299 x86_64) (WARNING: The server did not provide any stacktrace information)
Command duration or timeout: 0 milliseconds
For documentation on this error, please visit: http://seleniumhq.org/exceptions/no_such_element.html
Build info: version: '3.11.0', revision: 'e59cfb3', time: '2018-03-11T20:26:55.152Z'
System info: host: 'CS84-PC', ip: '192.168.194.2', os.name: 'Windows 10', os.arch: 'amd64', os.version: '10.0', java.version: '1.8.0_171'
Driver info: org.openqa.selenium.chrome.ChromeDriver
Capabilities {acceptInsecureCerts: false, acceptSslCerts: false, applicationCacheEnabled: false, browserConnectionEnabled: false, browserName: chrome, chrome: {chromedriverVersion: 2.38.552522 (437e6fbedfa876..., userDataDir: C:\Users\admin\AppData\Loca...}, cssSelectorsEnabled: true, databaseEnabled: false, handlesAlerts: true, hasTouchScreen: false, javascriptEnabled: true, locationContextEnabled: true, mobileEmulationEnabled: false, nativeEvents: true, networkConnectionEnabled: false, pageLoadStrategy: normal, platform: XP, platformName: XP, rotatable: false, setWindowRect: true, takesHeapSnapshot: true, takesScreenshot: true, unexpectedAlertBehaviour: , unhandledPromptBehavior: , version: 68.0.3440.106, webStorageEnabled: true}
Session ID: 6f964713dea3677adab096020eced510
*** Element info: {Using=xpath, value=//button[contains(text(),'1')]}
	at sun.reflect.NativeConstructorAccessorImpl.newInstance0(Native Method)
	at sun.reflect.NativeConstructorAccessorImpl.newInstance(Unknown Source)
	at sun.reflect.DelegatingConstructorAccessorImpl.newInstance(Unknown Source)
	at java.lang.reflect.Constructor.newInstance(Unknown Source)
	at org.openqa.selenium.remote.ErrorHandler.createThrowable(ErrorHandler.java:214)
	at org.openqa.selenium.remote.ErrorHandler.throwIfResponseFailed(ErrorHandler.java:166)
	at org.openqa.selenium.remote.http.JsonHttpResponseCodec.reconstructValue(JsonHttpResponseCodec.java:40)
	at org.openqa.selenium.remote.http.AbstractHttpResponseCodec.decode(AbstractHttpResponseCodec.java:80)
	at org.openqa.selenium.remote.http.AbstractHttpResponseCodec.decode(AbstractHttpResponseCodec.java:44)
	at org.openqa.selenium.remote.HttpCommandExecutor.execute(HttpCommandExecutor.java:158)
	at org.openqa.selenium.remote.service.DriverCommandExecutor.execute(DriverCommandExecutor.java:83)
	at org.openqa.selenium.remote.RemoteWebDriver.execute(RemoteWebDriver.java:545)
	at org.openqa.selenium.remote.RemoteWebDriver.findElement(RemoteWebDriver.java:319)
	at org.openqa.selenium.remote.RemoteWebDriver.findElementByXPath(RemoteWebDriver.java:421)
	at org.openqa.selenium.By$ByXPath.findElement(By.java:361)
	at org.openqa.selenium.remote.RemoteWebDriver.findElement(RemoteWebDriver.java:311)
	at org.drc.vat.StepDefinitions.ManageVatRegistration.user_click_on_the_page_and_check_page(ManageVatRegistration.java:273)
	at ?.And user click on the page "btn_First1FX" and check page"btn_PreviousFX"(features/FxManagement_DGI_Officer.feature:145)
</pre></pre></td>
                                                    </tr>
                                                    <tr>
                                                        <td>Sep 1, 2018 05:54:54 PM</td>
                                                        <td class='linked' test-id='104'>User is on FX Management Page.Validate the Pagination on the FX management page with historic data.Validate the Pagination on the FX management page with historic data.And user click on the page "btn_First1FX" and check page"btn_FirstFX"</td>
                                                        <td><pre><pre>org.openqa.selenium.NoSuchElementException: no such element: Unable to locate element: {"method":"xpath","selector":"//button[contains(text(),'1')]"}
  (Session info: chrome=68.0.3440.106)
  (Driver info: chromedriver=2.38.552522 (437e6fbedfa8762dec75e2c5b3ddb86763dc9dcb),platform=Windows NT 10.0.16299 x86_64) (WARNING: The server did not provide any stacktrace information)
Command duration or timeout: 0 milliseconds
For documentation on this error, please visit: http://seleniumhq.org/exceptions/no_such_element.html
Build info: version: '3.11.0', revision: 'e59cfb3', time: '2018-03-11T20:26:55.152Z'
System info: host: 'CS84-PC', ip: '192.168.194.2', os.name: 'Windows 10', os.arch: 'amd64', os.version: '10.0', java.version: '1.8.0_171'
Driver info: org.openqa.selenium.chrome.ChromeDriver
Capabilities {acceptInsecureCerts: false, acceptSslCerts: false, applicationCacheEnabled: false, browserConnectionEnabled: false, browserName: chrome, chrome: {chromedriverVersion: 2.38.552522 (437e6fbedfa876..., userDataDir: C:\Users\admin\AppData\Loca...}, cssSelectorsEnabled: true, databaseEnabled: false, handlesAlerts: true, hasTouchScreen: false, javascriptEnabled: true, locationContextEnabled: true, mobileEmulationEnabled: false, nativeEvents: true, networkConnectionEnabled: false, pageLoadStrategy: normal, platform: XP, platformName: XP, rotatable: false, setWindowRect: true, takesHeapSnapshot: true, takesScreenshot: true, unexpectedAlertBehaviour: , unhandledPromptBehavior: , version: 68.0.3440.106, webStorageEnabled: true}
Session ID: 6f964713dea3677adab096020eced510
*** Element info: {Using=xpath, value=//button[contains(text(),'1')]}
	at sun.reflect.NativeConstructorAccessorImpl.newInstance0(Native Method)
	at sun.reflect.NativeConstructorAccessorImpl.newInstance(Unknown Source)
	at sun.reflect.DelegatingConstructorAccessorImpl.newInstance(Unknown Source)
	at java.lang.reflect.Constructor.newInstance(Unknown Source)
	at org.openqa.selenium.remote.ErrorHandler.createThrowable(ErrorHandler.java:214)
	at org.openqa.selenium.remote.ErrorHandler.throwIfResponseFailed(ErrorHandler.java:166)
	at org.openqa.selenium.remote.http.JsonHttpResponseCodec.reconstructValue(JsonHttpResponseCodec.java:40)
	at org.openqa.selenium.remote.http.AbstractHttpResponseCodec.decode(AbstractHttpResponseCodec.java:80)
	at org.openqa.selenium.remote.http.AbstractHttpResponseCodec.decode(AbstractHttpResponseCodec.java:44)
	at org.openqa.selenium.remote.HttpCommandExecutor.execute(HttpCommandExecutor.java:158)
	at org.openqa.selenium.remote.service.DriverCommandExecutor.execute(DriverCommandExecutor.java:83)
	at org.openqa.selenium.remote.RemoteWebDriver.execute(RemoteWebDriver.java:545)
	at org.openqa.selenium.remote.RemoteWebDriver.findElement(RemoteWebDriver.java:319)
	at org.openqa.selenium.remote.RemoteWebDriver.findElementByXPath(RemoteWebDriver.java:421)
	at org.openqa.selenium.By$ByXPath.findElement(By.java:361)
	at org.openqa.selenium.remote.RemoteWebDriver.findElement(RemoteWebDriver.java:311)
	at org.drc.vat.StepDefinitions.ManageVatRegistration.user_click_on_the_page_and_check_page(ManageVatRegistration.java:273)
	at ?.And user click on the page "btn_First1FX" and check page"btn_FirstFX"(features/FxManagement_DGI_Officer.feature:145)
</pre></pre></td>
                                                    </tr>
                                                    <tr>
                                                        <td>Sep 1, 2018 05:59:32 PM</td>
                                                        <td class='linked' test-id='149'>User is on FX Management Page.Validate the New Conversion Rate(approval rate) data when Admin has updated currency rates.Validate the New Conversion Rate(approval rate) data when Admin has updated currency rates.And verify the currency rates of New Conversion Rate which dgi admin has approved</td>
                                                        <td><pre><pre>org.openqa.selenium.NoSuchElementException: no such element: Unable to locate element: {"method":"xpath","selector":"//section/section[2]/div[2]/div"}
  (Session info: chrome=68.0.3440.106)
  (Driver info: chromedriver=2.38.552522 (437e6fbedfa8762dec75e2c5b3ddb86763dc9dcb),platform=Windows NT 10.0.16299 x86_64) (WARNING: The server did not provide any stacktrace information)
Command duration or timeout: 0 milliseconds
For documentation on this error, please visit: http://seleniumhq.org/exceptions/no_such_element.html
Build info: version: '3.11.0', revision: 'e59cfb3', time: '2018-03-11T20:26:55.152Z'
System info: host: 'CS84-PC', ip: '192.168.194.2', os.name: 'Windows 10', os.arch: 'amd64', os.version: '10.0', java.version: '1.8.0_171'
Driver info: org.openqa.selenium.chrome.ChromeDriver
Capabilities {acceptInsecureCerts: false, acceptSslCerts: false, applicationCacheEnabled: false, browserConnectionEnabled: false, browserName: chrome, chrome: {chromedriverVersion: 2.38.552522 (437e6fbedfa876..., userDataDir: C:\Users\admin\AppData\Loca...}, cssSelectorsEnabled: true, databaseEnabled: false, handlesAlerts: true, hasTouchScreen: false, javascriptEnabled: true, locationContextEnabled: true, mobileEmulationEnabled: false, nativeEvents: true, networkConnectionEnabled: false, pageLoadStrategy: normal, platform: XP, platformName: XP, rotatable: false, setWindowRect: true, takesHeapSnapshot: true, takesScreenshot: true, unexpectedAlertBehaviour: , unhandledPromptBehavior: , version: 68.0.3440.106, webStorageEnabled: true}
Session ID: e2279f4fcc4c547e9d622a588ef44957
*** Element info: {Using=xpath, value=//section/section[2]/div[2]/div}
	at sun.reflect.NativeConstructorAccessorImpl.newInstance0(Native Method)
	at sun.reflect.NativeConstructorAccessorImpl.newInstance(Unknown Source)
	at sun.reflect.DelegatingConstructorAccessorImpl.newInstance(Unknown Source)
	at java.lang.reflect.Constructor.newInstance(Unknown Source)
	at org.openqa.selenium.remote.ErrorHandler.createThrowable(ErrorHandler.java:214)
	at org.openqa.selenium.remote.ErrorHandler.throwIfResponseFailed(ErrorHandler.java:166)
	at org.openqa.selenium.remote.http.JsonHttpResponseCodec.reconstructValue(JsonHttpResponseCodec.java:40)
	at org.openqa.selenium.remote.http.AbstractHttpResponseCodec.decode(AbstractHttpResponseCodec.java:80)
	at org.openqa.selenium.remote.http.AbstractHttpResponseCodec.decode(AbstractHttpResponseCodec.java:44)
	at org.openqa.selenium.remote.HttpCommandExecutor.execute(HttpCommandExecutor.java:158)
	at org.openqa.selenium.remote.service.DriverCommandExecutor.execute(DriverCommandExecutor.java:83)
	at org.openqa.selenium.remote.RemoteWebDriver.execute(RemoteWebDriver.java:545)
	at org.openqa.selenium.remote.RemoteWebDriver.findElement(RemoteWebDriver.java:319)
	at org.openqa.selenium.remote.RemoteWebDriver.findElementByXPath(RemoteWebDriver.java:421)
	at org.openqa.selenium.By$ByXPath.findElement(By.java:361)
	at org.openqa.selenium.remote.RemoteWebDriver.findElement(RemoteWebDriver.java:311)
	at org.drc.vat.StepDefinitions.FxManagement_DGI_Officer.verify_the_currency_rates_of_New_Conversion_Rate_which_dgi_admin_has_approved(FxManagement_DGI_Officer.java:830)
	at ?.And verify the currency rates of New Conversion Rate which dgi admin has approved(features/FxManagement_DGI_Officer.feature:216)
</pre></pre></td>
                                                    </tr>
                                        </tbody>
                                    </table>
                                </div>
                            </div>
                        </li>
                </ul>
        </div>
    </div>

    <div class='subview-right left'>
        <div class='view-summary'>
            <h5 class='exception-name'></h5>
        </div>
    </div>
</div>
<!-- exception view -->
<div id='dashboard-view' class='view hide'>
	<div class='card-panel transparent np-v'>
		<h5>Dashboard</h5>

		<div class='row'>
			<div class='col s2'>
				<div class='card-panel r'>
					Features
					<div class='panel-lead'>1</div>
				</div>
			</div>
			<div class='col s2'>
				<div class='card-panel r'>
					Scenarios
					<div class='panel-lead'>18</div>
				</div>
			</div>
			<div class='col s2'>
				<div class='card-panel r'>
					Steps
					<div class='panel-lead'>133</div>
				</div>
			</div>
			<div class='col s2'>
				<div class='card-panel r'>
					Start
					<div class='panel-lead'>Sep 1, 2018 05:51:06 PM</div>
				</div>
			</div>
			<div class='col s2'>
				<div class='card-panel r'>
			 		End
			 		<div class='panel-lead'>Sep 1, 2018 05:59:34 PM</div>
				</div>
			</div>
			<div class='col s2'>
				<div class='card-panel r'>
					Time Taken
					<div class='panel-lead'>0h 8m 28s+398ms</div>
				</div>
			</div>
			<div class='col s6'>
				<div class='card-panel dashboard-categories'>
					<span class='right label cyan white-text'>Categories</span><p>&nbsp;</p>
					
					<table>
						<tr>
							<th>Name</th>
							<th>Passed</th>
							<th>Failed</th>
							<th>Others</th>
							<th>Passed %</th>
						</tr>
						<tr>
							<td>@TC_001</td>
							<td>1</td>
							<td>0</td>
							<td>0</td>
							<td>
									100%
							</td>
						</tr>
						<tr>
							<td>@TC_03</td>
							<td>0</td>
							<td>1</td>
							<td>0</td>
							<td>
									0%
							</td>
						</tr>
						<tr>
							<td>@TC_04</td>
							<td>1</td>
							<td>0</td>
							<td>0</td>
							<td>
									100%
							</td>
						</tr>
						<tr>
							<td>@TC_06</td>
							<td>0</td>
							<td>1</td>
							<td>0</td>
							<td>
									0%
							</td>
						</tr>
						<tr>
							<td>@TC_07</td>
							<td>0</td>
							<td>1</td>
							<td>0</td>
							<td>
									0%
							</td>
						</tr>
						<tr>
							<td>@TC_08</td>
							<td>0</td>
							<td>1</td>
							<td>0</td>
							<td>
									0%
							</td>
						</tr>
						<tr>
							<td>@TC_09</td>
							<td>0</td>
							<td>6</td>
							<td>0</td>
							<td>
									0%
							</td>
						</tr>
						<tr>
							<td>@TC_10</td>
							<td>0</td>
							<td>1</td>
							<td>0</td>
							<td>
									0%
							</td>
						</tr>
						<tr>
							<td>@TC_11</td>
							<td>0</td>
							<td>1</td>
							<td>0</td>
							<td>
									0%
							</td>
						</tr>
						<tr>
							<td>@TC_12</td>
							<td>0</td>
							<td>1</td>
							<td>0</td>
							<td>
									0%
							</td>
						</tr>
						<tr>
							<td>@TC_13</td>
							<td>0</td>
							<td>1</td>
							<td>0</td>
							<td>
									0%
							</td>
						</tr>
						<tr>
							<td>@TC_14</td>
							<td>0</td>
							<td>0</td>
							<td>1</td>
							<td>
									0%
							</td>
						</tr>
						<tr>
							<td>@TC_16</td>
							<td>0</td>
							<td>0</td>
							<td>1</td>
							<td>
									0%
							</td>
						</tr>
					</table>
				</div>
			</div>
		</div>
	</div>
</div>
<!-- dashboard view -->
<!-- testrunner-logs view -->
		</div>
		<!-- container -->

		<script>
			var statusGroup = {
				passParent: 0,
				failParent: 1,
				fatalParent: 0,
				errorParent: 0,
				warningParent: 0,
				skipParent: 0,
				exceptionsParent: 1,
				
				passChild: 2,
				failChild: 14,
				fatalChild: 0,
				errorChild: 0,
				warningChild: 0,
				skipChild: 2,
				infoChild: 0,
				exceptionsChild: 16,
				
				passGrandChild: 71,
				failGrandChild: 14,
				fatalGrandChild: 0,
				errorGrandChild: 0,
				warningGrandChild: 0,
				skipGrandChild: 48,
				infoGrandChild: 0,
				exceptionsGrandChild: 62,
			};
		</script>
		
			<script src='https://cdn.rawgit.com/anshooarora/extentreports-java/fca20fb7653aade98810546ab96a2a4360e3e712/dist/js/extent.js' type='text/javascript'></script>
		
		
 		<script type='text/javascript'>
 		</script>
	</body>
	
</html>
