
<!DOCTYPE html>
<html>


<head>
	<meta charset='utf-8' /> 
	<meta name='description' content='' />
	<meta name='robots' content='noodp, noydir' />
	<meta name='viewport' content='width=device-width, initial-scale=1' />
	<meta id="timeStampFormat" name="timeStampFormat" content='MMM d, yyyy hh:mm:ss a'/>
	
	<link href='https://fonts.googleapis.com/css?family=Source+Sans+Pro:400,600' rel='stylesheet' type='text/css' />
	<link href="https://fonts.googleapis.com/icon?family=Material+Icons" rel="stylesheet" />

		<link href='https://cdn.rawgit.com/anshooarora/extentreports-java/b4a58fcfd1e137bd9287244035a7c80d3d73b3af/dist/css/extent.css' type='text/css' rel='stylesheet' />
	
	<title>ExtentReports</title>

	<style type='text/css'>
	</style>
</head>

	<body class='extent standard default hide-overflow bdd-report'>
		<div id='theme-selector' alt='Click to toggle theme. To enable by default, use theme configuration.' title='Click to toggle theme. To enable by default, use theme configuration.'>
			<span><i class='material-icons'>desktop_windows</i></span>
		</div>

<nav>
	<div class="nav-wrapper">
		<a href="#!" class="brand-logo blue darken-3">Extent</a>

		<!-- slideout menu -->
		<ul id='slide-out' class='side-nav fixed hide-on-med-and-down'>
			<li class='waves-effect active'><a href='#!' view='test-view' onclick="configureView(0);chartsView('test');"><i class='material-icons'>dashboard</i></a></li>
						<li class='waves-effect'><a href='#!' view='category-view' onclick="configureView(1)"><i class='material-icons'>label_outline</i></a></li>
			<li class='waves-effect'><a href='#!' view='exception-view' onclick="configureView(2)"><i class='material-icons'>bug_report</i></a></li>
			<li class='waves-effect'><a href='#!' onclick="configureView(-1);chartsView('dashboard');" view='dashboard-view'><i class='material-icons'>track_changes</i></i></a></li>
		</ul>

		<!-- report name -->
		<span class='report-name'>ExtentReports</span>
		
		<!-- report headline -->
		<span class='report-headline'></span>

		<!-- nav-right -->
		<ul id='nav-mobile' class='right hide-on-med-and-down nav-right'>
			<li>
                <a href='#!'>
                    <span class='label suite-start-time blue darken-3'>Aug 24, 2018 06:19:28 PM</span>
				</a>
			</li>
			<li>
                <a href='#!'>
                    <span class='label blue darken-3'>3.1.5</span>
				</a>
			</li>
		</ul>
	</div>
</nav>

		<!-- container -->
		<div class='container'>

<div id='test-view' class='view'>
				
	<section id='controls'>
		<div class='controls grey lighten-4'>
			<!-- test toggle -->
			<div class='chip transparent'>
				<a class='dropdown-button tests-toggle' data-activates='tests-toggle' data-constrainwidth='true' data-beloworigin='true' data-hover='true' href='#'>
					<i class='material-icons'>warning</i> Status
				</a>
				<ul id='tests-toggle' class='dropdown-content'>
											<li status='pass'><a href='#!'>Pass <i class='material-icons green-text'>check_circle</i></a></li>
						<li status='fail'><a href='#!'>Fail <i class='material-icons red-text'>cancel</i></a></li>
						<li status='skip'><a href='#!'>Skip <i class='material-icons cyan-text'>redo</i></a></li>
					<li class='divider'></li>
					<li status='clear' clear='true'><a href='#!'>Clear Filters <i class='material-icons'>clear</i></a></li>
				</ul>
			</div>
			<!-- test toggle -->

			<!-- category toggle -->
			<div class='chip transparent'>
				<a class='dropdown-button category-toggle' data-activates='category-toggle' data-constrainwidth='false' data-beloworigin='true' data-hover='true' href='#'>
					<i class='material-icons'>local_offer</i> Category
				</a>
				<ul id='category-toggle' class='dropdown-content'>
					<li><a href='#'>@TaxPayerPortal</a></li>
					<li><a href='#'>@PasswordPolicy</a></li>
					<li><a href='#'>@Password</a></li>
					<li><a href='#'>@ConfirmPassword</a></li>
					<li><a href='#'>@PWP_TC_01</a></li>
					<li><a href='#'>@PWP_TC_02</a></li>
					<li><a href='#'>@Link</a></li>
					<li><a href='#'>@ForgotPassort</a></li>
					<li><a href='#'>@PWP_TC_03</a></li>
					<li><a href='#'>@ResetPassword</a></li>
					<li><a href='#'>@PWP_TC_04</a></li>
					<li><a href='#'>@Email-ID</a></li>
					<li><a href='#'>@MobileNumber</a></li>
					<li><a href='#'>@Hold</a></li>
					<li><a href='#'>@PWP_TC_05</a></li>
					<li><a href='#'>@PWP_TC_06</a></li>
					<li><a href='#'>@PWP_TC_07</a></li>
					<li><a href='#'>@PWP_TC_08</a></li>
					<li><a href='#'>@PWP_TC_09</a></li>
					<li><a href='#'>@PWP_TC_10</a></li>
					<li class='divider'></li>
					<li class='clear'><a href='#!' clear='true'>Clear Filters</a></li>
				</ul>
			</div>
			<!-- category toggle -->

			<!-- clear filters -->
			<div class='chip transparent hide'>
				<a class='' id='clear-filters' alt='Clear Filters' title='Clear Filters'>
					<i class='material-icons'>close</i> Clear
				</a>
			</div>
			<!-- clear filters -->

			<!-- enable dashboard -->
			<div id='toggle-test-view-charts' class='chip transparent'>
				<a class='pink-text' id='enable-dashboard' alt='Enable Dashboard' title='Enable Dashboard'>
					<i class='material-icons'>track_changes</i> Dashboard
				</a>
			</div>
			<!-- enable dashboard -->

			<!-- search -->
			<div class='chip transparent' alt='Search Tests' title='Search Tests'>
				<a href="#" class='search-div'>
					<i class='material-icons'>search</i> Search
				</a>

				<div class='input-field left hide'>
					<input id='search-tests' type='text' class='validate browser-default' placeholder='Search Tests...'>
				</div>
				
			</div>
			<!-- search -->
		</div>
	</section>


<div id='test-view-charts' class='subview-full'>
	<div id='charts-row' class='row nm-v nm-h'>
		<div class='col s12 m4 l4 np-h'>
			<div class='card-panel nm-v'>
				<div class='left panel-name'>Features</div>
				<div class='chart-box'>
					<canvas id='parent-analysis' width='100' height='80'></canvas>
				</div>
				<div class='block text-small'>
					<span class='tooltipped' data-position='top' data-tooltip='0%'><span class='strong'>0</span> feature(s) passed</span>
				</div>
				<div class='block text-small'>
					<span class='strong tooltipped' data-position='top' data-tooltip='100%'>1</span> feature(s) failed, <span class='strong tooltipped' data-position='top' data-tooltip='0%'>0</span> others
				</div>
			</div>
		</div>
		
		<div class='col s12 m4 l4 np-h'>
			<div class='card-panel nm-v'>
				<div class='left panel-name'>Scenarios</div>
				<div class='chart-box'>
					<canvas id='child-analysis' width='100' height='80'></canvas>
				</div>
				<div class='block text-small'>
					<span class='tooltipped' data-position='top' data-tooltip='0%'><span class='strong'>0</span> scenario(s) passed</span>
				</div>
				<div class='block text-small'>
					<span class='strong tooltipped' data-position='top' data-tooltip='100%'>10</span> scenario(s) failed, <span class='strong tooltipped' data-position='top' data-tooltip='0%'>0</span> others
				</div>
			</div>
		</div>
		
		<div class='col s12 m4 l4 np-h'>
			<div class='card-panel nm-v'>
				<div class='left panel-name'>Steps</div>
				<div class='chart-box'>
					<canvas id='grandchild-analysis' width='100' height='80'></canvas>
				</div>
				<div class='block text-small'>
					<span class='tooltipped' data-position='top' data-tooltip='3.077%'><span class='strong'>6</span> step(s) passed</span>
				</div>
				<div class='block text-small'>
					<span class='strong tooltipped' data-position='top' data-tooltip='5.128%'>10</span> step(s) failed, <span class='strong tooltipped' data-position='top' data-tooltip='91.795%'>179</span> others
				</div>
			</div>
		</div>
	</div>
</div>

	<div class='subview-left left'>
		
		<div class='view-summary'>
			<h5>Features</h5>
			<ul id='test-collection' class='test-collection'>
				
				
				<li class='test displayed active has-leaf fail' status='fail' bdd='true' test-id='1'>
					<div class='test-heading'>
						<span class='test-name'>Password Policy for TaxPayer Portal</span>
						<span class='test-time'>Aug 24, 2018 06:19:29 PM</span>
						<span class='test-status right fail'>fail</span>
					</div>
					<div class='test-content hide'>
<div class='scenariooutline node' test-id='2' status='fail'>
	<span class='duration right label'>0h 0m 5s+352ms</span>
	<div class='desc'>
		<b>ScenarioOutline</b>
		<span class="desc-text">Verify the password hint display on create password screen</span>
	</div>
	<ul class='steps'>
		<li test-id='3' class='node scenario fail' status='fail'>
			<div class='category-list'>
				<span class='category label white-text'>@TaxPayerPortal</span>
				<span class='category label white-text'>@Password</span>
				<span class='category label white-text'>@ConfirmPassword</span>
				<span class='category label white-text'>@PWP_TC_01</span>
				<span class='category label white-text'>@PasswordPolicy</span>
			</div>
			
			<b>Scenario</b>
			
			<span class="bdd-step-name">Verify the password hint display on create password screen</span>
			
				<ul class='steps'>
					<li test-id='4' class='node given fail' status='fail'><b>Given</b>
						<span class="bdd-step-name">Given The user is on TaxPayer portal Registeration page for registration"DRC_ATC_TaxPayerPortalPasswordPolicy_01"|"Verify the password hint display on create password screen"</span>
							<div class='pre'><pre>org.openqa.selenium.NoSuchElementException: no such element: Unable to locate element: {"method":"xpath","selector":"null//h2"}
  (Session info: chrome=68.0.3440.106)
  (Driver info: chromedriver=2.38.552522 (437e6fbedfa8762dec75e2c5b3ddb86763dc9dcb),platform=Windows NT 10.0.16299 x86_64) (WARNING: The server did not provide any stacktrace information)
Command duration or timeout: 0 milliseconds
For documentation on this error, please visit: http://seleniumhq.org/exceptions/no_such_element.html
Build info: version: '3.11.0', revision: 'e59cfb3', time: '2018-03-11T20:26:55.152Z'
System info: host: 'CS60-PC', ip: '172.31.192.1', os.name: 'Windows 10', os.arch: 'amd64', os.version: '10.0', java.version: '1.8.0_171'
Driver info: org.openqa.selenium.chrome.ChromeDriver
Capabilities {acceptInsecureCerts: false, acceptSslCerts: false, applicationCacheEnabled: false, browserConnectionEnabled: false, browserName: chrome, chrome: {chromedriverVersion: 2.38.552522 (437e6fbedfa876..., userDataDir: C:\Users\admin\AppData\Loca...}, cssSelectorsEnabled: true, databaseEnabled: false, handlesAlerts: true, hasTouchScreen: false, javascriptEnabled: true, locationContextEnabled: true, mobileEmulationEnabled: false, nativeEvents: true, networkConnectionEnabled: false, pageLoadStrategy: normal, platform: XP, platformName: XP, rotatable: false, setWindowRect: true, takesHeapSnapshot: true, takesScreenshot: true, unexpectedAlertBehaviour: , unhandledPromptBehavior: , version: 68.0.3440.106, webStorageEnabled: true}
Session ID: fc2aa24821e921070dfcf4c93c45a240
*** Element info: {Using=xpath, value=null//h2}
	at sun.reflect.NativeConstructorAccessorImpl.newInstance0(Native Method)
	at sun.reflect.NativeConstructorAccessorImpl.newInstance(NativeConstructorAccessorImpl.java:62)
	at sun.reflect.DelegatingConstructorAccessorImpl.newInstance(DelegatingConstructorAccessorImpl.java:45)
	at java.lang.reflect.Constructor.newInstance(Constructor.java:423)
	at org.openqa.selenium.remote.ErrorHandler.createThrowable(ErrorHandler.java:214)
	at org.openqa.selenium.remote.ErrorHandler.throwIfResponseFailed(ErrorHandler.java:166)
	at org.openqa.selenium.remote.http.JsonHttpResponseCodec.reconstructValue(JsonHttpResponseCodec.java:40)
	at org.openqa.selenium.remote.http.AbstractHttpResponseCodec.decode(AbstractHttpResponseCodec.java:80)
	at org.openqa.selenium.remote.http.AbstractHttpResponseCodec.decode(AbstractHttpResponseCodec.java:44)
	at org.openqa.selenium.remote.HttpCommandExecutor.execute(HttpCommandExecutor.java:158)
	at org.openqa.selenium.remote.service.DriverCommandExecutor.execute(DriverCommandExecutor.java:83)
	at org.openqa.selenium.remote.RemoteWebDriver.execute(RemoteWebDriver.java:545)
	at org.openqa.selenium.remote.RemoteWebDriver.findElement(RemoteWebDriver.java:319)
	at org.openqa.selenium.remote.RemoteWebDriver.findElementByXPath(RemoteWebDriver.java:421)
	at org.openqa.selenium.By$ByXPath.findElement(By.java:361)
	at org.openqa.selenium.remote.RemoteWebDriver.findElement(RemoteWebDriver.java:311)
	at org.drc.vat.appmanager.HelperBase.elementText(HelperBase.java:199)
	at org.drc.vat.StepDefinitions.PasswordPolicyTaxpayerPortal.the_user_is_on_TaxPayer_portal_Registeration_page_for_registration(PasswordPolicyTaxpayerPortal.java:26)
	at ?.Given The user is on TaxPayer portal Registeration page for registration"DRC_ATC_TaxPayerPortalPasswordPolicy_01"|"Verify the password hint display on create password screen"(features/PasswordPolicyTaxpayerPortal.feature:24)
</pre></div>
					</li>
					<li test-id='5' class='node when skip' status='skip'><b>When</b>
						<span class="bdd-step-name">When user Enters valid details in fields FullName"Goe Gerrick"Email"goe@fmail.com"MobileNumber"6959874523"</span>
							<div class='pre'>skipped</div>
					</li>
					<li test-id='6' class='node when skip' status='skip'><b>When</b>
						<span class="bdd-step-name">When user enters password"abcde"confirm"Abcdef"</span>
							<div class='pre'>skipped</div>
					</li>
					<li test-id='7' class='node then skip' status='skip'><b>Then</b>
						<span class="bdd-step-name">Then Message should be displayed "Password should at least be 6 characters long!" for Password field"Mismatch Password and Confirm Password!" for Confirm Password field</span>
						<ul class='screenshots right'>
							<li><a data-featherlight="image" href="F:\PROJECT-1\DRC\Automation\drc_vat\DRC_VAT\test-output\Fri Aug 24\screenshots\Verify the password hint display on create password screen_181929.png"><i class='material-icons'>panorama</i></a></li>
						</ul>
							<div class='pre'>skipped</div>
					</li>
				</ul>
		</li>
	</ul>
</div>
<div class='scenariooutline node' test-id='8' status='fail'>
	<span class='duration right label'>0h 1m 0s+599ms</span>
	<div class='desc'>
		<b>ScenarioOutline</b>
		<span class="desc-text">Validate the Register button with all combination</span>
	</div>
	<ul class='steps'>
		<li test-id='9' class='node scenario fail' status='fail'>
			<div class='category-list'>
				<span class='category label white-text'>@TaxPayerPortal</span>
				<span class='category label white-text'>@Password</span>
				<span class='category label white-text'>@ConfirmPassword</span>
				<span class='category label white-text'>@PasswordPolicy</span>
				<span class='category label white-text'>@PWP_TC_02</span>
			</div>
			
			<b>Scenario</b>
			
			<span class="bdd-step-name">Validate the Register button with all combination</span>
			
				<ul class='steps'>
					<li test-id='10' class='node given fail' status='fail'><b>Given</b>
						<span class="bdd-step-name">Given The user is on TaxPayer portal Registeration page for registration"DRC_ATC_TaxPayerPortalPasswordPolicy_02"|"Validate the Register button with all combination in password field"</span>
							<div class='pre'><pre>org.openqa.selenium.TimeoutException: Expected condition failed: waiting for element to be clickable: By.xpath: //a[(text()='Register')] (tried for 60 second(s) with 500 milliseconds interval)
	at org.openqa.selenium.support.ui.WebDriverWait.timeoutException(WebDriverWait.java:81)
	at org.openqa.selenium.support.ui.FluentWait.until(FluentWait.java:271)
	at org.drc.vat.appmanager.HelperBase.clickOn(HelperBase.java:78)
	at org.drc.vat.StepDefinitions.PasswordPolicyTaxpayerPortal.the_user_is_on_TaxPayer_portal_Registeration_page_for_registration(PasswordPolicyTaxpayerPortal.java:25)
	at ?.Given The user is on TaxPayer portal Registeration page for registration"DRC_ATC_TaxPayerPortalPasswordPolicy_02"|"Validate the Register button with all combination in password field"(features/PasswordPolicyTaxpayerPortal.feature:35)
Caused by: org.openqa.selenium.NoSuchElementException: Cannot locate an element using By.xpath: //a[(text()='Register')]
For documentation on this error, please visit: http://seleniumhq.org/exceptions/no_such_element.html
Build info: version: '3.11.0', revision: 'e59cfb3', time: '2018-03-11T20:26:55.152Z'
System info: host: 'CS60-PC', ip: '172.31.192.1', os.name: 'Windows 10', os.arch: 'amd64', os.version: '10.0', java.version: '1.8.0_171'
Driver info: driver.version: unknown
	at org.openqa.selenium.support.ui.ExpectedConditions.lambda$findElement$0(ExpectedConditions.java:896)
	at java.util.Optional.orElseThrow(Optional.java:290)
	at org.openqa.selenium.support.ui.ExpectedConditions.findElement(ExpectedConditions.java:895)
	at org.openqa.selenium.support.ui.ExpectedConditions.access$000(ExpectedConditions.java:44)
	at org.openqa.selenium.support.ui.ExpectedConditions$7.apply(ExpectedConditions.java:206)
	at org.openqa.selenium.support.ui.ExpectedConditions$7.apply(ExpectedConditions.java:202)
	at org.openqa.selenium.support.ui.ExpectedConditions$22.apply(ExpectedConditions.java:657)
	at org.openqa.selenium.support.ui.ExpectedConditions$22.apply(ExpectedConditions.java:654)
	at org.openqa.selenium.support.ui.FluentWait.until(FluentWait.java:248)
	at org.drc.vat.appmanager.HelperBase.clickOn(HelperBase.java:78)
	at org.drc.vat.StepDefinitions.PasswordPolicyTaxpayerPortal.the_user_is_on_TaxPayer_portal_Registeration_page_for_registration(PasswordPolicyTaxpayerPortal.java:25)
	at sun.reflect.NativeMethodAccessorImpl.invoke0(Native Method)
	at sun.reflect.NativeMethodAccessorImpl.invoke(NativeMethodAccessorImpl.java:62)
	at sun.reflect.DelegatingMethodAccessorImpl.invoke(DelegatingMethodAccessorImpl.java:43)
	at java.lang.reflect.Method.invoke(Method.java:498)
	at cucumber.runtime.Utils$1.call(Utils.java:40)
	at cucumber.runtime.Timeout.timeout(Timeout.java:16)
	at cucumber.runtime.Utils.invoke(Utils.java:34)
	at cucumber.runtime.java.JavaStepDefinition.execute(JavaStepDefinition.java:38)
	at cucumber.runtime.StepDefinitionMatch.runStep(StepDefinitionMatch.java:37)
	at cucumber.runtime.Runtime.runStep(Runtime.java:300)
	at cucumber.runtime.model.StepContainer.runStep(StepContainer.java:44)
	at cucumber.runtime.model.StepContainer.runSteps(StepContainer.java:39)
	at cucumber.runtime.model.CucumberScenario.run(CucumberScenario.java:44)
	at cucumber.runtime.model.CucumberScenarioOutline.run(CucumberScenarioOutline.java:46)
	at cucumber.runtime.model.CucumberFeature.run(CucumberFeature.java:165)
	at cucumber.api.testng.TestNGCucumberRunner.runCucumber(TestNGCucumberRunner.java:63)
	at cucumber.api.testng.AbstractTestNGCucumberTests.feature(AbstractTestNGCucumberTests.java:21)
	at sun.reflect.NativeMethodAccessorImpl.invoke0(Native Method)
	at sun.reflect.NativeMethodAccessorImpl.invoke(NativeMethodAccessorImpl.java:62)
	at sun.reflect.DelegatingMethodAccessorImpl.invoke(DelegatingMethodAccessorImpl.java:43)
	at java.lang.reflect.Method.invoke(Method.java:498)
	at org.testng.internal.MethodInvocationHelper.invokeMethod(MethodInvocationHelper.java:86)
	at org.testng.internal.Invoker.invokeMethod(Invoker.java:643)
	at org.testng.internal.Invoker.invokeTestMethod(Invoker.java:820)
	at org.testng.internal.Invoker.invokeTestMethods(Invoker.java:1128)
	at org.testng.internal.TestMethodWorker.invokeTestMethods(TestMethodWorker.java:129)
	at org.testng.internal.TestMethodWorker.run(TestMethodWorker.java:112)
	at org.testng.TestRunner.privateRun(TestRunner.java:782)
	at org.testng.TestRunner.run(TestRunner.java:632)
	at org.testng.SuiteRunner.runTest(SuiteRunner.java:366)
	at org.testng.SuiteRunner.runSequentially(SuiteRunner.java:361)
	at org.testng.SuiteRunner.privateRun(SuiteRunner.java:319)
	at org.testng.SuiteRunner.run(SuiteRunner.java:268)
	at org.testng.SuiteRunnerWorker.runSuite(SuiteRunnerWorker.java:52)
	at org.testng.SuiteRunnerWorker.run(SuiteRunnerWorker.java:86)
	at org.testng.TestNG.runSuitesSequentially(TestNG.java:1244)
	at org.testng.TestNG.runSuitesLocally(TestNG.java:1169)
	at org.testng.TestNG.run(TestNG.java:1064)
	at org.testng.remote.AbstractRemoteTestNG.run(AbstractRemoteTestNG.java:114)
	at org.testng.remote.RemoteTestNG.initAndRun(RemoteTestNG.java:251)
	at org.testng.remote.RemoteTestNG.main(RemoteTestNG.java:77)
</pre></div>
					</li>
					<li test-id='11' class='node when skip' status='skip'><b>When</b>
						<span class="bdd-step-name">When user Enters valid details in fields FullName"Goe Gerrick"Email"goe@fmail.com"MobileNumber"6959874523"</span>
							<div class='pre'>skipped</div>
					</li>
					<li test-id='12' class='node and skip' status='skip'><b>And</b>
						<span class="bdd-step-name">And Password"abcdefgh"Confirm Password"abcdefgh"</span>
							<div class='pre'>skipped</div>
					</li>
					<li test-id='13' class='node then skip' status='skip'><b>Then</b>
						<span class="bdd-step-name">Then Message should be displayed "Password must between 6 to 20 alpha numerical values with one capital and special characters."</span>
							<div class='pre'>skipped</div>
					</li>
					<li test-id='14' class='node then skip' status='skip'><b>Then</b>
						<span class="bdd-step-name">Then click on Register Button</span>
							<div class='pre'>skipped</div>
					</li>
					<li test-id='15' class='node when skip' status='skip'><b>When</b>
						<span class="bdd-step-name">When user Enters valid details in fields FullName"Goe Gerrick"Email"goe@fmail.com"MobileNumber"6959874523"</span>
							<div class='pre'>skipped</div>
					</li>
					<li test-id='16' class='node and skip' status='skip'><b>And</b>
						<span class="bdd-step-name">And Password"/*-+()*&"Confirm Password"/*-+()*&"</span>
							<div class='pre'>skipped</div>
					</li>
					<li test-id='17' class='node then skip' status='skip'><b>Then</b>
						<span class="bdd-step-name">Then Message should be displayed "Password must between 6 to 20 alpha numerical values with one capital and special characters."</span>
							<div class='pre'>skipped</div>
					</li>
					<li test-id='18' class='node then skip' status='skip'><b>Then</b>
						<span class="bdd-step-name">Then click on Register Button</span>
							<div class='pre'>skipped</div>
					</li>
					<li test-id='19' class='node when skip' status='skip'><b>When</b>
						<span class="bdd-step-name">When user Enters valid details in fields FullName"Goe Gerrick"Email"goe@fmail.com"MobileNumber"6959874523"</span>
							<div class='pre'>skipped</div>
					</li>
					<li test-id='20' class='node and skip' status='skip'><b>And</b>
						<span class="bdd-step-name">And Password"12345678"Confirm Password"12345678"</span>
							<div class='pre'>skipped</div>
					</li>
					<li test-id='21' class='node then skip' status='skip'><b>Then</b>
						<span class="bdd-step-name">Then Message should be displayed "Password must between 6 to 20 alpha numerical values with one capital and special characters."</span>
							<div class='pre'>skipped</div>
					</li>
					<li test-id='22' class='node then skip' status='skip'><b>Then</b>
						<span class="bdd-step-name">Then click on Register Button</span>
							<div class='pre'>skipped</div>
					</li>
					<li test-id='23' class='node when skip' status='skip'><b>When</b>
						<span class="bdd-step-name">When user Enters valid details in fields FullName"Goe Gerrick"Email"goe@fmail.com"MobileNumber"6959874523"</span>
							<div class='pre'>skipped</div>
					</li>
					<li test-id='24' class='node and skip' status='skip'><b>And</b>
						<span class="bdd-step-name">And Password"        "Confirm Password"           "</span>
							<div class='pre'>skipped</div>
					</li>
					<li test-id='25' class='node then skip' status='skip'><b>Then</b>
						<span class="bdd-step-name">Then Message should be displayed "Please enter valid password."</span>
							<div class='pre'>skipped</div>
					</li>
					<li test-id='26' class='node then skip' status='skip'><b>Then</b>
						<span class="bdd-step-name">Then click on Register Button</span>
							<div class='pre'>skipped</div>
					</li>
					<li test-id='27' class='node when skip' status='skip'><b>When</b>
						<span class="bdd-step-name">When user Enters valid details in fields FullName"Goe Gerrick"Email"goe@fmail.com"MobileNumber"6959874523"</span>
							<div class='pre'>skipped</div>
					</li>
					<li test-id='28' class='node and skip' status='skip'><b>And</b>
						<span class="bdd-step-name">And Password"LoremIpsumissimplydummytexSDGGGtoftheprf@intin43534534&5345345345gandypesettingindustryLoremIpsumasbeenthndustrytand"Confirm Password"LoremIpsumissimplydummytexSDGGGtoftheprf@intin43534534&5345345345gandypesettingindustryLoremIpsumasbeenthndustrytand"</span>
							<div class='pre'>skipped</div>
					</li>
					<li test-id='29' class='node then skip' status='skip'><b>Then</b>
						<span class="bdd-step-name">Then password and confirm password should accept field length of upto twenty</span>
							<div class='pre'>skipped</div>
					</li>
					<li test-id='30' class='node then skip' status='skip'><b>Then</b>
						<span class="bdd-step-name">Then click on Register Button</span>
							<div class='pre'>skipped</div>
					</li>
					<li test-id='31' class='node when skip' status='skip'><b>When</b>
						<span class="bdd-step-name">When user Enters valid details in fields FullName"Goe Gerrick"Email"goe@fmail.com"MobileNumber"6959874523"</span>
							<div class='pre'>skipped</div>
					</li>
					<li test-id='32' class='node and skip' status='skip'><b>And</b>
						<span class="bdd-step-name">And Password"Abcde@123"Confirm Password"abcd@123"</span>
							<div class='pre'>skipped</div>
					</li>
					<li test-id='33' class='node then skip' status='skip'><b>Then</b>
						<span class="bdd-step-name">Then Message should be displayed "Mismatch Password and Confirm Password!."</span>
							<div class='pre'>skipped</div>
					</li>
					<li test-id='34' class='node then skip' status='skip'><b>Then</b>
						<span class="bdd-step-name">Then click on Register Button</span>
							<div class='pre'>skipped</div>
					</li>
					<li test-id='35' class='node when skip' status='skip'><b>When</b>
						<span class="bdd-step-name">When user Enters valid details in fields FullName"Goe Gerrick"Email"goe@fmail.com"MobileNumber"6959874523"</span>
							<div class='pre'>skipped</div>
					</li>
					<li test-id='36' class='node and skip' status='skip'><b>And</b>
						<span class="bdd-step-name">And Password"Abcd@1234"Confirm Password"Abcd@1234"</span>
							<div class='pre'>skipped</div>
					</li>
					<li test-id='37' class='node and skip' status='skip'><b>And</b>
						<span class="bdd-step-name">And Accepts privacy policy</span>
							<div class='pre'>skipped</div>
					</li>
					<li test-id='38' class='node then skip' status='skip'><b>Then</b>
						<span class="bdd-step-name">Then click on Register Button to register user</span>
							<div class='pre'>skipped</div>
					</li>
					<li test-id='39' class='node then skip' status='skip'><b>Then</b>
						<span class="bdd-step-name">Then user is on "Registration Success" Screen</span>
						<ul class='screenshots right'>
							<li><a data-featherlight="image" href="F:\PROJECT-1\DRC\Automation\drc_vat\DRC_VAT\test-output\Fri Aug 24\screenshots\Validate the Register button with all combination_181936.png"><i class='material-icons'>panorama</i></a></li>
						</ul>
							<div class='pre'>skipped</div>
					</li>
				</ul>
		</li>
	</ul>
</div>
<div class='scenariooutline node' test-id='40' status='fail'>
	<span class='duration right label'>0h 0m 3s+211ms</span>
	<div class='desc'>
		<b>ScenarioOutline</b>
		<span class="desc-text">Verify that for forgot password link</span>
	</div>
	<ul class='steps'>
		<li test-id='41' class='node scenario fail' status='fail'>
			<div class='category-list'>
				<span class='category label white-text'>@Link</span>
				<span class='category label white-text'>@TaxPayerPortal</span>
				<span class='category label white-text'>@Password</span>
				<span class='category label white-text'>@ForgotPassort</span>
				<span class='category label white-text'>@ConfirmPassword</span>
				<span class='category label white-text'>@PasswordPolicy</span>
				<span class='category label white-text'>@PWP_TC_03</span>
			</div>
			
			<b>Scenario</b>
			
			<span class="bdd-step-name">Verify that for forgot password link</span>
			
				<ul class='steps'>
					<li test-id='42' class='node given pass' status='pass'><b>Given</b>
						<span class="bdd-step-name">Given The user is on TaxPayer portal "DRC_ATC_TaxPayerPortalPasswordPolicy_03"|"Verify that for forgot password link"</span>
							<div class='pre'>passed</div>
					</li>
					<li test-id='43' class='node when pass' status='pass'><b>When</b>
						<span class="bdd-step-name">When user clicks on Forgot Password Link</span>
							<div class='pre'>passed</div>
					</li>
					<li test-id='44' class='node then fail' status='fail'><b>Then</b>
						<span class="bdd-step-name">Then User is on Reset Password</span>
						<ul class='screenshots right'>
							<li><a data-featherlight="image" href="F:\PROJECT-1\DRC\Automation\drc_vat\DRC_VAT\test-output\Fri Aug 24\screenshots\Verify that for forgot password link_182038.png"><i class='material-icons'>panorama</i></a></li>
						</ul>
							<div class='pre'><pre>org.openqa.selenium.NoSuchElementException: no such element: Unable to locate element: {"method":"xpath","selector":"null//h2"}
  (Session info: chrome=68.0.3440.106)
  (Driver info: chromedriver=2.38.552522 (437e6fbedfa8762dec75e2c5b3ddb86763dc9dcb),platform=Windows NT 10.0.16299 x86_64) (WARNING: The server did not provide any stacktrace information)
Command duration or timeout: 0 milliseconds
For documentation on this error, please visit: http://seleniumhq.org/exceptions/no_such_element.html
Build info: version: '3.11.0', revision: 'e59cfb3', time: '2018-03-11T20:26:55.152Z'
System info: host: 'CS60-PC', ip: '172.31.192.1', os.name: 'Windows 10', os.arch: 'amd64', os.version: '10.0', java.version: '1.8.0_171'
Driver info: org.openqa.selenium.chrome.ChromeDriver
Capabilities {acceptInsecureCerts: false, acceptSslCerts: false, applicationCacheEnabled: false, browserConnectionEnabled: false, browserName: chrome, chrome: {chromedriverVersion: 2.38.552522 (437e6fbedfa876..., userDataDir: C:\Users\admin\AppData\Loca...}, cssSelectorsEnabled: true, databaseEnabled: false, handlesAlerts: true, hasTouchScreen: false, javascriptEnabled: true, locationContextEnabled: true, mobileEmulationEnabled: false, nativeEvents: true, networkConnectionEnabled: false, pageLoadStrategy: normal, platform: XP, platformName: XP, rotatable: false, setWindowRect: true, takesHeapSnapshot: true, takesScreenshot: true, unexpectedAlertBehaviour: , unhandledPromptBehavior: , version: 68.0.3440.106, webStorageEnabled: true}
Session ID: fc2aa24821e921070dfcf4c93c45a240
*** Element info: {Using=xpath, value=null//h2}
	at sun.reflect.NativeConstructorAccessorImpl.newInstance0(Native Method)
	at sun.reflect.NativeConstructorAccessorImpl.newInstance(NativeConstructorAccessorImpl.java:62)
	at sun.reflect.DelegatingConstructorAccessorImpl.newInstance(DelegatingConstructorAccessorImpl.java:45)
	at java.lang.reflect.Constructor.newInstance(Constructor.java:423)
	at org.openqa.selenium.remote.ErrorHandler.createThrowable(ErrorHandler.java:214)
	at org.openqa.selenium.remote.ErrorHandler.throwIfResponseFailed(ErrorHandler.java:166)
	at org.openqa.selenium.remote.http.JsonHttpResponseCodec.reconstructValue(JsonHttpResponseCodec.java:40)
	at org.openqa.selenium.remote.http.AbstractHttpResponseCodec.decode(AbstractHttpResponseCodec.java:80)
	at org.openqa.selenium.remote.http.AbstractHttpResponseCodec.decode(AbstractHttpResponseCodec.java:44)
	at org.openqa.selenium.remote.HttpCommandExecutor.execute(HttpCommandExecutor.java:158)
	at org.openqa.selenium.remote.service.DriverCommandExecutor.execute(DriverCommandExecutor.java:83)
	at org.openqa.selenium.remote.RemoteWebDriver.execute(RemoteWebDriver.java:545)
	at org.openqa.selenium.remote.RemoteWebDriver.findElement(RemoteWebDriver.java:319)
	at org.openqa.selenium.remote.RemoteWebDriver.findElementByXPath(RemoteWebDriver.java:421)
	at org.openqa.selenium.By$ByXPath.findElement(By.java:361)
	at org.openqa.selenium.remote.RemoteWebDriver.findElement(RemoteWebDriver.java:311)
	at org.drc.vat.appmanager.HelperBase.elementText(HelperBase.java:199)
	at org.drc.vat.StepDefinitions.PasswordPolicyTaxpayerPortal.user_is_on_Reset_Password(PasswordPolicyTaxpayerPortal.java:135)
	at ?.Then User is on Reset Password(features/PasswordPolicyTaxpayerPortal.feature:73)
</pre></div>
					</li>
				</ul>
		</li>
	</ul>
</div>
<div class='scenariooutline node' test-id='45' status='fail'>
	<span class='duration right label'>0h 0m 3s+54ms</span>
	<div class='desc'>
		<b>ScenarioOutline</b>
		<span class="desc-text">Validate the Reset password/forgot password functionality using email id</span>
	</div>
	<ul class='steps'>
		<li test-id='46' class='node scenario fail' status='fail'>
			<div class='category-list'>
				<span class='category label white-text'>@TaxPayerPortal</span>
				<span class='category label white-text'>@Password</span>
				<span class='category label white-text'>@ConfirmPassword</span>
				<span class='category label white-text'>@ResetPassword</span>
				<span class='category label white-text'>@PasswordPolicy</span>
				<span class='category label white-text'>@PWP_TC_04</span>
				<span class='category label white-text'>@Email-ID</span>
			</div>
			
			<b>Scenario</b>
			
			<span class="bdd-step-name">Validate the Reset password/forgot password functionality using email id</span>
			
				<ul class='steps'>
					<li test-id='47' class='node given pass' status='pass'><b>Given</b>
						<span class="bdd-step-name">Given The user is on TaxPayer portal "DRC_ATC_TaxPayerPortalPasswordPolicy_04"|"Validate the Reset password/forgot password functionality using email id"</span>
							<div class='pre'>passed</div>
					</li>
					<li test-id='48' class='node when pass' status='pass'><b>When</b>
						<span class="bdd-step-name">When user clicks on Forgot Password Link</span>
							<div class='pre'>passed</div>
					</li>
					<li test-id='49' class='node then fail' status='fail'><b>Then</b>
						<span class="bdd-step-name">Then User is on Reset Your Password</span>
							<div class='pre'><pre>org.openqa.selenium.NoSuchElementException: no such element: Unable to locate element: {"method":"xpath","selector":"null//h2"}
  (Session info: chrome=68.0.3440.106)
  (Driver info: chromedriver=2.38.552522 (437e6fbedfa8762dec75e2c5b3ddb86763dc9dcb),platform=Windows NT 10.0.16299 x86_64) (WARNING: The server did not provide any stacktrace information)
Command duration or timeout: 0 milliseconds
For documentation on this error, please visit: http://seleniumhq.org/exceptions/no_such_element.html
Build info: version: '3.11.0', revision: 'e59cfb3', time: '2018-03-11T20:26:55.152Z'
System info: host: 'CS60-PC', ip: '172.31.192.1', os.name: 'Windows 10', os.arch: 'amd64', os.version: '10.0', java.version: '1.8.0_171'
Driver info: org.openqa.selenium.chrome.ChromeDriver
Capabilities {acceptInsecureCerts: false, acceptSslCerts: false, applicationCacheEnabled: false, browserConnectionEnabled: false, browserName: chrome, chrome: {chromedriverVersion: 2.38.552522 (437e6fbedfa876..., userDataDir: C:\Users\admin\AppData\Loca...}, cssSelectorsEnabled: true, databaseEnabled: false, handlesAlerts: true, hasTouchScreen: false, javascriptEnabled: true, locationContextEnabled: true, mobileEmulationEnabled: false, nativeEvents: true, networkConnectionEnabled: false, pageLoadStrategy: normal, platform: XP, platformName: XP, rotatable: false, setWindowRect: true, takesHeapSnapshot: true, takesScreenshot: true, unexpectedAlertBehaviour: , unhandledPromptBehavior: , version: 68.0.3440.106, webStorageEnabled: true}
Session ID: fc2aa24821e921070dfcf4c93c45a240
*** Element info: {Using=xpath, value=null//h2}
	at sun.reflect.NativeConstructorAccessorImpl.newInstance0(Native Method)
	at sun.reflect.NativeConstructorAccessorImpl.newInstance(NativeConstructorAccessorImpl.java:62)
	at sun.reflect.DelegatingConstructorAccessorImpl.newInstance(DelegatingConstructorAccessorImpl.java:45)
	at java.lang.reflect.Constructor.newInstance(Constructor.java:423)
	at org.openqa.selenium.remote.ErrorHandler.createThrowable(ErrorHandler.java:214)
	at org.openqa.selenium.remote.ErrorHandler.throwIfResponseFailed(ErrorHandler.java:166)
	at org.openqa.selenium.remote.http.JsonHttpResponseCodec.reconstructValue(JsonHttpResponseCodec.java:40)
	at org.openqa.selenium.remote.http.AbstractHttpResponseCodec.decode(AbstractHttpResponseCodec.java:80)
	at org.openqa.selenium.remote.http.AbstractHttpResponseCodec.decode(AbstractHttpResponseCodec.java:44)
	at org.openqa.selenium.remote.HttpCommandExecutor.execute(HttpCommandExecutor.java:158)
	at org.openqa.selenium.remote.service.DriverCommandExecutor.execute(DriverCommandExecutor.java:83)
	at org.openqa.selenium.remote.RemoteWebDriver.execute(RemoteWebDriver.java:545)
	at org.openqa.selenium.remote.RemoteWebDriver.findElement(RemoteWebDriver.java:319)
	at org.openqa.selenium.remote.RemoteWebDriver.findElementByXPath(RemoteWebDriver.java:421)
	at org.openqa.selenium.By$ByXPath.findElement(By.java:361)
	at org.openqa.selenium.remote.RemoteWebDriver.findElement(RemoteWebDriver.java:311)
	at org.drc.vat.appmanager.HelperBase.elementText(HelperBase.java:199)
	at org.drc.vat.StepDefinitions.PasswordPolicyTaxpayerPortal.user_is_on_Reset_Your_Password(PasswordPolicyTaxpayerPortal.java:141)
	at ?.Then User is on Reset Your Password(features/PasswordPolicyTaxpayerPortal.feature:85)
</pre></div>
					</li>
					<li test-id='50' class='node and skip' status='skip'><b>And</b>
						<span class="bdd-step-name">And Enters UnRegistered "fhshhsfdks@fdgfdg.com"</span>
							<div class='pre'>skipped</div>
					</li>
					<li test-id='51' class='node and skip' status='skip'><b>And</b>
						<span class="bdd-step-name">And Clicks button Send OTP</span>
							<div class='pre'>skipped</div>
					</li>
					<li test-id='52' class='node and skip' status='skip'><b>And</b>
						<span class="bdd-step-name">And Message"Email is not verified." Should be displayed</span>
							<div class='pre'>skipped</div>
					</li>
					<li test-id='53' class='node and skip' status='skip'><b>And</b>
						<span class="bdd-step-name">And Enters blank spaces in email"fsf sdf @sdf sdf.c om"</span>
							<div class='pre'>skipped</div>
					</li>
					<li test-id='54' class='node and skip' status='skip'><b>And</b>
						<span class="bdd-step-name">And Clicks button Send OTP</span>
							<div class='pre'>skipped</div>
					</li>
					<li test-id='55' class='node and skip' status='skip'><b>And</b>
						<span class="bdd-step-name">And Message"Email is not valid." Should be displayed</span>
							<div class='pre'>skipped</div>
					</li>
					<li test-id='56' class='node and skip' status='skip'><b>And</b>
						<span class="bdd-step-name">And Enter Registered Email"abc@mailinator.com"</span>
							<div class='pre'>skipped</div>
					</li>
					<li test-id='57' class='node and skip' status='skip'><b>And</b>
						<span class="bdd-step-name">And Clicks button Send OTP</span>
							<div class='pre'>skipped</div>
					</li>
					<li test-id='58' class='node and skip' status='skip'><b>And</b>
						<span class="bdd-step-name">And Enter OTP After Three minutes</span>
							<div class='pre'>skipped</div>
					</li>
					<li test-id='59' class='node and skip' status='skip'><b>And</b>
						<span class="bdd-step-name">And Message"OTP Expired." Should be displayed</span>
							<div class='pre'>skipped</div>
					</li>
					<li test-id='60' class='node and skip' status='skip'><b>And</b>
						<span class="bdd-step-name">And Enter Registered Email"abc@mailinator.com"</span>
							<div class='pre'>skipped</div>
					</li>
					<li test-id='61' class='node and skip' status='skip'><b>And</b>
						<span class="bdd-step-name">And Clicks button Send OTP</span>
							<div class='pre'>skipped</div>
					</li>
					<li test-id='62' class='node and skip' status='skip'><b>And</b>
						<span class="bdd-step-name">And Enter OTP Received in the mail</span>
							<div class='pre'>skipped</div>
					</li>
					<li test-id='63' class='node and skip' status='skip'><b>And</b>
						<span class="bdd-step-name">And Click on verify button</span>
							<div class='pre'>skipped</div>
					</li>
					<li test-id='64' class='node and skip' status='skip'><b>And</b>
						<span class="bdd-step-name">And user should be on Reset Password Screen</span>
							<div class='pre'>skipped</div>
					</li>
					<li test-id='65' class='node and skip' status='skip'><b>And</b>
						<span class="bdd-step-name">And Enters new password"abcdefgh" in password field</span>
							<div class='pre'>skipped</div>
					</li>
					<li test-id='66' class='node and skip' status='skip'><b>And</b>
						<span class="bdd-step-name">And Enter new password in "abcdefgh" in confirm password field</span>
							<div class='pre'>skipped</div>
					</li>
					<li test-id='67' class='node and skip' status='skip'><b>And</b>
						<span class="bdd-step-name">And Click on Reset Password button</span>
							<div class='pre'>skipped</div>
					</li>
					<li test-id='68' class='node and skip' status='skip'><b>And</b>
						<span class="bdd-step-name">And Message"Password must between 6 to 20 alpha numerical values with one capital and special characters" Should be displayed</span>
							<div class='pre'>skipped</div>
					</li>
					<li test-id='69' class='node and skip' status='skip'><b>And</b>
						<span class="bdd-step-name">And Enters new password"12345678" in password field</span>
							<div class='pre'>skipped</div>
					</li>
					<li test-id='70' class='node and skip' status='skip'><b>And</b>
						<span class="bdd-step-name">And Enter new password in "12345678" in confirm password field</span>
							<div class='pre'>skipped</div>
					</li>
					<li test-id='71' class='node and skip' status='skip'><b>And</b>
						<span class="bdd-step-name">And Click on Reset Password button</span>
							<div class='pre'>skipped</div>
					</li>
					<li test-id='72' class='node and skip' status='skip'><b>And</b>
						<span class="bdd-step-name">And Enters new password"abcd@123" in password field</span>
							<div class='pre'>skipped</div>
					</li>
					<li test-id='73' class='node and skip' status='skip'><b>And</b>
						<span class="bdd-step-name">And Enter new password in "abcd@1234" in confirm password field</span>
							<div class='pre'>skipped</div>
					</li>
					<li test-id='74' class='node and skip' status='skip'><b>And</b>
						<span class="bdd-step-name">And Click on Reset Password button</span>
							<div class='pre'>skipped</div>
					</li>
					<li test-id='75' class='node and skip' status='skip'><b>And</b>
						<span class="bdd-step-name">And Enter blank in password field</span>
							<div class='pre'>skipped</div>
					</li>
					<li test-id='76' class='node and skip' status='skip'><b>And</b>
						<span class="bdd-step-name">And Enter blank in confirm password field</span>
							<div class='pre'>skipped</div>
					</li>
					<li test-id='77' class='node and skip' status='skip'><b>And</b>
						<span class="bdd-step-name">And Click on Reset Password button</span>
							<div class='pre'>skipped</div>
					</li>
					<li test-id='78' class='node and skip' status='skip'><b>And</b>
						<span class="bdd-step-name">And Message"Password must between 6 to 20 alpha numerical values with one capital and special characters" Should be displayed</span>
							<div class='pre'>skipped</div>
					</li>
					<li test-id='79' class='node and skip' status='skip'><b>And</b>
						<span class="bdd-step-name">And Enters new password"Abcde@123" in password field</span>
							<div class='pre'>skipped</div>
					</li>
					<li test-id='80' class='node and skip' status='skip'><b>And</b>
						<span class="bdd-step-name">And Enter new password in "abcde@123" in confirm password field</span>
							<div class='pre'>skipped</div>
					</li>
					<li test-id='81' class='node and skip' status='skip'><b>And</b>
						<span class="bdd-step-name">And Click on Reset Password button</span>
							<div class='pre'>skipped</div>
					</li>
					<li test-id='82' class='node and skip' status='skip'><b>And</b>
						<span class="bdd-step-name">And Message"Mismatch Password and Confirm Password!" Should be displayed</span>
							<div class='pre'>skipped</div>
					</li>
					<li test-id='83' class='node and skip' status='skip'><b>And</b>
						<span class="bdd-step-name">And Enters new password"Abcde@123" in password field</span>
							<div class='pre'>skipped</div>
					</li>
					<li test-id='84' class='node and skip' status='skip'><b>And</b>
						<span class="bdd-step-name">And Enter new password in "Abcde@123" in confirm password field</span>
							<div class='pre'>skipped</div>
					</li>
					<li test-id='85' class='node and skip' status='skip'><b>And</b>
						<span class="bdd-step-name">And Click on Reset Password button</span>
							<div class='pre'>skipped</div>
					</li>
					<li test-id='86' class='node and skip' status='skip'><b>And</b>
						<span class="bdd-step-name">And Enters new password"LoremIpsumissimplydummytexSDGGGtoftheprf@intin43534534&5345345345gandypesettingindustryLoremIpsumasbeenthndustrytand" in password field</span>
							<div class='pre'>skipped</div>
					</li>
					<li test-id='87' class='node and skip' status='skip'><b>And</b>
						<span class="bdd-step-name">And Enter new password in "LoremIpsumissimplydummytexSDGGGtoftheprf@intin43534534&5345345345gandypesettingindustryLoremIpsumasbeenthndustrytand" in confirm password field</span>
							<div class='pre'>skipped</div>
					</li>
					<li test-id='88' class='node and skip' status='skip'><b>And</b>
						<span class="bdd-step-name">And Click on Reset Password button</span>
							<div class='pre'>skipped</div>
					</li>
					<li test-id='89' class='node and skip' status='skip'><b>And</b>
						<span class="bdd-step-name">And Message"Password must between 6 to 20 alpha numerical values with one capital and special characters" Should be displayed</span>
							<div class='pre'>skipped</div>
					</li>
					<li test-id='90' class='node and skip' status='skip'><b>And</b>
						<span class="bdd-step-name">And Enters new password"Abc @1234" in password field</span>
							<div class='pre'>skipped</div>
					</li>
					<li test-id='91' class='node and skip' status='skip'><b>And</b>
						<span class="bdd-step-name">And Enter new password in "Abc @1234" in confirm password field</span>
							<div class='pre'>skipped</div>
					</li>
					<li test-id='92' class='node and skip' status='skip'><b>And</b>
						<span class="bdd-step-name">And Click on Reset Password button</span>
							<div class='pre'>skipped</div>
					</li>
					<li test-id='93' class='node and skip' status='skip'><b>And</b>
						<span class="bdd-step-name">And user should be on "Password has been changed successfully" page</span>
						<ul class='screenshots right'>
							<li><a data-featherlight="image" href="F:\PROJECT-1\DRC\Automation\drc_vat\DRC_VAT\test-output\Fri Aug 24\screenshots\Validate the Reset password\forgot password functionality using email id_182042.png"><i class='material-icons'>panorama</i></a></li>
						</ul>
							<div class='pre'>skipped</div>
					</li>
				</ul>
		</li>
	</ul>
</div>
<div class='scenariooutline node' test-id='94' status='fail'>
	<span class='duration right label'>0h 0m 2s+740ms</span>
	<div class='desc'>
		<b>ScenarioOutline</b>
		<span class="desc-text">Validate the Reset password/forgot password functionality using Mobile Number</span>
	</div>
	<ul class='steps'>
		<li test-id='95' class='node scenario fail' status='fail'>
			<div class='category-list'>
				<span class='category label white-text'>@MobileNumber</span>
				<span class='category label white-text'>@TaxPayerPortal</span>
				<span class='category label white-text'>@Password</span>
				<span class='category label white-text'>@ConfirmPassword</span>
				<span class='category label white-text'>@ResetPassword</span>
				<span class='category label white-text'>@Hold</span>
				<span class='category label white-text'>@PWP_TC_05</span>
				<span class='category label white-text'>@PasswordPolicy</span>
			</div>
			
			<b>Scenario</b>
			
			<span class="bdd-step-name">Validate the Reset password/forgot password functionality using Mobile Number</span>
			
				<ul class='steps'>
					<li test-id='96' class='node given pass' status='pass'><b>Given</b>
						<span class="bdd-step-name">Given The user is on TaxPayer portal "DRC_ATC_TaxPayerPortalPasswordPolicy_05"|"Validate the Reset password/forgot password functionality using Mobile Number"</span>
							<div class='pre'>passed</div>
					</li>
					<li test-id='97' class='node when pass' status='pass'><b>When</b>
						<span class="bdd-step-name">When user clicks on Forgot Password Link</span>
							<div class='pre'>passed</div>
					</li>
					<li test-id='98' class='node then fail' status='fail'><b>Then</b>
						<span class="bdd-step-name">Then User is on Reset Your Password</span>
							<div class='pre'><pre>org.openqa.selenium.NoSuchElementException: no such element: Unable to locate element: {"method":"xpath","selector":"null//h2"}
  (Session info: chrome=68.0.3440.106)
  (Driver info: chromedriver=2.38.552522 (437e6fbedfa8762dec75e2c5b3ddb86763dc9dcb),platform=Windows NT 10.0.16299 x86_64) (WARNING: The server did not provide any stacktrace information)
Command duration or timeout: 0 milliseconds
For documentation on this error, please visit: http://seleniumhq.org/exceptions/no_such_element.html
Build info: version: '3.11.0', revision: 'e59cfb3', time: '2018-03-11T20:26:55.152Z'
System info: host: 'CS60-PC', ip: '172.31.192.1', os.name: 'Windows 10', os.arch: 'amd64', os.version: '10.0', java.version: '1.8.0_171'
Driver info: org.openqa.selenium.chrome.ChromeDriver
Capabilities {acceptInsecureCerts: false, acceptSslCerts: false, applicationCacheEnabled: false, browserConnectionEnabled: false, browserName: chrome, chrome: {chromedriverVersion: 2.38.552522 (437e6fbedfa876..., userDataDir: C:\Users\admin\AppData\Loca...}, cssSelectorsEnabled: true, databaseEnabled: false, handlesAlerts: true, hasTouchScreen: false, javascriptEnabled: true, locationContextEnabled: true, mobileEmulationEnabled: false, nativeEvents: true, networkConnectionEnabled: false, pageLoadStrategy: normal, platform: XP, platformName: XP, rotatable: false, setWindowRect: true, takesHeapSnapshot: true, takesScreenshot: true, unexpectedAlertBehaviour: , unhandledPromptBehavior: , version: 68.0.3440.106, webStorageEnabled: true}
Session ID: fc2aa24821e921070dfcf4c93c45a240
*** Element info: {Using=xpath, value=null//h2}
	at sun.reflect.NativeConstructorAccessorImpl.newInstance0(Native Method)
	at sun.reflect.NativeConstructorAccessorImpl.newInstance(NativeConstructorAccessorImpl.java:62)
	at sun.reflect.DelegatingConstructorAccessorImpl.newInstance(DelegatingConstructorAccessorImpl.java:45)
	at java.lang.reflect.Constructor.newInstance(Constructor.java:423)
	at org.openqa.selenium.remote.ErrorHandler.createThrowable(ErrorHandler.java:214)
	at org.openqa.selenium.remote.ErrorHandler.throwIfResponseFailed(ErrorHandler.java:166)
	at org.openqa.selenium.remote.http.JsonHttpResponseCodec.reconstructValue(JsonHttpResponseCodec.java:40)
	at org.openqa.selenium.remote.http.AbstractHttpResponseCodec.decode(AbstractHttpResponseCodec.java:80)
	at org.openqa.selenium.remote.http.AbstractHttpResponseCodec.decode(AbstractHttpResponseCodec.java:44)
	at org.openqa.selenium.remote.HttpCommandExecutor.execute(HttpCommandExecutor.java:158)
	at org.openqa.selenium.remote.service.DriverCommandExecutor.execute(DriverCommandExecutor.java:83)
	at org.openqa.selenium.remote.RemoteWebDriver.execute(RemoteWebDriver.java:545)
	at org.openqa.selenium.remote.RemoteWebDriver.findElement(RemoteWebDriver.java:319)
	at org.openqa.selenium.remote.RemoteWebDriver.findElementByXPath(RemoteWebDriver.java:421)
	at org.openqa.selenium.By$ByXPath.findElement(By.java:361)
	at org.openqa.selenium.remote.RemoteWebDriver.findElement(RemoteWebDriver.java:311)
	at org.drc.vat.appmanager.HelperBase.elementText(HelperBase.java:199)
	at org.drc.vat.StepDefinitions.PasswordPolicyTaxpayerPortal.user_is_on_Reset_Your_Password(PasswordPolicyTaxpayerPortal.java:141)
	at ?.Then User is on Reset Your Password(features/PasswordPolicyTaxpayerPortal.feature:139)
</pre></div>
					</li>
					<li test-id='99' class='node and skip' status='skip'><b>And</b>
						<span class="bdd-step-name">And Enter Code"000"</span>
							<div class='pre'>skipped</div>
					</li>
					<li test-id='100' class='node and skip' status='skip'><b>And</b>
						<span class="bdd-step-name">And Enter Mobile Number"000000"</span>
							<div class='pre'>skipped</div>
					</li>
					<li test-id='101' class='node and skip' status='skip'><b>And</b>
						<span class="bdd-step-name">And Clicks button Send OTP</span>
							<div class='pre'>skipped</div>
					</li>
					<li test-id='102' class='node and skip' status='skip'><b>And</b>
						<span class="bdd-step-name">And Message"Mobile number is not verified" Should be displayed</span>
							<div class='pre'>skipped</div>
					</li>
					<li test-id='103' class='node and skip' status='skip'><b>And</b>
						<span class="bdd-step-name">And Enter Code"Ab"</span>
							<div class='pre'>skipped</div>
					</li>
					<li test-id='104' class='node and skip' status='skip'><b>And</b>
						<span class="bdd-step-name">And Enter Mobile Number"abcdefgh"</span>
							<div class='pre'>skipped</div>
					</li>
					<li test-id='105' class='node and skip' status='skip'><b>And</b>
						<span class="bdd-step-name">And user should not be able to enter the Alphabets</span>
							<div class='pre'>skipped</div>
					</li>
					<li test-id='106' class='node and skip' status='skip'><b>And</b>
						<span class="bdd-step-name">And Enter Code""</span>
							<div class='pre'>skipped</div>
					</li>
					<li test-id='107' class='node and skip' status='skip'><b>And</b>
						<span class="bdd-step-name">And Enter Mobile Number"8457458952"</span>
							<div class='pre'>skipped</div>
					</li>
					<li test-id='108' class='node and skip' status='skip'><b>And</b>
						<span class="bdd-step-name">And Clicks button Send OTP</span>
							<div class='pre'>skipped</div>
					</li>
					<li test-id='109' class='node and skip' status='skip'><b>And</b>
						<span class="bdd-step-name">And Message"Mobile number is not verified" Should be displayed</span>
							<div class='pre'>skipped</div>
					</li>
					<li test-id='110' class='node and skip' status='skip'><b>And</b>
						<span class="bdd-step-name">And Enter Code"91"</span>
							<div class='pre'>skipped</div>
					</li>
					<li test-id='111' class='node and skip' status='skip'><b>And</b>
						<span class="bdd-step-name">And Enter Mobile Number""</span>
							<div class='pre'>skipped</div>
					</li>
					<li test-id='112' class='node and skip' status='skip'><b>And</b>
						<span class="bdd-step-name">And Clicks button Send OTP</span>
							<div class='pre'>skipped</div>
					</li>
					<li test-id='113' class='node and skip' status='skip'><b>And</b>
						<span class="bdd-step-name">And Message"Mobile number is not verified" Should be displayed</span>
							<div class='pre'>skipped</div>
					</li>
					<li test-id='114' class='node and skip' status='skip'><b>And</b>
						<span class="bdd-step-name">And Enter Code""</span>
							<div class='pre'>skipped</div>
					</li>
					<li test-id='115' class='node and skip' status='skip'><b>And</b>
						<span class="bdd-step-name">And Enter Mobile Number"933114596"</span>
							<div class='pre'>skipped</div>
					</li>
					<li test-id='116' class='node and skip' status='skip'><b>And</b>
						<span class="bdd-step-name">And Clicks button Send OTP</span>
							<div class='pre'>skipped</div>
					</li>
					<li test-id='117' class='node and skip' status='skip'><b>And</b>
						<span class="bdd-step-name">And Message"Mobile number is not verified" Should be displayed</span>
							<div class='pre'>skipped</div>
					</li>
					<li test-id='118' class='node and skip' status='skip'><b>And</b>
						<span class="bdd-step-name">And Enter Code"91"</span>
							<div class='pre'>skipped</div>
					</li>
					<li test-id='119' class='node and skip' status='skip'><b>And</b>
						<span class="bdd-step-name">And Enter UnRegistered Mobile Number"933114596"</span>
							<div class='pre'>skipped</div>
					</li>
					<li test-id='120' class='node and skip' status='skip'><b>And</b>
						<span class="bdd-step-name">And Clicks button Send OTP</span>
							<div class='pre'>skipped</div>
					</li>
					<li test-id='121' class='node and skip' status='skip'><b>And</b>
						<span class="bdd-step-name">And Message"Mobile number is not verified" Should be displayed</span>
							<div class='pre'>skipped</div>
					</li>
					<li test-id='122' class='node and skip' status='skip'><b>And</b>
						<span class="bdd-step-name">And Enter Code"91"</span>
							<div class='pre'>skipped</div>
					</li>
					<li test-id='123' class='node and skip' status='skip'><b>And</b>
						<span class="bdd-step-name">And Enter Registered Mobile Number""</span>
							<div class='pre'>skipped</div>
					</li>
					<li test-id='124' class='node and skip' status='skip'><b>And</b>
						<span class="bdd-step-name">And Clicks button Send OTP</span>
							<div class='pre'>skipped</div>
					</li>
					<li test-id='125' class='node and skip' status='skip'><b>And</b>
						<span class="bdd-step-name">And Message"Mobile number is not verified" Should be displayed</span>
						<ul class='screenshots right'>
							<li><a data-featherlight="image" href="F:\PROJECT-1\DRC\Automation\drc_vat\DRC_VAT\test-output\Fri Aug 24\screenshots\Validate the Reset password\forgot password functionality using Mobile Number_182047.png"><i class='material-icons'>panorama</i></a></li>
						</ul>
							<div class='pre'>skipped</div>
					</li>
				</ul>
		</li>
	</ul>
</div>
<div class='scenariooutline node' test-id='126' status='fail'>
	<span class='duration right label'>0h 1m 5s+892ms</span>
	<div class='desc'>
		<b>ScenarioOutline</b>
		<span class="desc-text">Verify the password hint display on change password screen</span>
	</div>
	<ul class='steps'>
		<li test-id='127' class='node scenario fail' status='fail'>
			<div class='category-list'>
				<span class='category label white-text'>@PWP_TC_06</span>
				<span class='category label white-text'>@TaxPayerPortal</span>
				<span class='category label white-text'>@Password</span>
				<span class='category label white-text'>@ConfirmPassword</span>
				<span class='category label white-text'>@PasswordPolicy</span>
			</div>
			
			<b>Scenario</b>
			
			<span class="bdd-step-name">Verify the password hint display on change password screen</span>
			
				<ul class='steps'>
					<li test-id='128' class='node given fail' status='fail'><b>Given</b>
						<span class="bdd-step-name">Given User should be on Change Password screen"DRC_ATC_TaxPayerPortalPasswordPolicy_06"|"Verify the password hint display on change password screen"</span>
							<div class='pre'><pre>org.openqa.selenium.TimeoutException: Expected condition failed: waiting for element to be clickable: By.xpath: //a[@href='/user-account'] (tried for 60 second(s) with 500 milliseconds interval)
Build info: version: '3.11.0', revision: 'e59cfb3', time: '2018-03-11T20:26:55.152Z'
System info: host: 'CS60-PC', ip: '172.31.192.1', os.name: 'Windows 10', os.arch: 'amd64', os.version: '10.0', java.version: '1.8.0_171'
Driver info: org.openqa.selenium.chrome.ChromeDriver
Capabilities {acceptInsecureCerts: false, acceptSslCerts: false, applicationCacheEnabled: false, browserConnectionEnabled: false, browserName: chrome, chrome: {chromedriverVersion: 2.38.552522 (437e6fbedfa876..., userDataDir: C:\Users\admin\AppData\Loca...}, cssSelectorsEnabled: true, databaseEnabled: false, handlesAlerts: true, hasTouchScreen: false, javascriptEnabled: true, locationContextEnabled: true, mobileEmulationEnabled: false, nativeEvents: true, networkConnectionEnabled: false, pageLoadStrategy: normal, platform: XP, platformName: XP, rotatable: false, setWindowRect: true, takesHeapSnapshot: true, takesScreenshot: true, unexpectedAlertBehaviour: , unhandledPromptBehavior: , version: 68.0.3440.106, webStorageEnabled: true}
Session ID: fc2aa24821e921070dfcf4c93c45a240
	at org.openqa.selenium.support.ui.WebDriverWait.timeoutException(WebDriverWait.java:81)
	at org.openqa.selenium.support.ui.FluentWait.until(FluentWait.java:271)
	at org.drc.vat.appmanager.HelperBase.clickOn(HelperBase.java:78)
	at org.drc.vat.StepDefinitions.PasswordPolicyTaxpayerPortal.user_should_be_on_Change_Password_screen(PasswordPolicyTaxpayerPortal.java:61)
	at ?.Given User should be on Change Password screen"DRC_ATC_TaxPayerPortalPasswordPolicy_06"|"Verify the password hint display on change password screen"(features/PasswordPolicyTaxpayerPortal.feature:176)
</pre></div>
					</li>
					<li test-id='129' class='node when skip' status='skip'><b>When</b>
						<span class="bdd-step-name">When user dont Enter any password</span>
							<div class='pre'>skipped</div>
					</li>
					<li test-id='130' class='node then skip' status='skip'><b>Then</b>
						<span class="bdd-step-name">Then Messages dhould be displayed"Existing password is required!.""Password must between 6 to 20 alpha numerical values with one capital and special characters.""Mismatch Password and Confirm Password!."</span>
						<ul class='screenshots right'>
							<li><a data-featherlight="image" href="F:\PROJECT-1\DRC\Automation\drc_vat\DRC_VAT\test-output\Fri Aug 24\screenshots\Verify the password hint display on change password screen_182051.png"><i class='material-icons'>panorama</i></a></li>
						</ul>
							<div class='pre'>skipped</div>
					</li>
				</ul>
		</li>
	</ul>
</div>
<div class='scenariooutline node' test-id='131' status='fail'>
	<span class='duration right label'>0h 1m 6s+684ms</span>
	<div class='desc'>
		<b>ScenarioOutline</b>
		<span class="desc-text">Validate the Change password on submit button functionality with all combination</span>
	</div>
	<ul class='steps'>
		<li test-id='132' class='node scenario fail' status='fail'>
			<div class='category-list'>
				<span class='category label white-text'>@PWP_TC_07</span>
				<span class='category label white-text'>@TaxPayerPortal</span>
				<span class='category label white-text'>@Password</span>
				<span class='category label white-text'>@ConfirmPassword</span>
				<span class='category label white-text'>@PasswordPolicy</span>
			</div>
			
			<b>Scenario</b>
			
			<span class="bdd-step-name">Validate the Change password on submit button functionality with all combination</span>
			
				<ul class='steps'>
					<li test-id='133' class='node given fail' status='fail'><b>Given</b>
						<span class="bdd-step-name">Given User should be on Change Password screen"DRC_ATC_TaxPayerPortalPasswordPolicy_07"|"Validate the Change password on submit button functionality with all combination"</span>
							<div class='pre'><pre>org.openqa.selenium.TimeoutException: Expected condition failed: waiting for element to be clickable: By.xpath: //a[@href='/user-account'] (tried for 60 second(s) with 500 milliseconds interval)
	at org.openqa.selenium.support.ui.WebDriverWait.timeoutException(WebDriverWait.java:81)
	at org.openqa.selenium.support.ui.FluentWait.until(FluentWait.java:271)
	at org.drc.vat.appmanager.HelperBase.clickOn(HelperBase.java:78)
	at org.drc.vat.StepDefinitions.PasswordPolicyTaxpayerPortal.user_should_be_on_Change_Password_screen(PasswordPolicyTaxpayerPortal.java:61)
	at ?.Given User should be on Change Password screen"DRC_ATC_TaxPayerPortalPasswordPolicy_07"|"Validate the Change password on submit button functionality with all combination"(features/PasswordPolicyTaxpayerPortal.feature:186)
Caused by: org.openqa.selenium.NoSuchElementException: Cannot locate an element using By.xpath: //a[@href='/user-account']
For documentation on this error, please visit: http://seleniumhq.org/exceptions/no_such_element.html
Build info: version: '3.11.0', revision: 'e59cfb3', time: '2018-03-11T20:26:55.152Z'
System info: host: 'CS60-PC', ip: '172.31.192.1', os.name: 'Windows 10', os.arch: 'amd64', os.version: '10.0', java.version: '1.8.0_171'
Driver info: driver.version: unknown
	at org.openqa.selenium.support.ui.ExpectedConditions.lambda$findElement$0(ExpectedConditions.java:896)
	at java.util.Optional.orElseThrow(Optional.java:290)
	at org.openqa.selenium.support.ui.ExpectedConditions.findElement(ExpectedConditions.java:895)
	at org.openqa.selenium.support.ui.ExpectedConditions.access$000(ExpectedConditions.java:44)
	at org.openqa.selenium.support.ui.ExpectedConditions$7.apply(ExpectedConditions.java:206)
	at org.openqa.selenium.support.ui.ExpectedConditions$7.apply(ExpectedConditions.java:202)
	at org.openqa.selenium.support.ui.ExpectedConditions$22.apply(ExpectedConditions.java:657)
	at org.openqa.selenium.support.ui.ExpectedConditions$22.apply(ExpectedConditions.java:654)
	at org.openqa.selenium.support.ui.FluentWait.until(FluentWait.java:248)
	at org.drc.vat.appmanager.HelperBase.clickOn(HelperBase.java:78)
	at org.drc.vat.StepDefinitions.PasswordPolicyTaxpayerPortal.user_should_be_on_Change_Password_screen(PasswordPolicyTaxpayerPortal.java:61)
	at sun.reflect.NativeMethodAccessorImpl.invoke0(Native Method)
	at sun.reflect.NativeMethodAccessorImpl.invoke(NativeMethodAccessorImpl.java:62)
	at sun.reflect.DelegatingMethodAccessorImpl.invoke(DelegatingMethodAccessorImpl.java:43)
	at java.lang.reflect.Method.invoke(Method.java:498)
	at cucumber.runtime.Utils$1.call(Utils.java:40)
	at cucumber.runtime.Timeout.timeout(Timeout.java:16)
	at cucumber.runtime.Utils.invoke(Utils.java:34)
	at cucumber.runtime.java.JavaStepDefinition.execute(JavaStepDefinition.java:38)
	at cucumber.runtime.StepDefinitionMatch.runStep(StepDefinitionMatch.java:37)
	at cucumber.runtime.Runtime.runStep(Runtime.java:300)
	at cucumber.runtime.model.StepContainer.runStep(StepContainer.java:44)
	at cucumber.runtime.model.StepContainer.runSteps(StepContainer.java:39)
	at cucumber.runtime.model.CucumberScenario.run(CucumberScenario.java:44)
	at cucumber.runtime.model.CucumberScenarioOutline.run(CucumberScenarioOutline.java:46)
	at cucumber.runtime.model.CucumberFeature.run(CucumberFeature.java:165)
	at cucumber.api.testng.TestNGCucumberRunner.runCucumber(TestNGCucumberRunner.java:63)
	at cucumber.api.testng.AbstractTestNGCucumberTests.feature(AbstractTestNGCucumberTests.java:21)
	at sun.reflect.NativeMethodAccessorImpl.invoke0(Native Method)
	at sun.reflect.NativeMethodAccessorImpl.invoke(NativeMethodAccessorImpl.java:62)
	at sun.reflect.DelegatingMethodAccessorImpl.invoke(DelegatingMethodAccessorImpl.java:43)
	at java.lang.reflect.Method.invoke(Method.java:498)
	at org.testng.internal.MethodInvocationHelper.invokeMethod(MethodInvocationHelper.java:86)
	at org.testng.internal.Invoker.invokeMethod(Invoker.java:643)
	at org.testng.internal.Invoker.invokeTestMethod(Invoker.java:820)
	at org.testng.internal.Invoker.invokeTestMethods(Invoker.java:1128)
	at org.testng.internal.TestMethodWorker.invokeTestMethods(TestMethodWorker.java:129)
	at org.testng.internal.TestMethodWorker.run(TestMethodWorker.java:112)
	at org.testng.TestRunner.privateRun(TestRunner.java:782)
	at org.testng.TestRunner.run(TestRunner.java:632)
	at org.testng.SuiteRunner.runTest(SuiteRunner.java:366)
	at org.testng.SuiteRunner.runSequentially(SuiteRunner.java:361)
	at org.testng.SuiteRunner.privateRun(SuiteRunner.java:319)
	at org.testng.SuiteRunner.run(SuiteRunner.java:268)
	at org.testng.SuiteRunnerWorker.runSuite(SuiteRunnerWorker.java:52)
	at org.testng.SuiteRunnerWorker.run(SuiteRunnerWorker.java:86)
	at org.testng.TestNG.runSuitesSequentially(TestNG.java:1244)
	at org.testng.TestNG.runSuitesLocally(TestNG.java:1169)
	at org.testng.TestNG.run(TestNG.java:1064)
	at org.testng.remote.AbstractRemoteTestNG.run(AbstractRemoteTestNG.java:114)
	at org.testng.remote.RemoteTestNG.initAndRun(RemoteTestNG.java:251)
	at org.testng.remote.RemoteTestNG.main(RemoteTestNG.java:77)
</pre></div>
					</li>
					<li test-id='134' class='node when skip' status='skip'><b>When</b>
						<span class="bdd-step-name">When Enters invalid Old Password"abcd" invalid New Password"abcd"  invalid confirm password"abcd"</span>
							<div class='pre'>skipped</div>
					</li>
					<li test-id='135' class='node then skip' status='skip'><b>Then</b>
						<span class="bdd-step-name">Then click on submit button</span>
							<div class='pre'>skipped</div>
					</li>
					<li test-id='136' class='node and skip' status='skip'><b>And</b>
						<span class="bdd-step-name">And Message should display "* Old password is invalid.""* Password must between 6 to 20 alpha numerical values with one capital and special characters."</span>
							<div class='pre'>skipped</div>
					</li>
					<li test-id='137' class='node when skip' status='skip'><b>When</b>
						<span class="bdd-step-name">When Enter Valid Old password"12345678"</span>
							<div class='pre'>skipped</div>
					</li>
					<li test-id='138' class='node and skip' status='skip'><b>And</b>
						<span class="bdd-step-name">And Enter New password without capital letters"abcd@123"</span>
							<div class='pre'>skipped</div>
					</li>
					<li test-id='139' class='node and skip' status='skip'><b>And</b>
						<span class="bdd-step-name">And Enter Confirm New password without capital letters"abcd@123"</span>
							<div class='pre'>skipped</div>
					</li>
					<li test-id='140' class='node then skip' status='skip'><b>Then</b>
						<span class="bdd-step-name">Then click on submit button</span>
							<div class='pre'>skipped</div>
					</li>
					<li test-id='141' class='node and skip' status='skip'><b>And</b>
						<span class="bdd-step-name">And Message should display "New password is required"" Confirm password is required"</span>
							<div class='pre'>skipped</div>
					</li>
					<li test-id='142' class='node and skip' status='skip'><b>And</b>
						<span class="bdd-step-name">And Enter Confirm password"sdfs#Adsff"</span>
							<div class='pre'>skipped</div>
					</li>
					<li test-id='143' class='node then skip' status='skip'><b>Then</b>
						<span class="bdd-step-name">Then click on submit button</span>
							<div class='pre'>skipped</div>
					</li>
					<li test-id='144' class='node and skip' status='skip'><b>And</b>
						<span class="bdd-step-name">And Message should display "* Existing password is required!""* New password is required!"</span>
							<div class='pre'>skipped</div>
					</li>
					<li test-id='145' class='node and skip' status='skip'><b>And</b>
						<span class="bdd-step-name">And Enter Old Password"shfhfh"</span>
							<div class='pre'>skipped</div>
					</li>
					<li test-id='146' class='node and skip' status='skip'><b>And</b>
						<span class="bdd-step-name">And Enter new password"sadff"</span>
							<div class='pre'>skipped</div>
					</li>
					<li test-id='147' class='node then skip' status='skip'><b>Then</b>
						<span class="bdd-step-name">Then click on submit button</span>
							<div class='pre'>skipped</div>
					</li>
					<li test-id='148' class='node and skip' status='skip'><b>And</b>
						<span class="bdd-step-name">And Message should display "Confirm password is required!"</span>
							<div class='pre'>skipped</div>
					</li>
					<li test-id='149' class='node and skip' status='skip'><b>And</b>
						<span class="bdd-step-name">And Enter new password"sadff"</span>
							<div class='pre'>skipped</div>
					</li>
					<li test-id='150' class='node and skip' status='skip'><b>And</b>
						<span class="bdd-step-name">And Enter Confirm password"sdfs#Adsff"</span>
							<div class='pre'>skipped</div>
					</li>
					<li test-id='151' class='node then skip' status='skip'><b>Then</b>
						<span class="bdd-step-name">Then click on submit button</span>
							<div class='pre'>skipped</div>
					</li>
					<li test-id='152' class='node and skip' status='skip'><b>And</b>
						<span class="bdd-step-name">And Message should display "Existing password is required!"</span>
							<div class='pre'>skipped</div>
					</li>
					<li test-id='153' class='node and skip' status='skip'><b>And</b>
						<span class="bdd-step-name">And Enter Old Password"shfdsfdhfh"</span>
							<div class='pre'>skipped</div>
					</li>
					<li test-id='154' class='node and skip' status='skip'><b>And</b>
						<span class="bdd-step-name">And Enter new password"   "</span>
							<div class='pre'>skipped</div>
					</li>
					<li test-id='155' class='node and skip' status='skip'><b>And</b>
						<span class="bdd-step-name">And Enter Confirm password"          "</span>
							<div class='pre'>skipped</div>
					</li>
					<li test-id='156' class='node then skip' status='skip'><b>Then</b>
						<span class="bdd-step-name">Then click on submit button</span>
							<div class='pre'>skipped</div>
					</li>
					<li test-id='157' class='node and skip' status='skip'><b>And</b>
						<span class="bdd-step-name">And Message should display "Password must between 6 to 20 alpha numerical values with one capital and special characters"</span>
							<div class='pre'>skipped</div>
					</li>
					<li test-id='158' class='node and skip' status='skip'><b>And</b>
						<span class="bdd-step-name">And Enter Old Password"shfdretertert43535345345345345345YU345345gfgdfgdgdgf@W323435345345345kjhdkjfkjy534h53h45kh34k5h34jk5hiy345783478345783475hejkhtsfdhfh"</span>
							<div class='pre'>skipped</div>
					</li>
					<li test-id='159' class='node and skip' status='skip'><b>And</b>
						<span class="bdd-step-name">And Enter new password"shfdretertert4353534534534SF5345345345345gfgdfgdgdgf@W323435345345345kjhdkjfkjy534h53h45kh34k5h34jk5hiy345783478345783475hejkhtsfdhfh"</span>
							<div class='pre'>skipped</div>
					</li>
					<li test-id='160' class='node and skip' status='skip'><b>And</b>
						<span class="bdd-step-name">And Enter Confirm password"shfdretertert43535345345345345WF345345345gfgdfgdgdgf@W323435345345345kjhdkjfkjy534h53h45kh34k5h34jk5hiy345783478345783475hejkhtsfdhfh"</span>
							<div class='pre'>skipped</div>
					</li>
					<li test-id='161' class='node then skip' status='skip'><b>Then</b>
						<span class="bdd-step-name">Then user should not be able to enter more than 20 characters</span>
							<div class='pre'>skipped</div>
					</li>
					<li test-id='162' class='node and skip' status='skip'><b>And</b>
						<span class="bdd-step-name">And Enter Old Password"testreject123"</span>
							<div class='pre'>skipped</div>
					</li>
					<li test-id='163' class='node and skip' status='skip'><b>And</b>
						<span class="bdd-step-name">And Enter new password"testReject@123"</span>
							<div class='pre'>skipped</div>
					</li>
					<li test-id='164' class='node and skip' status='skip'><b>And</b>
						<span class="bdd-step-name">And Enter Confirm password"testReject@123"</span>
							<div class='pre'>skipped</div>
					</li>
					<li test-id='165' class='node then skip' status='skip'><b>Then</b>
						<span class="bdd-step-name">Then Validation Message should be displayed "Password Updated Successfully."</span>
						<ul class='screenshots right'>
							<li><a data-featherlight="image" href="F:\PROJECT-1\DRC\Automation\drc_vat\DRC_VAT\test-output\Fri Aug 24\screenshots\Validate the Change password on submit button functionality with all combination_182158.png"><i class='material-icons'>panorama</i></a></li>
						</ul>
							<div class='pre'>skipped</div>
					</li>
				</ul>
		</li>
	</ul>
</div>
<div class='scenariooutline node' test-id='166' status='fail'>
	<span class='duration right label'>0h 0m 2s+148ms</span>
	<div class='desc'>
		<b>ScenarioOutline</b>
		<span class="desc-text">Validate the user enter wrong password more than three or more time</span>
	</div>
	<ul class='steps'>
		<li test-id='167' class='node scenario fail' status='fail'>
			<div class='category-list'>
				<span class='category label white-text'>@PWP_TC_08</span>
				<span class='category label white-text'>@TaxPayerPortal</span>
				<span class='category label white-text'>@Password</span>
				<span class='category label white-text'>@ConfirmPassword</span>
				<span class='category label white-text'>@Hold</span>
				<span class='category label white-text'>@PasswordPolicy</span>
			</div>
			
			<b>Scenario</b>
			
			<span class="bdd-step-name">Validate the user enter wrong password more than three or more time</span>
			
				<ul class='steps'>
					<li test-id='168' class='node given fail' status='fail'><b>Given</b>
						<span class="bdd-step-name">Given User should be on Login screen"DRC_ATC_TaxPayerPortalPasswordPolicy_07"|"Validate the user enter wrong password more than three or more time"</span>
							<div class='pre'><pre>org.openqa.selenium.NoSuchElementException: no such element: Unable to locate element: {"method":"xpath","selector":"null//h2"}
  (Session info: chrome=68.0.3440.106)
  (Driver info: chromedriver=2.38.552522 (437e6fbedfa8762dec75e2c5b3ddb86763dc9dcb),platform=Windows NT 10.0.16299 x86_64) (WARNING: The server did not provide any stacktrace information)
Command duration or timeout: 0 milliseconds
For documentation on this error, please visit: http://seleniumhq.org/exceptions/no_such_element.html
Build info: version: '3.11.0', revision: 'e59cfb3', time: '2018-03-11T20:26:55.152Z'
System info: host: 'CS60-PC', ip: '172.31.192.1', os.name: 'Windows 10', os.arch: 'amd64', os.version: '10.0', java.version: '1.8.0_171'
Driver info: org.openqa.selenium.chrome.ChromeDriver
Capabilities {acceptInsecureCerts: false, acceptSslCerts: false, applicationCacheEnabled: false, browserConnectionEnabled: false, browserName: chrome, chrome: {chromedriverVersion: 2.38.552522 (437e6fbedfa876..., userDataDir: C:\Users\admin\AppData\Loca...}, cssSelectorsEnabled: true, databaseEnabled: false, handlesAlerts: true, hasTouchScreen: false, javascriptEnabled: true, locationContextEnabled: true, mobileEmulationEnabled: false, nativeEvents: true, networkConnectionEnabled: false, pageLoadStrategy: normal, platform: XP, platformName: XP, rotatable: false, setWindowRect: true, takesHeapSnapshot: true, takesScreenshot: true, unexpectedAlertBehaviour: , unhandledPromptBehavior: , version: 68.0.3440.106, webStorageEnabled: true}
Session ID: fc2aa24821e921070dfcf4c93c45a240
*** Element info: {Using=xpath, value=null//h2}
	at sun.reflect.NativeConstructorAccessorImpl.newInstance0(Native Method)
	at sun.reflect.NativeConstructorAccessorImpl.newInstance(NativeConstructorAccessorImpl.java:62)
	at sun.reflect.DelegatingConstructorAccessorImpl.newInstance(DelegatingConstructorAccessorImpl.java:45)
	at java.lang.reflect.Constructor.newInstance(Constructor.java:423)
	at org.openqa.selenium.remote.ErrorHandler.createThrowable(ErrorHandler.java:214)
	at org.openqa.selenium.remote.ErrorHandler.throwIfResponseFailed(ErrorHandler.java:166)
	at org.openqa.selenium.remote.http.JsonHttpResponseCodec.reconstructValue(JsonHttpResponseCodec.java:40)
	at org.openqa.selenium.remote.http.AbstractHttpResponseCodec.decode(AbstractHttpResponseCodec.java:80)
	at org.openqa.selenium.remote.http.AbstractHttpResponseCodec.decode(AbstractHttpResponseCodec.java:44)
	at org.openqa.selenium.remote.HttpCommandExecutor.execute(HttpCommandExecutor.java:158)
	at org.openqa.selenium.remote.service.DriverCommandExecutor.execute(DriverCommandExecutor.java:83)
	at org.openqa.selenium.remote.RemoteWebDriver.execute(RemoteWebDriver.java:545)
	at org.openqa.selenium.remote.RemoteWebDriver.findElement(RemoteWebDriver.java:319)
	at org.openqa.selenium.remote.RemoteWebDriver.findElementByXPath(RemoteWebDriver.java:421)
	at org.openqa.selenium.By$ByXPath.findElement(By.java:361)
	at org.openqa.selenium.remote.RemoteWebDriver.findElement(RemoteWebDriver.java:311)
	at org.drc.vat.appmanager.HelperBase.elementText(HelperBase.java:199)
	at org.drc.vat.StepDefinitions.PasswordPolicyTaxpayerPortal.user_should_be_on_Login_screen(PasswordPolicyTaxpayerPortal.java:371)
	at ?.Given User should be on Login screen"DRC_ATC_TaxPayerPortalPasswordPolicy_07"|"Validate the user enter wrong password more than three or more time"(features/PasswordPolicyTaxpayerPortal.feature:228)
</pre></div>
					</li>
					<li test-id='169' class='node when skip' status='skip'><b>When</b>
						<span class="bdd-step-name">When Enter Email Id "abc@gmail.com"</span>
							<div class='pre'>skipped</div>
					</li>
					<li test-id='170' class='node and skip' status='skip'><b>And</b>
						<span class="bdd-step-name">And Enters wrong password "sfsdffsd@dfgdg"</span>
							<div class='pre'>skipped</div>
					</li>
					<li test-id='171' class='node and skip' status='skip'><b>And</b>
						<span class="bdd-step-name">And Click on sign in button</span>
							<div class='pre'>skipped</div>
					</li>
					<li test-id='172' class='node then skip' status='skip'><b>Then</b>
						<span class="bdd-step-name">Then Message"Invalid login attempt." Should be displayed</span>
							<div class='pre'>skipped</div>
					</li>
					<li test-id='173' class='node when skip' status='skip'><b>When</b>
						<span class="bdd-step-name">When Enters wrong password "sfsdffsd@dfgdg"</span>
							<div class='pre'>skipped</div>
					</li>
					<li test-id='174' class='node and skip' status='skip'><b>And</b>
						<span class="bdd-step-name">And Click on sign in button</span>
							<div class='pre'>skipped</div>
					</li>
					<li test-id='175' class='node then skip' status='skip'><b>Then</b>
						<span class="bdd-step-name">Then Message"Invalid login attempt." Should be displayed</span>
							<div class='pre'>skipped</div>
					</li>
					<li test-id='176' class='node when skip' status='skip'><b>When</b>
						<span class="bdd-step-name">When Enters wrong password "sfsdffsd@dfgdg"</span>
							<div class='pre'>skipped</div>
					</li>
					<li test-id='177' class='node and skip' status='skip'><b>And</b>
						<span class="bdd-step-name">And Click on sign in button</span>
							<div class='pre'>skipped</div>
					</li>
					<li test-id='178' class='node then skip' status='skip'><b>Then</b>
						<span class="bdd-step-name">Then Message"Your Account has been locked please contact your support." Should be displayed</span>
						<ul class='screenshots right'>
							<li><a data-featherlight="image" href="F:\PROJECT-1\DRC\Automation\drc_vat\DRC_VAT\test-output\Fri Aug 24\screenshots\Validate the user enter wrong password more than three or more time_182305.png"><i class='material-icons'>panorama</i></a></li>
						</ul>
							<div class='pre'>skipped</div>
					</li>
				</ul>
		</li>
	</ul>
</div>
<div class='scenariooutline node' test-id='179' status='fail'>
	<span class='duration right label'>0h 0m 4s+315ms</span>
	<div class='desc'>
		<b>ScenarioOutline</b>
		<span class="desc-text">Validate the user enter wrong email and right password</span>
	</div>
	<ul class='steps'>
		<li test-id='180' class='node scenario fail' status='fail'>
			<div class='category-list'>
				<span class='category label white-text'>@PWP_TC_09</span>
				<span class='category label white-text'>@TaxPayerPortal</span>
				<span class='category label white-text'>@Password</span>
				<span class='category label white-text'>@ConfirmPassword</span>
				<span class='category label white-text'>@PasswordPolicy</span>
			</div>
			
			<b>Scenario</b>
			
			<span class="bdd-step-name">Validate the user enter wrong email and right password</span>
			
				<ul class='steps'>
					<li test-id='181' class='node given fail' status='fail'><b>Given</b>
						<span class="bdd-step-name">Given User should be on Login screen"DRC_ATC_TaxPayerPortalPasswordPolicy_07"|"Validate the user enter wrong password more than three or more time"</span>
							<div class='pre'><pre>org.openqa.selenium.NoSuchElementException: no such element: Unable to locate element: {"method":"xpath","selector":"null//h2"}
  (Session info: chrome=68.0.3440.106)
  (Driver info: chromedriver=2.38.552522 (437e6fbedfa8762dec75e2c5b3ddb86763dc9dcb),platform=Windows NT 10.0.16299 x86_64) (WARNING: The server did not provide any stacktrace information)
Command duration or timeout: 0 milliseconds
For documentation on this error, please visit: http://seleniumhq.org/exceptions/no_such_element.html
Build info: version: '3.11.0', revision: 'e59cfb3', time: '2018-03-11T20:26:55.152Z'
System info: host: 'CS60-PC', ip: '172.31.192.1', os.name: 'Windows 10', os.arch: 'amd64', os.version: '10.0', java.version: '1.8.0_171'
Driver info: org.openqa.selenium.chrome.ChromeDriver
Capabilities {acceptInsecureCerts: false, acceptSslCerts: false, applicationCacheEnabled: false, browserConnectionEnabled: false, browserName: chrome, chrome: {chromedriverVersion: 2.38.552522 (437e6fbedfa876..., userDataDir: C:\Users\admin\AppData\Loca...}, cssSelectorsEnabled: true, databaseEnabled: false, handlesAlerts: true, hasTouchScreen: false, javascriptEnabled: true, locationContextEnabled: true, mobileEmulationEnabled: false, nativeEvents: true, networkConnectionEnabled: false, pageLoadStrategy: normal, platform: XP, platformName: XP, rotatable: false, setWindowRect: true, takesHeapSnapshot: true, takesScreenshot: true, unexpectedAlertBehaviour: , unhandledPromptBehavior: , version: 68.0.3440.106, webStorageEnabled: true}
Session ID: fc2aa24821e921070dfcf4c93c45a240
*** Element info: {Using=xpath, value=null//h2}
	at sun.reflect.NativeConstructorAccessorImpl.newInstance0(Native Method)
	at sun.reflect.NativeConstructorAccessorImpl.newInstance(NativeConstructorAccessorImpl.java:62)
	at sun.reflect.DelegatingConstructorAccessorImpl.newInstance(DelegatingConstructorAccessorImpl.java:45)
	at java.lang.reflect.Constructor.newInstance(Constructor.java:423)
	at org.openqa.selenium.remote.ErrorHandler.createThrowable(ErrorHandler.java:214)
	at org.openqa.selenium.remote.ErrorHandler.throwIfResponseFailed(ErrorHandler.java:166)
	at org.openqa.selenium.remote.http.JsonHttpResponseCodec.reconstructValue(JsonHttpResponseCodec.java:40)
	at org.openqa.selenium.remote.http.AbstractHttpResponseCodec.decode(AbstractHttpResponseCodec.java:80)
	at org.openqa.selenium.remote.http.AbstractHttpResponseCodec.decode(AbstractHttpResponseCodec.java:44)
	at org.openqa.selenium.remote.HttpCommandExecutor.execute(HttpCommandExecutor.java:158)
	at org.openqa.selenium.remote.service.DriverCommandExecutor.execute(DriverCommandExecutor.java:83)
	at org.openqa.selenium.remote.RemoteWebDriver.execute(RemoteWebDriver.java:545)
	at org.openqa.selenium.remote.RemoteWebDriver.findElement(RemoteWebDriver.java:319)
	at org.openqa.selenium.remote.RemoteWebDriver.findElementByXPath(RemoteWebDriver.java:421)
	at org.openqa.selenium.By$ByXPath.findElement(By.java:361)
	at org.openqa.selenium.remote.RemoteWebDriver.findElement(RemoteWebDriver.java:311)
	at org.drc.vat.appmanager.HelperBase.elementText(HelperBase.java:199)
	at org.drc.vat.StepDefinitions.PasswordPolicyTaxpayerPortal.user_should_be_on_Login_screen(PasswordPolicyTaxpayerPortal.java:371)
	at ?.Given User should be on Login screen"DRC_ATC_TaxPayerPortalPasswordPolicy_07"|"Validate the user enter wrong password more than three or more time"(features/PasswordPolicyTaxpayerPortal.feature:251)
</pre></div>
					</li>
					<li test-id='182' class='node when skip' status='skip'><b>When</b>
						<span class="bdd-step-name">When Enter wrong Email Id "sfsd@sf.com"</span>
							<div class='pre'>skipped</div>
					</li>
					<li test-id='183' class='node and skip' status='skip'><b>And</b>
						<span class="bdd-step-name">And Enter valid password"Abcde@12345"</span>
							<div class='pre'>skipped</div>
					</li>
					<li test-id='184' class='node and skip' status='skip'><b>And</b>
						<span class="bdd-step-name">And Click on sign in button</span>
							<div class='pre'>skipped</div>
					</li>
					<li test-id='185' class='node then skip' status='skip'><b>Then</b>
						<span class="bdd-step-name">Then Message"Email is not verified." Should be displayed</span>
							<div class='pre'>skipped</div>
					</li>
					<li test-id='186' class='node when skip' status='skip'><b>When</b>
						<span class="bdd-step-name">When Enter valid Email id "abc@mailinator.com"</span>
							<div class='pre'>skipped</div>
					</li>
					<li test-id='187' class='node and skip' status='skip'><b>And</b>
						<span class="bdd-step-name">And Enter Invalid password"sdhsjdfh@3453"</span>
							<div class='pre'>skipped</div>
					</li>
					<li test-id='188' class='node and skip' status='skip'><b>And</b>
						<span class="bdd-step-name">And Click on sign in button</span>
							<div class='pre'>skipped</div>
					</li>
					<li test-id='189' class='node then skip' status='skip'><b>Then</b>
						<span class="bdd-step-name">Then Message"Invalid login attempt." Should be displayed</span>
							<div class='pre'>skipped</div>
					</li>
					<li test-id='190' class='node when skip' status='skip'><b>When</b>
						<span class="bdd-step-name">When Click on Reset link</span>
							<div class='pre'>skipped</div>
					</li>
					<li test-id='191' class='node then skip' status='skip'><b>Then</b>
						<span class="bdd-step-name">Then user should be redirected to Forgot password Screen</span>
							<div class='pre'>skipped</div>
					</li>
					<li test-id='192' class='node then skip' status='skip'><b>Then</b>
						<span class="bdd-step-name">Then Enter registerd email id"abc@mailinator.com"</span>
							<div class='pre'>skipped</div>
					</li>
					<li test-id='193' class='node then skip' status='skip'><b>Then</b>
						<span class="bdd-step-name">Then Click on Send OTP and Enters the OTP pin</span>
							<div class='pre'>skipped</div>
					</li>
					<li test-id='194' class='node when skip' status='skip'><b>When</b>
						<span class="bdd-step-name">When Enter valid password"Abcd@1324"</span>
							<div class='pre'>skipped</div>
					</li>
					<li test-id='195' class='node and skip' status='skip'><b>And</b>
						<span class="bdd-step-name">And Enter valid in confirm password"Abcd@1324"</span>
							<div class='pre'>skipped</div>
					</li>
					<li test-id='196' class='node then skip' status='skip'><b>Then</b>
						<span class="bdd-step-name">Then Click on Reset button password reset</span>
							<div class='pre'>skipped</div>
					</li>
					<li test-id='197' class='node and skip' status='skip'><b>And</b>
						<span class="bdd-step-name">And user should be on Reset Password Screen</span>
							<div class='pre'>skipped</div>
					</li>
					<li test-id='198' class='node and skip' status='skip'><b>And</b>
						<span class="bdd-step-name">And user is on sign in page</span>
							<div class='pre'>skipped</div>
					</li>
					<li test-id='199' class='node and skip' status='skip'><b>And</b>
						<span class="bdd-step-name">And Enter email"abc@mailinator.com"</span>
							<div class='pre'>skipped</div>
					</li>
					<li test-id='200' class='node and skip' status='skip'><b>And</b>
						<span class="bdd-step-name">And Enters Old password"sadf@fsdf"</span>
							<div class='pre'>skipped</div>
					</li>
					<li test-id='201' class='node when skip' status='skip'><b>When</b>
						<span class="bdd-step-name">When Click on sign in button</span>
							<div class='pre'>skipped</div>
					</li>
					<li test-id='202' class='node then skip' status='skip'><b>Then</b>
						<span class="bdd-step-name">Then Message"Invalid login attempt." Should be displayed</span>
							<div class='pre'>skipped</div>
					</li>
					<li test-id='203' class='node and skip' status='skip'><b>And</b>
						<span class="bdd-step-name">And enter valid email"abc@mailinator.com"</span>
							<div class='pre'>skipped</div>
					</li>
					<li test-id='204' class='node and skip' status='skip'><b>And</b>
						<span class="bdd-step-name">And Enter more than fifty character in password field"dshfkhfkshfklshdfklsdhflkhdsf@jjsdfl;js;fljsf;ljsfd@djgjdgljdfgljdgjdgl;jdgljjjdljgdlfjgfld;jgl;ljljljfdhdjfshgjdfhsgdhfgAGFERERTERT"</span>
							<div class='pre'>skipped</div>
					</li>
					<li test-id='205' class='node and skip' status='skip'><b>And</b>
						<span class="bdd-step-name">And user is not able to enter more than fifty character</span>
						<ul class='screenshots right'>
							<li><a data-featherlight="image" href="F:\PROJECT-1\DRC\Automation\drc_vat\DRC_VAT\test-output\Fri Aug 24\screenshots\Validate the user enter wrong email and right password_182309.png"><i class='material-icons'>panorama</i></a></li>
						</ul>
							<div class='pre'>skipped</div>
					</li>
				</ul>
		</li>
	</ul>
</div>
<div class='scenariooutline node' test-id='206' status='fail'>
	<span class='duration right label'>0h 0m 4s+88ms</span>
	<div class='desc'>
		<b>ScenarioOutline</b>
		<span class="desc-text">Validate the user enter valid user name and password with blank space between two words</span>
	</div>
	<ul class='steps'>
		<li test-id='207' class='node scenario fail' status='fail'>
			<div class='category-list'>
				<span class='category label white-text'>@TaxPayerPortal</span>
				<span class='category label white-text'>@Password</span>
				<span class='category label white-text'>@ConfirmPassword</span>
				<span class='category label white-text'>@PWP_TC_10</span>
				<span class='category label white-text'>@PasswordPolicy</span>
			</div>
			
			<b>Scenario</b>
			
			<span class="bdd-step-name">Validate the user enter valid user name and password with blank space between two words</span>
			
				<ul class='steps'>
					<li test-id='208' class='node given fail' status='fail'><b>Given</b>
						<span class="bdd-step-name">Given User should be on Login screen"DRC_ATC_TaxPayerPortalPasswordPolicy_07"|"Validate the user enter valid user name and password with blank space between two words"</span>
							<div class='pre'><pre>org.openqa.selenium.NoSuchElementException: no such element: Unable to locate element: {"method":"xpath","selector":"null//h2"}
  (Session info: chrome=68.0.3440.106)
  (Driver info: chromedriver=2.38.552522 (437e6fbedfa8762dec75e2c5b3ddb86763dc9dcb),platform=Windows NT 10.0.16299 x86_64) (WARNING: The server did not provide any stacktrace information)
Command duration or timeout: 0 milliseconds
For documentation on this error, please visit: http://seleniumhq.org/exceptions/no_such_element.html
Build info: version: '3.11.0', revision: 'e59cfb3', time: '2018-03-11T20:26:55.152Z'
System info: host: 'CS60-PC', ip: '172.31.192.1', os.name: 'Windows 10', os.arch: 'amd64', os.version: '10.0', java.version: '1.8.0_171'
Driver info: org.openqa.selenium.chrome.ChromeDriver
Capabilities {acceptInsecureCerts: false, acceptSslCerts: false, applicationCacheEnabled: false, browserConnectionEnabled: false, browserName: chrome, chrome: {chromedriverVersion: 2.38.552522 (437e6fbedfa876..., userDataDir: C:\Users\admin\AppData\Loca...}, cssSelectorsEnabled: true, databaseEnabled: false, handlesAlerts: true, hasTouchScreen: false, javascriptEnabled: true, locationContextEnabled: true, mobileEmulationEnabled: false, nativeEvents: true, networkConnectionEnabled: false, pageLoadStrategy: normal, platform: XP, platformName: XP, rotatable: false, setWindowRect: true, takesHeapSnapshot: true, takesScreenshot: true, unexpectedAlertBehaviour: , unhandledPromptBehavior: , version: 68.0.3440.106, webStorageEnabled: true}
Session ID: fc2aa24821e921070dfcf4c93c45a240
*** Element info: {Using=xpath, value=null//h2}
	at sun.reflect.NativeConstructorAccessorImpl.newInstance0(Native Method)
	at sun.reflect.NativeConstructorAccessorImpl.newInstance(NativeConstructorAccessorImpl.java:62)
	at sun.reflect.DelegatingConstructorAccessorImpl.newInstance(DelegatingConstructorAccessorImpl.java:45)
	at java.lang.reflect.Constructor.newInstance(Constructor.java:423)
	at org.openqa.selenium.remote.ErrorHandler.createThrowable(ErrorHandler.java:214)
	at org.openqa.selenium.remote.ErrorHandler.throwIfResponseFailed(ErrorHandler.java:166)
	at org.openqa.selenium.remote.http.JsonHttpResponseCodec.reconstructValue(JsonHttpResponseCodec.java:40)
	at org.openqa.selenium.remote.http.AbstractHttpResponseCodec.decode(AbstractHttpResponseCodec.java:80)
	at org.openqa.selenium.remote.http.AbstractHttpResponseCodec.decode(AbstractHttpResponseCodec.java:44)
	at org.openqa.selenium.remote.HttpCommandExecutor.execute(HttpCommandExecutor.java:158)
	at org.openqa.selenium.remote.service.DriverCommandExecutor.execute(DriverCommandExecutor.java:83)
	at org.openqa.selenium.remote.RemoteWebDriver.execute(RemoteWebDriver.java:545)
	at org.openqa.selenium.remote.RemoteWebDriver.findElement(RemoteWebDriver.java:319)
	at org.openqa.selenium.remote.RemoteWebDriver.findElementByXPath(RemoteWebDriver.java:421)
	at org.openqa.selenium.By$ByXPath.findElement(By.java:361)
	at org.openqa.selenium.remote.RemoteWebDriver.findElement(RemoteWebDriver.java:311)
	at org.drc.vat.appmanager.HelperBase.elementText(HelperBase.java:199)
	at org.drc.vat.StepDefinitions.PasswordPolicyTaxpayerPortal.user_should_be_on_Login_screen(PasswordPolicyTaxpayerPortal.java:371)
	at ?.Given User should be on Login screen"DRC_ATC_TaxPayerPortalPasswordPolicy_07"|"Validate the user enter valid user name and password with blank space between two words"(features/PasswordPolicyTaxpayerPortal.feature:289)
</pre></div>
					</li>
					<li test-id='209' class='node when skip' status='skip'><b>When</b>
						<span class="bdd-step-name">When Enter valid Email id "demo1@mailinator.com"</span>
							<div class='pre'>skipped</div>
					</li>
					<li test-id='210' class='node and skip' status='skip'><b>And</b>
						<span class="bdd-step-name">And Enter password"demo 1234"</span>
							<div class='pre'>skipped</div>
					</li>
					<li test-id='211' class='node and skip' status='skip'><b>And</b>
						<span class="bdd-step-name">And Click on sign in button</span>
							<div class='pre'>skipped</div>
					</li>
					<li test-id='212' class='node then skip' status='skip'><b>Then</b>
						<span class="bdd-step-name">Then user should not be logged in to the application</span>
							<div class='pre'>skipped</div>
					</li>
					<li test-id='213' class='node when skip' status='skip'><b>When</b>
						<span class="bdd-step-name">When Enter valid Email id "demo1@mailinator.com"</span>
							<div class='pre'>skipped</div>
					</li>
					<li test-id='214' class='node and skip' status='skip'><b>And</b>
						<span class="bdd-step-name">And Enter password"demo1234"</span>
							<div class='pre'>skipped</div>
					</li>
					<li test-id='215' class='node and skip' status='skip'><b>And</b>
						<span class="bdd-step-name">And Click on sign in button</span>
							<div class='pre'>skipped</div>
					</li>
					<li test-id='216' class='node then skip' status='skip'><b>Then</b>
						<span class="bdd-step-name">Then user should be logged in to the application</span>
						<ul class='screenshots right'>
							<li><a data-featherlight="image" href="F:\PROJECT-1\DRC\Automation\drc_vat\DRC_VAT\test-output\Fri Aug 24\screenshots\Validate the user enter valid user name and password with blank space between two words_182314.png"><i class='material-icons'>panorama</i></a></li>
						</ul>
							<div class='pre'>skipped</div>
					</li>
				</ul>
		</li>
	</ul>
</div>
					</div>
				</li>
			</ul>
		</div>
	</div>
	<!-- subview left -->

	<div class='subview-right left'>
		<div class='view-summary'>
			<h5 class='test-name'></h5>

			<div id='step-filters' class="right">
				<span class="blue-text" status="info" alt="info" title="info"><i class="material-icons">info_outline</i></span>
				<span class="green-text" status="pass" alt="pass" title="pass"><i class="material-icons">check_circle</i></span>
				<span class="red-text" status="fail" alt="fail" title="fail"><i class="material-icons">cancel</i></span>
				<span class="red-text text-darken-4" status="fatal" alt="fatal" title="fatal"><i class="material-icons">cancel</i></span>
				<span class="pink-text text-lighten-1" status="error" alt="error" title="error"><i class="material-icons">error</i></span>
				<span class="orange-text" alt="warning" status="warning" title="warning"><i class="material-icons">warning</i></span>
				<span class="teal-text" status="skip" alt="skip" title="skip"><i class="material-icons">redo</i></span>
				<span status="clear" alt="Clear filters" title="Clear filters"><i class="material-icons">clear</i></span>
			</div>
		</div>
	</div>
	<!-- subview right -->

</div>
<!-- test view -->
<div id='category-view' class='view hide'>

	<section id='controls'>
		<div class='controls grey lighten-4'>
			<!-- search -->
			<div class='chip transparent' alt='Search Tests' title='Search Tests'>
				<a href="#" class='search-div'>
					<i class='material-icons'>search</i> Search
				</a>
				
				<div class='input-field left hide'>
					<input id='search-tests' type='text' class='validate browser-default' placeholder='Search Tests...'>
				</div>
				
			</div>
			<!-- search -->
		</div>
	</section>

	<div class='subview-left left'>
		
		<div class='view-summary'>
			<h5>Categories</h3>
			<ul id='category-collection' class='category-collection'>
				
				<li class='category displayed active'>
					<div class='category-heading'>
						<span class='category-name'>@TaxPayerPortal</span>
						<span class='category-status right'>
							<span class='label fail'>11</span>
						</span>
					</div>
					<div class='category-content hide'>
						<div class='category-status-counts'>
							
							<span class='label red lighten-1 white-text'>Failed: 11</span>
							
						</div>
					
						<div class='category-tests'>
							<table class='bordered table-results'>
								<thead>
									<tr>
										<th>Timestamp</th>
										<th>TestName</th>
										<th>Status</th>
									</tr>
								</thead>
								<tbody>
									<tr>
										<td>Aug 24, 2018 06:19:29 PM</td>
										<td class='linked' test-id='1'>Password Policy for TaxPayer Portal</td>
										<td><span class='test-status fail'>fail</span></td>
									</tr>
									<tr>
										<td>Aug 24, 2018 06:19:29 PM</td>
										<td class='linked' test-id='3'>Password Policy for TaxPayer Portal.Verify the password hint display on create password screen.Verify the password hint display on create password screen</td>
										<td><span class='test-status fail'>fail</span></td>
									</tr>
									<tr>
										<td>Aug 24, 2018 06:19:36 PM</td>
										<td class='linked' test-id='9'>Password Policy for TaxPayer Portal.Validate the Register button with all combination.Validate the Register button with all combination</td>
										<td><span class='test-status fail'>fail</span></td>
									</tr>
									<tr>
										<td>Aug 24, 2018 06:20:38 PM</td>
										<td class='linked' test-id='41'>Password Policy for TaxPayer Portal.Verify that for forgot password link.Verify that for forgot password link</td>
										<td><span class='test-status fail'>fail</span></td>
									</tr>
									<tr>
										<td>Aug 24, 2018 06:20:42 PM</td>
										<td class='linked' test-id='46'>Password Policy for TaxPayer Portal.Validate the Reset password/forgot password functionality using email id.Validate the Reset password/forgot password functionality using email id</td>
										<td><span class='test-status fail'>fail</span></td>
									</tr>
									<tr>
										<td>Aug 24, 2018 06:20:47 PM</td>
										<td class='linked' test-id='95'>Password Policy for TaxPayer Portal.Validate the Reset password/forgot password functionality using Mobile Number.Validate the Reset password/forgot password functionality using Mobile Number</td>
										<td><span class='test-status fail'>fail</span></td>
									</tr>
									<tr>
										<td>Aug 24, 2018 06:20:51 PM</td>
										<td class='linked' test-id='127'>Password Policy for TaxPayer Portal.Verify the password hint display on change password screen.Verify the password hint display on change password screen</td>
										<td><span class='test-status fail'>fail</span></td>
									</tr>
									<tr>
										<td>Aug 24, 2018 06:21:58 PM</td>
										<td class='linked' test-id='132'>Password Policy for TaxPayer Portal.Validate the Change password on submit button functionality with all combination.Validate the Change password on submit button functionality with all combination</td>
										<td><span class='test-status fail'>fail</span></td>
									</tr>
									<tr>
										<td>Aug 24, 2018 06:23:05 PM</td>
										<td class='linked' test-id='167'>Password Policy for TaxPayer Portal.Validate the user enter wrong password more than three or more time.Validate the user enter wrong password more than three or more time</td>
										<td><span class='test-status fail'>fail</span></td>
									</tr>
									<tr>
										<td>Aug 24, 2018 06:23:09 PM</td>
										<td class='linked' test-id='180'>Password Policy for TaxPayer Portal.Validate the user enter wrong email and right password.Validate the user enter wrong email and right password</td>
										<td><span class='test-status fail'>fail</span></td>
									</tr>
									<tr>
										<td>Aug 24, 2018 06:23:14 PM</td>
										<td class='linked' test-id='207'>Password Policy for TaxPayer Portal.Validate the user enter valid user name and password with blank space between two words.Validate the user enter valid user name and password with blank space between two words</td>
										<td><span class='test-status fail'>fail</span></td>
									</tr>
								</tbody>
							</table>
						</div>
					</div>
				</li>
				<li class='category displayed active'>
					<div class='category-heading'>
						<span class='category-name'>@PasswordPolicy</span>
						<span class='category-status right'>
							<span class='label fail'>11</span>
						</span>
					</div>
					<div class='category-content hide'>
						<div class='category-status-counts'>
							
							<span class='label red lighten-1 white-text'>Failed: 11</span>
							
						</div>
					
						<div class='category-tests'>
							<table class='bordered table-results'>
								<thead>
									<tr>
										<th>Timestamp</th>
										<th>TestName</th>
										<th>Status</th>
									</tr>
								</thead>
								<tbody>
									<tr>
										<td>Aug 24, 2018 06:19:29 PM</td>
										<td class='linked' test-id='1'>Password Policy for TaxPayer Portal</td>
										<td><span class='test-status fail'>fail</span></td>
									</tr>
									<tr>
										<td>Aug 24, 2018 06:19:29 PM</td>
										<td class='linked' test-id='3'>Password Policy for TaxPayer Portal.Verify the password hint display on create password screen.Verify the password hint display on create password screen</td>
										<td><span class='test-status fail'>fail</span></td>
									</tr>
									<tr>
										<td>Aug 24, 2018 06:19:36 PM</td>
										<td class='linked' test-id='9'>Password Policy for TaxPayer Portal.Validate the Register button with all combination.Validate the Register button with all combination</td>
										<td><span class='test-status fail'>fail</span></td>
									</tr>
									<tr>
										<td>Aug 24, 2018 06:20:38 PM</td>
										<td class='linked' test-id='41'>Password Policy for TaxPayer Portal.Verify that for forgot password link.Verify that for forgot password link</td>
										<td><span class='test-status fail'>fail</span></td>
									</tr>
									<tr>
										<td>Aug 24, 2018 06:20:42 PM</td>
										<td class='linked' test-id='46'>Password Policy for TaxPayer Portal.Validate the Reset password/forgot password functionality using email id.Validate the Reset password/forgot password functionality using email id</td>
										<td><span class='test-status fail'>fail</span></td>
									</tr>
									<tr>
										<td>Aug 24, 2018 06:20:47 PM</td>
										<td class='linked' test-id='95'>Password Policy for TaxPayer Portal.Validate the Reset password/forgot password functionality using Mobile Number.Validate the Reset password/forgot password functionality using Mobile Number</td>
										<td><span class='test-status fail'>fail</span></td>
									</tr>
									<tr>
										<td>Aug 24, 2018 06:20:51 PM</td>
										<td class='linked' test-id='127'>Password Policy for TaxPayer Portal.Verify the password hint display on change password screen.Verify the password hint display on change password screen</td>
										<td><span class='test-status fail'>fail</span></td>
									</tr>
									<tr>
										<td>Aug 24, 2018 06:21:58 PM</td>
										<td class='linked' test-id='132'>Password Policy for TaxPayer Portal.Validate the Change password on submit button functionality with all combination.Validate the Change password on submit button functionality with all combination</td>
										<td><span class='test-status fail'>fail</span></td>
									</tr>
									<tr>
										<td>Aug 24, 2018 06:23:05 PM</td>
										<td class='linked' test-id='167'>Password Policy for TaxPayer Portal.Validate the user enter wrong password more than three or more time.Validate the user enter wrong password more than three or more time</td>
										<td><span class='test-status fail'>fail</span></td>
									</tr>
									<tr>
										<td>Aug 24, 2018 06:23:09 PM</td>
										<td class='linked' test-id='180'>Password Policy for TaxPayer Portal.Validate the user enter wrong email and right password.Validate the user enter wrong email and right password</td>
										<td><span class='test-status fail'>fail</span></td>
									</tr>
									<tr>
										<td>Aug 24, 2018 06:23:14 PM</td>
										<td class='linked' test-id='207'>Password Policy for TaxPayer Portal.Validate the user enter valid user name and password with blank space between two words.Validate the user enter valid user name and password with blank space between two words</td>
										<td><span class='test-status fail'>fail</span></td>
									</tr>
								</tbody>
							</table>
						</div>
					</div>
				</li>
				<li class='category displayed active'>
					<div class='category-heading'>
						<span class='category-name'>@Password</span>
						<span class='category-status right'>
							<span class='label fail'>11</span>
						</span>
					</div>
					<div class='category-content hide'>
						<div class='category-status-counts'>
							
							<span class='label red lighten-1 white-text'>Failed: 11</span>
							
						</div>
					
						<div class='category-tests'>
							<table class='bordered table-results'>
								<thead>
									<tr>
										<th>Timestamp</th>
										<th>TestName</th>
										<th>Status</th>
									</tr>
								</thead>
								<tbody>
									<tr>
										<td>Aug 24, 2018 06:19:29 PM</td>
										<td class='linked' test-id='1'>Password Policy for TaxPayer Portal</td>
										<td><span class='test-status fail'>fail</span></td>
									</tr>
									<tr>
										<td>Aug 24, 2018 06:19:29 PM</td>
										<td class='linked' test-id='3'>Password Policy for TaxPayer Portal.Verify the password hint display on create password screen.Verify the password hint display on create password screen</td>
										<td><span class='test-status fail'>fail</span></td>
									</tr>
									<tr>
										<td>Aug 24, 2018 06:19:36 PM</td>
										<td class='linked' test-id='9'>Password Policy for TaxPayer Portal.Validate the Register button with all combination.Validate the Register button with all combination</td>
										<td><span class='test-status fail'>fail</span></td>
									</tr>
									<tr>
										<td>Aug 24, 2018 06:20:38 PM</td>
										<td class='linked' test-id='41'>Password Policy for TaxPayer Portal.Verify that for forgot password link.Verify that for forgot password link</td>
										<td><span class='test-status fail'>fail</span></td>
									</tr>
									<tr>
										<td>Aug 24, 2018 06:20:42 PM</td>
										<td class='linked' test-id='46'>Password Policy for TaxPayer Portal.Validate the Reset password/forgot password functionality using email id.Validate the Reset password/forgot password functionality using email id</td>
										<td><span class='test-status fail'>fail</span></td>
									</tr>
									<tr>
										<td>Aug 24, 2018 06:20:47 PM</td>
										<td class='linked' test-id='95'>Password Policy for TaxPayer Portal.Validate the Reset password/forgot password functionality using Mobile Number.Validate the Reset password/forgot password functionality using Mobile Number</td>
										<td><span class='test-status fail'>fail</span></td>
									</tr>
									<tr>
										<td>Aug 24, 2018 06:20:51 PM</td>
										<td class='linked' test-id='127'>Password Policy for TaxPayer Portal.Verify the password hint display on change password screen.Verify the password hint display on change password screen</td>
										<td><span class='test-status fail'>fail</span></td>
									</tr>
									<tr>
										<td>Aug 24, 2018 06:21:58 PM</td>
										<td class='linked' test-id='132'>Password Policy for TaxPayer Portal.Validate the Change password on submit button functionality with all combination.Validate the Change password on submit button functionality with all combination</td>
										<td><span class='test-status fail'>fail</span></td>
									</tr>
									<tr>
										<td>Aug 24, 2018 06:23:05 PM</td>
										<td class='linked' test-id='167'>Password Policy for TaxPayer Portal.Validate the user enter wrong password more than three or more time.Validate the user enter wrong password more than three or more time</td>
										<td><span class='test-status fail'>fail</span></td>
									</tr>
									<tr>
										<td>Aug 24, 2018 06:23:09 PM</td>
										<td class='linked' test-id='180'>Password Policy for TaxPayer Portal.Validate the user enter wrong email and right password.Validate the user enter wrong email and right password</td>
										<td><span class='test-status fail'>fail</span></td>
									</tr>
									<tr>
										<td>Aug 24, 2018 06:23:14 PM</td>
										<td class='linked' test-id='207'>Password Policy for TaxPayer Portal.Validate the user enter valid user name and password with blank space between two words.Validate the user enter valid user name and password with blank space between two words</td>
										<td><span class='test-status fail'>fail</span></td>
									</tr>
								</tbody>
							</table>
						</div>
					</div>
				</li>
				<li class='category displayed active'>
					<div class='category-heading'>
						<span class='category-name'>@ConfirmPassword</span>
						<span class='category-status right'>
							<span class='label fail'>11</span>
						</span>
					</div>
					<div class='category-content hide'>
						<div class='category-status-counts'>
							
							<span class='label red lighten-1 white-text'>Failed: 11</span>
							
						</div>
					
						<div class='category-tests'>
							<table class='bordered table-results'>
								<thead>
									<tr>
										<th>Timestamp</th>
										<th>TestName</th>
										<th>Status</th>
									</tr>
								</thead>
								<tbody>
									<tr>
										<td>Aug 24, 2018 06:19:29 PM</td>
										<td class='linked' test-id='1'>Password Policy for TaxPayer Portal</td>
										<td><span class='test-status fail'>fail</span></td>
									</tr>
									<tr>
										<td>Aug 24, 2018 06:19:29 PM</td>
										<td class='linked' test-id='3'>Password Policy for TaxPayer Portal.Verify the password hint display on create password screen.Verify the password hint display on create password screen</td>
										<td><span class='test-status fail'>fail</span></td>
									</tr>
									<tr>
										<td>Aug 24, 2018 06:19:36 PM</td>
										<td class='linked' test-id='9'>Password Policy for TaxPayer Portal.Validate the Register button with all combination.Validate the Register button with all combination</td>
										<td><span class='test-status fail'>fail</span></td>
									</tr>
									<tr>
										<td>Aug 24, 2018 06:20:38 PM</td>
										<td class='linked' test-id='41'>Password Policy for TaxPayer Portal.Verify that for forgot password link.Verify that for forgot password link</td>
										<td><span class='test-status fail'>fail</span></td>
									</tr>
									<tr>
										<td>Aug 24, 2018 06:20:42 PM</td>
										<td class='linked' test-id='46'>Password Policy for TaxPayer Portal.Validate the Reset password/forgot password functionality using email id.Validate the Reset password/forgot password functionality using email id</td>
										<td><span class='test-status fail'>fail</span></td>
									</tr>
									<tr>
										<td>Aug 24, 2018 06:20:47 PM</td>
										<td class='linked' test-id='95'>Password Policy for TaxPayer Portal.Validate the Reset password/forgot password functionality using Mobile Number.Validate the Reset password/forgot password functionality using Mobile Number</td>
										<td><span class='test-status fail'>fail</span></td>
									</tr>
									<tr>
										<td>Aug 24, 2018 06:20:51 PM</td>
										<td class='linked' test-id='127'>Password Policy for TaxPayer Portal.Verify the password hint display on change password screen.Verify the password hint display on change password screen</td>
										<td><span class='test-status fail'>fail</span></td>
									</tr>
									<tr>
										<td>Aug 24, 2018 06:21:58 PM</td>
										<td class='linked' test-id='132'>Password Policy for TaxPayer Portal.Validate the Change password on submit button functionality with all combination.Validate the Change password on submit button functionality with all combination</td>
										<td><span class='test-status fail'>fail</span></td>
									</tr>
									<tr>
										<td>Aug 24, 2018 06:23:05 PM</td>
										<td class='linked' test-id='167'>Password Policy for TaxPayer Portal.Validate the user enter wrong password more than three or more time.Validate the user enter wrong password more than three or more time</td>
										<td><span class='test-status fail'>fail</span></td>
									</tr>
									<tr>
										<td>Aug 24, 2018 06:23:09 PM</td>
										<td class='linked' test-id='180'>Password Policy for TaxPayer Portal.Validate the user enter wrong email and right password.Validate the user enter wrong email and right password</td>
										<td><span class='test-status fail'>fail</span></td>
									</tr>
									<tr>
										<td>Aug 24, 2018 06:23:14 PM</td>
										<td class='linked' test-id='207'>Password Policy for TaxPayer Portal.Validate the user enter valid user name and password with blank space between two words.Validate the user enter valid user name and password with blank space between two words</td>
										<td><span class='test-status fail'>fail</span></td>
									</tr>
								</tbody>
							</table>
						</div>
					</div>
				</li>
				<li class='category displayed active'>
					<div class='category-heading'>
						<span class='category-name'>@PWP_TC_01</span>
						<span class='category-status right'>
							<span class='label fail'>1</span>
						</span>
					</div>
					<div class='category-content hide'>
						<div class='category-status-counts'>
							
							<span class='label red lighten-1 white-text'>Failed: 1</span>
							
						</div>
					
						<div class='category-tests'>
							<table class='bordered table-results'>
								<thead>
									<tr>
										<th>Timestamp</th>
										<th>TestName</th>
										<th>Status</th>
									</tr>
								</thead>
								<tbody>
									<tr>
										<td>Aug 24, 2018 06:19:29 PM</td>
										<td class='linked' test-id='3'>Password Policy for TaxPayer Portal.Verify the password hint display on create password screen.Verify the password hint display on create password screen</td>
										<td><span class='test-status fail'>fail</span></td>
									</tr>
								</tbody>
							</table>
						</div>
					</div>
				</li>
				<li class='category displayed active'>
					<div class='category-heading'>
						<span class='category-name'>@PWP_TC_02</span>
						<span class='category-status right'>
							<span class='label fail'>1</span>
						</span>
					</div>
					<div class='category-content hide'>
						<div class='category-status-counts'>
							
							<span class='label red lighten-1 white-text'>Failed: 1</span>
							
						</div>
					
						<div class='category-tests'>
							<table class='bordered table-results'>
								<thead>
									<tr>
										<th>Timestamp</th>
										<th>TestName</th>
										<th>Status</th>
									</tr>
								</thead>
								<tbody>
									<tr>
										<td>Aug 24, 2018 06:19:36 PM</td>
										<td class='linked' test-id='9'>Password Policy for TaxPayer Portal.Validate the Register button with all combination.Validate the Register button with all combination</td>
										<td><span class='test-status fail'>fail</span></td>
									</tr>
								</tbody>
							</table>
						</div>
					</div>
				</li>
				<li class='category displayed active'>
					<div class='category-heading'>
						<span class='category-name'>@Link</span>
						<span class='category-status right'>
							<span class='label fail'>1</span>
						</span>
					</div>
					<div class='category-content hide'>
						<div class='category-status-counts'>
							
							<span class='label red lighten-1 white-text'>Failed: 1</span>
							
						</div>
					
						<div class='category-tests'>
							<table class='bordered table-results'>
								<thead>
									<tr>
										<th>Timestamp</th>
										<th>TestName</th>
										<th>Status</th>
									</tr>
								</thead>
								<tbody>
									<tr>
										<td>Aug 24, 2018 06:20:38 PM</td>
										<td class='linked' test-id='41'>Password Policy for TaxPayer Portal.Verify that for forgot password link.Verify that for forgot password link</td>
										<td><span class='test-status fail'>fail</span></td>
									</tr>
								</tbody>
							</table>
						</div>
					</div>
				</li>
				<li class='category displayed active'>
					<div class='category-heading'>
						<span class='category-name'>@ForgotPassort</span>
						<span class='category-status right'>
							<span class='label fail'>1</span>
						</span>
					</div>
					<div class='category-content hide'>
						<div class='category-status-counts'>
							
							<span class='label red lighten-1 white-text'>Failed: 1</span>
							
						</div>
					
						<div class='category-tests'>
							<table class='bordered table-results'>
								<thead>
									<tr>
										<th>Timestamp</th>
										<th>TestName</th>
										<th>Status</th>
									</tr>
								</thead>
								<tbody>
									<tr>
										<td>Aug 24, 2018 06:20:38 PM</td>
										<td class='linked' test-id='41'>Password Policy for TaxPayer Portal.Verify that for forgot password link.Verify that for forgot password link</td>
										<td><span class='test-status fail'>fail</span></td>
									</tr>
								</tbody>
							</table>
						</div>
					</div>
				</li>
				<li class='category displayed active'>
					<div class='category-heading'>
						<span class='category-name'>@PWP_TC_03</span>
						<span class='category-status right'>
							<span class='label fail'>1</span>
						</span>
					</div>
					<div class='category-content hide'>
						<div class='category-status-counts'>
							
							<span class='label red lighten-1 white-text'>Failed: 1</span>
							
						</div>
					
						<div class='category-tests'>
							<table class='bordered table-results'>
								<thead>
									<tr>
										<th>Timestamp</th>
										<th>TestName</th>
										<th>Status</th>
									</tr>
								</thead>
								<tbody>
									<tr>
										<td>Aug 24, 2018 06:20:38 PM</td>
										<td class='linked' test-id='41'>Password Policy for TaxPayer Portal.Verify that for forgot password link.Verify that for forgot password link</td>
										<td><span class='test-status fail'>fail</span></td>
									</tr>
								</tbody>
							</table>
						</div>
					</div>
				</li>
				<li class='category displayed active'>
					<div class='category-heading'>
						<span class='category-name'>@ResetPassword</span>
						<span class='category-status right'>
							<span class='label fail'>2</span>
						</span>
					</div>
					<div class='category-content hide'>
						<div class='category-status-counts'>
							
							<span class='label red lighten-1 white-text'>Failed: 2</span>
							
						</div>
					
						<div class='category-tests'>
							<table class='bordered table-results'>
								<thead>
									<tr>
										<th>Timestamp</th>
										<th>TestName</th>
										<th>Status</th>
									</tr>
								</thead>
								<tbody>
									<tr>
										<td>Aug 24, 2018 06:20:42 PM</td>
										<td class='linked' test-id='46'>Password Policy for TaxPayer Portal.Validate the Reset password/forgot password functionality using email id.Validate the Reset password/forgot password functionality using email id</td>
										<td><span class='test-status fail'>fail</span></td>
									</tr>
									<tr>
										<td>Aug 24, 2018 06:20:47 PM</td>
										<td class='linked' test-id='95'>Password Policy for TaxPayer Portal.Validate the Reset password/forgot password functionality using Mobile Number.Validate the Reset password/forgot password functionality using Mobile Number</td>
										<td><span class='test-status fail'>fail</span></td>
									</tr>
								</tbody>
							</table>
						</div>
					</div>
				</li>
				<li class='category displayed active'>
					<div class='category-heading'>
						<span class='category-name'>@PWP_TC_04</span>
						<span class='category-status right'>
							<span class='label fail'>1</span>
						</span>
					</div>
					<div class='category-content hide'>
						<div class='category-status-counts'>
							
							<span class='label red lighten-1 white-text'>Failed: 1</span>
							
						</div>
					
						<div class='category-tests'>
							<table class='bordered table-results'>
								<thead>
									<tr>
										<th>Timestamp</th>
										<th>TestName</th>
										<th>Status</th>
									</tr>
								</thead>
								<tbody>
									<tr>
										<td>Aug 24, 2018 06:20:42 PM</td>
										<td class='linked' test-id='46'>Password Policy for TaxPayer Portal.Validate the Reset password/forgot password functionality using email id.Validate the Reset password/forgot password functionality using email id</td>
										<td><span class='test-status fail'>fail</span></td>
									</tr>
								</tbody>
							</table>
						</div>
					</div>
				</li>
				<li class='category displayed active'>
					<div class='category-heading'>
						<span class='category-name'>@Email-ID</span>
						<span class='category-status right'>
							<span class='label fail'>1</span>
						</span>
					</div>
					<div class='category-content hide'>
						<div class='category-status-counts'>
							
							<span class='label red lighten-1 white-text'>Failed: 1</span>
							
						</div>
					
						<div class='category-tests'>
							<table class='bordered table-results'>
								<thead>
									<tr>
										<th>Timestamp</th>
										<th>TestName</th>
										<th>Status</th>
									</tr>
								</thead>
								<tbody>
									<tr>
										<td>Aug 24, 2018 06:20:42 PM</td>
										<td class='linked' test-id='46'>Password Policy for TaxPayer Portal.Validate the Reset password/forgot password functionality using email id.Validate the Reset password/forgot password functionality using email id</td>
										<td><span class='test-status fail'>fail</span></td>
									</tr>
								</tbody>
							</table>
						</div>
					</div>
				</li>
				<li class='category displayed active'>
					<div class='category-heading'>
						<span class='category-name'>@MobileNumber</span>
						<span class='category-status right'>
							<span class='label fail'>1</span>
						</span>
					</div>
					<div class='category-content hide'>
						<div class='category-status-counts'>
							
							<span class='label red lighten-1 white-text'>Failed: 1</span>
							
						</div>
					
						<div class='category-tests'>
							<table class='bordered table-results'>
								<thead>
									<tr>
										<th>Timestamp</th>
										<th>TestName</th>
										<th>Status</th>
									</tr>
								</thead>
								<tbody>
									<tr>
										<td>Aug 24, 2018 06:20:47 PM</td>
										<td class='linked' test-id='95'>Password Policy for TaxPayer Portal.Validate the Reset password/forgot password functionality using Mobile Number.Validate the Reset password/forgot password functionality using Mobile Number</td>
										<td><span class='test-status fail'>fail</span></td>
									</tr>
								</tbody>
							</table>
						</div>
					</div>
				</li>
				<li class='category displayed active'>
					<div class='category-heading'>
						<span class='category-name'>@Hold</span>
						<span class='category-status right'>
							<span class='label fail'>2</span>
						</span>
					</div>
					<div class='category-content hide'>
						<div class='category-status-counts'>
							
							<span class='label red lighten-1 white-text'>Failed: 2</span>
							
						</div>
					
						<div class='category-tests'>
							<table class='bordered table-results'>
								<thead>
									<tr>
										<th>Timestamp</th>
										<th>TestName</th>
										<th>Status</th>
									</tr>
								</thead>
								<tbody>
									<tr>
										<td>Aug 24, 2018 06:20:47 PM</td>
										<td class='linked' test-id='95'>Password Policy for TaxPayer Portal.Validate the Reset password/forgot password functionality using Mobile Number.Validate the Reset password/forgot password functionality using Mobile Number</td>
										<td><span class='test-status fail'>fail</span></td>
									</tr>
									<tr>
										<td>Aug 24, 2018 06:23:05 PM</td>
										<td class='linked' test-id='167'>Password Policy for TaxPayer Portal.Validate the user enter wrong password more than three or more time.Validate the user enter wrong password more than three or more time</td>
										<td><span class='test-status fail'>fail</span></td>
									</tr>
								</tbody>
							</table>
						</div>
					</div>
				</li>
				<li class='category displayed active'>
					<div class='category-heading'>
						<span class='category-name'>@PWP_TC_05</span>
						<span class='category-status right'>
							<span class='label fail'>1</span>
						</span>
					</div>
					<div class='category-content hide'>
						<div class='category-status-counts'>
							
							<span class='label red lighten-1 white-text'>Failed: 1</span>
							
						</div>
					
						<div class='category-tests'>
							<table class='bordered table-results'>
								<thead>
									<tr>
										<th>Timestamp</th>
										<th>TestName</th>
										<th>Status</th>
									</tr>
								</thead>
								<tbody>
									<tr>
										<td>Aug 24, 2018 06:20:47 PM</td>
										<td class='linked' test-id='95'>Password Policy for TaxPayer Portal.Validate the Reset password/forgot password functionality using Mobile Number.Validate the Reset password/forgot password functionality using Mobile Number</td>
										<td><span class='test-status fail'>fail</span></td>
									</tr>
								</tbody>
							</table>
						</div>
					</div>
				</li>
				<li class='category displayed active'>
					<div class='category-heading'>
						<span class='category-name'>@PWP_TC_06</span>
						<span class='category-status right'>
							<span class='label fail'>1</span>
						</span>
					</div>
					<div class='category-content hide'>
						<div class='category-status-counts'>
							
							<span class='label red lighten-1 white-text'>Failed: 1</span>
							
						</div>
					
						<div class='category-tests'>
							<table class='bordered table-results'>
								<thead>
									<tr>
										<th>Timestamp</th>
										<th>TestName</th>
										<th>Status</th>
									</tr>
								</thead>
								<tbody>
									<tr>
										<td>Aug 24, 2018 06:20:51 PM</td>
										<td class='linked' test-id='127'>Password Policy for TaxPayer Portal.Verify the password hint display on change password screen.Verify the password hint display on change password screen</td>
										<td><span class='test-status fail'>fail</span></td>
									</tr>
								</tbody>
							</table>
						</div>
					</div>
				</li>
				<li class='category displayed active'>
					<div class='category-heading'>
						<span class='category-name'>@PWP_TC_07</span>
						<span class='category-status right'>
							<span class='label fail'>1</span>
						</span>
					</div>
					<div class='category-content hide'>
						<div class='category-status-counts'>
							
							<span class='label red lighten-1 white-text'>Failed: 1</span>
							
						</div>
					
						<div class='category-tests'>
							<table class='bordered table-results'>
								<thead>
									<tr>
										<th>Timestamp</th>
										<th>TestName</th>
										<th>Status</th>
									</tr>
								</thead>
								<tbody>
									<tr>
										<td>Aug 24, 2018 06:21:58 PM</td>
										<td class='linked' test-id='132'>Password Policy for TaxPayer Portal.Validate the Change password on submit button functionality with all combination.Validate the Change password on submit button functionality with all combination</td>
										<td><span class='test-status fail'>fail</span></td>
									</tr>
								</tbody>
							</table>
						</div>
					</div>
				</li>
				<li class='category displayed active'>
					<div class='category-heading'>
						<span class='category-name'>@PWP_TC_08</span>
						<span class='category-status right'>
							<span class='label fail'>1</span>
						</span>
					</div>
					<div class='category-content hide'>
						<div class='category-status-counts'>
							
							<span class='label red lighten-1 white-text'>Failed: 1</span>
							
						</div>
					
						<div class='category-tests'>
							<table class='bordered table-results'>
								<thead>
									<tr>
										<th>Timestamp</th>
										<th>TestName</th>
										<th>Status</th>
									</tr>
								</thead>
								<tbody>
									<tr>
										<td>Aug 24, 2018 06:23:05 PM</td>
										<td class='linked' test-id='167'>Password Policy for TaxPayer Portal.Validate the user enter wrong password more than three or more time.Validate the user enter wrong password more than three or more time</td>
										<td><span class='test-status fail'>fail</span></td>
									</tr>
								</tbody>
							</table>
						</div>
					</div>
				</li>
				<li class='category displayed active'>
					<div class='category-heading'>
						<span class='category-name'>@PWP_TC_09</span>
						<span class='category-status right'>
							<span class='label fail'>1</span>
						</span>
					</div>
					<div class='category-content hide'>
						<div class='category-status-counts'>
							
							<span class='label red lighten-1 white-text'>Failed: 1</span>
							
						</div>
					
						<div class='category-tests'>
							<table class='bordered table-results'>
								<thead>
									<tr>
										<th>Timestamp</th>
										<th>TestName</th>
										<th>Status</th>
									</tr>
								</thead>
								<tbody>
									<tr>
										<td>Aug 24, 2018 06:23:09 PM</td>
										<td class='linked' test-id='180'>Password Policy for TaxPayer Portal.Validate the user enter wrong email and right password.Validate the user enter wrong email and right password</td>
										<td><span class='test-status fail'>fail</span></td>
									</tr>
								</tbody>
							</table>
						</div>
					</div>
				</li>
				<li class='category displayed active'>
					<div class='category-heading'>
						<span class='category-name'>@PWP_TC_10</span>
						<span class='category-status right'>
							<span class='label fail'>1</span>
						</span>
					</div>
					<div class='category-content hide'>
						<div class='category-status-counts'>
							
							<span class='label red lighten-1 white-text'>Failed: 1</span>
							
						</div>
					
						<div class='category-tests'>
							<table class='bordered table-results'>
								<thead>
									<tr>
										<th>Timestamp</th>
										<th>TestName</th>
										<th>Status</th>
									</tr>
								</thead>
								<tbody>
									<tr>
										<td>Aug 24, 2018 06:23:14 PM</td>
										<td class='linked' test-id='207'>Password Policy for TaxPayer Portal.Validate the user enter valid user name and password with blank space between two words.Validate the user enter valid user name and password with blank space between two words</td>
										<td><span class='test-status fail'>fail</span></td>
									</tr>
								</tbody>
							</table>
						</div>
					</div>
				</li>

			</ul>
		</div>
	</div>

	<div class='subview-right left'>
		<div class='view-summary'>
			<h5 class='category-name'></h5>
		</div>
	</div>
</div>
<!-- category view -->
<div id='exception-view' class='view hide'>

    <section id='controls'>
        <div class='controls grey lighten-4'>
            <!-- search -->
            <div class='chip transparent' alt='Search Tests' title='Search Tests'>
                <a href="#" class='search-div'>
                    <i class='material-icons'>search</i> Search
                </a>

                <div class='input-field left hide'>
                    <input id='search-tests' type='text' class='validate browser-default' placeholder='Search Tests...'>
                </div>

            </div>
            <!-- search -->
        </div>
    </section>

    <div class='subview-left left'>

        <div class='view-summary'>
            <h5>Exceptions</h3>
                <ul id='exception-collection' class='exception-collection'>

                        <li class='exception displayed active'>
                            <div class='exception-heading'>
                                <span class='exception-name'>org.openqa.selenium.NoSuchElementException</span>
                                <span class='exception-count right'><span class='label red lighten-1 white-text'>7</span></span>
                            </div>
                            <div class='exception-content hide'>
                                <div class='exception-tests'>
                                    <table class='bordered table-results'>
                                        <thead>
                                        <tr>
                                            <th>Timestamp</th>
                                            <th>TestName</th>
                                            <th>Status</th>
                                        </tr>
                                        </thead>
                                        <tbody>
                                                    <tr>
                                                        <td>Aug 24, 2018 06:19:29 PM</td>
                                                        <td class='linked' test-id='4'>Password Policy for TaxPayer Portal.Verify the password hint display on create password screen.Verify the password hint display on create password screen.Given The user is on TaxPayer portal Registeration page for registration"DRC_ATC_TaxPayerPortalPasswordPolicy_01"|"Verify the password hint display on create password screen"</td>
                                                        <td><pre><pre>org.openqa.selenium.NoSuchElementException: no such element: Unable to locate element: {"method":"xpath","selector":"null//h2"}
  (Session info: chrome=68.0.3440.106)
  (Driver info: chromedriver=2.38.552522 (437e6fbedfa8762dec75e2c5b3ddb86763dc9dcb),platform=Windows NT 10.0.16299 x86_64) (WARNING: The server did not provide any stacktrace information)
Command duration or timeout: 0 milliseconds
For documentation on this error, please visit: http://seleniumhq.org/exceptions/no_such_element.html
Build info: version: '3.11.0', revision: 'e59cfb3', time: '2018-03-11T20:26:55.152Z'
System info: host: 'CS60-PC', ip: '172.31.192.1', os.name: 'Windows 10', os.arch: 'amd64', os.version: '10.0', java.version: '1.8.0_171'
Driver info: org.openqa.selenium.chrome.ChromeDriver
Capabilities {acceptInsecureCerts: false, acceptSslCerts: false, applicationCacheEnabled: false, browserConnectionEnabled: false, browserName: chrome, chrome: {chromedriverVersion: 2.38.552522 (437e6fbedfa876..., userDataDir: C:\Users\admin\AppData\Loca...}, cssSelectorsEnabled: true, databaseEnabled: false, handlesAlerts: true, hasTouchScreen: false, javascriptEnabled: true, locationContextEnabled: true, mobileEmulationEnabled: false, nativeEvents: true, networkConnectionEnabled: false, pageLoadStrategy: normal, platform: XP, platformName: XP, rotatable: false, setWindowRect: true, takesHeapSnapshot: true, takesScreenshot: true, unexpectedAlertBehaviour: , unhandledPromptBehavior: , version: 68.0.3440.106, webStorageEnabled: true}
Session ID: fc2aa24821e921070dfcf4c93c45a240
*** Element info: {Using=xpath, value=null//h2}
	at sun.reflect.NativeConstructorAccessorImpl.newInstance0(Native Method)
	at sun.reflect.NativeConstructorAccessorImpl.newInstance(NativeConstructorAccessorImpl.java:62)
	at sun.reflect.DelegatingConstructorAccessorImpl.newInstance(DelegatingConstructorAccessorImpl.java:45)
	at java.lang.reflect.Constructor.newInstance(Constructor.java:423)
	at org.openqa.selenium.remote.ErrorHandler.createThrowable(ErrorHandler.java:214)
	at org.openqa.selenium.remote.ErrorHandler.throwIfResponseFailed(ErrorHandler.java:166)
	at org.openqa.selenium.remote.http.JsonHttpResponseCodec.reconstructValue(JsonHttpResponseCodec.java:40)
	at org.openqa.selenium.remote.http.AbstractHttpResponseCodec.decode(AbstractHttpResponseCodec.java:80)
	at org.openqa.selenium.remote.http.AbstractHttpResponseCodec.decode(AbstractHttpResponseCodec.java:44)
	at org.openqa.selenium.remote.HttpCommandExecutor.execute(HttpCommandExecutor.java:158)
	at org.openqa.selenium.remote.service.DriverCommandExecutor.execute(DriverCommandExecutor.java:83)
	at org.openqa.selenium.remote.RemoteWebDriver.execute(RemoteWebDriver.java:545)
	at org.openqa.selenium.remote.RemoteWebDriver.findElement(RemoteWebDriver.java:319)
	at org.openqa.selenium.remote.RemoteWebDriver.findElementByXPath(RemoteWebDriver.java:421)
	at org.openqa.selenium.By$ByXPath.findElement(By.java:361)
	at org.openqa.selenium.remote.RemoteWebDriver.findElement(RemoteWebDriver.java:311)
	at org.drc.vat.appmanager.HelperBase.elementText(HelperBase.java:199)
	at org.drc.vat.StepDefinitions.PasswordPolicyTaxpayerPortal.the_user_is_on_TaxPayer_portal_Registeration_page_for_registration(PasswordPolicyTaxpayerPortal.java:26)
	at ?.Given The user is on TaxPayer portal Registeration page for registration"DRC_ATC_TaxPayerPortalPasswordPolicy_01"|"Verify the password hint display on create password screen"(features/PasswordPolicyTaxpayerPortal.feature:24)
</pre></pre></td>
                                                    </tr>
                                                    <tr>
                                                        <td>Aug 24, 2018 06:20:40 PM</td>
                                                        <td class='linked' test-id='44'>Password Policy for TaxPayer Portal.Verify that for forgot password link.Verify that for forgot password link.Then User is on Reset Password</td>
                                                        <td><pre><pre>org.openqa.selenium.NoSuchElementException: no such element: Unable to locate element: {"method":"xpath","selector":"null//h2"}
  (Session info: chrome=68.0.3440.106)
  (Driver info: chromedriver=2.38.552522 (437e6fbedfa8762dec75e2c5b3ddb86763dc9dcb),platform=Windows NT 10.0.16299 x86_64) (WARNING: The server did not provide any stacktrace information)
Command duration or timeout: 0 milliseconds
For documentation on this error, please visit: http://seleniumhq.org/exceptions/no_such_element.html
Build info: version: '3.11.0', revision: 'e59cfb3', time: '2018-03-11T20:26:55.152Z'
System info: host: 'CS60-PC', ip: '172.31.192.1', os.name: 'Windows 10', os.arch: 'amd64', os.version: '10.0', java.version: '1.8.0_171'
Driver info: org.openqa.selenium.chrome.ChromeDriver
Capabilities {acceptInsecureCerts: false, acceptSslCerts: false, applicationCacheEnabled: false, browserConnectionEnabled: false, browserName: chrome, chrome: {chromedriverVersion: 2.38.552522 (437e6fbedfa876..., userDataDir: C:\Users\admin\AppData\Loca...}, cssSelectorsEnabled: true, databaseEnabled: false, handlesAlerts: true, hasTouchScreen: false, javascriptEnabled: true, locationContextEnabled: true, mobileEmulationEnabled: false, nativeEvents: true, networkConnectionEnabled: false, pageLoadStrategy: normal, platform: XP, platformName: XP, rotatable: false, setWindowRect: true, takesHeapSnapshot: true, takesScreenshot: true, unexpectedAlertBehaviour: , unhandledPromptBehavior: , version: 68.0.3440.106, webStorageEnabled: true}
Session ID: fc2aa24821e921070dfcf4c93c45a240
*** Element info: {Using=xpath, value=null//h2}
	at sun.reflect.NativeConstructorAccessorImpl.newInstance0(Native Method)
	at sun.reflect.NativeConstructorAccessorImpl.newInstance(NativeConstructorAccessorImpl.java:62)
	at sun.reflect.DelegatingConstructorAccessorImpl.newInstance(DelegatingConstructorAccessorImpl.java:45)
	at java.lang.reflect.Constructor.newInstance(Constructor.java:423)
	at org.openqa.selenium.remote.ErrorHandler.createThrowable(ErrorHandler.java:214)
	at org.openqa.selenium.remote.ErrorHandler.throwIfResponseFailed(ErrorHandler.java:166)
	at org.openqa.selenium.remote.http.JsonHttpResponseCodec.reconstructValue(JsonHttpResponseCodec.java:40)
	at org.openqa.selenium.remote.http.AbstractHttpResponseCodec.decode(AbstractHttpResponseCodec.java:80)
	at org.openqa.selenium.remote.http.AbstractHttpResponseCodec.decode(AbstractHttpResponseCodec.java:44)
	at org.openqa.selenium.remote.HttpCommandExecutor.execute(HttpCommandExecutor.java:158)
	at org.openqa.selenium.remote.service.DriverCommandExecutor.execute(DriverCommandExecutor.java:83)
	at org.openqa.selenium.remote.RemoteWebDriver.execute(RemoteWebDriver.java:545)
	at org.openqa.selenium.remote.RemoteWebDriver.findElement(RemoteWebDriver.java:319)
	at org.openqa.selenium.remote.RemoteWebDriver.findElementByXPath(RemoteWebDriver.java:421)
	at org.openqa.selenium.By$ByXPath.findElement(By.java:361)
	at org.openqa.selenium.remote.RemoteWebDriver.findElement(RemoteWebDriver.java:311)
	at org.drc.vat.appmanager.HelperBase.elementText(HelperBase.java:199)
	at org.drc.vat.StepDefinitions.PasswordPolicyTaxpayerPortal.user_is_on_Reset_Password(PasswordPolicyTaxpayerPortal.java:135)
	at ?.Then User is on Reset Password(features/PasswordPolicyTaxpayerPortal.feature:73)
</pre></pre></td>
                                                    </tr>
                                                    <tr>
                                                        <td>Aug 24, 2018 06:20:45 PM</td>
                                                        <td class='linked' test-id='49'>Password Policy for TaxPayer Portal.Validate the Reset password/forgot password functionality using email id.Validate the Reset password/forgot password functionality using email id.Then User is on Reset Your Password</td>
                                                        <td><pre><pre>org.openqa.selenium.NoSuchElementException: no such element: Unable to locate element: {"method":"xpath","selector":"null//h2"}
  (Session info: chrome=68.0.3440.106)
  (Driver info: chromedriver=2.38.552522 (437e6fbedfa8762dec75e2c5b3ddb86763dc9dcb),platform=Windows NT 10.0.16299 x86_64) (WARNING: The server did not provide any stacktrace information)
Command duration or timeout: 0 milliseconds
For documentation on this error, please visit: http://seleniumhq.org/exceptions/no_such_element.html
Build info: version: '3.11.0', revision: 'e59cfb3', time: '2018-03-11T20:26:55.152Z'
System info: host: 'CS60-PC', ip: '172.31.192.1', os.name: 'Windows 10', os.arch: 'amd64', os.version: '10.0', java.version: '1.8.0_171'
Driver info: org.openqa.selenium.chrome.ChromeDriver
Capabilities {acceptInsecureCerts: false, acceptSslCerts: false, applicationCacheEnabled: false, browserConnectionEnabled: false, browserName: chrome, chrome: {chromedriverVersion: 2.38.552522 (437e6fbedfa876..., userDataDir: C:\Users\admin\AppData\Loca...}, cssSelectorsEnabled: true, databaseEnabled: false, handlesAlerts: true, hasTouchScreen: false, javascriptEnabled: true, locationContextEnabled: true, mobileEmulationEnabled: false, nativeEvents: true, networkConnectionEnabled: false, pageLoadStrategy: normal, platform: XP, platformName: XP, rotatable: false, setWindowRect: true, takesHeapSnapshot: true, takesScreenshot: true, unexpectedAlertBehaviour: , unhandledPromptBehavior: , version: 68.0.3440.106, webStorageEnabled: true}
Session ID: fc2aa24821e921070dfcf4c93c45a240
*** Element info: {Using=xpath, value=null//h2}
	at sun.reflect.NativeConstructorAccessorImpl.newInstance0(Native Method)
	at sun.reflect.NativeConstructorAccessorImpl.newInstance(NativeConstructorAccessorImpl.java:62)
	at sun.reflect.DelegatingConstructorAccessorImpl.newInstance(DelegatingConstructorAccessorImpl.java:45)
	at java.lang.reflect.Constructor.newInstance(Constructor.java:423)
	at org.openqa.selenium.remote.ErrorHandler.createThrowable(ErrorHandler.java:214)
	at org.openqa.selenium.remote.ErrorHandler.throwIfResponseFailed(ErrorHandler.java:166)
	at org.openqa.selenium.remote.http.JsonHttpResponseCodec.reconstructValue(JsonHttpResponseCodec.java:40)
	at org.openqa.selenium.remote.http.AbstractHttpResponseCodec.decode(AbstractHttpResponseCodec.java:80)
	at org.openqa.selenium.remote.http.AbstractHttpResponseCodec.decode(AbstractHttpResponseCodec.java:44)
	at org.openqa.selenium.remote.HttpCommandExecutor.execute(HttpCommandExecutor.java:158)
	at org.openqa.selenium.remote.service.DriverCommandExecutor.execute(DriverCommandExecutor.java:83)
	at org.openqa.selenium.remote.RemoteWebDriver.execute(RemoteWebDriver.java:545)
	at org.openqa.selenium.remote.RemoteWebDriver.findElement(RemoteWebDriver.java:319)
	at org.openqa.selenium.remote.RemoteWebDriver.findElementByXPath(RemoteWebDriver.java:421)
	at org.openqa.selenium.By$ByXPath.findElement(By.java:361)
	at org.openqa.selenium.remote.RemoteWebDriver.findElement(RemoteWebDriver.java:311)
	at org.drc.vat.appmanager.HelperBase.elementText(HelperBase.java:199)
	at org.drc.vat.StepDefinitions.PasswordPolicyTaxpayerPortal.user_is_on_Reset_Your_Password(PasswordPolicyTaxpayerPortal.java:141)
	at ?.Then User is on Reset Your Password(features/PasswordPolicyTaxpayerPortal.feature:85)
</pre></pre></td>
                                                    </tr>
                                                    <tr>
                                                        <td>Aug 24, 2018 06:20:49 PM</td>
                                                        <td class='linked' test-id='98'>Password Policy for TaxPayer Portal.Validate the Reset password/forgot password functionality using Mobile Number.Validate the Reset password/forgot password functionality using Mobile Number.Then User is on Reset Your Password</td>
                                                        <td><pre><pre>org.openqa.selenium.NoSuchElementException: no such element: Unable to locate element: {"method":"xpath","selector":"null//h2"}
  (Session info: chrome=68.0.3440.106)
  (Driver info: chromedriver=2.38.552522 (437e6fbedfa8762dec75e2c5b3ddb86763dc9dcb),platform=Windows NT 10.0.16299 x86_64) (WARNING: The server did not provide any stacktrace information)
Command duration or timeout: 0 milliseconds
For documentation on this error, please visit: http://seleniumhq.org/exceptions/no_such_element.html
Build info: version: '3.11.0', revision: 'e59cfb3', time: '2018-03-11T20:26:55.152Z'
System info: host: 'CS60-PC', ip: '172.31.192.1', os.name: 'Windows 10', os.arch: 'amd64', os.version: '10.0', java.version: '1.8.0_171'
Driver info: org.openqa.selenium.chrome.ChromeDriver
Capabilities {acceptInsecureCerts: false, acceptSslCerts: false, applicationCacheEnabled: false, browserConnectionEnabled: false, browserName: chrome, chrome: {chromedriverVersion: 2.38.552522 (437e6fbedfa876..., userDataDir: C:\Users\admin\AppData\Loca...}, cssSelectorsEnabled: true, databaseEnabled: false, handlesAlerts: true, hasTouchScreen: false, javascriptEnabled: true, locationContextEnabled: true, mobileEmulationEnabled: false, nativeEvents: true, networkConnectionEnabled: false, pageLoadStrategy: normal, platform: XP, platformName: XP, rotatable: false, setWindowRect: true, takesHeapSnapshot: true, takesScreenshot: true, unexpectedAlertBehaviour: , unhandledPromptBehavior: , version: 68.0.3440.106, webStorageEnabled: true}
Session ID: fc2aa24821e921070dfcf4c93c45a240
*** Element info: {Using=xpath, value=null//h2}
	at sun.reflect.NativeConstructorAccessorImpl.newInstance0(Native Method)
	at sun.reflect.NativeConstructorAccessorImpl.newInstance(NativeConstructorAccessorImpl.java:62)
	at sun.reflect.DelegatingConstructorAccessorImpl.newInstance(DelegatingConstructorAccessorImpl.java:45)
	at java.lang.reflect.Constructor.newInstance(Constructor.java:423)
	at org.openqa.selenium.remote.ErrorHandler.createThrowable(ErrorHandler.java:214)
	at org.openqa.selenium.remote.ErrorHandler.throwIfResponseFailed(ErrorHandler.java:166)
	at org.openqa.selenium.remote.http.JsonHttpResponseCodec.reconstructValue(JsonHttpResponseCodec.java:40)
	at org.openqa.selenium.remote.http.AbstractHttpResponseCodec.decode(AbstractHttpResponseCodec.java:80)
	at org.openqa.selenium.remote.http.AbstractHttpResponseCodec.decode(AbstractHttpResponseCodec.java:44)
	at org.openqa.selenium.remote.HttpCommandExecutor.execute(HttpCommandExecutor.java:158)
	at org.openqa.selenium.remote.service.DriverCommandExecutor.execute(DriverCommandExecutor.java:83)
	at org.openqa.selenium.remote.RemoteWebDriver.execute(RemoteWebDriver.java:545)
	at org.openqa.selenium.remote.RemoteWebDriver.findElement(RemoteWebDriver.java:319)
	at org.openqa.selenium.remote.RemoteWebDriver.findElementByXPath(RemoteWebDriver.java:421)
	at org.openqa.selenium.By$ByXPath.findElement(By.java:361)
	at org.openqa.selenium.remote.RemoteWebDriver.findElement(RemoteWebDriver.java:311)
	at org.drc.vat.appmanager.HelperBase.elementText(HelperBase.java:199)
	at org.drc.vat.StepDefinitions.PasswordPolicyTaxpayerPortal.user_is_on_Reset_Your_Password(PasswordPolicyTaxpayerPortal.java:141)
	at ?.Then User is on Reset Your Password(features/PasswordPolicyTaxpayerPortal.feature:139)
</pre></pre></td>
                                                    </tr>
                                                    <tr>
                                                        <td>Aug 24, 2018 06:23:05 PM</td>
                                                        <td class='linked' test-id='168'>Password Policy for TaxPayer Portal.Validate the user enter wrong password more than three or more time.Validate the user enter wrong password more than three or more time.Given User should be on Login screen"DRC_ATC_TaxPayerPortalPasswordPolicy_07"|"Validate the user enter wrong password more than three or more time"</td>
                                                        <td><pre><pre>org.openqa.selenium.NoSuchElementException: no such element: Unable to locate element: {"method":"xpath","selector":"null//h2"}
  (Session info: chrome=68.0.3440.106)
  (Driver info: chromedriver=2.38.552522 (437e6fbedfa8762dec75e2c5b3ddb86763dc9dcb),platform=Windows NT 10.0.16299 x86_64) (WARNING: The server did not provide any stacktrace information)
Command duration or timeout: 0 milliseconds
For documentation on this error, please visit: http://seleniumhq.org/exceptions/no_such_element.html
Build info: version: '3.11.0', revision: 'e59cfb3', time: '2018-03-11T20:26:55.152Z'
System info: host: 'CS60-PC', ip: '172.31.192.1', os.name: 'Windows 10', os.arch: 'amd64', os.version: '10.0', java.version: '1.8.0_171'
Driver info: org.openqa.selenium.chrome.ChromeDriver
Capabilities {acceptInsecureCerts: false, acceptSslCerts: false, applicationCacheEnabled: false, browserConnectionEnabled: false, browserName: chrome, chrome: {chromedriverVersion: 2.38.552522 (437e6fbedfa876..., userDataDir: C:\Users\admin\AppData\Loca...}, cssSelectorsEnabled: true, databaseEnabled: false, handlesAlerts: true, hasTouchScreen: false, javascriptEnabled: true, locationContextEnabled: true, mobileEmulationEnabled: false, nativeEvents: true, networkConnectionEnabled: false, pageLoadStrategy: normal, platform: XP, platformName: XP, rotatable: false, setWindowRect: true, takesHeapSnapshot: true, takesScreenshot: true, unexpectedAlertBehaviour: , unhandledPromptBehavior: , version: 68.0.3440.106, webStorageEnabled: true}
Session ID: fc2aa24821e921070dfcf4c93c45a240
*** Element info: {Using=xpath, value=null//h2}
	at sun.reflect.NativeConstructorAccessorImpl.newInstance0(Native Method)
	at sun.reflect.NativeConstructorAccessorImpl.newInstance(NativeConstructorAccessorImpl.java:62)
	at sun.reflect.DelegatingConstructorAccessorImpl.newInstance(DelegatingConstructorAccessorImpl.java:45)
	at java.lang.reflect.Constructor.newInstance(Constructor.java:423)
	at org.openqa.selenium.remote.ErrorHandler.createThrowable(ErrorHandler.java:214)
	at org.openqa.selenium.remote.ErrorHandler.throwIfResponseFailed(ErrorHandler.java:166)
	at org.openqa.selenium.remote.http.JsonHttpResponseCodec.reconstructValue(JsonHttpResponseCodec.java:40)
	at org.openqa.selenium.remote.http.AbstractHttpResponseCodec.decode(AbstractHttpResponseCodec.java:80)
	at org.openqa.selenium.remote.http.AbstractHttpResponseCodec.decode(AbstractHttpResponseCodec.java:44)
	at org.openqa.selenium.remote.HttpCommandExecutor.execute(HttpCommandExecutor.java:158)
	at org.openqa.selenium.remote.service.DriverCommandExecutor.execute(DriverCommandExecutor.java:83)
	at org.openqa.selenium.remote.RemoteWebDriver.execute(RemoteWebDriver.java:545)
	at org.openqa.selenium.remote.RemoteWebDriver.findElement(RemoteWebDriver.java:319)
	at org.openqa.selenium.remote.RemoteWebDriver.findElementByXPath(RemoteWebDriver.java:421)
	at org.openqa.selenium.By$ByXPath.findElement(By.java:361)
	at org.openqa.selenium.remote.RemoteWebDriver.findElement(RemoteWebDriver.java:311)
	at org.drc.vat.appmanager.HelperBase.elementText(HelperBase.java:199)
	at org.drc.vat.StepDefinitions.PasswordPolicyTaxpayerPortal.user_should_be_on_Login_screen(PasswordPolicyTaxpayerPortal.java:371)
	at ?.Given User should be on Login screen"DRC_ATC_TaxPayerPortalPasswordPolicy_07"|"Validate the user enter wrong password more than three or more time"(features/PasswordPolicyTaxpayerPortal.feature:228)
</pre></pre></td>
                                                    </tr>
                                                    <tr>
                                                        <td>Aug 24, 2018 06:23:09 PM</td>
                                                        <td class='linked' test-id='181'>Password Policy for TaxPayer Portal.Validate the user enter wrong email and right password.Validate the user enter wrong email and right password.Given User should be on Login screen"DRC_ATC_TaxPayerPortalPasswordPolicy_07"|"Validate the user enter wrong password more than three or more time"</td>
                                                        <td><pre><pre>org.openqa.selenium.NoSuchElementException: no such element: Unable to locate element: {"method":"xpath","selector":"null//h2"}
  (Session info: chrome=68.0.3440.106)
  (Driver info: chromedriver=2.38.552522 (437e6fbedfa8762dec75e2c5b3ddb86763dc9dcb),platform=Windows NT 10.0.16299 x86_64) (WARNING: The server did not provide any stacktrace information)
Command duration or timeout: 0 milliseconds
For documentation on this error, please visit: http://seleniumhq.org/exceptions/no_such_element.html
Build info: version: '3.11.0', revision: 'e59cfb3', time: '2018-03-11T20:26:55.152Z'
System info: host: 'CS60-PC', ip: '172.31.192.1', os.name: 'Windows 10', os.arch: 'amd64', os.version: '10.0', java.version: '1.8.0_171'
Driver info: org.openqa.selenium.chrome.ChromeDriver
Capabilities {acceptInsecureCerts: false, acceptSslCerts: false, applicationCacheEnabled: false, browserConnectionEnabled: false, browserName: chrome, chrome: {chromedriverVersion: 2.38.552522 (437e6fbedfa876..., userDataDir: C:\Users\admin\AppData\Loca...}, cssSelectorsEnabled: true, databaseEnabled: false, handlesAlerts: true, hasTouchScreen: false, javascriptEnabled: true, locationContextEnabled: true, mobileEmulationEnabled: false, nativeEvents: true, networkConnectionEnabled: false, pageLoadStrategy: normal, platform: XP, platformName: XP, rotatable: false, setWindowRect: true, takesHeapSnapshot: true, takesScreenshot: true, unexpectedAlertBehaviour: , unhandledPromptBehavior: , version: 68.0.3440.106, webStorageEnabled: true}
Session ID: fc2aa24821e921070dfcf4c93c45a240
*** Element info: {Using=xpath, value=null//h2}
	at sun.reflect.NativeConstructorAccessorImpl.newInstance0(Native Method)
	at sun.reflect.NativeConstructorAccessorImpl.newInstance(NativeConstructorAccessorImpl.java:62)
	at sun.reflect.DelegatingConstructorAccessorImpl.newInstance(DelegatingConstructorAccessorImpl.java:45)
	at java.lang.reflect.Constructor.newInstance(Constructor.java:423)
	at org.openqa.selenium.remote.ErrorHandler.createThrowable(ErrorHandler.java:214)
	at org.openqa.selenium.remote.ErrorHandler.throwIfResponseFailed(ErrorHandler.java:166)
	at org.openqa.selenium.remote.http.JsonHttpResponseCodec.reconstructValue(JsonHttpResponseCodec.java:40)
	at org.openqa.selenium.remote.http.AbstractHttpResponseCodec.decode(AbstractHttpResponseCodec.java:80)
	at org.openqa.selenium.remote.http.AbstractHttpResponseCodec.decode(AbstractHttpResponseCodec.java:44)
	at org.openqa.selenium.remote.HttpCommandExecutor.execute(HttpCommandExecutor.java:158)
	at org.openqa.selenium.remote.service.DriverCommandExecutor.execute(DriverCommandExecutor.java:83)
	at org.openqa.selenium.remote.RemoteWebDriver.execute(RemoteWebDriver.java:545)
	at org.openqa.selenium.remote.RemoteWebDriver.findElement(RemoteWebDriver.java:319)
	at org.openqa.selenium.remote.RemoteWebDriver.findElementByXPath(RemoteWebDriver.java:421)
	at org.openqa.selenium.By$ByXPath.findElement(By.java:361)
	at org.openqa.selenium.remote.RemoteWebDriver.findElement(RemoteWebDriver.java:311)
	at org.drc.vat.appmanager.HelperBase.elementText(HelperBase.java:199)
	at org.drc.vat.StepDefinitions.PasswordPolicyTaxpayerPortal.user_should_be_on_Login_screen(PasswordPolicyTaxpayerPortal.java:371)
	at ?.Given User should be on Login screen"DRC_ATC_TaxPayerPortalPasswordPolicy_07"|"Validate the user enter wrong password more than three or more time"(features/PasswordPolicyTaxpayerPortal.feature:251)
</pre></pre></td>
                                                    </tr>
                                                    <tr>
                                                        <td>Aug 24, 2018 06:23:14 PM</td>
                                                        <td class='linked' test-id='208'>Password Policy for TaxPayer Portal.Validate the user enter valid user name and password with blank space between two words.Validate the user enter valid user name and password with blank space between two words.Given User should be on Login screen"DRC_ATC_TaxPayerPortalPasswordPolicy_07"|"Validate the user enter valid user name and password with blank space between two words"</td>
                                                        <td><pre><pre>org.openqa.selenium.NoSuchElementException: no such element: Unable to locate element: {"method":"xpath","selector":"null//h2"}
  (Session info: chrome=68.0.3440.106)
  (Driver info: chromedriver=2.38.552522 (437e6fbedfa8762dec75e2c5b3ddb86763dc9dcb),platform=Windows NT 10.0.16299 x86_64) (WARNING: The server did not provide any stacktrace information)
Command duration or timeout: 0 milliseconds
For documentation on this error, please visit: http://seleniumhq.org/exceptions/no_such_element.html
Build info: version: '3.11.0', revision: 'e59cfb3', time: '2018-03-11T20:26:55.152Z'
System info: host: 'CS60-PC', ip: '172.31.192.1', os.name: 'Windows 10', os.arch: 'amd64', os.version: '10.0', java.version: '1.8.0_171'
Driver info: org.openqa.selenium.chrome.ChromeDriver
Capabilities {acceptInsecureCerts: false, acceptSslCerts: false, applicationCacheEnabled: false, browserConnectionEnabled: false, browserName: chrome, chrome: {chromedriverVersion: 2.38.552522 (437e6fbedfa876..., userDataDir: C:\Users\admin\AppData\Loca...}, cssSelectorsEnabled: true, databaseEnabled: false, handlesAlerts: true, hasTouchScreen: false, javascriptEnabled: true, locationContextEnabled: true, mobileEmulationEnabled: false, nativeEvents: true, networkConnectionEnabled: false, pageLoadStrategy: normal, platform: XP, platformName: XP, rotatable: false, setWindowRect: true, takesHeapSnapshot: true, takesScreenshot: true, unexpectedAlertBehaviour: , unhandledPromptBehavior: , version: 68.0.3440.106, webStorageEnabled: true}
Session ID: fc2aa24821e921070dfcf4c93c45a240
*** Element info: {Using=xpath, value=null//h2}
	at sun.reflect.NativeConstructorAccessorImpl.newInstance0(Native Method)
	at sun.reflect.NativeConstructorAccessorImpl.newInstance(NativeConstructorAccessorImpl.java:62)
	at sun.reflect.DelegatingConstructorAccessorImpl.newInstance(DelegatingConstructorAccessorImpl.java:45)
	at java.lang.reflect.Constructor.newInstance(Constructor.java:423)
	at org.openqa.selenium.remote.ErrorHandler.createThrowable(ErrorHandler.java:214)
	at org.openqa.selenium.remote.ErrorHandler.throwIfResponseFailed(ErrorHandler.java:166)
	at org.openqa.selenium.remote.http.JsonHttpResponseCodec.reconstructValue(JsonHttpResponseCodec.java:40)
	at org.openqa.selenium.remote.http.AbstractHttpResponseCodec.decode(AbstractHttpResponseCodec.java:80)
	at org.openqa.selenium.remote.http.AbstractHttpResponseCodec.decode(AbstractHttpResponseCodec.java:44)
	at org.openqa.selenium.remote.HttpCommandExecutor.execute(HttpCommandExecutor.java:158)
	at org.openqa.selenium.remote.service.DriverCommandExecutor.execute(DriverCommandExecutor.java:83)
	at org.openqa.selenium.remote.RemoteWebDriver.execute(RemoteWebDriver.java:545)
	at org.openqa.selenium.remote.RemoteWebDriver.findElement(RemoteWebDriver.java:319)
	at org.openqa.selenium.remote.RemoteWebDriver.findElementByXPath(RemoteWebDriver.java:421)
	at org.openqa.selenium.By$ByXPath.findElement(By.java:361)
	at org.openqa.selenium.remote.RemoteWebDriver.findElement(RemoteWebDriver.java:311)
	at org.drc.vat.appmanager.HelperBase.elementText(HelperBase.java:199)
	at org.drc.vat.StepDefinitions.PasswordPolicyTaxpayerPortal.user_should_be_on_Login_screen(PasswordPolicyTaxpayerPortal.java:371)
	at ?.Given User should be on Login screen"DRC_ATC_TaxPayerPortalPasswordPolicy_07"|"Validate the user enter valid user name and password with blank space between two words"(features/PasswordPolicyTaxpayerPortal.feature:289)
</pre></pre></td>
                                                    </tr>
                                        </tbody>
                                    </table>
                                </div>
                            </div>
                        </li>
                        <li class='exception displayed active'>
                            <div class='exception-heading'>
                                <span class='exception-name'>org.openqa.selenium.TimeoutException</span>
                                <span class='exception-count right'><span class='label red lighten-1 white-text'>3</span></span>
                            </div>
                            <div class='exception-content hide'>
                                <div class='exception-tests'>
                                    <table class='bordered table-results'>
                                        <thead>
                                        <tr>
                                            <th>Timestamp</th>
                                            <th>TestName</th>
                                            <th>Status</th>
                                        </tr>
                                        </thead>
                                        <tbody>
                                                    <tr>
                                                        <td>Aug 24, 2018 06:19:36 PM</td>
                                                        <td class='linked' test-id='10'>Password Policy for TaxPayer Portal.Validate the Register button with all combination.Validate the Register button with all combination.Given The user is on TaxPayer portal Registeration page for registration"DRC_ATC_TaxPayerPortalPasswordPolicy_02"|"Validate the Register button with all combination in password field"</td>
                                                        <td><pre><pre>org.openqa.selenium.TimeoutException: Expected condition failed: waiting for element to be clickable: By.xpath: //a[(text()='Register')] (tried for 60 second(s) with 500 milliseconds interval)
	at org.openqa.selenium.support.ui.WebDriverWait.timeoutException(WebDriverWait.java:81)
	at org.openqa.selenium.support.ui.FluentWait.until(FluentWait.java:271)
	at org.drc.vat.appmanager.HelperBase.clickOn(HelperBase.java:78)
	at org.drc.vat.StepDefinitions.PasswordPolicyTaxpayerPortal.the_user_is_on_TaxPayer_portal_Registeration_page_for_registration(PasswordPolicyTaxpayerPortal.java:25)
	at ?.Given The user is on TaxPayer portal Registeration page for registration"DRC_ATC_TaxPayerPortalPasswordPolicy_02"|"Validate the Register button with all combination in password field"(features/PasswordPolicyTaxpayerPortal.feature:35)
Caused by: org.openqa.selenium.NoSuchElementException: Cannot locate an element using By.xpath: //a[(text()='Register')]
For documentation on this error, please visit: http://seleniumhq.org/exceptions/no_such_element.html
Build info: version: '3.11.0', revision: 'e59cfb3', time: '2018-03-11T20:26:55.152Z'
System info: host: 'CS60-PC', ip: '172.31.192.1', os.name: 'Windows 10', os.arch: 'amd64', os.version: '10.0', java.version: '1.8.0_171'
Driver info: driver.version: unknown
	at org.openqa.selenium.support.ui.ExpectedConditions.lambda$findElement$0(ExpectedConditions.java:896)
	at java.util.Optional.orElseThrow(Optional.java:290)
	at org.openqa.selenium.support.ui.ExpectedConditions.findElement(ExpectedConditions.java:895)
	at org.openqa.selenium.support.ui.ExpectedConditions.access$000(ExpectedConditions.java:44)
	at org.openqa.selenium.support.ui.ExpectedConditions$7.apply(ExpectedConditions.java:206)
	at org.openqa.selenium.support.ui.ExpectedConditions$7.apply(ExpectedConditions.java:202)
	at org.openqa.selenium.support.ui.ExpectedConditions$22.apply(ExpectedConditions.java:657)
	at org.openqa.selenium.support.ui.ExpectedConditions$22.apply(ExpectedConditions.java:654)
	at org.openqa.selenium.support.ui.FluentWait.until(FluentWait.java:248)
	at org.drc.vat.appmanager.HelperBase.clickOn(HelperBase.java:78)
	at org.drc.vat.StepDefinitions.PasswordPolicyTaxpayerPortal.the_user_is_on_TaxPayer_portal_Registeration_page_for_registration(PasswordPolicyTaxpayerPortal.java:25)
	at sun.reflect.NativeMethodAccessorImpl.invoke0(Native Method)
	at sun.reflect.NativeMethodAccessorImpl.invoke(NativeMethodAccessorImpl.java:62)
	at sun.reflect.DelegatingMethodAccessorImpl.invoke(DelegatingMethodAccessorImpl.java:43)
	at java.lang.reflect.Method.invoke(Method.java:498)
	at cucumber.runtime.Utils$1.call(Utils.java:40)
	at cucumber.runtime.Timeout.timeout(Timeout.java:16)
	at cucumber.runtime.Utils.invoke(Utils.java:34)
	at cucumber.runtime.java.JavaStepDefinition.execute(JavaStepDefinition.java:38)
	at cucumber.runtime.StepDefinitionMatch.runStep(StepDefinitionMatch.java:37)
	at cucumber.runtime.Runtime.runStep(Runtime.java:300)
	at cucumber.runtime.model.StepContainer.runStep(StepContainer.java:44)
	at cucumber.runtime.model.StepContainer.runSteps(StepContainer.java:39)
	at cucumber.runtime.model.CucumberScenario.run(CucumberScenario.java:44)
	at cucumber.runtime.model.CucumberScenarioOutline.run(CucumberScenarioOutline.java:46)
	at cucumber.runtime.model.CucumberFeature.run(CucumberFeature.java:165)
	at cucumber.api.testng.TestNGCucumberRunner.runCucumber(TestNGCucumberRunner.java:63)
	at cucumber.api.testng.AbstractTestNGCucumberTests.feature(AbstractTestNGCucumberTests.java:21)
	at sun.reflect.NativeMethodAccessorImpl.invoke0(Native Method)
	at sun.reflect.NativeMethodAccessorImpl.invoke(NativeMethodAccessorImpl.java:62)
	at sun.reflect.DelegatingMethodAccessorImpl.invoke(DelegatingMethodAccessorImpl.java:43)
	at java.lang.reflect.Method.invoke(Method.java:498)
	at org.testng.internal.MethodInvocationHelper.invokeMethod(MethodInvocationHelper.java:86)
	at org.testng.internal.Invoker.invokeMethod(Invoker.java:643)
	at org.testng.internal.Invoker.invokeTestMethod(Invoker.java:820)
	at org.testng.internal.Invoker.invokeTestMethods(Invoker.java:1128)
	at org.testng.internal.TestMethodWorker.invokeTestMethods(TestMethodWorker.java:129)
	at org.testng.internal.TestMethodWorker.run(TestMethodWorker.java:112)
	at org.testng.TestRunner.privateRun(TestRunner.java:782)
	at org.testng.TestRunner.run(TestRunner.java:632)
	at org.testng.SuiteRunner.runTest(SuiteRunner.java:366)
	at org.testng.SuiteRunner.runSequentially(SuiteRunner.java:361)
	at org.testng.SuiteRunner.privateRun(SuiteRunner.java:319)
	at org.testng.SuiteRunner.run(SuiteRunner.java:268)
	at org.testng.SuiteRunnerWorker.runSuite(SuiteRunnerWorker.java:52)
	at org.testng.SuiteRunnerWorker.run(SuiteRunnerWorker.java:86)
	at org.testng.TestNG.runSuitesSequentially(TestNG.java:1244)
	at org.testng.TestNG.runSuitesLocally(TestNG.java:1169)
	at org.testng.TestNG.run(TestNG.java:1064)
	at org.testng.remote.AbstractRemoteTestNG.run(AbstractRemoteTestNG.java:114)
	at org.testng.remote.RemoteTestNG.initAndRun(RemoteTestNG.java:251)
	at org.testng.remote.RemoteTestNG.main(RemoteTestNG.java:77)
</pre></pre></td>
                                                    </tr>
                                                    <tr>
                                                        <td>Aug 24, 2018 06:20:51 PM</td>
                                                        <td class='linked' test-id='128'>Password Policy for TaxPayer Portal.Verify the password hint display on change password screen.Verify the password hint display on change password screen.Given User should be on Change Password screen"DRC_ATC_TaxPayerPortalPasswordPolicy_06"|"Verify the password hint display on change password screen"</td>
                                                        <td><pre><pre>org.openqa.selenium.TimeoutException: Expected condition failed: waiting for element to be clickable: By.xpath: //a[@href='/user-account'] (tried for 60 second(s) with 500 milliseconds interval)
Build info: version: '3.11.0', revision: 'e59cfb3', time: '2018-03-11T20:26:55.152Z'
System info: host: 'CS60-PC', ip: '172.31.192.1', os.name: 'Windows 10', os.arch: 'amd64', os.version: '10.0', java.version: '1.8.0_171'
Driver info: org.openqa.selenium.chrome.ChromeDriver
Capabilities {acceptInsecureCerts: false, acceptSslCerts: false, applicationCacheEnabled: false, browserConnectionEnabled: false, browserName: chrome, chrome: {chromedriverVersion: 2.38.552522 (437e6fbedfa876..., userDataDir: C:\Users\admin\AppData\Loca...}, cssSelectorsEnabled: true, databaseEnabled: false, handlesAlerts: true, hasTouchScreen: false, javascriptEnabled: true, locationContextEnabled: true, mobileEmulationEnabled: false, nativeEvents: true, networkConnectionEnabled: false, pageLoadStrategy: normal, platform: XP, platformName: XP, rotatable: false, setWindowRect: true, takesHeapSnapshot: true, takesScreenshot: true, unexpectedAlertBehaviour: , unhandledPromptBehavior: , version: 68.0.3440.106, webStorageEnabled: true}
Session ID: fc2aa24821e921070dfcf4c93c45a240
	at org.openqa.selenium.support.ui.WebDriverWait.timeoutException(WebDriverWait.java:81)
	at org.openqa.selenium.support.ui.FluentWait.until(FluentWait.java:271)
	at org.drc.vat.appmanager.HelperBase.clickOn(HelperBase.java:78)
	at org.drc.vat.StepDefinitions.PasswordPolicyTaxpayerPortal.user_should_be_on_Change_Password_screen(PasswordPolicyTaxpayerPortal.java:61)
	at ?.Given User should be on Change Password screen"DRC_ATC_TaxPayerPortalPasswordPolicy_06"|"Verify the password hint display on change password screen"(features/PasswordPolicyTaxpayerPortal.feature:176)
</pre></pre></td>
                                                    </tr>
                                                    <tr>
                                                        <td>Aug 24, 2018 06:21:58 PM</td>
                                                        <td class='linked' test-id='133'>Password Policy for TaxPayer Portal.Validate the Change password on submit button functionality with all combination.Validate the Change password on submit button functionality with all combination.Given User should be on Change Password screen"DRC_ATC_TaxPayerPortalPasswordPolicy_07"|"Validate the Change password on submit button functionality with all combination"</td>
                                                        <td><pre><pre>org.openqa.selenium.TimeoutException: Expected condition failed: waiting for element to be clickable: By.xpath: //a[@href='/user-account'] (tried for 60 second(s) with 500 milliseconds interval)
	at org.openqa.selenium.support.ui.WebDriverWait.timeoutException(WebDriverWait.java:81)
	at org.openqa.selenium.support.ui.FluentWait.until(FluentWait.java:271)
	at org.drc.vat.appmanager.HelperBase.clickOn(HelperBase.java:78)
	at org.drc.vat.StepDefinitions.PasswordPolicyTaxpayerPortal.user_should_be_on_Change_Password_screen(PasswordPolicyTaxpayerPortal.java:61)
	at ?.Given User should be on Change Password screen"DRC_ATC_TaxPayerPortalPasswordPolicy_07"|"Validate the Change password on submit button functionality with all combination"(features/PasswordPolicyTaxpayerPortal.feature:186)
Caused by: org.openqa.selenium.NoSuchElementException: Cannot locate an element using By.xpath: //a[@href='/user-account']
For documentation on this error, please visit: http://seleniumhq.org/exceptions/no_such_element.html
Build info: version: '3.11.0', revision: 'e59cfb3', time: '2018-03-11T20:26:55.152Z'
System info: host: 'CS60-PC', ip: '172.31.192.1', os.name: 'Windows 10', os.arch: 'amd64', os.version: '10.0', java.version: '1.8.0_171'
Driver info: driver.version: unknown
	at org.openqa.selenium.support.ui.ExpectedConditions.lambda$findElement$0(ExpectedConditions.java:896)
	at java.util.Optional.orElseThrow(Optional.java:290)
	at org.openqa.selenium.support.ui.ExpectedConditions.findElement(ExpectedConditions.java:895)
	at org.openqa.selenium.support.ui.ExpectedConditions.access$000(ExpectedConditions.java:44)
	at org.openqa.selenium.support.ui.ExpectedConditions$7.apply(ExpectedConditions.java:206)
	at org.openqa.selenium.support.ui.ExpectedConditions$7.apply(ExpectedConditions.java:202)
	at org.openqa.selenium.support.ui.ExpectedConditions$22.apply(ExpectedConditions.java:657)
	at org.openqa.selenium.support.ui.ExpectedConditions$22.apply(ExpectedConditions.java:654)
	at org.openqa.selenium.support.ui.FluentWait.until(FluentWait.java:248)
	at org.drc.vat.appmanager.HelperBase.clickOn(HelperBase.java:78)
	at org.drc.vat.StepDefinitions.PasswordPolicyTaxpayerPortal.user_should_be_on_Change_Password_screen(PasswordPolicyTaxpayerPortal.java:61)
	at sun.reflect.NativeMethodAccessorImpl.invoke0(Native Method)
	at sun.reflect.NativeMethodAccessorImpl.invoke(NativeMethodAccessorImpl.java:62)
	at sun.reflect.DelegatingMethodAccessorImpl.invoke(DelegatingMethodAccessorImpl.java:43)
	at java.lang.reflect.Method.invoke(Method.java:498)
	at cucumber.runtime.Utils$1.call(Utils.java:40)
	at cucumber.runtime.Timeout.timeout(Timeout.java:16)
	at cucumber.runtime.Utils.invoke(Utils.java:34)
	at cucumber.runtime.java.JavaStepDefinition.execute(JavaStepDefinition.java:38)
	at cucumber.runtime.StepDefinitionMatch.runStep(StepDefinitionMatch.java:37)
	at cucumber.runtime.Runtime.runStep(Runtime.java:300)
	at cucumber.runtime.model.StepContainer.runStep(StepContainer.java:44)
	at cucumber.runtime.model.StepContainer.runSteps(StepContainer.java:39)
	at cucumber.runtime.model.CucumberScenario.run(CucumberScenario.java:44)
	at cucumber.runtime.model.CucumberScenarioOutline.run(CucumberScenarioOutline.java:46)
	at cucumber.runtime.model.CucumberFeature.run(CucumberFeature.java:165)
	at cucumber.api.testng.TestNGCucumberRunner.runCucumber(TestNGCucumberRunner.java:63)
	at cucumber.api.testng.AbstractTestNGCucumberTests.feature(AbstractTestNGCucumberTests.java:21)
	at sun.reflect.NativeMethodAccessorImpl.invoke0(Native Method)
	at sun.reflect.NativeMethodAccessorImpl.invoke(NativeMethodAccessorImpl.java:62)
	at sun.reflect.DelegatingMethodAccessorImpl.invoke(DelegatingMethodAccessorImpl.java:43)
	at java.lang.reflect.Method.invoke(Method.java:498)
	at org.testng.internal.MethodInvocationHelper.invokeMethod(MethodInvocationHelper.java:86)
	at org.testng.internal.Invoker.invokeMethod(Invoker.java:643)
	at org.testng.internal.Invoker.invokeTestMethod(Invoker.java:820)
	at org.testng.internal.Invoker.invokeTestMethods(Invoker.java:1128)
	at org.testng.internal.TestMethodWorker.invokeTestMethods(TestMethodWorker.java:129)
	at org.testng.internal.TestMethodWorker.run(TestMethodWorker.java:112)
	at org.testng.TestRunner.privateRun(TestRunner.java:782)
	at org.testng.TestRunner.run(TestRunner.java:632)
	at org.testng.SuiteRunner.runTest(SuiteRunner.java:366)
	at org.testng.SuiteRunner.runSequentially(SuiteRunner.java:361)
	at org.testng.SuiteRunner.privateRun(SuiteRunner.java:319)
	at org.testng.SuiteRunner.run(SuiteRunner.java:268)
	at org.testng.SuiteRunnerWorker.runSuite(SuiteRunnerWorker.java:52)
	at org.testng.SuiteRunnerWorker.run(SuiteRunnerWorker.java:86)
	at org.testng.TestNG.runSuitesSequentially(TestNG.java:1244)
	at org.testng.TestNG.runSuitesLocally(TestNG.java:1169)
	at org.testng.TestNG.run(TestNG.java:1064)
	at org.testng.remote.AbstractRemoteTestNG.run(AbstractRemoteTestNG.java:114)
	at org.testng.remote.RemoteTestNG.initAndRun(RemoteTestNG.java:251)
	at org.testng.remote.RemoteTestNG.main(RemoteTestNG.java:77)
</pre></pre></td>
                                                    </tr>
                                        </tbody>
                                    </table>
                                </div>
                            </div>
                        </li>
                </ul>
        </div>
    </div>

    <div class='subview-right left'>
        <div class='view-summary'>
            <h5 class='exception-name'></h5>
        </div>
    </div>
</div>
<!-- exception view -->
<div id='dashboard-view' class='view hide'>
	<div class='card-panel transparent np-v'>
		<h5>Dashboard</h5>

		<div class='row'>
			<div class='col s2'>
				<div class='card-panel r'>
					Features
					<div class='panel-lead'>1</div>
				</div>
			</div>
			<div class='col s2'>
				<div class='card-panel r'>
					Scenarios
					<div class='panel-lead'>10</div>
				</div>
			</div>
			<div class='col s2'>
				<div class='card-panel r'>
					Steps
					<div class='panel-lead'>195</div>
				</div>
			</div>
			<div class='col s2'>
				<div class='card-panel r'>
					Start
					<div class='panel-lead'>Aug 24, 2018 06:19:28 PM</div>
				</div>
			</div>
			<div class='col s2'>
				<div class='card-panel r'>
			 		End
			 		<div class='panel-lead'>Aug 24, 2018 06:23:19 PM</div>
				</div>
			</div>
			<div class='col s2'>
				<div class='card-panel r'>
					Time Taken
					<div class='panel-lead'>0h 3m 50s+140ms</div>
				</div>
			</div>
			<div class='col s6'>
				<div class='card-panel dashboard-categories'>
					<span class='right label cyan white-text'>Categories</span><p>&nbsp;</p>
					
					<table>
						<tr>
							<th>Name</th>
							<th>Passed</th>
							<th>Failed</th>
							<th>Others</th>
							<th>Passed %</th>
						</tr>
						<tr>
							<td>@TaxPayerPortal</td>
							<td>0</td>
							<td>11</td>
							<td>0</td>
							<td>
									0%
							</td>
						</tr>
						<tr>
							<td>@PasswordPolicy</td>
							<td>0</td>
							<td>11</td>
							<td>0</td>
							<td>
									0%
							</td>
						</tr>
						<tr>
							<td>@Password</td>
							<td>0</td>
							<td>11</td>
							<td>0</td>
							<td>
									0%
							</td>
						</tr>
						<tr>
							<td>@ConfirmPassword</td>
							<td>0</td>
							<td>11</td>
							<td>0</td>
							<td>
									0%
							</td>
						</tr>
						<tr>
							<td>@PWP_TC_01</td>
							<td>0</td>
							<td>1</td>
							<td>0</td>
							<td>
									0%
							</td>
						</tr>
						<tr>
							<td>@PWP_TC_02</td>
							<td>0</td>
							<td>1</td>
							<td>0</td>
							<td>
									0%
							</td>
						</tr>
						<tr>
							<td>@Link</td>
							<td>0</td>
							<td>1</td>
							<td>0</td>
							<td>
									0%
							</td>
						</tr>
						<tr>
							<td>@ForgotPassort</td>
							<td>0</td>
							<td>1</td>
							<td>0</td>
							<td>
									0%
							</td>
						</tr>
						<tr>
							<td>@PWP_TC_03</td>
							<td>0</td>
							<td>1</td>
							<td>0</td>
							<td>
									0%
							</td>
						</tr>
						<tr>
							<td>@ResetPassword</td>
							<td>0</td>
							<td>2</td>
							<td>0</td>
							<td>
									0%
							</td>
						</tr>
						<tr>
							<td>@PWP_TC_04</td>
							<td>0</td>
							<td>1</td>
							<td>0</td>
							<td>
									0%
							</td>
						</tr>
						<tr>
							<td>@Email-ID</td>
							<td>0</td>
							<td>1</td>
							<td>0</td>
							<td>
									0%
							</td>
						</tr>
						<tr>
							<td>@MobileNumber</td>
							<td>0</td>
							<td>1</td>
							<td>0</td>
							<td>
									0%
							</td>
						</tr>
						<tr>
							<td>@Hold</td>
							<td>0</td>
							<td>2</td>
							<td>0</td>
							<td>
									0%
							</td>
						</tr>
						<tr>
							<td>@PWP_TC_05</td>
							<td>0</td>
							<td>1</td>
							<td>0</td>
							<td>
									0%
							</td>
						</tr>
						<tr>
							<td>@PWP_TC_06</td>
							<td>0</td>
							<td>1</td>
							<td>0</td>
							<td>
									0%
							</td>
						</tr>
						<tr>
							<td>@PWP_TC_07</td>
							<td>0</td>
							<td>1</td>
							<td>0</td>
							<td>
									0%
							</td>
						</tr>
						<tr>
							<td>@PWP_TC_08</td>
							<td>0</td>
							<td>1</td>
							<td>0</td>
							<td>
									0%
							</td>
						</tr>
						<tr>
							<td>@PWP_TC_09</td>
							<td>0</td>
							<td>1</td>
							<td>0</td>
							<td>
									0%
							</td>
						</tr>
						<tr>
							<td>@PWP_TC_10</td>
							<td>0</td>
							<td>1</td>
							<td>0</td>
							<td>
									0%
							</td>
						</tr>
					</table>
				</div>
			</div>
		</div>
	</div>
</div>
<!-- dashboard view -->
<!-- testrunner-logs view -->
		</div>
		<!-- container -->

		<script>
			var statusGroup = {
				passParent: 0,
				failParent: 1,
				fatalParent: 0,
				errorParent: 0,
				warningParent: 0,
				skipParent: 0,
				exceptionsParent: 1,
				
				passChild: 0,
				failChild: 10,
				fatalChild: 0,
				errorChild: 0,
				warningChild: 0,
				skipChild: 0,
				infoChild: 0,
				exceptionsChild: 10,
				
				passGrandChild: 6,
				failGrandChild: 10,
				fatalGrandChild: 0,
				errorGrandChild: 0,
				warningGrandChild: 0,
				skipGrandChild: 179,
				infoGrandChild: 0,
				exceptionsGrandChild: 189,
			};
		</script>
		
			<script src='https://cdn.rawgit.com/anshooarora/extentreports-java/fca20fb7653aade98810546ab96a2a4360e3e712/dist/js/extent.js' type='text/javascript'></script>
		
		
 		<script type='text/javascript'>
 		</script>
	</body>
	
</html>
