
<!DOCTYPE html>
<html>


<head>
	<meta charset='utf-8' /> 
	<meta name='description' content='' />
	<meta name='robots' content='noodp, noydir' />
	<meta name='viewport' content='width=device-width, initial-scale=1' />
	<meta id="timeStampFormat" name="timeStampFormat" content='MMM d, yyyy hh:mm:ss a'/>
	
	<link href='https://fonts.googleapis.com/css?family=Source+Sans+Pro:400,600' rel='stylesheet' type='text/css' />
	<link href="https://fonts.googleapis.com/icon?family=Material+Icons" rel="stylesheet" />

		<link href='https://cdn.rawgit.com/anshooarora/extentreports-java/b4a58fcfd1e137bd9287244035a7c80d3d73b3af/dist/css/extent.css' type='text/css' rel='stylesheet' />
	
	<title>ExtentReports</title>

	<style type='text/css'>
	</style>
</head>

	<body class='extent standard default hide-overflow bdd-report'>
		<div id='theme-selector' alt='Click to toggle theme. To enable by default, use theme configuration.' title='Click to toggle theme. To enable by default, use theme configuration.'>
			<span><i class='material-icons'>desktop_windows</i></span>
		</div>

<nav>
	<div class="nav-wrapper">
		<a href="#!" class="brand-logo blue darken-3">Extent</a>

		<!-- slideout menu -->
		<ul id='slide-out' class='side-nav fixed hide-on-med-and-down'>
			<li class='waves-effect active'><a href='#!' view='test-view' onclick="configureView(0);chartsView('test');"><i class='material-icons'>dashboard</i></a></li>
						<li class='waves-effect'><a href='#!' view='category-view' onclick="configureView(1)"><i class='material-icons'>label_outline</i></a></li>
			<li class='waves-effect'><a href='#!' view='exception-view' onclick="configureView(2)"><i class='material-icons'>bug_report</i></a></li>
			<li class='waves-effect'><a href='#!' onclick="configureView(-1);chartsView('dashboard');" view='dashboard-view'><i class='material-icons'>track_changes</i></i></a></li>
		</ul>

		<!-- report name -->
		<span class='report-name'>ExtentReports</span>
		
		<!-- report headline -->
		<span class='report-headline'></span>

		<!-- nav-right -->
		<ul id='nav-mobile' class='right hide-on-med-and-down nav-right'>
			<li>
                <a href='#!'>
                    <span class='label suite-start-time blue darken-3'>Dec 21, 2018 05:21:00 PM</span>
				</a>
			</li>
			<li>
                <a href='#!'>
                    <span class='label blue darken-3'>3.1.5</span>
				</a>
			</li>
		</ul>
	</div>
</nav>

		<!-- container -->
		<div class='container'>

<div id='test-view' class='view'>
				
	<section id='controls'>
		<div class='controls grey lighten-4'>
			<!-- test toggle -->
			<div class='chip transparent'>
				<a class='dropdown-button tests-toggle' data-activates='tests-toggle' data-constrainwidth='true' data-beloworigin='true' data-hover='true' href='#'>
					<i class='material-icons'>warning</i> Status
				</a>
				<ul id='tests-toggle' class='dropdown-content'>
											<li status='pass'><a href='#!'>Pass <i class='material-icons green-text'>check_circle</i></a></li>
						<li status='fail'><a href='#!'>Fail <i class='material-icons red-text'>cancel</i></a></li>
						<li status='skip'><a href='#!'>Skip <i class='material-icons cyan-text'>redo</i></a></li>
					<li class='divider'></li>
					<li status='clear' clear='true'><a href='#!'>Clear Filters <i class='material-icons'>clear</i></a></li>
				</ul>
			</div>
			<!-- test toggle -->

			<!-- category toggle -->
			<div class='chip transparent'>
				<a class='dropdown-button category-toggle' data-activates='category-toggle' data-constrainwidth='false' data-beloworigin='true' data-hover='true' href='#'>
					<i class='material-icons'>local_offer</i> Category
				</a>
				<ul id='category-toggle' class='dropdown-content'>
					<li><a href='#'>@TC_02_03_Manual_2881</a></li>
					<li><a href='#'>@TC_06_Manual_2881</a></li>
					<li><a href='#'>@TC_10_11_Manual_2881</a></li>
					<li><a href='#'>@TC_13_14_15_16_17_19_Manual_2881</a></li>
					<li><a href='#'>@TC_18_Manual_2881</a></li>
					<li><a href='#'>@TC_Negative_Scenario_Manual_2881</a></li>
					<li><a href='#'>@TC_Negative_Scenario_field_length_Manual_2881</a></li>
					<li class='divider'></li>
					<li class='clear'><a href='#!' clear='true'>Clear Filters</a></li>
				</ul>
			</div>
			<!-- category toggle -->

			<!-- clear filters -->
			<div class='chip transparent hide'>
				<a class='' id='clear-filters' alt='Clear Filters' title='Clear Filters'>
					<i class='material-icons'>close</i> Clear
				</a>
			</div>
			<!-- clear filters -->

			<!-- enable dashboard -->
			<div id='toggle-test-view-charts' class='chip transparent'>
				<a class='pink-text' id='enable-dashboard' alt='Enable Dashboard' title='Enable Dashboard'>
					<i class='material-icons'>track_changes</i> Dashboard
				</a>
			</div>
			<!-- enable dashboard -->

			<!-- search -->
			<div class='chip transparent' alt='Search Tests' title='Search Tests'>
				<a href="#" class='search-div'>
					<i class='material-icons'>search</i> Search
				</a>

				<div class='input-field left hide'>
					<input id='search-tests' type='text' class='validate browser-default' placeholder='Search Tests...'>
				</div>
				
			</div>
			<!-- search -->
		</div>
	</section>


<div id='test-view-charts' class='subview-full'>
	<div id='charts-row' class='row nm-v nm-h'>
		<div class='col s12 m4 l4 np-h'>
			<div class='card-panel nm-v'>
				<div class='left panel-name'>Features</div>
				<div class='chart-box'>
					<canvas id='parent-analysis' width='100' height='80'></canvas>
				</div>
				<div class='block text-small'>
					<span class='tooltipped' data-position='top' data-tooltip='0%'><span class='strong'>0</span> feature(s) passed</span>
				</div>
				<div class='block text-small'>
					<span class='strong tooltipped' data-position='top' data-tooltip='100%'>1</span> feature(s) failed, <span class='strong tooltipped' data-position='top' data-tooltip='0%'>0</span> others
				</div>
			</div>
		</div>
		
		<div class='col s12 m4 l4 np-h'>
			<div class='card-panel nm-v'>
				<div class='left panel-name'>Scenarios</div>
				<div class='chart-box'>
					<canvas id='child-analysis' width='100' height='80'></canvas>
				</div>
				<div class='block text-small'>
					<span class='tooltipped' data-position='top' data-tooltip='37.5%'><span class='strong'>3</span> scenario(s) passed</span>
				</div>
				<div class='block text-small'>
					<span class='strong tooltipped' data-position='top' data-tooltip='62.5%'>5</span> scenario(s) failed, <span class='strong tooltipped' data-position='top' data-tooltip='0%'>0</span> others
				</div>
			</div>
		</div>
		
		<div class='col s12 m4 l4 np-h'>
			<div class='card-panel nm-v'>
				<div class='left panel-name'>Steps</div>
				<div class='chart-box'>
					<canvas id='grandchild-analysis' width='100' height='80'></canvas>
				</div>
				<div class='block text-small'>
					<span class='tooltipped' data-position='top' data-tooltip='80.233%'><span class='strong'>69</span> step(s) passed</span>
				</div>
				<div class='block text-small'>
					<span class='strong tooltipped' data-position='top' data-tooltip='5.814%'>5</span> step(s) failed, <span class='strong tooltipped' data-position='top' data-tooltip='13.953%'>12</span> others
				</div>
			</div>
		</div>
	</div>
</div>

	<div class='subview-left left'>
		
		<div class='view-summary'>
			<h5>Features</h5>
			<ul id='test-collection' class='test-collection'>
				
				
				<li class='test displayed active has-leaf fail' status='fail' bdd='true' test-id='1'>
					<div class='test-heading'>
						<span class='test-name'>User is on Operation Performed Page Manual Assessement</span>
						<span class='test-time'>Dec 21, 2018 05:21:00 PM</span>
						<span class='test-status right fail'>fail</span>
					</div>
					<div class='test-content hide'>
<div class='scenariooutline node' test-id='2' status='fail'>
	<span class='duration right label'>0h 0m 51s+433ms</span>
	<div class='desc'>
		<b>ScenarioOutline</b>
		<span class="desc-text">Validate the NITVA field,Period field -internal portal</span>
	</div>
	<ul class='steps'>
		<li test-id='3' class='node scenario fail' status='fail'>
			<div class='category-list'>
				<span class='category label white-text'>@TC_02_03_Manual_2881</span>
			</div>
			
			<b>Scenario</b>
			
			<span class="bdd-step-name">Validate the NITVA field,Period field -internal portal</span>
			
				<ul class='steps'>
					<li test-id='4' class='node given pass' status='pass'><b>Given</b>
						<span class="bdd-step-name">Given User is on Manual Assessment "Mal_OP_02_03" "validate nitva no,Period field"</span>
							<div class='pre'>passed</div>
					</li>
					<li test-id='5' class='node and pass' status='pass'><b>And</b>
						<span class="bdd-step-name">And User click on Dashboard</span>
							<div class='pre'>passed</div>
					</li>
					<li test-id='6' class='node and pass' status='pass'><b>And</b>
						<span class="bdd-step-name">And User click on Assessment Tab</span>
							<div class='pre'>passed</div>
					</li>
					<li test-id='7' class='node and fail' status='fail'><b>And</b>
						<span class="bdd-step-name">And User click on drop down "txt_PeriodJan" for Manual Assessment</span>
							<div class='pre'><textarea>org.openqa.selenium.WebDriverException: unknown error: Element <div class="ng-select-container ng-has-value">...</div> is not clickable at point (1322, 219). Other element would receive the click: <div _ngcontent-c0="" class="loader d-flex align-items-center justify-content-center ng-star-inserted">...</div>
  (Session info: chrome=71.0.3578.98)
  (Driver info: chromedriver=2.43.600210 (68dcf5eebde37173d4027fa8635e332711d2874a),platform=Windows NT 10.0.17134 x86_64) (WARNING: The server did not provide any stacktrace information)
Command duration or timeout: 0 milliseconds
Build info: version: '3.11.0', revision: 'e59cfb3', time: '2018-03-11T20:26:55.152Z'
System info: host: '1R-23', ip: '172.16.3.23', os.name: 'Windows 10', os.arch: 'amd64', os.version: '10.0', java.version: '1.8.0_171'
Driver info: org.openqa.selenium.chrome.ChromeDriver
Capabilities {acceptInsecureCerts: false, acceptSslCerts: false, applicationCacheEnabled: false, browserConnectionEnabled: false, browserName: chrome, chrome: {chromedriverVersion: 2.43.600210 (68dcf5eebde371..., userDataDir: C:\Users\FRANKE~1.MEH\AppDa...}, cssSelectorsEnabled: true, databaseEnabled: false, goog:chromeOptions: {debuggerAddress: localhost:50410}, handlesAlerts: true, hasTouchScreen: false, javascriptEnabled: true, locationContextEnabled: true, mobileEmulationEnabled: false, nativeEvents: true, networkConnectionEnabled: false, pageLoadStrategy: normal, platform: XP, platformName: XP, rotatable: false, setWindowRect: true, takesHeapSnapshot: true, takesScreenshot: true, unexpectedAlertBehaviour: , unhandledPromptBehavior: , version: 71.0.3578.98, webStorageEnabled: true}
Session ID: 6341c403375c0d9ae5a70611ce4fbdec
	at sun.reflect.NativeConstructorAccessorImpl.newInstance0(Native Method)
	at sun.reflect.NativeConstructorAccessorImpl.newInstance(Unknown Source)
	at sun.reflect.DelegatingConstructorAccessorImpl.newInstance(Unknown Source)
	at java.lang.reflect.Constructor.newInstance(Unknown Source)
	at org.openqa.selenium.remote.ErrorHandler.createThrowable(ErrorHandler.java:214)
	at org.openqa.selenium.remote.ErrorHandler.throwIfResponseFailed(ErrorHandler.java:166)
	at org.openqa.selenium.remote.http.JsonHttpResponseCodec.reconstructValue(JsonHttpResponseCodec.java:40)
	at org.openqa.selenium.remote.http.AbstractHttpResponseCodec.decode(AbstractHttpResponseCodec.java:80)
	at org.openqa.selenium.remote.http.AbstractHttpResponseCodec.decode(AbstractHttpResponseCodec.java:44)
	at org.openqa.selenium.remote.HttpCommandExecutor.execute(HttpCommandExecutor.java:158)
	at org.openqa.selenium.remote.service.DriverCommandExecutor.execute(DriverCommandExecutor.java:83)
	at org.openqa.selenium.remote.RemoteWebDriver.execute(RemoteWebDriver.java:545)
	at org.openqa.selenium.remote.RemoteWebElement.execute(RemoteWebElement.java:279)
	at org.openqa.selenium.remote.RemoteWebElement.click(RemoteWebElement.java:83)
	at org.drc.vat.appmanager.HelperBase.clickOn(HelperBase.java:98)
	at org.drc.vat.StepDefinitions.DV_2880_Tax_Deductable_Ass_and_Reass_Adjustement.user_click_on_drop_down_for_Manual_Assessment(DV_2880_Tax_Deductable_Ass_and_Reass_Adjustement.java:43)
	at ?.And User click on drop down "txt_PeriodJan" for Manual Assessment(features/17_03_DV_2881_OP_TD_Ad_with_Ass_and_Reass.feature:8)
</textarea></div>
					</li>
					<li test-id='8' class='node and skip' status='skip'><b>And</b>
						<span class="bdd-step-name">And User click on FilterBy and click on NITVA</span>
							<div class='pre'>skipped</div>
					</li>
					<li test-id='9' class='node and skip' status='skip'><b>And</b>
						<span class="bdd-step-name">And User type "20181219011721301" and click on search button</span>
							<div class='pre'>skipped</div>
					</li>
					<li test-id='10' class='node and skip' status='skip'><b>And</b>
						<span class="bdd-step-name">And User see that period field month and year is selected</span>
							<div class='pre'>skipped</div>
					</li>
					<li test-id='11' class='node and skip' status='skip'><b>And</b>
						<span class="bdd-step-name">And User see NITVA number is selected</span>
							<div class='pre'>skipped</div>
					</li>
					<li test-id='12' class='node and skip' status='skip'><b>And</b>
						<span class="bdd-step-name">And User click on manage and click on assess</span>
							<div class='pre'>skipped</div>
					</li>
					<li test-id='13' class='node and skip' status='skip'><b>And</b>
						<span class="bdd-step-name">And Validate NITVA number</span>
							<div class='pre'>skipped</div>
					</li>
					<li test-id='14' class='node and skip' status='skip'><b>And</b>
						<span class="bdd-step-name">And Validate Period field</span>
						<ul class='screenshots right'>
							<li><a data-featherlight="image" href="E:\DRC Merge Regreation\DRC-Automation\test-output\Fri Dec 21\screenshots\Validate the NITVA field,Period field -internal portal_172100.png"><i class='material-icons'>panorama</i></a></li>
						</ul>
							<div class='pre'>skipped</div>
					</li>
				</ul>
		</li>
	</ul>
</div>
<div class='scenariooutline node' test-id='15' status='pass'>
	<span class='duration right label'>0h 0m 15s+848ms</span>
	<div class='desc'>
		<b>ScenarioOutline</b>
		<span class="desc-text">Validate Total Additional liability.</span>
	</div>
	<ul class='steps'>
		<li test-id='16' class='node scenario pass' status='pass'>
			<div class='category-list'>
				<span class='category label white-text'>@TC_06_Manual_2881</span>
			</div>
			
			<b>Scenario</b>
			
			<span class="bdd-step-name">Validate Total Additional liability.</span>
			
				<ul class='steps'>
					<li test-id='17' class='node given pass' status='pass'><b>Given</b>
						<span class="bdd-step-name">Given User is on Manual Assessment "Mal_OP_06" "Validate Total Additional liability"</span>
							<div class='pre'>passed</div>
					</li>
					<li test-id='18' class='node and pass' status='pass'><b>And</b>
						<span class="bdd-step-name">And User click on Dashboard</span>
							<div class='pre'>passed</div>
					</li>
					<li test-id='19' class='node and pass' status='pass'><b>And</b>
						<span class="bdd-step-name">And User click on Assessment Tab</span>
							<div class='pre'>passed</div>
					</li>
					<li test-id='20' class='node and pass' status='pass'><b>And</b>
						<span class="bdd-step-name">And User click on drop down "txt_PeriodJan" for Manual Assessment</span>
							<div class='pre'>passed</div>
					</li>
					<li test-id='21' class='node and pass' status='pass'><b>And</b>
						<span class="bdd-step-name">And User click on FilterBy and click on NITVA</span>
							<div class='pre'>passed</div>
					</li>
					<li test-id='22' class='node and pass' status='pass'><b>And</b>
						<span class="bdd-step-name">And User type "20181219011721301" and click on search button</span>
							<div class='pre'>passed</div>
					</li>
					<li test-id='23' class='node and pass' status='pass'><b>And</b>
						<span class="bdd-step-name">And User click on manage and click on assess</span>
							<div class='pre'>passed</div>
					</li>
					<li test-id='24' class='node and pass' status='pass'><b>And</b>
						<span class="bdd-step-name">And User calculate Total Additional liability</span>
						<ul class='screenshots right'>
							<li><a data-featherlight="image" href="E:\DRC Merge Regreation\DRC-Automation\test-output\Fri Dec 21\screenshots\Validate Total Additional liability._172152.png"><i class='material-icons'>panorama</i></a></li>
						</ul>
							<div class='pre'>passed</div>
					</li>
				</ul>
		</li>
	</ul>
</div>
<div class='scenariooutline node' test-id='25' status='pass'>
	<span class='duration right label'>0h 0m 42s+349ms</span>
	<div class='desc'>
		<b>ScenarioOutline</b>
		<span class="desc-text">Validate the view icon in transaction received table and difference amount calculate</span>
	</div>
	<ul class='steps'>
		<li test-id='26' class='node scenario pass' status='pass'>
			<div class='category-list'>
				<span class='category label white-text'>@TC_10_11_Manual_2881</span>
			</div>
			
			<b>Scenario</b>
			
			<span class="bdd-step-name">Validate the view icon in transaction received table and difference amount calculate</span>
			
				<ul class='steps'>
					<li test-id='27' class='node given pass' status='pass'><b>Given</b>
						<span class="bdd-step-name">Given User is on Manual Assessment "Mal_OP_10_11" "Validate Total Additional liability and amount calculate"</span>
							<div class='pre'>passed</div>
					</li>
					<li test-id='28' class='node and pass' status='pass'><b>And</b>
						<span class="bdd-step-name">And User click on Dashboard</span>
							<div class='pre'>passed</div>
					</li>
					<li test-id='29' class='node and pass' status='pass'><b>And</b>
						<span class="bdd-step-name">And User click on Assessment Tab</span>
							<div class='pre'>passed</div>
					</li>
					<li test-id='30' class='node and pass' status='pass'><b>And</b>
						<span class="bdd-step-name">And User click on drop down "txt_PeriodFeb" for Manual Assessment</span>
							<div class='pre'>passed</div>
					</li>
					<li test-id='31' class='node and pass' status='pass'><b>And</b>
						<span class="bdd-step-name">And User click on FilterBy and click on NITVA</span>
							<div class='pre'>passed</div>
					</li>
					<li test-id='32' class='node and pass' status='pass'><b>And</b>
						<span class="bdd-step-name">And User type "20181219011721301" and click on search button</span>
							<div class='pre'>passed</div>
					</li>
					<li test-id='33' class='node and pass' status='pass'><b>And</b>
						<span class="bdd-step-name">And User click on manage and click on assess</span>
							<div class='pre'>passed</div>
					</li>
					<li test-id='34' class='node and pass' status='pass'><b>And</b>
						<span class="bdd-step-name">And User click on Delivery of goods and validate navigation</span>
							<div class='pre'>passed</div>
					</li>
					<li test-id='35' class='node and pass' status='pass'><b>And</b>
						<span class="bdd-step-name">And User click on previous button and navigate to Operations Performed page</span>
							<div class='pre'>passed</div>
					</li>
					<li test-id='36' class='node and pass' status='pass'><b>And</b>
						<span class="bdd-step-name">And User click on Delivery of Services and validate navigation</span>
							<div class='pre'>passed</div>
					</li>
					<li test-id='37' class='node and pass' status='pass'><b>And</b>
						<span class="bdd-step-name">And User click on previous button and navigate to Operations Performed page</span>
							<div class='pre'>passed</div>
					</li>
					<li test-id='38' class='node and pass' status='pass'><b>And</b>
						<span class="bdd-step-name">And User click on Exports and related transactions and validate navigation</span>
							<div class='pre'>passed</div>
					</li>
					<li test-id='39' class='node and pass' status='pass'><b>And</b>
						<span class="bdd-step-name">And User click on previous button and navigate to Operations Performed page</span>
							<div class='pre'>passed</div>
					</li>
					<li test-id='40' class='node and pass' status='pass'><b>And</b>
						<span class="bdd-step-name">And User click on Exempt transactions and validate navigation</span>
							<div class='pre'>passed</div>
					</li>
					<li test-id='41' class='node and pass' status='pass'><b>And</b>
						<span class="bdd-step-name">And User click on previous button and navigate to Operations Performed page</span>
							<div class='pre'>passed</div>
					</li>
					<li test-id='42' class='node and pass' status='pass'><b>And</b>
						<span class="bdd-step-name">And User click on Non-taxable transactions and validate navigation</span>
							<div class='pre'>passed</div>
					</li>
					<li test-id='43' class='node and pass' status='pass'><b>And</b>
						<span class="bdd-step-name">And User click on previous button and navigate to Operations Performed page</span>
							<div class='pre'>passed</div>
					</li>
					<li test-id='44' class='node and pass' status='pass'><b>And</b>
						<span class="bdd-step-name">And User validate difference amount on operation performed</span>
						<ul class='screenshots right'>
							<li><a data-featherlight="image" href="E:\DRC Merge Regreation\DRC-Automation\test-output\Fri Dec 21\screenshots\Validate the view icon in transaction received table and difference amount calculate_172208.png"><i class='material-icons'>panorama</i></a></li>
						</ul>
							<div class='pre'>passed</div>
					</li>
				</ul>
		</li>
	</ul>
</div>
<div class='scenariooutline node' test-id='45' status='fail'>
	<span class='duration right label'>0h 0m 18s+611ms</span>
	<div class='desc'>
		<b>ScenarioOutline</b>
		<span class="desc-text">Validate total row under Other e-declaration table , total amount for taxable turnover,next and prev,previous,transaction received button and e-filing schedule button</span>
	</div>
	<ul class='steps'>
		<li test-id='46' class='node scenario fail' status='fail'>
			<div class='category-list'>
				<span class='category label white-text'>@TC_13_14_15_16_17_19_Manual_2881</span>
			</div>
			
			<b>Scenario</b>
			
			<span class="bdd-step-name">Validate total row under Other e-declaration table , total amount for taxable turnover,next and prev,previous,transaction received button and e-filing schedule button</span>
			
				<ul class='steps'>
					<li test-id='47' class='node given pass' status='pass'><b>Given</b>
						<span class="bdd-step-name">Given User is on Manual Assessment "Mal_OP_13_14_15_16_17_19" "Validate total row,amount for taxable turnover,next and prev,previous,transaction received,e-filing schedule button"</span>
							<div class='pre'>passed</div>
					</li>
					<li test-id='48' class='node and pass' status='pass'><b>And</b>
						<span class="bdd-step-name">And User click on Dashboard</span>
							<div class='pre'>passed</div>
					</li>
					<li test-id='49' class='node and pass' status='pass'><b>And</b>
						<span class="bdd-step-name">And User click on Assessment Tab</span>
							<div class='pre'>passed</div>
					</li>
					<li test-id='50' class='node and pass' status='pass'><b>And</b>
						<span class="bdd-step-name">And User click on drop down "txt_PeriodJan" for Manual Assessment</span>
							<div class='pre'>passed</div>
					</li>
					<li test-id='51' class='node and pass' status='pass'><b>And</b>
						<span class="bdd-step-name">And User click on FilterBy and click on NITVA</span>
							<div class='pre'>passed</div>
					</li>
					<li test-id='52' class='node and pass' status='pass'><b>And</b>
						<span class="bdd-step-name">And User type "20181219103438835" and click on search button</span>
							<div class='pre'>passed</div>
					</li>
					<li test-id='53' class='node and pass' status='pass'><b>And</b>
						<span class="bdd-step-name">And User click on manage and click on assess</span>
							<div class='pre'>passed</div>
					</li>
					<li test-id='54' class='node and pass' status='pass'><b>And</b>
						<span class="bdd-step-name">And User verify total amount for taxable turnover</span>
							<div class='pre'>passed</div>
					</li>
					<li test-id='55' class='node and fail' status='fail'><b>And</b>
						<span class="bdd-step-name">And User verify the total amount for VAT collected</span>
							<div class='pre'><pre>org.openqa.selenium.NoSuchElementException: no such element: Unable to locate element: {"method":"xpath","selector":"(//div[contains(text(),'Delivery of goods')])[1]//following::td//following::td//following::td//div"}
  (Session info: chrome=71.0.3578.98)
  (Driver info: chromedriver=2.43.600210 (68dcf5eebde37173d4027fa8635e332711d2874a),platform=Windows NT 10.0.17134 x86_64) (WARNING: The server did not provide any stacktrace information)
Command duration or timeout: 0 milliseconds
For documentation on this error, please visit: http://seleniumhq.org/exceptions/no_such_element.html
Build info: version: '3.11.0', revision: 'e59cfb3', time: '2018-03-11T20:26:55.152Z'
System info: host: '1R-23', ip: '172.16.3.23', os.name: 'Windows 10', os.arch: 'amd64', os.version: '10.0', java.version: '1.8.0_171'
Driver info: org.openqa.selenium.chrome.ChromeDriver
Capabilities {acceptInsecureCerts: false, acceptSslCerts: false, applicationCacheEnabled: false, browserConnectionEnabled: false, browserName: chrome, chrome: {chromedriverVersion: 2.43.600210 (68dcf5eebde371..., userDataDir: C:\Users\FRANKE~1.MEH\AppDa...}, cssSelectorsEnabled: true, databaseEnabled: false, goog:chromeOptions: {debuggerAddress: localhost:50410}, handlesAlerts: true, hasTouchScreen: false, javascriptEnabled: true, locationContextEnabled: true, mobileEmulationEnabled: false, nativeEvents: true, networkConnectionEnabled: false, pageLoadStrategy: normal, platform: XP, platformName: XP, rotatable: false, setWindowRect: true, takesHeapSnapshot: true, takesScreenshot: true, unexpectedAlertBehaviour: , unhandledPromptBehavior: , version: 71.0.3578.98, webStorageEnabled: true}
Session ID: 6341c403375c0d9ae5a70611ce4fbdec
*** Element info: {Using=xpath, value=(//div[contains(text(),'Delivery of goods')])[1]//following::td//following::td//following::td//div}
	at sun.reflect.NativeConstructorAccessorImpl.newInstance0(Native Method)
	at sun.reflect.NativeConstructorAccessorImpl.newInstance(Unknown Source)
	at sun.reflect.DelegatingConstructorAccessorImpl.newInstance(Unknown Source)
	at java.lang.reflect.Constructor.newInstance(Unknown Source)
	at org.openqa.selenium.remote.ErrorHandler.createThrowable(ErrorHandler.java:214)
	at org.openqa.selenium.remote.ErrorHandler.throwIfResponseFailed(ErrorHandler.java:166)
	at org.openqa.selenium.remote.http.JsonHttpResponseCodec.reconstructValue(JsonHttpResponseCodec.java:40)
	at org.openqa.selenium.remote.http.AbstractHttpResponseCodec.decode(AbstractHttpResponseCodec.java:80)
	at org.openqa.selenium.remote.http.AbstractHttpResponseCodec.decode(AbstractHttpResponseCodec.java:44)
	at org.openqa.selenium.remote.HttpCommandExecutor.execute(HttpCommandExecutor.java:158)
	at org.openqa.selenium.remote.service.DriverCommandExecutor.execute(DriverCommandExecutor.java:83)
	at org.openqa.selenium.remote.RemoteWebDriver.execute(RemoteWebDriver.java:545)
	at org.openqa.selenium.remote.RemoteWebDriver.findElement(RemoteWebDriver.java:319)
	at org.openqa.selenium.remote.RemoteWebDriver.findElementByXPath(RemoteWebDriver.java:421)
	at org.openqa.selenium.By$ByXPath.findElement(By.java:361)
	at org.openqa.selenium.remote.RemoteWebDriver.findElement(RemoteWebDriver.java:311)
	at org.drc.vat.appmanager.HelperBase.elementText(HelperBase.java:240)
	at org.drc.vat.StepDefinitions.DV_2881_OP_TD_Ad_with_Ass_and_Reass.user_verify_the_total_amount_for_VAT_collected(DV_2881_OP_TD_Ad_with_Ass_and_Reass.java:372)
	at ?.And User verify the total amount for VAT collected(features/17_03_DV_2881_OP_TD_Ad_with_Ass_and_Reass.feature:97)
</pre></div>
					</li>
					<li test-id='56' class='node and skip' status='skip'><b>And</b>
						<span class="bdd-step-name">And User click on next button and navigate to Tax deductible page</span>
							<div class='pre'>skipped</div>
					</li>
					<li test-id='57' class='node and skip' status='skip'><b>And</b>
						<span class="bdd-step-name">And User click on prev and navigate to operation tap and prev button is disable</span>
							<div class='pre'>skipped</div>
					</li>
					<li test-id='58' class='node and skip' status='skip'><b>And</b>
						<span class="bdd-step-name">And User click on Transaction received button and verify</span>
							<div class='pre'>skipped</div>
					</li>
					<li test-id='59' class='node and skip' status='skip'><b>And</b>
						<span class="bdd-step-name">And User click on e-filing schedule when tax payer did not uploaded file at the time of e-declaration and shows message "File not found"</span>
							<div class='pre'>skipped</div>
					</li>
					<li test-id='60' class='node and skip' status='skip'><b>And</b>
						<span class="bdd-step-name">And User click on previous button and navigate to manual assessement landing screen</span>
						<ul class='screenshots right'>
							<li><a data-featherlight="image" href="E:\DRC Merge Regreation\DRC-Automation\test-output\Fri Dec 21\screenshots\Validate total row under Other e-declaration table , total amount for taxable turnover,next and prev,previous,transaction received button and e-filing schedule button_172251.png"><i class='material-icons'>panorama</i></a></li>
						</ul>
							<div class='pre'>skipped</div>
					</li>
				</ul>
		</li>
	</ul>
</div>
<div class='scenariooutline node' test-id='61' status='pass'>
	<span class='duration right label'>0h 0m 18s+242ms</span>
	<div class='desc'>
		<b>ScenarioOutline</b>
		<span class="desc-text">Validate the download functionality of e-filing schedule button when e-file schedule file is uploaded by tax payer from tax payer portal</span>
	</div>
	<ul class='steps'>
		<li test-id='62' class='node scenario pass' status='pass'>
			<div class='category-list'>
				<span class='category label white-text'>@TC_18_Manual_2881</span>
			</div>
			
			<b>Scenario</b>
			
			<span class="bdd-step-name">Validate the download functionality of e-filing schedule button when e-file schedule file is uploaded by tax payer from tax payer portal</span>
			
				<ul class='steps'>
					<li test-id='63' class='node given pass' status='pass'><b>Given</b>
						<span class="bdd-step-name">Given User is on Manual Assessment "Mal_OP_18" "Validate e-filing schedule button"</span>
							<div class='pre'>passed</div>
					</li>
					<li test-id='64' class='node and pass' status='pass'><b>And</b>
						<span class="bdd-step-name">And User click on Dashboard</span>
							<div class='pre'>passed</div>
					</li>
					<li test-id='65' class='node and pass' status='pass'><b>And</b>
						<span class="bdd-step-name">And User click on Assessment Tab</span>
							<div class='pre'>passed</div>
					</li>
					<li test-id='66' class='node and pass' status='pass'><b>And</b>
						<span class="bdd-step-name">And User click on drop down "txt_PeriodJan" for Manual Assessment</span>
							<div class='pre'>passed</div>
					</li>
					<li test-id='67' class='node and pass' status='pass'><b>And</b>
						<span class="bdd-step-name">And User click on FilterBy and click on NITVA</span>
							<div class='pre'>passed</div>
					</li>
					<li test-id='68' class='node and pass' status='pass'><b>And</b>
						<span class="bdd-step-name">And User type "20181219011721301" and click on search button</span>
							<div class='pre'>passed</div>
					</li>
					<li test-id='69' class='node and pass' status='pass'><b>And</b>
						<span class="bdd-step-name">And User click on manage and click on assess</span>
							<div class='pre'>passed</div>
					</li>
					<li test-id='70' class='node and pass' status='pass'><b>And</b>
						<span class="bdd-step-name">And User click on e-filing schedule button and validate</span>
						<ul class='screenshots right'>
							<li><a data-featherlight="image" href="E:\DRC Merge Regreation\DRC-Automation\test-output\Fri Dec 21\screenshots\Validate the download functionality of e-filing schedule button when e-file schedule file is uploaded by tax payer from tax payer portal_172311.png"><i class='material-icons'>panorama</i></a></li>
						</ul>
							<div class='pre'>passed</div>
					</li>
				</ul>
		</li>
	</ul>
</div>
<div class='scenariooutline node' test-id='71' status='fail'>
	<span class='duration right label'>0h 0m 31s+693ms</span>
	<div class='desc'>
		<b>ScenarioOutline</b>
		<span class="desc-text">Validate Negative Scenario for all fields</span>
	</div>
	<ul class='steps'>
		<li test-id='72' class='node scenario fail' status='fail'>
			<div class='category-list'>
				<span class='category label white-text'>@TC_Negative_Scenario_Manual_2881</span>
			</div>
			
			<b>Scenario</b>
			
			<span class="bdd-step-name">Validate Negative Scenario for all fields</span>
			
				<ul class='steps'>
					<li test-id='73' class='node given pass' status='pass'><b>Given</b>
						<span class="bdd-step-name">Given User is on Manual Assessment "Mal_OP_NS_1" "Validate special chatracter"</span>
							<div class='pre'>passed</div>
					</li>
					<li test-id='74' class='node and pass' status='pass'><b>And</b>
						<span class="bdd-step-name">And User click on Dashboard</span>
							<div class='pre'>passed</div>
					</li>
					<li test-id='75' class='node and pass' status='pass'><b>And</b>
						<span class="bdd-step-name">And User click on Assessment Tab</span>
							<div class='pre'>passed</div>
					</li>
					<li test-id='76' class='node and pass' status='pass'><b>And</b>
						<span class="bdd-step-name">And User click on drop down "txt_PeriodFeb" for Manual Assessment</span>
							<div class='pre'>passed</div>
					</li>
					<li test-id='77' class='node and pass' status='pass'><b>And</b>
						<span class="bdd-step-name">And User click on FilterBy and click on NITVA</span>
							<div class='pre'>passed</div>
					</li>
					<li test-id='78' class='node and pass' status='pass'><b>And</b>
						<span class="bdd-step-name">And User type "20181219011721301" and click on search button</span>
							<div class='pre'>passed</div>
					</li>
					<li test-id='79' class='node and pass' status='pass'><b>And</b>
						<span class="bdd-step-name">And User click on manage and click on assess</span>
							<div class='pre'>passed</div>
					</li>
					<li test-id='80' class='node and pass' status='pass'><b>And</b>
						<span class="bdd-step-name">And User click on edit button</span>
							<div class='pre'>passed</div>
					</li>
					<li test-id='81' class='node and fail' status='fail'><b>And</b>
						<span class="bdd-step-name">And User entered value "@!@$" "@!@$" "@!@$" "@!@$" "@!@$" "@!@$" "@!@$" "@!@$" "@!@$" for Operation Performed negative scenario</span>
						<ul class='screenshots right'>
							<li><a data-featherlight="image" href="E:\DRC Merge Regreation\DRC-Automation\test-output\Fri Dec 21\screenshots\Validate Negative Scenario for all fields_172329.png"><i class='material-icons'>panorama</i></a></li>
						</ul>
							<div class='pre'><pre>org.openqa.selenium.NoSuchElementException: no such element: Unable to locate element: {"method":"xpath","selector":"//div[contains(text(),'1. Delivery of goods')]//following::td//following::td//div//input"}
  (Session info: chrome=71.0.3578.98)
  (Driver info: chromedriver=2.43.600210 (68dcf5eebde37173d4027fa8635e332711d2874a),platform=Windows NT 10.0.17134 x86_64) (WARNING: The server did not provide any stacktrace information)
Command duration or timeout: 0 milliseconds
For documentation on this error, please visit: http://seleniumhq.org/exceptions/no_such_element.html
Build info: version: '3.11.0', revision: 'e59cfb3', time: '2018-03-11T20:26:55.152Z'
System info: host: '1R-23', ip: '172.16.3.23', os.name: 'Windows 10', os.arch: 'amd64', os.version: '10.0', java.version: '1.8.0_171'
Driver info: org.openqa.selenium.chrome.ChromeDriver
Capabilities {acceptInsecureCerts: false, acceptSslCerts: false, applicationCacheEnabled: false, browserConnectionEnabled: false, browserName: chrome, chrome: {chromedriverVersion: 2.43.600210 (68dcf5eebde371..., userDataDir: C:\Users\FRANKE~1.MEH\AppDa...}, cssSelectorsEnabled: true, databaseEnabled: false, goog:chromeOptions: {debuggerAddress: localhost:50410}, handlesAlerts: true, hasTouchScreen: false, javascriptEnabled: true, locationContextEnabled: true, mobileEmulationEnabled: false, nativeEvents: true, networkConnectionEnabled: false, pageLoadStrategy: normal, platform: XP, platformName: XP, rotatable: false, setWindowRect: true, takesHeapSnapshot: true, takesScreenshot: true, unexpectedAlertBehaviour: , unhandledPromptBehavior: , version: 71.0.3578.98, webStorageEnabled: true}
Session ID: 6341c403375c0d9ae5a70611ce4fbdec
*** Element info: {Using=xpath, value=//div[contains(text(),'1. Delivery of goods')]//following::td//following::td//div//input}
	at sun.reflect.NativeConstructorAccessorImpl.newInstance0(Native Method)
	at sun.reflect.NativeConstructorAccessorImpl.newInstance(Unknown Source)
	at sun.reflect.DelegatingConstructorAccessorImpl.newInstance(Unknown Source)
	at java.lang.reflect.Constructor.newInstance(Unknown Source)
	at org.openqa.selenium.remote.ErrorHandler.createThrowable(ErrorHandler.java:214)
	at org.openqa.selenium.remote.ErrorHandler.throwIfResponseFailed(ErrorHandler.java:166)
	at org.openqa.selenium.remote.http.JsonHttpResponseCodec.reconstructValue(JsonHttpResponseCodec.java:40)
	at org.openqa.selenium.remote.http.AbstractHttpResponseCodec.decode(AbstractHttpResponseCodec.java:80)
	at org.openqa.selenium.remote.http.AbstractHttpResponseCodec.decode(AbstractHttpResponseCodec.java:44)
	at org.openqa.selenium.remote.HttpCommandExecutor.execute(HttpCommandExecutor.java:158)
	at org.openqa.selenium.remote.service.DriverCommandExecutor.execute(DriverCommandExecutor.java:83)
	at org.openqa.selenium.remote.RemoteWebDriver.execute(RemoteWebDriver.java:545)
	at org.openqa.selenium.remote.RemoteWebDriver.findElement(RemoteWebDriver.java:319)
	at org.openqa.selenium.remote.RemoteWebDriver.findElementByXPath(RemoteWebDriver.java:421)
	at org.openqa.selenium.By$ByXPath.findElement(By.java:361)
	at org.openqa.selenium.remote.RemoteWebDriver.findElement(RemoteWebDriver.java:311)
	at org.drc.vat.appmanager.HelperBase.type_without_clear(HelperBase.java:213)
	at org.drc.vat.StepDefinitions.DV_2881_OP_TD_Ad_with_Ass_and_Reass.user_entered_value_for_Operation_Performed_negative_scenario(DV_2881_OP_TD_Ad_with_Ass_and_Reass.java:509)
	at ?.And User entered value "@!@$" "@!@$" "@!@$" "@!@$" "@!@$" "@!@$" "@!@$" "@!@$" "@!@$" for Operation Performed negative scenario(features/17_03_DV_2881_OP_TD_Ad_with_Ass_and_Reass.feature:134)
</pre></div>
					</li>
				</ul>
		</li>
		<li test-id='82' class='node scenario fail' status='fail'>
			<div class='category-list'>
				<span class='category label white-text'>@TC_Negative_Scenario_Manual_2881</span>
			</div>
			
			<b>Scenario</b>
			
			<span class="bdd-step-name">Validate Negative Scenario for all fields</span>
			
				<ul class='steps'>
					<li test-id='83' class='node given pass' status='pass'><b>Given</b>
						<span class="bdd-step-name">Given User is on Manual Assessment "Mal_OP_NS_2" "Validate alpha numeric"</span>
							<div class='pre'>passed</div>
					</li>
					<li test-id='84' class='node and pass' status='pass'><b>And</b>
						<span class="bdd-step-name">And User click on Dashboard</span>
							<div class='pre'>passed</div>
					</li>
					<li test-id='85' class='node and pass' status='pass'><b>And</b>
						<span class="bdd-step-name">And User click on Assessment Tab</span>
							<div class='pre'>passed</div>
					</li>
					<li test-id='86' class='node and pass' status='pass'><b>And</b>
						<span class="bdd-step-name">And User click on drop down "txt_PeriodFeb" for Manual Assessment</span>
							<div class='pre'>passed</div>
					</li>
					<li test-id='87' class='node and pass' status='pass'><b>And</b>
						<span class="bdd-step-name">And User click on FilterBy and click on NITVA</span>
							<div class='pre'>passed</div>
					</li>
					<li test-id='88' class='node and pass' status='pass'><b>And</b>
						<span class="bdd-step-name">And User type "20181219011721301" and click on search button</span>
							<div class='pre'>passed</div>
					</li>
					<li test-id='89' class='node and pass' status='pass'><b>And</b>
						<span class="bdd-step-name">And User click on manage and click on assess</span>
							<div class='pre'>passed</div>
					</li>
					<li test-id='90' class='node and pass' status='pass'><b>And</b>
						<span class="bdd-step-name">And User click on edit button</span>
							<div class='pre'>passed</div>
					</li>
					<li test-id='91' class='node and fail' status='fail'><b>And</b>
						<span class="bdd-step-name">And User entered value "A12" "B123" "C465" "D234" "E234" "F123" "G123" "H123" "I123" for Operation Performed negative scenario</span>
						<ul class='screenshots right'>
							<li><a data-featherlight="image" href="E:\DRC Merge Regreation\DRC-Automation\test-output\Fri Dec 21\screenshots\Validate Negative Scenario for all fields_172346.png"><i class='material-icons'>panorama</i></a></li>
						</ul>
							<div class='pre'><pre>org.openqa.selenium.NoSuchElementException: no such element: Unable to locate element: {"method":"xpath","selector":"//div[contains(text(),'1. Delivery of goods')]//following::td//following::td//div//input"}
  (Session info: chrome=71.0.3578.98)
  (Driver info: chromedriver=2.43.600210 (68dcf5eebde37173d4027fa8635e332711d2874a),platform=Windows NT 10.0.17134 x86_64) (WARNING: The server did not provide any stacktrace information)
Command duration or timeout: 0 milliseconds
For documentation on this error, please visit: http://seleniumhq.org/exceptions/no_such_element.html
Build info: version: '3.11.0', revision: 'e59cfb3', time: '2018-03-11T20:26:55.152Z'
System info: host: '1R-23', ip: '172.16.3.23', os.name: 'Windows 10', os.arch: 'amd64', os.version: '10.0', java.version: '1.8.0_171'
Driver info: org.openqa.selenium.chrome.ChromeDriver
Capabilities {acceptInsecureCerts: false, acceptSslCerts: false, applicationCacheEnabled: false, browserConnectionEnabled: false, browserName: chrome, chrome: {chromedriverVersion: 2.43.600210 (68dcf5eebde371..., userDataDir: C:\Users\FRANKE~1.MEH\AppDa...}, cssSelectorsEnabled: true, databaseEnabled: false, goog:chromeOptions: {debuggerAddress: localhost:50410}, handlesAlerts: true, hasTouchScreen: false, javascriptEnabled: true, locationContextEnabled: true, mobileEmulationEnabled: false, nativeEvents: true, networkConnectionEnabled: false, pageLoadStrategy: normal, platform: XP, platformName: XP, rotatable: false, setWindowRect: true, takesHeapSnapshot: true, takesScreenshot: true, unexpectedAlertBehaviour: , unhandledPromptBehavior: , version: 71.0.3578.98, webStorageEnabled: true}
Session ID: 6341c403375c0d9ae5a70611ce4fbdec
*** Element info: {Using=xpath, value=//div[contains(text(),'1. Delivery of goods')]//following::td//following::td//div//input}
	at sun.reflect.NativeConstructorAccessorImpl.newInstance0(Native Method)
	at sun.reflect.NativeConstructorAccessorImpl.newInstance(Unknown Source)
	at sun.reflect.DelegatingConstructorAccessorImpl.newInstance(Unknown Source)
	at java.lang.reflect.Constructor.newInstance(Unknown Source)
	at org.openqa.selenium.remote.ErrorHandler.createThrowable(ErrorHandler.java:214)
	at org.openqa.selenium.remote.ErrorHandler.throwIfResponseFailed(ErrorHandler.java:166)
	at org.openqa.selenium.remote.http.JsonHttpResponseCodec.reconstructValue(JsonHttpResponseCodec.java:40)
	at org.openqa.selenium.remote.http.AbstractHttpResponseCodec.decode(AbstractHttpResponseCodec.java:80)
	at org.openqa.selenium.remote.http.AbstractHttpResponseCodec.decode(AbstractHttpResponseCodec.java:44)
	at org.openqa.selenium.remote.HttpCommandExecutor.execute(HttpCommandExecutor.java:158)
	at org.openqa.selenium.remote.service.DriverCommandExecutor.execute(DriverCommandExecutor.java:83)
	at org.openqa.selenium.remote.RemoteWebDriver.execute(RemoteWebDriver.java:545)
	at org.openqa.selenium.remote.RemoteWebDriver.findElement(RemoteWebDriver.java:319)
	at org.openqa.selenium.remote.RemoteWebDriver.findElementByXPath(RemoteWebDriver.java:421)
	at org.openqa.selenium.By$ByXPath.findElement(By.java:361)
	at org.openqa.selenium.remote.RemoteWebDriver.findElement(RemoteWebDriver.java:311)
	at org.drc.vat.appmanager.HelperBase.type_without_clear(HelperBase.java:213)
	at org.drc.vat.StepDefinitions.DV_2881_OP_TD_Ad_with_Ass_and_Reass.user_entered_value_for_Operation_Performed_negative_scenario(DV_2881_OP_TD_Ad_with_Ass_and_Reass.java:509)
	at ?.And User entered value "A12" "B123" "C465" "D234" "E234" "F123" "G123" "H123" "I123" for Operation Performed negative scenario(features/17_03_DV_2881_OP_TD_Ad_with_Ass_and_Reass.feature:134)
</pre></div>
					</li>
				</ul>
		</li>
	</ul>
</div>
<div class='scenariooutline node' test-id='92' status='fail'>
	<span class='duration right label'>0h 0m 15s+615ms</span>
	<div class='desc'>
		<b>ScenarioOutline</b>
		<span class="desc-text">Validate Negative Scenario for all fields</span>
	</div>
	<ul class='steps'>
		<li test-id='93' class='node scenario fail' status='fail'>
			<div class='category-list'>
				<span class='category label white-text'>@TC_Negative_Scenario_field_length_Manual_2881</span>
			</div>
			
			<b>Scenario</b>
			
			<span class="bdd-step-name">Validate Negative Scenario for all fields</span>
			
				<ul class='steps'>
					<li test-id='94' class='node given pass' status='pass'><b>Given</b>
						<span class="bdd-step-name">Given User is on Manual Assessment "Mal_OP_NS_Field_Length_1" "Validate length of number"</span>
							<div class='pre'>passed</div>
					</li>
					<li test-id='95' class='node and pass' status='pass'><b>And</b>
						<span class="bdd-step-name">And User click on Dashboard</span>
							<div class='pre'>passed</div>
					</li>
					<li test-id='96' class='node and pass' status='pass'><b>And</b>
						<span class="bdd-step-name">And User click on Assessment Tab</span>
							<div class='pre'>passed</div>
					</li>
					<li test-id='97' class='node and pass' status='pass'><b>And</b>
						<span class="bdd-step-name">And User click on drop down "txt_PeriodFeb" for Manual Assessment</span>
							<div class='pre'>passed</div>
					</li>
					<li test-id='98' class='node and pass' status='pass'><b>And</b>
						<span class="bdd-step-name">And User click on FilterBy and click on NITVA</span>
							<div class='pre'>passed</div>
					</li>
					<li test-id='99' class='node and pass' status='pass'><b>And</b>
						<span class="bdd-step-name">And User type "20181219011721301" and click on search button</span>
							<div class='pre'>passed</div>
					</li>
					<li test-id='100' class='node and pass' status='pass'><b>And</b>
						<span class="bdd-step-name">And User click on manage and click on assess</span>
							<div class='pre'>passed</div>
					</li>
					<li test-id='101' class='node and pass' status='pass'><b>And</b>
						<span class="bdd-step-name">And User click on edit button</span>
							<div class='pre'>passed</div>
					</li>
					<li test-id='102' class='node and fail' status='fail'><b>And</b>
						<span class="bdd-step-name">And User entered value "1234567891011123" "1234567891011123" "1234567891011123" "1234567891011123" "1234567891011123" "1234567891011123" "1234567891011123" "1234567891011123" "1234567891011123" for Operation Performed negative scenario field length</span>
						<ul class='screenshots right'>
							<li><a data-featherlight="image" href="E:\DRC Merge Regreation\DRC-Automation\test-output\Fri Dec 21\screenshots\Validate Negative Scenario for all fields_172402.png"><i class='material-icons'>panorama</i></a></li>
						</ul>
							<div class='pre'><pre>org.openqa.selenium.NoSuchElementException: no such element: Unable to locate element: {"method":"xpath","selector":"//div[contains(text(),'1. Delivery of goods')]//following::td//following::td//div//input"}
  (Session info: chrome=71.0.3578.98)
  (Driver info: chromedriver=2.43.600210 (68dcf5eebde37173d4027fa8635e332711d2874a),platform=Windows NT 10.0.17134 x86_64) (WARNING: The server did not provide any stacktrace information)
Command duration or timeout: 0 milliseconds
For documentation on this error, please visit: http://seleniumhq.org/exceptions/no_such_element.html
Build info: version: '3.11.0', revision: 'e59cfb3', time: '2018-03-11T20:26:55.152Z'
System info: host: '1R-23', ip: '172.16.3.23', os.name: 'Windows 10', os.arch: 'amd64', os.version: '10.0', java.version: '1.8.0_171'
Driver info: org.openqa.selenium.chrome.ChromeDriver
Capabilities {acceptInsecureCerts: false, acceptSslCerts: false, applicationCacheEnabled: false, browserConnectionEnabled: false, browserName: chrome, chrome: {chromedriverVersion: 2.43.600210 (68dcf5eebde371..., userDataDir: C:\Users\FRANKE~1.MEH\AppDa...}, cssSelectorsEnabled: true, databaseEnabled: false, goog:chromeOptions: {debuggerAddress: localhost:50410}, handlesAlerts: true, hasTouchScreen: false, javascriptEnabled: true, locationContextEnabled: true, mobileEmulationEnabled: false, nativeEvents: true, networkConnectionEnabled: false, pageLoadStrategy: normal, platform: XP, platformName: XP, rotatable: false, setWindowRect: true, takesHeapSnapshot: true, takesScreenshot: true, unexpectedAlertBehaviour: , unhandledPromptBehavior: , version: 71.0.3578.98, webStorageEnabled: true}
Session ID: 6341c403375c0d9ae5a70611ce4fbdec
*** Element info: {Using=xpath, value=//div[contains(text(),'1. Delivery of goods')]//following::td//following::td//div//input}
	at sun.reflect.NativeConstructorAccessorImpl.newInstance0(Native Method)
	at sun.reflect.NativeConstructorAccessorImpl.newInstance(Unknown Source)
	at sun.reflect.DelegatingConstructorAccessorImpl.newInstance(Unknown Source)
	at java.lang.reflect.Constructor.newInstance(Unknown Source)
	at org.openqa.selenium.remote.ErrorHandler.createThrowable(ErrorHandler.java:214)
	at org.openqa.selenium.remote.ErrorHandler.throwIfResponseFailed(ErrorHandler.java:166)
	at org.openqa.selenium.remote.http.JsonHttpResponseCodec.reconstructValue(JsonHttpResponseCodec.java:40)
	at org.openqa.selenium.remote.http.AbstractHttpResponseCodec.decode(AbstractHttpResponseCodec.java:80)
	at org.openqa.selenium.remote.http.AbstractHttpResponseCodec.decode(AbstractHttpResponseCodec.java:44)
	at org.openqa.selenium.remote.HttpCommandExecutor.execute(HttpCommandExecutor.java:158)
	at org.openqa.selenium.remote.service.DriverCommandExecutor.execute(DriverCommandExecutor.java:83)
	at org.openqa.selenium.remote.RemoteWebDriver.execute(RemoteWebDriver.java:545)
	at org.openqa.selenium.remote.RemoteWebDriver.findElement(RemoteWebDriver.java:319)
	at org.openqa.selenium.remote.RemoteWebDriver.findElementByXPath(RemoteWebDriver.java:421)
	at org.openqa.selenium.By$ByXPath.findElement(By.java:361)
	at org.openqa.selenium.remote.RemoteWebDriver.findElement(RemoteWebDriver.java:311)
	at org.drc.vat.appmanager.HelperBase.type(HelperBase.java:116)
	at org.drc.vat.StepDefinitions.DV_2881_OP_TD_Ad_with_Ass_and_Reass.user_entered_value_for_Operation_Performed_negative_scenario_field_length(DV_2881_OP_TD_Ad_with_Ass_and_Reass.java:570)
	at ?.And User entered value "1234567891011123" "1234567891011123" "1234567891011123" "1234567891011123" "1234567891011123" "1234567891011123" "1234567891011123" "1234567891011123" "1234567891011123" for Operation Performed negative scenario field length(features/17_03_DV_2881_OP_TD_Ad_with_Ass_and_Reass.feature:151)
</pre></div>
					</li>
				</ul>
		</li>
	</ul>
</div>
					</div>
				</li>
			</ul>
		</div>
	</div>
	<!-- subview left -->

	<div class='subview-right left'>
		<div class='view-summary'>
			<h5 class='test-name'></h5>

			<div id='step-filters' class="right">
				<span class="blue-text" status="info" alt="info" title="info"><i class="material-icons">info_outline</i></span>
				<span class="green-text" status="pass" alt="pass" title="pass"><i class="material-icons">check_circle</i></span>
				<span class="red-text" status="fail" alt="fail" title="fail"><i class="material-icons">cancel</i></span>
				<span class="red-text text-darken-4" status="fatal" alt="fatal" title="fatal"><i class="material-icons">cancel</i></span>
				<span class="pink-text text-lighten-1" status="error" alt="error" title="error"><i class="material-icons">error</i></span>
				<span class="orange-text" alt="warning" status="warning" title="warning"><i class="material-icons">warning</i></span>
				<span class="teal-text" status="skip" alt="skip" title="skip"><i class="material-icons">redo</i></span>
				<span status="clear" alt="Clear filters" title="Clear filters"><i class="material-icons">clear</i></span>
			</div>
		</div>
	</div>
	<!-- subview right -->

</div>
<!-- test view -->
<div id='category-view' class='view hide'>

	<section id='controls'>
		<div class='controls grey lighten-4'>
			<!-- search -->
			<div class='chip transparent' alt='Search Tests' title='Search Tests'>
				<a href="#" class='search-div'>
					<i class='material-icons'>search</i> Search
				</a>
				
				<div class='input-field left hide'>
					<input id='search-tests' type='text' class='validate browser-default' placeholder='Search Tests...'>
				</div>
				
			</div>
			<!-- search -->
		</div>
	</section>

	<div class='subview-left left'>
		
		<div class='view-summary'>
			<h5>Categories</h3>
			<ul id='category-collection' class='category-collection'>
				
				<li class='category displayed active'>
					<div class='category-heading'>
						<span class='category-name'>@TC_02_03_Manual_2881</span>
						<span class='category-status right'>
							<span class='label fail'>1</span>
						</span>
					</div>
					<div class='category-content hide'>
						<div class='category-status-counts'>
							
							<span class='label red lighten-1 white-text'>Failed: 1</span>
							
						</div>
					
						<div class='category-tests'>
							<table class='bordered table-results'>
								<thead>
									<tr>
										<th>Timestamp</th>
										<th>TestName</th>
										<th>Status</th>
									</tr>
								</thead>
								<tbody>
									<tr>
										<td>Dec 21, 2018 05:21:00 PM</td>
										<td class='linked' test-id='3'>User is on Operation Performed Page Manual Assessement.Validate the NITVA field,Period field -internal portal.Validate the NITVA field,Period field -internal portal</td>
										<td><span class='test-status fail'>fail</span></td>
									</tr>
								</tbody>
							</table>
						</div>
					</div>
				</li>
				<li class='category displayed active'>
					<div class='category-heading'>
						<span class='category-name'>@TC_06_Manual_2881</span>
						<span class='category-status right'>
							<span class='label pass'>1</span>
						</span>
					</div>
					<div class='category-content hide'>
						<div class='category-status-counts'>
							<span class='label green accent-4 white-text'>Passed: 1</span>
							
							
						</div>
					
						<div class='category-tests'>
							<table class='bordered table-results'>
								<thead>
									<tr>
										<th>Timestamp</th>
										<th>TestName</th>
										<th>Status</th>
									</tr>
								</thead>
								<tbody>
									<tr>
										<td>Dec 21, 2018 05:21:52 PM</td>
										<td class='linked' test-id='16'>User is on Operation Performed Page Manual Assessement.Validate Total Additional liability..Validate Total Additional liability.</td>
										<td><span class='test-status pass'>pass</span></td>
									</tr>
								</tbody>
							</table>
						</div>
					</div>
				</li>
				<li class='category displayed active'>
					<div class='category-heading'>
						<span class='category-name'>@TC_10_11_Manual_2881</span>
						<span class='category-status right'>
							<span class='label pass'>1</span>
						</span>
					</div>
					<div class='category-content hide'>
						<div class='category-status-counts'>
							<span class='label green accent-4 white-text'>Passed: 1</span>
							
							
						</div>
					
						<div class='category-tests'>
							<table class='bordered table-results'>
								<thead>
									<tr>
										<th>Timestamp</th>
										<th>TestName</th>
										<th>Status</th>
									</tr>
								</thead>
								<tbody>
									<tr>
										<td>Dec 21, 2018 05:22:08 PM</td>
										<td class='linked' test-id='26'>User is on Operation Performed Page Manual Assessement.Validate the view icon in transaction received table and difference amount calculate.Validate the view icon in transaction received table and difference amount calculate</td>
										<td><span class='test-status pass'>pass</span></td>
									</tr>
								</tbody>
							</table>
						</div>
					</div>
				</li>
				<li class='category displayed active'>
					<div class='category-heading'>
						<span class='category-name'>@TC_13_14_15_16_17_19_Manual_2881</span>
						<span class='category-status right'>
							<span class='label fail'>1</span>
						</span>
					</div>
					<div class='category-content hide'>
						<div class='category-status-counts'>
							
							<span class='label red lighten-1 white-text'>Failed: 1</span>
							
						</div>
					
						<div class='category-tests'>
							<table class='bordered table-results'>
								<thead>
									<tr>
										<th>Timestamp</th>
										<th>TestName</th>
										<th>Status</th>
									</tr>
								</thead>
								<tbody>
									<tr>
										<td>Dec 21, 2018 05:22:51 PM</td>
										<td class='linked' test-id='46'>User is on Operation Performed Page Manual Assessement.Validate total row under Other e-declaration table , total amount for taxable turnover,next and prev,previous,transaction received button and e-filing schedule button.Validate total row under Other e-declaration table , total amount for taxable turnover,next and prev,previous,transaction received button and e-filing schedule button</td>
										<td><span class='test-status fail'>fail</span></td>
									</tr>
								</tbody>
							</table>
						</div>
					</div>
				</li>
				<li class='category displayed active'>
					<div class='category-heading'>
						<span class='category-name'>@TC_18_Manual_2881</span>
						<span class='category-status right'>
							<span class='label pass'>1</span>
						</span>
					</div>
					<div class='category-content hide'>
						<div class='category-status-counts'>
							<span class='label green accent-4 white-text'>Passed: 1</span>
							
							
						</div>
					
						<div class='category-tests'>
							<table class='bordered table-results'>
								<thead>
									<tr>
										<th>Timestamp</th>
										<th>TestName</th>
										<th>Status</th>
									</tr>
								</thead>
								<tbody>
									<tr>
										<td>Dec 21, 2018 05:23:11 PM</td>
										<td class='linked' test-id='62'>User is on Operation Performed Page Manual Assessement.Validate the download functionality of e-filing schedule button when e-file schedule file is uploaded by tax payer from tax payer portal.Validate the download functionality of e-filing schedule button when e-file schedule file is uploaded by tax payer from tax payer portal</td>
										<td><span class='test-status pass'>pass</span></td>
									</tr>
								</tbody>
							</table>
						</div>
					</div>
				</li>
				<li class='category displayed active'>
					<div class='category-heading'>
						<span class='category-name'>@TC_Negative_Scenario_Manual_2881</span>
						<span class='category-status right'>
							<span class='label fail'>2</span>
						</span>
					</div>
					<div class='category-content hide'>
						<div class='category-status-counts'>
							
							<span class='label red lighten-1 white-text'>Failed: 2</span>
							
						</div>
					
						<div class='category-tests'>
							<table class='bordered table-results'>
								<thead>
									<tr>
										<th>Timestamp</th>
										<th>TestName</th>
										<th>Status</th>
									</tr>
								</thead>
								<tbody>
									<tr>
										<td>Dec 21, 2018 05:23:29 PM</td>
										<td class='linked' test-id='72'>User is on Operation Performed Page Manual Assessement.Validate Negative Scenario for all fields.Validate Negative Scenario for all fields</td>
										<td><span class='test-status fail'>fail</span></td>
									</tr>
									<tr>
										<td>Dec 21, 2018 05:23:46 PM</td>
										<td class='linked' test-id='82'>User is on Operation Performed Page Manual Assessement.Validate Negative Scenario for all fields.Validate Negative Scenario for all fields</td>
										<td><span class='test-status fail'>fail</span></td>
									</tr>
								</tbody>
							</table>
						</div>
					</div>
				</li>
				<li class='category displayed active'>
					<div class='category-heading'>
						<span class='category-name'>@TC_Negative_Scenario_field_length_Manual_2881</span>
						<span class='category-status right'>
							<span class='label fail'>1</span>
						</span>
					</div>
					<div class='category-content hide'>
						<div class='category-status-counts'>
							
							<span class='label red lighten-1 white-text'>Failed: 1</span>
							
						</div>
					
						<div class='category-tests'>
							<table class='bordered table-results'>
								<thead>
									<tr>
										<th>Timestamp</th>
										<th>TestName</th>
										<th>Status</th>
									</tr>
								</thead>
								<tbody>
									<tr>
										<td>Dec 21, 2018 05:24:02 PM</td>
										<td class='linked' test-id='93'>User is on Operation Performed Page Manual Assessement.Validate Negative Scenario for all fields.Validate Negative Scenario for all fields</td>
										<td><span class='test-status fail'>fail</span></td>
									</tr>
								</tbody>
							</table>
						</div>
					</div>
				</li>

			</ul>
		</div>
	</div>

	<div class='subview-right left'>
		<div class='view-summary'>
			<h5 class='category-name'></h5>
		</div>
	</div>
</div>
<!-- category view -->
<div id='exception-view' class='view hide'>

    <section id='controls'>
        <div class='controls grey lighten-4'>
            <!-- search -->
            <div class='chip transparent' alt='Search Tests' title='Search Tests'>
                <a href="#" class='search-div'>
                    <i class='material-icons'>search</i> Search
                </a>

                <div class='input-field left hide'>
                    <input id='search-tests' type='text' class='validate browser-default' placeholder='Search Tests...'>
                </div>

            </div>
            <!-- search -->
        </div>
    </section>

    <div class='subview-left left'>

        <div class='view-summary'>
            <h5>Exceptions</h3>
                <ul id='exception-collection' class='exception-collection'>

                        <li class='exception displayed active'>
                            <div class='exception-heading'>
                                <span class='exception-name'>org.openqa.selenium.WebDriverException</span>
                                <span class='exception-count right'><span class='label red lighten-1 white-text'>1</span></span>
                            </div>
                            <div class='exception-content hide'>
                                <div class='exception-tests'>
                                    <table class='bordered table-results'>
                                        <thead>
                                        <tr>
                                            <th>Timestamp</th>
                                            <th>TestName</th>
                                            <th>Status</th>
                                        </tr>
                                        </thead>
                                        <tbody>
                                                    <tr>
                                                        <td>Dec 21, 2018 05:21:50 PM</td>
                                                        <td class='linked' test-id='7'>User is on Operation Performed Page Manual Assessement.Validate the NITVA field,Period field -internal portal.Validate the NITVA field,Period field -internal portal.And User click on drop down "txt_PeriodJan" for Manual Assessment</td>
                                                        <td><pre><textarea>org.openqa.selenium.WebDriverException: unknown error: Element <div class="ng-select-container ng-has-value">...</div> is not clickable at point (1322, 219). Other element would receive the click: <div _ngcontent-c0="" class="loader d-flex align-items-center justify-content-center ng-star-inserted">...</div>
  (Session info: chrome=71.0.3578.98)
  (Driver info: chromedriver=2.43.600210 (68dcf5eebde37173d4027fa8635e332711d2874a),platform=Windows NT 10.0.17134 x86_64) (WARNING: The server did not provide any stacktrace information)
Command duration or timeout: 0 milliseconds
Build info: version: '3.11.0', revision: 'e59cfb3', time: '2018-03-11T20:26:55.152Z'
System info: host: '1R-23', ip: '172.16.3.23', os.name: 'Windows 10', os.arch: 'amd64', os.version: '10.0', java.version: '1.8.0_171'
Driver info: org.openqa.selenium.chrome.ChromeDriver
Capabilities {acceptInsecureCerts: false, acceptSslCerts: false, applicationCacheEnabled: false, browserConnectionEnabled: false, browserName: chrome, chrome: {chromedriverVersion: 2.43.600210 (68dcf5eebde371..., userDataDir: C:\Users\FRANKE~1.MEH\AppDa...}, cssSelectorsEnabled: true, databaseEnabled: false, goog:chromeOptions: {debuggerAddress: localhost:50410}, handlesAlerts: true, hasTouchScreen: false, javascriptEnabled: true, locationContextEnabled: true, mobileEmulationEnabled: false, nativeEvents: true, networkConnectionEnabled: false, pageLoadStrategy: normal, platform: XP, platformName: XP, rotatable: false, setWindowRect: true, takesHeapSnapshot: true, takesScreenshot: true, unexpectedAlertBehaviour: , unhandledPromptBehavior: , version: 71.0.3578.98, webStorageEnabled: true}
Session ID: 6341c403375c0d9ae5a70611ce4fbdec
	at sun.reflect.NativeConstructorAccessorImpl.newInstance0(Native Method)
	at sun.reflect.NativeConstructorAccessorImpl.newInstance(Unknown Source)
	at sun.reflect.DelegatingConstructorAccessorImpl.newInstance(Unknown Source)
	at java.lang.reflect.Constructor.newInstance(Unknown Source)
	at org.openqa.selenium.remote.ErrorHandler.createThrowable(ErrorHandler.java:214)
	at org.openqa.selenium.remote.ErrorHandler.throwIfResponseFailed(ErrorHandler.java:166)
	at org.openqa.selenium.remote.http.JsonHttpResponseCodec.reconstructValue(JsonHttpResponseCodec.java:40)
	at org.openqa.selenium.remote.http.AbstractHttpResponseCodec.decode(AbstractHttpResponseCodec.java:80)
	at org.openqa.selenium.remote.http.AbstractHttpResponseCodec.decode(AbstractHttpResponseCodec.java:44)
	at org.openqa.selenium.remote.HttpCommandExecutor.execute(HttpCommandExecutor.java:158)
	at org.openqa.selenium.remote.service.DriverCommandExecutor.execute(DriverCommandExecutor.java:83)
	at org.openqa.selenium.remote.RemoteWebDriver.execute(RemoteWebDriver.java:545)
	at org.openqa.selenium.remote.RemoteWebElement.execute(RemoteWebElement.java:279)
	at org.openqa.selenium.remote.RemoteWebElement.click(RemoteWebElement.java:83)
	at org.drc.vat.appmanager.HelperBase.clickOn(HelperBase.java:98)
	at org.drc.vat.StepDefinitions.DV_2880_Tax_Deductable_Ass_and_Reass_Adjustement.user_click_on_drop_down_for_Manual_Assessment(DV_2880_Tax_Deductable_Ass_and_Reass_Adjustement.java:43)
	at ?.And User click on drop down "txt_PeriodJan" for Manual Assessment(features/17_03_DV_2881_OP_TD_Ad_with_Ass_and_Reass.feature:8)
</textarea></pre></td>
                                                    </tr>
                                        </tbody>
                                    </table>
                                </div>
                            </div>
                        </li>
                        <li class='exception displayed active'>
                            <div class='exception-heading'>
                                <span class='exception-name'>org.openqa.selenium.NoSuchElementException</span>
                                <span class='exception-count right'><span class='label red lighten-1 white-text'>4</span></span>
                            </div>
                            <div class='exception-content hide'>
                                <div class='exception-tests'>
                                    <table class='bordered table-results'>
                                        <thead>
                                        <tr>
                                            <th>Timestamp</th>
                                            <th>TestName</th>
                                            <th>Status</th>
                                        </tr>
                                        </thead>
                                        <tbody>
                                                    <tr>
                                                        <td>Dec 21, 2018 05:23:07 PM</td>
                                                        <td class='linked' test-id='55'>User is on Operation Performed Page Manual Assessement.Validate total row under Other e-declaration table , total amount for taxable turnover,next and prev,previous,transaction received button and e-filing schedule button.Validate total row under Other e-declaration table , total amount for taxable turnover,next and prev,previous,transaction received button and e-filing schedule button.And User verify the total amount for VAT collected</td>
                                                        <td><pre><pre>org.openqa.selenium.NoSuchElementException: no such element: Unable to locate element: {"method":"xpath","selector":"(//div[contains(text(),'Delivery of goods')])[1]//following::td//following::td//following::td//div"}
  (Session info: chrome=71.0.3578.98)
  (Driver info: chromedriver=2.43.600210 (68dcf5eebde37173d4027fa8635e332711d2874a),platform=Windows NT 10.0.17134 x86_64) (WARNING: The server did not provide any stacktrace information)
Command duration or timeout: 0 milliseconds
For documentation on this error, please visit: http://seleniumhq.org/exceptions/no_such_element.html
Build info: version: '3.11.0', revision: 'e59cfb3', time: '2018-03-11T20:26:55.152Z'
System info: host: '1R-23', ip: '172.16.3.23', os.name: 'Windows 10', os.arch: 'amd64', os.version: '10.0', java.version: '1.8.0_171'
Driver info: org.openqa.selenium.chrome.ChromeDriver
Capabilities {acceptInsecureCerts: false, acceptSslCerts: false, applicationCacheEnabled: false, browserConnectionEnabled: false, browserName: chrome, chrome: {chromedriverVersion: 2.43.600210 (68dcf5eebde371..., userDataDir: C:\Users\FRANKE~1.MEH\AppDa...}, cssSelectorsEnabled: true, databaseEnabled: false, goog:chromeOptions: {debuggerAddress: localhost:50410}, handlesAlerts: true, hasTouchScreen: false, javascriptEnabled: true, locationContextEnabled: true, mobileEmulationEnabled: false, nativeEvents: true, networkConnectionEnabled: false, pageLoadStrategy: normal, platform: XP, platformName: XP, rotatable: false, setWindowRect: true, takesHeapSnapshot: true, takesScreenshot: true, unexpectedAlertBehaviour: , unhandledPromptBehavior: , version: 71.0.3578.98, webStorageEnabled: true}
Session ID: 6341c403375c0d9ae5a70611ce4fbdec
*** Element info: {Using=xpath, value=(//div[contains(text(),'Delivery of goods')])[1]//following::td//following::td//following::td//div}
	at sun.reflect.NativeConstructorAccessorImpl.newInstance0(Native Method)
	at sun.reflect.NativeConstructorAccessorImpl.newInstance(Unknown Source)
	at sun.reflect.DelegatingConstructorAccessorImpl.newInstance(Unknown Source)
	at java.lang.reflect.Constructor.newInstance(Unknown Source)
	at org.openqa.selenium.remote.ErrorHandler.createThrowable(ErrorHandler.java:214)
	at org.openqa.selenium.remote.ErrorHandler.throwIfResponseFailed(ErrorHandler.java:166)
	at org.openqa.selenium.remote.http.JsonHttpResponseCodec.reconstructValue(JsonHttpResponseCodec.java:40)
	at org.openqa.selenium.remote.http.AbstractHttpResponseCodec.decode(AbstractHttpResponseCodec.java:80)
	at org.openqa.selenium.remote.http.AbstractHttpResponseCodec.decode(AbstractHttpResponseCodec.java:44)
	at org.openqa.selenium.remote.HttpCommandExecutor.execute(HttpCommandExecutor.java:158)
	at org.openqa.selenium.remote.service.DriverCommandExecutor.execute(DriverCommandExecutor.java:83)
	at org.openqa.selenium.remote.RemoteWebDriver.execute(RemoteWebDriver.java:545)
	at org.openqa.selenium.remote.RemoteWebDriver.findElement(RemoteWebDriver.java:319)
	at org.openqa.selenium.remote.RemoteWebDriver.findElementByXPath(RemoteWebDriver.java:421)
	at org.openqa.selenium.By$ByXPath.findElement(By.java:361)
	at org.openqa.selenium.remote.RemoteWebDriver.findElement(RemoteWebDriver.java:311)
	at org.drc.vat.appmanager.HelperBase.elementText(HelperBase.java:240)
	at org.drc.vat.StepDefinitions.DV_2881_OP_TD_Ad_with_Ass_and_Reass.user_verify_the_total_amount_for_VAT_collected(DV_2881_OP_TD_Ad_with_Ass_and_Reass.java:372)
	at ?.And User verify the total amount for VAT collected(features/17_03_DV_2881_OP_TD_Ad_with_Ass_and_Reass.feature:97)
</pre></pre></td>
                                                    </tr>
                                                    <tr>
                                                        <td>Dec 21, 2018 05:23:44 PM</td>
                                                        <td class='linked' test-id='81'>User is on Operation Performed Page Manual Assessement.Validate Negative Scenario for all fields.Validate Negative Scenario for all fields.And User entered value "@!@$" "@!@$" "@!@$" "@!@$" "@!@$" "@!@$" "@!@$" "@!@$" "@!@$" for Operation Performed negative scenario</td>
                                                        <td><pre><pre>org.openqa.selenium.NoSuchElementException: no such element: Unable to locate element: {"method":"xpath","selector":"//div[contains(text(),'1. Delivery of goods')]//following::td//following::td//div//input"}
  (Session info: chrome=71.0.3578.98)
  (Driver info: chromedriver=2.43.600210 (68dcf5eebde37173d4027fa8635e332711d2874a),platform=Windows NT 10.0.17134 x86_64) (WARNING: The server did not provide any stacktrace information)
Command duration or timeout: 0 milliseconds
For documentation on this error, please visit: http://seleniumhq.org/exceptions/no_such_element.html
Build info: version: '3.11.0', revision: 'e59cfb3', time: '2018-03-11T20:26:55.152Z'
System info: host: '1R-23', ip: '172.16.3.23', os.name: 'Windows 10', os.arch: 'amd64', os.version: '10.0', java.version: '1.8.0_171'
Driver info: org.openqa.selenium.chrome.ChromeDriver
Capabilities {acceptInsecureCerts: false, acceptSslCerts: false, applicationCacheEnabled: false, browserConnectionEnabled: false, browserName: chrome, chrome: {chromedriverVersion: 2.43.600210 (68dcf5eebde371..., userDataDir: C:\Users\FRANKE~1.MEH\AppDa...}, cssSelectorsEnabled: true, databaseEnabled: false, goog:chromeOptions: {debuggerAddress: localhost:50410}, handlesAlerts: true, hasTouchScreen: false, javascriptEnabled: true, locationContextEnabled: true, mobileEmulationEnabled: false, nativeEvents: true, networkConnectionEnabled: false, pageLoadStrategy: normal, platform: XP, platformName: XP, rotatable: false, setWindowRect: true, takesHeapSnapshot: true, takesScreenshot: true, unexpectedAlertBehaviour: , unhandledPromptBehavior: , version: 71.0.3578.98, webStorageEnabled: true}
Session ID: 6341c403375c0d9ae5a70611ce4fbdec
*** Element info: {Using=xpath, value=//div[contains(text(),'1. Delivery of goods')]//following::td//following::td//div//input}
	at sun.reflect.NativeConstructorAccessorImpl.newInstance0(Native Method)
	at sun.reflect.NativeConstructorAccessorImpl.newInstance(Unknown Source)
	at sun.reflect.DelegatingConstructorAccessorImpl.newInstance(Unknown Source)
	at java.lang.reflect.Constructor.newInstance(Unknown Source)
	at org.openqa.selenium.remote.ErrorHandler.createThrowable(ErrorHandler.java:214)
	at org.openqa.selenium.remote.ErrorHandler.throwIfResponseFailed(ErrorHandler.java:166)
	at org.openqa.selenium.remote.http.JsonHttpResponseCodec.reconstructValue(JsonHttpResponseCodec.java:40)
	at org.openqa.selenium.remote.http.AbstractHttpResponseCodec.decode(AbstractHttpResponseCodec.java:80)
	at org.openqa.selenium.remote.http.AbstractHttpResponseCodec.decode(AbstractHttpResponseCodec.java:44)
	at org.openqa.selenium.remote.HttpCommandExecutor.execute(HttpCommandExecutor.java:158)
	at org.openqa.selenium.remote.service.DriverCommandExecutor.execute(DriverCommandExecutor.java:83)
	at org.openqa.selenium.remote.RemoteWebDriver.execute(RemoteWebDriver.java:545)
	at org.openqa.selenium.remote.RemoteWebDriver.findElement(RemoteWebDriver.java:319)
	at org.openqa.selenium.remote.RemoteWebDriver.findElementByXPath(RemoteWebDriver.java:421)
	at org.openqa.selenium.By$ByXPath.findElement(By.java:361)
	at org.openqa.selenium.remote.RemoteWebDriver.findElement(RemoteWebDriver.java:311)
	at org.drc.vat.appmanager.HelperBase.type_without_clear(HelperBase.java:213)
	at org.drc.vat.StepDefinitions.DV_2881_OP_TD_Ad_with_Ass_and_Reass.user_entered_value_for_Operation_Performed_negative_scenario(DV_2881_OP_TD_Ad_with_Ass_and_Reass.java:509)
	at ?.And User entered value "@!@$" "@!@$" "@!@$" "@!@$" "@!@$" "@!@$" "@!@$" "@!@$" "@!@$" for Operation Performed negative scenario(features/17_03_DV_2881_OP_TD_Ad_with_Ass_and_Reass.feature:134)
</pre></pre></td>
                                                    </tr>
                                                    <tr>
                                                        <td>Dec 21, 2018 05:24:00 PM</td>
                                                        <td class='linked' test-id='91'>User is on Operation Performed Page Manual Assessement.Validate Negative Scenario for all fields.Validate Negative Scenario for all fields.And User entered value "A12" "B123" "C465" "D234" "E234" "F123" "G123" "H123" "I123" for Operation Performed negative scenario</td>
                                                        <td><pre><pre>org.openqa.selenium.NoSuchElementException: no such element: Unable to locate element: {"method":"xpath","selector":"//div[contains(text(),'1. Delivery of goods')]//following::td//following::td//div//input"}
  (Session info: chrome=71.0.3578.98)
  (Driver info: chromedriver=2.43.600210 (68dcf5eebde37173d4027fa8635e332711d2874a),platform=Windows NT 10.0.17134 x86_64) (WARNING: The server did not provide any stacktrace information)
Command duration or timeout: 0 milliseconds
For documentation on this error, please visit: http://seleniumhq.org/exceptions/no_such_element.html
Build info: version: '3.11.0', revision: 'e59cfb3', time: '2018-03-11T20:26:55.152Z'
System info: host: '1R-23', ip: '172.16.3.23', os.name: 'Windows 10', os.arch: 'amd64', os.version: '10.0', java.version: '1.8.0_171'
Driver info: org.openqa.selenium.chrome.ChromeDriver
Capabilities {acceptInsecureCerts: false, acceptSslCerts: false, applicationCacheEnabled: false, browserConnectionEnabled: false, browserName: chrome, chrome: {chromedriverVersion: 2.43.600210 (68dcf5eebde371..., userDataDir: C:\Users\FRANKE~1.MEH\AppDa...}, cssSelectorsEnabled: true, databaseEnabled: false, goog:chromeOptions: {debuggerAddress: localhost:50410}, handlesAlerts: true, hasTouchScreen: false, javascriptEnabled: true, locationContextEnabled: true, mobileEmulationEnabled: false, nativeEvents: true, networkConnectionEnabled: false, pageLoadStrategy: normal, platform: XP, platformName: XP, rotatable: false, setWindowRect: true, takesHeapSnapshot: true, takesScreenshot: true, unexpectedAlertBehaviour: , unhandledPromptBehavior: , version: 71.0.3578.98, webStorageEnabled: true}
Session ID: 6341c403375c0d9ae5a70611ce4fbdec
*** Element info: {Using=xpath, value=//div[contains(text(),'1. Delivery of goods')]//following::td//following::td//div//input}
	at sun.reflect.NativeConstructorAccessorImpl.newInstance0(Native Method)
	at sun.reflect.NativeConstructorAccessorImpl.newInstance(Unknown Source)
	at sun.reflect.DelegatingConstructorAccessorImpl.newInstance(Unknown Source)
	at java.lang.reflect.Constructor.newInstance(Unknown Source)
	at org.openqa.selenium.remote.ErrorHandler.createThrowable(ErrorHandler.java:214)
	at org.openqa.selenium.remote.ErrorHandler.throwIfResponseFailed(ErrorHandler.java:166)
	at org.openqa.selenium.remote.http.JsonHttpResponseCodec.reconstructValue(JsonHttpResponseCodec.java:40)
	at org.openqa.selenium.remote.http.AbstractHttpResponseCodec.decode(AbstractHttpResponseCodec.java:80)
	at org.openqa.selenium.remote.http.AbstractHttpResponseCodec.decode(AbstractHttpResponseCodec.java:44)
	at org.openqa.selenium.remote.HttpCommandExecutor.execute(HttpCommandExecutor.java:158)
	at org.openqa.selenium.remote.service.DriverCommandExecutor.execute(DriverCommandExecutor.java:83)
	at org.openqa.selenium.remote.RemoteWebDriver.execute(RemoteWebDriver.java:545)
	at org.openqa.selenium.remote.RemoteWebDriver.findElement(RemoteWebDriver.java:319)
	at org.openqa.selenium.remote.RemoteWebDriver.findElementByXPath(RemoteWebDriver.java:421)
	at org.openqa.selenium.By$ByXPath.findElement(By.java:361)
	at org.openqa.selenium.remote.RemoteWebDriver.findElement(RemoteWebDriver.java:311)
	at org.drc.vat.appmanager.HelperBase.type_without_clear(HelperBase.java:213)
	at org.drc.vat.StepDefinitions.DV_2881_OP_TD_Ad_with_Ass_and_Reass.user_entered_value_for_Operation_Performed_negative_scenario(DV_2881_OP_TD_Ad_with_Ass_and_Reass.java:509)
	at ?.And User entered value "A12" "B123" "C465" "D234" "E234" "F123" "G123" "H123" "I123" for Operation Performed negative scenario(features/17_03_DV_2881_OP_TD_Ad_with_Ass_and_Reass.feature:134)
</pre></pre></td>
                                                    </tr>
                                                    <tr>
                                                        <td>Dec 21, 2018 05:24:17 PM</td>
                                                        <td class='linked' test-id='102'>User is on Operation Performed Page Manual Assessement.Validate Negative Scenario for all fields.Validate Negative Scenario for all fields.And User entered value "1234567891011123" "1234567891011123" "1234567891011123" "1234567891011123" "1234567891011123" "1234567891011123" "1234567891011123" "1234567891011123" "1234567891011123" for Operation Performed negative scenario field length</td>
                                                        <td><pre><pre>org.openqa.selenium.NoSuchElementException: no such element: Unable to locate element: {"method":"xpath","selector":"//div[contains(text(),'1. Delivery of goods')]//following::td//following::td//div//input"}
  (Session info: chrome=71.0.3578.98)
  (Driver info: chromedriver=2.43.600210 (68dcf5eebde37173d4027fa8635e332711d2874a),platform=Windows NT 10.0.17134 x86_64) (WARNING: The server did not provide any stacktrace information)
Command duration or timeout: 0 milliseconds
For documentation on this error, please visit: http://seleniumhq.org/exceptions/no_such_element.html
Build info: version: '3.11.0', revision: 'e59cfb3', time: '2018-03-11T20:26:55.152Z'
System info: host: '1R-23', ip: '172.16.3.23', os.name: 'Windows 10', os.arch: 'amd64', os.version: '10.0', java.version: '1.8.0_171'
Driver info: org.openqa.selenium.chrome.ChromeDriver
Capabilities {acceptInsecureCerts: false, acceptSslCerts: false, applicationCacheEnabled: false, browserConnectionEnabled: false, browserName: chrome, chrome: {chromedriverVersion: 2.43.600210 (68dcf5eebde371..., userDataDir: C:\Users\FRANKE~1.MEH\AppDa...}, cssSelectorsEnabled: true, databaseEnabled: false, goog:chromeOptions: {debuggerAddress: localhost:50410}, handlesAlerts: true, hasTouchScreen: false, javascriptEnabled: true, locationContextEnabled: true, mobileEmulationEnabled: false, nativeEvents: true, networkConnectionEnabled: false, pageLoadStrategy: normal, platform: XP, platformName: XP, rotatable: false, setWindowRect: true, takesHeapSnapshot: true, takesScreenshot: true, unexpectedAlertBehaviour: , unhandledPromptBehavior: , version: 71.0.3578.98, webStorageEnabled: true}
Session ID: 6341c403375c0d9ae5a70611ce4fbdec
*** Element info: {Using=xpath, value=//div[contains(text(),'1. Delivery of goods')]//following::td//following::td//div//input}
	at sun.reflect.NativeConstructorAccessorImpl.newInstance0(Native Method)
	at sun.reflect.NativeConstructorAccessorImpl.newInstance(Unknown Source)
	at sun.reflect.DelegatingConstructorAccessorImpl.newInstance(Unknown Source)
	at java.lang.reflect.Constructor.newInstance(Unknown Source)
	at org.openqa.selenium.remote.ErrorHandler.createThrowable(ErrorHandler.java:214)
	at org.openqa.selenium.remote.ErrorHandler.throwIfResponseFailed(ErrorHandler.java:166)
	at org.openqa.selenium.remote.http.JsonHttpResponseCodec.reconstructValue(JsonHttpResponseCodec.java:40)
	at org.openqa.selenium.remote.http.AbstractHttpResponseCodec.decode(AbstractHttpResponseCodec.java:80)
	at org.openqa.selenium.remote.http.AbstractHttpResponseCodec.decode(AbstractHttpResponseCodec.java:44)
	at org.openqa.selenium.remote.HttpCommandExecutor.execute(HttpCommandExecutor.java:158)
	at org.openqa.selenium.remote.service.DriverCommandExecutor.execute(DriverCommandExecutor.java:83)
	at org.openqa.selenium.remote.RemoteWebDriver.execute(RemoteWebDriver.java:545)
	at org.openqa.selenium.remote.RemoteWebDriver.findElement(RemoteWebDriver.java:319)
	at org.openqa.selenium.remote.RemoteWebDriver.findElementByXPath(RemoteWebDriver.java:421)
	at org.openqa.selenium.By$ByXPath.findElement(By.java:361)
	at org.openqa.selenium.remote.RemoteWebDriver.findElement(RemoteWebDriver.java:311)
	at org.drc.vat.appmanager.HelperBase.type(HelperBase.java:116)
	at org.drc.vat.StepDefinitions.DV_2881_OP_TD_Ad_with_Ass_and_Reass.user_entered_value_for_Operation_Performed_negative_scenario_field_length(DV_2881_OP_TD_Ad_with_Ass_and_Reass.java:570)
	at ?.And User entered value "1234567891011123" "1234567891011123" "1234567891011123" "1234567891011123" "1234567891011123" "1234567891011123" "1234567891011123" "1234567891011123" "1234567891011123" for Operation Performed negative scenario field length(features/17_03_DV_2881_OP_TD_Ad_with_Ass_and_Reass.feature:151)
</pre></pre></td>
                                                    </tr>
                                        </tbody>
                                    </table>
                                </div>
                            </div>
                        </li>
                </ul>
        </div>
    </div>

    <div class='subview-right left'>
        <div class='view-summary'>
            <h5 class='exception-name'></h5>
        </div>
    </div>
</div>
<!-- exception view -->
<div id='dashboard-view' class='view hide'>
	<div class='card-panel transparent np-v'>
		<h5>Dashboard</h5>

		<div class='row'>
			<div class='col s2'>
				<div class='card-panel r'>
					Features
					<div class='panel-lead'>1</div>
				</div>
			</div>
			<div class='col s2'>
				<div class='card-panel r'>
					Scenarios
					<div class='panel-lead'>8</div>
				</div>
			</div>
			<div class='col s2'>
				<div class='card-panel r'>
					Steps
					<div class='panel-lead'>86</div>
				</div>
			</div>
			<div class='col s2'>
				<div class='card-panel r'>
					Start
					<div class='panel-lead'>Dec 21, 2018 05:21:00 PM</div>
				</div>
			</div>
			<div class='col s2'>
				<div class='card-panel r'>
			 		End
			 		<div class='panel-lead'>Dec 21, 2018 05:24:18 PM</div>
				</div>
			</div>
			<div class='col s2'>
				<div class='card-panel r'>
					Time Taken
					<div class='panel-lead'>0h 3m 18s+220ms</div>
				</div>
			</div>
			<div class='col s6'>
				<div class='card-panel dashboard-categories'>
					<span class='right label cyan white-text'>Categories</span><p>&nbsp;</p>
					
					<table>
						<tr>
							<th>Name</th>
							<th>Passed</th>
							<th>Failed</th>
							<th>Others</th>
							<th>Passed %</th>
						</tr>
						<tr>
							<td>@TC_02_03_Manual_2881</td>
							<td>0</td>
							<td>1</td>
							<td>0</td>
							<td>
									0%
							</td>
						</tr>
						<tr>
							<td>@TC_06_Manual_2881</td>
							<td>1</td>
							<td>0</td>
							<td>0</td>
							<td>
									100%
							</td>
						</tr>
						<tr>
							<td>@TC_10_11_Manual_2881</td>
							<td>1</td>
							<td>0</td>
							<td>0</td>
							<td>
									100%
							</td>
						</tr>
						<tr>
							<td>@TC_13_14_15_16_17_19_Manual_2881</td>
							<td>0</td>
							<td>1</td>
							<td>0</td>
							<td>
									0%
							</td>
						</tr>
						<tr>
							<td>@TC_18_Manual_2881</td>
							<td>1</td>
							<td>0</td>
							<td>0</td>
							<td>
									100%
							</td>
						</tr>
						<tr>
							<td>@TC_Negative_Scenario_Manual_2881</td>
							<td>0</td>
							<td>2</td>
							<td>0</td>
							<td>
									0%
							</td>
						</tr>
						<tr>
							<td>@TC_Negative_Scenario_field_length_Manual_2881</td>
							<td>0</td>
							<td>1</td>
							<td>0</td>
							<td>
									0%
							</td>
						</tr>
					</table>
				</div>
			</div>
		</div>
	</div>
</div>
<!-- dashboard view -->
<!-- testrunner-logs view -->
		</div>
		<!-- container -->

		<script>
			var statusGroup = {
				passParent: 0,
				failParent: 1,
				fatalParent: 0,
				errorParent: 0,
				warningParent: 0,
				skipParent: 0,
				exceptionsParent: 1,
				
				passChild: 3,
				failChild: 5,
				fatalChild: 0,
				errorChild: 0,
				warningChild: 0,
				skipChild: 0,
				infoChild: 0,
				exceptionsChild: 5,
				
				passGrandChild: 69,
				failGrandChild: 5,
				fatalGrandChild: 0,
				errorGrandChild: 0,
				warningGrandChild: 0,
				skipGrandChild: 12,
				infoGrandChild: 0,
				exceptionsGrandChild: 17,
			};
		</script>
		
			<script src='https://cdn.rawgit.com/anshooarora/extentreports-java/fca20fb7653aade98810546ab96a2a4360e3e712/dist/js/extent.js' type='text/javascript'></script>
		
		
 		<script type='text/javascript'>
 		</script>
	</body>
	
</html>
